<?xml version="1.0" encoding="UTF-8"?><TestSessionContainer xmlns="http://www.codecover.org/xml/testsession-container" Date="1430956295974" TestSessionContainerId="a5896534-9cf1-4ba3-b4e4-7cb5f60a8a6a" version="1.0">
<SrcFileList>
<SrcFile Content="package game;&#13;&#10;&#13;&#10;import java.awt.Color;&#13;&#10;import java.awt.event.ActionEvent;&#13;&#10;import javax.swing.border.LineBorder;&#13;&#10;&#13;&#10;public class Soldier extends AbstractPiece {&#13;&#10;&#9;&#13;&#10;&#9;public Soldier(int rank, String name) {&#13;&#10;&#9;&#9;setBackground(Color.GREEN);&#13;&#10;&#9;&#9;this.rank = rank;&#13;&#10;&#9;&#9;this.name = name;&#13;&#10;&#9;&#9;this.visible = true;&#13;&#10;&#9;&#9;addActionListener(this);&#13;&#10;&#9;}&#13;&#10;&#13;&#10;&#9;public Soldier(int rank) {&#13;&#10;&#9;&#9;setBackground(Color.GREEN);&#13;&#10;&#9;&#9;this.rank = rank;&#13;&#10;&#9;&#9;addActionListener(this);&#13;&#10;&#9;}&#13;&#10;&#13;&#10;&#9;@Override&#13;&#10;&#9;public void setSelected(boolean selected) {&#13;&#10;&#9;&#9;if (selected) {&#13;&#10;&#9;&#9;&#9;this.setBorder(new LineBorder(Color.YELLOW, 5));&#13;&#10;&#9;&#9;} else {&#13;&#10;&#9;&#9;&#9;this.setBorder(new LineBorder(Color.GRAY, 1));&#13;&#10;&#9;&#9;}&#13;&#10;&#9;&#9;this.selected = selected;&#13;&#10;&#9;}&#13;&#10;&#13;&#10;&#9;@Override&#13;&#10;&#9;public void hide() {&#13;&#10;&#9;&#9;this.visible = false;&#9;&#13;&#10;&#9;}&#13;&#10;&#13;&#10;&#9;@Override&#13;&#10;&#9;public void show() {&#13;&#10;&#9;&#9;this.visible = true;&#13;&#10;&#9;&#9;this.setText(&quot;&quot; + name + &quot; &quot; + &quot;(&quot; + rank + &quot;)&quot;);&#13;&#10;&#9;}&#13;&#10;&#13;&#10;&#9;@Override&#13;&#10;&#9;public void actionPerformed(ActionEvent e) {&#13;&#10;&#9;&#9;if (selected) {&#13;&#10;&#9;&#9;&#9;observer.selectedButtonPressed(location);&#13;&#10;&#9;&#9;} else {&#13;&#10;&#9;&#9;&#9;observer.nonSelectedButtonPressed(location);&#13;&#10;&#9;&#9;}&#13;&#10;&#9;}&#13;&#10;&#9;&#13;&#10;}&#13;&#10;" Filename="Soldier.java" Intrnl_Id="1"/>
<SrcFile Content="package game;&#13;&#10;&#13;&#10;import game.GameBoard.User;&#13;&#10;&#13;&#10;import java.awt.Color;&#13;&#10;import java.awt.Dimension;&#13;&#10;import java.awt.GridBagConstraints;&#13;&#10;import java.awt.GridBagLayout;&#13;&#10;import java.awt.Point;&#13;&#10;&#13;&#10;import javax.swing.ComboBoxModel;&#13;&#10;import javax.swing.DefaultComboBoxModel;&#13;&#10;import javax.swing.JComboBox;&#13;&#10;import javax.swing.JLabel;&#13;&#10;import javax.swing.JOptionPane;&#13;&#10;import javax.swing.JPanel;&#13;&#10;import javax.swing.border.LineBorder;&#13;&#10;&#13;&#10;public class SetupBoard extends JPanel implements IPieceObserver {&#13;&#10;&#13;&#10;&#9;private static final Dimension PIECE_SIZE = new Dimension(90, 90);&#13;&#10;&#9;protected AbstractPiece[][] pieces;&#13;&#10;&#9;private GridBagLayout layout;&#13;&#10;&#9;private User owner;&#13;&#10;&#9;private IBoardObserver observer;&#13;&#10;&#9;private DefaultComboBoxModel&lt;AbstractPiece&gt; model;&#13;&#10;&#13;&#10;&#9;public SetupBoard(User owner) {&#13;&#10;&#9;&#9;super();&#13;&#10;&#9;&#9;this.owner = owner;&#13;&#10;&#9;&#9;pieces = new AbstractPiece[10][4];&#13;&#10;&#9;&#9;layout = new GridBagLayout();&#13;&#10;&#9;&#9;this.setLayout(layout);&#13;&#10;&#9;&#9;model = new DefaultComboBoxModel&lt;AbstractPiece&gt;();&#13;&#10;&#9;&#9;instantiateModel(model);&#13;&#10;&#9;&#9;instantiateBoard();&#13;&#10;&#9;}&#13;&#10;&#13;&#10;&#9;protected void instantiateModel(DefaultComboBoxModel&lt;AbstractPiece&gt; model) {&#13;&#10;&#9;&#9;model.addElement(PieceFactory.createFlag());&#13;&#10;&#9;&#9;for (int i = 0; i &lt; 6; i++) {&#13;&#10;&#9;&#9;&#9;model.addElement(PieceFactory.createBomb());&#13;&#10;&#9;&#9;}&#13;&#10;&#9;&#9;model.addElement(PieceFactory.createSpy());&#13;&#10;&#9;&#9;for (int i = 0; i &lt; 8; i++) {&#13;&#10;&#9;&#9;&#9;model.addElement(PieceFactory.createScout());&#13;&#10;&#9;&#9;}&#13;&#10;&#9;&#9;for (int i = 0; i &lt; 5; i++) {&#13;&#10;&#9;&#9;&#9;model.addElement(PieceFactory.createMiner());&#13;&#10;&#9;&#9;}&#13;&#10;&#9;&#9;for (int i = 0; i &lt; 4; i++) {&#13;&#10;&#9;&#9;&#9;model.addElement(PieceFactory.createSergeant());&#13;&#10;&#9;&#9;}&#13;&#10;&#9;&#9;for (int i = 0; i &lt; 4; i++) {&#13;&#10;&#9;&#9;&#9;model.addElement(PieceFactory.createLieutenant());&#13;&#10;&#9;&#9;}&#13;&#10;&#9;&#9;for (int i = 0; i &lt; 4; i++) {&#13;&#10;&#9;&#9;&#9;model.addElement(PieceFactory.createCaptain());&#13;&#10;&#9;&#9;}&#13;&#10;&#9;&#9;for (int i = 0; i &lt; 3; i++) {&#13;&#10;&#9;&#9;&#9;model.addElement(PieceFactory.createMajor());&#13;&#10;&#9;&#9;}&#13;&#10;&#9;&#9;for (int i = 0; i &lt; 2; i++) {&#13;&#10;&#9;&#9;&#9;model.addElement(PieceFactory.createColonel());&#13;&#10;&#9;&#9;}&#13;&#10;&#9;&#9;model.addElement(PieceFactory.createGeneral());&#13;&#10;&#9;&#9;model.addElement(PieceFactory.createMarshall());&#13;&#10;&#9;}&#13;&#10;&#13;&#10;&#9;protected void instantiateBoard() {&#13;&#10;&#9;&#9;for (int i = 0; i &lt; 4; i++) {&#13;&#10;&#9;&#9;&#9;for (int j = 0; j &lt; 10; j++) {&#13;&#10;&#9;&#9;&#9;&#9;AbstractPiece button = (AbstractPiece) PieceFactory&#13;&#10;&#9;&#9;&#9;&#9;&#9;&#9;.createClearPiece();&#13;&#10;&#9;&#9;&#9;&#9;button.setSelected(true);&#13;&#10;&#9;&#9;&#9;&#9;button.setBorder(new LineBorder(Color.GRAY, 1));&#13;&#10;&#9;&#9;&#9;&#9;addPiece(j, i, button);&#13;&#10;&#9;&#9;&#9;}&#13;&#10;&#9;&#9;}&#13;&#10;&#9;}&#13;&#10;&#13;&#10;&#9;public void addPiece(int x, int y, AbstractPiece piece) {&#13;&#10;&#9;&#9;GridBagConstraints c = new GridBagConstraints();&#13;&#10;&#9;&#9;c.fill = GridBagConstraints.BOTH;&#13;&#10;&#9;&#9;piece.setPreferredSize(PIECE_SIZE);&#13;&#10;&#9;&#9;piece.setLocation(new Point(x, y));&#13;&#10;&#9;&#9;piece.setObserver(this);&#13;&#10;&#9;&#9;if (pieces[x][y] != null) {&#13;&#10;&#9;&#9;&#9;this.remove(pieces[x][y]);&#13;&#10;&#9;&#9;}&#13;&#10;&#9;&#9;pieces[x][y] = piece;&#13;&#10;&#9;&#9;c.gridx = x;&#13;&#10;&#9;&#9;c.gridy = y;&#13;&#10;&#9;&#9;this.add(piece, c);&#13;&#10;&#9;&#9;System.out.println(&quot;Added piece: &quot; + piece);&#13;&#10;&#9;&#9;piece.validate();&#13;&#10;&#9;}&#13;&#10;&#13;&#10;&#9;@Override&#13;&#10;&#9;public void selectedButtonPressed(Point gridLocation) {&#13;&#10;&#9;&#9;// this is a clear piece is pressed&#13;&#10;&#9;&#9;JPanel panel = new JPanel();&#13;&#10;&#9;&#9;panel.add(new JLabel(&quot;Please make a selection:&quot;));&#13;&#10;&#9;&#9;JComboBox&lt;AbstractPiece&gt; comboBox = new JComboBox&lt;AbstractPiece&gt;(model);&#13;&#10;&#9;&#9;panel.add(comboBox);&#13;&#10;&#13;&#10;&#9;&#9;showJOptionPane(gridLocation, panel, comboBox);&#13;&#10;&#9;&#9;if(model.getSize() == 0) {&#13;&#10;&#9;&#9;&#9;observer.isDone(pieces);&#13;&#10;&#9;&#9;}&#13;&#10;&#9;&#9;&#13;&#10;&#9;&#9;this.validate();&#13;&#10;&#9;&#9;this.repaint();&#13;&#10;&#9;}&#13;&#10;&#13;&#10;&#9;protected void showJOptionPane(Point gridLocation, JPanel panel,&#13;&#10;&#9;&#9;&#9;JComboBox&lt;AbstractPiece&gt; comboBox) {&#13;&#10;&#9;&#9;int result = JOptionPane.showConfirmDialog(null, panel, &quot;Pieces&quot;,&#13;&#10;&#9;&#9;&#9;&#9;JOptionPane.OK_CANCEL_OPTION, JOptionPane.QUESTION_MESSAGE);&#13;&#10;&#9;&#9;switch (result) {&#13;&#10;&#9;&#9;case JOptionPane.OK_OPTION:&#13;&#10;&#9;&#9;&#9;if (comboBox.getSelectedIndex() != -1) {&#13;&#10;&#9;&#9;&#9;&#9;System.out&#13;&#10;&#9;&#9;&#9;&#9;&#9;&#9;.println(&quot;You selected &quot; + comboBox.getSelectedItem());&#13;&#10;&#9;&#9;&#9;&#9;AbstractPiece piece = (AbstractPiece) comboBox&#13;&#10;&#9;&#9;&#9;&#9;&#9;&#9;.getSelectedItem();&#13;&#10;&#9;&#9;&#9;&#9;piece.setOwner(owner);&#13;&#10;&#9;&#9;&#9;&#9;System.out.println(piece.getText());&#13;&#10;&#9;&#9;&#9;&#9;this.addPiece(gridLocation.x, gridLocation.y,&#13;&#10;&#9;&#9;&#9;&#9;&#9;&#9;(AbstractPiece) comboBox.getSelectedItem());&#13;&#10;&#9;&#9;&#9;&#9;model.removeElement(piece);&#13;&#10;&#9;&#9;&#9;&#9;break;&#13;&#10;&#9;&#9;&#9;}&#13;&#10;&#9;&#9;}&#13;&#10;&#9;}&#13;&#10;&#13;&#10;&#9;&#13;&#10;&#9;@Override&#13;&#10;&#9;public void nonSelectedButtonPressed(Point gridLocation) {&#13;&#10;&#9;&#9;int x = gridLocation.x;&#13;&#10;&#9;&#9;int y = gridLocation.y;&#13;&#10;&#9;&#9;AbstractPiece oldPiece = pieces[x][y];&#13;&#10;&#9;&#9;this.remove(pieces[x][y]);&#13;&#10;&#9;&#9;AbstractPiece piece = PieceFactory.createClearPiece();&#13;&#10;&#9;&#9;piece.setSelected(true);&#13;&#10;&#9;&#9;addPiece(x, y, piece);&#13;&#10;&#9;&#9;piece.setBorder(new LineBorder(Color.GRAY, 1));&#13;&#10;&#9;&#9;model.addElement(oldPiece);&#13;&#10;&#9;&#9;&#13;&#10;&#9;&#9;this.validate();&#13;&#10;&#9;&#9;this.repaint();&#13;&#10;&#9;}&#13;&#10;&#9;&#13;&#10;&#9;public AbstractPiece[][] getPieces() {&#13;&#10;&#9;&#9;return pieces;&#13;&#10;&#9;}&#13;&#10;&#9;&#13;&#10;&#9;public void setObserver(IBoardObserver obs) {&#13;&#10;&#9;&#9;this.observer = obs;&#13;&#10;&#9;}&#13;&#10;}&#13;&#10;" Filename="SetupBoard.java" Intrnl_Id="2"/>
<SrcFile Content="package game;&#13;&#10;import game.GameBoard.User;&#13;&#10;&#13;&#10;import java.awt.BorderLayout;&#13;&#10;import java.util.ArrayList;&#13;&#10;&#13;&#10;import javax.swing.JLabel;&#13;&#10;import javax.swing.JPanel;&#13;&#10;&#13;&#10;&#13;&#10;public class PlayerBoard extends JPanel implements IBoardObserver {&#13;&#10;&#9;private User owner;&#13;&#10;&#9;private JPanel board;&#13;&#10;&#9;&#13;&#10;&#9;public PlayerBoard(User owner) {&#13;&#10;&#9;&#9;this.setOwner(owner);&#13;&#10;&#9;&#9;BorderLayout layout = new BorderLayout();&#13;&#10;&#9;&#9;this.setLayout(layout);&#13;&#10;&#9;&#9;JLabel status = new JLabel(&quot;Test Label&quot;);&#13;&#10;&#9;&#9;this.add(status, BorderLayout.NORTH);&#9;&#9;&#13;&#10;&#9;&#9;SetupBoard init = new SetupBoard(owner);&#13;&#10;&#9;&#9;init.setObserver(this);&#13;&#10;&#9;&#9;this.setBoard(init);&#13;&#10;&#9;&#9;this.add(init, BorderLayout.CENTER);&#13;&#10;&#9;}&#13;&#10;&#9;&#13;&#10;&#9;public User getOwner() {&#13;&#10;&#9;&#9;return owner;&#13;&#10;&#9;}&#13;&#10;&#9;public void setOwner(User owner) {&#13;&#10;&#9;&#9;this.owner = owner;&#13;&#10;&#9;}&#13;&#10;&#9;&#13;&#10;&#9;public JPanel getBoard() {&#13;&#10;&#9;&#9;return board;&#13;&#10;&#9;}&#13;&#10;&#9;public void setBoard(JPanel board) {&#13;&#10;&#9;&#9;this.board = board;&#13;&#10;&#9;}&#13;&#10;&#13;&#10;&#9;@Override&#13;&#10;&#9;public void isDone(AbstractPiece[][] pieces) {&#13;&#10;&#9;&#9;// Not implemented&#13;&#10;&#9;&#9;GameBoard gameBoard = new GameBoard(owner, pieces);&#13;&#10;&#9;&#9;this.remove(board);&#13;&#10;&#9;&#9;this.add(gameBoard);&#13;&#10;&#9;&#9;this.validate();&#13;&#10;&#9;&#9;this.repaint();&#13;&#10;&#9;&#9;this.setBoard(gameBoard);&#13;&#10;&#9;}&#13;&#10;&#13;&#10;}&#13;&#10;" Filename="PlayerBoard.java" Intrnl_Id="3"/>
<SrcFile Content="package game;&#13;&#10;&#13;&#10;public class PieceFactory {&#13;&#10;&#9;&#13;&#10;&#9;public static AbstractPiece createBomb() {&#13;&#10;&#9;&#9;AbstractPiece bomb = new Bomb();&#13;&#10;&#9;&#9;return bomb;&#13;&#10;&#9;}&#13;&#10;&#9;&#13;&#10;&#9;public static AbstractPiece createClearPiece() {&#13;&#10;&#9;&#9;return new ClearPiece();&#13;&#10;&#9;}&#13;&#10;&#9;&#13;&#10;&#9;public static AbstractPiece createFlag() {&#13;&#10;&#9;&#9;AbstractPiece flag = new Flag();&#13;&#10;&#9;&#9;return flag;&#13;&#10;&#9;}&#13;&#10;&#9;&#13;&#10;&#9;public static AbstractPiece createSpy() {&#13;&#10;&#9;&#9;AbstractPiece spy = new Soldier(0, &quot;Spy&quot;);&#13;&#10;&#9;&#9;return spy;&#13;&#10;&#9;}&#13;&#10;&#9;&#13;&#10;&#9;public static AbstractPiece createMarshall() {&#13;&#10;&#9;&#9;AbstractPiece soldier = new Soldier(9, &quot;Marsh&quot;);&#13;&#10;&#9;&#9;return soldier;&#13;&#10;&#9;}&#13;&#10;&#9;&#13;&#10;&#9;public static AbstractPiece createGeneral() {&#13;&#10;&#9;&#9;AbstractPiece soldier = new Soldier(8, &quot;General&quot;);&#13;&#10;&#9;&#9;return soldier;&#13;&#10;&#9;}&#13;&#10;&#9;&#13;&#10;&#9;public static AbstractPiece createColonel() {&#13;&#10;&#9;&#9;AbstractPiece soldier = new Soldier(7, &quot;Colonel&quot;);&#13;&#10;&#9;&#9;return soldier;&#13;&#10;&#9;}&#13;&#10;&#9;&#13;&#10;&#9;public static AbstractPiece createMajor() {&#13;&#10;&#9;&#9;AbstractPiece soldier = new Soldier(6, &quot;Major&quot;);&#13;&#10;&#9;&#9;return soldier;&#13;&#10;&#9;}&#13;&#10;&#13;&#10;&#9;public static AbstractPiece createCaptain() {&#13;&#10;&#9;&#9;AbstractPiece soldier = new Soldier(5, &quot;Captain&quot;);&#13;&#10;&#9;&#9;return soldier;&#13;&#10;&#9;}&#13;&#10;&#13;&#10;&#9;public static AbstractPiece createLieutenant() {&#13;&#10;&#9;&#9;AbstractPiece soldier = new Soldier(4, &quot;Lieut&quot;);&#13;&#10;&#9;&#9;return soldier;&#13;&#10;&#9;}&#13;&#10;&#13;&#10;&#9;public static AbstractPiece createSergeant() {&#13;&#10;&#9;&#9;AbstractPiece soldier = new Soldier(3, &quot;Sergeant&quot;);&#13;&#10;&#9;&#9;return soldier;&#13;&#10;&#9;}&#13;&#10;&#13;&#10;&#9;public static AbstractPiece createMiner() {&#13;&#10;&#9;&#9;AbstractPiece soldier = new Soldier(2, &quot;Miner&quot;);&#13;&#10;&#9;&#9;return soldier;&#13;&#10;&#9;}&#13;&#10;&#13;&#10;&#9;public static AbstractPiece createScout() {&#13;&#10;&#9;&#9;AbstractPiece soldier = new Soldier(1, &quot;Scout&quot;);&#13;&#10;&#9;&#9;return soldier;&#13;&#10;&#9;}&#13;&#10;&#13;&#10;}&#13;&#10;" Filename="PieceFactory.java" Intrnl_Id="4"/>
<SrcFile Content="package game;&#13;&#10;&#13;&#10;import game.GameBoard.User;&#13;&#10;&#13;&#10;import java.awt.event.ActionEvent;&#13;&#10;&#13;&#10;public class Obstacle extends AbstractPiece {&#13;&#10;&#9;&#13;&#10;&#9;@Override&#13;&#10;&#9;public void actionPerformed(ActionEvent e) {&#13;&#10;&#9;&#9;// TODO Auto-generated method stub&#13;&#10;&#9;&#9;&#13;&#10;&#9;}&#13;&#10;&#13;&#10;&#9;@Override&#13;&#10;&#9;public void setSelected(boolean selected) {&#13;&#10;&#9;&#9;// TODO Auto-generated method stub&#13;&#10;&#9;&#9;&#13;&#10;&#9;}&#13;&#10;&#13;&#10;&#9;@Override&#13;&#10;&#9;public void hide() {&#13;&#10;&#9;&#9;// TODO Auto-generated method stub&#13;&#10;&#9;&#9;&#13;&#10;&#9;}&#13;&#10;&#13;&#10;&#9;@Override&#13;&#10;&#9;public void show() {&#13;&#10;&#9;&#9;// TODO Auto-generated method stub&#13;&#10;&#9;&#9;&#13;&#10;&#9;}&#13;&#10;&#9;&#13;&#10;&#9;@Override&#13;&#10;&#9;public void setOwner(User u) {&#13;&#10;&#9;&#9;this.owner = null;&#13;&#10;&#9;}&#13;&#10;&#9;&#13;&#10;&#9;@Override&#13;&#10;&#9;public User getOwner() {&#13;&#10;&#9;&#9;return null;&#13;&#10;&#9;}&#13;&#10;}&#13;&#10;" Filename="Obstacle.java" Intrnl_Id="5"/>
<SrcFile Content="package game;&#13;&#10;&#13;&#10;import java.awt.Point;&#13;&#10;&#13;&#10;//The GameBoard should implement this class and add itself as an observer to the IPiece&#13;&#10;public interface IPieceObserver {&#13;&#10;&#13;&#10;&#9;public void selectedButtonPressed(Point gridLocation);&#13;&#10;&#9;public void nonSelectedButtonPressed(Point gridLocation);&#13;&#10;}&#13;&#10;" Filename="IPieceObserver.java" Intrnl_Id="6"/>
<SrcFile Content="package game;&#13;&#10;&#13;&#10;import game.GameBoard.User;&#13;&#10;&#13;&#10;import java.awt.Point;&#13;&#10;&#13;&#10;public interface IPiece {&#13;&#10;&#9;public boolean isSelected();&#13;&#10;&#9;public void setSelected(boolean selected);&#13;&#10;&#9;public void hide();&#13;&#10;&#9;public void show();&#13;&#10;&#9;public void setObserver(IPieceObserver observer);&#13;&#10;&#9;public void setLocation(Point location);&#13;&#10;&#9;public Point getLocation();&#13;&#10;&#9;public User getOwner();&#13;&#10;&#9;public void setOwner(User owner);&#13;&#10;&#9;public String getName();&#13;&#10;&#9;public int getRank();&#13;&#10;//&#9;/**&#13;&#10;//&#9; * Method called by the piece when it is pressed&#13;&#10;//&#9; */&#13;&#10;//&#9;public void processPress();&#13;&#10;}&#13;&#10;" Filename="IPiece.java" Intrnl_Id="7"/>
<SrcFile Content="package game;&#13;&#10;&#13;&#10;public interface IBoardObserver {&#13;&#10;&#9;&#13;&#10;&#9;public void isDone(AbstractPiece[][] pieces);&#13;&#10;&#13;&#10;}&#13;&#10;" Filename="IBoardObserver.java" Intrnl_Id="8"/>
<SrcFile Content="package game;&#13;&#10;import game.GameBoard.User;&#13;&#10;&#13;&#10;import java.awt.Dimension;&#13;&#10;import java.awt.Insets;&#13;&#10;import java.awt.Toolkit;&#13;&#10;&#13;&#10;import javax.swing.JFrame;&#13;&#10;&#13;&#10;&#13;&#10;public class GameBoardFrame extends JFrame {&#13;&#10;&#13;&#10;&#9;private PlayerBoard board;&#13;&#10;&#9;public GameBoardFrame(User owner) {&#13;&#10;&#9;&#9;this.setDefaultCloseOperation(JFrame.EXIT_ON_CLOSE);&#13;&#10;&#9;&#9;Dimension screenSize = Toolkit.getDefaultToolkit().getScreenSize();&#13;&#10;&#9;&#9;this.setSize(screenSize.width/2, screenSize.height);&#13;&#10;&#9;&#9;board = new PlayerBoard(owner);&#13;&#10;&#9;&#9;this.add(board);&#13;&#10;&#9;&#9;this.setVisible(true);&#13;&#10;&#9;&#9;this.validate();&#13;&#10;&#9;}&#13;&#10;}&#13;&#10;" Filename="GameBoardFrame.java" Intrnl_Id="9"/>
<SrcFile Content="package game;&#13;&#10;&#13;&#10;import java.awt.Dimension;&#13;&#10;import java.awt.GridBagConstraints;&#13;&#10;import java.awt.GridBagLayout;&#13;&#10;import java.awt.Point;&#13;&#10;&#13;&#10;import javax.swing.JPanel;&#13;&#10;&#13;&#10;public class GameBoard extends JPanel implements IPieceObserver {&#13;&#10;&#13;&#10;&#9;public static enum User {PLAYER1, PLAYER2};&#13;&#10;&#9;private static final Dimension PIECE_SIZE = new Dimension(90, 90);&#13;&#10;&#9;protected AbstractPiece[][] pieces;&#13;&#10;&#9;protected AbstractPiece selectedPiece;&#13;&#10;&#9;private AbstractPiece[][] piecesToSet;&#13;&#10;&#9;private GridBagLayout layout;&#13;&#10;&#9;private User owner;&#13;&#10;&#13;&#10;&#9;public GameBoard(User owner, AbstractPiece[][] pieces) {&#13;&#10;&#9;&#9;super();&#13;&#10;&#9;&#9;this.owner = owner;&#13;&#10;&#9;&#9;piecesToSet = pieces;&#13;&#10;&#9;&#9;this.pieces = new AbstractPiece[10][10];&#13;&#10;&#9;&#9;layout = new GridBagLayout();&#13;&#10;&#9;&#9;this.setLayout(layout);&#13;&#10;&#9;&#9;instantiateBoard();&#13;&#10;&#9;}&#13;&#10;&#13;&#10;&#9;protected void instantiateBoard() {&#13;&#10;&#9;&#9;for (int i = 0; i &lt; 10; i++) {&#13;&#10;&#9;&#9;&#9;for (int j = 0; j &lt; 10; j++) {&#13;&#10;&#9;&#9;&#9;&#9;AbstractPiece button = PieceFactory.createClearPiece();&#13;&#10;&#9;&#9;&#9;&#9;addPiece(i, j, button);&#13;&#10;&#9;&#9;&#9;&#9;&#13;&#10;&#9;&#9;&#9;}&#13;&#10;&#9;&#9;}&#13;&#10;&#9;&#9;&#13;&#10;&#9;&#9;for (int i = 0; i &lt; piecesToSet.length; i++) {&#13;&#10;&#9;&#9;&#9;for (int j = 0; j &lt; piecesToSet[i].length; j++) {&#13;&#10;&#9;&#9;&#9;&#9;piecesToSet[i][j].setOwner(owner);&#13;&#10;&#9;&#9;&#9;&#9;this.remove(pieces[i][j+6]);&#13;&#10;&#9;&#9;&#9;&#9;this.addPiece(i, j+6, piecesToSet[i][j]);&#13;&#10;&#9;&#9;&#9;}&#13;&#10;&#9;&#9;}&#13;&#10;&#9;&#9;&#13;&#10;&#9;}&#13;&#10;&#9;public void addPiece(int x, int y,&#13;&#10;&#9;&#9;&#9;AbstractPiece piece) {&#13;&#10;&#9;&#9;GridBagConstraints c = new GridBagConstraints();&#13;&#10;&#9;&#9;c.fill = GridBagConstraints.BOTH;&#13;&#10;&#9;&#9;piece.setPreferredSize(PIECE_SIZE);&#13;&#10;&#9;&#9;piece.setLocation(new Point(x, y));&#13;&#10;&#9;&#9;piece.setObserver(this);&#13;&#10;&#9;&#9;pieces[x][y] = piece;&#13;&#10;&#9;&#9;c.gridx = x;&#13;&#10;&#9;&#9;c.gridy = y;&#13;&#10;&#9;&#9;this.add(piece, c);&#13;&#10;&#9;&#9;piece.validate();&#13;&#10;&#9;}&#13;&#10;&#13;&#10;&#9;@Override&#13;&#10;&#9;public void selectedButtonPressed(Point gridLocation) {&#13;&#10;&#9;&#9;if(selectedPiece !=null) {&#13;&#10;&#9;&#9;&#9;if(selectedPiece.equals(pieces[gridLocation.x][gridLocation.y])) {&#13;&#10;&#9;&#9;&#9;&#9;selectedPiece.setSelected(false);&#13;&#10;&#9;&#9;&#9;} else if (isEnemey(selectedPiece, pieces[gridLocation.x][gridLocation.y])) {&#13;&#10;&#9;&#9;&#9;&#9;attack(selectedPiece, pieces[gridLocation.x][gridLocation.y]);&#13;&#10;&#9;&#9;&#9;} else {&#13;&#10;&#9;&#9;&#9;&#9;swapPieces(selectedPiece, pieces[gridLocation.x][gridLocation.y]);&#13;&#10;&#9;&#9;&#9;}&#13;&#10;&#9;&#9;}&#13;&#10;&#9;&#9;for(AbstractPiece[] pRow: pieces) {&#13;&#10;&#9;&#9;&#9;for(AbstractPiece p: pRow) {&#13;&#10;&#9;&#9;&#9;p.setSelected(false);&#13;&#10;&#9;&#9;&#9;}&#13;&#10;&#9;&#9;}&#13;&#10;&#9;&#9;selectedPiece = null;&#13;&#10;&#9;}&#13;&#10;&#13;&#10;&#9;private boolean isEnemey(AbstractPiece p1, AbstractPiece p2) {&#13;&#10;&#9;&#9;return p1.getOwner()!=null &amp;&amp; !(p1.getOwner().equals(p2.getOwner())) &amp;&amp; p2.getOwner() != null;&#13;&#10;&#9;}&#13;&#10;&#13;&#10;&#9;@Override&#13;&#10;&#9;public void nonSelectedButtonPressed(Point gridLocation) {&#13;&#10;&#9;&#9;for(AbstractPiece[] pRow: pieces) {&#13;&#10;&#9;&#9;&#9;for(AbstractPiece p: pRow) {&#13;&#10;&#9;&#9;&#9;p.setSelected(false);&#13;&#10;&#9;&#9;&#9;}&#13;&#10;&#9;&#9;}&#13;&#10;&#9;&#9;AbstractPiece nonSelected = pieces[gridLocation.x][gridLocation.y];&#13;&#10;&#9;&#9;if(nonSelected.getOwner() != this.owner) {&#13;&#10;&#9;&#9;&#9;return;&#13;&#10;&#9;&#9;}&#13;&#10;&#9;&#9;&#9;this.selectedPiece = nonSelected;&#13;&#10;&#9;&#9;&#9;nonSelected.setSelected(true);&#13;&#10;&#9;&#9;&#9;int x = nonSelected.getLocation().x;&#13;&#10;&#9;&#9;&#9;int y = nonSelected.getLocation().y;&#13;&#10;&#9;&#9;&#9;if (this.selectedPiece.rank == 1) {&#13;&#10;&#9;&#9;&#9;&#9;//Go left&#13;&#10;&#9;&#9;&#9;&#9;for (int i = x - 1; i &gt;= 0; i--) {&#13;&#10;&#9;&#9;&#9;&#9;&#9;AbstractPiece piece = pieces[i][y];&#13;&#10;&#9;&#9;&#9;&#9;&#9;if (piece instanceof ClearPiece) {&#13;&#10;&#9;&#9;&#9;&#9;&#9;&#9;piece.setSelected(true);&#13;&#10;&#9;&#9;&#9;&#9;&#9;} else if (selectedPiece.owner != piece.getOwner()) {&#13;&#10;&#9;&#9;&#9;&#9;&#9;&#9;piece.setSelected(true);&#13;&#10;&#9;&#9;&#9;&#9;&#9;&#9;break;&#13;&#10;&#9;&#9;&#9;&#9;&#9;} else {&#13;&#10;&#9;&#9;&#9;&#9;&#9;&#9;break;&#13;&#10;&#9;&#9;&#9;&#9;&#9;}&#13;&#10;&#9;&#9;&#9;&#9;}&#13;&#10;&#9;&#9;&#9;&#9;//Go right&#13;&#10;&#9;&#9;&#9;&#9;for (int i = x + 1; i &lt;= 9; i++) {&#13;&#10;&#9;&#9;&#9;&#9;&#9;AbstractPiece piece = pieces[i][y];&#13;&#10;&#9;&#9;&#9;&#9;&#9;if (piece instanceof ClearPiece) {&#13;&#10;&#9;&#9;&#9;&#9;&#9;&#9;piece.setSelected(true);&#13;&#10;&#9;&#9;&#9;&#9;&#9;} &#13;&#10;&#9;&#9;&#9;&#9;&#9;else if (selectedPiece.getOwner() != piece.getOwner()) {&#13;&#10;&#9;&#9;&#9;&#9;&#9;&#9;piece.setSelected(true);&#13;&#10;&#9;&#9;&#9;&#9;&#9;&#9;break;&#13;&#10;&#9;&#9;&#9;&#9;&#9;} else {&#13;&#10;&#9;&#9;&#9;&#9;&#9;&#9;break;&#13;&#10;&#9;&#9;&#9;&#9;&#9;}&#13;&#10;&#9;&#9;&#9;&#9;}&#13;&#10;&#9;&#9;&#9;&#9;&#13;&#10;&#9;&#9;&#9;&#9;//Go down&#13;&#10;&#9;&#9;&#9;&#9;for (int i = y - 1; i &gt;= 0; i--) {&#13;&#10;&#9;&#9;&#9;&#9;&#9;AbstractPiece piece = pieces[x][i];&#13;&#10;&#9;&#9;&#9;&#9;&#9;if (piece instanceof ClearPiece) {&#13;&#10;&#9;&#9;&#9;&#9;&#9;&#9;piece.setSelected(true);&#13;&#10;&#9;&#9;&#9;&#9;&#9;} else if (selectedPiece.owner != piece.getOwner()) {&#13;&#10;&#9;&#9;&#9;&#9;&#9;&#9;piece.setSelected(true);&#13;&#10;&#9;&#9;&#9;&#9;&#9;&#9;break;&#13;&#10;&#9;&#9;&#9;&#9;&#9;} else {&#13;&#10;&#9;&#9;&#9;&#9;&#9;&#9;break;&#13;&#10;&#9;&#9;&#9;&#9;&#9;}&#13;&#10;&#9;&#9;&#9;&#9;}&#13;&#10;&#9;&#9;&#9;&#9;//Go right&#13;&#10;&#9;&#9;&#9;&#9;for (int i = y + 1; i &lt;= 9; i++) {&#13;&#10;&#9;&#9;&#9;&#9;&#9;AbstractPiece piece = pieces[x][i];&#13;&#10;&#9;&#9;&#9;&#9;&#9;if (piece instanceof ClearPiece) {&#13;&#10;&#9;&#9;&#9;&#9;&#9;&#9;piece.setSelected(true);&#13;&#10;&#9;&#9;&#9;&#9;&#9;} &#13;&#10;&#9;&#9;&#9;&#9;&#9;else if (selectedPiece.getOwner() != piece.getOwner()) {&#13;&#10;&#9;&#9;&#9;&#9;&#9;&#9;piece.setSelected(true);&#13;&#10;&#9;&#9;&#9;&#9;&#9;&#9;break;&#13;&#10;&#9;&#9;&#9;&#9;&#9;} else {&#13;&#10;&#9;&#9;&#9;&#9;&#9;&#9;break;&#13;&#10;&#9;&#9;&#9;&#9;&#9;}&#13;&#10;&#9;&#9;&#9;&#9;}&#13;&#10;&#9;&#9;&#9;} else {&#13;&#10;&#9;&#9;&#9;&#9;if (x &lt; 9) {&#13;&#10;&#9;&#9;&#9;&#9;&#9;AbstractPiece piece = pieces[x + 1][y];&#13;&#10;&#9;&#9;&#9;&#9;&#9;if(selectedPiece.getOwner() != piece.getOwner()) {&#13;&#10;&#9;&#9;&#9;&#9;&#9;&#9;piece.setSelected(true);&#13;&#10;&#9;&#9;&#9;&#9;&#9;}&#9;&#13;&#10;&#9;&#9;&#9;&#9;}&#13;&#10;&#9;&#9;&#9;&#9;if (x &gt; 0) {&#13;&#10;&#9;&#9;&#9;&#9;&#9;AbstractPiece piece = pieces[x - 1][y];&#13;&#10;&#9;&#9;&#9;&#9;&#9;if(selectedPiece.getOwner() != piece.getOwner()) {&#13;&#10;&#9;&#9;&#9;&#9;&#9;&#9;piece.setSelected(true);&#13;&#10;&#9;&#9;&#9;&#9;&#9;}&#9;&#13;&#10;&#9;&#9;&#9;&#9;}&#13;&#10;&#9;&#9;&#9;&#9;if (y &gt; 0) {&#13;&#10;&#9;&#9;&#9;&#9;&#9;AbstractPiece piece = pieces[x][y - 1];&#13;&#10;&#9;&#9;&#9;&#9;&#9;if(selectedPiece.getOwner() != piece.getOwner()) {&#13;&#10;&#9;&#9;&#9;&#9;&#9;&#9;piece.setSelected(true);&#13;&#10;&#9;&#9;&#9;&#9;&#9;}&#9;&#13;&#10;&#9;&#9;&#9;&#9;}&#13;&#10;&#9;&#9;&#9;&#9;if (y &lt; 9) {&#13;&#10;&#9;&#9;&#9;&#9;&#9;AbstractPiece piece = pieces[x][y + 1];&#13;&#10;&#9;&#9;&#9;&#9;&#9;if(selectedPiece.getOwner() != piece.getOwner()) {&#13;&#10;&#9;&#9;&#9;&#9;&#9;&#9;piece.setSelected(true);&#13;&#10;&#9;&#9;&#9;&#9;&#9;}&#9;&#13;&#10;&#9;&#9;&#9;&#9;}&#13;&#10;&#9;&#9;&#9;}&#13;&#10;&#9;}&#13;&#10;&#13;&#10;&#9;private void swapPieces(AbstractPiece p1, AbstractPiece p2) {&#13;&#10;&#9;&#9;Point point1 = p1.getLocation();&#13;&#10;&#9;&#9;Point point2 = p2.getLocation();&#13;&#10;&#9;&#9;this.remove(p1);&#13;&#10;&#9;&#9;this.remove(p2);&#13;&#10;&#9;&#9;p1.setLocation(point2);&#13;&#10;&#9;&#9;p2.setLocation(point1);&#13;&#10;&#9;&#9;GridBagConstraints c = new GridBagConstraints();&#13;&#10;&#9;&#9;c.fill = GridBagConstraints.BOTH;&#13;&#10;&#9;&#9;c.gridx = point1.x;&#13;&#10;&#9;&#9;c.gridy = point1.y;&#13;&#10;&#9;&#9;pieces[point1.x][point1.y] = p2;&#13;&#10;&#9;&#9;this.add(p2, c);&#13;&#10;&#9;&#9;c.gridx = point2.x;&#13;&#10;&#9;&#9;c.gridy = point2.y;&#13;&#10;&#9;&#9;pieces[point2.x][point2.y] = p1;&#13;&#10;&#9;&#9;this.add(p1, c);&#13;&#10;&#9;&#9;validate();&#13;&#10;&#9;&#9;repaint();&#13;&#10;&#9;}&#13;&#10;&#9;&#13;&#10;&#9;public String attack(AbstractPiece p1, AbstractPiece p2) {&#13;&#10;&#9;&#9; if (p2 instanceof Bomb) {&#13;&#10;&#9;&#9;&#9; if (p1.rank == 3) {&#13;&#10;&#9;&#9;&#9;&#9; swapPieces(p1, p2);&#13;&#10;&#9;&#9;&#9;&#9; removePiece(p2);&#13;&#10;&#9;&#9;&#9;&#9; return p1.getOwner() + &quot;defused a&quot; + p2.getOwner() + &quot;bomb&quot;;&#13;&#10;&#9;&#9;&#9; } else {&#13;&#10;&#9;&#9;&#9;&#9;removePiece(p1);&#13;&#10;&#9;&#9;&#9;&#9;removePiece(p2);&#13;&#10;&#9;&#9;&#9;&#9;return &quot;A bomb has exploded!&quot;;&#13;&#10;&#9;&#9;&#9; }&#13;&#10;&#9;&#9;} else if (p2 instanceof Flag) {&#13;&#10;&#9;&#9;&#9;swapPieces(p1, p2);&#13;&#10;&#9;&#9;&#9;removePiece(p2);&#13;&#10;&#9;&#9;&#9;return p1.getOwner() + &quot;has defeated&quot; + p2.getOwner();&#13;&#10;&#9;&#9;} else if ((p1.rank == 0) &amp;&amp; (p2.rank == 9)) { //Spy attacking Marshall case&#13;&#10;&#9;&#9;&#9;swapPieces(p1, p2);&#13;&#10;&#9;&#9;&#9;removePiece(p2);&#13;&#10;&#9;&#9;} else if (p1.rank &gt; p2.rank) {&#13;&#10;&#9;&#9;&#9;swapPieces(p1, p2);&#13;&#10;&#9;&#9;&#9;removePiece(p2);&#13;&#10;&#9;&#9;&#9;return p1.getOwner() + &quot; beat &quot; + p2.getOwner();&#13;&#10;&#9;&#9;} else if (p1.rank &lt; p2.rank) {&#13;&#10;&#9;&#9;&#9;removePiece(p1);&#13;&#10;&#9;&#9;&#9;return p2.getOwner() + &quot; beat &quot; + p1.getOwner();&#13;&#10;&#9;&#9;} else if (p1.rank == p2.rank) {&#13;&#10;&#9;&#9;&#9;removePiece(p1);&#13;&#10;&#9;&#9;&#9;removePiece(p2);&#13;&#10;&#9;&#9;&#9;return p1.getOwner() + &quot; tied &quot; + p2.getOwner();&#13;&#10;&#9;&#9;}&#13;&#10;&#9;&#9;return &quot;Error: case not handled&quot;;&#13;&#10;&#9;}&#13;&#10;&#9;&#13;&#10;&#9;private void removePiece(AbstractPiece p) {&#13;&#10;&#9;&#9;AbstractPiece clear = new ClearPiece();&#13;&#10;&#9;&#9;clear.setLocation(p.getLocation());&#13;&#10;&#9;&#9;clear.setPreferredSize(PIECE_SIZE);&#13;&#10;&#9;&#9;clear.setObserver(this);&#13;&#10;&#9;&#9;Point point1 = p.getLocation();&#13;&#10;&#9;&#9;this.remove(p);&#13;&#10;&#9;&#9;p.setLocation(null);&#13;&#10;&#9;&#9;clear.setLocation(point1);&#13;&#10;&#9;&#9;GridBagConstraints c = new GridBagConstraints();&#13;&#10;&#9;&#9;c.fill = GridBagConstraints.BOTH;&#13;&#10;&#9;&#9;c.gridx = point1.x;&#13;&#10;&#9;&#9;c.gridy = point1.y;&#13;&#10;&#9;&#9;pieces[point1.x][point1.y] = clear;&#13;&#10;&#9;&#9;this.add(clear, c);&#13;&#10;&#9;&#9;validate();&#13;&#10;&#9;&#9;repaint();&#13;&#10;&#9;}&#13;&#10;}&#13;&#10;" Filename="GameBoard.java" Intrnl_Id="10"/>
<SrcFile Content="package game;&#13;&#10;import game.GameBoard.User;&#13;&#10;&#13;&#10;import javax.swing.JFrame;&#13;&#10;&#13;&#10;public class GameApplet {&#13;&#10;&#13;&#10;&#9;public static void main(String[] args) {&#13;&#10;&#9;&#9;JFrame player1Frame = new GameBoardFrame(User.PLAYER1);&#13;&#10;&#9;&#9;JFrame player2Frame = new GameBoardFrame(User.PLAYER2);&#13;&#10;&#9;&#9;player2Frame.setLocation(player1Frame.getX() + player1Frame.getWidth(), player2Frame.getY());&#13;&#10;&#9;}&#13;&#10;}&#13;&#10;" Filename="GameApplet.java" Intrnl_Id="11"/>
<SrcFile Content="package game;&#13;&#10;&#13;&#10;import java.awt.Color;&#13;&#10;import java.awt.event.ActionEvent;&#13;&#10;&#13;&#10;public class Flag extends AbstractPiece{&#13;&#10;&#9;&#13;&#10;&#9;public Flag() {&#13;&#10;&#9;&#9;setBackground(Color.ORANGE); //Will be team's color&#13;&#10;&#9;&#9;this.rank = rank;&#13;&#10;&#9;&#9;this.name = &quot;Flag&quot;;&#13;&#10;&#9;&#9;addActionListener(this);&#13;&#10;&#9;}&#13;&#10;&#9;@Override&#13;&#10;&#9;public void actionPerformed(ActionEvent e) {&#13;&#10;&#9;&#9;// TODO Auto-generated method stub&#13;&#10;&#9;&#9;&#13;&#10;&#9;}&#13;&#10;&#13;&#10;&#9;@Override&#13;&#10;&#9;public void setSelected(boolean selected) {&#13;&#10;&#9;&#9;this.selected = selected;&#13;&#10;&#9;}&#13;&#10;&#13;&#10;&#9;@Override&#13;&#10;&#9;public void hide() {&#13;&#10;&#9;&#9;// TODO Auto-generated method stub&#13;&#10;&#9;&#9;&#13;&#10;&#9;}&#13;&#10;&#13;&#10;&#9;@Override&#13;&#10;&#9;public void show() {&#13;&#10;&#9;&#9;// TODO Auto-generated method stub&#13;&#10;&#9;&#9;&#13;&#10;&#9;}&#13;&#10;&#13;&#10;}&#13;&#10;" Filename="Flag.java" Intrnl_Id="12"/>
<SrcFile Content="package game;&#13;&#10;&#13;&#10;import game.GameBoard.User;&#13;&#10;&#13;&#10;import java.awt.Color;&#13;&#10;import java.awt.event.ActionEvent;&#13;&#10;&#13;&#10;import javax.swing.border.LineBorder;&#13;&#10;&#13;&#10;public class ClearPiece extends AbstractPiece {&#13;&#10;&#9;&#13;&#10;&#9;private int index;&#13;&#10;&#9;&#13;&#10;&#9;public ClearPiece() {&#13;&#10;&#9;&#9;addActionListener(this);&#13;&#10;&#9;&#9;setBackground(Color.WHITE);&#13;&#10;&#9;}&#13;&#10;&#13;&#10;&#9;@Override&#13;&#10;&#9;public void actionPerformed(ActionEvent arg0) {&#13;&#10;&#9;&#9;if(selected) {&#13;&#10;&#9;&#9;&#9;observer.selectedButtonPressed(location);&#13;&#10;&#9;&#9;}&#13;&#10;&#9;}&#13;&#10;&#13;&#10;&#9;@Override&#13;&#10;&#9;public void setSelected(boolean selected) {&#13;&#10;&#9;&#9;if(selected) {&#13;&#10;&#9;&#9;&#9;this.setBorder(new LineBorder(Color.RED, 5));&#13;&#10;&#9;&#9;} else {&#13;&#10;&#9;&#9;&#9;this.setBorder(new LineBorder(Color.GRAY, 1));&#13;&#10;&#9;&#9;}&#13;&#10;&#13;&#10;&#9;&#9;this.selected = selected;&#13;&#10;&#9;}&#13;&#10;&#13;&#10;&#9;@Override&#13;&#10;&#9;public void hide() {&#13;&#10;&#9;&#9;// TODO Auto-generated method stub&#13;&#10;&#9;&#9;&#13;&#10;&#9;}&#13;&#10;&#13;&#10;&#9;@Override&#13;&#10;&#9;public void show() {&#13;&#10;&#9;&#9;// TODO Auto-generated method stub&#13;&#10;&#9;&#9;&#13;&#10;&#9;}&#13;&#10;&#9;&#13;&#10;&#9;@Override&#13;&#10;&#9;public void setOwner(User u) {&#13;&#10;&#9;&#9;this.owner = null;&#13;&#10;&#9;}&#13;&#10;&#9;&#13;&#10;&#9;@Override&#13;&#10;&#9;public User getOwner() {&#13;&#10;&#9;&#9;return null;&#13;&#10;&#9;}&#13;&#10;&#13;&#10;}&#13;&#10;" Filename="ClearPiece.java" Intrnl_Id="13"/>
<SrcFile Content="package game;&#13;&#10;&#13;&#10;import java.awt.Color;&#13;&#10;import java.awt.Point;&#13;&#10;import java.awt.event.ActionEvent;&#13;&#10;&#13;&#10;import javax.swing.border.LineBorder;&#13;&#10;&#13;&#10;public class Bomb extends AbstractPiece{&#13;&#10;&#9;&#13;&#10;&#9;public Bomb() {&#13;&#10;&#9;&#9;setText(&quot;Bomb&quot;);&#13;&#10;&#9;&#9;setBackground(Color.GREEN);&#13;&#10;&#9;&#9;this.rank = rank;&#13;&#10;&#9;&#9;this.name = &quot;Bomb&quot;;&#13;&#10;&#9;&#9;addActionListener(this);&#13;&#10;&#9;}&#13;&#10;&#13;&#10;&#9;@Override&#13;&#10;&#9;public void actionPerformed(ActionEvent e) {&#13;&#10;&#9;&#9;if (selected) {&#13;&#10;&#9;&#9;&#9;observer.selectedButtonPressed(location);&#13;&#10;&#9;&#9;} else {&#13;&#10;&#9;&#9;&#9;//observer.nonSelectedButtonPressed(location);&#13;&#10;&#9;&#9;}&#13;&#10;&#9;}&#13;&#10;&#13;&#10;&#9;@Override&#13;&#10;&#9;public void setSelected(boolean selected) {&#13;&#10;&#9;&#9;if (selected) {&#13;&#10;&#9;&#9;&#9;this.setBorder(new LineBorder(Color.YELLOW, 5));&#13;&#10;&#9;&#9;} else {&#13;&#10;&#9;&#9;&#9;this.setBorder(new LineBorder(Color.GRAY, 1));&#13;&#10;&#9;&#9;}&#13;&#10;&#9;&#9;this.selected = selected;&#13;&#10;&#9;}&#13;&#10;&#13;&#10;&#9;@Override&#13;&#10;&#9;public void hide() {&#13;&#10;&#9;&#9;// TODO Auto-generated method stub&#13;&#10;&#9;&#9;&#13;&#10;&#9;}&#13;&#10;&#13;&#10;&#9;@Override&#13;&#10;&#9;public void show() {&#13;&#10;&#9;&#9;// TODO Auto-generated method stub&#13;&#10;&#9;&#9;&#13;&#10;&#9;}&#13;&#10;}&#13;&#10;" Filename="Bomb.java" Intrnl_Id="14"/>
<SrcFile Content="package game;&#13;&#10;&#13;&#10;import game.GameBoard.User;&#13;&#10;&#13;&#10;import java.awt.Point;&#13;&#10;import java.awt.event.ActionEvent;&#13;&#10;import java.awt.event.ActionListener;&#13;&#10;&#13;&#10;import javax.swing.JButton;&#13;&#10;&#13;&#10;public abstract class AbstractPiece extends JButton implements IPiece, ActionListener {&#13;&#10;&#13;&#10;&#9;protected Boolean selected = false;&#13;&#10;&#9;protected Point location = new Point();&#13;&#10;&#9;protected IPieceObserver observer;&#13;&#10;&#9;protected int rank;&#13;&#10;&#9;protected Boolean visible;&#13;&#10;&#9;protected int boardIndex = 0;&#13;&#10;&#9;protected User owner;&#13;&#10;&#9;protected String name;&#13;&#10;&#9;&#13;&#10;&#9;@Override&#13;&#10;&#9;public abstract void actionPerformed(ActionEvent e);&#13;&#10;&#13;&#10;&#9;@Override&#13;&#10;&#9;public abstract void setSelected(boolean selected);&#13;&#10;&#13;&#10;&#9;@Override&#13;&#10;&#9;public abstract void hide();&#13;&#10;&#13;&#10;&#9;@Override&#13;&#10;&#9;public abstract void show();&#13;&#10;&#13;&#10;&#9;@Override&#13;&#10;&#9;public boolean isSelected() {&#13;&#10;&#9;&#9;return selected;&#13;&#10;&#9;}&#13;&#10;&#13;&#10;&#9;@Override&#13;&#10;&#9;public void setObserver(IPieceObserver observer) {&#13;&#10;&#9;&#9;this.observer = observer;&#13;&#10;&#9;}&#13;&#10;&#13;&#10;&#9;@Override&#13;&#10;&#9;public void setLocation(Point location) {&#13;&#10;&#9;&#9;this.location = location;&#13;&#10;&#9;&#13;&#10;&#9;}&#13;&#10;&#13;&#10;&#9;@Override&#13;&#10;&#9;public Point getLocation() {&#13;&#10;&#9;&#9;return this.location;&#13;&#10;&#9;} &#13;&#10;&#9;&#13;&#10;&#9;@Override&#13;&#10;&#9;public User getOwner() {&#13;&#10;&#9;&#9;return owner;&#13;&#10;&#9;}&#13;&#10;&#13;&#10;&#9;@Override&#13;&#10;&#9;public void setOwner(User owner) {&#13;&#10;&#9;&#9;this.owner = owner;&#13;&#10;&#9;}&#13;&#10;&#9;&#13;&#10;&#9;public Boolean getVisiblity() {&#13;&#10;&#9;&#9;return visible;&#13;&#10;&#9;}&#13;&#10;&#9;&#13;&#10;&#9;public String getName() {&#13;&#10;&#9;&#9;return name;&#13;&#10;&#9;}&#13;&#10;&#9;&#13;&#10;&#9;public int getRank() {&#13;&#10;&#9;&#9;return rank;&#13;&#10;&#9;}&#13;&#10;&#13;&#10;&#9;@Override&#13;&#10;&#9;public String toString() {&#13;&#10;&#9;&#9;return name + &quot;: &quot; + rank;&#13;&#10;&#9;}&#13;&#10;}&#13;&#10;" Filename="AbstractPiece.java" Intrnl_Id="15"/>
</SrcFileList>
<CritList>
<CritListEntry Name="org.codecover.model.utils.criteria.LoopCoverage" PluginName="org.codecover"/>
<CritListEntry Name="org.codecover.model.utils.criteria.BranchCoverage" PluginName="org.codecover"/>
<CritListEntry Name="org.codecover.model.utils.criteria.ConditionCoverage" PluginName="org.codecover"/>
<CritListEntry Name="org.codecover.model.utils.criteria.SynchronizedStatementCoverage" PluginName="org.codecover"/>
<CritListEntry Name="org.codecover.model.utils.criteria.QMOCoverage" PluginName="org.codecover"/>
<CritListEntry Name="org.codecover.model.utils.criteria.StatementCoverage" PluginName="org.codecover"/>
</CritList>
<BoolOpList>
<BoolOp Arity="2" Intrnl_Id="16" Name="conditional and (&amp;&amp;)">
<BoolAssgnmntBoolMapList>
<MapEntry BoolAssgnmnt="10" Value="false"/>
<MapEntry BoolAssgnmnt="02" Value="false"/>
<MapEntry BoolAssgnmnt="11" Value="true"/>
</BoolAssgnmntBoolMapList>
</BoolOp>
</BoolOpList>
<HierarchyLvlTypeList>
<HierarchyLvlType EnglishName="enumeration" IntrnlName="enum" Intrnl_Id="17"/>
<HierarchyLvlType EnglishName="package" IntrnlName="package" Intrnl_Id="18"/>
<HierarchyLvlType EnglishName="class" IntrnlName="class" Intrnl_Id="19"/>
<HierarchyLvlType EnglishName="method" IntrnlName="method" Intrnl_Id="20"/>
<HierarchyLvlType EnglishName="default package" IntrnlName="default package" Intrnl_Id="21"/>
<HierarchyLvlType EnglishName="interface" IntrnlName="interface" Intrnl_Id="22"/>
</HierarchyLvlTypeList>
<MASTRoot>
<HierarchyLvl HierarchyLvlId="114" HierarchyLvlTypeId="21" Intrnl_Id="23" Name="default package">
<Header/>
<LocList/>
<HierarchyLvl HierarchyLvlId="113" HierarchyLvlTypeId="18" Intrnl_Id="24" Name="game">
<Header/>
<LocList/>
<HierarchyLvl HierarchyLvlId="7" HierarchyLvlTypeId="19" Intrnl_Id="25" Name="Soldier">
<Header>
<Loc EndOffset="160" SrcFileId="1" StartOffset="118"/>
</Header>
<LocList>
<Loc EndOffset="1071" SrcFileId="1" StartOffset="118"/>
</LocList>
<HierarchyLvl HierarchyLvlId="1" HierarchyLvlTypeId="20" Intrnl_Id="26" Name="Soldier">
<Header>
<Loc EndOffset="205" SrcFileId="1" StartOffset="168"/>
</Header>
<LocList>
<Loc EndOffset="336" SrcFileId="1" StartOffset="168"/>
</LocList>
<StmntSeq Intrnl_Id="27">
<LocList>
<Loc EndOffset="238" SrcFileId="1" StartOffset="211"/>
<Loc EndOffset="259" SrcFileId="1" StartOffset="242"/>
<Loc EndOffset="280" SrcFileId="1" StartOffset="263"/>
<Loc EndOffset="304" SrcFileId="1" StartOffset="284"/>
<Loc EndOffset="332" SrcFileId="1" StartOffset="308"/>
</LocList>
<BasicStmnt CovItemId="S1" CovItemPrefix="game.Soldier.java" Intrnl_Id="28">
<LocList>
<Loc EndOffset="238" SrcFileId="1" StartOffset="211"/>
</LocList>
</BasicStmnt>
<BasicStmnt CovItemId="S2" CovItemPrefix="game.Soldier.java" Intrnl_Id="29">
<LocList>
<Loc EndOffset="259" SrcFileId="1" StartOffset="242"/>
</LocList>
</BasicStmnt>
<BasicStmnt CovItemId="S3" CovItemPrefix="game.Soldier.java" Intrnl_Id="30">
<LocList>
<Loc EndOffset="280" SrcFileId="1" StartOffset="263"/>
</LocList>
</BasicStmnt>
<BasicStmnt CovItemId="S4" CovItemPrefix="game.Soldier.java" Intrnl_Id="31">
<LocList>
<Loc EndOffset="304" SrcFileId="1" StartOffset="284"/>
</LocList>
</BasicStmnt>
<BasicStmnt CovItemId="S5" CovItemPrefix="game.Soldier.java" Intrnl_Id="32">
<LocList>
<Loc EndOffset="332" SrcFileId="1" StartOffset="308"/>
</LocList>
</BasicStmnt>
</StmntSeq>
</HierarchyLvl>
<HierarchyLvl HierarchyLvlId="2" HierarchyLvlTypeId="20" Intrnl_Id="33" Name="Soldier">
<Header>
<Loc EndOffset="365" SrcFileId="1" StartOffset="341"/>
</Header>
<LocList>
<Loc EndOffset="451" SrcFileId="1" StartOffset="341"/>
</LocList>
<StmntSeq Intrnl_Id="34">
<LocList>
<Loc EndOffset="398" SrcFileId="1" StartOffset="371"/>
<Loc EndOffset="419" SrcFileId="1" StartOffset="402"/>
<Loc EndOffset="447" SrcFileId="1" StartOffset="423"/>
</LocList>
<BasicStmnt CovItemId="S6" CovItemPrefix="game.Soldier.java" Intrnl_Id="35">
<LocList>
<Loc EndOffset="398" SrcFileId="1" StartOffset="371"/>
</LocList>
</BasicStmnt>
<BasicStmnt CovItemId="S7" CovItemPrefix="game.Soldier.java" Intrnl_Id="36">
<LocList>
<Loc EndOffset="419" SrcFileId="1" StartOffset="402"/>
</LocList>
</BasicStmnt>
<BasicStmnt CovItemId="S8" CovItemPrefix="game.Soldier.java" Intrnl_Id="37">
<LocList>
<Loc EndOffset="447" SrcFileId="1" StartOffset="423"/>
</LocList>
</BasicStmnt>
</StmntSeq>
</HierarchyLvl>
<HierarchyLvl HierarchyLvlId="3" HierarchyLvlTypeId="20" Intrnl_Id="38" Name="setSelected">
<Header>
<Loc EndOffset="509" SrcFileId="1" StartOffset="456"/>
</Header>
<LocList>
<Loc EndOffset="684" SrcFileId="1" StartOffset="456"/>
</LocList>
<StmntSeq Intrnl_Id="39">
<LocList>
<Loc EndOffset="651" SrcFileId="1" StartOffset="515"/>
<Loc EndOffset="680" SrcFileId="1" StartOffset="655"/>
</LocList>
<CondStmnt CovItemId="S9" CovItemPrefix="game.Soldier.java" Intrnl_Id="40">
<Branch CovItemId="B1" CovItemPrefix="game.Soldier.java" Implct="false" Intrnl_Id="41">
<Cond/>
<LocList>
<Loc EndOffset="588" SrcFileId="1" StartOffset="529"/>
</LocList>
<StmntSeq Intrnl_Id="42">
<LocList>
<Loc EndOffset="583" SrcFileId="1" StartOffset="535"/>
</LocList>
<BasicStmnt CovItemId="S10" CovItemPrefix="game.Soldier.java" Intrnl_Id="43">
<LocList>
<Loc EndOffset="583" SrcFileId="1" StartOffset="535"/>
</LocList>
</BasicStmnt>
</StmntSeq>
</Branch>
<Branch CovItemId="B2" CovItemPrefix="game.Soldier.java" Implct="false" Intrnl_Id="44">
<Cond>
<Loc EndOffset="593" SrcFileId="1" StartOffset="589"/>
</Cond>
<LocList>
<Loc EndOffset="651" SrcFileId="1" StartOffset="594"/>
</LocList>
<StmntSeq Intrnl_Id="45">
<LocList>
<Loc EndOffset="646" SrcFileId="1" StartOffset="600"/>
</LocList>
<BasicStmnt CovItemId="S11" CovItemPrefix="game.Soldier.java" Intrnl_Id="46">
<LocList>
<Loc EndOffset="646" SrcFileId="1" StartOffset="600"/>
</LocList>
</BasicStmnt>
</StmntSeq>
</Branch>
<Keyword EndOffset="517" SrcFileId="1" StartOffset="515"/>
<LocList>
<Loc EndOffset="651" SrcFileId="1" StartOffset="515"/>
</LocList>
<RootTerm CovItemId="C1" CovItemPrefix="game.Soldier.java" Intrnl_Id="47">
<BasicBoolTerm Intrnl_Id="48">
<LocList>
<Loc EndOffset="527" SrcFileId="1" StartOffset="519"/>
</LocList>
</BasicBoolTerm>
</RootTerm>
</CondStmnt>
<BasicStmnt CovItemId="S12" CovItemPrefix="game.Soldier.java" Intrnl_Id="49">
<LocList>
<Loc EndOffset="680" SrcFileId="1" StartOffset="655"/>
</LocList>
</BasicStmnt>
</StmntSeq>
</HierarchyLvl>
<HierarchyLvl HierarchyLvlId="4" HierarchyLvlTypeId="20" Intrnl_Id="50" Name="hide">
<Header>
<Loc EndOffset="719" SrcFileId="1" StartOffset="689"/>
</Header>
<LocList>
<Loc EndOffset="751" SrcFileId="1" StartOffset="689"/>
</LocList>
<StmntSeq Intrnl_Id="51">
<LocList>
<Loc EndOffset="746" SrcFileId="1" StartOffset="725"/>
</LocList>
<BasicStmnt CovItemId="S13" CovItemPrefix="game.Soldier.java" Intrnl_Id="52">
<LocList>
<Loc EndOffset="746" SrcFileId="1" StartOffset="725"/>
</LocList>
</BasicStmnt>
</StmntSeq>
</HierarchyLvl>
<HierarchyLvl HierarchyLvlId="5" HierarchyLvlTypeId="20" Intrnl_Id="53" Name="show">
<Header>
<Loc EndOffset="786" SrcFileId="1" StartOffset="756"/>
</Header>
<LocList>
<Loc EndOffset="869" SrcFileId="1" StartOffset="756"/>
</LocList>
<StmntSeq Intrnl_Id="54">
<LocList>
<Loc EndOffset="812" SrcFileId="1" StartOffset="792"/>
<Loc EndOffset="865" SrcFileId="1" StartOffset="816"/>
</LocList>
<BasicStmnt CovItemId="S14" CovItemPrefix="game.Soldier.java" Intrnl_Id="55">
<LocList>
<Loc EndOffset="812" SrcFileId="1" StartOffset="792"/>
</LocList>
</BasicStmnt>
<BasicStmnt CovItemId="S15" CovItemPrefix="game.Soldier.java" Intrnl_Id="56">
<LocList>
<Loc EndOffset="865" SrcFileId="1" StartOffset="816"/>
</LocList>
</BasicStmnt>
</StmntSeq>
</HierarchyLvl>
<HierarchyLvl HierarchyLvlId="6" HierarchyLvlTypeId="20" Intrnl_Id="57" Name="actionPerformed">
<Header>
<Loc EndOffset="928" SrcFileId="1" StartOffset="874"/>
</Header>
<LocList>
<Loc EndOffset="1065" SrcFileId="1" StartOffset="874"/>
</LocList>
<StmntSeq Intrnl_Id="58">
<LocList>
<Loc EndOffset="1061" SrcFileId="1" StartOffset="934"/>
</LocList>
<CondStmnt CovItemId="S16" CovItemPrefix="game.Soldier.java" Intrnl_Id="59">
<Branch CovItemId="B3" CovItemPrefix="game.Soldier.java" Implct="false" Intrnl_Id="60">
<Cond/>
<LocList>
<Loc EndOffset="1000" SrcFileId="1" StartOffset="948"/>
</LocList>
<StmntSeq Intrnl_Id="61">
<LocList>
<Loc EndOffset="995" SrcFileId="1" StartOffset="954"/>
</LocList>
<BasicStmnt CovItemId="S17" CovItemPrefix="game.Soldier.java" Intrnl_Id="62">
<LocList>
<Loc EndOffset="995" SrcFileId="1" StartOffset="954"/>
</LocList>
</BasicStmnt>
</StmntSeq>
</Branch>
<Branch CovItemId="B4" CovItemPrefix="game.Soldier.java" Implct="false" Intrnl_Id="63">
<Cond>
<Loc EndOffset="1005" SrcFileId="1" StartOffset="1001"/>
</Cond>
<LocList>
<Loc EndOffset="1061" SrcFileId="1" StartOffset="1006"/>
</LocList>
<StmntSeq Intrnl_Id="64">
<LocList>
<Loc EndOffset="1056" SrcFileId="1" StartOffset="1012"/>
</LocList>
<BasicStmnt CovItemId="S18" CovItemPrefix="game.Soldier.java" Intrnl_Id="65">
<LocList>
<Loc EndOffset="1056" SrcFileId="1" StartOffset="1012"/>
</LocList>
</BasicStmnt>
</StmntSeq>
</Branch>
<Keyword EndOffset="936" SrcFileId="1" StartOffset="934"/>
<LocList>
<Loc EndOffset="1061" SrcFileId="1" StartOffset="934"/>
</LocList>
<RootTerm CovItemId="C2" CovItemPrefix="game.Soldier.java" Intrnl_Id="66">
<BasicBoolTerm Intrnl_Id="67">
<LocList>
<Loc EndOffset="946" SrcFileId="1" StartOffset="938"/>
</LocList>
</BasicBoolTerm>
</RootTerm>
</CondStmnt>
</StmntSeq>
</HierarchyLvl>
</HierarchyLvl>
<HierarchyLvl HierarchyLvlId="17" HierarchyLvlTypeId="19" Intrnl_Id="68" Name="SetupBoard">
<Header>
<Loc EndOffset="497" SrcFileId="2" StartOffset="433"/>
</Header>
<LocList>
<Loc EndOffset="4612" SrcFileId="2" StartOffset="433"/>
</LocList>
<StmntSeq Intrnl_Id="69">
<LocList>
<Loc EndOffset="570" SrcFileId="2" StartOffset="504"/>
</LocList>
<BasicStmnt CovItemId="S1" CovItemPrefix="game.SetupBoard.java" Intrnl_Id="70">
<LocList>
<Loc EndOffset="570" SrcFileId="2" StartOffset="504"/>
</LocList>
</BasicStmnt>
</StmntSeq>
<HierarchyLvl HierarchyLvlId="8" HierarchyLvlTypeId="20" Intrnl_Id="71" Name="SetupBoard">
<Header>
<Loc EndOffset="784" SrcFileId="2" StartOffset="755"/>
</Header>
<LocList>
<Loc EndOffset="1028" SrcFileId="2" StartOffset="755"/>
</LocList>
<StmntSeq Intrnl_Id="72">
<LocList>
<Loc EndOffset="798" SrcFileId="2" StartOffset="790"/>
<Loc EndOffset="821" SrcFileId="2" StartOffset="802"/>
<Loc EndOffset="859" SrcFileId="2" StartOffset="825"/>
<Loc EndOffset="892" SrcFileId="2" StartOffset="863"/>
<Loc EndOffset="919" SrcFileId="2" StartOffset="896"/>
<Loc EndOffset="973" SrcFileId="2" StartOffset="923"/>
<Loc EndOffset="1001" SrcFileId="2" StartOffset="977"/>
<Loc EndOffset="1024" SrcFileId="2" StartOffset="1005"/>
</LocList>
<BasicStmnt CovItemId="S2" CovItemPrefix="game.SetupBoard.java" Intrnl_Id="73">
<LocList>
<Loc EndOffset="798" SrcFileId="2" StartOffset="790"/>
</LocList>
</BasicStmnt>
<BasicStmnt CovItemId="S3" CovItemPrefix="game.SetupBoard.java" Intrnl_Id="74">
<LocList>
<Loc EndOffset="821" SrcFileId="2" StartOffset="802"/>
</LocList>
</BasicStmnt>
<BasicStmnt CovItemId="S4" CovItemPrefix="game.SetupBoard.java" Intrnl_Id="75">
<LocList>
<Loc EndOffset="859" SrcFileId="2" StartOffset="825"/>
</LocList>
</BasicStmnt>
<BasicStmnt CovItemId="S5" CovItemPrefix="game.SetupBoard.java" Intrnl_Id="76">
<LocList>
<Loc EndOffset="892" SrcFileId="2" StartOffset="863"/>
</LocList>
</BasicStmnt>
<BasicStmnt CovItemId="S6" CovItemPrefix="game.SetupBoard.java" Intrnl_Id="77">
<LocList>
<Loc EndOffset="919" SrcFileId="2" StartOffset="896"/>
</LocList>
</BasicStmnt>
<BasicStmnt CovItemId="S7" CovItemPrefix="game.SetupBoard.java" Intrnl_Id="78">
<LocList>
<Loc EndOffset="973" SrcFileId="2" StartOffset="923"/>
</LocList>
</BasicStmnt>
<BasicStmnt CovItemId="S8" CovItemPrefix="game.SetupBoard.java" Intrnl_Id="79">
<LocList>
<Loc EndOffset="1001" SrcFileId="2" StartOffset="977"/>
</LocList>
</BasicStmnt>
<BasicStmnt CovItemId="S9" CovItemPrefix="game.SetupBoard.java" Intrnl_Id="80">
<LocList>
<Loc EndOffset="1024" SrcFileId="2" StartOffset="1005"/>
</LocList>
</BasicStmnt>
</StmntSeq>
</HierarchyLvl>
<HierarchyLvl HierarchyLvlId="9" HierarchyLvlTypeId="20" Intrnl_Id="81" Name="instantiateModel">
<Header>
<Loc EndOffset="1107" SrcFileId="2" StartOffset="1033"/>
</Header>
<LocList>
<Loc EndOffset="2026" SrcFileId="2" StartOffset="1033"/>
</LocList>
<StmntSeq Intrnl_Id="82">
<LocList>
<Loc EndOffset="1157" SrcFileId="2" StartOffset="1113"/>
<Loc EndOffset="1244" SrcFileId="2" StartOffset="1161"/>
<Loc EndOffset="1291" SrcFileId="2" StartOffset="1248"/>
<Loc EndOffset="1379" SrcFileId="2" StartOffset="1295"/>
<Loc EndOffset="1467" SrcFileId="2" StartOffset="1383"/>
<Loc EndOffset="1558" SrcFileId="2" StartOffset="1471"/>
<Loc EndOffset="1651" SrcFileId="2" StartOffset="1562"/>
<Loc EndOffset="1741" SrcFileId="2" StartOffset="1655"/>
<Loc EndOffset="1829" SrcFileId="2" StartOffset="1745"/>
<Loc EndOffset="1919" SrcFileId="2" StartOffset="1833"/>
<Loc EndOffset="1970" SrcFileId="2" StartOffset="1923"/>
<Loc EndOffset="2022" SrcFileId="2" StartOffset="1974"/>
</LocList>
<BasicStmnt CovItemId="S10" CovItemPrefix="game.SetupBoard.java" Intrnl_Id="83">
<LocList>
<Loc EndOffset="1157" SrcFileId="2" StartOffset="1113"/>
</LocList>
</BasicStmnt>
<LoopStmnt CovItemId="S11" CovItemPrefix="game.SetupBoard.java" Intrnl_Id="84" MltplExecId="L1-2" MltplExecPrefix="game.SetupBoard.java" NvrExecId="L1-0" NvrExecPrefix="game.SetupBoard.java" OnceExecutedId="L1-1" OnceExecutedPrefix="game.SetupBoard.java" OptBodyExec="true">
<StmntSeq Intrnl_Id="85">
<LocList>
<Loc EndOffset="1239" SrcFileId="2" StartOffset="1195"/>
</LocList>
<BasicStmnt CovItemId="S12" CovItemPrefix="game.SetupBoard.java" Intrnl_Id="86">
<LocList>
<Loc EndOffset="1239" SrcFileId="2" StartOffset="1195"/>
</LocList>
</BasicStmnt>
</StmntSeq>
<Keyword EndOffset="1164" SrcFileId="2" StartOffset="1161"/>
<LocList>
<Loc EndOffset="1244" SrcFileId="2" StartOffset="1161"/>
</LocList>
<RootTerm CovItemId="C1" CovItemPrefix="game.SetupBoard.java" Intrnl_Id="87">
<BasicBoolTerm Intrnl_Id="88">
<LocList>
<Loc EndOffset="1182" SrcFileId="2" StartOffset="1177"/>
</LocList>
</BasicBoolTerm>
</RootTerm>
</LoopStmnt>
<BasicStmnt CovItemId="S13" CovItemPrefix="game.SetupBoard.java" Intrnl_Id="89">
<LocList>
<Loc EndOffset="1291" SrcFileId="2" StartOffset="1248"/>
</LocList>
</BasicStmnt>
<LoopStmnt CovItemId="S14" CovItemPrefix="game.SetupBoard.java" Intrnl_Id="90" MltplExecId="L2-2" MltplExecPrefix="game.SetupBoard.java" NvrExecId="L2-0" NvrExecPrefix="game.SetupBoard.java" OnceExecutedId="L2-1" OnceExecutedPrefix="game.SetupBoard.java" OptBodyExec="true">
<StmntSeq Intrnl_Id="91">
<LocList>
<Loc EndOffset="1374" SrcFileId="2" StartOffset="1329"/>
</LocList>
<BasicStmnt CovItemId="S15" CovItemPrefix="game.SetupBoard.java" Intrnl_Id="92">
<LocList>
<Loc EndOffset="1374" SrcFileId="2" StartOffset="1329"/>
</LocList>
</BasicStmnt>
</StmntSeq>
<Keyword EndOffset="1298" SrcFileId="2" StartOffset="1295"/>
<LocList>
<Loc EndOffset="1379" SrcFileId="2" StartOffset="1295"/>
</LocList>
<RootTerm CovItemId="C2" CovItemPrefix="game.SetupBoard.java" Intrnl_Id="93">
<BasicBoolTerm Intrnl_Id="94">
<LocList>
<Loc EndOffset="1316" SrcFileId="2" StartOffset="1311"/>
</LocList>
</BasicBoolTerm>
</RootTerm>
</LoopStmnt>
<LoopStmnt CovItemId="S16" CovItemPrefix="game.SetupBoard.java" Intrnl_Id="95" MltplExecId="L3-2" MltplExecPrefix="game.SetupBoard.java" NvrExecId="L3-0" NvrExecPrefix="game.SetupBoard.java" OnceExecutedId="L3-1" OnceExecutedPrefix="game.SetupBoard.java" OptBodyExec="true">
<StmntSeq Intrnl_Id="96">
<LocList>
<Loc EndOffset="1462" SrcFileId="2" StartOffset="1417"/>
</LocList>
<BasicStmnt CovItemId="S17" CovItemPrefix="game.SetupBoard.java" Intrnl_Id="97">
<LocList>
<Loc EndOffset="1462" SrcFileId="2" StartOffset="1417"/>
</LocList>
</BasicStmnt>
</StmntSeq>
<Keyword EndOffset="1386" SrcFileId="2" StartOffset="1383"/>
<LocList>
<Loc EndOffset="1467" SrcFileId="2" StartOffset="1383"/>
</LocList>
<RootTerm CovItemId="C3" CovItemPrefix="game.SetupBoard.java" Intrnl_Id="98">
<BasicBoolTerm Intrnl_Id="99">
<LocList>
<Loc EndOffset="1404" SrcFileId="2" StartOffset="1399"/>
</LocList>
</BasicBoolTerm>
</RootTerm>
</LoopStmnt>
<LoopStmnt CovItemId="S18" CovItemPrefix="game.SetupBoard.java" Intrnl_Id="100" MltplExecId="L4-2" MltplExecPrefix="game.SetupBoard.java" NvrExecId="L4-0" NvrExecPrefix="game.SetupBoard.java" OnceExecutedId="L4-1" OnceExecutedPrefix="game.SetupBoard.java" OptBodyExec="true">
<StmntSeq Intrnl_Id="101">
<LocList>
<Loc EndOffset="1553" SrcFileId="2" StartOffset="1505"/>
</LocList>
<BasicStmnt CovItemId="S19" CovItemPrefix="game.SetupBoard.java" Intrnl_Id="102">
<LocList>
<Loc EndOffset="1553" SrcFileId="2" StartOffset="1505"/>
</LocList>
</BasicStmnt>
</StmntSeq>
<Keyword EndOffset="1474" SrcFileId="2" StartOffset="1471"/>
<LocList>
<Loc EndOffset="1558" SrcFileId="2" StartOffset="1471"/>
</LocList>
<RootTerm CovItemId="C4" CovItemPrefix="game.SetupBoard.java" Intrnl_Id="103">
<BasicBoolTerm Intrnl_Id="104">
<LocList>
<Loc EndOffset="1492" SrcFileId="2" StartOffset="1487"/>
</LocList>
</BasicBoolTerm>
</RootTerm>
</LoopStmnt>
<LoopStmnt CovItemId="S20" CovItemPrefix="game.SetupBoard.java" Intrnl_Id="105" MltplExecId="L5-2" MltplExecPrefix="game.SetupBoard.java" NvrExecId="L5-0" NvrExecPrefix="game.SetupBoard.java" OnceExecutedId="L5-1" OnceExecutedPrefix="game.SetupBoard.java" OptBodyExec="true">
<StmntSeq Intrnl_Id="106">
<LocList>
<Loc EndOffset="1646" SrcFileId="2" StartOffset="1596"/>
</LocList>
<BasicStmnt CovItemId="S21" CovItemPrefix="game.SetupBoard.java" Intrnl_Id="107">
<LocList>
<Loc EndOffset="1646" SrcFileId="2" StartOffset="1596"/>
</LocList>
</BasicStmnt>
</StmntSeq>
<Keyword EndOffset="1565" SrcFileId="2" StartOffset="1562"/>
<LocList>
<Loc EndOffset="1651" SrcFileId="2" StartOffset="1562"/>
</LocList>
<RootTerm CovItemId="C5" CovItemPrefix="game.SetupBoard.java" Intrnl_Id="108">
<BasicBoolTerm Intrnl_Id="109">
<LocList>
<Loc EndOffset="1583" SrcFileId="2" StartOffset="1578"/>
</LocList>
</BasicBoolTerm>
</RootTerm>
</LoopStmnt>
<LoopStmnt CovItemId="S22" CovItemPrefix="game.SetupBoard.java" Intrnl_Id="110" MltplExecId="L6-2" MltplExecPrefix="game.SetupBoard.java" NvrExecId="L6-0" NvrExecPrefix="game.SetupBoard.java" OnceExecutedId="L6-1" OnceExecutedPrefix="game.SetupBoard.java" OptBodyExec="true">
<StmntSeq Intrnl_Id="111">
<LocList>
<Loc EndOffset="1736" SrcFileId="2" StartOffset="1689"/>
</LocList>
<BasicStmnt CovItemId="S23" CovItemPrefix="game.SetupBoard.java" Intrnl_Id="112">
<LocList>
<Loc EndOffset="1736" SrcFileId="2" StartOffset="1689"/>
</LocList>
</BasicStmnt>
</StmntSeq>
<Keyword EndOffset="1658" SrcFileId="2" StartOffset="1655"/>
<LocList>
<Loc EndOffset="1741" SrcFileId="2" StartOffset="1655"/>
</LocList>
<RootTerm CovItemId="C6" CovItemPrefix="game.SetupBoard.java" Intrnl_Id="113">
<BasicBoolTerm Intrnl_Id="114">
<LocList>
<Loc EndOffset="1676" SrcFileId="2" StartOffset="1671"/>
</LocList>
</BasicBoolTerm>
</RootTerm>
</LoopStmnt>
<LoopStmnt CovItemId="S24" CovItemPrefix="game.SetupBoard.java" Intrnl_Id="115" MltplExecId="L7-2" MltplExecPrefix="game.SetupBoard.java" NvrExecId="L7-0" NvrExecPrefix="game.SetupBoard.java" OnceExecutedId="L7-1" OnceExecutedPrefix="game.SetupBoard.java" OptBodyExec="true">
<StmntSeq Intrnl_Id="116">
<LocList>
<Loc EndOffset="1824" SrcFileId="2" StartOffset="1779"/>
</LocList>
<BasicStmnt CovItemId="S25" CovItemPrefix="game.SetupBoard.java" Intrnl_Id="117">
<LocList>
<Loc EndOffset="1824" SrcFileId="2" StartOffset="1779"/>
</LocList>
</BasicStmnt>
</StmntSeq>
<Keyword EndOffset="1748" SrcFileId="2" StartOffset="1745"/>
<LocList>
<Loc EndOffset="1829" SrcFileId="2" StartOffset="1745"/>
</LocList>
<RootTerm CovItemId="C7" CovItemPrefix="game.SetupBoard.java" Intrnl_Id="118">
<BasicBoolTerm Intrnl_Id="119">
<LocList>
<Loc EndOffset="1766" SrcFileId="2" StartOffset="1761"/>
</LocList>
</BasicBoolTerm>
</RootTerm>
</LoopStmnt>
<LoopStmnt CovItemId="S26" CovItemPrefix="game.SetupBoard.java" Intrnl_Id="120" MltplExecId="L8-2" MltplExecPrefix="game.SetupBoard.java" NvrExecId="L8-0" NvrExecPrefix="game.SetupBoard.java" OnceExecutedId="L8-1" OnceExecutedPrefix="game.SetupBoard.java" OptBodyExec="true">
<StmntSeq Intrnl_Id="121">
<LocList>
<Loc EndOffset="1914" SrcFileId="2" StartOffset="1867"/>
</LocList>
<BasicStmnt CovItemId="S27" CovItemPrefix="game.SetupBoard.java" Intrnl_Id="122">
<LocList>
<Loc EndOffset="1914" SrcFileId="2" StartOffset="1867"/>
</LocList>
</BasicStmnt>
</StmntSeq>
<Keyword EndOffset="1836" SrcFileId="2" StartOffset="1833"/>
<LocList>
<Loc EndOffset="1919" SrcFileId="2" StartOffset="1833"/>
</LocList>
<RootTerm CovItemId="C8" CovItemPrefix="game.SetupBoard.java" Intrnl_Id="123">
<BasicBoolTerm Intrnl_Id="124">
<LocList>
<Loc EndOffset="1854" SrcFileId="2" StartOffset="1849"/>
</LocList>
</BasicBoolTerm>
</RootTerm>
</LoopStmnt>
<BasicStmnt CovItemId="S28" CovItemPrefix="game.SetupBoard.java" Intrnl_Id="125">
<LocList>
<Loc EndOffset="1970" SrcFileId="2" StartOffset="1923"/>
</LocList>
</BasicStmnt>
<BasicStmnt CovItemId="S29" CovItemPrefix="game.SetupBoard.java" Intrnl_Id="126">
<LocList>
<Loc EndOffset="2022" SrcFileId="2" StartOffset="1974"/>
</LocList>
</BasicStmnt>
</StmntSeq>
</HierarchyLvl>
<HierarchyLvl HierarchyLvlId="10" HierarchyLvlTypeId="20" Intrnl_Id="127" Name="instantiateBoard">
<Header>
<Loc EndOffset="2064" SrcFileId="2" StartOffset="2031"/>
</Header>
<LocList>
<Loc EndOffset="2348" SrcFileId="2" StartOffset="2031"/>
</LocList>
<StmntSeq Intrnl_Id="128">
<LocList>
<Loc EndOffset="2344" SrcFileId="2" StartOffset="2070"/>
</LocList>
<LoopStmnt CovItemId="S30" CovItemPrefix="game.SetupBoard.java" Intrnl_Id="129" MltplExecId="L9-2" MltplExecPrefix="game.SetupBoard.java" NvrExecId="L9-0" NvrExecPrefix="game.SetupBoard.java" OnceExecutedId="L9-1" OnceExecutedPrefix="game.SetupBoard.java" OptBodyExec="true">
<StmntSeq Intrnl_Id="130">
<LocList>
<Loc EndOffset="2339" SrcFileId="2" StartOffset="2104"/>
</LocList>
<LoopStmnt CovItemId="S31" CovItemPrefix="game.SetupBoard.java" Intrnl_Id="131" MltplExecId="L10-2" MltplExecPrefix="game.SetupBoard.java" NvrExecId="L10-0" NvrExecPrefix="game.SetupBoard.java" OnceExecutedId="L10-1" OnceExecutedPrefix="game.SetupBoard.java" OptBodyExec="true">
<StmntSeq Intrnl_Id="132">
<LocList>
<Loc EndOffset="2219" SrcFileId="2" StartOffset="2140"/>
<Loc EndOffset="2250" SrcFileId="2" StartOffset="2225"/>
<Loc EndOffset="2304" SrcFileId="2" StartOffset="2256"/>
<Loc EndOffset="2333" SrcFileId="2" StartOffset="2310"/>
</LocList>
<BasicStmnt CovItemId="S32" CovItemPrefix="game.SetupBoard.java" Intrnl_Id="133">
<LocList>
<Loc EndOffset="2219" SrcFileId="2" StartOffset="2140"/>
</LocList>
</BasicStmnt>
<BasicStmnt CovItemId="S33" CovItemPrefix="game.SetupBoard.java" Intrnl_Id="134">
<LocList>
<Loc EndOffset="2250" SrcFileId="2" StartOffset="2225"/>
</LocList>
</BasicStmnt>
<BasicStmnt CovItemId="S34" CovItemPrefix="game.SetupBoard.java" Intrnl_Id="135">
<LocList>
<Loc EndOffset="2304" SrcFileId="2" StartOffset="2256"/>
</LocList>
</BasicStmnt>
<BasicStmnt CovItemId="S35" CovItemPrefix="game.SetupBoard.java" Intrnl_Id="136">
<LocList>
<Loc EndOffset="2333" SrcFileId="2" StartOffset="2310"/>
</LocList>
</BasicStmnt>
</StmntSeq>
<Keyword EndOffset="2107" SrcFileId="2" StartOffset="2104"/>
<LocList>
<Loc EndOffset="2339" SrcFileId="2" StartOffset="2104"/>
</LocList>
<RootTerm CovItemId="C10" CovItemPrefix="game.SetupBoard.java" Intrnl_Id="137">
<BasicBoolTerm Intrnl_Id="138">
<LocList>
<Loc EndOffset="2126" SrcFileId="2" StartOffset="2120"/>
</LocList>
</BasicBoolTerm>
</RootTerm>
</LoopStmnt>
</StmntSeq>
<Keyword EndOffset="2073" SrcFileId="2" StartOffset="2070"/>
<LocList>
<Loc EndOffset="2344" SrcFileId="2" StartOffset="2070"/>
</LocList>
<RootTerm CovItemId="C9" CovItemPrefix="game.SetupBoard.java" Intrnl_Id="139">
<BasicBoolTerm Intrnl_Id="140">
<LocList>
<Loc EndOffset="2091" SrcFileId="2" StartOffset="2086"/>
</LocList>
</BasicBoolTerm>
</RootTerm>
</LoopStmnt>
</StmntSeq>
</HierarchyLvl>
<HierarchyLvl HierarchyLvlId="11" HierarchyLvlTypeId="20" Intrnl_Id="141" Name="addPiece">
<Header>
<Loc EndOffset="2408" SrcFileId="2" StartOffset="2353"/>
</Header>
<LocList>
<Loc EndOffset="2825" SrcFileId="2" StartOffset="2353"/>
</LocList>
<StmntSeq Intrnl_Id="142">
<LocList>
<Loc EndOffset="2462" SrcFileId="2" StartOffset="2414"/>
<Loc EndOffset="2499" SrcFileId="2" StartOffset="2466"/>
<Loc EndOffset="2538" SrcFileId="2" StartOffset="2503"/>
<Loc EndOffset="2577" SrcFileId="2" StartOffset="2542"/>
<Loc EndOffset="2605" SrcFileId="2" StartOffset="2581"/>
<Loc EndOffset="2672" SrcFileId="2" StartOffset="2609"/>
<Loc EndOffset="2697" SrcFileId="2" StartOffset="2676"/>
<Loc EndOffset="2713" SrcFileId="2" StartOffset="2701"/>
<Loc EndOffset="2729" SrcFileId="2" StartOffset="2717"/>
<Loc EndOffset="2752" SrcFileId="2" StartOffset="2733"/>
<Loc EndOffset="2800" SrcFileId="2" StartOffset="2756"/>
<Loc EndOffset="2821" SrcFileId="2" StartOffset="2804"/>
</LocList>
<BasicStmnt CovItemId="S36" CovItemPrefix="game.SetupBoard.java" Intrnl_Id="143">
<LocList>
<Loc EndOffset="2462" SrcFileId="2" StartOffset="2414"/>
</LocList>
</BasicStmnt>
<BasicStmnt CovItemId="S37" CovItemPrefix="game.SetupBoard.java" Intrnl_Id="144">
<LocList>
<Loc EndOffset="2499" SrcFileId="2" StartOffset="2466"/>
</LocList>
</BasicStmnt>
<BasicStmnt CovItemId="S38" CovItemPrefix="game.SetupBoard.java" Intrnl_Id="145">
<LocList>
<Loc EndOffset="2538" SrcFileId="2" StartOffset="2503"/>
</LocList>
</BasicStmnt>
<BasicStmnt CovItemId="S39" CovItemPrefix="game.SetupBoard.java" Intrnl_Id="146">
<LocList>
<Loc EndOffset="2577" SrcFileId="2" StartOffset="2542"/>
</LocList>
</BasicStmnt>
<BasicStmnt CovItemId="S40" CovItemPrefix="game.SetupBoard.java" Intrnl_Id="147">
<LocList>
<Loc EndOffset="2605" SrcFileId="2" StartOffset="2581"/>
</LocList>
</BasicStmnt>
<CondStmnt CovItemId="S41" CovItemPrefix="game.SetupBoard.java" Intrnl_Id="148">
<Branch CovItemId="B1" CovItemPrefix="game.SetupBoard.java" Implct="false" Intrnl_Id="149">
<Cond/>
<LocList>
<Loc EndOffset="2672" SrcFileId="2" StartOffset="2635"/>
</LocList>
<StmntSeq Intrnl_Id="150">
<LocList>
<Loc EndOffset="2667" SrcFileId="2" StartOffset="2641"/>
</LocList>
<BasicStmnt CovItemId="S42" CovItemPrefix="game.SetupBoard.java" Intrnl_Id="151">
<LocList>
<Loc EndOffset="2667" SrcFileId="2" StartOffset="2641"/>
</LocList>
</BasicStmnt>
</StmntSeq>
</Branch>
<Branch CovItemId="B2" CovItemPrefix="game.SetupBoard.java" Implct="true" Intrnl_Id="152">
<Cond/>
<LocList/>
<StmntSeq Intrnl_Id="153">
<LocList/>
</StmntSeq>
</Branch>
<Keyword EndOffset="2611" SrcFileId="2" StartOffset="2609"/>
<LocList>
<Loc EndOffset="2672" SrcFileId="2" StartOffset="2609"/>
</LocList>
<RootTerm CovItemId="C11" CovItemPrefix="game.SetupBoard.java" Intrnl_Id="154">
<BasicBoolTerm Intrnl_Id="155">
<LocList>
<Loc EndOffset="2633" SrcFileId="2" StartOffset="2613"/>
</LocList>
</BasicBoolTerm>
</RootTerm>
</CondStmnt>
<BasicStmnt CovItemId="S43" CovItemPrefix="game.SetupBoard.java" Intrnl_Id="156">
<LocList>
<Loc EndOffset="2697" SrcFileId="2" StartOffset="2676"/>
</LocList>
</BasicStmnt>
<BasicStmnt CovItemId="S44" CovItemPrefix="game.SetupBoard.java" Intrnl_Id="157">
<LocList>
<Loc EndOffset="2713" SrcFileId="2" StartOffset="2701"/>
</LocList>
</BasicStmnt>
<BasicStmnt CovItemId="S45" CovItemPrefix="game.SetupBoard.java" Intrnl_Id="158">
<LocList>
<Loc EndOffset="2729" SrcFileId="2" StartOffset="2717"/>
</LocList>
</BasicStmnt>
<BasicStmnt CovItemId="S46" CovItemPrefix="game.SetupBoard.java" Intrnl_Id="159">
<LocList>
<Loc EndOffset="2752" SrcFileId="2" StartOffset="2733"/>
</LocList>
</BasicStmnt>
<BasicStmnt CovItemId="S47" CovItemPrefix="game.SetupBoard.java" Intrnl_Id="160">
<LocList>
<Loc EndOffset="2800" SrcFileId="2" StartOffset="2756"/>
</LocList>
</BasicStmnt>
<BasicStmnt CovItemId="S48" CovItemPrefix="game.SetupBoard.java" Intrnl_Id="161">
<LocList>
<Loc EndOffset="2821" SrcFileId="2" StartOffset="2804"/>
</LocList>
</BasicStmnt>
</StmntSeq>
</HierarchyLvl>
<HierarchyLvl HierarchyLvlId="12" HierarchyLvlTypeId="20" Intrnl_Id="162" Name="selectedButtonPressed">
<Header>
<Loc EndOffset="2895" SrcFileId="2" StartOffset="2830"/>
</Header>
<LocList>
<Loc EndOffset="3286" SrcFileId="2" StartOffset="2830"/>
</LocList>
<StmntSeq Intrnl_Id="163">
<LocList>
<Loc EndOffset="2968" SrcFileId="2" StartOffset="2940"/>
<Loc EndOffset="3022" SrcFileId="2" StartOffset="2972"/>
<Loc EndOffset="3098" SrcFileId="2" StartOffset="3026"/>
<Loc EndOffset="3122" SrcFileId="2" StartOffset="3102"/>
<Loc EndOffset="3175" SrcFileId="2" StartOffset="3128"/>
<Loc EndOffset="3239" SrcFileId="2" StartOffset="3179"/>
<Loc EndOffset="3263" SrcFileId="2" StartOffset="3247"/>
<Loc EndOffset="3282" SrcFileId="2" StartOffset="3267"/>
</LocList>
<BasicStmnt CovItemId="S49" CovItemPrefix="game.SetupBoard.java" Intrnl_Id="164">
<LocList>
<Loc EndOffset="2968" SrcFileId="2" StartOffset="2940"/>
</LocList>
</BasicStmnt>
<BasicStmnt CovItemId="S50" CovItemPrefix="game.SetupBoard.java" Intrnl_Id="165">
<LocList>
<Loc EndOffset="3022" SrcFileId="2" StartOffset="2972"/>
</LocList>
</BasicStmnt>
<BasicStmnt CovItemId="S51" CovItemPrefix="game.SetupBoard.java" Intrnl_Id="166">
<LocList>
<Loc EndOffset="3098" SrcFileId="2" StartOffset="3026"/>
</LocList>
</BasicStmnt>
<BasicStmnt CovItemId="S52" CovItemPrefix="game.SetupBoard.java" Intrnl_Id="167">
<LocList>
<Loc EndOffset="3122" SrcFileId="2" StartOffset="3102"/>
</LocList>
</BasicStmnt>
<BasicStmnt CovItemId="S53" CovItemPrefix="game.SetupBoard.java" Intrnl_Id="168">
<LocList>
<Loc EndOffset="3175" SrcFileId="2" StartOffset="3128"/>
</LocList>
</BasicStmnt>
<CondStmnt CovItemId="S54" CovItemPrefix="game.SetupBoard.java" Intrnl_Id="169">
<Branch CovItemId="B3" CovItemPrefix="game.SetupBoard.java" Implct="false" Intrnl_Id="170">
<Cond/>
<LocList>
<Loc EndOffset="3239" SrcFileId="2" StartOffset="3204"/>
</LocList>
<StmntSeq Intrnl_Id="171">
<LocList>
<Loc EndOffset="3234" SrcFileId="2" StartOffset="3210"/>
</LocList>
<BasicStmnt CovItemId="S55" CovItemPrefix="game.SetupBoard.java" Intrnl_Id="172">
<LocList>
<Loc EndOffset="3234" SrcFileId="2" StartOffset="3210"/>
</LocList>
</BasicStmnt>
</StmntSeq>
</Branch>
<Branch CovItemId="B4" CovItemPrefix="game.SetupBoard.java" Implct="true" Intrnl_Id="173">
<Cond/>
<LocList/>
<StmntSeq Intrnl_Id="174">
<LocList/>
</StmntSeq>
</Branch>
<Keyword EndOffset="3181" SrcFileId="2" StartOffset="3179"/>
<LocList>
<Loc EndOffset="3239" SrcFileId="2" StartOffset="3179"/>
</LocList>
<RootTerm CovItemId="C12" CovItemPrefix="game.SetupBoard.java" Intrnl_Id="175">
<BasicBoolTerm Intrnl_Id="176">
<LocList>
<Loc EndOffset="3202" SrcFileId="2" StartOffset="3182"/>
</LocList>
</BasicBoolTerm>
</RootTerm>
</CondStmnt>
<BasicStmnt CovItemId="S56" CovItemPrefix="game.SetupBoard.java" Intrnl_Id="177">
<LocList>
<Loc EndOffset="3263" SrcFileId="2" StartOffset="3247"/>
</LocList>
</BasicStmnt>
<BasicStmnt CovItemId="S57" CovItemPrefix="game.SetupBoard.java" Intrnl_Id="178">
<LocList>
<Loc EndOffset="3282" SrcFileId="2" StartOffset="3267"/>
</LocList>
</BasicStmnt>
</StmntSeq>
</HierarchyLvl>
<HierarchyLvl HierarchyLvlId="13" HierarchyLvlTypeId="20" Intrnl_Id="179" Name="showJOptionPane">
<Header>
<Loc EndOffset="3394" SrcFileId="2" StartOffset="3291"/>
</Header>
<LocList>
<Loc EndOffset="4019" SrcFileId="2" StartOffset="3291"/>
</LocList>
<StmntSeq Intrnl_Id="180">
<LocList>
<Loc EndOffset="3531" SrcFileId="2" StartOffset="3400"/>
<Loc EndOffset="4015" SrcFileId="2" StartOffset="3535"/>
</LocList>
<BasicStmnt CovItemId="S58" CovItemPrefix="game.SetupBoard.java" Intrnl_Id="181">
<LocList>
<Loc EndOffset="3531" SrcFileId="2" StartOffset="3400"/>
</LocList>
</BasicStmnt>
<CondStmnt CovItemId="S59" CovItemPrefix="game.SetupBoard.java" Intrnl_Id="182">
<Branch CovItemId="B5" CovItemPrefix="game.SetupBoard.java" Implct="false" Intrnl_Id="183">
<Cond>
<Loc EndOffset="3582" SrcFileId="2" StartOffset="3556"/>
</Cond>
<LocList>
<Loc EndOffset="4010" SrcFileId="2" StartOffset="3588"/>
</LocList>
<StmntSeq Intrnl_Id="184">
<LocList>
<Loc EndOffset="4010" SrcFileId="2" StartOffset="3588"/>
</LocList>
<CondStmnt CovItemId="S60" CovItemPrefix="game.SetupBoard.java" Intrnl_Id="185">
<Branch CovItemId="B6" CovItemPrefix="game.SetupBoard.java" Implct="false" Intrnl_Id="186">
<Cond/>
<LocList>
<Loc EndOffset="4010" SrcFileId="2" StartOffset="3627"/>
</LocList>
<StmntSeq Intrnl_Id="187">
<LocList>
<Loc EndOffset="3707" SrcFileId="2" StartOffset="3634"/>
<Loc EndOffset="3786" SrcFileId="2" StartOffset="3713"/>
<Loc EndOffset="3814" SrcFileId="2" StartOffset="3792"/>
<Loc EndOffset="3856" SrcFileId="2" StartOffset="3820"/>
<Loc EndOffset="3959" SrcFileId="2" StartOffset="3862"/>
<Loc EndOffset="3992" SrcFileId="2" StartOffset="3965"/>
<Loc EndOffset="4004" SrcFileId="2" StartOffset="3998"/>
</LocList>
<BasicStmnt CovItemId="S61" CovItemPrefix="game.SetupBoard.java" Intrnl_Id="188">
<LocList>
<Loc EndOffset="3707" SrcFileId="2" StartOffset="3634"/>
</LocList>
</BasicStmnt>
<BasicStmnt CovItemId="S62" CovItemPrefix="game.SetupBoard.java" Intrnl_Id="189">
<LocList>
<Loc EndOffset="3786" SrcFileId="2" StartOffset="3713"/>
</LocList>
</BasicStmnt>
<BasicStmnt CovItemId="S63" CovItemPrefix="game.SetupBoard.java" Intrnl_Id="190">
<LocList>
<Loc EndOffset="3814" SrcFileId="2" StartOffset="3792"/>
</LocList>
</BasicStmnt>
<BasicStmnt CovItemId="S64" CovItemPrefix="game.SetupBoard.java" Intrnl_Id="191">
<LocList>
<Loc EndOffset="3856" SrcFileId="2" StartOffset="3820"/>
</LocList>
</BasicStmnt>
<BasicStmnt CovItemId="S65" CovItemPrefix="game.SetupBoard.java" Intrnl_Id="192">
<LocList>
<Loc EndOffset="3959" SrcFileId="2" StartOffset="3862"/>
</LocList>
</BasicStmnt>
<BasicStmnt CovItemId="S66" CovItemPrefix="game.SetupBoard.java" Intrnl_Id="193">
<LocList>
<Loc EndOffset="3992" SrcFileId="2" StartOffset="3965"/>
</LocList>
</BasicStmnt>
<BasicStmnt CovItemId="S67" CovItemPrefix="game.SetupBoard.java" Intrnl_Id="194">
<LocList>
<Loc EndOffset="4004" SrcFileId="2" StartOffset="3998"/>
</LocList>
</BasicStmnt>
</StmntSeq>
</Branch>
<Branch CovItemId="B7" CovItemPrefix="game.SetupBoard.java" Implct="true" Intrnl_Id="195">
<Cond/>
<LocList/>
<StmntSeq Intrnl_Id="196">
<LocList/>
</StmntSeq>
</Branch>
<Keyword EndOffset="3590" SrcFileId="2" StartOffset="3588"/>
<LocList>
<Loc EndOffset="4010" SrcFileId="2" StartOffset="3588"/>
</LocList>
<RootTerm CovItemId="C13" CovItemPrefix="game.SetupBoard.java" Intrnl_Id="197">
<BasicBoolTerm Intrnl_Id="198">
<LocList>
<Loc EndOffset="3625" SrcFileId="2" StartOffset="3592"/>
</LocList>
</BasicBoolTerm>
</RootTerm>
</CondStmnt>
</StmntSeq>
</Branch>
<Branch CovItemId="B8" CovItemPrefix="game.SetupBoard.java" Implct="true" Intrnl_Id="199">
<Cond/>
<LocList/>
<StmntSeq Intrnl_Id="200">
<LocList/>
</StmntSeq>
</Branch>
<Keyword EndOffset="3541" SrcFileId="2" StartOffset="3535"/>
<LocList>
<Loc EndOffset="4015" SrcFileId="2" StartOffset="3535"/>
</LocList>
</CondStmnt>
</StmntSeq>
</HierarchyLvl>
<HierarchyLvl HierarchyLvlId="14" HierarchyLvlTypeId="20" Intrnl_Id="201" Name="nonSelectedButtonPressed">
<Header>
<Loc EndOffset="4095" SrcFileId="2" StartOffset="4027"/>
</Header>
<LocList>
<Loc EndOffset="4464" SrcFileId="2" StartOffset="4027"/>
</LocList>
<StmntSeq Intrnl_Id="202">
<LocList>
<Loc EndOffset="4124" SrcFileId="2" StartOffset="4101"/>
<Loc EndOffset="4151" SrcFileId="2" StartOffset="4128"/>
<Loc EndOffset="4193" SrcFileId="2" StartOffset="4155"/>
<Loc EndOffset="4223" SrcFileId="2" StartOffset="4197"/>
<Loc EndOffset="4281" SrcFileId="2" StartOffset="4227"/>
<Loc EndOffset="4309" SrcFileId="2" StartOffset="4285"/>
<Loc EndOffset="4335" SrcFileId="2" StartOffset="4313"/>
<Loc EndOffset="4386" SrcFileId="2" StartOffset="4339"/>
<Loc EndOffset="4417" SrcFileId="2" StartOffset="4390"/>
<Loc EndOffset="4441" SrcFileId="2" StartOffset="4425"/>
<Loc EndOffset="4460" SrcFileId="2" StartOffset="4445"/>
</LocList>
<BasicStmnt CovItemId="S68" CovItemPrefix="game.SetupBoard.java" Intrnl_Id="203">
<LocList>
<Loc EndOffset="4124" SrcFileId="2" StartOffset="4101"/>
</LocList>
</BasicStmnt>
<BasicStmnt CovItemId="S69" CovItemPrefix="game.SetupBoard.java" Intrnl_Id="204">
<LocList>
<Loc EndOffset="4151" SrcFileId="2" StartOffset="4128"/>
</LocList>
</BasicStmnt>
<BasicStmnt CovItemId="S70" CovItemPrefix="game.SetupBoard.java" Intrnl_Id="205">
<LocList>
<Loc EndOffset="4193" SrcFileId="2" StartOffset="4155"/>
</LocList>
</BasicStmnt>
<BasicStmnt CovItemId="S71" CovItemPrefix="game.SetupBoard.java" Intrnl_Id="206">
<LocList>
<Loc EndOffset="4223" SrcFileId="2" StartOffset="4197"/>
</LocList>
</BasicStmnt>
<BasicStmnt CovItemId="S72" CovItemPrefix="game.SetupBoard.java" Intrnl_Id="207">
<LocList>
<Loc EndOffset="4281" SrcFileId="2" StartOffset="4227"/>
</LocList>
</BasicStmnt>
<BasicStmnt CovItemId="S73" CovItemPrefix="game.SetupBoard.java" Intrnl_Id="208">
<LocList>
<Loc EndOffset="4309" SrcFileId="2" StartOffset="4285"/>
</LocList>
</BasicStmnt>
<BasicStmnt CovItemId="S74" CovItemPrefix="game.SetupBoard.java" Intrnl_Id="209">
<LocList>
<Loc EndOffset="4335" SrcFileId="2" StartOffset="4313"/>
</LocList>
</BasicStmnt>
<BasicStmnt CovItemId="S75" CovItemPrefix="game.SetupBoard.java" Intrnl_Id="210">
<LocList>
<Loc EndOffset="4386" SrcFileId="2" StartOffset="4339"/>
</LocList>
</BasicStmnt>
<BasicStmnt CovItemId="S76" CovItemPrefix="game.SetupBoard.java" Intrnl_Id="211">
<LocList>
<Loc EndOffset="4417" SrcFileId="2" StartOffset="4390"/>
</LocList>
</BasicStmnt>
<BasicStmnt CovItemId="S77" CovItemPrefix="game.SetupBoard.java" Intrnl_Id="212">
<LocList>
<Loc EndOffset="4441" SrcFileId="2" StartOffset="4425"/>
</LocList>
</BasicStmnt>
<BasicStmnt CovItemId="S78" CovItemPrefix="game.SetupBoard.java" Intrnl_Id="213">
<LocList>
<Loc EndOffset="4460" SrcFileId="2" StartOffset="4445"/>
</LocList>
</BasicStmnt>
</StmntSeq>
</HierarchyLvl>
<HierarchyLvl HierarchyLvlId="15" HierarchyLvlTypeId="20" Intrnl_Id="214" Name="getPieces">
<Header>
<Loc EndOffset="4506" SrcFileId="2" StartOffset="4470"/>
</Header>
<LocList>
<Loc EndOffset="4530" SrcFileId="2" StartOffset="4470"/>
</LocList>
<StmntSeq Intrnl_Id="215">
<LocList>
<Loc EndOffset="4526" SrcFileId="2" StartOffset="4512"/>
</LocList>
<BasicStmnt CovItemId="S79" CovItemPrefix="game.SetupBoard.java" Intrnl_Id="216">
<LocList>
<Loc EndOffset="4526" SrcFileId="2" StartOffset="4512"/>
</LocList>
</BasicStmnt>
</StmntSeq>
</HierarchyLvl>
<HierarchyLvl HierarchyLvlId="16" HierarchyLvlTypeId="20" Intrnl_Id="217" Name="setObserver">
<Header>
<Loc EndOffset="4579" SrcFileId="2" StartOffset="4536"/>
</Header>
<LocList>
<Loc EndOffset="4609" SrcFileId="2" StartOffset="4536"/>
</LocList>
<StmntSeq Intrnl_Id="218">
<LocList>
<Loc EndOffset="4605" SrcFileId="2" StartOffset="4585"/>
</LocList>
<BasicStmnt CovItemId="S80" CovItemPrefix="game.SetupBoard.java" Intrnl_Id="219">
<LocList>
<Loc EndOffset="4605" SrcFileId="2" StartOffset="4585"/>
</LocList>
</BasicStmnt>
</StmntSeq>
</HierarchyLvl>
</HierarchyLvl>
<HierarchyLvl HierarchyLvlId="24" HierarchyLvlTypeId="19" Intrnl_Id="220" Name="PlayerBoard">
<Header>
<Loc EndOffset="233" SrcFileId="3" StartOffset="168"/>
</Header>
<LocList>
<Loc EndOffset="1141" SrcFileId="3" StartOffset="168"/>
</LocList>
<HierarchyLvl HierarchyLvlId="18" HierarchyLvlTypeId="20" Intrnl_Id="221" Name="PlayerBoard">
<Header>
<Loc EndOffset="317" SrcFileId="3" StartOffset="287"/>
</Header>
<LocList>
<Loc EndOffset="643" SrcFileId="3" StartOffset="287"/>
</LocList>
<StmntSeq Intrnl_Id="222">
<LocList>
<Loc EndOffset="344" SrcFileId="3" StartOffset="323"/>
<Loc EndOffset="389" SrcFileId="3" StartOffset="348"/>
<Loc EndOffset="416" SrcFileId="3" StartOffset="393"/>
<Loc EndOffset="461" SrcFileId="3" StartOffset="420"/>
<Loc EndOffset="502" SrcFileId="3" StartOffset="465"/>
<Loc EndOffset="548" SrcFileId="3" StartOffset="508"/>
<Loc EndOffset="575" SrcFileId="3" StartOffset="552"/>
<Loc EndOffset="599" SrcFileId="3" StartOffset="579"/>
<Loc EndOffset="639" SrcFileId="3" StartOffset="603"/>
</LocList>
<BasicStmnt CovItemId="S1" CovItemPrefix="game.PlayerBoard.java" Intrnl_Id="223">
<LocList>
<Loc EndOffset="344" SrcFileId="3" StartOffset="323"/>
</LocList>
</BasicStmnt>
<BasicStmnt CovItemId="S2" CovItemPrefix="game.PlayerBoard.java" Intrnl_Id="224">
<LocList>
<Loc EndOffset="389" SrcFileId="3" StartOffset="348"/>
</LocList>
</BasicStmnt>
<BasicStmnt CovItemId="S3" CovItemPrefix="game.PlayerBoard.java" Intrnl_Id="225">
<LocList>
<Loc EndOffset="416" SrcFileId="3" StartOffset="393"/>
</LocList>
</BasicStmnt>
<BasicStmnt CovItemId="S4" CovItemPrefix="game.PlayerBoard.java" Intrnl_Id="226">
<LocList>
<Loc EndOffset="461" SrcFileId="3" StartOffset="420"/>
</LocList>
</BasicStmnt>
<BasicStmnt CovItemId="S5" CovItemPrefix="game.PlayerBoard.java" Intrnl_Id="227">
<LocList>
<Loc EndOffset="502" SrcFileId="3" StartOffset="465"/>
</LocList>
</BasicStmnt>
<BasicStmnt CovItemId="S6" CovItemPrefix="game.PlayerBoard.java" Intrnl_Id="228">
<LocList>
<Loc EndOffset="548" SrcFileId="3" StartOffset="508"/>
</LocList>
</BasicStmnt>
<BasicStmnt CovItemId="S7" CovItemPrefix="game.PlayerBoard.java" Intrnl_Id="229">
<LocList>
<Loc EndOffset="575" SrcFileId="3" StartOffset="552"/>
</LocList>
</BasicStmnt>
<BasicStmnt CovItemId="S8" CovItemPrefix="game.PlayerBoard.java" Intrnl_Id="230">
<LocList>
<Loc EndOffset="599" SrcFileId="3" StartOffset="579"/>
</LocList>
</BasicStmnt>
<BasicStmnt CovItemId="S9" CovItemPrefix="game.PlayerBoard.java" Intrnl_Id="231">
<LocList>
<Loc EndOffset="639" SrcFileId="3" StartOffset="603"/>
</LocList>
</BasicStmnt>
</StmntSeq>
</HierarchyLvl>
<HierarchyLvl HierarchyLvlId="19" HierarchyLvlTypeId="20" Intrnl_Id="232" Name="getOwner">
<Header>
<Loc EndOffset="671" SrcFileId="3" StartOffset="649"/>
</Header>
<LocList>
<Loc EndOffset="694" SrcFileId="3" StartOffset="649"/>
</LocList>
<StmntSeq Intrnl_Id="233">
<LocList>
<Loc EndOffset="690" SrcFileId="3" StartOffset="677"/>
</LocList>
<BasicStmnt CovItemId="S10" CovItemPrefix="game.PlayerBoard.java" Intrnl_Id="234">
<LocList>
<Loc EndOffset="690" SrcFileId="3" StartOffset="677"/>
</LocList>
</BasicStmnt>
</StmntSeq>
</HierarchyLvl>
<HierarchyLvl HierarchyLvlId="20" HierarchyLvlTypeId="20" Intrnl_Id="235" Name="setOwner">
<Header>
<Loc EndOffset="729" SrcFileId="3" StartOffset="697"/>
</Header>
<LocList>
<Loc EndOffset="758" SrcFileId="3" StartOffset="697"/>
</LocList>
<StmntSeq Intrnl_Id="236">
<LocList>
<Loc EndOffset="754" SrcFileId="3" StartOffset="735"/>
</LocList>
<BasicStmnt CovItemId="S11" CovItemPrefix="game.PlayerBoard.java" Intrnl_Id="237">
<LocList>
<Loc EndOffset="754" SrcFileId="3" StartOffset="735"/>
</LocList>
</BasicStmnt>
</StmntSeq>
</HierarchyLvl>
<HierarchyLvl HierarchyLvlId="21" HierarchyLvlTypeId="20" Intrnl_Id="238" Name="getBoard">
<Header>
<Loc EndOffset="788" SrcFileId="3" StartOffset="764"/>
</Header>
<LocList>
<Loc EndOffset="811" SrcFileId="3" StartOffset="764"/>
</LocList>
<StmntSeq Intrnl_Id="239">
<LocList>
<Loc EndOffset="807" SrcFileId="3" StartOffset="794"/>
</LocList>
<BasicStmnt CovItemId="S12" CovItemPrefix="game.PlayerBoard.java" Intrnl_Id="240">
<LocList>
<Loc EndOffset="807" SrcFileId="3" StartOffset="794"/>
</LocList>
</BasicStmnt>
</StmntSeq>
</HierarchyLvl>
<HierarchyLvl HierarchyLvlId="22" HierarchyLvlTypeId="20" Intrnl_Id="241" Name="setBoard">
<Header>
<Loc EndOffset="848" SrcFileId="3" StartOffset="814"/>
</Header>
<LocList>
<Loc EndOffset="877" SrcFileId="3" StartOffset="814"/>
</LocList>
<StmntSeq Intrnl_Id="242">
<LocList>
<Loc EndOffset="873" SrcFileId="3" StartOffset="854"/>
</LocList>
<BasicStmnt CovItemId="S13" CovItemPrefix="game.PlayerBoard.java" Intrnl_Id="243">
<LocList>
<Loc EndOffset="873" SrcFileId="3" StartOffset="854"/>
</LocList>
</BasicStmnt>
</StmntSeq>
</HierarchyLvl>
<HierarchyLvl HierarchyLvlId="23" HierarchyLvlTypeId="20" Intrnl_Id="244" Name="isDone">
<Header>
<Loc EndOffset="938" SrcFileId="3" StartOffset="882"/>
</Header>
<LocList>
<Loc EndOffset="1136" SrcFileId="3" StartOffset="882"/>
</LocList>
<StmntSeq Intrnl_Id="245">
<LocList>
<Loc EndOffset="1017" SrcFileId="3" StartOffset="966"/>
<Loc EndOffset="1040" SrcFileId="3" StartOffset="1021"/>
<Loc EndOffset="1064" SrcFileId="3" StartOffset="1044"/>
<Loc EndOffset="1084" SrcFileId="3" StartOffset="1068"/>
<Loc EndOffset="1103" SrcFileId="3" StartOffset="1088"/>
<Loc EndOffset="1132" SrcFileId="3" StartOffset="1107"/>
</LocList>
<BasicStmnt CovItemId="S14" CovItemPrefix="game.PlayerBoard.java" Intrnl_Id="246">
<LocList>
<Loc EndOffset="1017" SrcFileId="3" StartOffset="966"/>
</LocList>
</BasicStmnt>
<BasicStmnt CovItemId="S15" CovItemPrefix="game.PlayerBoard.java" Intrnl_Id="247">
<LocList>
<Loc EndOffset="1040" SrcFileId="3" StartOffset="1021"/>
</LocList>
</BasicStmnt>
<BasicStmnt CovItemId="S16" CovItemPrefix="game.PlayerBoard.java" Intrnl_Id="248">
<LocList>
<Loc EndOffset="1064" SrcFileId="3" StartOffset="1044"/>
</LocList>
</BasicStmnt>
<BasicStmnt CovItemId="S17" CovItemPrefix="game.PlayerBoard.java" Intrnl_Id="249">
<LocList>
<Loc EndOffset="1084" SrcFileId="3" StartOffset="1068"/>
</LocList>
</BasicStmnt>
<BasicStmnt CovItemId="S18" CovItemPrefix="game.PlayerBoard.java" Intrnl_Id="250">
<LocList>
<Loc EndOffset="1103" SrcFileId="3" StartOffset="1088"/>
</LocList>
</BasicStmnt>
<BasicStmnt CovItemId="S19" CovItemPrefix="game.PlayerBoard.java" Intrnl_Id="251">
<LocList>
<Loc EndOffset="1132" SrcFileId="3" StartOffset="1107"/>
</LocList>
</BasicStmnt>
</StmntSeq>
</HierarchyLvl>
</HierarchyLvl>
<HierarchyLvl HierarchyLvlId="38" HierarchyLvlTypeId="19" Intrnl_Id="252" Name="PieceFactory">
<Header>
<Loc EndOffset="42" SrcFileId="4" StartOffset="17"/>
</Header>
<LocList>
<Loc EndOffset="1592" SrcFileId="4" StartOffset="17"/>
</LocList>
<HierarchyLvl HierarchyLvlId="25" HierarchyLvlTypeId="20" Intrnl_Id="253" Name="createBomb">
<Header>
<Loc EndOffset="90" SrcFileId="4" StartOffset="50"/>
</Header>
<LocList>
<Loc EndOffset="148" SrcFileId="4" StartOffset="50"/>
</LocList>
<StmntSeq Intrnl_Id="254">
<LocList>
<Loc EndOffset="128" SrcFileId="4" StartOffset="96"/>
<Loc EndOffset="144" SrcFileId="4" StartOffset="132"/>
</LocList>
<BasicStmnt CovItemId="S1" CovItemPrefix="game.PieceFactory.java" Intrnl_Id="255">
<LocList>
<Loc EndOffset="128" SrcFileId="4" StartOffset="96"/>
</LocList>
</BasicStmnt>
<BasicStmnt CovItemId="S2" CovItemPrefix="game.PieceFactory.java" Intrnl_Id="256">
<LocList>
<Loc EndOffset="144" SrcFileId="4" StartOffset="132"/>
</LocList>
</BasicStmnt>
</StmntSeq>
</HierarchyLvl>
<HierarchyLvl HierarchyLvlId="26" HierarchyLvlTypeId="20" Intrnl_Id="257" Name="createClearPiece">
<Header>
<Loc EndOffset="200" SrcFileId="4" StartOffset="154"/>
</Header>
<LocList>
<Loc EndOffset="234" SrcFileId="4" StartOffset="154"/>
</LocList>
<StmntSeq Intrnl_Id="258">
<LocList>
<Loc EndOffset="230" SrcFileId="4" StartOffset="206"/>
</LocList>
<BasicStmnt CovItemId="S3" CovItemPrefix="game.PieceFactory.java" Intrnl_Id="259">
<LocList>
<Loc EndOffset="230" SrcFileId="4" StartOffset="206"/>
</LocList>
</BasicStmnt>
</StmntSeq>
</HierarchyLvl>
<HierarchyLvl HierarchyLvlId="27" HierarchyLvlTypeId="20" Intrnl_Id="260" Name="createFlag">
<Header>
<Loc EndOffset="280" SrcFileId="4" StartOffset="240"/>
</Header>
<LocList>
<Loc EndOffset="338" SrcFileId="4" StartOffset="240"/>
</LocList>
<StmntSeq Intrnl_Id="261">
<LocList>
<Loc EndOffset="318" SrcFileId="4" StartOffset="286"/>
<Loc EndOffset="334" SrcFileId="4" StartOffset="322"/>
</LocList>
<BasicStmnt CovItemId="S4" CovItemPrefix="game.PieceFactory.java" Intrnl_Id="262">
<LocList>
<Loc EndOffset="318" SrcFileId="4" StartOffset="286"/>
</LocList>
</BasicStmnt>
<BasicStmnt CovItemId="S5" CovItemPrefix="game.PieceFactory.java" Intrnl_Id="263">
<LocList>
<Loc EndOffset="334" SrcFileId="4" StartOffset="322"/>
</LocList>
</BasicStmnt>
</StmntSeq>
</HierarchyLvl>
<HierarchyLvl HierarchyLvlId="28" HierarchyLvlTypeId="20" Intrnl_Id="264" Name="createSpy">
<Header>
<Loc EndOffset="383" SrcFileId="4" StartOffset="344"/>
</Header>
<LocList>
<Loc EndOffset="450" SrcFileId="4" StartOffset="344"/>
</LocList>
<StmntSeq Intrnl_Id="265">
<LocList>
<Loc EndOffset="431" SrcFileId="4" StartOffset="389"/>
<Loc EndOffset="446" SrcFileId="4" StartOffset="435"/>
</LocList>
<BasicStmnt CovItemId="S6" CovItemPrefix="game.PieceFactory.java" Intrnl_Id="266">
<LocList>
<Loc EndOffset="431" SrcFileId="4" StartOffset="389"/>
</LocList>
</BasicStmnt>
<BasicStmnt CovItemId="S7" CovItemPrefix="game.PieceFactory.java" Intrnl_Id="267">
<LocList>
<Loc EndOffset="446" SrcFileId="4" StartOffset="435"/>
</LocList>
</BasicStmnt>
</StmntSeq>
</HierarchyLvl>
<HierarchyLvl HierarchyLvlId="29" HierarchyLvlTypeId="20" Intrnl_Id="268" Name="createMarshall">
<Header>
<Loc EndOffset="500" SrcFileId="4" StartOffset="456"/>
</Header>
<LocList>
<Loc EndOffset="577" SrcFileId="4" StartOffset="456"/>
</LocList>
<StmntSeq Intrnl_Id="269">
<LocList>
<Loc EndOffset="554" SrcFileId="4" StartOffset="506"/>
<Loc EndOffset="573" SrcFileId="4" StartOffset="558"/>
</LocList>
<BasicStmnt CovItemId="S8" CovItemPrefix="game.PieceFactory.java" Intrnl_Id="270">
<LocList>
<Loc EndOffset="554" SrcFileId="4" StartOffset="506"/>
</LocList>
</BasicStmnt>
<BasicStmnt CovItemId="S9" CovItemPrefix="game.PieceFactory.java" Intrnl_Id="271">
<LocList>
<Loc EndOffset="573" SrcFileId="4" StartOffset="558"/>
</LocList>
</BasicStmnt>
</StmntSeq>
</HierarchyLvl>
<HierarchyLvl HierarchyLvlId="30" HierarchyLvlTypeId="20" Intrnl_Id="272" Name="createGeneral">
<Header>
<Loc EndOffset="626" SrcFileId="4" StartOffset="583"/>
</Header>
<LocList>
<Loc EndOffset="705" SrcFileId="4" StartOffset="583"/>
</LocList>
<StmntSeq Intrnl_Id="273">
<LocList>
<Loc EndOffset="682" SrcFileId="4" StartOffset="632"/>
<Loc EndOffset="701" SrcFileId="4" StartOffset="686"/>
</LocList>
<BasicStmnt CovItemId="S10" CovItemPrefix="game.PieceFactory.java" Intrnl_Id="274">
<LocList>
<Loc EndOffset="682" SrcFileId="4" StartOffset="632"/>
</LocList>
</BasicStmnt>
<BasicStmnt CovItemId="S11" CovItemPrefix="game.PieceFactory.java" Intrnl_Id="275">
<LocList>
<Loc EndOffset="701" SrcFileId="4" StartOffset="686"/>
</LocList>
</BasicStmnt>
</StmntSeq>
</HierarchyLvl>
<HierarchyLvl HierarchyLvlId="31" HierarchyLvlTypeId="20" Intrnl_Id="276" Name="createColonel">
<Header>
<Loc EndOffset="754" SrcFileId="4" StartOffset="711"/>
</Header>
<LocList>
<Loc EndOffset="833" SrcFileId="4" StartOffset="711"/>
</LocList>
<StmntSeq Intrnl_Id="277">
<LocList>
<Loc EndOffset="810" SrcFileId="4" StartOffset="760"/>
<Loc EndOffset="829" SrcFileId="4" StartOffset="814"/>
</LocList>
<BasicStmnt CovItemId="S12" CovItemPrefix="game.PieceFactory.java" Intrnl_Id="278">
<LocList>
<Loc EndOffset="810" SrcFileId="4" StartOffset="760"/>
</LocList>
</BasicStmnt>
<BasicStmnt CovItemId="S13" CovItemPrefix="game.PieceFactory.java" Intrnl_Id="279">
<LocList>
<Loc EndOffset="829" SrcFileId="4" StartOffset="814"/>
</LocList>
</BasicStmnt>
</StmntSeq>
</HierarchyLvl>
<HierarchyLvl HierarchyLvlId="32" HierarchyLvlTypeId="20" Intrnl_Id="280" Name="createMajor">
<Header>
<Loc EndOffset="880" SrcFileId="4" StartOffset="839"/>
</Header>
<LocList>
<Loc EndOffset="957" SrcFileId="4" StartOffset="839"/>
</LocList>
<StmntSeq Intrnl_Id="281">
<LocList>
<Loc EndOffset="934" SrcFileId="4" StartOffset="886"/>
<Loc EndOffset="953" SrcFileId="4" StartOffset="938"/>
</LocList>
<BasicStmnt CovItemId="S14" CovItemPrefix="game.PieceFactory.java" Intrnl_Id="282">
<LocList>
<Loc EndOffset="934" SrcFileId="4" StartOffset="886"/>
</LocList>
</BasicStmnt>
<BasicStmnt CovItemId="S15" CovItemPrefix="game.PieceFactory.java" Intrnl_Id="283">
<LocList>
<Loc EndOffset="953" SrcFileId="4" StartOffset="938"/>
</LocList>
</BasicStmnt>
</StmntSeq>
</HierarchyLvl>
<HierarchyLvl HierarchyLvlId="33" HierarchyLvlTypeId="20" Intrnl_Id="284" Name="createCaptain">
<Header>
<Loc EndOffset="1005" SrcFileId="4" StartOffset="962"/>
</Header>
<LocList>
<Loc EndOffset="1084" SrcFileId="4" StartOffset="962"/>
</LocList>
<StmntSeq Intrnl_Id="285">
<LocList>
<Loc EndOffset="1061" SrcFileId="4" StartOffset="1011"/>
<Loc EndOffset="1080" SrcFileId="4" StartOffset="1065"/>
</LocList>
<BasicStmnt CovItemId="S16" CovItemPrefix="game.PieceFactory.java" Intrnl_Id="286">
<LocList>
<Loc EndOffset="1061" SrcFileId="4" StartOffset="1011"/>
</LocList>
</BasicStmnt>
<BasicStmnt CovItemId="S17" CovItemPrefix="game.PieceFactory.java" Intrnl_Id="287">
<LocList>
<Loc EndOffset="1080" SrcFileId="4" StartOffset="1065"/>
</LocList>
</BasicStmnt>
</StmntSeq>
</HierarchyLvl>
<HierarchyLvl HierarchyLvlId="34" HierarchyLvlTypeId="20" Intrnl_Id="288" Name="createLieutenant">
<Header>
<Loc EndOffset="1135" SrcFileId="4" StartOffset="1089"/>
</Header>
<LocList>
<Loc EndOffset="1212" SrcFileId="4" StartOffset="1089"/>
</LocList>
<StmntSeq Intrnl_Id="289">
<LocList>
<Loc EndOffset="1189" SrcFileId="4" StartOffset="1141"/>
<Loc EndOffset="1208" SrcFileId="4" StartOffset="1193"/>
</LocList>
<BasicStmnt CovItemId="S18" CovItemPrefix="game.PieceFactory.java" Intrnl_Id="290">
<LocList>
<Loc EndOffset="1189" SrcFileId="4" StartOffset="1141"/>
</LocList>
</BasicStmnt>
<BasicStmnt CovItemId="S19" CovItemPrefix="game.PieceFactory.java" Intrnl_Id="291">
<LocList>
<Loc EndOffset="1208" SrcFileId="4" StartOffset="1193"/>
</LocList>
</BasicStmnt>
</StmntSeq>
</HierarchyLvl>
<HierarchyLvl HierarchyLvlId="35" HierarchyLvlTypeId="20" Intrnl_Id="292" Name="createSergeant">
<Header>
<Loc EndOffset="1261" SrcFileId="4" StartOffset="1217"/>
</Header>
<LocList>
<Loc EndOffset="1341" SrcFileId="4" StartOffset="1217"/>
</LocList>
<StmntSeq Intrnl_Id="293">
<LocList>
<Loc EndOffset="1318" SrcFileId="4" StartOffset="1267"/>
<Loc EndOffset="1337" SrcFileId="4" StartOffset="1322"/>
</LocList>
<BasicStmnt CovItemId="S20" CovItemPrefix="game.PieceFactory.java" Intrnl_Id="294">
<LocList>
<Loc EndOffset="1318" SrcFileId="4" StartOffset="1267"/>
</LocList>
</BasicStmnt>
<BasicStmnt CovItemId="S21" CovItemPrefix="game.PieceFactory.java" Intrnl_Id="295">
<LocList>
<Loc EndOffset="1337" SrcFileId="4" StartOffset="1322"/>
</LocList>
</BasicStmnt>
</StmntSeq>
</HierarchyLvl>
<HierarchyLvl HierarchyLvlId="36" HierarchyLvlTypeId="20" Intrnl_Id="296" Name="createMiner">
<Header>
<Loc EndOffset="1387" SrcFileId="4" StartOffset="1346"/>
</Header>
<LocList>
<Loc EndOffset="1464" SrcFileId="4" StartOffset="1346"/>
</LocList>
<StmntSeq Intrnl_Id="297">
<LocList>
<Loc EndOffset="1441" SrcFileId="4" StartOffset="1393"/>
<Loc EndOffset="1460" SrcFileId="4" StartOffset="1445"/>
</LocList>
<BasicStmnt CovItemId="S22" CovItemPrefix="game.PieceFactory.java" Intrnl_Id="298">
<LocList>
<Loc EndOffset="1441" SrcFileId="4" StartOffset="1393"/>
</LocList>
</BasicStmnt>
<BasicStmnt CovItemId="S23" CovItemPrefix="game.PieceFactory.java" Intrnl_Id="299">
<LocList>
<Loc EndOffset="1460" SrcFileId="4" StartOffset="1445"/>
</LocList>
</BasicStmnt>
</StmntSeq>
</HierarchyLvl>
<HierarchyLvl HierarchyLvlId="37" HierarchyLvlTypeId="20" Intrnl_Id="300" Name="createScout">
<Header>
<Loc EndOffset="1510" SrcFileId="4" StartOffset="1469"/>
</Header>
<LocList>
<Loc EndOffset="1587" SrcFileId="4" StartOffset="1469"/>
</LocList>
<StmntSeq Intrnl_Id="301">
<LocList>
<Loc EndOffset="1564" SrcFileId="4" StartOffset="1516"/>
<Loc EndOffset="1583" SrcFileId="4" StartOffset="1568"/>
</LocList>
<BasicStmnt CovItemId="S24" CovItemPrefix="game.PieceFactory.java" Intrnl_Id="302">
<LocList>
<Loc EndOffset="1564" SrcFileId="4" StartOffset="1516"/>
</LocList>
</BasicStmnt>
<BasicStmnt CovItemId="S25" CovItemPrefix="game.PieceFactory.java" Intrnl_Id="303">
<LocList>
<Loc EndOffset="1583" SrcFileId="4" StartOffset="1568"/>
</LocList>
</BasicStmnt>
</StmntSeq>
</HierarchyLvl>
</HierarchyLvl>
<HierarchyLvl HierarchyLvlId="45" HierarchyLvlTypeId="19" Intrnl_Id="304" Name="Obstacle">
<Header>
<Loc EndOffset="129" SrcFileId="5" StartOffset="86"/>
</Header>
<LocList>
<Loc EndOffset="650" SrcFileId="5" StartOffset="86"/>
</LocList>
<HierarchyLvl HierarchyLvlId="39" HierarchyLvlTypeId="20" Intrnl_Id="305" Name="actionPerformed">
<Header>
<Loc EndOffset="191" SrcFileId="5" StartOffset="137"/>
</Header>
<LocList>
<Loc EndOffset="239" SrcFileId="5" StartOffset="137"/>
</LocList>
</HierarchyLvl>
<HierarchyLvl HierarchyLvlId="40" HierarchyLvlTypeId="20" Intrnl_Id="306" Name="setSelected">
<Header>
<Loc EndOffset="297" SrcFileId="5" StartOffset="244"/>
</Header>
<LocList>
<Loc EndOffset="345" SrcFileId="5" StartOffset="244"/>
</LocList>
</HierarchyLvl>
<HierarchyLvl HierarchyLvlId="41" HierarchyLvlTypeId="20" Intrnl_Id="307" Name="hide">
<Header>
<Loc EndOffset="380" SrcFileId="5" StartOffset="350"/>
</Header>
<LocList>
<Loc EndOffset="428" SrcFileId="5" StartOffset="350"/>
</LocList>
</HierarchyLvl>
<HierarchyLvl HierarchyLvlId="42" HierarchyLvlTypeId="20" Intrnl_Id="308" Name="show">
<Header>
<Loc EndOffset="463" SrcFileId="5" StartOffset="433"/>
</Header>
<LocList>
<Loc EndOffset="511" SrcFileId="5" StartOffset="433"/>
</LocList>
</HierarchyLvl>
<HierarchyLvl HierarchyLvlId="43" HierarchyLvlTypeId="20" Intrnl_Id="309" Name="setOwner">
<Header>
<Loc EndOffset="557" SrcFileId="5" StartOffset="517"/>
</Header>
<LocList>
<Loc EndOffset="585" SrcFileId="5" StartOffset="517"/>
</LocList>
<StmntSeq Intrnl_Id="310">
<LocList>
<Loc EndOffset="581" SrcFileId="5" StartOffset="563"/>
</LocList>
<BasicStmnt CovItemId="S1" CovItemPrefix="game.Obstacle.java" Intrnl_Id="311">
<LocList>
<Loc EndOffset="581" SrcFileId="5" StartOffset="563"/>
</LocList>
</BasicStmnt>
</StmntSeq>
</HierarchyLvl>
<HierarchyLvl HierarchyLvlId="44" HierarchyLvlTypeId="20" Intrnl_Id="312" Name="getOwner">
<Header>
<Loc EndOffset="625" SrcFileId="5" StartOffset="591"/>
</Header>
<LocList>
<Loc EndOffset="647" SrcFileId="5" StartOffset="591"/>
</LocList>
<StmntSeq Intrnl_Id="313">
<LocList>
<Loc EndOffset="643" SrcFileId="5" StartOffset="631"/>
</LocList>
<BasicStmnt CovItemId="S2" CovItemPrefix="game.Obstacle.java" Intrnl_Id="314">
<LocList>
<Loc EndOffset="643" SrcFileId="5" StartOffset="631"/>
</LocList>
</BasicStmnt>
</StmntSeq>
</HierarchyLvl>
</HierarchyLvl>
<HierarchyLvl HierarchyLvlId="48" HierarchyLvlTypeId="22" Intrnl_Id="315" Name="IPieceObserver">
<Header>
<Loc EndOffset="163" SrcFileId="6" StartOffset="132"/>
</Header>
<LocList>
<Loc EndOffset="287" SrcFileId="6" StartOffset="132"/>
</LocList>
<HierarchyLvl HierarchyLvlId="46" HierarchyLvlTypeId="20" Intrnl_Id="316" Name="selectedButtonPressed">
<Header>
<Loc EndOffset="223" SrcFileId="6" StartOffset="170"/>
</Header>
<LocList>
<Loc EndOffset="224" SrcFileId="6" StartOffset="170"/>
</LocList>
</HierarchyLvl>
<HierarchyLvl HierarchyLvlId="47" HierarchyLvlTypeId="20" Intrnl_Id="317" Name="nonSelectedButtonPressed">
<Header>
<Loc EndOffset="283" SrcFileId="6" StartOffset="227"/>
</Header>
<LocList>
<Loc EndOffset="284" SrcFileId="6" StartOffset="227"/>
</LocList>
</HierarchyLvl>
</HierarchyLvl>
<HierarchyLvl HierarchyLvlId="60" HierarchyLvlTypeId="22" Intrnl_Id="318" Name="IPiece">
<Header>
<Loc EndOffset="97" SrcFileId="7" StartOffset="74"/>
</Header>
<LocList>
<Loc EndOffset="561" SrcFileId="7" StartOffset="74"/>
</LocList>
<HierarchyLvl HierarchyLvlId="49" HierarchyLvlTypeId="20" Intrnl_Id="319" Name="isSelected">
<Header>
<Loc EndOffset="129" SrcFileId="7" StartOffset="102"/>
</Header>
<LocList>
<Loc EndOffset="130" SrcFileId="7" StartOffset="102"/>
</LocList>
</HierarchyLvl>
<HierarchyLvl HierarchyLvlId="50" HierarchyLvlTypeId="20" Intrnl_Id="320" Name="setSelected">
<Header>
<Loc EndOffset="174" SrcFileId="7" StartOffset="133"/>
</Header>
<LocList>
<Loc EndOffset="175" SrcFileId="7" StartOffset="133"/>
</LocList>
</HierarchyLvl>
<HierarchyLvl HierarchyLvlId="51" HierarchyLvlTypeId="20" Intrnl_Id="321" Name="hide">
<Header>
<Loc EndOffset="196" SrcFileId="7" StartOffset="178"/>
</Header>
<LocList>
<Loc EndOffset="197" SrcFileId="7" StartOffset="178"/>
</LocList>
</HierarchyLvl>
<HierarchyLvl HierarchyLvlId="52" HierarchyLvlTypeId="20" Intrnl_Id="322" Name="show">
<Header>
<Loc EndOffset="218" SrcFileId="7" StartOffset="200"/>
</Header>
<LocList>
<Loc EndOffset="219" SrcFileId="7" StartOffset="200"/>
</LocList>
</HierarchyLvl>
<HierarchyLvl HierarchyLvlId="53" HierarchyLvlTypeId="20" Intrnl_Id="323" Name="setObserver">
<Header>
<Loc EndOffset="270" SrcFileId="7" StartOffset="222"/>
</Header>
<LocList>
<Loc EndOffset="271" SrcFileId="7" StartOffset="222"/>
</LocList>
</HierarchyLvl>
<HierarchyLvl HierarchyLvlId="54" HierarchyLvlTypeId="20" Intrnl_Id="324" Name="setLocation">
<Header>
<Loc EndOffset="313" SrcFileId="7" StartOffset="274"/>
</Header>
<LocList>
<Loc EndOffset="314" SrcFileId="7" StartOffset="274"/>
</LocList>
</HierarchyLvl>
<HierarchyLvl HierarchyLvlId="55" HierarchyLvlTypeId="20" Intrnl_Id="325" Name="getLocation">
<Header>
<Loc EndOffset="343" SrcFileId="7" StartOffset="317"/>
</Header>
<LocList>
<Loc EndOffset="344" SrcFileId="7" StartOffset="317"/>
</LocList>
</HierarchyLvl>
<HierarchyLvl HierarchyLvlId="56" HierarchyLvlTypeId="20" Intrnl_Id="326" Name="getOwner">
<Header>
<Loc EndOffset="369" SrcFileId="7" StartOffset="347"/>
</Header>
<LocList>
<Loc EndOffset="370" SrcFileId="7" StartOffset="347"/>
</LocList>
</HierarchyLvl>
<HierarchyLvl HierarchyLvlId="57" HierarchyLvlTypeId="20" Intrnl_Id="327" Name="setOwner">
<Header>
<Loc EndOffset="405" SrcFileId="7" StartOffset="373"/>
</Header>
<LocList>
<Loc EndOffset="406" SrcFileId="7" StartOffset="373"/>
</LocList>
</HierarchyLvl>
<HierarchyLvl HierarchyLvlId="58" HierarchyLvlTypeId="20" Intrnl_Id="328" Name="getName">
<Header>
<Loc EndOffset="432" SrcFileId="7" StartOffset="409"/>
</Header>
<LocList>
<Loc EndOffset="433" SrcFileId="7" StartOffset="409"/>
</LocList>
</HierarchyLvl>
<HierarchyLvl HierarchyLvlId="59" HierarchyLvlTypeId="20" Intrnl_Id="329" Name="getRank">
<Header>
<Loc EndOffset="456" SrcFileId="7" StartOffset="436"/>
</Header>
<LocList>
<Loc EndOffset="457" SrcFileId="7" StartOffset="436"/>
</LocList>
</HierarchyLvl>
</HierarchyLvl>
<HierarchyLvl HierarchyLvlId="62" HierarchyLvlTypeId="22" Intrnl_Id="330" Name="IBoardObserver">
<Header>
<Loc EndOffset="48" SrcFileId="8" StartOffset="17"/>
</Header>
<LocList>
<Loc EndOffset="106" SrcFileId="8" StartOffset="17"/>
</LocList>
<HierarchyLvl HierarchyLvlId="61" HierarchyLvlTypeId="20" Intrnl_Id="331" Name="isDone">
<Header>
<Loc EndOffset="100" SrcFileId="8" StartOffset="56"/>
</Header>
<LocList>
<Loc EndOffset="101" SrcFileId="8" StartOffset="56"/>
</LocList>
</HierarchyLvl>
</HierarchyLvl>
<HierarchyLvl HierarchyLvlId="64" HierarchyLvlTypeId="19" Intrnl_Id="332" Name="GameBoardFrame">
<Header>
<Loc EndOffset="201" SrcFileId="9" StartOffset="159"/>
</Header>
<LocList>
<Loc EndOffset="563" SrcFileId="9" StartOffset="159"/>
</LocList>
<HierarchyLvl HierarchyLvlId="63" HierarchyLvlTypeId="20" Intrnl_Id="333" Name="GameBoardFrame">
<Header>
<Loc EndOffset="270" SrcFileId="9" StartOffset="237"/>
</Header>
<LocList>
<Loc EndOffset="560" SrcFileId="9" StartOffset="237"/>
</LocList>
<StmntSeq Intrnl_Id="334">
<LocList>
<Loc EndOffset="328" SrcFileId="9" StartOffset="276"/>
<Loc EndOffset="399" SrcFileId="9" StartOffset="332"/>
<Loc EndOffset="455" SrcFileId="9" StartOffset="403"/>
<Loc EndOffset="490" SrcFileId="9" StartOffset="459"/>
<Loc EndOffset="510" SrcFileId="9" StartOffset="494"/>
<Loc EndOffset="536" SrcFileId="9" StartOffset="514"/>
<Loc EndOffset="556" SrcFileId="9" StartOffset="540"/>
</LocList>
<BasicStmnt CovItemId="S1" CovItemPrefix="game.GameBoardFrame.java" Intrnl_Id="335">
<LocList>
<Loc EndOffset="328" SrcFileId="9" StartOffset="276"/>
</LocList>
</BasicStmnt>
<BasicStmnt CovItemId="S2" CovItemPrefix="game.GameBoardFrame.java" Intrnl_Id="336">
<LocList>
<Loc EndOffset="399" SrcFileId="9" StartOffset="332"/>
</LocList>
</BasicStmnt>
<BasicStmnt CovItemId="S3" CovItemPrefix="game.GameBoardFrame.java" Intrnl_Id="337">
<LocList>
<Loc EndOffset="455" SrcFileId="9" StartOffset="403"/>
</LocList>
</BasicStmnt>
<BasicStmnt CovItemId="S4" CovItemPrefix="game.GameBoardFrame.java" Intrnl_Id="338">
<LocList>
<Loc EndOffset="490" SrcFileId="9" StartOffset="459"/>
</LocList>
</BasicStmnt>
<BasicStmnt CovItemId="S5" CovItemPrefix="game.GameBoardFrame.java" Intrnl_Id="339">
<LocList>
<Loc EndOffset="510" SrcFileId="9" StartOffset="494"/>
</LocList>
</BasicStmnt>
<BasicStmnt CovItemId="S6" CovItemPrefix="game.GameBoardFrame.java" Intrnl_Id="340">
<LocList>
<Loc EndOffset="536" SrcFileId="9" StartOffset="514"/>
</LocList>
</BasicStmnt>
<BasicStmnt CovItemId="S7" CovItemPrefix="game.GameBoardFrame.java" Intrnl_Id="341">
<LocList>
<Loc EndOffset="556" SrcFileId="9" StartOffset="540"/>
</LocList>
</BasicStmnt>
</StmntSeq>
</HierarchyLvl>
</HierarchyLvl>
<HierarchyLvl HierarchyLvlId="75" HierarchyLvlTypeId="19" Intrnl_Id="342" Name="GameBoard">
<Header>
<Loc EndOffset="233" SrcFileId="10" StartOffset="170"/>
</Header>
<LocList>
<Loc EndOffset="240" SrcFileId="10" StartOffset="170"/>
<Loc EndOffset="7012" SrcFileId="10" StartOffset="282"/>
</LocList>
<StmntSeq Intrnl_Id="343">
<LocList>
<Loc EndOffset="352" SrcFileId="10" StartOffset="286"/>
</LocList>
<BasicStmnt CovItemId="S1" CovItemPrefix="game.GameBoard.java" Intrnl_Id="344">
<LocList>
<Loc EndOffset="352" SrcFileId="10" StartOffset="286"/>
</LocList>
</BasicStmnt>
</StmntSeq>
<HierarchyLvl HierarchyLvlId="65" HierarchyLvlTypeId="17" Intrnl_Id="345" Name="User">
<Header>
<Loc EndOffset="263" SrcFileId="10" StartOffset="240"/>
</Header>
<LocList>
<Loc EndOffset="282" SrcFileId="10" StartOffset="240"/>
</LocList>
</HierarchyLvl>
<HierarchyLvl HierarchyLvlId="66" HierarchyLvlTypeId="20" Intrnl_Id="346" Name="GameBoard">
<Header>
<Loc EndOffset="585" SrcFileId="10" StartOffset="531"/>
</Header>
<LocList>
<Loc EndOffset="778" SrcFileId="10" StartOffset="531"/>
</LocList>
<StmntSeq Intrnl_Id="347">
<LocList>
<Loc EndOffset="599" SrcFileId="10" StartOffset="591"/>
<Loc EndOffset="622" SrcFileId="10" StartOffset="603"/>
<Loc EndOffset="647" SrcFileId="10" StartOffset="626"/>
<Loc EndOffset="691" SrcFileId="10" StartOffset="651"/>
<Loc EndOffset="724" SrcFileId="10" StartOffset="695"/>
<Loc EndOffset="751" SrcFileId="10" StartOffset="728"/>
<Loc EndOffset="774" SrcFileId="10" StartOffset="755"/>
</LocList>
<BasicStmnt CovItemId="S2" CovItemPrefix="game.GameBoard.java" Intrnl_Id="348">
<LocList>
<Loc EndOffset="599" SrcFileId="10" StartOffset="591"/>
</LocList>
</BasicStmnt>
<BasicStmnt CovItemId="S3" CovItemPrefix="game.GameBoard.java" Intrnl_Id="349">
<LocList>
<Loc EndOffset="622" SrcFileId="10" StartOffset="603"/>
</LocList>
</BasicStmnt>
<BasicStmnt CovItemId="S4" CovItemPrefix="game.GameBoard.java" Intrnl_Id="350">
<LocList>
<Loc EndOffset="647" SrcFileId="10" StartOffset="626"/>
</LocList>
</BasicStmnt>
<BasicStmnt CovItemId="S5" CovItemPrefix="game.GameBoard.java" Intrnl_Id="351">
<LocList>
<Loc EndOffset="691" SrcFileId="10" StartOffset="651"/>
</LocList>
</BasicStmnt>
<BasicStmnt CovItemId="S6" CovItemPrefix="game.GameBoard.java" Intrnl_Id="352">
<LocList>
<Loc EndOffset="724" SrcFileId="10" StartOffset="695"/>
</LocList>
</BasicStmnt>
<BasicStmnt CovItemId="S7" CovItemPrefix="game.GameBoard.java" Intrnl_Id="353">
<LocList>
<Loc EndOffset="751" SrcFileId="10" StartOffset="728"/>
</LocList>
</BasicStmnt>
<BasicStmnt CovItemId="S8" CovItemPrefix="game.GameBoard.java" Intrnl_Id="354">
<LocList>
<Loc EndOffset="774" SrcFileId="10" StartOffset="755"/>
</LocList>
</BasicStmnt>
</StmntSeq>
</HierarchyLvl>
<HierarchyLvl HierarchyLvlId="67" HierarchyLvlTypeId="20" Intrnl_Id="355" Name="instantiateBoard">
<Header>
<Loc EndOffset="816" SrcFileId="10" StartOffset="783"/>
</Header>
<LocList>
<Loc EndOffset="1242" SrcFileId="10" StartOffset="783"/>
</LocList>
<StmntSeq Intrnl_Id="356">
<LocList>
<Loc EndOffset="994" SrcFileId="10" StartOffset="822"/>
<Loc EndOffset="1234" SrcFileId="10" StartOffset="1002"/>
</LocList>
<LoopStmnt CovItemId="S9" CovItemPrefix="game.GameBoard.java" Intrnl_Id="357" MltplExecId="L1-2" MltplExecPrefix="game.GameBoard.java" NvrExecId="L1-0" NvrExecPrefix="game.GameBoard.java" OnceExecutedId="L1-1" OnceExecutedPrefix="game.GameBoard.java" OptBodyExec="true">
<StmntSeq Intrnl_Id="358">
<LocList>
<Loc EndOffset="989" SrcFileId="10" StartOffset="857"/>
</LocList>
<LoopStmnt CovItemId="S10" CovItemPrefix="game.GameBoard.java" Intrnl_Id="359" MltplExecId="L2-2" MltplExecPrefix="game.GameBoard.java" NvrExecId="L2-0" NvrExecPrefix="game.GameBoard.java" OnceExecutedId="L2-1" OnceExecutedPrefix="game.GameBoard.java" OptBodyExec="true">
<StmntSeq Intrnl_Id="360">
<LocList>
<Loc EndOffset="948" SrcFileId="10" StartOffset="893"/>
<Loc EndOffset="977" SrcFileId="10" StartOffset="954"/>
</LocList>
<BasicStmnt CovItemId="S11" CovItemPrefix="game.GameBoard.java" Intrnl_Id="361">
<LocList>
<Loc EndOffset="948" SrcFileId="10" StartOffset="893"/>
</LocList>
</BasicStmnt>
<BasicStmnt CovItemId="S12" CovItemPrefix="game.GameBoard.java" Intrnl_Id="362">
<LocList>
<Loc EndOffset="977" SrcFileId="10" StartOffset="954"/>
</LocList>
</BasicStmnt>
</StmntSeq>
<Keyword EndOffset="860" SrcFileId="10" StartOffset="857"/>
<LocList>
<Loc EndOffset="989" SrcFileId="10" StartOffset="857"/>
</LocList>
<RootTerm CovItemId="C2" CovItemPrefix="game.GameBoard.java" Intrnl_Id="363">
<BasicBoolTerm Intrnl_Id="364">
<LocList>
<Loc EndOffset="879" SrcFileId="10" StartOffset="873"/>
</LocList>
</BasicBoolTerm>
</RootTerm>
</LoopStmnt>
</StmntSeq>
<Keyword EndOffset="825" SrcFileId="10" StartOffset="822"/>
<LocList>
<Loc EndOffset="994" SrcFileId="10" StartOffset="822"/>
</LocList>
<RootTerm CovItemId="C1" CovItemPrefix="game.GameBoard.java" Intrnl_Id="365">
<BasicBoolTerm Intrnl_Id="366">
<LocList>
<Loc EndOffset="844" SrcFileId="10" StartOffset="838"/>
</LocList>
</BasicBoolTerm>
</RootTerm>
</LoopStmnt>
<LoopStmnt CovItemId="S13" CovItemPrefix="game.GameBoard.java" Intrnl_Id="367" MltplExecId="L3-2" MltplExecPrefix="game.GameBoard.java" NvrExecId="L3-0" NvrExecPrefix="game.GameBoard.java" OnceExecutedId="L3-1" OnceExecutedPrefix="game.GameBoard.java" OptBodyExec="true">
<StmntSeq Intrnl_Id="368">
<LocList>
<Loc EndOffset="1229" SrcFileId="10" StartOffset="1053"/>
</LocList>
<LoopStmnt CovItemId="S14" CovItemPrefix="game.GameBoard.java" Intrnl_Id="369" MltplExecId="L4-2" MltplExecPrefix="game.GameBoard.java" NvrExecId="L4-0" NvrExecPrefix="game.GameBoard.java" OnceExecutedId="L4-1" OnceExecutedPrefix="game.GameBoard.java" OptBodyExec="true">
<StmntSeq Intrnl_Id="370">
<LocList>
<Loc EndOffset="1142" SrcFileId="10" StartOffset="1108"/>
<Loc EndOffset="1176" SrcFileId="10" StartOffset="1148"/>
<Loc EndOffset="1223" SrcFileId="10" StartOffset="1182"/>
</LocList>
<BasicStmnt CovItemId="S15" CovItemPrefix="game.GameBoard.java" Intrnl_Id="371">
<LocList>
<Loc EndOffset="1142" SrcFileId="10" StartOffset="1108"/>
</LocList>
</BasicStmnt>
<BasicStmnt CovItemId="S16" CovItemPrefix="game.GameBoard.java" Intrnl_Id="372">
<LocList>
<Loc EndOffset="1176" SrcFileId="10" StartOffset="1148"/>
</LocList>
</BasicStmnt>
<BasicStmnt CovItemId="S17" CovItemPrefix="game.GameBoard.java" Intrnl_Id="373">
<LocList>
<Loc EndOffset="1223" SrcFileId="10" StartOffset="1182"/>
</LocList>
</BasicStmnt>
</StmntSeq>
<Keyword EndOffset="1056" SrcFileId="10" StartOffset="1053"/>
<LocList>
<Loc EndOffset="1229" SrcFileId="10" StartOffset="1053"/>
</LocList>
<RootTerm CovItemId="C4" CovItemPrefix="game.GameBoard.java" Intrnl_Id="374">
<BasicBoolTerm Intrnl_Id="375">
<LocList>
<Loc EndOffset="1094" SrcFileId="10" StartOffset="1069"/>
</LocList>
</BasicBoolTerm>
</RootTerm>
</LoopStmnt>
</StmntSeq>
<Keyword EndOffset="1005" SrcFileId="10" StartOffset="1002"/>
<LocList>
<Loc EndOffset="1234" SrcFileId="10" StartOffset="1002"/>
</LocList>
<RootTerm CovItemId="C3" CovItemPrefix="game.GameBoard.java" Intrnl_Id="376">
<BasicBoolTerm Intrnl_Id="377">
<LocList>
<Loc EndOffset="1040" SrcFileId="10" StartOffset="1018"/>
</LocList>
</BasicBoolTerm>
</RootTerm>
</LoopStmnt>
</StmntSeq>
</HierarchyLvl>
<HierarchyLvl HierarchyLvlId="68" HierarchyLvlTypeId="20" Intrnl_Id="378" Name="addPiece">
<Header>
<Loc EndOffset="1304" SrcFileId="10" StartOffset="1245"/>
</Header>
<LocList>
<Loc EndOffset="1606" SrcFileId="10" StartOffset="1245"/>
</LocList>
<StmntSeq Intrnl_Id="379">
<LocList>
<Loc EndOffset="1358" SrcFileId="10" StartOffset="1310"/>
<Loc EndOffset="1395" SrcFileId="10" StartOffset="1362"/>
<Loc EndOffset="1434" SrcFileId="10" StartOffset="1399"/>
<Loc EndOffset="1473" SrcFileId="10" StartOffset="1438"/>
<Loc EndOffset="1501" SrcFileId="10" StartOffset="1477"/>
<Loc EndOffset="1526" SrcFileId="10" StartOffset="1505"/>
<Loc EndOffset="1542" SrcFileId="10" StartOffset="1530"/>
<Loc EndOffset="1558" SrcFileId="10" StartOffset="1546"/>
<Loc EndOffset="1581" SrcFileId="10" StartOffset="1562"/>
<Loc EndOffset="1602" SrcFileId="10" StartOffset="1585"/>
</LocList>
<BasicStmnt CovItemId="S18" CovItemPrefix="game.GameBoard.java" Intrnl_Id="380">
<LocList>
<Loc EndOffset="1358" SrcFileId="10" StartOffset="1310"/>
</LocList>
</BasicStmnt>
<BasicStmnt CovItemId="S19" CovItemPrefix="game.GameBoard.java" Intrnl_Id="381">
<LocList>
<Loc EndOffset="1395" SrcFileId="10" StartOffset="1362"/>
</LocList>
</BasicStmnt>
<BasicStmnt CovItemId="S20" CovItemPrefix="game.GameBoard.java" Intrnl_Id="382">
<LocList>
<Loc EndOffset="1434" SrcFileId="10" StartOffset="1399"/>
</LocList>
</BasicStmnt>
<BasicStmnt CovItemId="S21" CovItemPrefix="game.GameBoard.java" Intrnl_Id="383">
<LocList>
<Loc EndOffset="1473" SrcFileId="10" StartOffset="1438"/>
</LocList>
</BasicStmnt>
<BasicStmnt CovItemId="S22" CovItemPrefix="game.GameBoard.java" Intrnl_Id="384">
<LocList>
<Loc EndOffset="1501" SrcFileId="10" StartOffset="1477"/>
</LocList>
</BasicStmnt>
<BasicStmnt CovItemId="S23" CovItemPrefix="game.GameBoard.java" Intrnl_Id="385">
<LocList>
<Loc EndOffset="1526" SrcFileId="10" StartOffset="1505"/>
</LocList>
</BasicStmnt>
<BasicStmnt CovItemId="S24" CovItemPrefix="game.GameBoard.java" Intrnl_Id="386">
<LocList>
<Loc EndOffset="1542" SrcFileId="10" StartOffset="1530"/>
</LocList>
</BasicStmnt>
<BasicStmnt CovItemId="S25" CovItemPrefix="game.GameBoard.java" Intrnl_Id="387">
<LocList>
<Loc EndOffset="1558" SrcFileId="10" StartOffset="1546"/>
</LocList>
</BasicStmnt>
<BasicStmnt CovItemId="S26" CovItemPrefix="game.GameBoard.java" Intrnl_Id="388">
<LocList>
<Loc EndOffset="1581" SrcFileId="10" StartOffset="1562"/>
</LocList>
</BasicStmnt>
<BasicStmnt CovItemId="S27" CovItemPrefix="game.GameBoard.java" Intrnl_Id="389">
<LocList>
<Loc EndOffset="1602" SrcFileId="10" StartOffset="1585"/>
</LocList>
</BasicStmnt>
</StmntSeq>
</HierarchyLvl>
<HierarchyLvl HierarchyLvlId="69" HierarchyLvlTypeId="20" Intrnl_Id="390" Name="selectedButtonPressed">
<Header>
<Loc EndOffset="1676" SrcFileId="10" StartOffset="1611"/>
</Header>
<LocList>
<Loc EndOffset="2202" SrcFileId="10" StartOffset="1611"/>
</LocList>
<StmntSeq Intrnl_Id="391">
<LocList>
<Loc EndOffset="2064" SrcFileId="10" StartOffset="1682"/>
<Loc EndOffset="2173" SrcFileId="10" StartOffset="2068"/>
<Loc EndOffset="2198" SrcFileId="10" StartOffset="2177"/>
</LocList>
<CondStmnt CovItemId="S28" CovItemPrefix="game.GameBoard.java" Intrnl_Id="392">
<Branch CovItemId="B1" CovItemPrefix="game.GameBoard.java" Implct="false" Intrnl_Id="393">
<Cond/>
<LocList>
<Loc EndOffset="2064" SrcFileId="10" StartOffset="1707"/>
</LocList>
<StmntSeq Intrnl_Id="394">
<LocList>
<Loc EndOffset="2059" SrcFileId="10" StartOffset="1713"/>
</LocList>
<CondStmnt CovItemId="S29" CovItemPrefix="game.GameBoard.java" Intrnl_Id="395">
<Branch CovItemId="B3" CovItemPrefix="game.GameBoard.java" Implct="false" Intrnl_Id="396">
<Cond/>
<LocList>
<Loc EndOffset="1824" SrcFileId="10" StartOffset="1778"/>
</LocList>
<StmntSeq Intrnl_Id="397">
<LocList>
<Loc EndOffset="1818" SrcFileId="10" StartOffset="1785"/>
</LocList>
<BasicStmnt CovItemId="S30" CovItemPrefix="game.GameBoard.java" Intrnl_Id="398">
<LocList>
<Loc EndOffset="1818" SrcFileId="10" StartOffset="1785"/>
</LocList>
</BasicStmnt>
</StmntSeq>
</Branch>
<Branch CovItemId="B4" CovItemPrefix="game.GameBoard.java" Implct="false" Intrnl_Id="399">
<Cond>
<Loc EndOffset="1829" SrcFileId="10" StartOffset="1825"/>
</Cond>
<LocList>
<Loc EndOffset="2059" SrcFileId="10" StartOffset="1830"/>
</LocList>
<StmntSeq Intrnl_Id="400">
<LocList>
<Loc EndOffset="2059" SrcFileId="10" StartOffset="1830"/>
</LocList>
<CondStmnt CovItemId="S31" CovItemPrefix="game.GameBoard.java" Intrnl_Id="401">
<Branch CovItemId="B5" CovItemPrefix="game.GameBoard.java" Implct="false" Intrnl_Id="402">
<Cond/>
<LocList>
<Loc EndOffset="1974" SrcFileId="10" StartOffset="1899"/>
</LocList>
<StmntSeq Intrnl_Id="403">
<LocList>
<Loc EndOffset="1968" SrcFileId="10" StartOffset="1906"/>
</LocList>
<BasicStmnt CovItemId="S32" CovItemPrefix="game.GameBoard.java" Intrnl_Id="404">
<LocList>
<Loc EndOffset="1968" SrcFileId="10" StartOffset="1906"/>
</LocList>
</BasicStmnt>
</StmntSeq>
</Branch>
<Branch CovItemId="B6" CovItemPrefix="game.GameBoard.java" Implct="false" Intrnl_Id="405">
<Cond>
<Loc EndOffset="1979" SrcFileId="10" StartOffset="1975"/>
</Cond>
<LocList>
<Loc EndOffset="2059" SrcFileId="10" StartOffset="1980"/>
</LocList>
<StmntSeq Intrnl_Id="406">
<LocList>
<Loc EndOffset="2053" SrcFileId="10" StartOffset="1987"/>
</LocList>
<BasicStmnt CovItemId="S33" CovItemPrefix="game.GameBoard.java" Intrnl_Id="407">
<LocList>
<Loc EndOffset="2053" SrcFileId="10" StartOffset="1987"/>
</LocList>
</BasicStmnt>
</StmntSeq>
</Branch>
<Keyword EndOffset="1832" SrcFileId="10" StartOffset="1830"/>
<LocList>
<Loc EndOffset="2059" SrcFileId="10" StartOffset="1830"/>
</LocList>
<RootTerm CovItemId="C7" CovItemPrefix="game.GameBoard.java" Intrnl_Id="408">
<BasicBoolTerm Intrnl_Id="409">
<LocList>
<Loc EndOffset="1897" SrcFileId="10" StartOffset="1834"/>
</LocList>
</BasicBoolTerm>
</RootTerm>
</CondStmnt>
</StmntSeq>
</Branch>
<Keyword EndOffset="1715" SrcFileId="10" StartOffset="1713"/>
<LocList>
<Loc EndOffset="2059" SrcFileId="10" StartOffset="1713"/>
</LocList>
<RootTerm CovItemId="C6" CovItemPrefix="game.GameBoard.java" Intrnl_Id="410">
<BasicBoolTerm Intrnl_Id="411">
<LocList>
<Loc EndOffset="1776" SrcFileId="10" StartOffset="1716"/>
</LocList>
</BasicBoolTerm>
</RootTerm>
</CondStmnt>
</StmntSeq>
</Branch>
<Branch CovItemId="B2" CovItemPrefix="game.GameBoard.java" Implct="true" Intrnl_Id="412">
<Cond/>
<LocList/>
<StmntSeq Intrnl_Id="413">
<LocList/>
</StmntSeq>
</Branch>
<Keyword EndOffset="1684" SrcFileId="10" StartOffset="1682"/>
<LocList>
<Loc EndOffset="2064" SrcFileId="10" StartOffset="1682"/>
</LocList>
<RootTerm CovItemId="C5" CovItemPrefix="game.GameBoard.java" Intrnl_Id="414">
<BasicBoolTerm Intrnl_Id="415">
<LocList>
<Loc EndOffset="1705" SrcFileId="10" StartOffset="1685"/>
</LocList>
</BasicBoolTerm>
</RootTerm>
</CondStmnt>
<LoopStmnt CovItemId="S34" CovItemPrefix="game.GameBoard.java" Intrnl_Id="416" MltplExecId="L5-2" MltplExecPrefix="game.GameBoard.java" NvrExecId="L5-0" NvrExecPrefix="game.GameBoard.java" OnceExecutedId="L5-1" OnceExecutedPrefix="game.GameBoard.java" OptBodyExec="true">
<StmntSeq Intrnl_Id="417">
<LocList>
<Loc EndOffset="2168" SrcFileId="10" StartOffset="2108"/>
</LocList>
<LoopStmnt CovItemId="S35" CovItemPrefix="game.GameBoard.java" Intrnl_Id="418" MltplExecId="L6-2" MltplExecPrefix="game.GameBoard.java" NvrExecId="L6-0" NvrExecPrefix="game.GameBoard.java" OnceExecutedId="L6-1" OnceExecutedPrefix="game.GameBoard.java" OptBodyExec="true">
<StmntSeq Intrnl_Id="419">
<LocList>
<Loc EndOffset="2162" SrcFileId="10" StartOffset="2141"/>
</LocList>
<BasicStmnt CovItemId="S36" CovItemPrefix="game.GameBoard.java" Intrnl_Id="420">
<LocList>
<Loc EndOffset="2162" SrcFileId="10" StartOffset="2141"/>
</LocList>
</BasicStmnt>
</StmntSeq>
<Keyword EndOffset="2111" SrcFileId="10" StartOffset="2108"/>
<LocList>
<Loc EndOffset="2168" SrcFileId="10" StartOffset="2108"/>
</LocList>
</LoopStmnt>
</StmntSeq>
<Keyword EndOffset="2071" SrcFileId="10" StartOffset="2068"/>
<LocList>
<Loc EndOffset="2173" SrcFileId="10" StartOffset="2068"/>
</LocList>
</LoopStmnt>
<BasicStmnt CovItemId="S37" CovItemPrefix="game.GameBoard.java" Intrnl_Id="421">
<LocList>
<Loc EndOffset="2198" SrcFileId="10" StartOffset="2177"/>
</LocList>
</BasicStmnt>
</StmntSeq>
</HierarchyLvl>
<HierarchyLvl HierarchyLvlId="70" HierarchyLvlTypeId="20" Intrnl_Id="422" Name="isEnemey">
<Header>
<Loc EndOffset="2267" SrcFileId="10" StartOffset="2207"/>
</Header>
<LocList>
<Loc EndOffset="2371" SrcFileId="10" StartOffset="2207"/>
</LocList>
<StmntSeq Intrnl_Id="423">
<LocList>
<Loc EndOffset="2367" SrcFileId="10" StartOffset="2273"/>
</LocList>
<BasicStmnt CovItemId="S38" CovItemPrefix="game.GameBoard.java" Intrnl_Id="424">
<LocList>
<Loc EndOffset="2367" SrcFileId="10" StartOffset="2273"/>
</LocList>
</BasicStmnt>
</StmntSeq>
</HierarchyLvl>
<HierarchyLvl HierarchyLvlId="71" HierarchyLvlTypeId="20" Intrnl_Id="425" Name="nonSelectedButtonPressed">
<Header>
<Loc EndOffset="2444" SrcFileId="10" StartOffset="2376"/>
</Header>
<LocList>
<Loc EndOffset="4895" SrcFileId="10" StartOffset="2376"/>
</LocList>
<StmntSeq Intrnl_Id="426">
<LocList>
<Loc EndOffset="2555" SrcFileId="10" StartOffset="2450"/>
<Loc EndOffset="2626" SrcFileId="10" StartOffset="2559"/>
<Loc EndOffset="2689" SrcFileId="10" StartOffset="2630"/>
<Loc EndOffset="2727" SrcFileId="10" StartOffset="2694"/>
<Loc EndOffset="2762" SrcFileId="10" StartOffset="2732"/>
<Loc EndOffset="2803" SrcFileId="10" StartOffset="2767"/>
<Loc EndOffset="2844" SrcFileId="10" StartOffset="2808"/>
<Loc EndOffset="4891" SrcFileId="10" StartOffset="2849"/>
</LocList>
<LoopStmnt CovItemId="S39" CovItemPrefix="game.GameBoard.java" Intrnl_Id="427" MltplExecId="L7-2" MltplExecPrefix="game.GameBoard.java" NvrExecId="L7-0" NvrExecPrefix="game.GameBoard.java" OnceExecutedId="L7-1" OnceExecutedPrefix="game.GameBoard.java" OptBodyExec="true">
<StmntSeq Intrnl_Id="428">
<LocList>
<Loc EndOffset="2550" SrcFileId="10" StartOffset="2490"/>
</LocList>
<LoopStmnt CovItemId="S40" CovItemPrefix="game.GameBoard.java" Intrnl_Id="429" MltplExecId="L8-2" MltplExecPrefix="game.GameBoard.java" NvrExecId="L8-0" NvrExecPrefix="game.GameBoard.java" OnceExecutedId="L8-1" OnceExecutedPrefix="game.GameBoard.java" OptBodyExec="true">
<StmntSeq Intrnl_Id="430">
<LocList>
<Loc EndOffset="2544" SrcFileId="10" StartOffset="2523"/>
</LocList>
<BasicStmnt CovItemId="S41" CovItemPrefix="game.GameBoard.java" Intrnl_Id="431">
<LocList>
<Loc EndOffset="2544" SrcFileId="10" StartOffset="2523"/>
</LocList>
</BasicStmnt>
</StmntSeq>
<Keyword EndOffset="2493" SrcFileId="10" StartOffset="2490"/>
<LocList>
<Loc EndOffset="2550" SrcFileId="10" StartOffset="2490"/>
</LocList>
</LoopStmnt>
</StmntSeq>
<Keyword EndOffset="2453" SrcFileId="10" StartOffset="2450"/>
<LocList>
<Loc EndOffset="2555" SrcFileId="10" StartOffset="2450"/>
</LocList>
</LoopStmnt>
<BasicStmnt CovItemId="S42" CovItemPrefix="game.GameBoard.java" Intrnl_Id="432">
<LocList>
<Loc EndOffset="2626" SrcFileId="10" StartOffset="2559"/>
</LocList>
</BasicStmnt>
<CondStmnt CovItemId="S43" CovItemPrefix="game.GameBoard.java" Intrnl_Id="433">
<Branch CovItemId="B7" CovItemPrefix="game.GameBoard.java" Implct="false" Intrnl_Id="434">
<Cond/>
<LocList>
<Loc EndOffset="2689" SrcFileId="10" StartOffset="2671"/>
</LocList>
<StmntSeq Intrnl_Id="435">
<LocList>
<Loc EndOffset="2684" SrcFileId="10" StartOffset="2677"/>
</LocList>
<BasicStmnt CovItemId="S44" CovItemPrefix="game.GameBoard.java" Intrnl_Id="436">
<LocList>
<Loc EndOffset="2684" SrcFileId="10" StartOffset="2677"/>
</LocList>
</BasicStmnt>
</StmntSeq>
</Branch>
<Branch CovItemId="B8" CovItemPrefix="game.GameBoard.java" Implct="true" Intrnl_Id="437">
<Cond/>
<LocList/>
<StmntSeq Intrnl_Id="438">
<LocList/>
</StmntSeq>
</Branch>
<Keyword EndOffset="2632" SrcFileId="10" StartOffset="2630"/>
<LocList>
<Loc EndOffset="2689" SrcFileId="10" StartOffset="2630"/>
</LocList>
<RootTerm CovItemId="C8" CovItemPrefix="game.GameBoard.java" Intrnl_Id="439">
<BasicBoolTerm Intrnl_Id="440">
<LocList>
<Loc EndOffset="2669" SrcFileId="10" StartOffset="2633"/>
</LocList>
</BasicBoolTerm>
</RootTerm>
</CondStmnt>
<BasicStmnt CovItemId="S45" CovItemPrefix="game.GameBoard.java" Intrnl_Id="441">
<LocList>
<Loc EndOffset="2727" SrcFileId="10" StartOffset="2694"/>
</LocList>
</BasicStmnt>
<BasicStmnt CovItemId="S46" CovItemPrefix="game.GameBoard.java" Intrnl_Id="442">
<LocList>
<Loc EndOffset="2762" SrcFileId="10" StartOffset="2732"/>
</LocList>
</BasicStmnt>
<BasicStmnt CovItemId="S47" CovItemPrefix="game.GameBoard.java" Intrnl_Id="443">
<LocList>
<Loc EndOffset="2803" SrcFileId="10" StartOffset="2767"/>
</LocList>
</BasicStmnt>
<BasicStmnt CovItemId="S48" CovItemPrefix="game.GameBoard.java" Intrnl_Id="444">
<LocList>
<Loc EndOffset="2844" SrcFileId="10" StartOffset="2808"/>
</LocList>
</BasicStmnt>
<CondStmnt CovItemId="S49" CovItemPrefix="game.GameBoard.java" Intrnl_Id="445">
<Branch CovItemId="B9" CovItemPrefix="game.GameBoard.java" Implct="false" Intrnl_Id="446">
<Cond/>
<LocList>
<Loc EndOffset="4202" SrcFileId="10" StartOffset="2883"/>
</LocList>
<StmntSeq Intrnl_Id="447">
<LocList>
<Loc EndOffset="3204" SrcFileId="10" StartOffset="2905"/>
<Loc EndOffset="3537" SrcFileId="10" StartOffset="3226"/>
<Loc EndOffset="3863" SrcFileId="10" StartOffset="3564"/>
<Loc EndOffset="4196" SrcFileId="10" StartOffset="3885"/>
</LocList>
<LoopStmnt CovItemId="S50" CovItemPrefix="game.GameBoard.java" Intrnl_Id="448" MltplExecId="L9-2" MltplExecPrefix="game.GameBoard.java" NvrExecId="L9-0" NvrExecPrefix="game.GameBoard.java" OnceExecutedId="L9-1" OnceExecutedPrefix="game.GameBoard.java" OptBodyExec="true">
<StmntSeq Intrnl_Id="449">
<LocList>
<Loc EndOffset="2981" SrcFileId="10" StartOffset="2946"/>
<Loc EndOffset="3197" SrcFileId="10" StartOffset="2988"/>
</LocList>
<BasicStmnt CovItemId="S51" CovItemPrefix="game.GameBoard.java" Intrnl_Id="450">
<LocList>
<Loc EndOffset="2981" SrcFileId="10" StartOffset="2946"/>
</LocList>
</BasicStmnt>
<CondStmnt CovItemId="S52" CovItemPrefix="game.GameBoard.java" Intrnl_Id="451">
<Branch CovItemId="B11" CovItemPrefix="game.GameBoard.java" Implct="false" Intrnl_Id="452">
<Cond/>
<LocList>
<Loc EndOffset="3062" SrcFileId="10" StartOffset="3021"/>
</LocList>
<StmntSeq Intrnl_Id="453">
<LocList>
<Loc EndOffset="3054" SrcFileId="10" StartOffset="3030"/>
</LocList>
<BasicStmnt CovItemId="S53" CovItemPrefix="game.GameBoard.java" Intrnl_Id="454">
<LocList>
<Loc EndOffset="3054" SrcFileId="10" StartOffset="3030"/>
</LocList>
</BasicStmnt>
</StmntSeq>
</Branch>
<Branch CovItemId="B12" CovItemPrefix="game.GameBoard.java" Implct="false" Intrnl_Id="455">
<Cond>
<Loc EndOffset="3067" SrcFileId="10" StartOffset="3063"/>
</Cond>
<LocList>
<Loc EndOffset="3197" SrcFileId="10" StartOffset="3068"/>
</LocList>
<StmntSeq Intrnl_Id="456">
<LocList>
<Loc EndOffset="3197" SrcFileId="10" StartOffset="3068"/>
</LocList>
<CondStmnt CovItemId="S54" CovItemPrefix="game.GameBoard.java" Intrnl_Id="457">
<Branch CovItemId="B13" CovItemPrefix="game.GameBoard.java" Implct="false" Intrnl_Id="458">
<Cond/>
<LocList>
<Loc EndOffset="3168" SrcFileId="10" StartOffset="3113"/>
</LocList>
<StmntSeq Intrnl_Id="459">
<LocList>
<Loc EndOffset="3146" SrcFileId="10" StartOffset="3122"/>
<Loc EndOffset="3160" SrcFileId="10" StartOffset="3154"/>
</LocList>
<BasicStmnt CovItemId="S55" CovItemPrefix="game.GameBoard.java" Intrnl_Id="460">
<LocList>
<Loc EndOffset="3146" SrcFileId="10" StartOffset="3122"/>
</LocList>
</BasicStmnt>
<BasicStmnt CovItemId="S56" CovItemPrefix="game.GameBoard.java" Intrnl_Id="461">
<LocList>
<Loc EndOffset="3160" SrcFileId="10" StartOffset="3154"/>
</LocList>
</BasicStmnt>
</StmntSeq>
</Branch>
<Branch CovItemId="B14" CovItemPrefix="game.GameBoard.java" Implct="false" Intrnl_Id="462">
<Cond>
<Loc EndOffset="3173" SrcFileId="10" StartOffset="3169"/>
</Cond>
<LocList>
<Loc EndOffset="3197" SrcFileId="10" StartOffset="3174"/>
</LocList>
<StmntSeq Intrnl_Id="463">
<LocList>
<Loc EndOffset="3189" SrcFileId="10" StartOffset="3183"/>
</LocList>
<BasicStmnt CovItemId="S57" CovItemPrefix="game.GameBoard.java" Intrnl_Id="464">
<LocList>
<Loc EndOffset="3189" SrcFileId="10" StartOffset="3183"/>
</LocList>
</BasicStmnt>
</StmntSeq>
</Branch>
<Keyword EndOffset="3070" SrcFileId="10" StartOffset="3068"/>
<LocList>
<Loc EndOffset="3197" SrcFileId="10" StartOffset="3068"/>
</LocList>
<RootTerm CovItemId="C12" CovItemPrefix="game.GameBoard.java" Intrnl_Id="465">
<BasicBoolTerm Intrnl_Id="466">
<LocList>
<Loc EndOffset="3111" SrcFileId="10" StartOffset="3072"/>
</LocList>
</BasicBoolTerm>
</RootTerm>
</CondStmnt>
</StmntSeq>
</Branch>
<Keyword EndOffset="2990" SrcFileId="10" StartOffset="2988"/>
<LocList>
<Loc EndOffset="3197" SrcFileId="10" StartOffset="2988"/>
</LocList>
<RootTerm CovItemId="C11" CovItemPrefix="game.GameBoard.java" Intrnl_Id="467">
<BasicBoolTerm Intrnl_Id="468">
<LocList>
<Loc EndOffset="3019" SrcFileId="10" StartOffset="2992"/>
</LocList>
</BasicBoolTerm>
</RootTerm>
</CondStmnt>
</StmntSeq>
<Keyword EndOffset="2908" SrcFileId="10" StartOffset="2905"/>
<LocList>
<Loc EndOffset="3204" SrcFileId="10" StartOffset="2905"/>
</LocList>
<RootTerm CovItemId="C10" CovItemPrefix="game.GameBoard.java" Intrnl_Id="469">
<BasicBoolTerm Intrnl_Id="470">
<LocList>
<Loc EndOffset="2931" SrcFileId="10" StartOffset="2925"/>
</LocList>
</BasicBoolTerm>
</RootTerm>
</LoopStmnt>
<LoopStmnt CovItemId="S58" CovItemPrefix="game.GameBoard.java" Intrnl_Id="471" MltplExecId="L10-2" MltplExecPrefix="game.GameBoard.java" NvrExecId="L10-0" NvrExecPrefix="game.GameBoard.java" OnceExecutedId="L10-1" OnceExecutedPrefix="game.GameBoard.java" OptBodyExec="true">
<StmntSeq Intrnl_Id="472">
<LocList>
<Loc EndOffset="3302" SrcFileId="10" StartOffset="3267"/>
<Loc EndOffset="3530" SrcFileId="10" StartOffset="3309"/>
</LocList>
<BasicStmnt CovItemId="S59" CovItemPrefix="game.GameBoard.java" Intrnl_Id="473">
<LocList>
<Loc EndOffset="3302" SrcFileId="10" StartOffset="3267"/>
</LocList>
</BasicStmnt>
<CondStmnt CovItemId="S60" CovItemPrefix="game.GameBoard.java" Intrnl_Id="474">
<Branch CovItemId="B15" CovItemPrefix="game.GameBoard.java" Implct="false" Intrnl_Id="475">
<Cond/>
<LocList>
<Loc EndOffset="3383" SrcFileId="10" StartOffset="3342"/>
</LocList>
<StmntSeq Intrnl_Id="476">
<LocList>
<Loc EndOffset="3375" SrcFileId="10" StartOffset="3351"/>
</LocList>
<BasicStmnt CovItemId="S61" CovItemPrefix="game.GameBoard.java" Intrnl_Id="477">
<LocList>
<Loc EndOffset="3375" SrcFileId="10" StartOffset="3351"/>
</LocList>
</BasicStmnt>
</StmntSeq>
</Branch>
<Branch CovItemId="B16" CovItemPrefix="game.GameBoard.java" Implct="false" Intrnl_Id="478">
<Cond>
<Loc EndOffset="3395" SrcFileId="10" StartOffset="3391"/>
</Cond>
<LocList>
<Loc EndOffset="3530" SrcFileId="10" StartOffset="3396"/>
</LocList>
<StmntSeq Intrnl_Id="479">
<LocList>
<Loc EndOffset="3530" SrcFileId="10" StartOffset="3396"/>
</LocList>
<CondStmnt CovItemId="S62" CovItemPrefix="game.GameBoard.java" Intrnl_Id="480">
<Branch CovItemId="B17" CovItemPrefix="game.GameBoard.java" Implct="false" Intrnl_Id="481">
<Cond/>
<LocList>
<Loc EndOffset="3501" SrcFileId="10" StartOffset="3446"/>
</LocList>
<StmntSeq Intrnl_Id="482">
<LocList>
<Loc EndOffset="3479" SrcFileId="10" StartOffset="3455"/>
<Loc EndOffset="3493" SrcFileId="10" StartOffset="3487"/>
</LocList>
<BasicStmnt CovItemId="S63" CovItemPrefix="game.GameBoard.java" Intrnl_Id="483">
<LocList>
<Loc EndOffset="3479" SrcFileId="10" StartOffset="3455"/>
</LocList>
</BasicStmnt>
<BasicStmnt CovItemId="S64" CovItemPrefix="game.GameBoard.java" Intrnl_Id="484">
<LocList>
<Loc EndOffset="3493" SrcFileId="10" StartOffset="3487"/>
</LocList>
</BasicStmnt>
</StmntSeq>
</Branch>
<Branch CovItemId="B18" CovItemPrefix="game.GameBoard.java" Implct="false" Intrnl_Id="485">
<Cond>
<Loc EndOffset="3506" SrcFileId="10" StartOffset="3502"/>
</Cond>
<LocList>
<Loc EndOffset="3530" SrcFileId="10" StartOffset="3507"/>
</LocList>
<StmntSeq Intrnl_Id="486">
<LocList>
<Loc EndOffset="3522" SrcFileId="10" StartOffset="3516"/>
</LocList>
<BasicStmnt CovItemId="S65" CovItemPrefix="game.GameBoard.java" Intrnl_Id="487">
<LocList>
<Loc EndOffset="3522" SrcFileId="10" StartOffset="3516"/>
</LocList>
</BasicStmnt>
</StmntSeq>
</Branch>
<Keyword EndOffset="3398" SrcFileId="10" StartOffset="3396"/>
<LocList>
<Loc EndOffset="3530" SrcFileId="10" StartOffset="3396"/>
</LocList>
<RootTerm CovItemId="C15" CovItemPrefix="game.GameBoard.java" Intrnl_Id="488">
<BasicBoolTerm Intrnl_Id="489">
<LocList>
<Loc EndOffset="3444" SrcFileId="10" StartOffset="3400"/>
</LocList>
</BasicBoolTerm>
</RootTerm>
</CondStmnt>
</StmntSeq>
</Branch>
<Keyword EndOffset="3311" SrcFileId="10" StartOffset="3309"/>
<LocList>
<Loc EndOffset="3530" SrcFileId="10" StartOffset="3309"/>
</LocList>
<RootTerm CovItemId="C14" CovItemPrefix="game.GameBoard.java" Intrnl_Id="490">
<BasicBoolTerm Intrnl_Id="491">
<LocList>
<Loc EndOffset="3340" SrcFileId="10" StartOffset="3313"/>
</LocList>
</BasicBoolTerm>
</RootTerm>
</CondStmnt>
</StmntSeq>
<Keyword EndOffset="3229" SrcFileId="10" StartOffset="3226"/>
<LocList>
<Loc EndOffset="3537" SrcFileId="10" StartOffset="3226"/>
</LocList>
<RootTerm CovItemId="C13" CovItemPrefix="game.GameBoard.java" Intrnl_Id="492">
<BasicBoolTerm Intrnl_Id="493">
<LocList>
<Loc EndOffset="3252" SrcFileId="10" StartOffset="3246"/>
</LocList>
</BasicBoolTerm>
</RootTerm>
</LoopStmnt>
<LoopStmnt CovItemId="S66" CovItemPrefix="game.GameBoard.java" Intrnl_Id="494" MltplExecId="L11-2" MltplExecPrefix="game.GameBoard.java" NvrExecId="L11-0" NvrExecPrefix="game.GameBoard.java" OnceExecutedId="L11-1" OnceExecutedPrefix="game.GameBoard.java" OptBodyExec="true">
<StmntSeq Intrnl_Id="495">
<LocList>
<Loc EndOffset="3640" SrcFileId="10" StartOffset="3605"/>
<Loc EndOffset="3856" SrcFileId="10" StartOffset="3647"/>
</LocList>
<BasicStmnt CovItemId="S67" CovItemPrefix="game.GameBoard.java" Intrnl_Id="496">
<LocList>
<Loc EndOffset="3640" SrcFileId="10" StartOffset="3605"/>
</LocList>
</BasicStmnt>
<CondStmnt CovItemId="S68" CovItemPrefix="game.GameBoard.java" Intrnl_Id="497">
<Branch CovItemId="B19" CovItemPrefix="game.GameBoard.java" Implct="false" Intrnl_Id="498">
<Cond/>
<LocList>
<Loc EndOffset="3721" SrcFileId="10" StartOffset="3680"/>
</LocList>
<StmntSeq Intrnl_Id="499">
<LocList>
<Loc EndOffset="3713" SrcFileId="10" StartOffset="3689"/>
</LocList>
<BasicStmnt CovItemId="S69" CovItemPrefix="game.GameBoard.java" Intrnl_Id="500">
<LocList>
<Loc EndOffset="3713" SrcFileId="10" StartOffset="3689"/>
</LocList>
</BasicStmnt>
</StmntSeq>
</Branch>
<Branch CovItemId="B20" CovItemPrefix="game.GameBoard.java" Implct="false" Intrnl_Id="501">
<Cond>
<Loc EndOffset="3726" SrcFileId="10" StartOffset="3722"/>
</Cond>
<LocList>
<Loc EndOffset="3856" SrcFileId="10" StartOffset="3727"/>
</LocList>
<StmntSeq Intrnl_Id="502">
<LocList>
<Loc EndOffset="3856" SrcFileId="10" StartOffset="3727"/>
</LocList>
<CondStmnt CovItemId="S70" CovItemPrefix="game.GameBoard.java" Intrnl_Id="503">
<Branch CovItemId="B21" CovItemPrefix="game.GameBoard.java" Implct="false" Intrnl_Id="504">
<Cond/>
<LocList>
<Loc EndOffset="3827" SrcFileId="10" StartOffset="3772"/>
</LocList>
<StmntSeq Intrnl_Id="505">
<LocList>
<Loc EndOffset="3805" SrcFileId="10" StartOffset="3781"/>
<Loc EndOffset="3819" SrcFileId="10" StartOffset="3813"/>
</LocList>
<BasicStmnt CovItemId="S71" CovItemPrefix="game.GameBoard.java" Intrnl_Id="506">
<LocList>
<Loc EndOffset="3805" SrcFileId="10" StartOffset="3781"/>
</LocList>
</BasicStmnt>
<BasicStmnt CovItemId="S72" CovItemPrefix="game.GameBoard.java" Intrnl_Id="507">
<LocList>
<Loc EndOffset="3819" SrcFileId="10" StartOffset="3813"/>
</LocList>
</BasicStmnt>
</StmntSeq>
</Branch>
<Branch CovItemId="B22" CovItemPrefix="game.GameBoard.java" Implct="false" Intrnl_Id="508">
<Cond>
<Loc EndOffset="3832" SrcFileId="10" StartOffset="3828"/>
</Cond>
<LocList>
<Loc EndOffset="3856" SrcFileId="10" StartOffset="3833"/>
</LocList>
<StmntSeq Intrnl_Id="509">
<LocList>
<Loc EndOffset="3848" SrcFileId="10" StartOffset="3842"/>
</LocList>
<BasicStmnt CovItemId="S73" CovItemPrefix="game.GameBoard.java" Intrnl_Id="510">
<LocList>
<Loc EndOffset="3848" SrcFileId="10" StartOffset="3842"/>
</LocList>
</BasicStmnt>
</StmntSeq>
</Branch>
<Keyword EndOffset="3729" SrcFileId="10" StartOffset="3727"/>
<LocList>
<Loc EndOffset="3856" SrcFileId="10" StartOffset="3727"/>
</LocList>
<RootTerm CovItemId="C18" CovItemPrefix="game.GameBoard.java" Intrnl_Id="511">
<BasicBoolTerm Intrnl_Id="512">
<LocList>
<Loc EndOffset="3770" SrcFileId="10" StartOffset="3731"/>
</LocList>
</BasicBoolTerm>
</RootTerm>
</CondStmnt>
</StmntSeq>
</Branch>
<Keyword EndOffset="3649" SrcFileId="10" StartOffset="3647"/>
<LocList>
<Loc EndOffset="3856" SrcFileId="10" StartOffset="3647"/>
</LocList>
<RootTerm CovItemId="C17" CovItemPrefix="game.GameBoard.java" Intrnl_Id="513">
<BasicBoolTerm Intrnl_Id="514">
<LocList>
<Loc EndOffset="3678" SrcFileId="10" StartOffset="3651"/>
</LocList>
</BasicBoolTerm>
</RootTerm>
</CondStmnt>
</StmntSeq>
<Keyword EndOffset="3567" SrcFileId="10" StartOffset="3564"/>
<LocList>
<Loc EndOffset="3863" SrcFileId="10" StartOffset="3564"/>
</LocList>
<RootTerm CovItemId="C16" CovItemPrefix="game.GameBoard.java" Intrnl_Id="515">
<BasicBoolTerm Intrnl_Id="516">
<LocList>
<Loc EndOffset="3590" SrcFileId="10" StartOffset="3584"/>
</LocList>
</BasicBoolTerm>
</RootTerm>
</LoopStmnt>
<LoopStmnt CovItemId="S74" CovItemPrefix="game.GameBoard.java" Intrnl_Id="517" MltplExecId="L12-2" MltplExecPrefix="game.GameBoard.java" NvrExecId="L12-0" NvrExecPrefix="game.GameBoard.java" OnceExecutedId="L12-1" OnceExecutedPrefix="game.GameBoard.java" OptBodyExec="true">
<StmntSeq Intrnl_Id="518">
<LocList>
<Loc EndOffset="3961" SrcFileId="10" StartOffset="3926"/>
<Loc EndOffset="4189" SrcFileId="10" StartOffset="3968"/>
</LocList>
<BasicStmnt CovItemId="S75" CovItemPrefix="game.GameBoard.java" Intrnl_Id="519">
<LocList>
<Loc EndOffset="3961" SrcFileId="10" StartOffset="3926"/>
</LocList>
</BasicStmnt>
<CondStmnt CovItemId="S76" CovItemPrefix="game.GameBoard.java" Intrnl_Id="520">
<Branch CovItemId="B23" CovItemPrefix="game.GameBoard.java" Implct="false" Intrnl_Id="521">
<Cond/>
<LocList>
<Loc EndOffset="4042" SrcFileId="10" StartOffset="4001"/>
</LocList>
<StmntSeq Intrnl_Id="522">
<LocList>
<Loc EndOffset="4034" SrcFileId="10" StartOffset="4010"/>
</LocList>
<BasicStmnt CovItemId="S77" CovItemPrefix="game.GameBoard.java" Intrnl_Id="523">
<LocList>
<Loc EndOffset="4034" SrcFileId="10" StartOffset="4010"/>
</LocList>
</BasicStmnt>
</StmntSeq>
</Branch>
<Branch CovItemId="B24" CovItemPrefix="game.GameBoard.java" Implct="false" Intrnl_Id="524">
<Cond>
<Loc EndOffset="4054" SrcFileId="10" StartOffset="4050"/>
</Cond>
<LocList>
<Loc EndOffset="4189" SrcFileId="10" StartOffset="4055"/>
</LocList>
<StmntSeq Intrnl_Id="525">
<LocList>
<Loc EndOffset="4189" SrcFileId="10" StartOffset="4055"/>
</LocList>
<CondStmnt CovItemId="S78" CovItemPrefix="game.GameBoard.java" Intrnl_Id="526">
<Branch CovItemId="B25" CovItemPrefix="game.GameBoard.java" Implct="false" Intrnl_Id="527">
<Cond/>
<LocList>
<Loc EndOffset="4160" SrcFileId="10" StartOffset="4105"/>
</LocList>
<StmntSeq Intrnl_Id="528">
<LocList>
<Loc EndOffset="4138" SrcFileId="10" StartOffset="4114"/>
<Loc EndOffset="4152" SrcFileId="10" StartOffset="4146"/>
</LocList>
<BasicStmnt CovItemId="S79" CovItemPrefix="game.GameBoard.java" Intrnl_Id="529">
<LocList>
<Loc EndOffset="4138" SrcFileId="10" StartOffset="4114"/>
</LocList>
</BasicStmnt>
<BasicStmnt CovItemId="S80" CovItemPrefix="game.GameBoard.java" Intrnl_Id="530">
<LocList>
<Loc EndOffset="4152" SrcFileId="10" StartOffset="4146"/>
</LocList>
</BasicStmnt>
</StmntSeq>
</Branch>
<Branch CovItemId="B26" CovItemPrefix="game.GameBoard.java" Implct="false" Intrnl_Id="531">
<Cond>
<Loc EndOffset="4165" SrcFileId="10" StartOffset="4161"/>
</Cond>
<LocList>
<Loc EndOffset="4189" SrcFileId="10" StartOffset="4166"/>
</LocList>
<StmntSeq Intrnl_Id="532">
<LocList>
<Loc EndOffset="4181" SrcFileId="10" StartOffset="4175"/>
</LocList>
<BasicStmnt CovItemId="S81" CovItemPrefix="game.GameBoard.java" Intrnl_Id="533">
<LocList>
<Loc EndOffset="4181" SrcFileId="10" StartOffset="4175"/>
</LocList>
</BasicStmnt>
</StmntSeq>
</Branch>
<Keyword EndOffset="4057" SrcFileId="10" StartOffset="4055"/>
<LocList>
<Loc EndOffset="4189" SrcFileId="10" StartOffset="4055"/>
</LocList>
<RootTerm CovItemId="C21" CovItemPrefix="game.GameBoard.java" Intrnl_Id="534">
<BasicBoolTerm Intrnl_Id="535">
<LocList>
<Loc EndOffset="4103" SrcFileId="10" StartOffset="4059"/>
</LocList>
</BasicBoolTerm>
</RootTerm>
</CondStmnt>
</StmntSeq>
</Branch>
<Keyword EndOffset="3970" SrcFileId="10" StartOffset="3968"/>
<LocList>
<Loc EndOffset="4189" SrcFileId="10" StartOffset="3968"/>
</LocList>
<RootTerm CovItemId="C20" CovItemPrefix="game.GameBoard.java" Intrnl_Id="536">
<BasicBoolTerm Intrnl_Id="537">
<LocList>
<Loc EndOffset="3999" SrcFileId="10" StartOffset="3972"/>
</LocList>
</BasicBoolTerm>
</RootTerm>
</CondStmnt>
</StmntSeq>
<Keyword EndOffset="3888" SrcFileId="10" StartOffset="3885"/>
<LocList>
<Loc EndOffset="4196" SrcFileId="10" StartOffset="3885"/>
</LocList>
<RootTerm CovItemId="C19" CovItemPrefix="game.GameBoard.java" Intrnl_Id="538">
<BasicBoolTerm Intrnl_Id="539">
<LocList>
<Loc EndOffset="3911" SrcFileId="10" StartOffset="3905"/>
</LocList>
</BasicBoolTerm>
</RootTerm>
</LoopStmnt>
</StmntSeq>
</Branch>
<Branch CovItemId="B10" CovItemPrefix="game.GameBoard.java" Implct="false" Intrnl_Id="540">
<Cond>
<Loc EndOffset="4207" SrcFileId="10" StartOffset="4203"/>
</Cond>
<LocList>
<Loc EndOffset="4891" SrcFileId="10" StartOffset="4208"/>
</LocList>
<StmntSeq Intrnl_Id="541">
<LocList>
<Loc EndOffset="4378" SrcFileId="10" StartOffset="4215"/>
<Loc EndOffset="4547" SrcFileId="10" StartOffset="4384"/>
<Loc EndOffset="4716" SrcFileId="10" StartOffset="4553"/>
<Loc EndOffset="4885" SrcFileId="10" StartOffset="4722"/>
</LocList>
<CondStmnt CovItemId="S82" CovItemPrefix="game.GameBoard.java" Intrnl_Id="542">
<Branch CovItemId="B27" CovItemPrefix="game.GameBoard.java" Implct="false" Intrnl_Id="543">
<Cond/>
<LocList>
<Loc EndOffset="4378" SrcFileId="10" StartOffset="4226"/>
</LocList>
<StmntSeq Intrnl_Id="544">
<LocList>
<Loc EndOffset="4273" SrcFileId="10" StartOffset="4234"/>
<Loc EndOffset="4370" SrcFileId="10" StartOffset="4280"/>
</LocList>
<BasicStmnt CovItemId="S83" CovItemPrefix="game.GameBoard.java" Intrnl_Id="545">
<LocList>
<Loc EndOffset="4273" SrcFileId="10" StartOffset="4234"/>
</LocList>
</BasicStmnt>
<CondStmnt CovItemId="S84" CovItemPrefix="game.GameBoard.java" Intrnl_Id="546">
<Branch CovItemId="B29" CovItemPrefix="game.GameBoard.java" Implct="false" Intrnl_Id="547">
<Cond/>
<LocList>
<Loc EndOffset="4370" SrcFileId="10" StartOffset="4329"/>
</LocList>
<StmntSeq Intrnl_Id="548">
<LocList>
<Loc EndOffset="4362" SrcFileId="10" StartOffset="4338"/>
</LocList>
<BasicStmnt CovItemId="S85" CovItemPrefix="game.GameBoard.java" Intrnl_Id="549">
<LocList>
<Loc EndOffset="4362" SrcFileId="10" StartOffset="4338"/>
</LocList>
</BasicStmnt>
</StmntSeq>
</Branch>
<Branch CovItemId="B30" CovItemPrefix="game.GameBoard.java" Implct="true" Intrnl_Id="550">
<Cond/>
<LocList/>
<StmntSeq Intrnl_Id="551">
<LocList/>
</StmntSeq>
</Branch>
<Keyword EndOffset="4282" SrcFileId="10" StartOffset="4280"/>
<LocList>
<Loc EndOffset="4370" SrcFileId="10" StartOffset="4280"/>
</LocList>
<RootTerm CovItemId="C23" CovItemPrefix="game.GameBoard.java" Intrnl_Id="552">
<BasicBoolTerm Intrnl_Id="553">
<LocList>
<Loc EndOffset="4327" SrcFileId="10" StartOffset="4283"/>
</LocList>
</BasicBoolTerm>
</RootTerm>
</CondStmnt>
</StmntSeq>
</Branch>
<Branch CovItemId="B28" CovItemPrefix="game.GameBoard.java" Implct="true" Intrnl_Id="554">
<Cond/>
<LocList/>
<StmntSeq Intrnl_Id="555">
<LocList/>
</StmntSeq>
</Branch>
<Keyword EndOffset="4217" SrcFileId="10" StartOffset="4215"/>
<LocList>
<Loc EndOffset="4378" SrcFileId="10" StartOffset="4215"/>
</LocList>
<RootTerm CovItemId="C22" CovItemPrefix="game.GameBoard.java" Intrnl_Id="556">
<BasicBoolTerm Intrnl_Id="557">
<LocList>
<Loc EndOffset="4224" SrcFileId="10" StartOffset="4219"/>
</LocList>
</BasicBoolTerm>
</RootTerm>
</CondStmnt>
<CondStmnt CovItemId="S86" CovItemPrefix="game.GameBoard.java" Intrnl_Id="558">
<Branch CovItemId="B31" CovItemPrefix="game.GameBoard.java" Implct="false" Intrnl_Id="559">
<Cond/>
<LocList>
<Loc EndOffset="4547" SrcFileId="10" StartOffset="4395"/>
</LocList>
<StmntSeq Intrnl_Id="560">
<LocList>
<Loc EndOffset="4442" SrcFileId="10" StartOffset="4403"/>
<Loc EndOffset="4539" SrcFileId="10" StartOffset="4449"/>
</LocList>
<BasicStmnt CovItemId="S87" CovItemPrefix="game.GameBoard.java" Intrnl_Id="561">
<LocList>
<Loc EndOffset="4442" SrcFileId="10" StartOffset="4403"/>
</LocList>
</BasicStmnt>
<CondStmnt CovItemId="S88" CovItemPrefix="game.GameBoard.java" Intrnl_Id="562">
<Branch CovItemId="B33" CovItemPrefix="game.GameBoard.java" Implct="false" Intrnl_Id="563">
<Cond/>
<LocList>
<Loc EndOffset="4539" SrcFileId="10" StartOffset="4498"/>
</LocList>
<StmntSeq Intrnl_Id="564">
<LocList>
<Loc EndOffset="4531" SrcFileId="10" StartOffset="4507"/>
</LocList>
<BasicStmnt CovItemId="S89" CovItemPrefix="game.GameBoard.java" Intrnl_Id="565">
<LocList>
<Loc EndOffset="4531" SrcFileId="10" StartOffset="4507"/>
</LocList>
</BasicStmnt>
</StmntSeq>
</Branch>
<Branch CovItemId="B34" CovItemPrefix="game.GameBoard.java" Implct="true" Intrnl_Id="566">
<Cond/>
<LocList/>
<StmntSeq Intrnl_Id="567">
<LocList/>
</StmntSeq>
</Branch>
<Keyword EndOffset="4451" SrcFileId="10" StartOffset="4449"/>
<LocList>
<Loc EndOffset="4539" SrcFileId="10" StartOffset="4449"/>
</LocList>
<RootTerm CovItemId="C25" CovItemPrefix="game.GameBoard.java" Intrnl_Id="568">
<BasicBoolTerm Intrnl_Id="569">
<LocList>
<Loc EndOffset="4496" SrcFileId="10" StartOffset="4452"/>
</LocList>
</BasicBoolTerm>
</RootTerm>
</CondStmnt>
</StmntSeq>
</Branch>
<Branch CovItemId="B32" CovItemPrefix="game.GameBoard.java" Implct="true" Intrnl_Id="570">
<Cond/>
<LocList/>
<StmntSeq Intrnl_Id="571">
<LocList/>
</StmntSeq>
</Branch>
<Keyword EndOffset="4386" SrcFileId="10" StartOffset="4384"/>
<LocList>
<Loc EndOffset="4547" SrcFileId="10" StartOffset="4384"/>
</LocList>
<RootTerm CovItemId="C24" CovItemPrefix="game.GameBoard.java" Intrnl_Id="572">
<BasicBoolTerm Intrnl_Id="573">
<LocList>
<Loc EndOffset="4393" SrcFileId="10" StartOffset="4388"/>
</LocList>
</BasicBoolTerm>
</RootTerm>
</CondStmnt>
<CondStmnt CovItemId="S90" CovItemPrefix="game.GameBoard.java" Intrnl_Id="574">
<Branch CovItemId="B35" CovItemPrefix="game.GameBoard.java" Implct="false" Intrnl_Id="575">
<Cond/>
<LocList>
<Loc EndOffset="4716" SrcFileId="10" StartOffset="4564"/>
</LocList>
<StmntSeq Intrnl_Id="576">
<LocList>
<Loc EndOffset="4611" SrcFileId="10" StartOffset="4572"/>
<Loc EndOffset="4708" SrcFileId="10" StartOffset="4618"/>
</LocList>
<BasicStmnt CovItemId="S91" CovItemPrefix="game.GameBoard.java" Intrnl_Id="577">
<LocList>
<Loc EndOffset="4611" SrcFileId="10" StartOffset="4572"/>
</LocList>
</BasicStmnt>
<CondStmnt CovItemId="S92" CovItemPrefix="game.GameBoard.java" Intrnl_Id="578">
<Branch CovItemId="B37" CovItemPrefix="game.GameBoard.java" Implct="false" Intrnl_Id="579">
<Cond/>
<LocList>
<Loc EndOffset="4708" SrcFileId="10" StartOffset="4667"/>
</LocList>
<StmntSeq Intrnl_Id="580">
<LocList>
<Loc EndOffset="4700" SrcFileId="10" StartOffset="4676"/>
</LocList>
<BasicStmnt CovItemId="S93" CovItemPrefix="game.GameBoard.java" Intrnl_Id="581">
<LocList>
<Loc EndOffset="4700" SrcFileId="10" StartOffset="4676"/>
</LocList>
</BasicStmnt>
</StmntSeq>
</Branch>
<Branch CovItemId="B38" CovItemPrefix="game.GameBoard.java" Implct="true" Intrnl_Id="582">
<Cond/>
<LocList/>
<StmntSeq Intrnl_Id="583">
<LocList/>
</StmntSeq>
</Branch>
<Keyword EndOffset="4620" SrcFileId="10" StartOffset="4618"/>
<LocList>
<Loc EndOffset="4708" SrcFileId="10" StartOffset="4618"/>
</LocList>
<RootTerm CovItemId="C27" CovItemPrefix="game.GameBoard.java" Intrnl_Id="584">
<BasicBoolTerm Intrnl_Id="585">
<LocList>
<Loc EndOffset="4665" SrcFileId="10" StartOffset="4621"/>
</LocList>
</BasicBoolTerm>
</RootTerm>
</CondStmnt>
</StmntSeq>
</Branch>
<Branch CovItemId="B36" CovItemPrefix="game.GameBoard.java" Implct="true" Intrnl_Id="586">
<Cond/>
<LocList/>
<StmntSeq Intrnl_Id="587">
<LocList/>
</StmntSeq>
</Branch>
<Keyword EndOffset="4555" SrcFileId="10" StartOffset="4553"/>
<LocList>
<Loc EndOffset="4716" SrcFileId="10" StartOffset="4553"/>
</LocList>
<RootTerm CovItemId="C26" CovItemPrefix="game.GameBoard.java" Intrnl_Id="588">
<BasicBoolTerm Intrnl_Id="589">
<LocList>
<Loc EndOffset="4562" SrcFileId="10" StartOffset="4557"/>
</LocList>
</BasicBoolTerm>
</RootTerm>
</CondStmnt>
<CondStmnt CovItemId="S94" CovItemPrefix="game.GameBoard.java" Intrnl_Id="590">
<Branch CovItemId="B39" CovItemPrefix="game.GameBoard.java" Implct="false" Intrnl_Id="591">
<Cond/>
<LocList>
<Loc EndOffset="4885" SrcFileId="10" StartOffset="4733"/>
</LocList>
<StmntSeq Intrnl_Id="592">
<LocList>
<Loc EndOffset="4780" SrcFileId="10" StartOffset="4741"/>
<Loc EndOffset="4877" SrcFileId="10" StartOffset="4787"/>
</LocList>
<BasicStmnt CovItemId="S95" CovItemPrefix="game.GameBoard.java" Intrnl_Id="593">
<LocList>
<Loc EndOffset="4780" SrcFileId="10" StartOffset="4741"/>
</LocList>
</BasicStmnt>
<CondStmnt CovItemId="S96" CovItemPrefix="game.GameBoard.java" Intrnl_Id="594">
<Branch CovItemId="B41" CovItemPrefix="game.GameBoard.java" Implct="false" Intrnl_Id="595">
<Cond/>
<LocList>
<Loc EndOffset="4877" SrcFileId="10" StartOffset="4836"/>
</LocList>
<StmntSeq Intrnl_Id="596">
<LocList>
<Loc EndOffset="4869" SrcFileId="10" StartOffset="4845"/>
</LocList>
<BasicStmnt CovItemId="S97" CovItemPrefix="game.GameBoard.java" Intrnl_Id="597">
<LocList>
<Loc EndOffset="4869" SrcFileId="10" StartOffset="4845"/>
</LocList>
</BasicStmnt>
</StmntSeq>
</Branch>
<Branch CovItemId="B42" CovItemPrefix="game.GameBoard.java" Implct="true" Intrnl_Id="598">
<Cond/>
<LocList/>
<StmntSeq Intrnl_Id="599">
<LocList/>
</StmntSeq>
</Branch>
<Keyword EndOffset="4789" SrcFileId="10" StartOffset="4787"/>
<LocList>
<Loc EndOffset="4877" SrcFileId="10" StartOffset="4787"/>
</LocList>
<RootTerm CovItemId="C29" CovItemPrefix="game.GameBoard.java" Intrnl_Id="600">
<BasicBoolTerm Intrnl_Id="601">
<LocList>
<Loc EndOffset="4834" SrcFileId="10" StartOffset="4790"/>
</LocList>
</BasicBoolTerm>
</RootTerm>
</CondStmnt>
</StmntSeq>
</Branch>
<Branch CovItemId="B40" CovItemPrefix="game.GameBoard.java" Implct="true" Intrnl_Id="602">
<Cond/>
<LocList/>
<StmntSeq Intrnl_Id="603">
<LocList/>
</StmntSeq>
</Branch>
<Keyword EndOffset="4724" SrcFileId="10" StartOffset="4722"/>
<LocList>
<Loc EndOffset="4885" SrcFileId="10" StartOffset="4722"/>
</LocList>
<RootTerm CovItemId="C28" CovItemPrefix="game.GameBoard.java" Intrnl_Id="604">
<BasicBoolTerm Intrnl_Id="605">
<LocList>
<Loc EndOffset="4731" SrcFileId="10" StartOffset="4726"/>
</LocList>
</BasicBoolTerm>
</RootTerm>
</CondStmnt>
</StmntSeq>
</Branch>
<Keyword EndOffset="2851" SrcFileId="10" StartOffset="2849"/>
<LocList>
<Loc EndOffset="4891" SrcFileId="10" StartOffset="2849"/>
</LocList>
<RootTerm CovItemId="C9" CovItemPrefix="game.GameBoard.java" Intrnl_Id="606">
<BasicBoolTerm Intrnl_Id="607">
<LocList>
<Loc EndOffset="2881" SrcFileId="10" StartOffset="2853"/>
</LocList>
</BasicBoolTerm>
</RootTerm>
</CondStmnt>
</StmntSeq>
</HierarchyLvl>
<HierarchyLvl HierarchyLvlId="72" HierarchyLvlTypeId="20" Intrnl_Id="608" Name="swapPieces">
<Header>
<Loc EndOffset="4959" SrcFileId="10" StartOffset="4900"/>
</Header>
<LocList>
<Loc EndOffset="5453" SrcFileId="10" StartOffset="4900"/>
</LocList>
<StmntSeq Intrnl_Id="609">
<LocList>
<Loc EndOffset="4997" SrcFileId="10" StartOffset="4965"/>
<Loc EndOffset="5033" SrcFileId="10" StartOffset="5001"/>
<Loc EndOffset="5053" SrcFileId="10" StartOffset="5037"/>
<Loc EndOffset="5073" SrcFileId="10" StartOffset="5057"/>
<Loc EndOffset="5100" SrcFileId="10" StartOffset="5077"/>
<Loc EndOffset="5127" SrcFileId="10" StartOffset="5104"/>
<Loc EndOffset="5179" SrcFileId="10" StartOffset="5131"/>
<Loc EndOffset="5216" SrcFileId="10" StartOffset="5183"/>
<Loc EndOffset="5239" SrcFileId="10" StartOffset="5220"/>
<Loc EndOffset="5262" SrcFileId="10" StartOffset="5243"/>
<Loc EndOffset="5298" SrcFileId="10" StartOffset="5266"/>
<Loc EndOffset="5318" SrcFileId="10" StartOffset="5302"/>
<Loc EndOffset="5341" SrcFileId="10" StartOffset="5322"/>
<Loc EndOffset="5364" SrcFileId="10" StartOffset="5345"/>
<Loc EndOffset="5400" SrcFileId="10" StartOffset="5368"/>
<Loc EndOffset="5420" SrcFileId="10" StartOffset="5404"/>
<Loc EndOffset="5435" SrcFileId="10" StartOffset="5424"/>
<Loc EndOffset="5449" SrcFileId="10" StartOffset="5439"/>
</LocList>
<BasicStmnt CovItemId="S98" CovItemPrefix="game.GameBoard.java" Intrnl_Id="610">
<LocList>
<Loc EndOffset="4997" SrcFileId="10" StartOffset="4965"/>
</LocList>
</BasicStmnt>
<BasicStmnt CovItemId="S99" CovItemPrefix="game.GameBoard.java" Intrnl_Id="611">
<LocList>
<Loc EndOffset="5033" SrcFileId="10" StartOffset="5001"/>
</LocList>
</BasicStmnt>
<BasicStmnt CovItemId="S100" CovItemPrefix="game.GameBoard.java" Intrnl_Id="612">
<LocList>
<Loc EndOffset="5053" SrcFileId="10" StartOffset="5037"/>
</LocList>
</BasicStmnt>
<BasicStmnt CovItemId="S101" CovItemPrefix="game.GameBoard.java" Intrnl_Id="613">
<LocList>
<Loc EndOffset="5073" SrcFileId="10" StartOffset="5057"/>
</LocList>
</BasicStmnt>
<BasicStmnt CovItemId="S102" CovItemPrefix="game.GameBoard.java" Intrnl_Id="614">
<LocList>
<Loc EndOffset="5100" SrcFileId="10" StartOffset="5077"/>
</LocList>
</BasicStmnt>
<BasicStmnt CovItemId="S103" CovItemPrefix="game.GameBoard.java" Intrnl_Id="615">
<LocList>
<Loc EndOffset="5127" SrcFileId="10" StartOffset="5104"/>
</LocList>
</BasicStmnt>
<BasicStmnt CovItemId="S104" CovItemPrefix="game.GameBoard.java" Intrnl_Id="616">
<LocList>
<Loc EndOffset="5179" SrcFileId="10" StartOffset="5131"/>
</LocList>
</BasicStmnt>
<BasicStmnt CovItemId="S105" CovItemPrefix="game.GameBoard.java" Intrnl_Id="617">
<LocList>
<Loc EndOffset="5216" SrcFileId="10" StartOffset="5183"/>
</LocList>
</BasicStmnt>
<BasicStmnt CovItemId="S106" CovItemPrefix="game.GameBoard.java" Intrnl_Id="618">
<LocList>
<Loc EndOffset="5239" SrcFileId="10" StartOffset="5220"/>
</LocList>
</BasicStmnt>
<BasicStmnt CovItemId="S107" CovItemPrefix="game.GameBoard.java" Intrnl_Id="619">
<LocList>
<Loc EndOffset="5262" SrcFileId="10" StartOffset="5243"/>
</LocList>
</BasicStmnt>
<BasicStmnt CovItemId="S108" CovItemPrefix="game.GameBoard.java" Intrnl_Id="620">
<LocList>
<Loc EndOffset="5298" SrcFileId="10" StartOffset="5266"/>
</LocList>
</BasicStmnt>
<BasicStmnt CovItemId="S109" CovItemPrefix="game.GameBoard.java" Intrnl_Id="621">
<LocList>
<Loc EndOffset="5318" SrcFileId="10" StartOffset="5302"/>
</LocList>
</BasicStmnt>
<BasicStmnt CovItemId="S110" CovItemPrefix="game.GameBoard.java" Intrnl_Id="622">
<LocList>
<Loc EndOffset="5341" SrcFileId="10" StartOffset="5322"/>
</LocList>
</BasicStmnt>
<BasicStmnt CovItemId="S111" CovItemPrefix="game.GameBoard.java" Intrnl_Id="623">
<LocList>
<Loc EndOffset="5364" SrcFileId="10" StartOffset="5345"/>
</LocList>
</BasicStmnt>
<BasicStmnt CovItemId="S112" CovItemPrefix="game.GameBoard.java" Intrnl_Id="624">
<LocList>
<Loc EndOffset="5400" SrcFileId="10" StartOffset="5368"/>
</LocList>
</BasicStmnt>
<BasicStmnt CovItemId="S113" CovItemPrefix="game.GameBoard.java" Intrnl_Id="625">
<LocList>
<Loc EndOffset="5420" SrcFileId="10" StartOffset="5404"/>
</LocList>
</BasicStmnt>
<BasicStmnt CovItemId="S114" CovItemPrefix="game.GameBoard.java" Intrnl_Id="626">
<LocList>
<Loc EndOffset="5435" SrcFileId="10" StartOffset="5424"/>
</LocList>
</BasicStmnt>
<BasicStmnt CovItemId="S115" CovItemPrefix="game.GameBoard.java" Intrnl_Id="627">
<LocList>
<Loc EndOffset="5449" SrcFileId="10" StartOffset="5439"/>
</LocList>
</BasicStmnt>
</StmntSeq>
</HierarchyLvl>
<HierarchyLvl HierarchyLvlId="73" HierarchyLvlTypeId="20" Intrnl_Id="628" Name="attack">
<Header>
<Loc EndOffset="5515" SrcFileId="10" StartOffset="5459"/>
</Header>
<LocList>
<Loc EndOffset="6473" SrcFileId="10" StartOffset="5459"/>
</LocList>
<StmntSeq Intrnl_Id="629">
<LocList>
<Loc EndOffset="6432" SrcFileId="10" StartOffset="5522"/>
<Loc EndOffset="6469" SrcFileId="10" StartOffset="6436"/>
</LocList>
<CondStmnt CovItemId="S116" CovItemPrefix="game.GameBoard.java" Intrnl_Id="630">
<Branch CovItemId="B43" CovItemPrefix="game.GameBoard.java" Implct="false" Intrnl_Id="631">
<Cond/>
<LocList>
<Loc EndOffset="5794" SrcFileId="10" StartOffset="5546"/>
</LocList>
<StmntSeq Intrnl_Id="632">
<LocList>
<Loc EndOffset="5789" SrcFileId="10" StartOffset="5553"/>
</LocList>
<CondStmnt CovItemId="S117" CovItemPrefix="game.GameBoard.java" Intrnl_Id="633">
<Branch CovItemId="B45" CovItemPrefix="game.GameBoard.java" Implct="false" Intrnl_Id="634">
<Cond/>
<LocList>
<Loc EndOffset="5695" SrcFileId="10" StartOffset="5571"/>
</LocList>
<StmntSeq Intrnl_Id="635">
<LocList>
<Loc EndOffset="5598" SrcFileId="10" StartOffset="5579"/>
<Loc EndOffset="5621" SrcFileId="10" StartOffset="5605"/>
<Loc EndOffset="5688" SrcFileId="10" StartOffset="5628"/>
</LocList>
<BasicStmnt CovItemId="S118" CovItemPrefix="game.GameBoard.java" Intrnl_Id="636">
<LocList>
<Loc EndOffset="5598" SrcFileId="10" StartOffset="5579"/>
</LocList>
</BasicStmnt>
<BasicStmnt CovItemId="S119" CovItemPrefix="game.GameBoard.java" Intrnl_Id="637">
<LocList>
<Loc EndOffset="5621" SrcFileId="10" StartOffset="5605"/>
</LocList>
</BasicStmnt>
<BasicStmnt CovItemId="S120" CovItemPrefix="game.GameBoard.java" Intrnl_Id="638">
<LocList>
<Loc EndOffset="5688" SrcFileId="10" StartOffset="5628"/>
</LocList>
</BasicStmnt>
</StmntSeq>
</Branch>
<Branch CovItemId="B46" CovItemPrefix="game.GameBoard.java" Implct="false" Intrnl_Id="639">
<Cond>
<Loc EndOffset="5700" SrcFileId="10" StartOffset="5696"/>
</Cond>
<LocList>
<Loc EndOffset="5789" SrcFileId="10" StartOffset="5701"/>
</LocList>
<StmntSeq Intrnl_Id="640">
<LocList>
<Loc EndOffset="5724" SrcFileId="10" StartOffset="5708"/>
<Loc EndOffset="5746" SrcFileId="10" StartOffset="5730"/>
<Loc EndOffset="5782" SrcFileId="10" StartOffset="5752"/>
</LocList>
<BasicStmnt CovItemId="S121" CovItemPrefix="game.GameBoard.java" Intrnl_Id="641">
<LocList>
<Loc EndOffset="5724" SrcFileId="10" StartOffset="5708"/>
</LocList>
</BasicStmnt>
<BasicStmnt CovItemId="S122" CovItemPrefix="game.GameBoard.java" Intrnl_Id="642">
<LocList>
<Loc EndOffset="5746" SrcFileId="10" StartOffset="5730"/>
</LocList>
</BasicStmnt>
<BasicStmnt CovItemId="S123" CovItemPrefix="game.GameBoard.java" Intrnl_Id="643">
<LocList>
<Loc EndOffset="5782" SrcFileId="10" StartOffset="5752"/>
</LocList>
</BasicStmnt>
</StmntSeq>
</Branch>
<Keyword EndOffset="5555" SrcFileId="10" StartOffset="5553"/>
<LocList>
<Loc EndOffset="5789" SrcFileId="10" StartOffset="5553"/>
</LocList>
<RootTerm CovItemId="C31" CovItemPrefix="game.GameBoard.java" Intrnl_Id="644">
<BasicBoolTerm Intrnl_Id="645">
<LocList>
<Loc EndOffset="5569" SrcFileId="10" StartOffset="5557"/>
</LocList>
</BasicBoolTerm>
</RootTerm>
</CondStmnt>
</StmntSeq>
</Branch>
<Branch CovItemId="B44" CovItemPrefix="game.GameBoard.java" Implct="false" Intrnl_Id="646">
<Cond>
<Loc EndOffset="5799" SrcFileId="10" StartOffset="5795"/>
</Cond>
<LocList>
<Loc EndOffset="6432" SrcFileId="10" StartOffset="5800"/>
</LocList>
<StmntSeq Intrnl_Id="647">
<LocList>
<Loc EndOffset="6432" SrcFileId="10" StartOffset="5800"/>
</LocList>
<CondStmnt CovItemId="S124" CovItemPrefix="game.GameBoard.java" Intrnl_Id="648">
<Branch CovItemId="B47" CovItemPrefix="game.GameBoard.java" Implct="false" Intrnl_Id="649">
<Cond/>
<LocList>
<Loc EndOffset="5934" SrcFileId="10" StartOffset="5824"/>
</LocList>
<StmntSeq Intrnl_Id="650">
<LocList>
<Loc EndOffset="5849" SrcFileId="10" StartOffset="5830"/>
<Loc EndOffset="5870" SrcFileId="10" StartOffset="5854"/>
<Loc EndOffset="5929" SrcFileId="10" StartOffset="5875"/>
</LocList>
<BasicStmnt CovItemId="S125" CovItemPrefix="game.GameBoard.java" Intrnl_Id="651">
<LocList>
<Loc EndOffset="5849" SrcFileId="10" StartOffset="5830"/>
</LocList>
</BasicStmnt>
<BasicStmnt CovItemId="S126" CovItemPrefix="game.GameBoard.java" Intrnl_Id="652">
<LocList>
<Loc EndOffset="5870" SrcFileId="10" StartOffset="5854"/>
</LocList>
</BasicStmnt>
<BasicStmnt CovItemId="S127" CovItemPrefix="game.GameBoard.java" Intrnl_Id="653">
<LocList>
<Loc EndOffset="5929" SrcFileId="10" StartOffset="5875"/>
</LocList>
</BasicStmnt>
</StmntSeq>
</Branch>
<Branch CovItemId="B48" CovItemPrefix="game.GameBoard.java" Implct="false" Intrnl_Id="654">
<Cond>
<Loc EndOffset="5939" SrcFileId="10" StartOffset="5935"/>
</Cond>
<LocList>
<Loc EndOffset="6432" SrcFileId="10" StartOffset="5940"/>
</LocList>
<StmntSeq Intrnl_Id="655">
<LocList>
<Loc EndOffset="6432" SrcFileId="10" StartOffset="5940"/>
</LocList>
<CondStmnt CovItemId="S128" CovItemPrefix="game.GameBoard.java" Intrnl_Id="656">
<Branch CovItemId="B49" CovItemPrefix="game.GameBoard.java" Implct="false" Intrnl_Id="657">
<Cond/>
<LocList>
<Loc EndOffset="6059" SrcFileId="10" StartOffset="5978"/>
</LocList>
<StmntSeq Intrnl_Id="658">
<LocList>
<Loc EndOffset="6033" SrcFileId="10" StartOffset="6014"/>
<Loc EndOffset="6054" SrcFileId="10" StartOffset="6038"/>
</LocList>
<BasicStmnt CovItemId="S129" CovItemPrefix="game.GameBoard.java" Intrnl_Id="659">
<LocList>
<Loc EndOffset="6033" SrcFileId="10" StartOffset="6014"/>
</LocList>
</BasicStmnt>
<BasicStmnt CovItemId="S130" CovItemPrefix="game.GameBoard.java" Intrnl_Id="660">
<LocList>
<Loc EndOffset="6054" SrcFileId="10" StartOffset="6038"/>
</LocList>
</BasicStmnt>
</StmntSeq>
</Branch>
<Branch CovItemId="B50" CovItemPrefix="game.GameBoard.java" Implct="false" Intrnl_Id="661">
<Cond>
<Loc EndOffset="6064" SrcFileId="10" StartOffset="6060"/>
</Cond>
<LocList>
<Loc EndOffset="6432" SrcFileId="10" StartOffset="6065"/>
</LocList>
<StmntSeq Intrnl_Id="662">
<LocList>
<Loc EndOffset="6432" SrcFileId="10" StartOffset="6065"/>
</LocList>
<CondStmnt CovItemId="S131" CovItemPrefix="game.GameBoard.java" Intrnl_Id="663">
<Branch CovItemId="B51" CovItemPrefix="game.GameBoard.java" Implct="false" Intrnl_Id="664">
<Cond/>
<LocList>
<Loc EndOffset="6192" SrcFileId="10" StartOffset="6088"/>
</LocList>
<StmntSeq Intrnl_Id="665">
<LocList>
<Loc EndOffset="6113" SrcFileId="10" StartOffset="6094"/>
<Loc EndOffset="6134" SrcFileId="10" StartOffset="6118"/>
<Loc EndOffset="6187" SrcFileId="10" StartOffset="6139"/>
</LocList>
<BasicStmnt CovItemId="S132" CovItemPrefix="game.GameBoard.java" Intrnl_Id="666">
<LocList>
<Loc EndOffset="6113" SrcFileId="10" StartOffset="6094"/>
</LocList>
</BasicStmnt>
<BasicStmnt CovItemId="S133" CovItemPrefix="game.GameBoard.java" Intrnl_Id="667">
<LocList>
<Loc EndOffset="6134" SrcFileId="10" StartOffset="6118"/>
</LocList>
</BasicStmnt>
<BasicStmnt CovItemId="S134" CovItemPrefix="game.GameBoard.java" Intrnl_Id="668">
<LocList>
<Loc EndOffset="6187" SrcFileId="10" StartOffset="6139"/>
</LocList>
</BasicStmnt>
</StmntSeq>
</Branch>
<Branch CovItemId="B52" CovItemPrefix="game.GameBoard.java" Implct="false" Intrnl_Id="669">
<Cond>
<Loc EndOffset="6197" SrcFileId="10" StartOffset="6193"/>
</Cond>
<LocList>
<Loc EndOffset="6432" SrcFileId="10" StartOffset="6198"/>
</LocList>
<StmntSeq Intrnl_Id="670">
<LocList>
<Loc EndOffset="6432" SrcFileId="10" StartOffset="6198"/>
</LocList>
<CondStmnt CovItemId="S135" CovItemPrefix="game.GameBoard.java" Intrnl_Id="671">
<Branch CovItemId="B53" CovItemPrefix="game.GameBoard.java" Implct="false" Intrnl_Id="672">
<Cond/>
<LocList>
<Loc EndOffset="6301" SrcFileId="10" StartOffset="6221"/>
</LocList>
<StmntSeq Intrnl_Id="673">
<LocList>
<Loc EndOffset="6243" SrcFileId="10" StartOffset="6227"/>
<Loc EndOffset="6296" SrcFileId="10" StartOffset="6248"/>
</LocList>
<BasicStmnt CovItemId="S136" CovItemPrefix="game.GameBoard.java" Intrnl_Id="674">
<LocList>
<Loc EndOffset="6243" SrcFileId="10" StartOffset="6227"/>
</LocList>
</BasicStmnt>
<BasicStmnt CovItemId="S137" CovItemPrefix="game.GameBoard.java" Intrnl_Id="675">
<LocList>
<Loc EndOffset="6296" SrcFileId="10" StartOffset="6248"/>
</LocList>
</BasicStmnt>
</StmntSeq>
</Branch>
<Branch CovItemId="B54" CovItemPrefix="game.GameBoard.java" Implct="false" Intrnl_Id="676">
<Cond>
<Loc EndOffset="6306" SrcFileId="10" StartOffset="6302"/>
</Cond>
<LocList>
<Loc EndOffset="6432" SrcFileId="10" StartOffset="6307"/>
</LocList>
<StmntSeq Intrnl_Id="677">
<LocList>
<Loc EndOffset="6432" SrcFileId="10" StartOffset="6307"/>
</LocList>
<CondStmnt CovItemId="S138" CovItemPrefix="game.GameBoard.java" Intrnl_Id="678">
<Branch CovItemId="B55" CovItemPrefix="game.GameBoard.java" Implct="false" Intrnl_Id="679">
<Cond/>
<LocList>
<Loc EndOffset="6432" SrcFileId="10" StartOffset="6331"/>
</LocList>
<StmntSeq Intrnl_Id="680">
<LocList>
<Loc EndOffset="6353" SrcFileId="10" StartOffset="6337"/>
<Loc EndOffset="6374" SrcFileId="10" StartOffset="6358"/>
<Loc EndOffset="6427" SrcFileId="10" StartOffset="6379"/>
</LocList>
<BasicStmnt CovItemId="S139" CovItemPrefix="game.GameBoard.java" Intrnl_Id="681">
<LocList>
<Loc EndOffset="6353" SrcFileId="10" StartOffset="6337"/>
</LocList>
</BasicStmnt>
<BasicStmnt CovItemId="S140" CovItemPrefix="game.GameBoard.java" Intrnl_Id="682">
<LocList>
<Loc EndOffset="6374" SrcFileId="10" StartOffset="6358"/>
</LocList>
</BasicStmnt>
<BasicStmnt CovItemId="S141" CovItemPrefix="game.GameBoard.java" Intrnl_Id="683">
<LocList>
<Loc EndOffset="6427" SrcFileId="10" StartOffset="6379"/>
</LocList>
</BasicStmnt>
</StmntSeq>
</Branch>
<Branch CovItemId="B56" CovItemPrefix="game.GameBoard.java" Implct="true" Intrnl_Id="684">
<Cond/>
<LocList/>
<StmntSeq Intrnl_Id="685">
<LocList/>
</StmntSeq>
</Branch>
<Keyword EndOffset="6309" SrcFileId="10" StartOffset="6307"/>
<LocList>
<Loc EndOffset="6432" SrcFileId="10" StartOffset="6307"/>
</LocList>
<RootTerm CovItemId="C36" CovItemPrefix="game.GameBoard.java" Intrnl_Id="686">
<BasicBoolTerm Intrnl_Id="687">
<LocList>
<Loc EndOffset="6329" SrcFileId="10" StartOffset="6311"/>
</LocList>
</BasicBoolTerm>
</RootTerm>
</CondStmnt>
</StmntSeq>
</Branch>
<Keyword EndOffset="6200" SrcFileId="10" StartOffset="6198"/>
<LocList>
<Loc EndOffset="6432" SrcFileId="10" StartOffset="6198"/>
</LocList>
<RootTerm CovItemId="C35" CovItemPrefix="game.GameBoard.java" Intrnl_Id="688">
<BasicBoolTerm Intrnl_Id="689">
<LocList>
<Loc EndOffset="6219" SrcFileId="10" StartOffset="6202"/>
</LocList>
</BasicBoolTerm>
</RootTerm>
</CondStmnt>
</StmntSeq>
</Branch>
<Keyword EndOffset="6067" SrcFileId="10" StartOffset="6065"/>
<LocList>
<Loc EndOffset="6432" SrcFileId="10" StartOffset="6065"/>
</LocList>
<RootTerm CovItemId="C34" CovItemPrefix="game.GameBoard.java" Intrnl_Id="690">
<BasicBoolTerm Intrnl_Id="691">
<LocList>
<Loc EndOffset="6086" SrcFileId="10" StartOffset="6069"/>
</LocList>
</BasicBoolTerm>
</RootTerm>
</CondStmnt>
</StmntSeq>
</Branch>
<Keyword EndOffset="5942" SrcFileId="10" StartOffset="5940"/>
<LocList>
<Loc EndOffset="6432" SrcFileId="10" StartOffset="5940"/>
</LocList>
<RootTerm CovItemId="C33" CovItemPrefix="game.GameBoard.java" Intrnl_Id="692">
<OpTerm BooleanOpId="16" Intrnl_Id="693">
<BasicBoolTerm Intrnl_Id="694">
<LocList>
<Loc EndOffset="5957" SrcFileId="10" StartOffset="5945"/>
</LocList>
</BasicBoolTerm>
<BasicBoolTerm Intrnl_Id="695">
<LocList>
<Loc EndOffset="5975" SrcFileId="10" StartOffset="5963"/>
</LocList>
</BasicBoolTerm>
<LocList>
<Loc EndOffset="5961" SrcFileId="10" StartOffset="5959"/>
</LocList>
</OpTerm>
</RootTerm>
</CondStmnt>
</StmntSeq>
</Branch>
<Keyword EndOffset="5802" SrcFileId="10" StartOffset="5800"/>
<LocList>
<Loc EndOffset="6432" SrcFileId="10" StartOffset="5800"/>
</LocList>
<RootTerm CovItemId="C32" CovItemPrefix="game.GameBoard.java" Intrnl_Id="696">
<BasicBoolTerm Intrnl_Id="697">
<LocList>
<Loc EndOffset="5822" SrcFileId="10" StartOffset="5804"/>
</LocList>
</BasicBoolTerm>
</RootTerm>
</CondStmnt>
</StmntSeq>
</Branch>
<Keyword EndOffset="5524" SrcFileId="10" StartOffset="5522"/>
<LocList>
<Loc EndOffset="6432" SrcFileId="10" StartOffset="5522"/>
</LocList>
<RootTerm CovItemId="C30" CovItemPrefix="game.GameBoard.java" Intrnl_Id="698">
<BasicBoolTerm Intrnl_Id="699">
<LocList>
<Loc EndOffset="5544" SrcFileId="10" StartOffset="5526"/>
</LocList>
</BasicBoolTerm>
</RootTerm>
</CondStmnt>
<BasicStmnt CovItemId="S142" CovItemPrefix="game.GameBoard.java" Intrnl_Id="700">
<LocList>
<Loc EndOffset="6469" SrcFileId="10" StartOffset="6436"/>
</LocList>
</BasicStmnt>
</StmntSeq>
</HierarchyLvl>
<HierarchyLvl HierarchyLvlId="74" HierarchyLvlTypeId="20" Intrnl_Id="701" Name="removePiece">
<Header>
<Loc EndOffset="6520" SrcFileId="10" StartOffset="6479"/>
</Header>
<LocList>
<Loc EndOffset="7009" SrcFileId="10" StartOffset="6479"/>
</LocList>
<StmntSeq Intrnl_Id="702">
<LocList>
<Loc EndOffset="6565" SrcFileId="10" StartOffset="6526"/>
<Loc EndOffset="6604" SrcFileId="10" StartOffset="6569"/>
<Loc EndOffset="6643" SrcFileId="10" StartOffset="6608"/>
<Loc EndOffset="6671" SrcFileId="10" StartOffset="6647"/>
<Loc EndOffset="6706" SrcFileId="10" StartOffset="6675"/>
<Loc EndOffset="6725" SrcFileId="10" StartOffset="6710"/>
<Loc EndOffset="6749" SrcFileId="10" StartOffset="6729"/>
<Loc EndOffset="6779" SrcFileId="10" StartOffset="6753"/>
<Loc EndOffset="6831" SrcFileId="10" StartOffset="6783"/>
<Loc EndOffset="6868" SrcFileId="10" StartOffset="6835"/>
<Loc EndOffset="6891" SrcFileId="10" StartOffset="6872"/>
<Loc EndOffset="6914" SrcFileId="10" StartOffset="6895"/>
<Loc EndOffset="6953" SrcFileId="10" StartOffset="6918"/>
<Loc EndOffset="6976" SrcFileId="10" StartOffset="6957"/>
<Loc EndOffset="6991" SrcFileId="10" StartOffset="6980"/>
<Loc EndOffset="7005" SrcFileId="10" StartOffset="6995"/>
</LocList>
<BasicStmnt CovItemId="S143" CovItemPrefix="game.GameBoard.java" Intrnl_Id="703">
<LocList>
<Loc EndOffset="6565" SrcFileId="10" StartOffset="6526"/>
</LocList>
</BasicStmnt>
<BasicStmnt CovItemId="S144" CovItemPrefix="game.GameBoard.java" Intrnl_Id="704">
<LocList>
<Loc EndOffset="6604" SrcFileId="10" StartOffset="6569"/>
</LocList>
</BasicStmnt>
<BasicStmnt CovItemId="S145" CovItemPrefix="game.GameBoard.java" Intrnl_Id="705">
<LocList>
<Loc EndOffset="6643" SrcFileId="10" StartOffset="6608"/>
</LocList>
</BasicStmnt>
<BasicStmnt CovItemId="S146" CovItemPrefix="game.GameBoard.java" Intrnl_Id="706">
<LocList>
<Loc EndOffset="6671" SrcFileId="10" StartOffset="6647"/>
</LocList>
</BasicStmnt>
<BasicStmnt CovItemId="S147" CovItemPrefix="game.GameBoard.java" Intrnl_Id="707">
<LocList>
<Loc EndOffset="6706" SrcFileId="10" StartOffset="6675"/>
</LocList>
</BasicStmnt>
<BasicStmnt CovItemId="S148" CovItemPrefix="game.GameBoard.java" Intrnl_Id="708">
<LocList>
<Loc EndOffset="6725" SrcFileId="10" StartOffset="6710"/>
</LocList>
</BasicStmnt>
<BasicStmnt CovItemId="S149" CovItemPrefix="game.GameBoard.java" Intrnl_Id="709">
<LocList>
<Loc EndOffset="6749" SrcFileId="10" StartOffset="6729"/>
</LocList>
</BasicStmnt>
<BasicStmnt CovItemId="S150" CovItemPrefix="game.GameBoard.java" Intrnl_Id="710">
<LocList>
<Loc EndOffset="6779" SrcFileId="10" StartOffset="6753"/>
</LocList>
</BasicStmnt>
<BasicStmnt CovItemId="S151" CovItemPrefix="game.GameBoard.java" Intrnl_Id="711">
<LocList>
<Loc EndOffset="6831" SrcFileId="10" StartOffset="6783"/>
</LocList>
</BasicStmnt>
<BasicStmnt CovItemId="S152" CovItemPrefix="game.GameBoard.java" Intrnl_Id="712">
<LocList>
<Loc EndOffset="6868" SrcFileId="10" StartOffset="6835"/>
</LocList>
</BasicStmnt>
<BasicStmnt CovItemId="S153" CovItemPrefix="game.GameBoard.java" Intrnl_Id="713">
<LocList>
<Loc EndOffset="6891" SrcFileId="10" StartOffset="6872"/>
</LocList>
</BasicStmnt>
<BasicStmnt CovItemId="S154" CovItemPrefix="game.GameBoard.java" Intrnl_Id="714">
<LocList>
<Loc EndOffset="6914" SrcFileId="10" StartOffset="6895"/>
</LocList>
</BasicStmnt>
<BasicStmnt CovItemId="S155" CovItemPrefix="game.GameBoard.java" Intrnl_Id="715">
<LocList>
<Loc EndOffset="6953" SrcFileId="10" StartOffset="6918"/>
</LocList>
</BasicStmnt>
<BasicStmnt CovItemId="S156" CovItemPrefix="game.GameBoard.java" Intrnl_Id="716">
<LocList>
<Loc EndOffset="6976" SrcFileId="10" StartOffset="6957"/>
</LocList>
</BasicStmnt>
<BasicStmnt CovItemId="S157" CovItemPrefix="game.GameBoard.java" Intrnl_Id="717">
<LocList>
<Loc EndOffset="6991" SrcFileId="10" StartOffset="6980"/>
</LocList>
</BasicStmnt>
<BasicStmnt CovItemId="S158" CovItemPrefix="game.GameBoard.java" Intrnl_Id="718">
<LocList>
<Loc EndOffset="7005" SrcFileId="10" StartOffset="6995"/>
</LocList>
</BasicStmnt>
</StmntSeq>
</HierarchyLvl>
</HierarchyLvl>
<HierarchyLvl HierarchyLvlId="77" HierarchyLvlTypeId="19" Intrnl_Id="719" Name="GameApplet">
<Header>
<Loc EndOffset="99" SrcFileId="11" StartOffset="76"/>
</Header>
<LocList>
<Loc EndOffset="368" SrcFileId="11" StartOffset="76"/>
</LocList>
<HierarchyLvl HierarchyLvlId="76" HierarchyLvlTypeId="20" Intrnl_Id="720" Name="main">
<Header>
<Loc EndOffset="144" SrcFileId="11" StartOffset="106"/>
</Header>
<LocList>
<Loc EndOffset="365" SrcFileId="11" StartOffset="106"/>
</LocList>
<StmntSeq Intrnl_Id="721">
<LocList>
<Loc EndOffset="205" SrcFileId="11" StartOffset="150"/>
<Loc EndOffset="264" SrcFileId="11" StartOffset="209"/>
<Loc EndOffset="361" SrcFileId="11" StartOffset="268"/>
</LocList>
<BasicStmnt CovItemId="S1" CovItemPrefix="game.GameApplet.java" Intrnl_Id="722">
<LocList>
<Loc EndOffset="205" SrcFileId="11" StartOffset="150"/>
</LocList>
</BasicStmnt>
<BasicStmnt CovItemId="S2" CovItemPrefix="game.GameApplet.java" Intrnl_Id="723">
<LocList>
<Loc EndOffset="264" SrcFileId="11" StartOffset="209"/>
</LocList>
</BasicStmnt>
<BasicStmnt CovItemId="S3" CovItemPrefix="game.GameApplet.java" Intrnl_Id="724">
<LocList>
<Loc EndOffset="361" SrcFileId="11" StartOffset="268"/>
</LocList>
</BasicStmnt>
</StmntSeq>
</HierarchyLvl>
</HierarchyLvl>
<HierarchyLvl HierarchyLvlId="83" HierarchyLvlTypeId="19" Intrnl_Id="725" Name="Flag">
<Header>
<Loc EndOffset="118" SrcFileId="12" StartOffset="79"/>
</Header>
<LocList>
<Loc EndOffset="640" SrcFileId="12" StartOffset="79"/>
</LocList>
<HierarchyLvl HierarchyLvlId="78" HierarchyLvlTypeId="20" Intrnl_Id="726" Name="Flag">
<Header>
<Loc EndOffset="138" SrcFileId="12" StartOffset="125"/>
</Header>
<LocList>
<Loc EndOffset="271" SrcFileId="12" StartOffset="125"/>
</LocList>
<StmntSeq Intrnl_Id="727">
<LocList>
<Loc EndOffset="172" SrcFileId="12" StartOffset="144"/>
<Loc EndOffset="216" SrcFileId="12" StartOffset="199"/>
<Loc EndOffset="239" SrcFileId="12" StartOffset="220"/>
<Loc EndOffset="267" SrcFileId="12" StartOffset="243"/>
</LocList>
<BasicStmnt CovItemId="S1" CovItemPrefix="game.Flag.java" Intrnl_Id="728">
<LocList>
<Loc EndOffset="172" SrcFileId="12" StartOffset="144"/>
</LocList>
</BasicStmnt>
<BasicStmnt CovItemId="S2" CovItemPrefix="game.Flag.java" Intrnl_Id="729">
<LocList>
<Loc EndOffset="216" SrcFileId="12" StartOffset="199"/>
</LocList>
</BasicStmnt>
<BasicStmnt CovItemId="S3" CovItemPrefix="game.Flag.java" Intrnl_Id="730">
<LocList>
<Loc EndOffset="239" SrcFileId="12" StartOffset="220"/>
</LocList>
</BasicStmnt>
<BasicStmnt CovItemId="S4" CovItemPrefix="game.Flag.java" Intrnl_Id="731">
<LocList>
<Loc EndOffset="267" SrcFileId="12" StartOffset="243"/>
</LocList>
</BasicStmnt>
</StmntSeq>
</HierarchyLvl>
<HierarchyLvl HierarchyLvlId="79" HierarchyLvlTypeId="20" Intrnl_Id="732" Name="actionPerformed">
<Header>
<Loc EndOffset="328" SrcFileId="12" StartOffset="274"/>
</Header>
<LocList>
<Loc EndOffset="376" SrcFileId="12" StartOffset="274"/>
</LocList>
</HierarchyLvl>
<HierarchyLvl HierarchyLvlId="80" HierarchyLvlTypeId="20" Intrnl_Id="733" Name="setSelected">
<Header>
<Loc EndOffset="434" SrcFileId="12" StartOffset="381"/>
</Header>
<LocList>
<Loc EndOffset="469" SrcFileId="12" StartOffset="381"/>
</LocList>
<StmntSeq Intrnl_Id="734">
<LocList>
<Loc EndOffset="465" SrcFileId="12" StartOffset="440"/>
</LocList>
<BasicStmnt CovItemId="S5" CovItemPrefix="game.Flag.java" Intrnl_Id="735">
<LocList>
<Loc EndOffset="465" SrcFileId="12" StartOffset="440"/>
</LocList>
</BasicStmnt>
</StmntSeq>
</HierarchyLvl>
<HierarchyLvl HierarchyLvlId="81" HierarchyLvlTypeId="20" Intrnl_Id="736" Name="hide">
<Header>
<Loc EndOffset="504" SrcFileId="12" StartOffset="474"/>
</Header>
<LocList>
<Loc EndOffset="552" SrcFileId="12" StartOffset="474"/>
</LocList>
</HierarchyLvl>
<HierarchyLvl HierarchyLvlId="82" HierarchyLvlTypeId="20" Intrnl_Id="737" Name="show">
<Header>
<Loc EndOffset="587" SrcFileId="12" StartOffset="557"/>
</Header>
<LocList>
<Loc EndOffset="635" SrcFileId="12" StartOffset="557"/>
</LocList>
</HierarchyLvl>
</HierarchyLvl>
<HierarchyLvl HierarchyLvlId="91" HierarchyLvlTypeId="19" Intrnl_Id="738" Name="ClearPiece">
<Header>
<Loc EndOffset="196" SrcFileId="13" StartOffset="151"/>
</Header>
<LocList>
<Loc EndOffset="987" SrcFileId="13" StartOffset="151"/>
</LocList>
<HierarchyLvl HierarchyLvlId="84" HierarchyLvlTypeId="20" Intrnl_Id="739" Name="ClearPiece">
<Header>
<Loc EndOffset="247" SrcFileId="13" StartOffset="228"/>
</Header>
<LocList>
<Loc EndOffset="312" SrcFileId="13" StartOffset="228"/>
</LocList>
<StmntSeq Intrnl_Id="740">
<LocList>
<Loc EndOffset="277" SrcFileId="13" StartOffset="253"/>
<Loc EndOffset="308" SrcFileId="13" StartOffset="281"/>
</LocList>
<BasicStmnt CovItemId="S1" CovItemPrefix="game.ClearPiece.java" Intrnl_Id="741">
<LocList>
<Loc EndOffset="277" SrcFileId="13" StartOffset="253"/>
</LocList>
</BasicStmnt>
<BasicStmnt CovItemId="S2" CovItemPrefix="game.ClearPiece.java" Intrnl_Id="742">
<LocList>
<Loc EndOffset="308" SrcFileId="13" StartOffset="281"/>
</LocList>
</BasicStmnt>
</StmntSeq>
</HierarchyLvl>
<HierarchyLvl HierarchyLvlId="85" HierarchyLvlTypeId="20" Intrnl_Id="743" Name="actionPerformed">
<Header>
<Loc EndOffset="374" SrcFileId="13" StartOffset="317"/>
</Header>
<LocList>
<Loc EndOffset="449" SrcFileId="13" StartOffset="317"/>
</LocList>
<StmntSeq Intrnl_Id="744">
<LocList>
<Loc EndOffset="445" SrcFileId="13" StartOffset="380"/>
</LocList>
<CondStmnt CovItemId="S3" CovItemPrefix="game.ClearPiece.java" Intrnl_Id="745">
<Branch CovItemId="B1" CovItemPrefix="game.ClearPiece.java" Implct="false" Intrnl_Id="746">
<Cond/>
<LocList>
<Loc EndOffset="445" SrcFileId="13" StartOffset="393"/>
</LocList>
<StmntSeq Intrnl_Id="747">
<LocList>
<Loc EndOffset="440" SrcFileId="13" StartOffset="399"/>
</LocList>
<BasicStmnt CovItemId="S4" CovItemPrefix="game.ClearPiece.java" Intrnl_Id="748">
<LocList>
<Loc EndOffset="440" SrcFileId="13" StartOffset="399"/>
</LocList>
</BasicStmnt>
</StmntSeq>
</Branch>
<Branch CovItemId="B2" CovItemPrefix="game.ClearPiece.java" Implct="true" Intrnl_Id="749">
<Cond/>
<LocList/>
<StmntSeq Intrnl_Id="750">
<LocList/>
</StmntSeq>
</Branch>
<Keyword EndOffset="382" SrcFileId="13" StartOffset="380"/>
<LocList>
<Loc EndOffset="445" SrcFileId="13" StartOffset="380"/>
</LocList>
<RootTerm CovItemId="C1" CovItemPrefix="game.ClearPiece.java" Intrnl_Id="751">
<BasicBoolTerm Intrnl_Id="752">
<LocList>
<Loc EndOffset="391" SrcFileId="13" StartOffset="383"/>
</LocList>
</BasicBoolTerm>
</RootTerm>
</CondStmnt>
</StmntSeq>
</HierarchyLvl>
<HierarchyLvl HierarchyLvlId="86" HierarchyLvlTypeId="20" Intrnl_Id="753" Name="setSelected">
<Header>
<Loc EndOffset="507" SrcFileId="13" StartOffset="454"/>
</Header>
<LocList>
<Loc EndOffset="680" SrcFileId="13" StartOffset="454"/>
</LocList>
<StmntSeq Intrnl_Id="754">
<LocList>
<Loc EndOffset="645" SrcFileId="13" StartOffset="513"/>
<Loc EndOffset="676" SrcFileId="13" StartOffset="651"/>
</LocList>
<CondStmnt CovItemId="S5" CovItemPrefix="game.ClearPiece.java" Intrnl_Id="755">
<Branch CovItemId="B3" CovItemPrefix="game.ClearPiece.java" Implct="false" Intrnl_Id="756">
<Cond/>
<LocList>
<Loc EndOffset="582" SrcFileId="13" StartOffset="526"/>
</LocList>
<StmntSeq Intrnl_Id="757">
<LocList>
<Loc EndOffset="577" SrcFileId="13" StartOffset="532"/>
</LocList>
<BasicStmnt CovItemId="S6" CovItemPrefix="game.ClearPiece.java" Intrnl_Id="758">
<LocList>
<Loc EndOffset="577" SrcFileId="13" StartOffset="532"/>
</LocList>
</BasicStmnt>
</StmntSeq>
</Branch>
<Branch CovItemId="B4" CovItemPrefix="game.ClearPiece.java" Implct="false" Intrnl_Id="759">
<Cond>
<Loc EndOffset="587" SrcFileId="13" StartOffset="583"/>
</Cond>
<LocList>
<Loc EndOffset="645" SrcFileId="13" StartOffset="588"/>
</LocList>
<StmntSeq Intrnl_Id="760">
<LocList>
<Loc EndOffset="640" SrcFileId="13" StartOffset="594"/>
</LocList>
<BasicStmnt CovItemId="S7" CovItemPrefix="game.ClearPiece.java" Intrnl_Id="761">
<LocList>
<Loc EndOffset="640" SrcFileId="13" StartOffset="594"/>
</LocList>
</BasicStmnt>
</StmntSeq>
</Branch>
<Keyword EndOffset="515" SrcFileId="13" StartOffset="513"/>
<LocList>
<Loc EndOffset="645" SrcFileId="13" StartOffset="513"/>
</LocList>
<RootTerm CovItemId="C2" CovItemPrefix="game.ClearPiece.java" Intrnl_Id="762">
<BasicBoolTerm Intrnl_Id="763">
<LocList>
<Loc EndOffset="524" SrcFileId="13" StartOffset="516"/>
</LocList>
</BasicBoolTerm>
</RootTerm>
</CondStmnt>
<BasicStmnt CovItemId="S8" CovItemPrefix="game.ClearPiece.java" Intrnl_Id="764">
<LocList>
<Loc EndOffset="676" SrcFileId="13" StartOffset="651"/>
</LocList>
</BasicStmnt>
</StmntSeq>
</HierarchyLvl>
<HierarchyLvl HierarchyLvlId="87" HierarchyLvlTypeId="20" Intrnl_Id="765" Name="hide">
<Header>
<Loc EndOffset="715" SrcFileId="13" StartOffset="685"/>
</Header>
<LocList>
<Loc EndOffset="763" SrcFileId="13" StartOffset="685"/>
</LocList>
</HierarchyLvl>
<HierarchyLvl HierarchyLvlId="88" HierarchyLvlTypeId="20" Intrnl_Id="766" Name="show">
<Header>
<Loc EndOffset="798" SrcFileId="13" StartOffset="768"/>
</Header>
<LocList>
<Loc EndOffset="846" SrcFileId="13" StartOffset="768"/>
</LocList>
</HierarchyLvl>
<HierarchyLvl HierarchyLvlId="89" HierarchyLvlTypeId="20" Intrnl_Id="767" Name="setOwner">
<Header>
<Loc EndOffset="892" SrcFileId="13" StartOffset="852"/>
</Header>
<LocList>
<Loc EndOffset="920" SrcFileId="13" StartOffset="852"/>
</LocList>
<StmntSeq Intrnl_Id="768">
<LocList>
<Loc EndOffset="916" SrcFileId="13" StartOffset="898"/>
</LocList>
<BasicStmnt CovItemId="S9" CovItemPrefix="game.ClearPiece.java" Intrnl_Id="769">
<LocList>
<Loc EndOffset="916" SrcFileId="13" StartOffset="898"/>
</LocList>
</BasicStmnt>
</StmntSeq>
</HierarchyLvl>
<HierarchyLvl HierarchyLvlId="90" HierarchyLvlTypeId="20" Intrnl_Id="770" Name="getOwner">
<Header>
<Loc EndOffset="960" SrcFileId="13" StartOffset="926"/>
</Header>
<LocList>
<Loc EndOffset="982" SrcFileId="13" StartOffset="926"/>
</LocList>
<StmntSeq Intrnl_Id="771">
<LocList>
<Loc EndOffset="978" SrcFileId="13" StartOffset="966"/>
</LocList>
<BasicStmnt CovItemId="S10" CovItemPrefix="game.ClearPiece.java" Intrnl_Id="772">
<LocList>
<Loc EndOffset="978" SrcFileId="13" StartOffset="966"/>
</LocList>
</BasicStmnt>
</StmntSeq>
</HierarchyLvl>
</HierarchyLvl>
<HierarchyLvl HierarchyLvlId="97" HierarchyLvlTypeId="19" Intrnl_Id="773" Name="Bomb">
<Header>
<Loc EndOffset="183" SrcFileId="14" StartOffset="144"/>
</Header>
<LocList>
<Loc EndOffset="932" SrcFileId="14" StartOffset="144"/>
</LocList>
<HierarchyLvl HierarchyLvlId="92" HierarchyLvlTypeId="20" Intrnl_Id="774" Name="Bomb">
<Header>
<Loc EndOffset="203" SrcFileId="14" StartOffset="190"/>
</Header>
<LocList>
<Loc EndOffset="332" SrcFileId="14" StartOffset="190"/>
</LocList>
<StmntSeq Intrnl_Id="775">
<LocList>
<Loc EndOffset="225" SrcFileId="14" StartOffset="209"/>
<Loc EndOffset="256" SrcFileId="14" StartOffset="229"/>
<Loc EndOffset="277" SrcFileId="14" StartOffset="260"/>
<Loc EndOffset="300" SrcFileId="14" StartOffset="281"/>
<Loc EndOffset="328" SrcFileId="14" StartOffset="304"/>
</LocList>
<BasicStmnt CovItemId="S1" CovItemPrefix="game.Bomb.java" Intrnl_Id="776">
<LocList>
<Loc EndOffset="225" SrcFileId="14" StartOffset="209"/>
</LocList>
</BasicStmnt>
<BasicStmnt CovItemId="S2" CovItemPrefix="game.Bomb.java" Intrnl_Id="777">
<LocList>
<Loc EndOffset="256" SrcFileId="14" StartOffset="229"/>
</LocList>
</BasicStmnt>
<BasicStmnt CovItemId="S3" CovItemPrefix="game.Bomb.java" Intrnl_Id="778">
<LocList>
<Loc EndOffset="277" SrcFileId="14" StartOffset="260"/>
</LocList>
</BasicStmnt>
<BasicStmnt CovItemId="S4" CovItemPrefix="game.Bomb.java" Intrnl_Id="779">
<LocList>
<Loc EndOffset="300" SrcFileId="14" StartOffset="281"/>
</LocList>
</BasicStmnt>
<BasicStmnt CovItemId="S5" CovItemPrefix="game.Bomb.java" Intrnl_Id="780">
<LocList>
<Loc EndOffset="328" SrcFileId="14" StartOffset="304"/>
</LocList>
</BasicStmnt>
</StmntSeq>
</HierarchyLvl>
<HierarchyLvl HierarchyLvlId="93" HierarchyLvlTypeId="20" Intrnl_Id="781" Name="actionPerformed">
<Header>
<Loc EndOffset="391" SrcFileId="14" StartOffset="337"/>
</Header>
<LocList>
<Loc EndOffset="530" SrcFileId="14" StartOffset="337"/>
</LocList>
<StmntSeq Intrnl_Id="782">
<LocList>
<Loc EndOffset="526" SrcFileId="14" StartOffset="397"/>
</LocList>
<CondStmnt CovItemId="S6" CovItemPrefix="game.Bomb.java" Intrnl_Id="783">
<Branch CovItemId="B1" CovItemPrefix="game.Bomb.java" Implct="false" Intrnl_Id="784">
<Cond/>
<LocList>
<Loc EndOffset="463" SrcFileId="14" StartOffset="411"/>
</LocList>
<StmntSeq Intrnl_Id="785">
<LocList>
<Loc EndOffset="458" SrcFileId="14" StartOffset="417"/>
</LocList>
<BasicStmnt CovItemId="S7" CovItemPrefix="game.Bomb.java" Intrnl_Id="786">
<LocList>
<Loc EndOffset="458" SrcFileId="14" StartOffset="417"/>
</LocList>
</BasicStmnt>
</StmntSeq>
</Branch>
<Branch CovItemId="B2" CovItemPrefix="game.Bomb.java" Implct="false" Intrnl_Id="787">
<Cond>
<Loc EndOffset="468" SrcFileId="14" StartOffset="464"/>
</Cond>
<LocList>
<Loc EndOffset="526" SrcFileId="14" StartOffset="469"/>
</LocList>
<StmntSeq Intrnl_Id="788">
<LocList/>
</StmntSeq>
</Branch>
<Keyword EndOffset="399" SrcFileId="14" StartOffset="397"/>
<LocList>
<Loc EndOffset="526" SrcFileId="14" StartOffset="397"/>
</LocList>
<RootTerm CovItemId="C1" CovItemPrefix="game.Bomb.java" Intrnl_Id="789">
<BasicBoolTerm Intrnl_Id="790">
<LocList>
<Loc EndOffset="409" SrcFileId="14" StartOffset="401"/>
</LocList>
</BasicBoolTerm>
</RootTerm>
</CondStmnt>
</StmntSeq>
</HierarchyLvl>
<HierarchyLvl HierarchyLvlId="94" HierarchyLvlTypeId="20" Intrnl_Id="791" Name="setSelected">
<Header>
<Loc EndOffset="588" SrcFileId="14" StartOffset="535"/>
</Header>
<LocList>
<Loc EndOffset="763" SrcFileId="14" StartOffset="535"/>
</LocList>
<StmntSeq Intrnl_Id="792">
<LocList>
<Loc EndOffset="730" SrcFileId="14" StartOffset="594"/>
<Loc EndOffset="759" SrcFileId="14" StartOffset="734"/>
</LocList>
<CondStmnt CovItemId="S8" CovItemPrefix="game.Bomb.java" Intrnl_Id="793">
<Branch CovItemId="B3" CovItemPrefix="game.Bomb.java" Implct="false" Intrnl_Id="794">
<Cond/>
<LocList>
<Loc EndOffset="667" SrcFileId="14" StartOffset="608"/>
</LocList>
<StmntSeq Intrnl_Id="795">
<LocList>
<Loc EndOffset="662" SrcFileId="14" StartOffset="614"/>
</LocList>
<BasicStmnt CovItemId="S9" CovItemPrefix="game.Bomb.java" Intrnl_Id="796">
<LocList>
<Loc EndOffset="662" SrcFileId="14" StartOffset="614"/>
</LocList>
</BasicStmnt>
</StmntSeq>
</Branch>
<Branch CovItemId="B4" CovItemPrefix="game.Bomb.java" Implct="false" Intrnl_Id="797">
<Cond>
<Loc EndOffset="672" SrcFileId="14" StartOffset="668"/>
</Cond>
<LocList>
<Loc EndOffset="730" SrcFileId="14" StartOffset="673"/>
</LocList>
<StmntSeq Intrnl_Id="798">
<LocList>
<Loc EndOffset="725" SrcFileId="14" StartOffset="679"/>
</LocList>
<BasicStmnt CovItemId="S10" CovItemPrefix="game.Bomb.java" Intrnl_Id="799">
<LocList>
<Loc EndOffset="725" SrcFileId="14" StartOffset="679"/>
</LocList>
</BasicStmnt>
</StmntSeq>
</Branch>
<Keyword EndOffset="596" SrcFileId="14" StartOffset="594"/>
<LocList>
<Loc EndOffset="730" SrcFileId="14" StartOffset="594"/>
</LocList>
<RootTerm CovItemId="C2" CovItemPrefix="game.Bomb.java" Intrnl_Id="800">
<BasicBoolTerm Intrnl_Id="801">
<LocList>
<Loc EndOffset="606" SrcFileId="14" StartOffset="598"/>
</LocList>
</BasicBoolTerm>
</RootTerm>
</CondStmnt>
<BasicStmnt CovItemId="S11" CovItemPrefix="game.Bomb.java" Intrnl_Id="802">
<LocList>
<Loc EndOffset="759" SrcFileId="14" StartOffset="734"/>
</LocList>
</BasicStmnt>
</StmntSeq>
</HierarchyLvl>
<HierarchyLvl HierarchyLvlId="95" HierarchyLvlTypeId="20" Intrnl_Id="803" Name="hide">
<Header>
<Loc EndOffset="798" SrcFileId="14" StartOffset="768"/>
</Header>
<LocList>
<Loc EndOffset="846" SrcFileId="14" StartOffset="768"/>
</LocList>
</HierarchyLvl>
<HierarchyLvl HierarchyLvlId="96" HierarchyLvlTypeId="20" Intrnl_Id="804" Name="show">
<Header>
<Loc EndOffset="881" SrcFileId="14" StartOffset="851"/>
</Header>
<LocList>
<Loc EndOffset="929" SrcFileId="14" StartOffset="851"/>
</LocList>
</HierarchyLvl>
</HierarchyLvl>
<HierarchyLvl HierarchyLvlId="112" HierarchyLvlTypeId="19" Intrnl_Id="805" Name="AbstractPiece">
<Header>
<Loc EndOffset="265" SrcFileId="15" StartOffset="180"/>
</Header>
<LocList>
<Loc EndOffset="1465" SrcFileId="15" StartOffset="180"/>
</LocList>
<StmntSeq Intrnl_Id="806">
<LocList>
<Loc EndOffset="307" SrcFileId="15" StartOffset="272"/>
<Loc EndOffset="349" SrcFileId="15" StartOffset="310"/>
<Loc EndOffset="469" SrcFileId="15" StartOffset="440"/>
</LocList>
<BasicStmnt CovItemId="S1" CovItemPrefix="game.AbstractPiece.java" Intrnl_Id="807">
<LocList>
<Loc EndOffset="307" SrcFileId="15" StartOffset="272"/>
</LocList>
</BasicStmnt>
<BasicStmnt CovItemId="S2" CovItemPrefix="game.AbstractPiece.java" Intrnl_Id="808">
<LocList>
<Loc EndOffset="349" SrcFileId="15" StartOffset="310"/>
</LocList>
</BasicStmnt>
<BasicStmnt CovItemId="S3" CovItemPrefix="game.AbstractPiece.java" Intrnl_Id="809">
<LocList>
<Loc EndOffset="469" SrcFileId="15" StartOffset="440"/>
</LocList>
</BasicStmnt>
</StmntSeq>
<HierarchyLvl HierarchyLvlId="98" HierarchyLvlTypeId="20" Intrnl_Id="810" Name="actionPerformed">
<Header>
<Loc EndOffset="587" SrcFileId="15" StartOffset="524"/>
</Header>
<LocList>
<Loc EndOffset="588" SrcFileId="15" StartOffset="524"/>
</LocList>
</HierarchyLvl>
<HierarchyLvl HierarchyLvlId="99" HierarchyLvlTypeId="20" Intrnl_Id="811" Name="setSelected">
<Header>
<Loc EndOffset="655" SrcFileId="15" StartOffset="593"/>
</Header>
<LocList>
<Loc EndOffset="656" SrcFileId="15" StartOffset="593"/>
</LocList>
</HierarchyLvl>
<HierarchyLvl HierarchyLvlId="100" HierarchyLvlTypeId="20" Intrnl_Id="812" Name="hide">
<Header>
<Loc EndOffset="700" SrcFileId="15" StartOffset="661"/>
</Header>
<LocList>
<Loc EndOffset="701" SrcFileId="15" StartOffset="661"/>
</LocList>
</HierarchyLvl>
<HierarchyLvl HierarchyLvlId="101" HierarchyLvlTypeId="20" Intrnl_Id="813" Name="show">
<Header>
<Loc EndOffset="745" SrcFileId="15" StartOffset="706"/>
</Header>
<LocList>
<Loc EndOffset="746" SrcFileId="15" StartOffset="706"/>
</LocList>
</HierarchyLvl>
<HierarchyLvl HierarchyLvlId="102" HierarchyLvlTypeId="20" Intrnl_Id="814" Name="isSelected">
<Header>
<Loc EndOffset="790" SrcFileId="15" StartOffset="751"/>
</Header>
<LocList>
<Loc EndOffset="816" SrcFileId="15" StartOffset="751"/>
</LocList>
<StmntSeq Intrnl_Id="815">
<LocList>
<Loc EndOffset="812" SrcFileId="15" StartOffset="796"/>
</LocList>
<BasicStmnt CovItemId="S4" CovItemPrefix="game.AbstractPiece.java" Intrnl_Id="816">
<LocList>
<Loc EndOffset="812" SrcFileId="15" StartOffset="796"/>
</LocList>
</BasicStmnt>
</StmntSeq>
</HierarchyLvl>
<HierarchyLvl HierarchyLvlId="103" HierarchyLvlTypeId="20" Intrnl_Id="817" Name="setObserver">
<Header>
<Loc EndOffset="881" SrcFileId="15" StartOffset="821"/>
</Header>
<LocList>
<Loc EndOffset="916" SrcFileId="15" StartOffset="821"/>
</LocList>
<StmntSeq Intrnl_Id="818">
<LocList>
<Loc EndOffset="912" SrcFileId="15" StartOffset="887"/>
</LocList>
<BasicStmnt CovItemId="S5" CovItemPrefix="game.AbstractPiece.java" Intrnl_Id="819">
<LocList>
<Loc EndOffset="912" SrcFileId="15" StartOffset="887"/>
</LocList>
</BasicStmnt>
</StmntSeq>
</HierarchyLvl>
<HierarchyLvl HierarchyLvlId="104" HierarchyLvlTypeId="20" Intrnl_Id="820" Name="setLocation">
<Header>
<Loc EndOffset="972" SrcFileId="15" StartOffset="921"/>
</Header>
<LocList>
<Loc EndOffset="1010" SrcFileId="15" StartOffset="921"/>
</LocList>
<StmntSeq Intrnl_Id="821">
<LocList>
<Loc EndOffset="1003" SrcFileId="15" StartOffset="978"/>
</LocList>
<BasicStmnt CovItemId="S6" CovItemPrefix="game.AbstractPiece.java" Intrnl_Id="822">
<LocList>
<Loc EndOffset="1003" SrcFileId="15" StartOffset="978"/>
</LocList>
</BasicStmnt>
</StmntSeq>
</HierarchyLvl>
<HierarchyLvl HierarchyLvlId="105" HierarchyLvlTypeId="20" Intrnl_Id="823" Name="getLocation">
<Header>
<Loc EndOffset="1053" SrcFileId="15" StartOffset="1015"/>
</Header>
<LocList>
<Loc EndOffset="1084" SrcFileId="15" StartOffset="1015"/>
</LocList>
<StmntSeq Intrnl_Id="824">
<LocList>
<Loc EndOffset="1080" SrcFileId="15" StartOffset="1059"/>
</LocList>
<BasicStmnt CovItemId="S7" CovItemPrefix="game.AbstractPiece.java" Intrnl_Id="825">
<LocList>
<Loc EndOffset="1080" SrcFileId="15" StartOffset="1059"/>
</LocList>
</BasicStmnt>
</StmntSeq>
</HierarchyLvl>
<HierarchyLvl HierarchyLvlId="106" HierarchyLvlTypeId="20" Intrnl_Id="826" Name="getOwner">
<Header>
<Loc EndOffset="1125" SrcFileId="15" StartOffset="1091"/>
</Header>
<LocList>
<Loc EndOffset="1148" SrcFileId="15" StartOffset="1091"/>
</LocList>
<StmntSeq Intrnl_Id="827">
<LocList>
<Loc EndOffset="1144" SrcFileId="15" StartOffset="1131"/>
</LocList>
<BasicStmnt CovItemId="S8" CovItemPrefix="game.AbstractPiece.java" Intrnl_Id="828">
<LocList>
<Loc EndOffset="1144" SrcFileId="15" StartOffset="1131"/>
</LocList>
</BasicStmnt>
</StmntSeq>
</HierarchyLvl>
<HierarchyLvl HierarchyLvlId="107" HierarchyLvlTypeId="20" Intrnl_Id="829" Name="setOwner">
<Header>
<Loc EndOffset="1197" SrcFileId="15" StartOffset="1153"/>
</Header>
<LocList>
<Loc EndOffset="1226" SrcFileId="15" StartOffset="1153"/>
</LocList>
<StmntSeq Intrnl_Id="830">
<LocList>
<Loc EndOffset="1222" SrcFileId="15" StartOffset="1203"/>
</LocList>
<BasicStmnt CovItemId="S9" CovItemPrefix="game.AbstractPiece.java" Intrnl_Id="831">
<LocList>
<Loc EndOffset="1222" SrcFileId="15" StartOffset="1203"/>
</LocList>
</BasicStmnt>
</StmntSeq>
</HierarchyLvl>
<HierarchyLvl HierarchyLvlId="108" HierarchyLvlTypeId="20" Intrnl_Id="832" Name="getVisiblity">
<Header>
<Loc EndOffset="1261" SrcFileId="15" StartOffset="1232"/>
</Header>
<LocList>
<Loc EndOffset="1286" SrcFileId="15" StartOffset="1232"/>
</LocList>
<StmntSeq Intrnl_Id="833">
<LocList>
<Loc EndOffset="1282" SrcFileId="15" StartOffset="1267"/>
</LocList>
<BasicStmnt CovItemId="S10" CovItemPrefix="game.AbstractPiece.java" Intrnl_Id="834">
<LocList>
<Loc EndOffset="1282" SrcFileId="15" StartOffset="1267"/>
</LocList>
</BasicStmnt>
</StmntSeq>
</HierarchyLvl>
<HierarchyLvl HierarchyLvlId="109" HierarchyLvlTypeId="20" Intrnl_Id="835" Name="getName">
<Header>
<Loc EndOffset="1315" SrcFileId="15" StartOffset="1292"/>
</Header>
<LocList>
<Loc EndOffset="1337" SrcFileId="15" StartOffset="1292"/>
</LocList>
<StmntSeq Intrnl_Id="836">
<LocList>
<Loc EndOffset="1333" SrcFileId="15" StartOffset="1321"/>
</LocList>
<BasicStmnt CovItemId="S11" CovItemPrefix="game.AbstractPiece.java" Intrnl_Id="837">
<LocList>
<Loc EndOffset="1333" SrcFileId="15" StartOffset="1321"/>
</LocList>
</BasicStmnt>
</StmntSeq>
</HierarchyLvl>
<HierarchyLvl HierarchyLvlId="110" HierarchyLvlTypeId="20" Intrnl_Id="838" Name="getRank">
<Header>
<Loc EndOffset="1363" SrcFileId="15" StartOffset="1343"/>
</Header>
<LocList>
<Loc EndOffset="1385" SrcFileId="15" StartOffset="1343"/>
</LocList>
<StmntSeq Intrnl_Id="839">
<LocList>
<Loc EndOffset="1381" SrcFileId="15" StartOffset="1369"/>
</LocList>
<BasicStmnt CovItemId="S12" CovItemPrefix="game.AbstractPiece.java" Intrnl_Id="840">
<LocList>
<Loc EndOffset="1381" SrcFileId="15" StartOffset="1369"/>
</LocList>
</BasicStmnt>
</StmntSeq>
</HierarchyLvl>
<HierarchyLvl HierarchyLvlId="111" HierarchyLvlTypeId="20" Intrnl_Id="841" Name="toString">
<Header>
<Loc EndOffset="1426" SrcFileId="15" StartOffset="1390"/>
</Header>
<LocList>
<Loc EndOffset="1462" SrcFileId="15" StartOffset="1390"/>
</LocList>
<StmntSeq Intrnl_Id="842">
<LocList>
<Loc EndOffset="1458" SrcFileId="15" StartOffset="1432"/>
</LocList>
<BasicStmnt CovItemId="S13" CovItemPrefix="game.AbstractPiece.java" Intrnl_Id="843">
<LocList>
<Loc EndOffset="1458" SrcFileId="15" StartOffset="1432"/>
</LocList>
</BasicStmnt>
</StmntSeq>
</HierarchyLvl>
</HierarchyLvl>
</HierarchyLvl>
</HierarchyLvl>
</MASTRoot>
</TestSessionContainer>
