<?xml version="1.0" encoding="UTF-8"?><TestSessionContainer xmlns="http://www.codecover.org/xml/testsession-container" Date="1430352716611" TestSessionContainerId="a3e0efc9-bcd9-49f5-818f-5be704078b53" version="1.0">
<SrcFileList>
<SrcFile Content="package tests;&#13;&#10;&#13;&#10;import org.junit.runner.RunWith;&#13;&#10;import org.junit.runners.Suite;&#13;&#10;&#13;&#10;@RunWith(Suite.class)&#13;&#10;@Suite.SuiteClasses(&#13;&#10;&#9;&#9;{&#13;&#10;&#9;&#9;&#9;TestBombPiece.class,&#13;&#10;&#9;&#9;&#9;TestClearPiece.class,&#13;&#10;&#9;&#9;&#9;TestFlagPiece.class,&#13;&#10;&#9;&#9;&#9;TestObstaclePiece.class,&#13;&#10;&#9;&#9;&#9;TestAttacking.class,&#13;&#10;&#9;&#9;&#9;TestPieceFactory.class,&#13;&#10;&#9;&#9;&#9;TestPiece.class,&#13;&#10;&#9;&#9;&#9;TestGameBoard.class,&#13;&#10;&#9;&#9;&#9;TestPlayerBoard.class,&#13;&#10;&#9;&#9;&#9;TestBoardObserver.class,&#13;&#10;&#9;&#9;&#9;TestSetupBoard.class&#13;&#10;&#9;&#9;})&#13;&#10;public class AllTests {&#13;&#10;&#9;&#13;&#10;}&#13;&#10;" Filename="AllTests.java" Intrnl_Id="1"/>
</SrcFileList>
<CritList>
<CritListEntry Name="org.codecover.model.utils.criteria.LoopCoverage" PluginName="org.codecover"/>
<CritListEntry Name="org.codecover.model.utils.criteria.BranchCoverage" PluginName="org.codecover"/>
<CritListEntry Name="org.codecover.model.utils.criteria.ConditionCoverage" PluginName="org.codecover"/>
<CritListEntry Name="org.codecover.model.utils.criteria.SynchronizedStatementCoverage" PluginName="org.codecover"/>
<CritListEntry Name="org.codecover.model.utils.criteria.QMOCoverage" PluginName="org.codecover"/>
<CritListEntry Name="org.codecover.model.utils.criteria.StatementCoverage" PluginName="org.codecover"/>
</CritList>
<BoolOpList/>
<HierarchyLvlTypeList>
<HierarchyLvlType EnglishName="package" IntrnlName="package" Intrnl_Id="2"/>
<HierarchyLvlType EnglishName="class" IntrnlName="class" Intrnl_Id="3"/>
<HierarchyLvlType EnglishName="default package" IntrnlName="default package" Intrnl_Id="4"/>
</HierarchyLvlTypeList>
<MASTRoot>
<HierarchyLvl HierarchyLvlId="137" HierarchyLvlTypeId="4" Intrnl_Id="5" Name="default package">
<Header/>
<LocList/>
<HierarchyLvl HierarchyLvlId="136" HierarchyLvlTypeId="2" Intrnl_Id="6" Name="tests">
<Header/>
<LocList/>
<HierarchyLvl HierarchyLvlId="135" HierarchyLvlTypeId="3" Intrnl_Id="7" Name="AllTests">
<Header>
<Loc EndOffset="449" SrcFileId="1" StartOffset="87"/>
</Header>
<LocList>
<Loc EndOffset="457" SrcFileId="1" StartOffset="87"/>
</LocList>
</HierarchyLvl>
</HierarchyLvl>
</HierarchyLvl>
</MASTRoot>
</TestSessionContainer>
