<?xml version="1.0" encoding="UTF-8"?><TestSessionContainer xmlns="http://www.codecover.org/xml/testsession-container" Date="1429836681356" TestSessionContainerId="93d75aa2-ef5a-49f0-aac2-5d4ba6a80633" version="1.0">
<SrcFileList>
<SrcFile Content="package game;&#13;&#10;&#13;&#10;import java.awt.Color;&#13;&#10;import java.awt.event.ActionEvent;&#13;&#10;import javax.swing.border.LineBorder;&#13;&#10;&#13;&#10;public class Soldier extends AbstractPiece {&#13;&#10;&#13;&#10;&#9;public Soldier(int rank) {&#13;&#10;&#9;&#9;setBackground(Color.GREEN);&#13;&#10;&#9;&#9;this.rank = rank;&#13;&#10;&#9;&#9;addActionListener(this);&#13;&#10;&#9;}&#13;&#10;&#13;&#10;&#9;@Override&#13;&#10;&#9;public void setSelected(boolean selected) {&#13;&#10;&#9;&#9;if (selected) {&#13;&#10;&#9;&#9;&#9;this.setBorder(new LineBorder(Color.YELLOW, 5));&#13;&#10;&#9;&#9;} else {&#13;&#10;&#9;&#9;&#9;this.setBorder(new LineBorder(Color.GRAY, 1));&#13;&#10;&#9;&#9;}&#13;&#10;&#9;&#9;this.selected = selected;&#13;&#10;&#9;}&#13;&#10;&#13;&#10;&#9;@Override&#13;&#10;&#9;public void hide() {&#13;&#10;&#9;&#9;// TODO Auto-generated method stub&#13;&#10;&#13;&#10;&#9;}&#13;&#10;&#13;&#10;&#9;@Override&#13;&#10;&#9;public void show() {&#13;&#10;&#9;&#9;// TODO Auto-generated method stub&#13;&#10;&#13;&#10;&#9;}&#13;&#10;&#13;&#10;&#9;@Override&#13;&#10;&#9;public void actionPerformed(ActionEvent e) {&#13;&#10;&#9;&#9;if (selected) {&#13;&#10;&#9;&#9;&#9;observer.selectedButtonPressed(location);&#13;&#10;&#9;&#9;} else {&#13;&#10;&#9;&#9;&#9;observer.nonSelectedButtonPressed(location);&#13;&#10;&#9;&#9;}&#13;&#10;&#9;}&#13;&#10;&#9;&#13;&#10;}&#13;&#10;" Filename="Soldier.java" Intrnl_Id="1"/>
<SrcFile Content="package game;&#13;&#10;import game.GameBoard.User;&#13;&#10;&#13;&#10;import java.awt.BorderLayout;&#13;&#10;&#13;&#10;import javax.swing.JLabel;&#13;&#10;import javax.swing.JPanel;&#13;&#10;&#13;&#10;&#13;&#10;public class PlayerBoard extends JPanel {&#13;&#10;&#13;&#10;&#9;public PlayerBoard(User owner) {&#13;&#10;&#9;&#9;BorderLayout layout = new BorderLayout();&#13;&#10;&#9;&#9;this.setLayout(layout);&#13;&#10;&#9;&#9;JLabel status = new JLabel(&quot;Test Label&quot;);&#13;&#10;&#9;&#9;this.add(status, BorderLayout.NORTH);&#13;&#10;&#9;&#9;this.add(new GameBoard(owner), BorderLayout.CENTER);&#13;&#10;&#9;}&#13;&#10;}&#13;&#10;" Filename="PlayerBoard.java" Intrnl_Id="2"/>
<SrcFile Content="package game;&#13;&#10;&#13;&#10;public class PieceFactory {&#13;&#10;&#9;&#13;&#10;&#9;public static IPiece createBomb() {&#13;&#10;&#9;&#9;AbstractPiece bomb = new Bomb();&#13;&#10;&#9;&#9;bomb.setName(&quot;Bomb&quot;);&#13;&#10;&#9;&#9;return bomb;&#13;&#10;&#9;}&#13;&#10;&#9;&#13;&#10;&#9;public static IPiece createClearPiece() {&#13;&#10;&#9;&#9;return new ClearPiece();&#13;&#10;&#9;}&#13;&#10;&#9;&#13;&#10;&#9;public static IPiece createFlag() {&#13;&#10;&#9;&#9;AbstractPiece flag = new Flag();&#13;&#10;&#9;&#9;flag.setName(&quot;Flag&quot;);&#13;&#10;&#9;&#9;return flag;&#13;&#10;&#9;}&#13;&#10;&#9;&#13;&#10;&#9;public static IPiece createSpy() {&#13;&#10;&#9;&#9;AbstractPiece spy = new Soldier(0);&#13;&#10;&#9;&#9;spy.setName(&quot;Spy&quot;);&#13;&#10;&#9;&#9;return spy;&#13;&#10;&#9;}&#13;&#10;&#9;&#13;&#10;&#9;public static IPiece createMarshall() {&#13;&#10;&#9;&#9;AbstractPiece soldier = new Soldier(9);&#13;&#10;&#9;&#9;soldier.setName(&quot;Marshall&quot;);&#13;&#10;&#9;&#9;return soldier;&#13;&#10;&#9;}&#13;&#10;&#9;&#13;&#10;&#9;public static IPiece createGeneral() {&#13;&#10;&#9;&#9;AbstractPiece soldier = new Soldier(8);&#13;&#10;&#9;&#9;soldier.setName(&quot;General&quot;);&#13;&#10;&#9;&#9;return soldier;&#13;&#10;&#9;}&#13;&#10;&#9;&#13;&#10;&#9;public static IPiece createColonel() {&#13;&#10;&#9;&#9;AbstractPiece soldier = new Soldier(7);&#13;&#10;&#9;&#9;soldier.setName(&quot;Colonel&quot;);&#13;&#10;&#9;&#9;return soldier;&#13;&#10;&#9;}&#13;&#10;&#9;&#13;&#10;&#9;public static IPiece createMajor() {&#13;&#10;&#9;&#9;AbstractPiece soldier = new Soldier(6);&#13;&#10;&#9;&#9;soldier.setName(&quot;Major&quot;);&#13;&#10;&#9;&#9;return soldier;&#13;&#10;&#9;}&#13;&#10;&#13;&#10;&#9;public static AbstractPiece createCaptain() {&#13;&#10;&#9;&#9;AbstractPiece soldier = new Soldier(5);&#13;&#10;&#9;&#9;soldier.setName(&quot;Captain&quot;);&#13;&#10;&#9;&#9;return soldier;&#13;&#10;&#9;}&#13;&#10;&#13;&#10;&#9;public static AbstractPiece createLieutenant() {&#13;&#10;&#9;&#9;AbstractPiece soldier = new Soldier(4);&#13;&#10;&#9;&#9;soldier.setName(&quot;Lieut&quot;);&#13;&#10;&#9;&#9;return soldier;&#13;&#10;&#9;}&#13;&#10;&#13;&#10;&#9;public static AbstractPiece createSergeant() {&#13;&#10;&#9;&#9;AbstractPiece soldier = new Soldier(3);&#13;&#10;&#9;&#9;soldier.setName(&quot;Sergeant&quot;);&#13;&#10;&#9;&#9;return soldier;&#13;&#10;&#9;}&#13;&#10;&#13;&#10;&#9;public static AbstractPiece createMiner() {&#13;&#10;&#9;&#9;AbstractPiece soldier = new Soldier(2);&#13;&#10;&#9;&#9;soldier.setName(&quot;Miner&quot;);&#13;&#10;&#9;&#9;return soldier;&#13;&#10;&#9;}&#13;&#10;&#13;&#10;&#9;public static AbstractPiece createScout() {&#13;&#10;&#9;&#9;AbstractPiece soldier = new Soldier(1);&#13;&#10;&#9;&#9;soldier.setName(&quot;Scout&quot;);&#13;&#10;&#9;&#9;return soldier;&#13;&#10;&#9;}&#13;&#10;&#13;&#10;}&#13;&#10;" Filename="PieceFactory.java" Intrnl_Id="3"/>
<SrcFile Content="package game;&#13;&#10;&#13;&#10;import game.GameBoard.User;&#13;&#10;&#13;&#10;import java.awt.event.ActionEvent;&#13;&#10;&#13;&#10;public class Obstacle extends AbstractPiece {&#13;&#10;&#9;&#13;&#10;&#9;@Override&#13;&#10;&#9;public void actionPerformed(ActionEvent e) {&#13;&#10;&#9;&#9;// TODO Auto-generated method stub&#13;&#10;&#9;&#9;&#13;&#10;&#9;}&#13;&#10;&#13;&#10;&#9;@Override&#13;&#10;&#9;public void setSelected(boolean selected) {&#13;&#10;&#9;&#9;// TODO Auto-generated method stub&#13;&#10;&#9;&#9;&#13;&#10;&#9;}&#13;&#10;&#13;&#10;&#9;@Override&#13;&#10;&#9;public void hide() {&#13;&#10;&#9;&#9;// TODO Auto-generated method stub&#13;&#10;&#9;&#9;&#13;&#10;&#9;}&#13;&#10;&#13;&#10;&#9;@Override&#13;&#10;&#9;public void show() {&#13;&#10;&#9;&#9;// TODO Auto-generated method stub&#13;&#10;&#9;&#9;&#13;&#10;&#9;}&#13;&#10;&#9;&#13;&#10;&#9;@Override&#13;&#10;&#9;public void setOwner(User u) {&#13;&#10;&#9;&#9;this.owner = null;&#13;&#10;&#9;}&#13;&#10;&#9;&#13;&#10;&#9;@Override&#13;&#10;&#9;public User getOwner() {&#13;&#10;&#9;&#9;return null;&#13;&#10;&#9;}&#13;&#10;}&#13;&#10;" Filename="Obstacle.java" Intrnl_Id="4"/>
<SrcFile Content="package game;&#13;&#10;&#13;&#10;import java.awt.Point;&#13;&#10;&#13;&#10;//The GameBoard should implement this class and add itself as an observer to the IPiece&#13;&#10;public interface IPieceObserver {&#13;&#10;&#13;&#10;&#9;public void selectedButtonPressed(Point gridLocation);&#13;&#10;&#9;public void nonSelectedButtonPressed(Point gridLocation);&#13;&#10;}&#13;&#10;" Filename="IPieceObserver.java" Intrnl_Id="5"/>
<SrcFile Content="package game;&#13;&#10;&#13;&#10;import game.GameBoard.User;&#13;&#10;&#13;&#10;import java.awt.Point;&#13;&#10;&#13;&#10;public interface IPiece {&#13;&#10;&#9;public boolean isSelected();&#13;&#10;&#9;public void setSelected(boolean selected);&#13;&#10;&#9;public void hide();&#13;&#10;&#9;public void show();&#13;&#10;&#9;public void setObserver(IPieceObserver observer);&#13;&#10;&#9;public void setLocation(Point location);&#13;&#10;&#9;public Point getLocation();&#13;&#10;&#9;public User getOwner();&#13;&#10;&#9;public void setOwner(User owner);&#13;&#10;&#9;public void setName(String name);&#13;&#10;&#9;public String getName();&#13;&#10;&#9;public int getRank();&#13;&#10;//&#9;/**&#13;&#10;//&#9; * Method called by the piece when it is pressed&#13;&#10;//&#9; */&#13;&#10;//&#9;public void processPress();&#13;&#10;}&#13;&#10;" Filename="IPiece.java" Intrnl_Id="6"/>
<SrcFile Content="package game;&#13;&#10;import game.GameBoard.User;&#13;&#10;&#13;&#10;import java.awt.Dimension;&#13;&#10;import java.awt.Insets;&#13;&#10;import java.awt.Toolkit;&#13;&#10;&#13;&#10;import javax.swing.JFrame;&#13;&#10;&#13;&#10;&#13;&#10;public class GameBoardFrame extends JFrame {&#13;&#10;&#13;&#10;&#9;private PlayerBoard board;&#13;&#10;&#9;public GameBoardFrame(User owner) {&#13;&#10;&#9;&#9;this.setDefaultCloseOperation(JFrame.EXIT_ON_CLOSE);&#13;&#10;&#9;&#9;Dimension screenSize = Toolkit.getDefaultToolkit().getScreenSize();&#13;&#10;&#9;&#9;this.setSize(screenSize.width/2, screenSize.height);&#13;&#10;&#9;&#9;board = new PlayerBoard(owner);&#13;&#10;&#9;&#9;this.add(board);&#13;&#10;&#9;&#9;this.setVisible(true);&#13;&#10;&#9;&#9;this.validate();&#13;&#10;&#9;}&#13;&#10;}&#13;&#10;" Filename="GameBoardFrame.java" Intrnl_Id="7"/>
<SrcFile Content="package game;&#13;&#10;&#13;&#10;import java.awt.Color;&#13;&#10;import java.awt.Dimension;&#13;&#10;import java.awt.GridBagConstraints;&#13;&#10;import java.awt.GridBagLayout;&#13;&#10;import java.awt.Point;&#13;&#10;&#13;&#10;import javax.swing.JPanel;&#13;&#10;&#13;&#10;public class GameBoard extends JPanel implements IPieceObserver {&#13;&#10;&#13;&#10;&#9;public static enum User {PLAYER1, PLAYER2};&#13;&#10;&#9;private static final Dimension PIECE_SIZE = new Dimension(80, 80);&#13;&#10;&#9;private AbstractPiece[][] pieces;&#13;&#10;&#9;private AbstractPiece selectedPiece;&#13;&#10;&#9;private GridBagLayout layout;&#13;&#10;&#9;private User owner;&#13;&#10;&#13;&#10;&#9;public GameBoard(User owner) {&#13;&#10;&#9;&#9;super();&#13;&#10;&#9;&#9;this.owner = owner;&#13;&#10;&#9;&#9;pieces = new AbstractPiece[10][10];&#13;&#10;&#9;&#9;layout = new GridBagLayout();&#13;&#10;&#9;&#9;this.setLayout(layout);&#13;&#10;&#9;&#9;for (int i = 0; i &lt; 10; i++) {&#13;&#10;&#9;&#9;&#9;for (int j = 0; j &lt; 10; j++) {&#13;&#10;&#9;&#9;&#9;&#9;AbstractPiece button = (AbstractPiece) PieceFactory.createClearPiece();&#13;&#10;&#9;&#9;&#9;&#9;addPiece(i, j, button);&#13;&#10;&#9;&#9;&#9;&#9;&#13;&#10;&#9;&#9;&#9;}&#13;&#10;&#9;&#9;}&#13;&#10;&#9;&#9;for (int i = 0; i &lt; 10; i++) {&#13;&#10;&#9;&#9;&#9;AbstractPiece s = PieceFactory.createLieutenant();&#13;&#10;&#9;&#9;&#9;if (i % 2 == 0) {&#13;&#10;&#9;&#9;&#9;&#9;s.setOwner(User.PLAYER1);&#13;&#10;&#9;&#9;&#9;} else {&#13;&#10;&#9;&#9;&#9;&#9;s.setOwner(User.PLAYER2);&#13;&#10;&#9;&#9;&#9;}&#13;&#10;&#9;&#9;&#9;if(s.getOwner() != this.owner) {&#13;&#10;&#9;&#9;&#9;&#9;s.setBackground(Color.RED);&#13;&#10;&#9;&#9;&#9;}&#13;&#10;&#9;&#9;&#9;this.remove(pieces[i][0]);&#13;&#10;&#9;&#9;&#9;this.addPiece(i, 0, s);&#13;&#10;&#9;&#9;&#9;&#13;&#10;&#9;&#9;}&#13;&#10;&#9;&#9;&#13;&#10;&#9;&#9;//Initializing bomb for each player&#13;&#10;&#9;&#9;for (int i = 0; i &lt; 2; i++) {&#13;&#10;&#9;&#9;&#9;AbstractPiece b = new Bomb();&#13;&#10;&#9;&#9;&#9;Point p = new Point(i + 2, 2);&#13;&#10;&#9;&#9;&#9;if (i % 2 == 0){&#13;&#10;&#9;&#9;&#9;&#9;b.setOwner(User.PLAYER1);&#13;&#10;&#9;&#9;&#9;} else {&#13;&#10;&#9;&#9;&#9;&#9;b.setOwner(User.PLAYER2);&#13;&#10;&#9;&#9;&#9;}&#13;&#10;&#9;&#9;&#9;if(b.owner != this.owner) {&#13;&#10;&#9;&#9;&#9;&#9;b.setBackground(Color.RED);&#13;&#10;&#9;&#9;&#9;}&#13;&#10;&#9;&#9;&#9;this.remove(pieces[i + 2][2]);&#13;&#10;&#9;&#9;&#9;this.addPiece(i+2,  2, b);&#9;&#9;&#9;&#13;&#10;&#9;&#9;}&#9;&#9;&#13;&#10;&#9;}&#13;&#10;&#13;&#10;&#9;protected void addPiece(int x, int y,&#13;&#10;&#9;&#9;&#9;AbstractPiece piece) {&#13;&#10;&#9;&#9;GridBagConstraints c = new GridBagConstraints();&#13;&#10;&#9;&#9;c.fill = GridBagConstraints.BOTH;&#13;&#10;&#9;&#9;piece.setPreferredSize(PIECE_SIZE);&#13;&#10;&#9;&#9;piece.setLocation(new Point(x, y));&#13;&#10;&#9;&#9;piece.setObserver(this);&#13;&#10;&#9;&#9;pieces[x][y] = piece;&#13;&#10;&#9;&#9;c.gridx = x;&#13;&#10;&#9;&#9;c.gridy = y;&#13;&#10;&#9;&#9;this.add(piece, c);&#13;&#10;&#9;&#9;piece.validate();&#13;&#10;&#9;}&#13;&#10;&#13;&#10;&#9;@Override&#13;&#10;&#9;public void selectedButtonPressed(Point gridLocation) {&#13;&#10;&#9;&#9;if(selectedPiece !=null) {&#13;&#10;&#9;&#9;&#9;if(selectedPiece.equals(pieces[gridLocation.x][gridLocation.y])) {&#13;&#10;&#9;&#9;&#9;&#9;selectedPiece.setSelected(false);&#13;&#10;&#9;&#9;&#9;} else if (isEnemey(selectedPiece, pieces[gridLocation.x][gridLocation.y])) {&#13;&#10;&#9;&#9;&#9;&#9;attack(selectedPiece, pieces[gridLocation.x][gridLocation.y]);&#13;&#10;&#9;&#9;&#9;} else {&#13;&#10;&#9;&#9;&#9;&#9;swapPieces(selectedPiece, pieces[gridLocation.x][gridLocation.y]);&#13;&#10;&#9;&#9;&#9;}&#13;&#10;&#9;&#9;}&#13;&#10;&#9;&#9;for(AbstractPiece[] pRow: pieces) {&#13;&#10;&#9;&#9;&#9;for(AbstractPiece p: pRow) {&#13;&#10;&#9;&#9;&#9;p.setSelected(false);&#13;&#10;&#9;&#9;&#9;}&#13;&#10;&#9;&#9;}&#13;&#10;&#9;&#9;selectedPiece = null;&#13;&#10;&#9;}&#13;&#10;&#13;&#10;&#9;private boolean isEnemey(AbstractPiece p1, AbstractPiece p2) {&#13;&#10;&#9;&#9;return !(p1.getOwner().equals(p2.getOwner())) &amp;&amp; p2.getOwner() != null;&#13;&#10;&#9;}&#13;&#10;&#13;&#10;&#9;@Override&#13;&#10;&#9;public void nonSelectedButtonPressed(Point gridLocation) {&#13;&#10;&#9;&#9;for(AbstractPiece[] pRow: pieces) {&#13;&#10;&#9;&#9;&#9;for(AbstractPiece p: pRow) {&#13;&#10;&#9;&#9;&#9;p.setSelected(false);&#13;&#10;&#9;&#9;&#9;}&#13;&#10;&#9;&#9;}&#13;&#10;&#9;&#9;AbstractPiece nonSelected = pieces[gridLocation.x][gridLocation.y];&#13;&#10;&#9;&#9;if(nonSelected.getOwner() != this.owner) {&#13;&#10;&#9;&#9;&#9;return;&#13;&#10;&#9;&#9;}&#13;&#10;&#9;&#9;&#9;this.selectedPiece = nonSelected;&#13;&#10;&#9;&#9;&#9;nonSelected.setSelected(true);&#13;&#10;&#9;&#9;&#9;int x = nonSelected.getLocation().x;&#13;&#10;&#9;&#9;&#9;int y = nonSelected.getLocation().y;&#13;&#10;&#9;&#9;&#9;if (x &lt; 9) {&#13;&#10;&#9;&#9;&#9;&#9;AbstractPiece piece = pieces[x + 1][y];&#13;&#10;&#9;&#9;&#9;&#9;if(selectedPiece.getOwner() != piece.getOwner()) {&#13;&#10;&#9;&#9;&#9;&#9;&#9;piece.setSelected(true);&#13;&#10;&#9;&#9;&#9;&#9;}&#9;&#13;&#10;&#9;&#9;&#9;}&#13;&#10;&#9;&#9;&#9;if (x &gt; 0) {&#13;&#10;&#9;&#9;&#9;&#9;AbstractPiece piece = pieces[x - 1][y];&#13;&#10;&#9;&#9;&#9;&#9;if(selectedPiece.getOwner() != piece.getOwner()) {&#13;&#10;&#9;&#9;&#9;&#9;&#9;piece.setSelected(true);&#13;&#10;&#9;&#9;&#9;&#9;}&#9;&#13;&#10;&#9;&#9;&#9;}&#13;&#10;&#9;&#9;&#9;if (y &gt; 0) {&#13;&#10;&#9;&#9;&#9;&#9;AbstractPiece piece = pieces[x][y - 1];&#13;&#10;&#9;&#9;&#9;&#9;if(selectedPiece.getOwner() != piece.getOwner()) {&#13;&#10;&#9;&#9;&#9;&#9;&#9;piece.setSelected(true);&#13;&#10;&#9;&#9;&#9;&#9;}&#9;&#13;&#10;&#9;&#9;&#9;}&#13;&#10;&#9;&#9;&#9;if (y &lt; 9) {&#13;&#10;&#9;&#9;&#9;&#9;AbstractPiece piece = pieces[x][y + 1];&#13;&#10;&#9;&#9;&#9;&#9;if(selectedPiece.getOwner() != piece.getOwner()) {&#13;&#10;&#9;&#9;&#9;&#9;&#9;piece.setSelected(true);&#13;&#10;&#9;&#9;&#9;&#9;}&#9;&#13;&#10;&#9;&#9;&#9;}&#13;&#10;&#9;&#9;&#13;&#10;&#9;}&#13;&#10;&#13;&#10;&#9;private void swapPieces(AbstractPiece p1, AbstractPiece p2) {&#13;&#10;&#9;&#9;Point point1 = p1.getLocation();&#13;&#10;&#9;&#9;Point point2 = p2.getLocation();&#13;&#10;&#9;&#9;this.remove(p1);&#13;&#10;&#9;&#9;this.remove(p2);&#13;&#10;&#9;&#9;p1.setLocation(point2);&#13;&#10;&#9;&#9;p2.setLocation(point1);&#13;&#10;&#9;&#9;GridBagConstraints c = new GridBagConstraints();&#13;&#10;&#9;&#9;c.fill = GridBagConstraints.BOTH;&#13;&#10;&#9;&#9;c.gridx = point1.x;&#13;&#10;&#9;&#9;c.gridy = point1.y;&#13;&#10;&#9;&#9;pieces[point1.x][point1.y] = p2;&#13;&#10;&#9;&#9;this.add(p2, c);&#13;&#10;&#9;&#9;c.gridx = point2.x;&#13;&#10;&#9;&#9;c.gridy = point2.y;&#13;&#10;&#9;&#9;pieces[point2.x][point2.y] = p1;&#13;&#10;&#9;&#9;this.add(p1, c);&#13;&#10;&#9;&#9;validate();&#13;&#10;&#9;&#9;repaint();&#13;&#10;&#9;}&#13;&#10;&#9;&#13;&#10;&#9;public String attack(AbstractPiece p1, AbstractPiece p2) {&#13;&#10;&#9;&#9; if (p2 instanceof Bomb) {&#13;&#10;&#9;&#9;&#9; if (p1.rank == 3) {&#13;&#10;&#9;&#9;&#9;&#9; swapPieces(p1, p2);&#13;&#10;&#9;&#9;&#9;&#9; removePiece(p2);&#13;&#10;&#9;&#9;&#9;&#9; return p1.getOwner() + &quot;defused a&quot; + p2.getOwner() + &quot;bomb&quot;;&#13;&#10;&#9;&#9;&#9; } else {&#13;&#10;&#9;&#9;&#9;&#9;removePiece(p1);&#13;&#10;&#9;&#9;&#9;&#9;removePiece(p2);&#13;&#10;&#9;&#9;&#9;&#9;return &quot;A bomb has exploded!&quot;;&#13;&#10;&#9;&#9;&#9; }&#13;&#10;&#9;&#9;} else if (p2 instanceof Flag) {&#13;&#10;&#9;&#9;&#9;swapPieces(p1, p2);&#13;&#10;&#9;&#9;&#9;removePiece(p2);&#13;&#10;&#9;&#9;&#9;return p1.getOwner() + &quot;has defeated&quot; + p2.getOwner();&#13;&#10;&#9;&#9;} else if (p1.rank &gt; p2.rank) {&#13;&#10;&#9;&#9;&#9;swapPieces(p1, p2);&#13;&#10;&#9;&#9;&#9;removePiece(p2);&#13;&#10;&#9;&#9;&#9;return p1.getOwner() + &quot; beat &quot; + p2.getOwner();&#13;&#10;&#9;&#9;} else if (p1.rank &lt; p2.rank) {&#13;&#10;&#9;&#9;&#9;removePiece(p1);&#13;&#10;&#9;&#9;&#9;return p2.getOwner() + &quot; beat &quot; + p1.getOwner();&#13;&#10;&#9;&#9;} else if (p1.rank == p2.rank) {&#13;&#10;&#9;&#9;&#9;removePiece(p1);&#13;&#10;&#9;&#9;&#9;removePiece(p2);&#13;&#10;&#9;&#9;&#9;return p1.getOwner() + &quot; tied &quot; + p2.getOwner();&#13;&#10;&#9;&#9;}&#13;&#10;&#9;&#9;return &quot;Error: case not handled&quot;;&#13;&#10;&#9;}&#13;&#10;&#9;&#13;&#10;&#9;private void removePiece(AbstractPiece p) {&#13;&#10;&#9;&#9;AbstractPiece clear = new ClearPiece();&#13;&#10;&#9;&#9;clear.setLocation(p.getLocation());&#13;&#10;&#9;&#9;clear.setPreferredSize(PIECE_SIZE);&#13;&#10;&#9;&#9;clear.setObserver(this);&#13;&#10;&#9;&#9;Point point1 = p.getLocation();&#13;&#10;&#9;&#9;this.remove(p);&#13;&#10;&#9;&#9;p.setLocation(null);&#13;&#10;&#9;&#9;clear.setLocation(point1);&#13;&#10;&#9;&#9;GridBagConstraints c = new GridBagConstraints();&#13;&#10;&#9;&#9;c.fill = GridBagConstraints.BOTH;&#13;&#10;&#9;&#9;c.gridx = point1.x;&#13;&#10;&#9;&#9;c.gridy = point1.y;&#13;&#10;&#9;&#9;pieces[point1.x][point1.y] = clear;&#13;&#10;&#9;&#9;this.add(clear, c);&#13;&#10;&#9;&#9;validate();&#13;&#10;&#9;&#9;repaint();&#13;&#10;&#9;}&#13;&#10;}&#13;&#10;" Filename="GameBoard.java" Intrnl_Id="8"/>
<SrcFile Content="package game;&#13;&#10;import game.GameBoard.User;&#13;&#10;&#13;&#10;import javax.swing.JFrame;&#13;&#10;&#13;&#10;public class GameApplet {&#13;&#10;&#13;&#10;&#9;public static void main(String[] args) {&#13;&#10;&#9;&#9;JFrame player1Frame = new GameBoardFrame(User.PLAYER1);&#13;&#10;&#9;&#9;JFrame player2Frame = new GameBoardFrame(User.PLAYER2);&#13;&#10;&#9;&#9;player2Frame.setLocation(player1Frame.getX() + player1Frame.getWidth(), player2Frame.getY());&#13;&#10;&#9;}&#13;&#10;}&#13;&#10;" Filename="GameApplet.java" Intrnl_Id="9"/>
<SrcFile Content="package game;&#13;&#10;&#13;&#10;import java.awt.Color;&#13;&#10;import java.awt.event.ActionEvent;&#13;&#10;&#13;&#10;public class Flag extends AbstractPiece{&#13;&#10;&#9;&#13;&#10;&#9;public Flag() {&#13;&#10;&#9;&#9;setBackground(Color.ORANGE); //Will be team's color&#13;&#10;&#9;&#9;this.rank = rank;&#13;&#10;&#9;&#9;addActionListener(this);&#13;&#10;&#9;}&#13;&#10;&#9;@Override&#13;&#10;&#9;public void actionPerformed(ActionEvent e) {&#13;&#10;&#9;&#9;// TODO Auto-generated method stub&#13;&#10;&#9;&#9;&#13;&#10;&#9;}&#13;&#10;&#13;&#10;&#9;@Override&#13;&#10;&#9;public void setSelected(boolean selected) {&#13;&#10;&#9;&#9;this.selected = selected;&#13;&#10;&#9;}&#13;&#10;&#13;&#10;&#9;@Override&#13;&#10;&#9;public void hide() {&#13;&#10;&#9;&#9;// TODO Auto-generated method stub&#13;&#10;&#9;&#9;&#13;&#10;&#9;}&#13;&#10;&#13;&#10;&#9;@Override&#13;&#10;&#9;public void show() {&#13;&#10;&#9;&#9;// TODO Auto-generated method stub&#13;&#10;&#9;&#9;&#13;&#10;&#9;}&#13;&#10;&#13;&#10;}&#13;&#10;" Filename="Flag.java" Intrnl_Id="10"/>
<SrcFile Content="package game;&#13;&#10;&#13;&#10;import game.GameBoard.User;&#13;&#10;&#13;&#10;import java.awt.Color;&#13;&#10;import java.awt.event.ActionEvent;&#13;&#10;&#13;&#10;import javax.swing.border.LineBorder;&#13;&#10;&#13;&#10;public class ClearPiece extends AbstractPiece {&#13;&#10;&#9;&#13;&#10;&#9;private int index;&#13;&#10;&#9;&#13;&#10;&#9;public ClearPiece() {&#13;&#10;&#9;&#9;addActionListener(this);&#13;&#10;&#9;&#9;setBackground(Color.WHITE);&#13;&#10;&#9;}&#13;&#10;&#13;&#10;&#9;@Override&#13;&#10;&#9;public void actionPerformed(ActionEvent arg0) {&#13;&#10;&#9;&#9;if(selected) {&#13;&#10;&#9;&#9;&#9;observer.selectedButtonPressed(location);&#13;&#10;&#9;&#9;}&#13;&#10;&#9;}&#13;&#10;&#13;&#10;&#9;@Override&#13;&#10;&#9;public void setSelected(boolean selected) {&#13;&#10;&#9;&#9;if(selected) {&#13;&#10;&#9;&#9;&#9;this.setBorder(new LineBorder(Color.RED, 5));&#13;&#10;&#9;&#9;} else {&#13;&#10;&#9;&#9;&#9;this.setBorder(new LineBorder(Color.GRAY, 1));&#13;&#10;&#9;&#9;}&#13;&#10;&#13;&#10;&#9;&#9;this.selected = selected;&#13;&#10;&#9;}&#13;&#10;&#13;&#10;&#9;@Override&#13;&#10;&#9;public void hide() {&#13;&#10;&#9;&#9;// TODO Auto-generated method stub&#13;&#10;&#9;&#9;&#13;&#10;&#9;}&#13;&#10;&#13;&#10;&#9;@Override&#13;&#10;&#9;public void show() {&#13;&#10;&#9;&#9;// TODO Auto-generated method stub&#13;&#10;&#9;&#9;&#13;&#10;&#9;}&#13;&#10;&#9;&#13;&#10;&#9;@Override&#13;&#10;&#9;public void setOwner(User u) {&#13;&#10;&#9;&#9;this.owner = null;&#13;&#10;&#9;}&#13;&#10;&#9;&#13;&#10;&#9;@Override&#13;&#10;&#9;public User getOwner() {&#13;&#10;&#9;&#9;return null;&#13;&#10;&#9;}&#13;&#10;&#13;&#10;}&#13;&#10;" Filename="ClearPiece.java" Intrnl_Id="11"/>
<SrcFile Content="package game;&#13;&#10;&#13;&#10;import java.awt.Color;&#13;&#10;import java.awt.Point;&#13;&#10;import java.awt.event.ActionEvent;&#13;&#10;&#13;&#10;import javax.swing.border.LineBorder;&#13;&#10;&#13;&#10;public class Bomb extends AbstractPiece{&#13;&#10;&#9;&#13;&#10;&#9;public Bomb() {&#13;&#10;&#9;&#9;setText(&quot;Bomb&quot;);&#13;&#10;&#9;&#9;setBackground(Color.GREEN);&#13;&#10;&#9;&#9;this.rank = rank;&#13;&#10;&#9;&#9;addActionListener(this);&#13;&#10;&#9;}&#13;&#10;&#13;&#10;&#9;@Override&#13;&#10;&#9;public void actionPerformed(ActionEvent e) {&#13;&#10;&#9;&#9;if (selected) {&#13;&#10;&#9;&#9;&#9;observer.selectedButtonPressed(location);&#13;&#10;&#9;&#9;} else {&#13;&#10;&#9;&#9;&#9;//observer.nonSelectedButtonPressed(location);&#13;&#10;&#9;&#9;}&#13;&#10;&#9;}&#13;&#10;&#13;&#10;&#9;@Override&#13;&#10;&#9;public void setSelected(boolean selected) {&#13;&#10;&#9;&#9;if (selected) {&#13;&#10;&#9;&#9;&#9;this.setBorder(new LineBorder(Color.YELLOW, 5));&#13;&#10;&#9;&#9;} else {&#13;&#10;&#9;&#9;&#9;this.setBorder(new LineBorder(Color.GRAY, 1));&#13;&#10;&#9;&#9;}&#13;&#10;&#9;&#9;this.selected = selected;&#13;&#10;&#9;}&#13;&#10;&#13;&#10;&#9;@Override&#13;&#10;&#9;public void hide() {&#13;&#10;&#9;&#9;// TODO Auto-generated method stub&#13;&#10;&#9;&#9;&#13;&#10;&#9;}&#13;&#10;&#13;&#10;&#9;@Override&#13;&#10;&#9;public void show() {&#13;&#10;&#9;&#9;// TODO Auto-generated method stub&#13;&#10;&#9;&#9;&#13;&#10;&#9;}&#13;&#10;}&#13;&#10;" Filename="Bomb.java" Intrnl_Id="12"/>
<SrcFile Content="package game;&#13;&#10;&#13;&#10;import game.GameBoard.User;&#13;&#10;&#13;&#10;import java.awt.Point;&#13;&#10;import java.awt.event.ActionEvent;&#13;&#10;import java.awt.event.ActionListener;&#13;&#10;&#13;&#10;import javax.swing.JButton;&#13;&#10;&#13;&#10;public abstract class AbstractPiece extends JButton implements IPiece, ActionListener {&#13;&#10;&#13;&#10;&#9;protected Boolean selected = false;&#13;&#10;&#9;protected Point location = new Point();&#13;&#10;&#9;protected IPieceObserver observer;&#13;&#10;&#9;protected int rank;&#13;&#10;&#9;protected int boardIndex = 0;&#13;&#10;&#9;protected User owner;&#13;&#10;&#9;protected String name;&#13;&#10;&#13;&#10;&#9;@Override&#13;&#10;&#9;public abstract void actionPerformed(ActionEvent e);&#13;&#10;&#13;&#10;&#9;@Override&#13;&#10;&#9;public abstract void setSelected(boolean selected);&#13;&#10;&#13;&#10;&#9;@Override&#13;&#10;&#9;public abstract void hide();&#13;&#10;&#13;&#10;&#9;@Override&#13;&#10;&#9;public abstract void show();&#13;&#10;&#13;&#10;&#9;@Override&#13;&#10;&#9;public boolean isSelected() {&#13;&#10;&#9;&#9;return selected;&#13;&#10;&#9;}&#13;&#10;&#13;&#10;&#9;@Override&#13;&#10;&#9;public void setObserver(IPieceObserver observer) {&#13;&#10;&#9;&#9;this.observer = observer;&#13;&#10;&#9;}&#13;&#10;&#13;&#10;&#9;@Override&#13;&#10;&#9;public void setLocation(Point location) {&#13;&#10;&#9;&#9;this.location = location;&#13;&#10;&#9;&#13;&#10;&#9;}&#13;&#10;&#13;&#10;&#9;@Override&#13;&#10;&#9;public Point getLocation() {&#13;&#10;&#9;&#9;return this.location;&#13;&#10;&#9;} &#13;&#10;&#9;&#13;&#10;&#9;@Override&#13;&#10;&#9;public User getOwner() {&#13;&#10;&#9;&#9;return owner;&#13;&#10;&#9;}&#13;&#10;&#13;&#10;&#9;@Override&#13;&#10;&#9;public void setOwner(User owner) {&#13;&#10;&#9;&#9;this.owner = owner;&#13;&#10;&#9;}&#13;&#10;&#9;&#13;&#10;&#9;public void setName(String name) {&#13;&#10;&#9;&#9;this.name = name;&#13;&#10;&#9;&#9;this.setText(&quot;&quot; + name + &quot; &quot; + &quot;(&quot; + rank + &quot;)&quot;);&#13;&#10;&#9;}&#13;&#10;&#9;&#13;&#10;&#9;public String getName() {&#13;&#10;&#9;&#9;return name;&#13;&#10;&#9;}&#13;&#10;&#9;&#13;&#10;&#9;public int getRank() {&#13;&#10;&#9;&#9;return rank;&#13;&#10;&#9;}&#13;&#10;&#13;&#10;}&#13;&#10;" Filename="AbstractPiece.java" Intrnl_Id="13"/>
</SrcFileList>
<CritList>
<CritListEntry Name="org.codecover.model.utils.criteria.LoopCoverage" PluginName="org.codecover"/>
<CritListEntry Name="org.codecover.model.utils.criteria.BranchCoverage" PluginName="org.codecover"/>
<CritListEntry Name="org.codecover.model.utils.criteria.ConditionCoverage" PluginName="org.codecover"/>
<CritListEntry Name="org.codecover.model.utils.criteria.SynchronizedStatementCoverage" PluginName="org.codecover"/>
<CritListEntry Name="org.codecover.model.utils.criteria.QMOCoverage" PluginName="org.codecover"/>
<CritListEntry Name="org.codecover.model.utils.criteria.StatementCoverage" PluginName="org.codecover"/>
</CritList>
<BoolOpList/>
<HierarchyLvlTypeList>
<HierarchyLvlType EnglishName="enumeration" IntrnlName="enum" Intrnl_Id="14"/>
<HierarchyLvlType EnglishName="package" IntrnlName="package" Intrnl_Id="15"/>
<HierarchyLvlType EnglishName="class" IntrnlName="class" Intrnl_Id="16"/>
<HierarchyLvlType EnglishName="method" IntrnlName="method" Intrnl_Id="17"/>
<HierarchyLvlType EnglishName="default package" IntrnlName="default package" Intrnl_Id="18"/>
<HierarchyLvlType EnglishName="interface" IntrnlName="interface" Intrnl_Id="19"/>
</HierarchyLvlTypeList>
<MASTRoot>
<HierarchyLvl HierarchyLvlId="1133" HierarchyLvlTypeId="18" Intrnl_Id="20" Name="default package">
<Header/>
<LocList/>
<HierarchyLvl HierarchyLvlId="1132" HierarchyLvlTypeId="15" Intrnl_Id="21" Name="game">
<Header/>
<LocList/>
<HierarchyLvl HierarchyLvlId="1044" HierarchyLvlTypeId="16" Intrnl_Id="22" Name="Soldier">
<Header>
<Loc EndOffset="160" SrcFileId="1" StartOffset="118"/>
</Header>
<LocList>
<Loc EndOffset="874" SrcFileId="1" StartOffset="118"/>
</LocList>
<HierarchyLvl HierarchyLvlId="1039" HierarchyLvlTypeId="17" Intrnl_Id="23" Name="Soldier">
<Header>
<Loc EndOffset="191" SrcFileId="1" StartOffset="167"/>
</Header>
<LocList>
<Loc EndOffset="277" SrcFileId="1" StartOffset="167"/>
</LocList>
<StmntSeq Intrnl_Id="24">
<LocList>
<Loc EndOffset="224" SrcFileId="1" StartOffset="197"/>
<Loc EndOffset="245" SrcFileId="1" StartOffset="228"/>
<Loc EndOffset="273" SrcFileId="1" StartOffset="249"/>
</LocList>
<BasicStmnt CovItemId="S1" CovItemPrefix="game.Soldier.java" Intrnl_Id="25">
<LocList>
<Loc EndOffset="224" SrcFileId="1" StartOffset="197"/>
</LocList>
</BasicStmnt>
<BasicStmnt CovItemId="S2" CovItemPrefix="game.Soldier.java" Intrnl_Id="26">
<LocList>
<Loc EndOffset="245" SrcFileId="1" StartOffset="228"/>
</LocList>
</BasicStmnt>
<BasicStmnt CovItemId="S3" CovItemPrefix="game.Soldier.java" Intrnl_Id="27">
<LocList>
<Loc EndOffset="273" SrcFileId="1" StartOffset="249"/>
</LocList>
</BasicStmnt>
</StmntSeq>
</HierarchyLvl>
<HierarchyLvl HierarchyLvlId="1040" HierarchyLvlTypeId="17" Intrnl_Id="28" Name="setSelected">
<Header>
<Loc EndOffset="335" SrcFileId="1" StartOffset="282"/>
</Header>
<LocList>
<Loc EndOffset="510" SrcFileId="1" StartOffset="282"/>
</LocList>
<StmntSeq Intrnl_Id="29">
<LocList>
<Loc EndOffset="477" SrcFileId="1" StartOffset="341"/>
<Loc EndOffset="506" SrcFileId="1" StartOffset="481"/>
</LocList>
<CondStmnt CovItemId="S4" CovItemPrefix="game.Soldier.java" Intrnl_Id="30">
<Branch CovItemId="B1" CovItemPrefix="game.Soldier.java" Implct="false" Intrnl_Id="31">
<Cond/>
<LocList>
<Loc EndOffset="414" SrcFileId="1" StartOffset="355"/>
</LocList>
<StmntSeq Intrnl_Id="32">
<LocList>
<Loc EndOffset="409" SrcFileId="1" StartOffset="361"/>
</LocList>
<BasicStmnt CovItemId="S5" CovItemPrefix="game.Soldier.java" Intrnl_Id="33">
<LocList>
<Loc EndOffset="409" SrcFileId="1" StartOffset="361"/>
</LocList>
</BasicStmnt>
</StmntSeq>
</Branch>
<Branch CovItemId="B2" CovItemPrefix="game.Soldier.java" Implct="false" Intrnl_Id="34">
<Cond>
<Loc EndOffset="419" SrcFileId="1" StartOffset="415"/>
</Cond>
<LocList>
<Loc EndOffset="477" SrcFileId="1" StartOffset="420"/>
</LocList>
<StmntSeq Intrnl_Id="35">
<LocList>
<Loc EndOffset="472" SrcFileId="1" StartOffset="426"/>
</LocList>
<BasicStmnt CovItemId="S6" CovItemPrefix="game.Soldier.java" Intrnl_Id="36">
<LocList>
<Loc EndOffset="472" SrcFileId="1" StartOffset="426"/>
</LocList>
</BasicStmnt>
</StmntSeq>
</Branch>
<Keyword EndOffset="343" SrcFileId="1" StartOffset="341"/>
<LocList>
<Loc EndOffset="477" SrcFileId="1" StartOffset="341"/>
</LocList>
<RootTerm CovItemId="C1" CovItemPrefix="game.Soldier.java" Intrnl_Id="37">
<BasicBoolTerm Intrnl_Id="38">
<LocList>
<Loc EndOffset="353" SrcFileId="1" StartOffset="345"/>
</LocList>
</BasicBoolTerm>
</RootTerm>
</CondStmnt>
<BasicStmnt CovItemId="S7" CovItemPrefix="game.Soldier.java" Intrnl_Id="39">
<LocList>
<Loc EndOffset="506" SrcFileId="1" StartOffset="481"/>
</LocList>
</BasicStmnt>
</StmntSeq>
</HierarchyLvl>
<HierarchyLvl HierarchyLvlId="1041" HierarchyLvlTypeId="17" Intrnl_Id="40" Name="hide">
<Header>
<Loc EndOffset="545" SrcFileId="1" StartOffset="515"/>
</Header>
<LocList>
<Loc EndOffset="591" SrcFileId="1" StartOffset="515"/>
</LocList>
</HierarchyLvl>
<HierarchyLvl HierarchyLvlId="1042" HierarchyLvlTypeId="17" Intrnl_Id="41" Name="show">
<Header>
<Loc EndOffset="626" SrcFileId="1" StartOffset="596"/>
</Header>
<LocList>
<Loc EndOffset="672" SrcFileId="1" StartOffset="596"/>
</LocList>
</HierarchyLvl>
<HierarchyLvl HierarchyLvlId="1043" HierarchyLvlTypeId="17" Intrnl_Id="42" Name="actionPerformed">
<Header>
<Loc EndOffset="731" SrcFileId="1" StartOffset="677"/>
</Header>
<LocList>
<Loc EndOffset="868" SrcFileId="1" StartOffset="677"/>
</LocList>
<StmntSeq Intrnl_Id="43">
<LocList>
<Loc EndOffset="864" SrcFileId="1" StartOffset="737"/>
</LocList>
<CondStmnt CovItemId="S8" CovItemPrefix="game.Soldier.java" Intrnl_Id="44">
<Branch CovItemId="B3" CovItemPrefix="game.Soldier.java" Implct="false" Intrnl_Id="45">
<Cond/>
<LocList>
<Loc EndOffset="803" SrcFileId="1" StartOffset="751"/>
</LocList>
<StmntSeq Intrnl_Id="46">
<LocList>
<Loc EndOffset="798" SrcFileId="1" StartOffset="757"/>
</LocList>
<BasicStmnt CovItemId="S9" CovItemPrefix="game.Soldier.java" Intrnl_Id="47">
<LocList>
<Loc EndOffset="798" SrcFileId="1" StartOffset="757"/>
</LocList>
</BasicStmnt>
</StmntSeq>
</Branch>
<Branch CovItemId="B4" CovItemPrefix="game.Soldier.java" Implct="false" Intrnl_Id="48">
<Cond>
<Loc EndOffset="808" SrcFileId="1" StartOffset="804"/>
</Cond>
<LocList>
<Loc EndOffset="864" SrcFileId="1" StartOffset="809"/>
</LocList>
<StmntSeq Intrnl_Id="49">
<LocList>
<Loc EndOffset="859" SrcFileId="1" StartOffset="815"/>
</LocList>
<BasicStmnt CovItemId="S10" CovItemPrefix="game.Soldier.java" Intrnl_Id="50">
<LocList>
<Loc EndOffset="859" SrcFileId="1" StartOffset="815"/>
</LocList>
</BasicStmnt>
</StmntSeq>
</Branch>
<Keyword EndOffset="739" SrcFileId="1" StartOffset="737"/>
<LocList>
<Loc EndOffset="864" SrcFileId="1" StartOffset="737"/>
</LocList>
<RootTerm CovItemId="C2" CovItemPrefix="game.Soldier.java" Intrnl_Id="51">
<BasicBoolTerm Intrnl_Id="52">
<LocList>
<Loc EndOffset="749" SrcFileId="1" StartOffset="741"/>
</LocList>
</BasicBoolTerm>
</RootTerm>
</CondStmnt>
</StmntSeq>
</HierarchyLvl>
</HierarchyLvl>
<HierarchyLvl HierarchyLvlId="1046" HierarchyLvlTypeId="16" Intrnl_Id="53" Name="PlayerBoard">
<Header>
<Loc EndOffset="178" SrcFileId="2" StartOffset="139"/>
</Header>
<LocList>
<Loc EndOffset="438" SrcFileId="2" StartOffset="139"/>
</LocList>
<HierarchyLvl HierarchyLvlId="1045" HierarchyLvlTypeId="17" Intrnl_Id="54" Name="PlayerBoard">
<Header>
<Loc EndOffset="215" SrcFileId="2" StartOffset="185"/>
</Header>
<LocList>
<Loc EndOffset="435" SrcFileId="2" StartOffset="185"/>
</LocList>
<StmntSeq Intrnl_Id="55">
<LocList>
<Loc EndOffset="262" SrcFileId="2" StartOffset="221"/>
<Loc EndOffset="289" SrcFileId="2" StartOffset="266"/>
<Loc EndOffset="334" SrcFileId="2" StartOffset="293"/>
<Loc EndOffset="375" SrcFileId="2" StartOffset="338"/>
<Loc EndOffset="431" SrcFileId="2" StartOffset="379"/>
</LocList>
<BasicStmnt CovItemId="S1" CovItemPrefix="game.PlayerBoard.java" Intrnl_Id="56">
<LocList>
<Loc EndOffset="262" SrcFileId="2" StartOffset="221"/>
</LocList>
</BasicStmnt>
<BasicStmnt CovItemId="S2" CovItemPrefix="game.PlayerBoard.java" Intrnl_Id="57">
<LocList>
<Loc EndOffset="289" SrcFileId="2" StartOffset="266"/>
</LocList>
</BasicStmnt>
<BasicStmnt CovItemId="S3" CovItemPrefix="game.PlayerBoard.java" Intrnl_Id="58">
<LocList>
<Loc EndOffset="334" SrcFileId="2" StartOffset="293"/>
</LocList>
</BasicStmnt>
<BasicStmnt CovItemId="S4" CovItemPrefix="game.PlayerBoard.java" Intrnl_Id="59">
<LocList>
<Loc EndOffset="375" SrcFileId="2" StartOffset="338"/>
</LocList>
</BasicStmnt>
<BasicStmnt CovItemId="S5" CovItemPrefix="game.PlayerBoard.java" Intrnl_Id="60">
<LocList>
<Loc EndOffset="431" SrcFileId="2" StartOffset="379"/>
</LocList>
</BasicStmnt>
</StmntSeq>
</HierarchyLvl>
</HierarchyLvl>
<HierarchyLvl HierarchyLvlId="1060" HierarchyLvlTypeId="16" Intrnl_Id="61" Name="PieceFactory">
<Header>
<Loc EndOffset="42" SrcFileId="3" StartOffset="17"/>
</Header>
<LocList>
<Loc EndOffset="1785" SrcFileId="3" StartOffset="17"/>
</LocList>
<HierarchyLvl HierarchyLvlId="1047" HierarchyLvlTypeId="17" Intrnl_Id="62" Name="createBomb">
<Header>
<Loc EndOffset="83" SrcFileId="3" StartOffset="50"/>
</Header>
<LocList>
<Loc EndOffset="166" SrcFileId="3" StartOffset="50"/>
</LocList>
<StmntSeq Intrnl_Id="63">
<LocList>
<Loc EndOffset="121" SrcFileId="3" StartOffset="89"/>
<Loc EndOffset="146" SrcFileId="3" StartOffset="125"/>
<Loc EndOffset="162" SrcFileId="3" StartOffset="150"/>
</LocList>
<BasicStmnt CovItemId="S1" CovItemPrefix="game.PieceFactory.java" Intrnl_Id="64">
<LocList>
<Loc EndOffset="121" SrcFileId="3" StartOffset="89"/>
</LocList>
</BasicStmnt>
<BasicStmnt CovItemId="S2" CovItemPrefix="game.PieceFactory.java" Intrnl_Id="65">
<LocList>
<Loc EndOffset="146" SrcFileId="3" StartOffset="125"/>
</LocList>
</BasicStmnt>
<BasicStmnt CovItemId="S3" CovItemPrefix="game.PieceFactory.java" Intrnl_Id="66">
<LocList>
<Loc EndOffset="162" SrcFileId="3" StartOffset="150"/>
</LocList>
</BasicStmnt>
</StmntSeq>
</HierarchyLvl>
<HierarchyLvl HierarchyLvlId="1048" HierarchyLvlTypeId="17" Intrnl_Id="67" Name="createClearPiece">
<Header>
<Loc EndOffset="211" SrcFileId="3" StartOffset="172"/>
</Header>
<LocList>
<Loc EndOffset="245" SrcFileId="3" StartOffset="172"/>
</LocList>
<StmntSeq Intrnl_Id="68">
<LocList>
<Loc EndOffset="241" SrcFileId="3" StartOffset="217"/>
</LocList>
<BasicStmnt CovItemId="S4" CovItemPrefix="game.PieceFactory.java" Intrnl_Id="69">
<LocList>
<Loc EndOffset="241" SrcFileId="3" StartOffset="217"/>
</LocList>
</BasicStmnt>
</StmntSeq>
</HierarchyLvl>
<HierarchyLvl HierarchyLvlId="1049" HierarchyLvlTypeId="17" Intrnl_Id="70" Name="createFlag">
<Header>
<Loc EndOffset="284" SrcFileId="3" StartOffset="251"/>
</Header>
<LocList>
<Loc EndOffset="367" SrcFileId="3" StartOffset="251"/>
</LocList>
<StmntSeq Intrnl_Id="71">
<LocList>
<Loc EndOffset="322" SrcFileId="3" StartOffset="290"/>
<Loc EndOffset="347" SrcFileId="3" StartOffset="326"/>
<Loc EndOffset="363" SrcFileId="3" StartOffset="351"/>
</LocList>
<BasicStmnt CovItemId="S5" CovItemPrefix="game.PieceFactory.java" Intrnl_Id="72">
<LocList>
<Loc EndOffset="322" SrcFileId="3" StartOffset="290"/>
</LocList>
</BasicStmnt>
<BasicStmnt CovItemId="S6" CovItemPrefix="game.PieceFactory.java" Intrnl_Id="73">
<LocList>
<Loc EndOffset="347" SrcFileId="3" StartOffset="326"/>
</LocList>
</BasicStmnt>
<BasicStmnt CovItemId="S7" CovItemPrefix="game.PieceFactory.java" Intrnl_Id="74">
<LocList>
<Loc EndOffset="363" SrcFileId="3" StartOffset="351"/>
</LocList>
</BasicStmnt>
</StmntSeq>
</HierarchyLvl>
<HierarchyLvl HierarchyLvlId="1050" HierarchyLvlTypeId="17" Intrnl_Id="75" Name="createSpy">
<Header>
<Loc EndOffset="405" SrcFileId="3" StartOffset="373"/>
</Header>
<LocList>
<Loc EndOffset="488" SrcFileId="3" StartOffset="373"/>
</LocList>
<StmntSeq Intrnl_Id="76">
<LocList>
<Loc EndOffset="446" SrcFileId="3" StartOffset="411"/>
<Loc EndOffset="469" SrcFileId="3" StartOffset="450"/>
<Loc EndOffset="484" SrcFileId="3" StartOffset="473"/>
</LocList>
<BasicStmnt CovItemId="S8" CovItemPrefix="game.PieceFactory.java" Intrnl_Id="77">
<LocList>
<Loc EndOffset="446" SrcFileId="3" StartOffset="411"/>
</LocList>
</BasicStmnt>
<BasicStmnt CovItemId="S9" CovItemPrefix="game.PieceFactory.java" Intrnl_Id="78">
<LocList>
<Loc EndOffset="469" SrcFileId="3" StartOffset="450"/>
</LocList>
</BasicStmnt>
<BasicStmnt CovItemId="S10" CovItemPrefix="game.PieceFactory.java" Intrnl_Id="79">
<LocList>
<Loc EndOffset="484" SrcFileId="3" StartOffset="473"/>
</LocList>
</BasicStmnt>
</StmntSeq>
</HierarchyLvl>
<HierarchyLvl HierarchyLvlId="1051" HierarchyLvlTypeId="17" Intrnl_Id="80" Name="createMarshall">
<Header>
<Loc EndOffset="531" SrcFileId="3" StartOffset="494"/>
</Header>
<LocList>
<Loc EndOffset="631" SrcFileId="3" StartOffset="494"/>
</LocList>
<StmntSeq Intrnl_Id="81">
<LocList>
<Loc EndOffset="576" SrcFileId="3" StartOffset="537"/>
<Loc EndOffset="608" SrcFileId="3" StartOffset="580"/>
<Loc EndOffset="627" SrcFileId="3" StartOffset="612"/>
</LocList>
<BasicStmnt CovItemId="S11" CovItemPrefix="game.PieceFactory.java" Intrnl_Id="82">
<LocList>
<Loc EndOffset="576" SrcFileId="3" StartOffset="537"/>
</LocList>
</BasicStmnt>
<BasicStmnt CovItemId="S12" CovItemPrefix="game.PieceFactory.java" Intrnl_Id="83">
<LocList>
<Loc EndOffset="608" SrcFileId="3" StartOffset="580"/>
</LocList>
</BasicStmnt>
<BasicStmnt CovItemId="S13" CovItemPrefix="game.PieceFactory.java" Intrnl_Id="84">
<LocList>
<Loc EndOffset="627" SrcFileId="3" StartOffset="612"/>
</LocList>
</BasicStmnt>
</StmntSeq>
</HierarchyLvl>
<HierarchyLvl HierarchyLvlId="1052" HierarchyLvlTypeId="17" Intrnl_Id="85" Name="createGeneral">
<Header>
<Loc EndOffset="673" SrcFileId="3" StartOffset="637"/>
</Header>
<LocList>
<Loc EndOffset="772" SrcFileId="3" StartOffset="637"/>
</LocList>
<StmntSeq Intrnl_Id="86">
<LocList>
<Loc EndOffset="718" SrcFileId="3" StartOffset="679"/>
<Loc EndOffset="749" SrcFileId="3" StartOffset="722"/>
<Loc EndOffset="768" SrcFileId="3" StartOffset="753"/>
</LocList>
<BasicStmnt CovItemId="S14" CovItemPrefix="game.PieceFactory.java" Intrnl_Id="87">
<LocList>
<Loc EndOffset="718" SrcFileId="3" StartOffset="679"/>
</LocList>
</BasicStmnt>
<BasicStmnt CovItemId="S15" CovItemPrefix="game.PieceFactory.java" Intrnl_Id="88">
<LocList>
<Loc EndOffset="749" SrcFileId="3" StartOffset="722"/>
</LocList>
</BasicStmnt>
<BasicStmnt CovItemId="S16" CovItemPrefix="game.PieceFactory.java" Intrnl_Id="89">
<LocList>
<Loc EndOffset="768" SrcFileId="3" StartOffset="753"/>
</LocList>
</BasicStmnt>
</StmntSeq>
</HierarchyLvl>
<HierarchyLvl HierarchyLvlId="1053" HierarchyLvlTypeId="17" Intrnl_Id="90" Name="createColonel">
<Header>
<Loc EndOffset="814" SrcFileId="3" StartOffset="778"/>
</Header>
<LocList>
<Loc EndOffset="913" SrcFileId="3" StartOffset="778"/>
</LocList>
<StmntSeq Intrnl_Id="91">
<LocList>
<Loc EndOffset="859" SrcFileId="3" StartOffset="820"/>
<Loc EndOffset="890" SrcFileId="3" StartOffset="863"/>
<Loc EndOffset="909" SrcFileId="3" StartOffset="894"/>
</LocList>
<BasicStmnt CovItemId="S17" CovItemPrefix="game.PieceFactory.java" Intrnl_Id="92">
<LocList>
<Loc EndOffset="859" SrcFileId="3" StartOffset="820"/>
</LocList>
</BasicStmnt>
<BasicStmnt CovItemId="S18" CovItemPrefix="game.PieceFactory.java" Intrnl_Id="93">
<LocList>
<Loc EndOffset="890" SrcFileId="3" StartOffset="863"/>
</LocList>
</BasicStmnt>
<BasicStmnt CovItemId="S19" CovItemPrefix="game.PieceFactory.java" Intrnl_Id="94">
<LocList>
<Loc EndOffset="909" SrcFileId="3" StartOffset="894"/>
</LocList>
</BasicStmnt>
</StmntSeq>
</HierarchyLvl>
<HierarchyLvl HierarchyLvlId="1054" HierarchyLvlTypeId="17" Intrnl_Id="95" Name="createMajor">
<Header>
<Loc EndOffset="953" SrcFileId="3" StartOffset="919"/>
</Header>
<LocList>
<Loc EndOffset="1050" SrcFileId="3" StartOffset="919"/>
</LocList>
<StmntSeq Intrnl_Id="96">
<LocList>
<Loc EndOffset="998" SrcFileId="3" StartOffset="959"/>
<Loc EndOffset="1027" SrcFileId="3" StartOffset="1002"/>
<Loc EndOffset="1046" SrcFileId="3" StartOffset="1031"/>
</LocList>
<BasicStmnt CovItemId="S20" CovItemPrefix="game.PieceFactory.java" Intrnl_Id="97">
<LocList>
<Loc EndOffset="998" SrcFileId="3" StartOffset="959"/>
</LocList>
</BasicStmnt>
<BasicStmnt CovItemId="S21" CovItemPrefix="game.PieceFactory.java" Intrnl_Id="98">
<LocList>
<Loc EndOffset="1027" SrcFileId="3" StartOffset="1002"/>
</LocList>
</BasicStmnt>
<BasicStmnt CovItemId="S22" CovItemPrefix="game.PieceFactory.java" Intrnl_Id="99">
<LocList>
<Loc EndOffset="1046" SrcFileId="3" StartOffset="1031"/>
</LocList>
</BasicStmnt>
</StmntSeq>
</HierarchyLvl>
<HierarchyLvl HierarchyLvlId="1055" HierarchyLvlTypeId="17" Intrnl_Id="100" Name="createCaptain">
<Header>
<Loc EndOffset="1098" SrcFileId="3" StartOffset="1055"/>
</Header>
<LocList>
<Loc EndOffset="1197" SrcFileId="3" StartOffset="1055"/>
</LocList>
<StmntSeq Intrnl_Id="101">
<LocList>
<Loc EndOffset="1143" SrcFileId="3" StartOffset="1104"/>
<Loc EndOffset="1174" SrcFileId="3" StartOffset="1147"/>
<Loc EndOffset="1193" SrcFileId="3" StartOffset="1178"/>
</LocList>
<BasicStmnt CovItemId="S23" CovItemPrefix="game.PieceFactory.java" Intrnl_Id="102">
<LocList>
<Loc EndOffset="1143" SrcFileId="3" StartOffset="1104"/>
</LocList>
</BasicStmnt>
<BasicStmnt CovItemId="S24" CovItemPrefix="game.PieceFactory.java" Intrnl_Id="103">
<LocList>
<Loc EndOffset="1174" SrcFileId="3" StartOffset="1147"/>
</LocList>
</BasicStmnt>
<BasicStmnt CovItemId="S25" CovItemPrefix="game.PieceFactory.java" Intrnl_Id="104">
<LocList>
<Loc EndOffset="1193" SrcFileId="3" StartOffset="1178"/>
</LocList>
</BasicStmnt>
</StmntSeq>
</HierarchyLvl>
<HierarchyLvl HierarchyLvlId="1056" HierarchyLvlTypeId="17" Intrnl_Id="105" Name="createLieutenant">
<Header>
<Loc EndOffset="1248" SrcFileId="3" StartOffset="1202"/>
</Header>
<LocList>
<Loc EndOffset="1345" SrcFileId="3" StartOffset="1202"/>
</LocList>
<StmntSeq Intrnl_Id="106">
<LocList>
<Loc EndOffset="1293" SrcFileId="3" StartOffset="1254"/>
<Loc EndOffset="1322" SrcFileId="3" StartOffset="1297"/>
<Loc EndOffset="1341" SrcFileId="3" StartOffset="1326"/>
</LocList>
<BasicStmnt CovItemId="S26" CovItemPrefix="game.PieceFactory.java" Intrnl_Id="107">
<LocList>
<Loc EndOffset="1293" SrcFileId="3" StartOffset="1254"/>
</LocList>
</BasicStmnt>
<BasicStmnt CovItemId="S27" CovItemPrefix="game.PieceFactory.java" Intrnl_Id="108">
<LocList>
<Loc EndOffset="1322" SrcFileId="3" StartOffset="1297"/>
</LocList>
</BasicStmnt>
<BasicStmnt CovItemId="S28" CovItemPrefix="game.PieceFactory.java" Intrnl_Id="109">
<LocList>
<Loc EndOffset="1341" SrcFileId="3" StartOffset="1326"/>
</LocList>
</BasicStmnt>
</StmntSeq>
</HierarchyLvl>
<HierarchyLvl HierarchyLvlId="1057" HierarchyLvlTypeId="17" Intrnl_Id="110" Name="createSergeant">
<Header>
<Loc EndOffset="1394" SrcFileId="3" StartOffset="1350"/>
</Header>
<LocList>
<Loc EndOffset="1494" SrcFileId="3" StartOffset="1350"/>
</LocList>
<StmntSeq Intrnl_Id="111">
<LocList>
<Loc EndOffset="1439" SrcFileId="3" StartOffset="1400"/>
<Loc EndOffset="1471" SrcFileId="3" StartOffset="1443"/>
<Loc EndOffset="1490" SrcFileId="3" StartOffset="1475"/>
</LocList>
<BasicStmnt CovItemId="S29" CovItemPrefix="game.PieceFactory.java" Intrnl_Id="112">
<LocList>
<Loc EndOffset="1439" SrcFileId="3" StartOffset="1400"/>
</LocList>
</BasicStmnt>
<BasicStmnt CovItemId="S30" CovItemPrefix="game.PieceFactory.java" Intrnl_Id="113">
<LocList>
<Loc EndOffset="1471" SrcFileId="3" StartOffset="1443"/>
</LocList>
</BasicStmnt>
<BasicStmnt CovItemId="S31" CovItemPrefix="game.PieceFactory.java" Intrnl_Id="114">
<LocList>
<Loc EndOffset="1490" SrcFileId="3" StartOffset="1475"/>
</LocList>
</BasicStmnt>
</StmntSeq>
</HierarchyLvl>
<HierarchyLvl HierarchyLvlId="1058" HierarchyLvlTypeId="17" Intrnl_Id="115" Name="createMiner">
<Header>
<Loc EndOffset="1540" SrcFileId="3" StartOffset="1499"/>
</Header>
<LocList>
<Loc EndOffset="1637" SrcFileId="3" StartOffset="1499"/>
</LocList>
<StmntSeq Intrnl_Id="116">
<LocList>
<Loc EndOffset="1585" SrcFileId="3" StartOffset="1546"/>
<Loc EndOffset="1614" SrcFileId="3" StartOffset="1589"/>
<Loc EndOffset="1633" SrcFileId="3" StartOffset="1618"/>
</LocList>
<BasicStmnt CovItemId="S32" CovItemPrefix="game.PieceFactory.java" Intrnl_Id="117">
<LocList>
<Loc EndOffset="1585" SrcFileId="3" StartOffset="1546"/>
</LocList>
</BasicStmnt>
<BasicStmnt CovItemId="S33" CovItemPrefix="game.PieceFactory.java" Intrnl_Id="118">
<LocList>
<Loc EndOffset="1614" SrcFileId="3" StartOffset="1589"/>
</LocList>
</BasicStmnt>
<BasicStmnt CovItemId="S34" CovItemPrefix="game.PieceFactory.java" Intrnl_Id="119">
<LocList>
<Loc EndOffset="1633" SrcFileId="3" StartOffset="1618"/>
</LocList>
</BasicStmnt>
</StmntSeq>
</HierarchyLvl>
<HierarchyLvl HierarchyLvlId="1059" HierarchyLvlTypeId="17" Intrnl_Id="120" Name="createScout">
<Header>
<Loc EndOffset="1683" SrcFileId="3" StartOffset="1642"/>
</Header>
<LocList>
<Loc EndOffset="1780" SrcFileId="3" StartOffset="1642"/>
</LocList>
<StmntSeq Intrnl_Id="121">
<LocList>
<Loc EndOffset="1728" SrcFileId="3" StartOffset="1689"/>
<Loc EndOffset="1757" SrcFileId="3" StartOffset="1732"/>
<Loc EndOffset="1776" SrcFileId="3" StartOffset="1761"/>
</LocList>
<BasicStmnt CovItemId="S35" CovItemPrefix="game.PieceFactory.java" Intrnl_Id="122">
<LocList>
<Loc EndOffset="1728" SrcFileId="3" StartOffset="1689"/>
</LocList>
</BasicStmnt>
<BasicStmnt CovItemId="S36" CovItemPrefix="game.PieceFactory.java" Intrnl_Id="123">
<LocList>
<Loc EndOffset="1757" SrcFileId="3" StartOffset="1732"/>
</LocList>
</BasicStmnt>
<BasicStmnt CovItemId="S37" CovItemPrefix="game.PieceFactory.java" Intrnl_Id="124">
<LocList>
<Loc EndOffset="1776" SrcFileId="3" StartOffset="1761"/>
</LocList>
</BasicStmnt>
</StmntSeq>
</HierarchyLvl>
</HierarchyLvl>
<HierarchyLvl HierarchyLvlId="1067" HierarchyLvlTypeId="16" Intrnl_Id="125" Name="Obstacle">
<Header>
<Loc EndOffset="129" SrcFileId="4" StartOffset="86"/>
</Header>
<LocList>
<Loc EndOffset="650" SrcFileId="4" StartOffset="86"/>
</LocList>
<HierarchyLvl HierarchyLvlId="1061" HierarchyLvlTypeId="17" Intrnl_Id="126" Name="actionPerformed">
<Header>
<Loc EndOffset="191" SrcFileId="4" StartOffset="137"/>
</Header>
<LocList>
<Loc EndOffset="239" SrcFileId="4" StartOffset="137"/>
</LocList>
</HierarchyLvl>
<HierarchyLvl HierarchyLvlId="1062" HierarchyLvlTypeId="17" Intrnl_Id="127" Name="setSelected">
<Header>
<Loc EndOffset="297" SrcFileId="4" StartOffset="244"/>
</Header>
<LocList>
<Loc EndOffset="345" SrcFileId="4" StartOffset="244"/>
</LocList>
</HierarchyLvl>
<HierarchyLvl HierarchyLvlId="1063" HierarchyLvlTypeId="17" Intrnl_Id="128" Name="hide">
<Header>
<Loc EndOffset="380" SrcFileId="4" StartOffset="350"/>
</Header>
<LocList>
<Loc EndOffset="428" SrcFileId="4" StartOffset="350"/>
</LocList>
</HierarchyLvl>
<HierarchyLvl HierarchyLvlId="1064" HierarchyLvlTypeId="17" Intrnl_Id="129" Name="show">
<Header>
<Loc EndOffset="463" SrcFileId="4" StartOffset="433"/>
</Header>
<LocList>
<Loc EndOffset="511" SrcFileId="4" StartOffset="433"/>
</LocList>
</HierarchyLvl>
<HierarchyLvl HierarchyLvlId="1065" HierarchyLvlTypeId="17" Intrnl_Id="130" Name="setOwner">
<Header>
<Loc EndOffset="557" SrcFileId="4" StartOffset="517"/>
</Header>
<LocList>
<Loc EndOffset="585" SrcFileId="4" StartOffset="517"/>
</LocList>
<StmntSeq Intrnl_Id="131">
<LocList>
<Loc EndOffset="581" SrcFileId="4" StartOffset="563"/>
</LocList>
<BasicStmnt CovItemId="S1" CovItemPrefix="game.Obstacle.java" Intrnl_Id="132">
<LocList>
<Loc EndOffset="581" SrcFileId="4" StartOffset="563"/>
</LocList>
</BasicStmnt>
</StmntSeq>
</HierarchyLvl>
<HierarchyLvl HierarchyLvlId="1066" HierarchyLvlTypeId="17" Intrnl_Id="133" Name="getOwner">
<Header>
<Loc EndOffset="625" SrcFileId="4" StartOffset="591"/>
</Header>
<LocList>
<Loc EndOffset="647" SrcFileId="4" StartOffset="591"/>
</LocList>
<StmntSeq Intrnl_Id="134">
<LocList>
<Loc EndOffset="643" SrcFileId="4" StartOffset="631"/>
</LocList>
<BasicStmnt CovItemId="S2" CovItemPrefix="game.Obstacle.java" Intrnl_Id="135">
<LocList>
<Loc EndOffset="643" SrcFileId="4" StartOffset="631"/>
</LocList>
</BasicStmnt>
</StmntSeq>
</HierarchyLvl>
</HierarchyLvl>
<HierarchyLvl HierarchyLvlId="1070" HierarchyLvlTypeId="19" Intrnl_Id="136" Name="IPieceObserver">
<Header>
<Loc EndOffset="163" SrcFileId="5" StartOffset="132"/>
</Header>
<LocList>
<Loc EndOffset="287" SrcFileId="5" StartOffset="132"/>
</LocList>
<HierarchyLvl HierarchyLvlId="1068" HierarchyLvlTypeId="17" Intrnl_Id="137" Name="selectedButtonPressed">
<Header>
<Loc EndOffset="223" SrcFileId="5" StartOffset="170"/>
</Header>
<LocList>
<Loc EndOffset="224" SrcFileId="5" StartOffset="170"/>
</LocList>
</HierarchyLvl>
<HierarchyLvl HierarchyLvlId="1069" HierarchyLvlTypeId="17" Intrnl_Id="138" Name="nonSelectedButtonPressed">
<Header>
<Loc EndOffset="283" SrcFileId="5" StartOffset="227"/>
</Header>
<LocList>
<Loc EndOffset="284" SrcFileId="5" StartOffset="227"/>
</LocList>
</HierarchyLvl>
</HierarchyLvl>
<HierarchyLvl HierarchyLvlId="1083" HierarchyLvlTypeId="19" Intrnl_Id="139" Name="IPiece">
<Header>
<Loc EndOffset="97" SrcFileId="6" StartOffset="74"/>
</Header>
<LocList>
<Loc EndOffset="597" SrcFileId="6" StartOffset="74"/>
</LocList>
<HierarchyLvl HierarchyLvlId="1071" HierarchyLvlTypeId="17" Intrnl_Id="140" Name="isSelected">
<Header>
<Loc EndOffset="129" SrcFileId="6" StartOffset="102"/>
</Header>
<LocList>
<Loc EndOffset="130" SrcFileId="6" StartOffset="102"/>
</LocList>
</HierarchyLvl>
<HierarchyLvl HierarchyLvlId="1072" HierarchyLvlTypeId="17" Intrnl_Id="141" Name="setSelected">
<Header>
<Loc EndOffset="174" SrcFileId="6" StartOffset="133"/>
</Header>
<LocList>
<Loc EndOffset="175" SrcFileId="6" StartOffset="133"/>
</LocList>
</HierarchyLvl>
<HierarchyLvl HierarchyLvlId="1073" HierarchyLvlTypeId="17" Intrnl_Id="142" Name="hide">
<Header>
<Loc EndOffset="196" SrcFileId="6" StartOffset="178"/>
</Header>
<LocList>
<Loc EndOffset="197" SrcFileId="6" StartOffset="178"/>
</LocList>
</HierarchyLvl>
<HierarchyLvl HierarchyLvlId="1074" HierarchyLvlTypeId="17" Intrnl_Id="143" Name="show">
<Header>
<Loc EndOffset="218" SrcFileId="6" StartOffset="200"/>
</Header>
<LocList>
<Loc EndOffset="219" SrcFileId="6" StartOffset="200"/>
</LocList>
</HierarchyLvl>
<HierarchyLvl HierarchyLvlId="1075" HierarchyLvlTypeId="17" Intrnl_Id="144" Name="setObserver">
<Header>
<Loc EndOffset="270" SrcFileId="6" StartOffset="222"/>
</Header>
<LocList>
<Loc EndOffset="271" SrcFileId="6" StartOffset="222"/>
</LocList>
</HierarchyLvl>
<HierarchyLvl HierarchyLvlId="1076" HierarchyLvlTypeId="17" Intrnl_Id="145" Name="setLocation">
<Header>
<Loc EndOffset="313" SrcFileId="6" StartOffset="274"/>
</Header>
<LocList>
<Loc EndOffset="314" SrcFileId="6" StartOffset="274"/>
</LocList>
</HierarchyLvl>
<HierarchyLvl HierarchyLvlId="1077" HierarchyLvlTypeId="17" Intrnl_Id="146" Name="getLocation">
<Header>
<Loc EndOffset="343" SrcFileId="6" StartOffset="317"/>
</Header>
<LocList>
<Loc EndOffset="344" SrcFileId="6" StartOffset="317"/>
</LocList>
</HierarchyLvl>
<HierarchyLvl HierarchyLvlId="1078" HierarchyLvlTypeId="17" Intrnl_Id="147" Name="getOwner">
<Header>
<Loc EndOffset="369" SrcFileId="6" StartOffset="347"/>
</Header>
<LocList>
<Loc EndOffset="370" SrcFileId="6" StartOffset="347"/>
</LocList>
</HierarchyLvl>
<HierarchyLvl HierarchyLvlId="1079" HierarchyLvlTypeId="17" Intrnl_Id="148" Name="setOwner">
<Header>
<Loc EndOffset="405" SrcFileId="6" StartOffset="373"/>
</Header>
<LocList>
<Loc EndOffset="406" SrcFileId="6" StartOffset="373"/>
</LocList>
</HierarchyLvl>
<HierarchyLvl HierarchyLvlId="1080" HierarchyLvlTypeId="17" Intrnl_Id="149" Name="setName">
<Header>
<Loc EndOffset="441" SrcFileId="6" StartOffset="409"/>
</Header>
<LocList>
<Loc EndOffset="442" SrcFileId="6" StartOffset="409"/>
</LocList>
</HierarchyLvl>
<HierarchyLvl HierarchyLvlId="1081" HierarchyLvlTypeId="17" Intrnl_Id="150" Name="getName">
<Header>
<Loc EndOffset="468" SrcFileId="6" StartOffset="445"/>
</Header>
<LocList>
<Loc EndOffset="469" SrcFileId="6" StartOffset="445"/>
</LocList>
</HierarchyLvl>
<HierarchyLvl HierarchyLvlId="1082" HierarchyLvlTypeId="17" Intrnl_Id="151" Name="getRank">
<Header>
<Loc EndOffset="492" SrcFileId="6" StartOffset="472"/>
</Header>
<LocList>
<Loc EndOffset="493" SrcFileId="6" StartOffset="472"/>
</LocList>
</HierarchyLvl>
</HierarchyLvl>
<HierarchyLvl HierarchyLvlId="1085" HierarchyLvlTypeId="16" Intrnl_Id="152" Name="GameBoardFrame">
<Header>
<Loc EndOffset="201" SrcFileId="7" StartOffset="159"/>
</Header>
<LocList>
<Loc EndOffset="563" SrcFileId="7" StartOffset="159"/>
</LocList>
<HierarchyLvl HierarchyLvlId="1084" HierarchyLvlTypeId="17" Intrnl_Id="153" Name="GameBoardFrame">
<Header>
<Loc EndOffset="270" SrcFileId="7" StartOffset="237"/>
</Header>
<LocList>
<Loc EndOffset="560" SrcFileId="7" StartOffset="237"/>
</LocList>
<StmntSeq Intrnl_Id="154">
<LocList>
<Loc EndOffset="328" SrcFileId="7" StartOffset="276"/>
<Loc EndOffset="399" SrcFileId="7" StartOffset="332"/>
<Loc EndOffset="455" SrcFileId="7" StartOffset="403"/>
<Loc EndOffset="490" SrcFileId="7" StartOffset="459"/>
<Loc EndOffset="510" SrcFileId="7" StartOffset="494"/>
<Loc EndOffset="536" SrcFileId="7" StartOffset="514"/>
<Loc EndOffset="556" SrcFileId="7" StartOffset="540"/>
</LocList>
<BasicStmnt CovItemId="S1" CovItemPrefix="game.GameBoardFrame.java" Intrnl_Id="155">
<LocList>
<Loc EndOffset="328" SrcFileId="7" StartOffset="276"/>
</LocList>
</BasicStmnt>
<BasicStmnt CovItemId="S2" CovItemPrefix="game.GameBoardFrame.java" Intrnl_Id="156">
<LocList>
<Loc EndOffset="399" SrcFileId="7" StartOffset="332"/>
</LocList>
</BasicStmnt>
<BasicStmnt CovItemId="S3" CovItemPrefix="game.GameBoardFrame.java" Intrnl_Id="157">
<LocList>
<Loc EndOffset="455" SrcFileId="7" StartOffset="403"/>
</LocList>
</BasicStmnt>
<BasicStmnt CovItemId="S4" CovItemPrefix="game.GameBoardFrame.java" Intrnl_Id="158">
<LocList>
<Loc EndOffset="490" SrcFileId="7" StartOffset="459"/>
</LocList>
</BasicStmnt>
<BasicStmnt CovItemId="S5" CovItemPrefix="game.GameBoardFrame.java" Intrnl_Id="159">
<LocList>
<Loc EndOffset="510" SrcFileId="7" StartOffset="494"/>
</LocList>
</BasicStmnt>
<BasicStmnt CovItemId="S6" CovItemPrefix="game.GameBoardFrame.java" Intrnl_Id="160">
<LocList>
<Loc EndOffset="536" SrcFileId="7" StartOffset="514"/>
</LocList>
</BasicStmnt>
<BasicStmnt CovItemId="S7" CovItemPrefix="game.GameBoardFrame.java" Intrnl_Id="161">
<LocList>
<Loc EndOffset="556" SrcFileId="7" StartOffset="540"/>
</LocList>
</BasicStmnt>
</StmntSeq>
</HierarchyLvl>
</HierarchyLvl>
<HierarchyLvl HierarchyLvlId="1095" HierarchyLvlTypeId="16" Intrnl_Id="162" Name="GameBoard">
<Header>
<Loc EndOffset="257" SrcFileId="8" StartOffset="194"/>
</Header>
<LocList>
<Loc EndOffset="264" SrcFileId="8" StartOffset="194"/>
<Loc EndOffset="5837" SrcFileId="8" StartOffset="306"/>
</LocList>
<StmntSeq Intrnl_Id="163">
<LocList>
<Loc EndOffset="376" SrcFileId="8" StartOffset="310"/>
</LocList>
<BasicStmnt CovItemId="S1" CovItemPrefix="game.GameBoard.java" Intrnl_Id="164">
<LocList>
<Loc EndOffset="376" SrcFileId="8" StartOffset="310"/>
</LocList>
</BasicStmnt>
</StmntSeq>
<HierarchyLvl HierarchyLvlId="1086" HierarchyLvlTypeId="14" Intrnl_Id="165" Name="User">
<Header>
<Loc EndOffset="287" SrcFileId="8" StartOffset="264"/>
</Header>
<LocList>
<Loc EndOffset="306" SrcFileId="8" StartOffset="264"/>
</LocList>
</HierarchyLvl>
<HierarchyLvl HierarchyLvlId="1087" HierarchyLvlTypeId="17" Intrnl_Id="166" Name="GameBoard">
<Header>
<Loc EndOffset="538" SrcFileId="8" StartOffset="510"/>
</Header>
<LocList>
<Loc EndOffset="1601" SrcFileId="8" StartOffset="510"/>
</LocList>
<StmntSeq Intrnl_Id="167">
<LocList>
<Loc EndOffset="552" SrcFileId="8" StartOffset="544"/>
<Loc EndOffset="575" SrcFileId="8" StartOffset="556"/>
<Loc EndOffset="614" SrcFileId="8" StartOffset="579"/>
<Loc EndOffset="647" SrcFileId="8" StartOffset="618"/>
<Loc EndOffset="674" SrcFileId="8" StartOffset="651"/>
<Loc EndOffset="866" SrcFileId="8" StartOffset="678"/>
<Loc EndOffset="1203" SrcFileId="8" StartOffset="870"/>
<Loc EndOffset="1595" SrcFileId="8" StartOffset="1250"/>
</LocList>
<BasicStmnt CovItemId="S2" CovItemPrefix="game.GameBoard.java" Intrnl_Id="168">
<LocList>
<Loc EndOffset="552" SrcFileId="8" StartOffset="544"/>
</LocList>
</BasicStmnt>
<BasicStmnt CovItemId="S3" CovItemPrefix="game.GameBoard.java" Intrnl_Id="169">
<LocList>
<Loc EndOffset="575" SrcFileId="8" StartOffset="556"/>
</LocList>
</BasicStmnt>
<BasicStmnt CovItemId="S4" CovItemPrefix="game.GameBoard.java" Intrnl_Id="170">
<LocList>
<Loc EndOffset="614" SrcFileId="8" StartOffset="579"/>
</LocList>
</BasicStmnt>
<BasicStmnt CovItemId="S5" CovItemPrefix="game.GameBoard.java" Intrnl_Id="171">
<LocList>
<Loc EndOffset="647" SrcFileId="8" StartOffset="618"/>
</LocList>
</BasicStmnt>
<BasicStmnt CovItemId="S6" CovItemPrefix="game.GameBoard.java" Intrnl_Id="172">
<LocList>
<Loc EndOffset="674" SrcFileId="8" StartOffset="651"/>
</LocList>
</BasicStmnt>
<LoopStmnt CovItemId="S7" CovItemPrefix="game.GameBoard.java" Intrnl_Id="173" MltplExecId="L1-2" MltplExecPrefix="game.GameBoard.java" NvrExecId="L1-0" NvrExecPrefix="game.GameBoard.java" OnceExecutedId="L1-1" OnceExecutedPrefix="game.GameBoard.java" OptBodyExec="true">
<StmntSeq Intrnl_Id="174">
<LocList>
<Loc EndOffset="861" SrcFileId="8" StartOffset="713"/>
</LocList>
<LoopStmnt CovItemId="S8" CovItemPrefix="game.GameBoard.java" Intrnl_Id="175" MltplExecId="L2-2" MltplExecPrefix="game.GameBoard.java" NvrExecId="L2-0" NvrExecPrefix="game.GameBoard.java" OnceExecutedId="L2-1" OnceExecutedPrefix="game.GameBoard.java" OptBodyExec="true">
<StmntSeq Intrnl_Id="176">
<LocList>
<Loc EndOffset="820" SrcFileId="8" StartOffset="749"/>
<Loc EndOffset="849" SrcFileId="8" StartOffset="826"/>
</LocList>
<BasicStmnt CovItemId="S9" CovItemPrefix="game.GameBoard.java" Intrnl_Id="177">
<LocList>
<Loc EndOffset="820" SrcFileId="8" StartOffset="749"/>
</LocList>
</BasicStmnt>
<BasicStmnt CovItemId="S10" CovItemPrefix="game.GameBoard.java" Intrnl_Id="178">
<LocList>
<Loc EndOffset="849" SrcFileId="8" StartOffset="826"/>
</LocList>
</BasicStmnt>
</StmntSeq>
<Keyword EndOffset="716" SrcFileId="8" StartOffset="713"/>
<LocList>
<Loc EndOffset="861" SrcFileId="8" StartOffset="713"/>
</LocList>
<RootTerm CovItemId="C2" CovItemPrefix="game.GameBoard.java" Intrnl_Id="179">
<BasicBoolTerm Intrnl_Id="180">
<LocList>
<Loc EndOffset="735" SrcFileId="8" StartOffset="729"/>
</LocList>
</BasicBoolTerm>
</RootTerm>
</LoopStmnt>
</StmntSeq>
<Keyword EndOffset="681" SrcFileId="8" StartOffset="678"/>
<LocList>
<Loc EndOffset="866" SrcFileId="8" StartOffset="678"/>
</LocList>
<RootTerm CovItemId="C1" CovItemPrefix="game.GameBoard.java" Intrnl_Id="181">
<BasicBoolTerm Intrnl_Id="182">
<LocList>
<Loc EndOffset="700" SrcFileId="8" StartOffset="694"/>
</LocList>
</BasicBoolTerm>
</RootTerm>
</LoopStmnt>
<LoopStmnt CovItemId="S11" CovItemPrefix="game.GameBoard.java" Intrnl_Id="183" MltplExecId="L3-2" MltplExecPrefix="game.GameBoard.java" NvrExecId="L3-0" NvrExecPrefix="game.GameBoard.java" OnceExecutedId="L3-1" OnceExecutedPrefix="game.GameBoard.java" OptBodyExec="true">
<StmntSeq Intrnl_Id="184">
<LocList>
<Loc EndOffset="955" SrcFileId="8" StartOffset="905"/>
<Loc EndOffset="1058" SrcFileId="8" StartOffset="960"/>
<Loc EndOffset="1134" SrcFileId="8" StartOffset="1063"/>
<Loc EndOffset="1165" SrcFileId="8" StartOffset="1139"/>
<Loc EndOffset="1193" SrcFileId="8" StartOffset="1170"/>
</LocList>
<BasicStmnt CovItemId="S12" CovItemPrefix="game.GameBoard.java" Intrnl_Id="185">
<LocList>
<Loc EndOffset="955" SrcFileId="8" StartOffset="905"/>
</LocList>
</BasicStmnt>
<CondStmnt CovItemId="S13" CovItemPrefix="game.GameBoard.java" Intrnl_Id="186">
<Branch CovItemId="B1" CovItemPrefix="game.GameBoard.java" Implct="false" Intrnl_Id="187">
<Cond/>
<LocList>
<Loc EndOffset="1014" SrcFileId="8" StartOffset="976"/>
</LocList>
<StmntSeq Intrnl_Id="188">
<LocList>
<Loc EndOffset="1008" SrcFileId="8" StartOffset="983"/>
</LocList>
<BasicStmnt CovItemId="S14" CovItemPrefix="game.GameBoard.java" Intrnl_Id="189">
<LocList>
<Loc EndOffset="1008" SrcFileId="8" StartOffset="983"/>
</LocList>
</BasicStmnt>
</StmntSeq>
</Branch>
<Branch CovItemId="B2" CovItemPrefix="game.GameBoard.java" Implct="false" Intrnl_Id="190">
<Cond>
<Loc EndOffset="1019" SrcFileId="8" StartOffset="1015"/>
</Cond>
<LocList>
<Loc EndOffset="1058" SrcFileId="8" StartOffset="1020"/>
</LocList>
<StmntSeq Intrnl_Id="191">
<LocList>
<Loc EndOffset="1052" SrcFileId="8" StartOffset="1027"/>
</LocList>
<BasicStmnt CovItemId="S15" CovItemPrefix="game.GameBoard.java" Intrnl_Id="192">
<LocList>
<Loc EndOffset="1052" SrcFileId="8" StartOffset="1027"/>
</LocList>
</BasicStmnt>
</StmntSeq>
</Branch>
<Keyword EndOffset="962" SrcFileId="8" StartOffset="960"/>
<LocList>
<Loc EndOffset="1058" SrcFileId="8" StartOffset="960"/>
</LocList>
<RootTerm CovItemId="C4" CovItemPrefix="game.GameBoard.java" Intrnl_Id="193">
<BasicBoolTerm Intrnl_Id="194">
<LocList>
<Loc EndOffset="974" SrcFileId="8" StartOffset="964"/>
</LocList>
</BasicBoolTerm>
</RootTerm>
</CondStmnt>
<CondStmnt CovItemId="S16" CovItemPrefix="game.GameBoard.java" Intrnl_Id="195">
<Branch CovItemId="B3" CovItemPrefix="game.GameBoard.java" Implct="false" Intrnl_Id="196">
<Cond/>
<LocList>
<Loc EndOffset="1134" SrcFileId="8" StartOffset="1094"/>
</LocList>
<StmntSeq Intrnl_Id="197">
<LocList>
<Loc EndOffset="1128" SrcFileId="8" StartOffset="1101"/>
</LocList>
<BasicStmnt CovItemId="S17" CovItemPrefix="game.GameBoard.java" Intrnl_Id="198">
<LocList>
<Loc EndOffset="1128" SrcFileId="8" StartOffset="1101"/>
</LocList>
</BasicStmnt>
</StmntSeq>
</Branch>
<Branch CovItemId="B4" CovItemPrefix="game.GameBoard.java" Implct="true" Intrnl_Id="199">
<Cond/>
<LocList/>
<StmntSeq Intrnl_Id="200">
<LocList/>
</StmntSeq>
</Branch>
<Keyword EndOffset="1065" SrcFileId="8" StartOffset="1063"/>
<LocList>
<Loc EndOffset="1134" SrcFileId="8" StartOffset="1063"/>
</LocList>
<RootTerm CovItemId="C5" CovItemPrefix="game.GameBoard.java" Intrnl_Id="201">
<BasicBoolTerm Intrnl_Id="202">
<LocList>
<Loc EndOffset="1092" SrcFileId="8" StartOffset="1066"/>
</LocList>
</BasicBoolTerm>
</RootTerm>
</CondStmnt>
<BasicStmnt CovItemId="S18" CovItemPrefix="game.GameBoard.java" Intrnl_Id="203">
<LocList>
<Loc EndOffset="1165" SrcFileId="8" StartOffset="1139"/>
</LocList>
</BasicStmnt>
<BasicStmnt CovItemId="S19" CovItemPrefix="game.GameBoard.java" Intrnl_Id="204">
<LocList>
<Loc EndOffset="1193" SrcFileId="8" StartOffset="1170"/>
</LocList>
</BasicStmnt>
</StmntSeq>
<Keyword EndOffset="873" SrcFileId="8" StartOffset="870"/>
<LocList>
<Loc EndOffset="1203" SrcFileId="8" StartOffset="870"/>
</LocList>
<RootTerm CovItemId="C3" CovItemPrefix="game.GameBoard.java" Intrnl_Id="205">
<BasicBoolTerm Intrnl_Id="206">
<LocList>
<Loc EndOffset="892" SrcFileId="8" StartOffset="886"/>
</LocList>
</BasicBoolTerm>
</RootTerm>
</LoopStmnt>
<LoopStmnt CovItemId="S20" CovItemPrefix="game.GameBoard.java" Intrnl_Id="207" MltplExecId="L4-2" MltplExecPrefix="game.GameBoard.java" NvrExecId="L4-0" NvrExecPrefix="game.GameBoard.java" OnceExecutedId="L4-1" OnceExecutedPrefix="game.GameBoard.java" OptBodyExec="true">
<StmntSeq Intrnl_Id="208">
<LocList>
<Loc EndOffset="1313" SrcFileId="8" StartOffset="1284"/>
<Loc EndOffset="1348" SrcFileId="8" StartOffset="1318"/>
<Loc EndOffset="1450" SrcFileId="8" StartOffset="1353"/>
<Loc EndOffset="1521" SrcFileId="8" StartOffset="1455"/>
<Loc EndOffset="1556" SrcFileId="8" StartOffset="1526"/>
<Loc EndOffset="1587" SrcFileId="8" StartOffset="1561"/>
</LocList>
<BasicStmnt CovItemId="S21" CovItemPrefix="game.GameBoard.java" Intrnl_Id="209">
<LocList>
<Loc EndOffset="1313" SrcFileId="8" StartOffset="1284"/>
</LocList>
</BasicStmnt>
<BasicStmnt CovItemId="S22" CovItemPrefix="game.GameBoard.java" Intrnl_Id="210">
<LocList>
<Loc EndOffset="1348" SrcFileId="8" StartOffset="1318"/>
</LocList>
</BasicStmnt>
<CondStmnt CovItemId="S23" CovItemPrefix="game.GameBoard.java" Intrnl_Id="211">
<Branch CovItemId="B5" CovItemPrefix="game.GameBoard.java" Implct="false" Intrnl_Id="212">
<Cond/>
<LocList>
<Loc EndOffset="1406" SrcFileId="8" StartOffset="1368"/>
</LocList>
<StmntSeq Intrnl_Id="213">
<LocList>
<Loc EndOffset="1400" SrcFileId="8" StartOffset="1375"/>
</LocList>
<BasicStmnt CovItemId="S24" CovItemPrefix="game.GameBoard.java" Intrnl_Id="214">
<LocList>
<Loc EndOffset="1400" SrcFileId="8" StartOffset="1375"/>
</LocList>
</BasicStmnt>
</StmntSeq>
</Branch>
<Branch CovItemId="B6" CovItemPrefix="game.GameBoard.java" Implct="false" Intrnl_Id="215">
<Cond>
<Loc EndOffset="1411" SrcFileId="8" StartOffset="1407"/>
</Cond>
<LocList>
<Loc EndOffset="1450" SrcFileId="8" StartOffset="1412"/>
</LocList>
<StmntSeq Intrnl_Id="216">
<LocList>
<Loc EndOffset="1444" SrcFileId="8" StartOffset="1419"/>
</LocList>
<BasicStmnt CovItemId="S25" CovItemPrefix="game.GameBoard.java" Intrnl_Id="217">
<LocList>
<Loc EndOffset="1444" SrcFileId="8" StartOffset="1419"/>
</LocList>
</BasicStmnt>
</StmntSeq>
</Branch>
<Keyword EndOffset="1355" SrcFileId="8" StartOffset="1353"/>
<LocList>
<Loc EndOffset="1450" SrcFileId="8" StartOffset="1353"/>
</LocList>
<RootTerm CovItemId="C7" CovItemPrefix="game.GameBoard.java" Intrnl_Id="218">
<BasicBoolTerm Intrnl_Id="219">
<LocList>
<Loc EndOffset="1367" SrcFileId="8" StartOffset="1357"/>
</LocList>
</BasicBoolTerm>
</RootTerm>
</CondStmnt>
<CondStmnt CovItemId="S26" CovItemPrefix="game.GameBoard.java" Intrnl_Id="220">
<Branch CovItemId="B7" CovItemPrefix="game.GameBoard.java" Implct="false" Intrnl_Id="221">
<Cond/>
<LocList>
<Loc EndOffset="1521" SrcFileId="8" StartOffset="1481"/>
</LocList>
<StmntSeq Intrnl_Id="222">
<LocList>
<Loc EndOffset="1515" SrcFileId="8" StartOffset="1488"/>
</LocList>
<BasicStmnt CovItemId="S27" CovItemPrefix="game.GameBoard.java" Intrnl_Id="223">
<LocList>
<Loc EndOffset="1515" SrcFileId="8" StartOffset="1488"/>
</LocList>
</BasicStmnt>
</StmntSeq>
</Branch>
<Branch CovItemId="B8" CovItemPrefix="game.GameBoard.java" Implct="true" Intrnl_Id="224">
<Cond/>
<LocList/>
<StmntSeq Intrnl_Id="225">
<LocList/>
</StmntSeq>
</Branch>
<Keyword EndOffset="1457" SrcFileId="8" StartOffset="1455"/>
<LocList>
<Loc EndOffset="1521" SrcFileId="8" StartOffset="1455"/>
</LocList>
<RootTerm CovItemId="C8" CovItemPrefix="game.GameBoard.java" Intrnl_Id="226">
<BasicBoolTerm Intrnl_Id="227">
<LocList>
<Loc EndOffset="1479" SrcFileId="8" StartOffset="1458"/>
</LocList>
</BasicBoolTerm>
</RootTerm>
</CondStmnt>
<BasicStmnt CovItemId="S28" CovItemPrefix="game.GameBoard.java" Intrnl_Id="228">
<LocList>
<Loc EndOffset="1556" SrcFileId="8" StartOffset="1526"/>
</LocList>
</BasicStmnt>
<BasicStmnt CovItemId="S29" CovItemPrefix="game.GameBoard.java" Intrnl_Id="229">
<LocList>
<Loc EndOffset="1587" SrcFileId="8" StartOffset="1561"/>
</LocList>
</BasicStmnt>
</StmntSeq>
<Keyword EndOffset="1253" SrcFileId="8" StartOffset="1250"/>
<LocList>
<Loc EndOffset="1595" SrcFileId="8" StartOffset="1250"/>
</LocList>
<RootTerm CovItemId="C6" CovItemPrefix="game.GameBoard.java" Intrnl_Id="230">
<BasicBoolTerm Intrnl_Id="231">
<LocList>
<Loc EndOffset="1271" SrcFileId="8" StartOffset="1266"/>
</LocList>
</BasicBoolTerm>
</RootTerm>
</LoopStmnt>
</StmntSeq>
</HierarchyLvl>
<HierarchyLvl HierarchyLvlId="1088" HierarchyLvlTypeId="17" Intrnl_Id="232" Name="addPiece">
<Header>
<Loc EndOffset="1668" SrcFileId="8" StartOffset="1606"/>
</Header>
<LocList>
<Loc EndOffset="1970" SrcFileId="8" StartOffset="1606"/>
</LocList>
<StmntSeq Intrnl_Id="233">
<LocList>
<Loc EndOffset="1722" SrcFileId="8" StartOffset="1674"/>
<Loc EndOffset="1759" SrcFileId="8" StartOffset="1726"/>
<Loc EndOffset="1798" SrcFileId="8" StartOffset="1763"/>
<Loc EndOffset="1837" SrcFileId="8" StartOffset="1802"/>
<Loc EndOffset="1865" SrcFileId="8" StartOffset="1841"/>
<Loc EndOffset="1890" SrcFileId="8" StartOffset="1869"/>
<Loc EndOffset="1906" SrcFileId="8" StartOffset="1894"/>
<Loc EndOffset="1922" SrcFileId="8" StartOffset="1910"/>
<Loc EndOffset="1945" SrcFileId="8" StartOffset="1926"/>
<Loc EndOffset="1966" SrcFileId="8" StartOffset="1949"/>
</LocList>
<BasicStmnt CovItemId="S30" CovItemPrefix="game.GameBoard.java" Intrnl_Id="234">
<LocList>
<Loc EndOffset="1722" SrcFileId="8" StartOffset="1674"/>
</LocList>
</BasicStmnt>
<BasicStmnt CovItemId="S31" CovItemPrefix="game.GameBoard.java" Intrnl_Id="235">
<LocList>
<Loc EndOffset="1759" SrcFileId="8" StartOffset="1726"/>
</LocList>
</BasicStmnt>
<BasicStmnt CovItemId="S32" CovItemPrefix="game.GameBoard.java" Intrnl_Id="236">
<LocList>
<Loc EndOffset="1798" SrcFileId="8" StartOffset="1763"/>
</LocList>
</BasicStmnt>
<BasicStmnt CovItemId="S33" CovItemPrefix="game.GameBoard.java" Intrnl_Id="237">
<LocList>
<Loc EndOffset="1837" SrcFileId="8" StartOffset="1802"/>
</LocList>
</BasicStmnt>
<BasicStmnt CovItemId="S34" CovItemPrefix="game.GameBoard.java" Intrnl_Id="238">
<LocList>
<Loc EndOffset="1865" SrcFileId="8" StartOffset="1841"/>
</LocList>
</BasicStmnt>
<BasicStmnt CovItemId="S35" CovItemPrefix="game.GameBoard.java" Intrnl_Id="239">
<LocList>
<Loc EndOffset="1890" SrcFileId="8" StartOffset="1869"/>
</LocList>
</BasicStmnt>
<BasicStmnt CovItemId="S36" CovItemPrefix="game.GameBoard.java" Intrnl_Id="240">
<LocList>
<Loc EndOffset="1906" SrcFileId="8" StartOffset="1894"/>
</LocList>
</BasicStmnt>
<BasicStmnt CovItemId="S37" CovItemPrefix="game.GameBoard.java" Intrnl_Id="241">
<LocList>
<Loc EndOffset="1922" SrcFileId="8" StartOffset="1910"/>
</LocList>
</BasicStmnt>
<BasicStmnt CovItemId="S38" CovItemPrefix="game.GameBoard.java" Intrnl_Id="242">
<LocList>
<Loc EndOffset="1945" SrcFileId="8" StartOffset="1926"/>
</LocList>
</BasicStmnt>
<BasicStmnt CovItemId="S39" CovItemPrefix="game.GameBoard.java" Intrnl_Id="243">
<LocList>
<Loc EndOffset="1966" SrcFileId="8" StartOffset="1949"/>
</LocList>
</BasicStmnt>
</StmntSeq>
</HierarchyLvl>
<HierarchyLvl HierarchyLvlId="1089" HierarchyLvlTypeId="17" Intrnl_Id="244" Name="selectedButtonPressed">
<Header>
<Loc EndOffset="2040" SrcFileId="8" StartOffset="1975"/>
</Header>
<LocList>
<Loc EndOffset="2566" SrcFileId="8" StartOffset="1975"/>
</LocList>
<StmntSeq Intrnl_Id="245">
<LocList>
<Loc EndOffset="2428" SrcFileId="8" StartOffset="2046"/>
<Loc EndOffset="2537" SrcFileId="8" StartOffset="2432"/>
<Loc EndOffset="2562" SrcFileId="8" StartOffset="2541"/>
</LocList>
<CondStmnt CovItemId="S40" CovItemPrefix="game.GameBoard.java" Intrnl_Id="246">
<Branch CovItemId="B9" CovItemPrefix="game.GameBoard.java" Implct="false" Intrnl_Id="247">
<Cond/>
<LocList>
<Loc EndOffset="2428" SrcFileId="8" StartOffset="2071"/>
</LocList>
<StmntSeq Intrnl_Id="248">
<LocList>
<Loc EndOffset="2423" SrcFileId="8" StartOffset="2077"/>
</LocList>
<CondStmnt CovItemId="S41" CovItemPrefix="game.GameBoard.java" Intrnl_Id="249">
<Branch CovItemId="B11" CovItemPrefix="game.GameBoard.java" Implct="false" Intrnl_Id="250">
<Cond/>
<LocList>
<Loc EndOffset="2188" SrcFileId="8" StartOffset="2142"/>
</LocList>
<StmntSeq Intrnl_Id="251">
<LocList>
<Loc EndOffset="2182" SrcFileId="8" StartOffset="2149"/>
</LocList>
<BasicStmnt CovItemId="S42" CovItemPrefix="game.GameBoard.java" Intrnl_Id="252">
<LocList>
<Loc EndOffset="2182" SrcFileId="8" StartOffset="2149"/>
</LocList>
</BasicStmnt>
</StmntSeq>
</Branch>
<Branch CovItemId="B12" CovItemPrefix="game.GameBoard.java" Implct="false" Intrnl_Id="253">
<Cond>
<Loc EndOffset="2193" SrcFileId="8" StartOffset="2189"/>
</Cond>
<LocList>
<Loc EndOffset="2423" SrcFileId="8" StartOffset="2194"/>
</LocList>
<StmntSeq Intrnl_Id="254">
<LocList>
<Loc EndOffset="2423" SrcFileId="8" StartOffset="2194"/>
</LocList>
<CondStmnt CovItemId="S43" CovItemPrefix="game.GameBoard.java" Intrnl_Id="255">
<Branch CovItemId="B13" CovItemPrefix="game.GameBoard.java" Implct="false" Intrnl_Id="256">
<Cond/>
<LocList>
<Loc EndOffset="2338" SrcFileId="8" StartOffset="2263"/>
</LocList>
<StmntSeq Intrnl_Id="257">
<LocList>
<Loc EndOffset="2332" SrcFileId="8" StartOffset="2270"/>
</LocList>
<BasicStmnt CovItemId="S44" CovItemPrefix="game.GameBoard.java" Intrnl_Id="258">
<LocList>
<Loc EndOffset="2332" SrcFileId="8" StartOffset="2270"/>
</LocList>
</BasicStmnt>
</StmntSeq>
</Branch>
<Branch CovItemId="B14" CovItemPrefix="game.GameBoard.java" Implct="false" Intrnl_Id="259">
<Cond>
<Loc EndOffset="2343" SrcFileId="8" StartOffset="2339"/>
</Cond>
<LocList>
<Loc EndOffset="2423" SrcFileId="8" StartOffset="2344"/>
</LocList>
<StmntSeq Intrnl_Id="260">
<LocList>
<Loc EndOffset="2417" SrcFileId="8" StartOffset="2351"/>
</LocList>
<BasicStmnt CovItemId="S45" CovItemPrefix="game.GameBoard.java" Intrnl_Id="261">
<LocList>
<Loc EndOffset="2417" SrcFileId="8" StartOffset="2351"/>
</LocList>
</BasicStmnt>
</StmntSeq>
</Branch>
<Keyword EndOffset="2196" SrcFileId="8" StartOffset="2194"/>
<LocList>
<Loc EndOffset="2423" SrcFileId="8" StartOffset="2194"/>
</LocList>
<RootTerm CovItemId="C11" CovItemPrefix="game.GameBoard.java" Intrnl_Id="262">
<BasicBoolTerm Intrnl_Id="263">
<LocList>
<Loc EndOffset="2261" SrcFileId="8" StartOffset="2198"/>
</LocList>
</BasicBoolTerm>
</RootTerm>
</CondStmnt>
</StmntSeq>
</Branch>
<Keyword EndOffset="2079" SrcFileId="8" StartOffset="2077"/>
<LocList>
<Loc EndOffset="2423" SrcFileId="8" StartOffset="2077"/>
</LocList>
<RootTerm CovItemId="C10" CovItemPrefix="game.GameBoard.java" Intrnl_Id="264">
<BasicBoolTerm Intrnl_Id="265">
<LocList>
<Loc EndOffset="2140" SrcFileId="8" StartOffset="2080"/>
</LocList>
</BasicBoolTerm>
</RootTerm>
</CondStmnt>
</StmntSeq>
</Branch>
<Branch CovItemId="B10" CovItemPrefix="game.GameBoard.java" Implct="true" Intrnl_Id="266">
<Cond/>
<LocList/>
<StmntSeq Intrnl_Id="267">
<LocList/>
</StmntSeq>
</Branch>
<Keyword EndOffset="2048" SrcFileId="8" StartOffset="2046"/>
<LocList>
<Loc EndOffset="2428" SrcFileId="8" StartOffset="2046"/>
</LocList>
<RootTerm CovItemId="C9" CovItemPrefix="game.GameBoard.java" Intrnl_Id="268">
<BasicBoolTerm Intrnl_Id="269">
<LocList>
<Loc EndOffset="2069" SrcFileId="8" StartOffset="2049"/>
</LocList>
</BasicBoolTerm>
</RootTerm>
</CondStmnt>
<LoopStmnt CovItemId="S46" CovItemPrefix="game.GameBoard.java" Intrnl_Id="270" MltplExecId="L5-2" MltplExecPrefix="game.GameBoard.java" NvrExecId="L5-0" NvrExecPrefix="game.GameBoard.java" OnceExecutedId="L5-1" OnceExecutedPrefix="game.GameBoard.java" OptBodyExec="true">
<StmntSeq Intrnl_Id="271">
<LocList>
<Loc EndOffset="2532" SrcFileId="8" StartOffset="2472"/>
</LocList>
<LoopStmnt CovItemId="S47" CovItemPrefix="game.GameBoard.java" Intrnl_Id="272" MltplExecId="L6-2" MltplExecPrefix="game.GameBoard.java" NvrExecId="L6-0" NvrExecPrefix="game.GameBoard.java" OnceExecutedId="L6-1" OnceExecutedPrefix="game.GameBoard.java" OptBodyExec="true">
<StmntSeq Intrnl_Id="273">
<LocList>
<Loc EndOffset="2526" SrcFileId="8" StartOffset="2505"/>
</LocList>
<BasicStmnt CovItemId="S48" CovItemPrefix="game.GameBoard.java" Intrnl_Id="274">
<LocList>
<Loc EndOffset="2526" SrcFileId="8" StartOffset="2505"/>
</LocList>
</BasicStmnt>
</StmntSeq>
<Keyword EndOffset="2475" SrcFileId="8" StartOffset="2472"/>
<LocList>
<Loc EndOffset="2532" SrcFileId="8" StartOffset="2472"/>
</LocList>
</LoopStmnt>
</StmntSeq>
<Keyword EndOffset="2435" SrcFileId="8" StartOffset="2432"/>
<LocList>
<Loc EndOffset="2537" SrcFileId="8" StartOffset="2432"/>
</LocList>
</LoopStmnt>
<BasicStmnt CovItemId="S49" CovItemPrefix="game.GameBoard.java" Intrnl_Id="275">
<LocList>
<Loc EndOffset="2562" SrcFileId="8" StartOffset="2541"/>
</LocList>
</BasicStmnt>
</StmntSeq>
</HierarchyLvl>
<HierarchyLvl HierarchyLvlId="1090" HierarchyLvlTypeId="17" Intrnl_Id="276" Name="isEnemey">
<Header>
<Loc EndOffset="2631" SrcFileId="8" StartOffset="2571"/>
</Header>
<LocList>
<Loc EndOffset="2712" SrcFileId="8" StartOffset="2571"/>
</LocList>
<StmntSeq Intrnl_Id="277">
<LocList>
<Loc EndOffset="2708" SrcFileId="8" StartOffset="2637"/>
</LocList>
<BasicStmnt CovItemId="S50" CovItemPrefix="game.GameBoard.java" Intrnl_Id="278">
<LocList>
<Loc EndOffset="2708" SrcFileId="8" StartOffset="2637"/>
</LocList>
</BasicStmnt>
</StmntSeq>
</HierarchyLvl>
<HierarchyLvl HierarchyLvlId="1091" HierarchyLvlTypeId="17" Intrnl_Id="279" Name="nonSelectedButtonPressed">
<Header>
<Loc EndOffset="2785" SrcFileId="8" StartOffset="2717"/>
</Header>
<LocList>
<Loc EndOffset="3845" SrcFileId="8" StartOffset="2717"/>
</LocList>
<StmntSeq Intrnl_Id="280">
<LocList>
<Loc EndOffset="2896" SrcFileId="8" StartOffset="2791"/>
<Loc EndOffset="2967" SrcFileId="8" StartOffset="2900"/>
<Loc EndOffset="3030" SrcFileId="8" StartOffset="2971"/>
<Loc EndOffset="3068" SrcFileId="8" StartOffset="3035"/>
<Loc EndOffset="3103" SrcFileId="8" StartOffset="3073"/>
<Loc EndOffset="3144" SrcFileId="8" StartOffset="3108"/>
<Loc EndOffset="3185" SrcFileId="8" StartOffset="3149"/>
<Loc EndOffset="3348" SrcFileId="8" StartOffset="3190"/>
<Loc EndOffset="3511" SrcFileId="8" StartOffset="3353"/>
<Loc EndOffset="3674" SrcFileId="8" StartOffset="3516"/>
<Loc EndOffset="3837" SrcFileId="8" StartOffset="3679"/>
</LocList>
<LoopStmnt CovItemId="S51" CovItemPrefix="game.GameBoard.java" Intrnl_Id="281" MltplExecId="L7-2" MltplExecPrefix="game.GameBoard.java" NvrExecId="L7-0" NvrExecPrefix="game.GameBoard.java" OnceExecutedId="L7-1" OnceExecutedPrefix="game.GameBoard.java" OptBodyExec="true">
<StmntSeq Intrnl_Id="282">
<LocList>
<Loc EndOffset="2891" SrcFileId="8" StartOffset="2831"/>
</LocList>
<LoopStmnt CovItemId="S52" CovItemPrefix="game.GameBoard.java" Intrnl_Id="283" MltplExecId="L8-2" MltplExecPrefix="game.GameBoard.java" NvrExecId="L8-0" NvrExecPrefix="game.GameBoard.java" OnceExecutedId="L8-1" OnceExecutedPrefix="game.GameBoard.java" OptBodyExec="true">
<StmntSeq Intrnl_Id="284">
<LocList>
<Loc EndOffset="2885" SrcFileId="8" StartOffset="2864"/>
</LocList>
<BasicStmnt CovItemId="S53" CovItemPrefix="game.GameBoard.java" Intrnl_Id="285">
<LocList>
<Loc EndOffset="2885" SrcFileId="8" StartOffset="2864"/>
</LocList>
</BasicStmnt>
</StmntSeq>
<Keyword EndOffset="2834" SrcFileId="8" StartOffset="2831"/>
<LocList>
<Loc EndOffset="2891" SrcFileId="8" StartOffset="2831"/>
</LocList>
</LoopStmnt>
</StmntSeq>
<Keyword EndOffset="2794" SrcFileId="8" StartOffset="2791"/>
<LocList>
<Loc EndOffset="2896" SrcFileId="8" StartOffset="2791"/>
</LocList>
</LoopStmnt>
<BasicStmnt CovItemId="S54" CovItemPrefix="game.GameBoard.java" Intrnl_Id="286">
<LocList>
<Loc EndOffset="2967" SrcFileId="8" StartOffset="2900"/>
</LocList>
</BasicStmnt>
<CondStmnt CovItemId="S55" CovItemPrefix="game.GameBoard.java" Intrnl_Id="287">
<Branch CovItemId="B15" CovItemPrefix="game.GameBoard.java" Implct="false" Intrnl_Id="288">
<Cond/>
<LocList>
<Loc EndOffset="3030" SrcFileId="8" StartOffset="3012"/>
</LocList>
<StmntSeq Intrnl_Id="289">
<LocList>
<Loc EndOffset="3025" SrcFileId="8" StartOffset="3018"/>
</LocList>
<BasicStmnt CovItemId="S56" CovItemPrefix="game.GameBoard.java" Intrnl_Id="290">
<LocList>
<Loc EndOffset="3025" SrcFileId="8" StartOffset="3018"/>
</LocList>
</BasicStmnt>
</StmntSeq>
</Branch>
<Branch CovItemId="B16" CovItemPrefix="game.GameBoard.java" Implct="true" Intrnl_Id="291">
<Cond/>
<LocList/>
<StmntSeq Intrnl_Id="292">
<LocList/>
</StmntSeq>
</Branch>
<Keyword EndOffset="2973" SrcFileId="8" StartOffset="2971"/>
<LocList>
<Loc EndOffset="3030" SrcFileId="8" StartOffset="2971"/>
</LocList>
<RootTerm CovItemId="C12" CovItemPrefix="game.GameBoard.java" Intrnl_Id="293">
<BasicBoolTerm Intrnl_Id="294">
<LocList>
<Loc EndOffset="3010" SrcFileId="8" StartOffset="2974"/>
</LocList>
</BasicBoolTerm>
</RootTerm>
</CondStmnt>
<BasicStmnt CovItemId="S57" CovItemPrefix="game.GameBoard.java" Intrnl_Id="295">
<LocList>
<Loc EndOffset="3068" SrcFileId="8" StartOffset="3035"/>
</LocList>
</BasicStmnt>
<BasicStmnt CovItemId="S58" CovItemPrefix="game.GameBoard.java" Intrnl_Id="296">
<LocList>
<Loc EndOffset="3103" SrcFileId="8" StartOffset="3073"/>
</LocList>
</BasicStmnt>
<BasicStmnt CovItemId="S59" CovItemPrefix="game.GameBoard.java" Intrnl_Id="297">
<LocList>
<Loc EndOffset="3144" SrcFileId="8" StartOffset="3108"/>
</LocList>
</BasicStmnt>
<BasicStmnt CovItemId="S60" CovItemPrefix="game.GameBoard.java" Intrnl_Id="298">
<LocList>
<Loc EndOffset="3185" SrcFileId="8" StartOffset="3149"/>
</LocList>
</BasicStmnt>
<CondStmnt CovItemId="S61" CovItemPrefix="game.GameBoard.java" Intrnl_Id="299">
<Branch CovItemId="B17" CovItemPrefix="game.GameBoard.java" Implct="false" Intrnl_Id="300">
<Cond/>
<LocList>
<Loc EndOffset="3348" SrcFileId="8" StartOffset="3201"/>
</LocList>
<StmntSeq Intrnl_Id="301">
<LocList>
<Loc EndOffset="3247" SrcFileId="8" StartOffset="3208"/>
<Loc EndOffset="3341" SrcFileId="8" StartOffset="3253"/>
</LocList>
<BasicStmnt CovItemId="S62" CovItemPrefix="game.GameBoard.java" Intrnl_Id="302">
<LocList>
<Loc EndOffset="3247" SrcFileId="8" StartOffset="3208"/>
</LocList>
</BasicStmnt>
<CondStmnt CovItemId="S63" CovItemPrefix="game.GameBoard.java" Intrnl_Id="303">
<Branch CovItemId="B19" CovItemPrefix="game.GameBoard.java" Implct="false" Intrnl_Id="304">
<Cond/>
<LocList>
<Loc EndOffset="3341" SrcFileId="8" StartOffset="3302"/>
</LocList>
<StmntSeq Intrnl_Id="305">
<LocList>
<Loc EndOffset="3334" SrcFileId="8" StartOffset="3310"/>
</LocList>
<BasicStmnt CovItemId="S64" CovItemPrefix="game.GameBoard.java" Intrnl_Id="306">
<LocList>
<Loc EndOffset="3334" SrcFileId="8" StartOffset="3310"/>
</LocList>
</BasicStmnt>
</StmntSeq>
</Branch>
<Branch CovItemId="B20" CovItemPrefix="game.GameBoard.java" Implct="true" Intrnl_Id="307">
<Cond/>
<LocList/>
<StmntSeq Intrnl_Id="308">
<LocList/>
</StmntSeq>
</Branch>
<Keyword EndOffset="3255" SrcFileId="8" StartOffset="3253"/>
<LocList>
<Loc EndOffset="3341" SrcFileId="8" StartOffset="3253"/>
</LocList>
<RootTerm CovItemId="C14" CovItemPrefix="game.GameBoard.java" Intrnl_Id="309">
<BasicBoolTerm Intrnl_Id="310">
<LocList>
<Loc EndOffset="3300" SrcFileId="8" StartOffset="3256"/>
</LocList>
</BasicBoolTerm>
</RootTerm>
</CondStmnt>
</StmntSeq>
</Branch>
<Branch CovItemId="B18" CovItemPrefix="game.GameBoard.java" Implct="true" Intrnl_Id="311">
<Cond/>
<LocList/>
<StmntSeq Intrnl_Id="312">
<LocList/>
</StmntSeq>
</Branch>
<Keyword EndOffset="3192" SrcFileId="8" StartOffset="3190"/>
<LocList>
<Loc EndOffset="3348" SrcFileId="8" StartOffset="3190"/>
</LocList>
<RootTerm CovItemId="C13" CovItemPrefix="game.GameBoard.java" Intrnl_Id="313">
<BasicBoolTerm Intrnl_Id="314">
<LocList>
<Loc EndOffset="3199" SrcFileId="8" StartOffset="3194"/>
</LocList>
</BasicBoolTerm>
</RootTerm>
</CondStmnt>
<CondStmnt CovItemId="S65" CovItemPrefix="game.GameBoard.java" Intrnl_Id="315">
<Branch CovItemId="B21" CovItemPrefix="game.GameBoard.java" Implct="false" Intrnl_Id="316">
<Cond/>
<LocList>
<Loc EndOffset="3511" SrcFileId="8" StartOffset="3364"/>
</LocList>
<StmntSeq Intrnl_Id="317">
<LocList>
<Loc EndOffset="3410" SrcFileId="8" StartOffset="3371"/>
<Loc EndOffset="3504" SrcFileId="8" StartOffset="3416"/>
</LocList>
<BasicStmnt CovItemId="S66" CovItemPrefix="game.GameBoard.java" Intrnl_Id="318">
<LocList>
<Loc EndOffset="3410" SrcFileId="8" StartOffset="3371"/>
</LocList>
</BasicStmnt>
<CondStmnt CovItemId="S67" CovItemPrefix="game.GameBoard.java" Intrnl_Id="319">
<Branch CovItemId="B23" CovItemPrefix="game.GameBoard.java" Implct="false" Intrnl_Id="320">
<Cond/>
<LocList>
<Loc EndOffset="3504" SrcFileId="8" StartOffset="3465"/>
</LocList>
<StmntSeq Intrnl_Id="321">
<LocList>
<Loc EndOffset="3497" SrcFileId="8" StartOffset="3473"/>
</LocList>
<BasicStmnt CovItemId="S68" CovItemPrefix="game.GameBoard.java" Intrnl_Id="322">
<LocList>
<Loc EndOffset="3497" SrcFileId="8" StartOffset="3473"/>
</LocList>
</BasicStmnt>
</StmntSeq>
</Branch>
<Branch CovItemId="B24" CovItemPrefix="game.GameBoard.java" Implct="true" Intrnl_Id="323">
<Cond/>
<LocList/>
<StmntSeq Intrnl_Id="324">
<LocList/>
</StmntSeq>
</Branch>
<Keyword EndOffset="3418" SrcFileId="8" StartOffset="3416"/>
<LocList>
<Loc EndOffset="3504" SrcFileId="8" StartOffset="3416"/>
</LocList>
<RootTerm CovItemId="C16" CovItemPrefix="game.GameBoard.java" Intrnl_Id="325">
<BasicBoolTerm Intrnl_Id="326">
<LocList>
<Loc EndOffset="3463" SrcFileId="8" StartOffset="3419"/>
</LocList>
</BasicBoolTerm>
</RootTerm>
</CondStmnt>
</StmntSeq>
</Branch>
<Branch CovItemId="B22" CovItemPrefix="game.GameBoard.java" Implct="true" Intrnl_Id="327">
<Cond/>
<LocList/>
<StmntSeq Intrnl_Id="328">
<LocList/>
</StmntSeq>
</Branch>
<Keyword EndOffset="3355" SrcFileId="8" StartOffset="3353"/>
<LocList>
<Loc EndOffset="3511" SrcFileId="8" StartOffset="3353"/>
</LocList>
<RootTerm CovItemId="C15" CovItemPrefix="game.GameBoard.java" Intrnl_Id="329">
<BasicBoolTerm Intrnl_Id="330">
<LocList>
<Loc EndOffset="3362" SrcFileId="8" StartOffset="3357"/>
</LocList>
</BasicBoolTerm>
</RootTerm>
</CondStmnt>
<CondStmnt CovItemId="S69" CovItemPrefix="game.GameBoard.java" Intrnl_Id="331">
<Branch CovItemId="B25" CovItemPrefix="game.GameBoard.java" Implct="false" Intrnl_Id="332">
<Cond/>
<LocList>
<Loc EndOffset="3674" SrcFileId="8" StartOffset="3527"/>
</LocList>
<StmntSeq Intrnl_Id="333">
<LocList>
<Loc EndOffset="3573" SrcFileId="8" StartOffset="3534"/>
<Loc EndOffset="3667" SrcFileId="8" StartOffset="3579"/>
</LocList>
<BasicStmnt CovItemId="S70" CovItemPrefix="game.GameBoard.java" Intrnl_Id="334">
<LocList>
<Loc EndOffset="3573" SrcFileId="8" StartOffset="3534"/>
</LocList>
</BasicStmnt>
<CondStmnt CovItemId="S71" CovItemPrefix="game.GameBoard.java" Intrnl_Id="335">
<Branch CovItemId="B27" CovItemPrefix="game.GameBoard.java" Implct="false" Intrnl_Id="336">
<Cond/>
<LocList>
<Loc EndOffset="3667" SrcFileId="8" StartOffset="3628"/>
</LocList>
<StmntSeq Intrnl_Id="337">
<LocList>
<Loc EndOffset="3660" SrcFileId="8" StartOffset="3636"/>
</LocList>
<BasicStmnt CovItemId="S72" CovItemPrefix="game.GameBoard.java" Intrnl_Id="338">
<LocList>
<Loc EndOffset="3660" SrcFileId="8" StartOffset="3636"/>
</LocList>
</BasicStmnt>
</StmntSeq>
</Branch>
<Branch CovItemId="B28" CovItemPrefix="game.GameBoard.java" Implct="true" Intrnl_Id="339">
<Cond/>
<LocList/>
<StmntSeq Intrnl_Id="340">
<LocList/>
</StmntSeq>
</Branch>
<Keyword EndOffset="3581" SrcFileId="8" StartOffset="3579"/>
<LocList>
<Loc EndOffset="3667" SrcFileId="8" StartOffset="3579"/>
</LocList>
<RootTerm CovItemId="C18" CovItemPrefix="game.GameBoard.java" Intrnl_Id="341">
<BasicBoolTerm Intrnl_Id="342">
<LocList>
<Loc EndOffset="3626" SrcFileId="8" StartOffset="3582"/>
</LocList>
</BasicBoolTerm>
</RootTerm>
</CondStmnt>
</StmntSeq>
</Branch>
<Branch CovItemId="B26" CovItemPrefix="game.GameBoard.java" Implct="true" Intrnl_Id="343">
<Cond/>
<LocList/>
<StmntSeq Intrnl_Id="344">
<LocList/>
</StmntSeq>
</Branch>
<Keyword EndOffset="3518" SrcFileId="8" StartOffset="3516"/>
<LocList>
<Loc EndOffset="3674" SrcFileId="8" StartOffset="3516"/>
</LocList>
<RootTerm CovItemId="C17" CovItemPrefix="game.GameBoard.java" Intrnl_Id="345">
<BasicBoolTerm Intrnl_Id="346">
<LocList>
<Loc EndOffset="3525" SrcFileId="8" StartOffset="3520"/>
</LocList>
</BasicBoolTerm>
</RootTerm>
</CondStmnt>
<CondStmnt CovItemId="S73" CovItemPrefix="game.GameBoard.java" Intrnl_Id="347">
<Branch CovItemId="B29" CovItemPrefix="game.GameBoard.java" Implct="false" Intrnl_Id="348">
<Cond/>
<LocList>
<Loc EndOffset="3837" SrcFileId="8" StartOffset="3690"/>
</LocList>
<StmntSeq Intrnl_Id="349">
<LocList>
<Loc EndOffset="3736" SrcFileId="8" StartOffset="3697"/>
<Loc EndOffset="3830" SrcFileId="8" StartOffset="3742"/>
</LocList>
<BasicStmnt CovItemId="S74" CovItemPrefix="game.GameBoard.java" Intrnl_Id="350">
<LocList>
<Loc EndOffset="3736" SrcFileId="8" StartOffset="3697"/>
</LocList>
</BasicStmnt>
<CondStmnt CovItemId="S75" CovItemPrefix="game.GameBoard.java" Intrnl_Id="351">
<Branch CovItemId="B31" CovItemPrefix="game.GameBoard.java" Implct="false" Intrnl_Id="352">
<Cond/>
<LocList>
<Loc EndOffset="3830" SrcFileId="8" StartOffset="3791"/>
</LocList>
<StmntSeq Intrnl_Id="353">
<LocList>
<Loc EndOffset="3823" SrcFileId="8" StartOffset="3799"/>
</LocList>
<BasicStmnt CovItemId="S76" CovItemPrefix="game.GameBoard.java" Intrnl_Id="354">
<LocList>
<Loc EndOffset="3823" SrcFileId="8" StartOffset="3799"/>
</LocList>
</BasicStmnt>
</StmntSeq>
</Branch>
<Branch CovItemId="B32" CovItemPrefix="game.GameBoard.java" Implct="true" Intrnl_Id="355">
<Cond/>
<LocList/>
<StmntSeq Intrnl_Id="356">
<LocList/>
</StmntSeq>
</Branch>
<Keyword EndOffset="3744" SrcFileId="8" StartOffset="3742"/>
<LocList>
<Loc EndOffset="3830" SrcFileId="8" StartOffset="3742"/>
</LocList>
<RootTerm CovItemId="C20" CovItemPrefix="game.GameBoard.java" Intrnl_Id="357">
<BasicBoolTerm Intrnl_Id="358">
<LocList>
<Loc EndOffset="3789" SrcFileId="8" StartOffset="3745"/>
</LocList>
</BasicBoolTerm>
</RootTerm>
</CondStmnt>
</StmntSeq>
</Branch>
<Branch CovItemId="B30" CovItemPrefix="game.GameBoard.java" Implct="true" Intrnl_Id="359">
<Cond/>
<LocList/>
<StmntSeq Intrnl_Id="360">
<LocList/>
</StmntSeq>
</Branch>
<Keyword EndOffset="3681" SrcFileId="8" StartOffset="3679"/>
<LocList>
<Loc EndOffset="3837" SrcFileId="8" StartOffset="3679"/>
</LocList>
<RootTerm CovItemId="C19" CovItemPrefix="game.GameBoard.java" Intrnl_Id="361">
<BasicBoolTerm Intrnl_Id="362">
<LocList>
<Loc EndOffset="3688" SrcFileId="8" StartOffset="3683"/>
</LocList>
</BasicBoolTerm>
</RootTerm>
</CondStmnt>
</StmntSeq>
</HierarchyLvl>
<HierarchyLvl HierarchyLvlId="1092" HierarchyLvlTypeId="17" Intrnl_Id="363" Name="swapPieces">
<Header>
<Loc EndOffset="3909" SrcFileId="8" StartOffset="3850"/>
</Header>
<LocList>
<Loc EndOffset="4403" SrcFileId="8" StartOffset="3850"/>
</LocList>
<StmntSeq Intrnl_Id="364">
<LocList>
<Loc EndOffset="3947" SrcFileId="8" StartOffset="3915"/>
<Loc EndOffset="3983" SrcFileId="8" StartOffset="3951"/>
<Loc EndOffset="4003" SrcFileId="8" StartOffset="3987"/>
<Loc EndOffset="4023" SrcFileId="8" StartOffset="4007"/>
<Loc EndOffset="4050" SrcFileId="8" StartOffset="4027"/>
<Loc EndOffset="4077" SrcFileId="8" StartOffset="4054"/>
<Loc EndOffset="4129" SrcFileId="8" StartOffset="4081"/>
<Loc EndOffset="4166" SrcFileId="8" StartOffset="4133"/>
<Loc EndOffset="4189" SrcFileId="8" StartOffset="4170"/>
<Loc EndOffset="4212" SrcFileId="8" StartOffset="4193"/>
<Loc EndOffset="4248" SrcFileId="8" StartOffset="4216"/>
<Loc EndOffset="4268" SrcFileId="8" StartOffset="4252"/>
<Loc EndOffset="4291" SrcFileId="8" StartOffset="4272"/>
<Loc EndOffset="4314" SrcFileId="8" StartOffset="4295"/>
<Loc EndOffset="4350" SrcFileId="8" StartOffset="4318"/>
<Loc EndOffset="4370" SrcFileId="8" StartOffset="4354"/>
<Loc EndOffset="4385" SrcFileId="8" StartOffset="4374"/>
<Loc EndOffset="4399" SrcFileId="8" StartOffset="4389"/>
</LocList>
<BasicStmnt CovItemId="S77" CovItemPrefix="game.GameBoard.java" Intrnl_Id="365">
<LocList>
<Loc EndOffset="3947" SrcFileId="8" StartOffset="3915"/>
</LocList>
</BasicStmnt>
<BasicStmnt CovItemId="S78" CovItemPrefix="game.GameBoard.java" Intrnl_Id="366">
<LocList>
<Loc EndOffset="3983" SrcFileId="8" StartOffset="3951"/>
</LocList>
</BasicStmnt>
<BasicStmnt CovItemId="S79" CovItemPrefix="game.GameBoard.java" Intrnl_Id="367">
<LocList>
<Loc EndOffset="4003" SrcFileId="8" StartOffset="3987"/>
</LocList>
</BasicStmnt>
<BasicStmnt CovItemId="S80" CovItemPrefix="game.GameBoard.java" Intrnl_Id="368">
<LocList>
<Loc EndOffset="4023" SrcFileId="8" StartOffset="4007"/>
</LocList>
</BasicStmnt>
<BasicStmnt CovItemId="S81" CovItemPrefix="game.GameBoard.java" Intrnl_Id="369">
<LocList>
<Loc EndOffset="4050" SrcFileId="8" StartOffset="4027"/>
</LocList>
</BasicStmnt>
<BasicStmnt CovItemId="S82" CovItemPrefix="game.GameBoard.java" Intrnl_Id="370">
<LocList>
<Loc EndOffset="4077" SrcFileId="8" StartOffset="4054"/>
</LocList>
</BasicStmnt>
<BasicStmnt CovItemId="S83" CovItemPrefix="game.GameBoard.java" Intrnl_Id="371">
<LocList>
<Loc EndOffset="4129" SrcFileId="8" StartOffset="4081"/>
</LocList>
</BasicStmnt>
<BasicStmnt CovItemId="S84" CovItemPrefix="game.GameBoard.java" Intrnl_Id="372">
<LocList>
<Loc EndOffset="4166" SrcFileId="8" StartOffset="4133"/>
</LocList>
</BasicStmnt>
<BasicStmnt CovItemId="S85" CovItemPrefix="game.GameBoard.java" Intrnl_Id="373">
<LocList>
<Loc EndOffset="4189" SrcFileId="8" StartOffset="4170"/>
</LocList>
</BasicStmnt>
<BasicStmnt CovItemId="S86" CovItemPrefix="game.GameBoard.java" Intrnl_Id="374">
<LocList>
<Loc EndOffset="4212" SrcFileId="8" StartOffset="4193"/>
</LocList>
</BasicStmnt>
<BasicStmnt CovItemId="S87" CovItemPrefix="game.GameBoard.java" Intrnl_Id="375">
<LocList>
<Loc EndOffset="4248" SrcFileId="8" StartOffset="4216"/>
</LocList>
</BasicStmnt>
<BasicStmnt CovItemId="S88" CovItemPrefix="game.GameBoard.java" Intrnl_Id="376">
<LocList>
<Loc EndOffset="4268" SrcFileId="8" StartOffset="4252"/>
</LocList>
</BasicStmnt>
<BasicStmnt CovItemId="S89" CovItemPrefix="game.GameBoard.java" Intrnl_Id="377">
<LocList>
<Loc EndOffset="4291" SrcFileId="8" StartOffset="4272"/>
</LocList>
</BasicStmnt>
<BasicStmnt CovItemId="S90" CovItemPrefix="game.GameBoard.java" Intrnl_Id="378">
<LocList>
<Loc EndOffset="4314" SrcFileId="8" StartOffset="4295"/>
</LocList>
</BasicStmnt>
<BasicStmnt CovItemId="S91" CovItemPrefix="game.GameBoard.java" Intrnl_Id="379">
<LocList>
<Loc EndOffset="4350" SrcFileId="8" StartOffset="4318"/>
</LocList>
</BasicStmnt>
<BasicStmnt CovItemId="S92" CovItemPrefix="game.GameBoard.java" Intrnl_Id="380">
<LocList>
<Loc EndOffset="4370" SrcFileId="8" StartOffset="4354"/>
</LocList>
</BasicStmnt>
<BasicStmnt CovItemId="S93" CovItemPrefix="game.GameBoard.java" Intrnl_Id="381">
<LocList>
<Loc EndOffset="4385" SrcFileId="8" StartOffset="4374"/>
</LocList>
</BasicStmnt>
<BasicStmnt CovItemId="S94" CovItemPrefix="game.GameBoard.java" Intrnl_Id="382">
<LocList>
<Loc EndOffset="4399" SrcFileId="8" StartOffset="4389"/>
</LocList>
</BasicStmnt>
</StmntSeq>
</HierarchyLvl>
<HierarchyLvl HierarchyLvlId="1093" HierarchyLvlTypeId="17" Intrnl_Id="383" Name="attack">
<Header>
<Loc EndOffset="4465" SrcFileId="8" StartOffset="4409"/>
</Header>
<LocList>
<Loc EndOffset="5298" SrcFileId="8" StartOffset="4409"/>
</LocList>
<StmntSeq Intrnl_Id="384">
<LocList>
<Loc EndOffset="5257" SrcFileId="8" StartOffset="4472"/>
<Loc EndOffset="5294" SrcFileId="8" StartOffset="5261"/>
</LocList>
<CondStmnt CovItemId="S95" CovItemPrefix="game.GameBoard.java" Intrnl_Id="385">
<Branch CovItemId="B33" CovItemPrefix="game.GameBoard.java" Implct="false" Intrnl_Id="386">
<Cond/>
<LocList>
<Loc EndOffset="4744" SrcFileId="8" StartOffset="4496"/>
</LocList>
<StmntSeq Intrnl_Id="387">
<LocList>
<Loc EndOffset="4739" SrcFileId="8" StartOffset="4503"/>
</LocList>
<CondStmnt CovItemId="S96" CovItemPrefix="game.GameBoard.java" Intrnl_Id="388">
<Branch CovItemId="B35" CovItemPrefix="game.GameBoard.java" Implct="false" Intrnl_Id="389">
<Cond/>
<LocList>
<Loc EndOffset="4645" SrcFileId="8" StartOffset="4521"/>
</LocList>
<StmntSeq Intrnl_Id="390">
<LocList>
<Loc EndOffset="4548" SrcFileId="8" StartOffset="4529"/>
<Loc EndOffset="4571" SrcFileId="8" StartOffset="4555"/>
<Loc EndOffset="4638" SrcFileId="8" StartOffset="4578"/>
</LocList>
<BasicStmnt CovItemId="S97" CovItemPrefix="game.GameBoard.java" Intrnl_Id="391">
<LocList>
<Loc EndOffset="4548" SrcFileId="8" StartOffset="4529"/>
</LocList>
</BasicStmnt>
<BasicStmnt CovItemId="S98" CovItemPrefix="game.GameBoard.java" Intrnl_Id="392">
<LocList>
<Loc EndOffset="4571" SrcFileId="8" StartOffset="4555"/>
</LocList>
</BasicStmnt>
<BasicStmnt CovItemId="S99" CovItemPrefix="game.GameBoard.java" Intrnl_Id="393">
<LocList>
<Loc EndOffset="4638" SrcFileId="8" StartOffset="4578"/>
</LocList>
</BasicStmnt>
</StmntSeq>
</Branch>
<Branch CovItemId="B36" CovItemPrefix="game.GameBoard.java" Implct="false" Intrnl_Id="394">
<Cond>
<Loc EndOffset="4650" SrcFileId="8" StartOffset="4646"/>
</Cond>
<LocList>
<Loc EndOffset="4739" SrcFileId="8" StartOffset="4651"/>
</LocList>
<StmntSeq Intrnl_Id="395">
<LocList>
<Loc EndOffset="4674" SrcFileId="8" StartOffset="4658"/>
<Loc EndOffset="4696" SrcFileId="8" StartOffset="4680"/>
<Loc EndOffset="4732" SrcFileId="8" StartOffset="4702"/>
</LocList>
<BasicStmnt CovItemId="S100" CovItemPrefix="game.GameBoard.java" Intrnl_Id="396">
<LocList>
<Loc EndOffset="4674" SrcFileId="8" StartOffset="4658"/>
</LocList>
</BasicStmnt>
<BasicStmnt CovItemId="S101" CovItemPrefix="game.GameBoard.java" Intrnl_Id="397">
<LocList>
<Loc EndOffset="4696" SrcFileId="8" StartOffset="4680"/>
</LocList>
</BasicStmnt>
<BasicStmnt CovItemId="S102" CovItemPrefix="game.GameBoard.java" Intrnl_Id="398">
<LocList>
<Loc EndOffset="4732" SrcFileId="8" StartOffset="4702"/>
</LocList>
</BasicStmnt>
</StmntSeq>
</Branch>
<Keyword EndOffset="4505" SrcFileId="8" StartOffset="4503"/>
<LocList>
<Loc EndOffset="4739" SrcFileId="8" StartOffset="4503"/>
</LocList>
<RootTerm CovItemId="C22" CovItemPrefix="game.GameBoard.java" Intrnl_Id="399">
<BasicBoolTerm Intrnl_Id="400">
<LocList>
<Loc EndOffset="4519" SrcFileId="8" StartOffset="4507"/>
</LocList>
</BasicBoolTerm>
</RootTerm>
</CondStmnt>
</StmntSeq>
</Branch>
<Branch CovItemId="B34" CovItemPrefix="game.GameBoard.java" Implct="false" Intrnl_Id="401">
<Cond>
<Loc EndOffset="4749" SrcFileId="8" StartOffset="4745"/>
</Cond>
<LocList>
<Loc EndOffset="5257" SrcFileId="8" StartOffset="4750"/>
</LocList>
<StmntSeq Intrnl_Id="402">
<LocList>
<Loc EndOffset="5257" SrcFileId="8" StartOffset="4750"/>
</LocList>
<CondStmnt CovItemId="S103" CovItemPrefix="game.GameBoard.java" Intrnl_Id="403">
<Branch CovItemId="B37" CovItemPrefix="game.GameBoard.java" Implct="false" Intrnl_Id="404">
<Cond/>
<LocList>
<Loc EndOffset="4884" SrcFileId="8" StartOffset="4774"/>
</LocList>
<StmntSeq Intrnl_Id="405">
<LocList>
<Loc EndOffset="4799" SrcFileId="8" StartOffset="4780"/>
<Loc EndOffset="4820" SrcFileId="8" StartOffset="4804"/>
<Loc EndOffset="4879" SrcFileId="8" StartOffset="4825"/>
</LocList>
<BasicStmnt CovItemId="S104" CovItemPrefix="game.GameBoard.java" Intrnl_Id="406">
<LocList>
<Loc EndOffset="4799" SrcFileId="8" StartOffset="4780"/>
</LocList>
</BasicStmnt>
<BasicStmnt CovItemId="S105" CovItemPrefix="game.GameBoard.java" Intrnl_Id="407">
<LocList>
<Loc EndOffset="4820" SrcFileId="8" StartOffset="4804"/>
</LocList>
</BasicStmnt>
<BasicStmnt CovItemId="S106" CovItemPrefix="game.GameBoard.java" Intrnl_Id="408">
<LocList>
<Loc EndOffset="4879" SrcFileId="8" StartOffset="4825"/>
</LocList>
</BasicStmnt>
</StmntSeq>
</Branch>
<Branch CovItemId="B38" CovItemPrefix="game.GameBoard.java" Implct="false" Intrnl_Id="409">
<Cond>
<Loc EndOffset="4889" SrcFileId="8" StartOffset="4885"/>
</Cond>
<LocList>
<Loc EndOffset="5257" SrcFileId="8" StartOffset="4890"/>
</LocList>
<StmntSeq Intrnl_Id="410">
<LocList>
<Loc EndOffset="5257" SrcFileId="8" StartOffset="4890"/>
</LocList>
<CondStmnt CovItemId="S107" CovItemPrefix="game.GameBoard.java" Intrnl_Id="411">
<Branch CovItemId="B39" CovItemPrefix="game.GameBoard.java" Implct="false" Intrnl_Id="412">
<Cond/>
<LocList>
<Loc EndOffset="5017" SrcFileId="8" StartOffset="4913"/>
</LocList>
<StmntSeq Intrnl_Id="413">
<LocList>
<Loc EndOffset="4938" SrcFileId="8" StartOffset="4919"/>
<Loc EndOffset="4959" SrcFileId="8" StartOffset="4943"/>
<Loc EndOffset="5012" SrcFileId="8" StartOffset="4964"/>
</LocList>
<BasicStmnt CovItemId="S108" CovItemPrefix="game.GameBoard.java" Intrnl_Id="414">
<LocList>
<Loc EndOffset="4938" SrcFileId="8" StartOffset="4919"/>
</LocList>
</BasicStmnt>
<BasicStmnt CovItemId="S109" CovItemPrefix="game.GameBoard.java" Intrnl_Id="415">
<LocList>
<Loc EndOffset="4959" SrcFileId="8" StartOffset="4943"/>
</LocList>
</BasicStmnt>
<BasicStmnt CovItemId="S110" CovItemPrefix="game.GameBoard.java" Intrnl_Id="416">
<LocList>
<Loc EndOffset="5012" SrcFileId="8" StartOffset="4964"/>
</LocList>
</BasicStmnt>
</StmntSeq>
</Branch>
<Branch CovItemId="B40" CovItemPrefix="game.GameBoard.java" Implct="false" Intrnl_Id="417">
<Cond>
<Loc EndOffset="5022" SrcFileId="8" StartOffset="5018"/>
</Cond>
<LocList>
<Loc EndOffset="5257" SrcFileId="8" StartOffset="5023"/>
</LocList>
<StmntSeq Intrnl_Id="418">
<LocList>
<Loc EndOffset="5257" SrcFileId="8" StartOffset="5023"/>
</LocList>
<CondStmnt CovItemId="S111" CovItemPrefix="game.GameBoard.java" Intrnl_Id="419">
<Branch CovItemId="B41" CovItemPrefix="game.GameBoard.java" Implct="false" Intrnl_Id="420">
<Cond/>
<LocList>
<Loc EndOffset="5126" SrcFileId="8" StartOffset="5046"/>
</LocList>
<StmntSeq Intrnl_Id="421">
<LocList>
<Loc EndOffset="5068" SrcFileId="8" StartOffset="5052"/>
<Loc EndOffset="5121" SrcFileId="8" StartOffset="5073"/>
</LocList>
<BasicStmnt CovItemId="S112" CovItemPrefix="game.GameBoard.java" Intrnl_Id="422">
<LocList>
<Loc EndOffset="5068" SrcFileId="8" StartOffset="5052"/>
</LocList>
</BasicStmnt>
<BasicStmnt CovItemId="S113" CovItemPrefix="game.GameBoard.java" Intrnl_Id="423">
<LocList>
<Loc EndOffset="5121" SrcFileId="8" StartOffset="5073"/>
</LocList>
</BasicStmnt>
</StmntSeq>
</Branch>
<Branch CovItemId="B42" CovItemPrefix="game.GameBoard.java" Implct="false" Intrnl_Id="424">
<Cond>
<Loc EndOffset="5131" SrcFileId="8" StartOffset="5127"/>
</Cond>
<LocList>
<Loc EndOffset="5257" SrcFileId="8" StartOffset="5132"/>
</LocList>
<StmntSeq Intrnl_Id="425">
<LocList>
<Loc EndOffset="5257" SrcFileId="8" StartOffset="5132"/>
</LocList>
<CondStmnt CovItemId="S114" CovItemPrefix="game.GameBoard.java" Intrnl_Id="426">
<Branch CovItemId="B43" CovItemPrefix="game.GameBoard.java" Implct="false" Intrnl_Id="427">
<Cond/>
<LocList>
<Loc EndOffset="5257" SrcFileId="8" StartOffset="5156"/>
</LocList>
<StmntSeq Intrnl_Id="428">
<LocList>
<Loc EndOffset="5178" SrcFileId="8" StartOffset="5162"/>
<Loc EndOffset="5199" SrcFileId="8" StartOffset="5183"/>
<Loc EndOffset="5252" SrcFileId="8" StartOffset="5204"/>
</LocList>
<BasicStmnt CovItemId="S115" CovItemPrefix="game.GameBoard.java" Intrnl_Id="429">
<LocList>
<Loc EndOffset="5178" SrcFileId="8" StartOffset="5162"/>
</LocList>
</BasicStmnt>
<BasicStmnt CovItemId="S116" CovItemPrefix="game.GameBoard.java" Intrnl_Id="430">
<LocList>
<Loc EndOffset="5199" SrcFileId="8" StartOffset="5183"/>
</LocList>
</BasicStmnt>
<BasicStmnt CovItemId="S117" CovItemPrefix="game.GameBoard.java" Intrnl_Id="431">
<LocList>
<Loc EndOffset="5252" SrcFileId="8" StartOffset="5204"/>
</LocList>
</BasicStmnt>
</StmntSeq>
</Branch>
<Branch CovItemId="B44" CovItemPrefix="game.GameBoard.java" Implct="true" Intrnl_Id="432">
<Cond/>
<LocList/>
<StmntSeq Intrnl_Id="433">
<LocList/>
</StmntSeq>
</Branch>
<Keyword EndOffset="5134" SrcFileId="8" StartOffset="5132"/>
<LocList>
<Loc EndOffset="5257" SrcFileId="8" StartOffset="5132"/>
</LocList>
<RootTerm CovItemId="C26" CovItemPrefix="game.GameBoard.java" Intrnl_Id="434">
<BasicBoolTerm Intrnl_Id="435">
<LocList>
<Loc EndOffset="5154" SrcFileId="8" StartOffset="5136"/>
</LocList>
</BasicBoolTerm>
</RootTerm>
</CondStmnt>
</StmntSeq>
</Branch>
<Keyword EndOffset="5025" SrcFileId="8" StartOffset="5023"/>
<LocList>
<Loc EndOffset="5257" SrcFileId="8" StartOffset="5023"/>
</LocList>
<RootTerm CovItemId="C25" CovItemPrefix="game.GameBoard.java" Intrnl_Id="436">
<BasicBoolTerm Intrnl_Id="437">
<LocList>
<Loc EndOffset="5044" SrcFileId="8" StartOffset="5027"/>
</LocList>
</BasicBoolTerm>
</RootTerm>
</CondStmnt>
</StmntSeq>
</Branch>
<Keyword EndOffset="4892" SrcFileId="8" StartOffset="4890"/>
<LocList>
<Loc EndOffset="5257" SrcFileId="8" StartOffset="4890"/>
</LocList>
<RootTerm CovItemId="C24" CovItemPrefix="game.GameBoard.java" Intrnl_Id="438">
<BasicBoolTerm Intrnl_Id="439">
<LocList>
<Loc EndOffset="4911" SrcFileId="8" StartOffset="4894"/>
</LocList>
</BasicBoolTerm>
</RootTerm>
</CondStmnt>
</StmntSeq>
</Branch>
<Keyword EndOffset="4752" SrcFileId="8" StartOffset="4750"/>
<LocList>
<Loc EndOffset="5257" SrcFileId="8" StartOffset="4750"/>
</LocList>
<RootTerm CovItemId="C23" CovItemPrefix="game.GameBoard.java" Intrnl_Id="440">
<BasicBoolTerm Intrnl_Id="441">
<LocList>
<Loc EndOffset="4772" SrcFileId="8" StartOffset="4754"/>
</LocList>
</BasicBoolTerm>
</RootTerm>
</CondStmnt>
</StmntSeq>
</Branch>
<Keyword EndOffset="4474" SrcFileId="8" StartOffset="4472"/>
<LocList>
<Loc EndOffset="5257" SrcFileId="8" StartOffset="4472"/>
</LocList>
<RootTerm CovItemId="C21" CovItemPrefix="game.GameBoard.java" Intrnl_Id="442">
<BasicBoolTerm Intrnl_Id="443">
<LocList>
<Loc EndOffset="4494" SrcFileId="8" StartOffset="4476"/>
</LocList>
</BasicBoolTerm>
</RootTerm>
</CondStmnt>
<BasicStmnt CovItemId="S118" CovItemPrefix="game.GameBoard.java" Intrnl_Id="444">
<LocList>
<Loc EndOffset="5294" SrcFileId="8" StartOffset="5261"/>
</LocList>
</BasicStmnt>
</StmntSeq>
</HierarchyLvl>
<HierarchyLvl HierarchyLvlId="1094" HierarchyLvlTypeId="17" Intrnl_Id="445" Name="removePiece">
<Header>
<Loc EndOffset="5345" SrcFileId="8" StartOffset="5304"/>
</Header>
<LocList>
<Loc EndOffset="5834" SrcFileId="8" StartOffset="5304"/>
</LocList>
<StmntSeq Intrnl_Id="446">
<LocList>
<Loc EndOffset="5390" SrcFileId="8" StartOffset="5351"/>
<Loc EndOffset="5429" SrcFileId="8" StartOffset="5394"/>
<Loc EndOffset="5468" SrcFileId="8" StartOffset="5433"/>
<Loc EndOffset="5496" SrcFileId="8" StartOffset="5472"/>
<Loc EndOffset="5531" SrcFileId="8" StartOffset="5500"/>
<Loc EndOffset="5550" SrcFileId="8" StartOffset="5535"/>
<Loc EndOffset="5574" SrcFileId="8" StartOffset="5554"/>
<Loc EndOffset="5604" SrcFileId="8" StartOffset="5578"/>
<Loc EndOffset="5656" SrcFileId="8" StartOffset="5608"/>
<Loc EndOffset="5693" SrcFileId="8" StartOffset="5660"/>
<Loc EndOffset="5716" SrcFileId="8" StartOffset="5697"/>
<Loc EndOffset="5739" SrcFileId="8" StartOffset="5720"/>
<Loc EndOffset="5778" SrcFileId="8" StartOffset="5743"/>
<Loc EndOffset="5801" SrcFileId="8" StartOffset="5782"/>
<Loc EndOffset="5816" SrcFileId="8" StartOffset="5805"/>
<Loc EndOffset="5830" SrcFileId="8" StartOffset="5820"/>
</LocList>
<BasicStmnt CovItemId="S119" CovItemPrefix="game.GameBoard.java" Intrnl_Id="447">
<LocList>
<Loc EndOffset="5390" SrcFileId="8" StartOffset="5351"/>
</LocList>
</BasicStmnt>
<BasicStmnt CovItemId="S120" CovItemPrefix="game.GameBoard.java" Intrnl_Id="448">
<LocList>
<Loc EndOffset="5429" SrcFileId="8" StartOffset="5394"/>
</LocList>
</BasicStmnt>
<BasicStmnt CovItemId="S121" CovItemPrefix="game.GameBoard.java" Intrnl_Id="449">
<LocList>
<Loc EndOffset="5468" SrcFileId="8" StartOffset="5433"/>
</LocList>
</BasicStmnt>
<BasicStmnt CovItemId="S122" CovItemPrefix="game.GameBoard.java" Intrnl_Id="450">
<LocList>
<Loc EndOffset="5496" SrcFileId="8" StartOffset="5472"/>
</LocList>
</BasicStmnt>
<BasicStmnt CovItemId="S123" CovItemPrefix="game.GameBoard.java" Intrnl_Id="451">
<LocList>
<Loc EndOffset="5531" SrcFileId="8" StartOffset="5500"/>
</LocList>
</BasicStmnt>
<BasicStmnt CovItemId="S124" CovItemPrefix="game.GameBoard.java" Intrnl_Id="452">
<LocList>
<Loc EndOffset="5550" SrcFileId="8" StartOffset="5535"/>
</LocList>
</BasicStmnt>
<BasicStmnt CovItemId="S125" CovItemPrefix="game.GameBoard.java" Intrnl_Id="453">
<LocList>
<Loc EndOffset="5574" SrcFileId="8" StartOffset="5554"/>
</LocList>
</BasicStmnt>
<BasicStmnt CovItemId="S126" CovItemPrefix="game.GameBoard.java" Intrnl_Id="454">
<LocList>
<Loc EndOffset="5604" SrcFileId="8" StartOffset="5578"/>
</LocList>
</BasicStmnt>
<BasicStmnt CovItemId="S127" CovItemPrefix="game.GameBoard.java" Intrnl_Id="455">
<LocList>
<Loc EndOffset="5656" SrcFileId="8" StartOffset="5608"/>
</LocList>
</BasicStmnt>
<BasicStmnt CovItemId="S128" CovItemPrefix="game.GameBoard.java" Intrnl_Id="456">
<LocList>
<Loc EndOffset="5693" SrcFileId="8" StartOffset="5660"/>
</LocList>
</BasicStmnt>
<BasicStmnt CovItemId="S129" CovItemPrefix="game.GameBoard.java" Intrnl_Id="457">
<LocList>
<Loc EndOffset="5716" SrcFileId="8" StartOffset="5697"/>
</LocList>
</BasicStmnt>
<BasicStmnt CovItemId="S130" CovItemPrefix="game.GameBoard.java" Intrnl_Id="458">
<LocList>
<Loc EndOffset="5739" SrcFileId="8" StartOffset="5720"/>
</LocList>
</BasicStmnt>
<BasicStmnt CovItemId="S131" CovItemPrefix="game.GameBoard.java" Intrnl_Id="459">
<LocList>
<Loc EndOffset="5778" SrcFileId="8" StartOffset="5743"/>
</LocList>
</BasicStmnt>
<BasicStmnt CovItemId="S132" CovItemPrefix="game.GameBoard.java" Intrnl_Id="460">
<LocList>
<Loc EndOffset="5801" SrcFileId="8" StartOffset="5782"/>
</LocList>
</BasicStmnt>
<BasicStmnt CovItemId="S133" CovItemPrefix="game.GameBoard.java" Intrnl_Id="461">
<LocList>
<Loc EndOffset="5816" SrcFileId="8" StartOffset="5805"/>
</LocList>
</BasicStmnt>
<BasicStmnt CovItemId="S134" CovItemPrefix="game.GameBoard.java" Intrnl_Id="462">
<LocList>
<Loc EndOffset="5830" SrcFileId="8" StartOffset="5820"/>
</LocList>
</BasicStmnt>
</StmntSeq>
</HierarchyLvl>
</HierarchyLvl>
<HierarchyLvl HierarchyLvlId="1097" HierarchyLvlTypeId="16" Intrnl_Id="463" Name="GameApplet">
<Header>
<Loc EndOffset="99" SrcFileId="9" StartOffset="76"/>
</Header>
<LocList>
<Loc EndOffset="368" SrcFileId="9" StartOffset="76"/>
</LocList>
<HierarchyLvl HierarchyLvlId="1096" HierarchyLvlTypeId="17" Intrnl_Id="464" Name="main">
<Header>
<Loc EndOffset="144" SrcFileId="9" StartOffset="106"/>
</Header>
<LocList>
<Loc EndOffset="365" SrcFileId="9" StartOffset="106"/>
</LocList>
<StmntSeq Intrnl_Id="465">
<LocList>
<Loc EndOffset="205" SrcFileId="9" StartOffset="150"/>
<Loc EndOffset="264" SrcFileId="9" StartOffset="209"/>
<Loc EndOffset="361" SrcFileId="9" StartOffset="268"/>
</LocList>
<BasicStmnt CovItemId="S1" CovItemPrefix="game.GameApplet.java" Intrnl_Id="466">
<LocList>
<Loc EndOffset="205" SrcFileId="9" StartOffset="150"/>
</LocList>
</BasicStmnt>
<BasicStmnt CovItemId="S2" CovItemPrefix="game.GameApplet.java" Intrnl_Id="467">
<LocList>
<Loc EndOffset="264" SrcFileId="9" StartOffset="209"/>
</LocList>
</BasicStmnt>
<BasicStmnt CovItemId="S3" CovItemPrefix="game.GameApplet.java" Intrnl_Id="468">
<LocList>
<Loc EndOffset="361" SrcFileId="9" StartOffset="268"/>
</LocList>
</BasicStmnt>
</StmntSeq>
</HierarchyLvl>
</HierarchyLvl>
<HierarchyLvl HierarchyLvlId="1103" HierarchyLvlTypeId="16" Intrnl_Id="469" Name="Flag">
<Header>
<Loc EndOffset="118" SrcFileId="10" StartOffset="79"/>
</Header>
<LocList>
<Loc EndOffset="617" SrcFileId="10" StartOffset="79"/>
</LocList>
<HierarchyLvl HierarchyLvlId="1098" HierarchyLvlTypeId="17" Intrnl_Id="470" Name="Flag">
<Header>
<Loc EndOffset="138" SrcFileId="10" StartOffset="125"/>
</Header>
<LocList>
<Loc EndOffset="248" SrcFileId="10" StartOffset="125"/>
</LocList>
<StmntSeq Intrnl_Id="471">
<LocList>
<Loc EndOffset="172" SrcFileId="10" StartOffset="144"/>
<Loc EndOffset="216" SrcFileId="10" StartOffset="199"/>
<Loc EndOffset="244" SrcFileId="10" StartOffset="220"/>
</LocList>
<BasicStmnt CovItemId="S1" CovItemPrefix="game.Flag.java" Intrnl_Id="472">
<LocList>
<Loc EndOffset="172" SrcFileId="10" StartOffset="144"/>
</LocList>
</BasicStmnt>
<BasicStmnt CovItemId="S2" CovItemPrefix="game.Flag.java" Intrnl_Id="473">
<LocList>
<Loc EndOffset="216" SrcFileId="10" StartOffset="199"/>
</LocList>
</BasicStmnt>
<BasicStmnt CovItemId="S3" CovItemPrefix="game.Flag.java" Intrnl_Id="474">
<LocList>
<Loc EndOffset="244" SrcFileId="10" StartOffset="220"/>
</LocList>
</BasicStmnt>
</StmntSeq>
</HierarchyLvl>
<HierarchyLvl HierarchyLvlId="1099" HierarchyLvlTypeId="17" Intrnl_Id="475" Name="actionPerformed">
<Header>
<Loc EndOffset="305" SrcFileId="10" StartOffset="251"/>
</Header>
<LocList>
<Loc EndOffset="353" SrcFileId="10" StartOffset="251"/>
</LocList>
</HierarchyLvl>
<HierarchyLvl HierarchyLvlId="1100" HierarchyLvlTypeId="17" Intrnl_Id="476" Name="setSelected">
<Header>
<Loc EndOffset="411" SrcFileId="10" StartOffset="358"/>
</Header>
<LocList>
<Loc EndOffset="446" SrcFileId="10" StartOffset="358"/>
</LocList>
<StmntSeq Intrnl_Id="477">
<LocList>
<Loc EndOffset="442" SrcFileId="10" StartOffset="417"/>
</LocList>
<BasicStmnt CovItemId="S4" CovItemPrefix="game.Flag.java" Intrnl_Id="478">
<LocList>
<Loc EndOffset="442" SrcFileId="10" StartOffset="417"/>
</LocList>
</BasicStmnt>
</StmntSeq>
</HierarchyLvl>
<HierarchyLvl HierarchyLvlId="1101" HierarchyLvlTypeId="17" Intrnl_Id="479" Name="hide">
<Header>
<Loc EndOffset="481" SrcFileId="10" StartOffset="451"/>
</Header>
<LocList>
<Loc EndOffset="529" SrcFileId="10" StartOffset="451"/>
</LocList>
</HierarchyLvl>
<HierarchyLvl HierarchyLvlId="1102" HierarchyLvlTypeId="17" Intrnl_Id="480" Name="show">
<Header>
<Loc EndOffset="564" SrcFileId="10" StartOffset="534"/>
</Header>
<LocList>
<Loc EndOffset="612" SrcFileId="10" StartOffset="534"/>
</LocList>
</HierarchyLvl>
</HierarchyLvl>
<HierarchyLvl HierarchyLvlId="1111" HierarchyLvlTypeId="16" Intrnl_Id="481" Name="ClearPiece">
<Header>
<Loc EndOffset="196" SrcFileId="11" StartOffset="151"/>
</Header>
<LocList>
<Loc EndOffset="987" SrcFileId="11" StartOffset="151"/>
</LocList>
<HierarchyLvl HierarchyLvlId="1104" HierarchyLvlTypeId="17" Intrnl_Id="482" Name="ClearPiece">
<Header>
<Loc EndOffset="247" SrcFileId="11" StartOffset="228"/>
</Header>
<LocList>
<Loc EndOffset="312" SrcFileId="11" StartOffset="228"/>
</LocList>
<StmntSeq Intrnl_Id="483">
<LocList>
<Loc EndOffset="277" SrcFileId="11" StartOffset="253"/>
<Loc EndOffset="308" SrcFileId="11" StartOffset="281"/>
</LocList>
<BasicStmnt CovItemId="S1" CovItemPrefix="game.ClearPiece.java" Intrnl_Id="484">
<LocList>
<Loc EndOffset="277" SrcFileId="11" StartOffset="253"/>
</LocList>
</BasicStmnt>
<BasicStmnt CovItemId="S2" CovItemPrefix="game.ClearPiece.java" Intrnl_Id="485">
<LocList>
<Loc EndOffset="308" SrcFileId="11" StartOffset="281"/>
</LocList>
</BasicStmnt>
</StmntSeq>
</HierarchyLvl>
<HierarchyLvl HierarchyLvlId="1105" HierarchyLvlTypeId="17" Intrnl_Id="486" Name="actionPerformed">
<Header>
<Loc EndOffset="374" SrcFileId="11" StartOffset="317"/>
</Header>
<LocList>
<Loc EndOffset="449" SrcFileId="11" StartOffset="317"/>
</LocList>
<StmntSeq Intrnl_Id="487">
<LocList>
<Loc EndOffset="445" SrcFileId="11" StartOffset="380"/>
</LocList>
<CondStmnt CovItemId="S3" CovItemPrefix="game.ClearPiece.java" Intrnl_Id="488">
<Branch CovItemId="B1" CovItemPrefix="game.ClearPiece.java" Implct="false" Intrnl_Id="489">
<Cond/>
<LocList>
<Loc EndOffset="445" SrcFileId="11" StartOffset="393"/>
</LocList>
<StmntSeq Intrnl_Id="490">
<LocList>
<Loc EndOffset="440" SrcFileId="11" StartOffset="399"/>
</LocList>
<BasicStmnt CovItemId="S4" CovItemPrefix="game.ClearPiece.java" Intrnl_Id="491">
<LocList>
<Loc EndOffset="440" SrcFileId="11" StartOffset="399"/>
</LocList>
</BasicStmnt>
</StmntSeq>
</Branch>
<Branch CovItemId="B2" CovItemPrefix="game.ClearPiece.java" Implct="true" Intrnl_Id="492">
<Cond/>
<LocList/>
<StmntSeq Intrnl_Id="493">
<LocList/>
</StmntSeq>
</Branch>
<Keyword EndOffset="382" SrcFileId="11" StartOffset="380"/>
<LocList>
<Loc EndOffset="445" SrcFileId="11" StartOffset="380"/>
</LocList>
<RootTerm CovItemId="C1" CovItemPrefix="game.ClearPiece.java" Intrnl_Id="494">
<BasicBoolTerm Intrnl_Id="495">
<LocList>
<Loc EndOffset="391" SrcFileId="11" StartOffset="383"/>
</LocList>
</BasicBoolTerm>
</RootTerm>
</CondStmnt>
</StmntSeq>
</HierarchyLvl>
<HierarchyLvl HierarchyLvlId="1106" HierarchyLvlTypeId="17" Intrnl_Id="496" Name="setSelected">
<Header>
<Loc EndOffset="507" SrcFileId="11" StartOffset="454"/>
</Header>
<LocList>
<Loc EndOffset="680" SrcFileId="11" StartOffset="454"/>
</LocList>
<StmntSeq Intrnl_Id="497">
<LocList>
<Loc EndOffset="645" SrcFileId="11" StartOffset="513"/>
<Loc EndOffset="676" SrcFileId="11" StartOffset="651"/>
</LocList>
<CondStmnt CovItemId="S5" CovItemPrefix="game.ClearPiece.java" Intrnl_Id="498">
<Branch CovItemId="B3" CovItemPrefix="game.ClearPiece.java" Implct="false" Intrnl_Id="499">
<Cond/>
<LocList>
<Loc EndOffset="582" SrcFileId="11" StartOffset="526"/>
</LocList>
<StmntSeq Intrnl_Id="500">
<LocList>
<Loc EndOffset="577" SrcFileId="11" StartOffset="532"/>
</LocList>
<BasicStmnt CovItemId="S6" CovItemPrefix="game.ClearPiece.java" Intrnl_Id="501">
<LocList>
<Loc EndOffset="577" SrcFileId="11" StartOffset="532"/>
</LocList>
</BasicStmnt>
</StmntSeq>
</Branch>
<Branch CovItemId="B4" CovItemPrefix="game.ClearPiece.java" Implct="false" Intrnl_Id="502">
<Cond>
<Loc EndOffset="587" SrcFileId="11" StartOffset="583"/>
</Cond>
<LocList>
<Loc EndOffset="645" SrcFileId="11" StartOffset="588"/>
</LocList>
<StmntSeq Intrnl_Id="503">
<LocList>
<Loc EndOffset="640" SrcFileId="11" StartOffset="594"/>
</LocList>
<BasicStmnt CovItemId="S7" CovItemPrefix="game.ClearPiece.java" Intrnl_Id="504">
<LocList>
<Loc EndOffset="640" SrcFileId="11" StartOffset="594"/>
</LocList>
</BasicStmnt>
</StmntSeq>
</Branch>
<Keyword EndOffset="515" SrcFileId="11" StartOffset="513"/>
<LocList>
<Loc EndOffset="645" SrcFileId="11" StartOffset="513"/>
</LocList>
<RootTerm CovItemId="C2" CovItemPrefix="game.ClearPiece.java" Intrnl_Id="505">
<BasicBoolTerm Intrnl_Id="506">
<LocList>
<Loc EndOffset="524" SrcFileId="11" StartOffset="516"/>
</LocList>
</BasicBoolTerm>
</RootTerm>
</CondStmnt>
<BasicStmnt CovItemId="S8" CovItemPrefix="game.ClearPiece.java" Intrnl_Id="507">
<LocList>
<Loc EndOffset="676" SrcFileId="11" StartOffset="651"/>
</LocList>
</BasicStmnt>
</StmntSeq>
</HierarchyLvl>
<HierarchyLvl HierarchyLvlId="1107" HierarchyLvlTypeId="17" Intrnl_Id="508" Name="hide">
<Header>
<Loc EndOffset="715" SrcFileId="11" StartOffset="685"/>
</Header>
<LocList>
<Loc EndOffset="763" SrcFileId="11" StartOffset="685"/>
</LocList>
</HierarchyLvl>
<HierarchyLvl HierarchyLvlId="1108" HierarchyLvlTypeId="17" Intrnl_Id="509" Name="show">
<Header>
<Loc EndOffset="798" SrcFileId="11" StartOffset="768"/>
</Header>
<LocList>
<Loc EndOffset="846" SrcFileId="11" StartOffset="768"/>
</LocList>
</HierarchyLvl>
<HierarchyLvl HierarchyLvlId="1109" HierarchyLvlTypeId="17" Intrnl_Id="510" Name="setOwner">
<Header>
<Loc EndOffset="892" SrcFileId="11" StartOffset="852"/>
</Header>
<LocList>
<Loc EndOffset="920" SrcFileId="11" StartOffset="852"/>
</LocList>
<StmntSeq Intrnl_Id="511">
<LocList>
<Loc EndOffset="916" SrcFileId="11" StartOffset="898"/>
</LocList>
<BasicStmnt CovItemId="S9" CovItemPrefix="game.ClearPiece.java" Intrnl_Id="512">
<LocList>
<Loc EndOffset="916" SrcFileId="11" StartOffset="898"/>
</LocList>
</BasicStmnt>
</StmntSeq>
</HierarchyLvl>
<HierarchyLvl HierarchyLvlId="1110" HierarchyLvlTypeId="17" Intrnl_Id="513" Name="getOwner">
<Header>
<Loc EndOffset="960" SrcFileId="11" StartOffset="926"/>
</Header>
<LocList>
<Loc EndOffset="982" SrcFileId="11" StartOffset="926"/>
</LocList>
<StmntSeq Intrnl_Id="514">
<LocList>
<Loc EndOffset="978" SrcFileId="11" StartOffset="966"/>
</LocList>
<BasicStmnt CovItemId="S10" CovItemPrefix="game.ClearPiece.java" Intrnl_Id="515">
<LocList>
<Loc EndOffset="978" SrcFileId="11" StartOffset="966"/>
</LocList>
</BasicStmnt>
</StmntSeq>
</HierarchyLvl>
</HierarchyLvl>
<HierarchyLvl HierarchyLvlId="1117" HierarchyLvlTypeId="16" Intrnl_Id="516" Name="Bomb">
<Header>
<Loc EndOffset="183" SrcFileId="12" StartOffset="144"/>
</Header>
<LocList>
<Loc EndOffset="909" SrcFileId="12" StartOffset="144"/>
</LocList>
<HierarchyLvl HierarchyLvlId="1112" HierarchyLvlTypeId="17" Intrnl_Id="517" Name="Bomb">
<Header>
<Loc EndOffset="203" SrcFileId="12" StartOffset="190"/>
</Header>
<LocList>
<Loc EndOffset="309" SrcFileId="12" StartOffset="190"/>
</LocList>
<StmntSeq Intrnl_Id="518">
<LocList>
<Loc EndOffset="225" SrcFileId="12" StartOffset="209"/>
<Loc EndOffset="256" SrcFileId="12" StartOffset="229"/>
<Loc EndOffset="277" SrcFileId="12" StartOffset="260"/>
<Loc EndOffset="305" SrcFileId="12" StartOffset="281"/>
</LocList>
<BasicStmnt CovItemId="S1" CovItemPrefix="game.Bomb.java" Intrnl_Id="519">
<LocList>
<Loc EndOffset="225" SrcFileId="12" StartOffset="209"/>
</LocList>
</BasicStmnt>
<BasicStmnt CovItemId="S2" CovItemPrefix="game.Bomb.java" Intrnl_Id="520">
<LocList>
<Loc EndOffset="256" SrcFileId="12" StartOffset="229"/>
</LocList>
</BasicStmnt>
<BasicStmnt CovItemId="S3" CovItemPrefix="game.Bomb.java" Intrnl_Id="521">
<LocList>
<Loc EndOffset="277" SrcFileId="12" StartOffset="260"/>
</LocList>
</BasicStmnt>
<BasicStmnt CovItemId="S4" CovItemPrefix="game.Bomb.java" Intrnl_Id="522">
<LocList>
<Loc EndOffset="305" SrcFileId="12" StartOffset="281"/>
</LocList>
</BasicStmnt>
</StmntSeq>
</HierarchyLvl>
<HierarchyLvl HierarchyLvlId="1113" HierarchyLvlTypeId="17" Intrnl_Id="523" Name="actionPerformed">
<Header>
<Loc EndOffset="368" SrcFileId="12" StartOffset="314"/>
</Header>
<LocList>
<Loc EndOffset="507" SrcFileId="12" StartOffset="314"/>
</LocList>
<StmntSeq Intrnl_Id="524">
<LocList>
<Loc EndOffset="503" SrcFileId="12" StartOffset="374"/>
</LocList>
<CondStmnt CovItemId="S5" CovItemPrefix="game.Bomb.java" Intrnl_Id="525">
<Branch CovItemId="B1" CovItemPrefix="game.Bomb.java" Implct="false" Intrnl_Id="526">
<Cond/>
<LocList>
<Loc EndOffset="440" SrcFileId="12" StartOffset="388"/>
</LocList>
<StmntSeq Intrnl_Id="527">
<LocList>
<Loc EndOffset="435" SrcFileId="12" StartOffset="394"/>
</LocList>
<BasicStmnt CovItemId="S6" CovItemPrefix="game.Bomb.java" Intrnl_Id="528">
<LocList>
<Loc EndOffset="435" SrcFileId="12" StartOffset="394"/>
</LocList>
</BasicStmnt>
</StmntSeq>
</Branch>
<Branch CovItemId="B2" CovItemPrefix="game.Bomb.java" Implct="false" Intrnl_Id="529">
<Cond>
<Loc EndOffset="445" SrcFileId="12" StartOffset="441"/>
</Cond>
<LocList>
<Loc EndOffset="503" SrcFileId="12" StartOffset="446"/>
</LocList>
<StmntSeq Intrnl_Id="530">
<LocList/>
</StmntSeq>
</Branch>
<Keyword EndOffset="376" SrcFileId="12" StartOffset="374"/>
<LocList>
<Loc EndOffset="503" SrcFileId="12" StartOffset="374"/>
</LocList>
<RootTerm CovItemId="C1" CovItemPrefix="game.Bomb.java" Intrnl_Id="531">
<BasicBoolTerm Intrnl_Id="532">
<LocList>
<Loc EndOffset="386" SrcFileId="12" StartOffset="378"/>
</LocList>
</BasicBoolTerm>
</RootTerm>
</CondStmnt>
</StmntSeq>
</HierarchyLvl>
<HierarchyLvl HierarchyLvlId="1114" HierarchyLvlTypeId="17" Intrnl_Id="533" Name="setSelected">
<Header>
<Loc EndOffset="565" SrcFileId="12" StartOffset="512"/>
</Header>
<LocList>
<Loc EndOffset="740" SrcFileId="12" StartOffset="512"/>
</LocList>
<StmntSeq Intrnl_Id="534">
<LocList>
<Loc EndOffset="707" SrcFileId="12" StartOffset="571"/>
<Loc EndOffset="736" SrcFileId="12" StartOffset="711"/>
</LocList>
<CondStmnt CovItemId="S7" CovItemPrefix="game.Bomb.java" Intrnl_Id="535">
<Branch CovItemId="B3" CovItemPrefix="game.Bomb.java" Implct="false" Intrnl_Id="536">
<Cond/>
<LocList>
<Loc EndOffset="644" SrcFileId="12" StartOffset="585"/>
</LocList>
<StmntSeq Intrnl_Id="537">
<LocList>
<Loc EndOffset="639" SrcFileId="12" StartOffset="591"/>
</LocList>
<BasicStmnt CovItemId="S8" CovItemPrefix="game.Bomb.java" Intrnl_Id="538">
<LocList>
<Loc EndOffset="639" SrcFileId="12" StartOffset="591"/>
</LocList>
</BasicStmnt>
</StmntSeq>
</Branch>
<Branch CovItemId="B4" CovItemPrefix="game.Bomb.java" Implct="false" Intrnl_Id="539">
<Cond>
<Loc EndOffset="649" SrcFileId="12" StartOffset="645"/>
</Cond>
<LocList>
<Loc EndOffset="707" SrcFileId="12" StartOffset="650"/>
</LocList>
<StmntSeq Intrnl_Id="540">
<LocList>
<Loc EndOffset="702" SrcFileId="12" StartOffset="656"/>
</LocList>
<BasicStmnt CovItemId="S9" CovItemPrefix="game.Bomb.java" Intrnl_Id="541">
<LocList>
<Loc EndOffset="702" SrcFileId="12" StartOffset="656"/>
</LocList>
</BasicStmnt>
</StmntSeq>
</Branch>
<Keyword EndOffset="573" SrcFileId="12" StartOffset="571"/>
<LocList>
<Loc EndOffset="707" SrcFileId="12" StartOffset="571"/>
</LocList>
<RootTerm CovItemId="C2" CovItemPrefix="game.Bomb.java" Intrnl_Id="542">
<BasicBoolTerm Intrnl_Id="543">
<LocList>
<Loc EndOffset="583" SrcFileId="12" StartOffset="575"/>
</LocList>
</BasicBoolTerm>
</RootTerm>
</CondStmnt>
<BasicStmnt CovItemId="S10" CovItemPrefix="game.Bomb.java" Intrnl_Id="544">
<LocList>
<Loc EndOffset="736" SrcFileId="12" StartOffset="711"/>
</LocList>
</BasicStmnt>
</StmntSeq>
</HierarchyLvl>
<HierarchyLvl HierarchyLvlId="1115" HierarchyLvlTypeId="17" Intrnl_Id="545" Name="hide">
<Header>
<Loc EndOffset="775" SrcFileId="12" StartOffset="745"/>
</Header>
<LocList>
<Loc EndOffset="823" SrcFileId="12" StartOffset="745"/>
</LocList>
</HierarchyLvl>
<HierarchyLvl HierarchyLvlId="1116" HierarchyLvlTypeId="17" Intrnl_Id="546" Name="show">
<Header>
<Loc EndOffset="858" SrcFileId="12" StartOffset="828"/>
</Header>
<LocList>
<Loc EndOffset="906" SrcFileId="12" StartOffset="828"/>
</LocList>
</HierarchyLvl>
</HierarchyLvl>
<HierarchyLvl HierarchyLvlId="1131" HierarchyLvlTypeId="16" Intrnl_Id="547" Name="AbstractPiece">
<Header>
<Loc EndOffset="265" SrcFileId="13" StartOffset="180"/>
</Header>
<LocList>
<Loc EndOffset="1418" SrcFileId="13" StartOffset="180"/>
</LocList>
<StmntSeq Intrnl_Id="548">
<LocList>
<Loc EndOffset="307" SrcFileId="13" StartOffset="272"/>
<Loc EndOffset="349" SrcFileId="13" StartOffset="310"/>
<Loc EndOffset="440" SrcFileId="13" StartOffset="411"/>
</LocList>
<BasicStmnt CovItemId="S1" CovItemPrefix="game.AbstractPiece.java" Intrnl_Id="549">
<LocList>
<Loc EndOffset="307" SrcFileId="13" StartOffset="272"/>
</LocList>
</BasicStmnt>
<BasicStmnt CovItemId="S2" CovItemPrefix="game.AbstractPiece.java" Intrnl_Id="550">
<LocList>
<Loc EndOffset="349" SrcFileId="13" StartOffset="310"/>
</LocList>
</BasicStmnt>
<BasicStmnt CovItemId="S3" CovItemPrefix="game.AbstractPiece.java" Intrnl_Id="551">
<LocList>
<Loc EndOffset="440" SrcFileId="13" StartOffset="411"/>
</LocList>
</BasicStmnt>
</StmntSeq>
<HierarchyLvl HierarchyLvlId="1118" HierarchyLvlTypeId="17" Intrnl_Id="552" Name="actionPerformed">
<Header>
<Loc EndOffset="557" SrcFileId="13" StartOffset="494"/>
</Header>
<LocList>
<Loc EndOffset="558" SrcFileId="13" StartOffset="494"/>
</LocList>
</HierarchyLvl>
<HierarchyLvl HierarchyLvlId="1119" HierarchyLvlTypeId="17" Intrnl_Id="553" Name="setSelected">
<Header>
<Loc EndOffset="625" SrcFileId="13" StartOffset="563"/>
</Header>
<LocList>
<Loc EndOffset="626" SrcFileId="13" StartOffset="563"/>
</LocList>
</HierarchyLvl>
<HierarchyLvl HierarchyLvlId="1120" HierarchyLvlTypeId="17" Intrnl_Id="554" Name="hide">
<Header>
<Loc EndOffset="670" SrcFileId="13" StartOffset="631"/>
</Header>
<LocList>
<Loc EndOffset="671" SrcFileId="13" StartOffset="631"/>
</LocList>
</HierarchyLvl>
<HierarchyLvl HierarchyLvlId="1121" HierarchyLvlTypeId="17" Intrnl_Id="555" Name="show">
<Header>
<Loc EndOffset="715" SrcFileId="13" StartOffset="676"/>
</Header>
<LocList>
<Loc EndOffset="716" SrcFileId="13" StartOffset="676"/>
</LocList>
</HierarchyLvl>
<HierarchyLvl HierarchyLvlId="1122" HierarchyLvlTypeId="17" Intrnl_Id="556" Name="isSelected">
<Header>
<Loc EndOffset="760" SrcFileId="13" StartOffset="721"/>
</Header>
<LocList>
<Loc EndOffset="786" SrcFileId="13" StartOffset="721"/>
</LocList>
<StmntSeq Intrnl_Id="557">
<LocList>
<Loc EndOffset="782" SrcFileId="13" StartOffset="766"/>
</LocList>
<BasicStmnt CovItemId="S4" CovItemPrefix="game.AbstractPiece.java" Intrnl_Id="558">
<LocList>
<Loc EndOffset="782" SrcFileId="13" StartOffset="766"/>
</LocList>
</BasicStmnt>
</StmntSeq>
</HierarchyLvl>
<HierarchyLvl HierarchyLvlId="1123" HierarchyLvlTypeId="17" Intrnl_Id="559" Name="setObserver">
<Header>
<Loc EndOffset="851" SrcFileId="13" StartOffset="791"/>
</Header>
<LocList>
<Loc EndOffset="886" SrcFileId="13" StartOffset="791"/>
</LocList>
<StmntSeq Intrnl_Id="560">
<LocList>
<Loc EndOffset="882" SrcFileId="13" StartOffset="857"/>
</LocList>
<BasicStmnt CovItemId="S5" CovItemPrefix="game.AbstractPiece.java" Intrnl_Id="561">
<LocList>
<Loc EndOffset="882" SrcFileId="13" StartOffset="857"/>
</LocList>
</BasicStmnt>
</StmntSeq>
</HierarchyLvl>
<HierarchyLvl HierarchyLvlId="1124" HierarchyLvlTypeId="17" Intrnl_Id="562" Name="setLocation">
<Header>
<Loc EndOffset="942" SrcFileId="13" StartOffset="891"/>
</Header>
<LocList>
<Loc EndOffset="980" SrcFileId="13" StartOffset="891"/>
</LocList>
<StmntSeq Intrnl_Id="563">
<LocList>
<Loc EndOffset="973" SrcFileId="13" StartOffset="948"/>
</LocList>
<BasicStmnt CovItemId="S6" CovItemPrefix="game.AbstractPiece.java" Intrnl_Id="564">
<LocList>
<Loc EndOffset="973" SrcFileId="13" StartOffset="948"/>
</LocList>
</BasicStmnt>
</StmntSeq>
</HierarchyLvl>
<HierarchyLvl HierarchyLvlId="1125" HierarchyLvlTypeId="17" Intrnl_Id="565" Name="getLocation">
<Header>
<Loc EndOffset="1023" SrcFileId="13" StartOffset="985"/>
</Header>
<LocList>
<Loc EndOffset="1054" SrcFileId="13" StartOffset="985"/>
</LocList>
<StmntSeq Intrnl_Id="566">
<LocList>
<Loc EndOffset="1050" SrcFileId="13" StartOffset="1029"/>
</LocList>
<BasicStmnt CovItemId="S7" CovItemPrefix="game.AbstractPiece.java" Intrnl_Id="567">
<LocList>
<Loc EndOffset="1050" SrcFileId="13" StartOffset="1029"/>
</LocList>
</BasicStmnt>
</StmntSeq>
</HierarchyLvl>
<HierarchyLvl HierarchyLvlId="1126" HierarchyLvlTypeId="17" Intrnl_Id="568" Name="getOwner">
<Header>
<Loc EndOffset="1095" SrcFileId="13" StartOffset="1061"/>
</Header>
<LocList>
<Loc EndOffset="1118" SrcFileId="13" StartOffset="1061"/>
</LocList>
<StmntSeq Intrnl_Id="569">
<LocList>
<Loc EndOffset="1114" SrcFileId="13" StartOffset="1101"/>
</LocList>
<BasicStmnt CovItemId="S8" CovItemPrefix="game.AbstractPiece.java" Intrnl_Id="570">
<LocList>
<Loc EndOffset="1114" SrcFileId="13" StartOffset="1101"/>
</LocList>
</BasicStmnt>
</StmntSeq>
</HierarchyLvl>
<HierarchyLvl HierarchyLvlId="1127" HierarchyLvlTypeId="17" Intrnl_Id="571" Name="setOwner">
<Header>
<Loc EndOffset="1167" SrcFileId="13" StartOffset="1123"/>
</Header>
<LocList>
<Loc EndOffset="1196" SrcFileId="13" StartOffset="1123"/>
</LocList>
<StmntSeq Intrnl_Id="572">
<LocList>
<Loc EndOffset="1192" SrcFileId="13" StartOffset="1173"/>
</LocList>
<BasicStmnt CovItemId="S9" CovItemPrefix="game.AbstractPiece.java" Intrnl_Id="573">
<LocList>
<Loc EndOffset="1192" SrcFileId="13" StartOffset="1173"/>
</LocList>
</BasicStmnt>
</StmntSeq>
</HierarchyLvl>
<HierarchyLvl HierarchyLvlId="1128" HierarchyLvlTypeId="17" Intrnl_Id="574" Name="setName">
<Header>
<Loc EndOffset="1234" SrcFileId="13" StartOffset="1202"/>
</Header>
<LocList>
<Loc EndOffset="1314" SrcFileId="13" StartOffset="1202"/>
</LocList>
<StmntSeq Intrnl_Id="575">
<LocList>
<Loc EndOffset="1257" SrcFileId="13" StartOffset="1240"/>
<Loc EndOffset="1310" SrcFileId="13" StartOffset="1261"/>
</LocList>
<BasicStmnt CovItemId="S10" CovItemPrefix="game.AbstractPiece.java" Intrnl_Id="576">
<LocList>
<Loc EndOffset="1257" SrcFileId="13" StartOffset="1240"/>
</LocList>
</BasicStmnt>
<BasicStmnt CovItemId="S11" CovItemPrefix="game.AbstractPiece.java" Intrnl_Id="577">
<LocList>
<Loc EndOffset="1310" SrcFileId="13" StartOffset="1261"/>
</LocList>
</BasicStmnt>
</StmntSeq>
</HierarchyLvl>
<HierarchyLvl HierarchyLvlId="1129" HierarchyLvlTypeId="17" Intrnl_Id="578" Name="getName">
<Header>
<Loc EndOffset="1343" SrcFileId="13" StartOffset="1320"/>
</Header>
<LocList>
<Loc EndOffset="1365" SrcFileId="13" StartOffset="1320"/>
</LocList>
<StmntSeq Intrnl_Id="579">
<LocList>
<Loc EndOffset="1361" SrcFileId="13" StartOffset="1349"/>
</LocList>
<BasicStmnt CovItemId="S12" CovItemPrefix="game.AbstractPiece.java" Intrnl_Id="580">
<LocList>
<Loc EndOffset="1361" SrcFileId="13" StartOffset="1349"/>
</LocList>
</BasicStmnt>
</StmntSeq>
</HierarchyLvl>
<HierarchyLvl HierarchyLvlId="1130" HierarchyLvlTypeId="17" Intrnl_Id="581" Name="getRank">
<Header>
<Loc EndOffset="1391" SrcFileId="13" StartOffset="1371"/>
</Header>
<LocList>
<Loc EndOffset="1413" SrcFileId="13" StartOffset="1371"/>
</LocList>
<StmntSeq Intrnl_Id="582">
<LocList>
<Loc EndOffset="1409" SrcFileId="13" StartOffset="1397"/>
</LocList>
<BasicStmnt CovItemId="S13" CovItemPrefix="game.AbstractPiece.java" Intrnl_Id="583">
<LocList>
<Loc EndOffset="1409" SrcFileId="13" StartOffset="1397"/>
</LocList>
</BasicStmnt>
</StmntSeq>
</HierarchyLvl>
</HierarchyLvl>
</HierarchyLvl>
</HierarchyLvl>
</MASTRoot>
</TestSessionContainer>
