<?xml version="1.0" encoding="UTF-8"?><TestSessionContainer xmlns="http://www.codecover.org/xml/testsession-container" Date="1429877047918" TestSessionContainerId="07200772-19d9-4d40-b26d-9c7fa5abb3ec" version="1.0">
<SrcFileList>
<SrcFile Content="package game;&#13;&#10;&#13;&#10;import java.awt.Color;&#13;&#10;import java.awt.event.ActionEvent;&#13;&#10;import javax.swing.border.LineBorder;&#13;&#10;&#13;&#10;public class Soldier extends AbstractPiece {&#13;&#10;&#13;&#10;&#9;public Soldier(int rank) {&#13;&#10;&#9;&#9;setBackground(Color.GREEN);&#13;&#10;&#9;&#9;this.rank = rank;&#13;&#10;&#9;&#9;addActionListener(this);&#13;&#10;&#9;}&#13;&#10;&#13;&#10;&#9;@Override&#13;&#10;&#9;public void setSelected(boolean selected) {&#13;&#10;&#9;&#9;if (selected) {&#13;&#10;&#9;&#9;&#9;this.setBorder(new LineBorder(Color.YELLOW, 5));&#13;&#10;&#9;&#9;} else {&#13;&#10;&#9;&#9;&#9;this.setBorder(new LineBorder(Color.GRAY, 1));&#13;&#10;&#9;&#9;}&#13;&#10;&#9;&#9;this.selected = selected;&#13;&#10;&#9;}&#13;&#10;&#13;&#10;&#9;@Override&#13;&#10;&#9;public void hide() {&#13;&#10;&#9;&#9;// TODO Auto-generated method stub&#13;&#10;&#13;&#10;&#9;}&#13;&#10;&#13;&#10;&#9;@Override&#13;&#10;&#9;public void show() {&#13;&#10;&#9;&#9;// TODO Auto-generated method stub&#13;&#10;&#13;&#10;&#9;}&#13;&#10;&#13;&#10;&#9;@Override&#13;&#10;&#9;public void actionPerformed(ActionEvent e) {&#13;&#10;&#9;&#9;if (selected) {&#13;&#10;&#9;&#9;&#9;observer.selectedButtonPressed(location);&#13;&#10;&#9;&#9;} else {&#13;&#10;&#9;&#9;&#9;observer.nonSelectedButtonPressed(location);&#13;&#10;&#9;&#9;}&#13;&#10;&#9;}&#13;&#10;&#9;&#13;&#10;}&#13;&#10;" Filename="Soldier.java" Intrnl_Id="1"/>
<SrcFile Content="package game;&#13;&#10;import game.GameBoard.User;&#13;&#10;&#13;&#10;import java.awt.BorderLayout;&#13;&#10;&#13;&#10;import javax.swing.JLabel;&#13;&#10;import javax.swing.JPanel;&#13;&#10;&#13;&#10;&#13;&#10;public class PlayerBoard extends JPanel {&#13;&#10;&#13;&#10;&#9;public PlayerBoard(User owner) {&#13;&#10;&#9;&#9;BorderLayout layout = new BorderLayout();&#13;&#10;&#9;&#9;this.setLayout(layout);&#13;&#10;&#9;&#9;JLabel status = new JLabel(&quot;Test Label&quot;);&#13;&#10;&#9;&#9;this.add(status, BorderLayout.NORTH);&#13;&#10;&#9;&#9;this.add(new GameBoard(owner), BorderLayout.CENTER);&#13;&#10;&#9;}&#13;&#10;}&#13;&#10;" Filename="PlayerBoard.java" Intrnl_Id="2"/>
<SrcFile Content="package game;&#13;&#10;&#13;&#10;public class PieceFactory {&#13;&#10;&#9;&#13;&#10;&#9;public static IPiece createBomb() {&#13;&#10;&#9;&#9;AbstractPiece bomb = new Bomb();&#13;&#10;&#9;&#9;bomb.setName(&quot;Bomb&quot;);&#13;&#10;&#9;&#9;return bomb;&#13;&#10;&#9;}&#13;&#10;&#9;&#13;&#10;&#9;public static IPiece createClearPiece() {&#13;&#10;&#9;&#9;return new ClearPiece();&#13;&#10;&#9;}&#13;&#10;&#9;&#13;&#10;&#9;public static IPiece createFlag() {&#13;&#10;&#9;&#9;AbstractPiece flag = new Flag();&#13;&#10;&#9;&#9;flag.setName(&quot;Flag&quot;);&#13;&#10;&#9;&#9;return flag;&#13;&#10;&#9;}&#13;&#10;&#9;&#13;&#10;&#9;public static IPiece createSpy() {&#13;&#10;&#9;&#9;AbstractPiece spy = new Soldier(0);&#13;&#10;&#9;&#9;spy.setName(&quot;Spy&quot;);&#13;&#10;&#9;&#9;return spy;&#13;&#10;&#9;}&#13;&#10;&#9;&#13;&#10;&#9;public static IPiece createMarshall() {&#13;&#10;&#9;&#9;AbstractPiece soldier = new Soldier(9);&#13;&#10;&#9;&#9;soldier.setName(&quot;Marshall&quot;);&#13;&#10;&#9;&#9;return soldier;&#13;&#10;&#9;}&#13;&#10;&#9;&#13;&#10;&#9;public static IPiece createGeneral() {&#13;&#10;&#9;&#9;AbstractPiece soldier = new Soldier(8);&#13;&#10;&#9;&#9;soldier.setName(&quot;General&quot;);&#13;&#10;&#9;&#9;return soldier;&#13;&#10;&#9;}&#13;&#10;&#9;&#13;&#10;&#9;public static IPiece createColonel() {&#13;&#10;&#9;&#9;AbstractPiece soldier = new Soldier(7);&#13;&#10;&#9;&#9;soldier.setName(&quot;Colonel&quot;);&#13;&#10;&#9;&#9;return soldier;&#13;&#10;&#9;}&#13;&#10;&#9;&#13;&#10;&#9;public static IPiece createMajor() {&#13;&#10;&#9;&#9;AbstractPiece soldier = new Soldier(6);&#13;&#10;&#9;&#9;soldier.setName(&quot;Major&quot;);&#13;&#10;&#9;&#9;return soldier;&#13;&#10;&#9;}&#13;&#10;&#13;&#10;&#9;public static AbstractPiece createCaptain() {&#13;&#10;&#9;&#9;AbstractPiece soldier = new Soldier(5);&#13;&#10;&#9;&#9;soldier.setName(&quot;Captain&quot;);&#13;&#10;&#9;&#9;return soldier;&#13;&#10;&#9;}&#13;&#10;&#13;&#10;&#9;public static AbstractPiece createLieutenant() {&#13;&#10;&#9;&#9;AbstractPiece soldier = new Soldier(4);&#13;&#10;&#9;&#9;soldier.setName(&quot;Lieut&quot;);&#13;&#10;&#9;&#9;return soldier;&#13;&#10;&#9;}&#13;&#10;&#13;&#10;&#9;public static AbstractPiece createSergeant() {&#13;&#10;&#9;&#9;AbstractPiece soldier = new Soldier(3);&#13;&#10;&#9;&#9;soldier.setName(&quot;Sergeant&quot;);&#13;&#10;&#9;&#9;return soldier;&#13;&#10;&#9;}&#13;&#10;&#13;&#10;&#9;public static AbstractPiece createMiner() {&#13;&#10;&#9;&#9;AbstractPiece soldier = new Soldier(2);&#13;&#10;&#9;&#9;soldier.setName(&quot;Miner&quot;);&#13;&#10;&#9;&#9;return soldier;&#13;&#10;&#9;}&#13;&#10;&#13;&#10;&#9;public static AbstractPiece createScout() {&#13;&#10;&#9;&#9;AbstractPiece soldier = new Soldier(1);&#13;&#10;&#9;&#9;soldier.setName(&quot;Scout&quot;);&#13;&#10;&#9;&#9;return soldier;&#13;&#10;&#9;}&#13;&#10;&#13;&#10;}&#13;&#10;" Filename="PieceFactory.java" Intrnl_Id="3"/>
<SrcFile Content="package game;&#13;&#10;&#13;&#10;import game.GameBoard.User;&#13;&#10;&#13;&#10;import java.awt.event.ActionEvent;&#13;&#10;&#13;&#10;public class Obstacle extends AbstractPiece {&#13;&#10;&#9;&#13;&#10;&#9;@Override&#13;&#10;&#9;public void actionPerformed(ActionEvent e) {&#13;&#10;&#9;&#9;// TODO Auto-generated method stub&#13;&#10;&#9;&#9;&#13;&#10;&#9;}&#13;&#10;&#13;&#10;&#9;@Override&#13;&#10;&#9;public void setSelected(boolean selected) {&#13;&#10;&#9;&#9;// TODO Auto-generated method stub&#13;&#10;&#9;&#9;&#13;&#10;&#9;}&#13;&#10;&#13;&#10;&#9;@Override&#13;&#10;&#9;public void hide() {&#13;&#10;&#9;&#9;// TODO Auto-generated method stub&#13;&#10;&#9;&#9;&#13;&#10;&#9;}&#13;&#10;&#13;&#10;&#9;@Override&#13;&#10;&#9;public void show() {&#13;&#10;&#9;&#9;// TODO Auto-generated method stub&#13;&#10;&#9;&#9;&#13;&#10;&#9;}&#13;&#10;&#9;&#13;&#10;&#9;@Override&#13;&#10;&#9;public void setOwner(User u) {&#13;&#10;&#9;&#9;this.owner = null;&#13;&#10;&#9;}&#13;&#10;&#9;&#13;&#10;&#9;@Override&#13;&#10;&#9;public User getOwner() {&#13;&#10;&#9;&#9;return null;&#13;&#10;&#9;}&#13;&#10;}&#13;&#10;" Filename="Obstacle.java" Intrnl_Id="4"/>
<SrcFile Content="package game;&#13;&#10;&#13;&#10;import java.awt.Point;&#13;&#10;&#13;&#10;//The GameBoard should implement this class and add itself as an observer to the IPiece&#13;&#10;public interface IPieceObserver {&#13;&#10;&#13;&#10;&#9;public void selectedButtonPressed(Point gridLocation);&#13;&#10;&#9;public void nonSelectedButtonPressed(Point gridLocation);&#13;&#10;}&#13;&#10;" Filename="IPieceObserver.java" Intrnl_Id="5"/>
<SrcFile Content="package game;&#13;&#10;&#13;&#10;import game.GameBoard.User;&#13;&#10;&#13;&#10;import java.awt.Point;&#13;&#10;&#13;&#10;public interface IPiece {&#13;&#10;&#9;public boolean isSelected();&#13;&#10;&#9;public void setSelected(boolean selected);&#13;&#10;&#9;public void hide();&#13;&#10;&#9;public void show();&#13;&#10;&#9;public void setObserver(IPieceObserver observer);&#13;&#10;&#9;public void setLocation(Point location);&#13;&#10;&#9;public Point getLocation();&#13;&#10;&#9;public User getOwner();&#13;&#10;&#9;public void setOwner(User owner);&#13;&#10;&#9;public void setName(String name);&#13;&#10;&#9;public String getName();&#13;&#10;&#9;public int getRank();&#13;&#10;//&#9;/**&#13;&#10;//&#9; * Method called by the piece when it is pressed&#13;&#10;//&#9; */&#13;&#10;//&#9;public void processPress();&#13;&#10;}&#13;&#10;" Filename="IPiece.java" Intrnl_Id="6"/>
<SrcFile Content="package game;&#13;&#10;import game.GameBoard.User;&#13;&#10;&#13;&#10;import java.awt.Dimension;&#13;&#10;import java.awt.Insets;&#13;&#10;import java.awt.Toolkit;&#13;&#10;&#13;&#10;import javax.swing.JFrame;&#13;&#10;&#13;&#10;&#13;&#10;public class GameBoardFrame extends JFrame {&#13;&#10;&#13;&#10;&#9;private PlayerBoard board;&#13;&#10;&#9;public GameBoardFrame(User owner) {&#13;&#10;&#9;&#9;this.setDefaultCloseOperation(JFrame.EXIT_ON_CLOSE);&#13;&#10;&#9;&#9;Dimension screenSize = Toolkit.getDefaultToolkit().getScreenSize();&#13;&#10;&#9;&#9;this.setSize(screenSize.width/2, screenSize.height);&#13;&#10;&#9;&#9;board = new PlayerBoard(owner);&#13;&#10;&#9;&#9;this.add(board);&#13;&#10;&#9;&#9;this.setVisible(true);&#13;&#10;&#9;&#9;this.validate();&#13;&#10;&#9;}&#13;&#10;}&#13;&#10;" Filename="GameBoardFrame.java" Intrnl_Id="7"/>
<SrcFile Content="package game;&#13;&#10;&#13;&#10;import java.awt.Color;&#13;&#10;import java.awt.Dimension;&#13;&#10;import java.awt.GridBagConstraints;&#13;&#10;import java.awt.GridBagLayout;&#13;&#10;import java.awt.Point;&#13;&#10;&#13;&#10;import javax.swing.JPanel;&#13;&#10;&#13;&#10;public class GameBoard extends JPanel implements IPieceObserver {&#13;&#10;&#13;&#10;&#9;public static enum User {PLAYER1, PLAYER2};&#13;&#10;&#9;private static final Dimension PIECE_SIZE = new Dimension(80, 80);&#13;&#10;&#9;protected AbstractPiece[][] pieces;&#13;&#10;&#9;protected AbstractPiece selectedPiece;&#13;&#10;&#9;private GridBagLayout layout;&#13;&#10;&#9;private User owner;&#13;&#10;&#13;&#10;&#9;public GameBoard(User owner) {&#13;&#10;&#9;&#9;super();&#13;&#10;&#9;&#9;this.owner = owner;&#13;&#10;&#9;&#9;pieces = new AbstractPiece[10][10];&#13;&#10;&#9;&#9;layout = new GridBagLayout();&#13;&#10;&#9;&#9;this.setLayout(layout);&#13;&#10;&#9;&#9;instantiateBoard();&#13;&#10;&#9;}&#13;&#10;&#13;&#10;&#9;protected void instantiateBoard() {&#13;&#10;&#9;&#9;for (int i = 0; i &lt; 10; i++) {&#13;&#10;&#9;&#9;&#9;for (int j = 0; j &lt; 10; j++) {&#13;&#10;&#9;&#9;&#9;&#9;AbstractPiece button = (AbstractPiece) PieceFactory.createClearPiece();&#13;&#10;&#9;&#9;&#9;&#9;addPiece(i, j, button);&#13;&#10;&#9;&#9;&#9;&#9;&#13;&#10;&#9;&#9;&#9;}&#13;&#10;&#9;&#9;}&#13;&#10;&#9;&#9;for (int i = 0; i &lt; 10; i++) {&#13;&#10;&#9;&#9;&#9;AbstractPiece s = PieceFactory.createLieutenant();&#13;&#10;&#9;&#9;&#9;if (i % 2 == 0) {&#13;&#10;&#9;&#9;&#9;&#9;s.setOwner(User.PLAYER1);&#13;&#10;&#9;&#9;&#9;} else {&#13;&#10;&#9;&#9;&#9;&#9;s.setOwner(User.PLAYER2);&#13;&#10;&#9;&#9;&#9;}&#13;&#10;&#9;&#9;&#9;if(s.getOwner() != this.owner) {&#13;&#10;&#9;&#9;&#9;&#9;s.setBackground(Color.RED);&#13;&#10;&#9;&#9;&#9;}&#13;&#10;&#9;&#9;&#9;this.remove(pieces[i][0]);&#13;&#10;&#9;&#9;&#9;this.addPiece(i, 0, s);&#13;&#10;&#9;&#9;&#9;&#13;&#10;&#9;&#9;}&#13;&#10;&#9;&#9;&#13;&#10;&#9;&#9;//Initializing bomb for each player&#13;&#10;&#9;&#9;for (int i = 0; i &lt; 2; i++) {&#13;&#10;&#9;&#9;&#9;AbstractPiece b = new Bomb();&#13;&#10;&#9;&#9;&#9;Point p = new Point(i + 2, 2);&#13;&#10;&#9;&#9;&#9;if (i % 2 == 0){&#13;&#10;&#9;&#9;&#9;&#9;b.setOwner(User.PLAYER1);&#13;&#10;&#9;&#9;&#9;} else {&#13;&#10;&#9;&#9;&#9;&#9;b.setOwner(User.PLAYER2);&#13;&#10;&#9;&#9;&#9;}&#13;&#10;&#9;&#9;&#9;if(b.owner != this.owner) {&#13;&#10;&#9;&#9;&#9;&#9;b.setBackground(Color.RED);&#13;&#10;&#9;&#9;&#9;}&#13;&#10;&#9;&#9;&#9;this.remove(pieces[i + 2][2]);&#13;&#10;&#9;&#9;&#9;this.addPiece(i+2,  2, b);&#9;&#9;&#9;&#13;&#10;&#9;&#9;}&#9;&#13;&#10;&#9;}&#13;&#10;&#9;public void addPiece(int x, int y,&#13;&#10;&#9;&#9;&#9;AbstractPiece piece) {&#13;&#10;&#9;&#9;GridBagConstraints c = new GridBagConstraints();&#13;&#10;&#9;&#9;c.fill = GridBagConstraints.BOTH;&#13;&#10;&#9;&#9;piece.setPreferredSize(PIECE_SIZE);&#13;&#10;&#9;&#9;piece.setLocation(new Point(x, y));&#13;&#10;&#9;&#9;piece.setObserver(this);&#13;&#10;&#9;&#9;pieces[x][y] = piece;&#13;&#10;&#9;&#9;c.gridx = x;&#13;&#10;&#9;&#9;c.gridy = y;&#13;&#10;&#9;&#9;this.add(piece, c);&#13;&#10;&#9;&#9;piece.validate();&#13;&#10;&#9;}&#13;&#10;&#13;&#10;&#9;@Override&#13;&#10;&#9;public void selectedButtonPressed(Point gridLocation) {&#13;&#10;&#9;&#9;if(selectedPiece !=null) {&#13;&#10;&#9;&#9;&#9;if(selectedPiece.equals(pieces[gridLocation.x][gridLocation.y])) {&#13;&#10;&#9;&#9;&#9;&#9;selectedPiece.setSelected(false);&#13;&#10;&#9;&#9;&#9;} else if (isEnemey(selectedPiece, pieces[gridLocation.x][gridLocation.y])) {&#13;&#10;&#9;&#9;&#9;&#9;attack(selectedPiece, pieces[gridLocation.x][gridLocation.y]);&#13;&#10;&#9;&#9;&#9;} else {&#13;&#10;&#9;&#9;&#9;&#9;swapPieces(selectedPiece, pieces[gridLocation.x][gridLocation.y]);&#13;&#10;&#9;&#9;&#9;}&#13;&#10;&#9;&#9;}&#13;&#10;&#9;&#9;for(AbstractPiece[] pRow: pieces) {&#13;&#10;&#9;&#9;&#9;for(AbstractPiece p: pRow) {&#13;&#10;&#9;&#9;&#9;p.setSelected(false);&#13;&#10;&#9;&#9;&#9;}&#13;&#10;&#9;&#9;}&#13;&#10;&#9;&#9;selectedPiece = null;&#13;&#10;&#9;}&#13;&#10;&#13;&#10;&#9;private boolean isEnemey(AbstractPiece p1, AbstractPiece p2) {&#13;&#10;&#9;&#9;return p1.getOwner() != null &amp;&amp; !(p1.getOwner().equals(p2.getOwner())) &amp;&amp; p2.getOwner() != null;&#13;&#10;&#9;}&#13;&#10;&#13;&#10;&#9;@Override&#13;&#10;&#9;public void nonSelectedButtonPressed(Point gridLocation) {&#13;&#10;&#9;&#9;for(AbstractPiece[] pRow: pieces) {&#13;&#10;&#9;&#9;&#9;for(AbstractPiece p: pRow) {&#13;&#10;&#9;&#9;&#9;p.setSelected(false);&#13;&#10;&#9;&#9;&#9;}&#13;&#10;&#9;&#9;}&#13;&#10;&#9;&#9;AbstractPiece nonSelected = pieces[gridLocation.x][gridLocation.y];&#13;&#10;&#9;&#9;if(nonSelected.getOwner() != this.owner) {&#13;&#10;&#9;&#9;&#9;return;&#13;&#10;&#9;&#9;}&#13;&#10;&#9;&#9;&#9;this.selectedPiece = nonSelected;&#13;&#10;&#9;&#9;&#9;nonSelected.setSelected(true);&#13;&#10;&#9;&#9;&#9;int x = nonSelected.getLocation().x;&#13;&#10;&#9;&#9;&#9;int y = nonSelected.getLocation().y;&#13;&#10;&#9;&#9;&#9;if (x &lt; 9) {&#13;&#10;&#9;&#9;&#9;&#9;AbstractPiece piece = pieces[x + 1][y];&#13;&#10;&#9;&#9;&#9;&#9;if(selectedPiece.getOwner() != piece.getOwner()) {&#13;&#10;&#9;&#9;&#9;&#9;&#9;piece.setSelected(true);&#13;&#10;&#9;&#9;&#9;&#9;}&#9;&#13;&#10;&#9;&#9;&#9;}&#13;&#10;&#9;&#9;&#9;if (x &gt; 0) {&#13;&#10;&#9;&#9;&#9;&#9;AbstractPiece piece = pieces[x - 1][y];&#13;&#10;&#9;&#9;&#9;&#9;if(selectedPiece.getOwner() != piece.getOwner()) {&#13;&#10;&#9;&#9;&#9;&#9;&#9;piece.setSelected(true);&#13;&#10;&#9;&#9;&#9;&#9;}&#9;&#13;&#10;&#9;&#9;&#9;}&#13;&#10;&#9;&#9;&#9;if (y &gt; 0) {&#13;&#10;&#9;&#9;&#9;&#9;AbstractPiece piece = pieces[x][y - 1];&#13;&#10;&#9;&#9;&#9;&#9;if(selectedPiece.getOwner() != piece.getOwner()) {&#13;&#10;&#9;&#9;&#9;&#9;&#9;piece.setSelected(true);&#13;&#10;&#9;&#9;&#9;&#9;}&#9;&#13;&#10;&#9;&#9;&#9;}&#13;&#10;&#9;&#9;&#9;if (y &lt; 9) {&#13;&#10;&#9;&#9;&#9;&#9;AbstractPiece piece = pieces[x][y + 1];&#13;&#10;&#9;&#9;&#9;&#9;if(selectedPiece.getOwner() != piece.getOwner()) {&#13;&#10;&#9;&#9;&#9;&#9;&#9;piece.setSelected(true);&#13;&#10;&#9;&#9;&#9;&#9;}&#9;&#13;&#10;&#9;&#9;&#9;}&#13;&#10;&#9;&#9;&#13;&#10;&#9;}&#13;&#10;&#13;&#10;&#9;private void swapPieces(AbstractPiece p1, AbstractPiece p2) {&#13;&#10;&#9;&#9;Point point1 = p1.getLocation();&#13;&#10;&#9;&#9;Point point2 = p2.getLocation();&#13;&#10;&#9;&#9;this.remove(p1);&#13;&#10;&#9;&#9;this.remove(p2);&#13;&#10;&#9;&#9;p1.setLocation(point2);&#13;&#10;&#9;&#9;p2.setLocation(point1);&#13;&#10;&#9;&#9;GridBagConstraints c = new GridBagConstraints();&#13;&#10;&#9;&#9;c.fill = GridBagConstraints.BOTH;&#13;&#10;&#9;&#9;c.gridx = point1.x;&#13;&#10;&#9;&#9;c.gridy = point1.y;&#13;&#10;&#9;&#9;pieces[point1.x][point1.y] = p2;&#13;&#10;&#9;&#9;this.add(p2, c);&#13;&#10;&#9;&#9;c.gridx = point2.x;&#13;&#10;&#9;&#9;c.gridy = point2.y;&#13;&#10;&#9;&#9;pieces[point2.x][point2.y] = p1;&#13;&#10;&#9;&#9;this.add(p1, c);&#13;&#10;&#9;&#9;validate();&#13;&#10;&#9;&#9;repaint();&#13;&#10;&#9;}&#13;&#10;&#9;&#13;&#10;&#9;public String attack(AbstractPiece p1, AbstractPiece p2) {&#13;&#10;&#9;&#9; if (p2 instanceof Bomb) {&#13;&#10;&#9;&#9;&#9; if (p1.rank == 3) {&#13;&#10;&#9;&#9;&#9;&#9; swapPieces(p1, p2);&#13;&#10;&#9;&#9;&#9;&#9; removePiece(p2);&#13;&#10;&#9;&#9;&#9;&#9; return p1.getOwner() + &quot;defused a&quot; + p2.getOwner() + &quot;bomb&quot;;&#13;&#10;&#9;&#9;&#9; } else {&#13;&#10;&#9;&#9;&#9;&#9;removePiece(p1);&#13;&#10;&#9;&#9;&#9;&#9;removePiece(p2);&#13;&#10;&#9;&#9;&#9;&#9;return &quot;A bomb has exploded!&quot;;&#13;&#10;&#9;&#9;&#9; }&#13;&#10;&#9;&#9;} else if (p2 instanceof Flag) {&#13;&#10;&#9;&#9;&#9;swapPieces(p1, p2);&#13;&#10;&#9;&#9;&#9;removePiece(p2);&#13;&#10;&#9;&#9;&#9;return p1.getOwner() + &quot;has defeated&quot; + p2.getOwner();&#13;&#10;&#9;&#9;} else if (p1.rank &gt; p2.rank) {&#13;&#10;&#9;&#9;&#9;swapPieces(p1, p2);&#13;&#10;&#9;&#9;&#9;removePiece(p2);&#13;&#10;&#9;&#9;&#9;return p1.getOwner() + &quot; beat &quot; + p2.getOwner();&#13;&#10;&#9;&#9;} else if (p1.rank &lt; p2.rank) {&#13;&#10;&#9;&#9;&#9;removePiece(p1);&#13;&#10;&#9;&#9;&#9;return p2.getOwner() + &quot; beat &quot; + p1.getOwner();&#13;&#10;&#9;&#9;} else if (p1.rank == p2.rank) {&#13;&#10;&#9;&#9;&#9;removePiece(p1);&#13;&#10;&#9;&#9;&#9;removePiece(p2);&#13;&#10;&#9;&#9;&#9;return p1.getOwner() + &quot; tied &quot; + p2.getOwner();&#13;&#10;&#9;&#9;}&#13;&#10;&#9;&#9;return &quot;Error: case not handled&quot;;&#13;&#10;&#9;}&#13;&#10;&#9;&#13;&#10;&#9;private void removePiece(AbstractPiece p) {&#13;&#10;&#9;&#9;AbstractPiece clear = new ClearPiece();&#13;&#10;&#9;&#9;clear.setLocation(p.getLocation());&#13;&#10;&#9;&#9;clear.setPreferredSize(PIECE_SIZE);&#13;&#10;&#9;&#9;clear.setObserver(this);&#13;&#10;&#9;&#9;Point point1 = p.getLocation();&#13;&#10;&#9;&#9;this.remove(p);&#13;&#10;&#9;&#9;p.setLocation(null);&#13;&#10;&#9;&#9;clear.setLocation(point1);&#13;&#10;&#9;&#9;GridBagConstraints c = new GridBagConstraints();&#13;&#10;&#9;&#9;c.fill = GridBagConstraints.BOTH;&#13;&#10;&#9;&#9;c.gridx = point1.x;&#13;&#10;&#9;&#9;c.gridy = point1.y;&#13;&#10;&#9;&#9;pieces[point1.x][point1.y] = clear;&#13;&#10;&#9;&#9;this.add(clear, c);&#13;&#10;&#9;&#9;validate();&#13;&#10;&#9;&#9;repaint();&#13;&#10;&#9;}&#13;&#10;}&#13;&#10;" Filename="GameBoard.java" Intrnl_Id="8"/>
<SrcFile Content="package game;&#13;&#10;import game.GameBoard.User;&#13;&#10;&#13;&#10;import javax.swing.JFrame;&#13;&#10;&#13;&#10;public class GameApplet {&#13;&#10;&#13;&#10;&#9;public static void main(String[] args) {&#13;&#10;&#9;&#9;JFrame player1Frame = new GameBoardFrame(User.PLAYER1);&#13;&#10;&#9;&#9;JFrame player2Frame = new GameBoardFrame(User.PLAYER2);&#13;&#10;&#9;&#9;player2Frame.setLocation(player1Frame.getX() + player1Frame.getWidth(), player2Frame.getY());&#13;&#10;&#9;}&#13;&#10;}&#13;&#10;" Filename="GameApplet.java" Intrnl_Id="9"/>
<SrcFile Content="package game;&#13;&#10;&#13;&#10;import java.awt.Color;&#13;&#10;import java.awt.event.ActionEvent;&#13;&#10;&#13;&#10;public class Flag extends AbstractPiece{&#13;&#10;&#9;&#13;&#10;&#9;public Flag() {&#13;&#10;&#9;&#9;setBackground(Color.ORANGE); //Will be team's color&#13;&#10;&#9;&#9;this.rank = rank;&#13;&#10;&#9;&#9;addActionListener(this);&#13;&#10;&#9;}&#13;&#10;&#9;@Override&#13;&#10;&#9;public void actionPerformed(ActionEvent e) {&#13;&#10;&#9;&#9;// TODO Auto-generated method stub&#13;&#10;&#9;&#9;&#13;&#10;&#9;}&#13;&#10;&#13;&#10;&#9;@Override&#13;&#10;&#9;public void setSelected(boolean selected) {&#13;&#10;&#9;&#9;this.selected = selected;&#13;&#10;&#9;}&#13;&#10;&#13;&#10;&#9;@Override&#13;&#10;&#9;public void hide() {&#13;&#10;&#9;&#9;// TODO Auto-generated method stub&#13;&#10;&#9;&#9;&#13;&#10;&#9;}&#13;&#10;&#13;&#10;&#9;@Override&#13;&#10;&#9;public void show() {&#13;&#10;&#9;&#9;// TODO Auto-generated method stub&#13;&#10;&#9;&#9;&#13;&#10;&#9;}&#13;&#10;&#13;&#10;}&#13;&#10;" Filename="Flag.java" Intrnl_Id="10"/>
<SrcFile Content="package game;&#13;&#10;&#13;&#10;import game.GameBoard.User;&#13;&#10;&#13;&#10;import java.awt.Color;&#13;&#10;import java.awt.event.ActionEvent;&#13;&#10;&#13;&#10;import javax.swing.border.LineBorder;&#13;&#10;&#13;&#10;public class ClearPiece extends AbstractPiece {&#13;&#10;&#9;&#13;&#10;&#9;private int index;&#13;&#10;&#9;&#13;&#10;&#9;public ClearPiece() {&#13;&#10;&#9;&#9;addActionListener(this);&#13;&#10;&#9;&#9;setBackground(Color.WHITE);&#13;&#10;&#9;}&#13;&#10;&#13;&#10;&#9;@Override&#13;&#10;&#9;public void actionPerformed(ActionEvent arg0) {&#13;&#10;&#9;&#9;if(selected) {&#13;&#10;&#9;&#9;&#9;observer.selectedButtonPressed(location);&#13;&#10;&#9;&#9;}&#13;&#10;&#9;}&#13;&#10;&#13;&#10;&#9;@Override&#13;&#10;&#9;public void setSelected(boolean selected) {&#13;&#10;&#9;&#9;if(selected) {&#13;&#10;&#9;&#9;&#9;this.setBorder(new LineBorder(Color.RED, 5));&#13;&#10;&#9;&#9;} else {&#13;&#10;&#9;&#9;&#9;this.setBorder(new LineBorder(Color.GRAY, 1));&#13;&#10;&#9;&#9;}&#13;&#10;&#13;&#10;&#9;&#9;this.selected = selected;&#13;&#10;&#9;}&#13;&#10;&#13;&#10;&#9;@Override&#13;&#10;&#9;public void hide() {&#13;&#10;&#9;&#9;// TODO Auto-generated method stub&#13;&#10;&#9;&#9;&#13;&#10;&#9;}&#13;&#10;&#13;&#10;&#9;@Override&#13;&#10;&#9;public void show() {&#13;&#10;&#9;&#9;// TODO Auto-generated method stub&#13;&#10;&#9;&#9;&#13;&#10;&#9;}&#13;&#10;&#9;&#13;&#10;&#9;@Override&#13;&#10;&#9;public void setOwner(User u) {&#13;&#10;&#9;&#9;this.owner = null;&#13;&#10;&#9;}&#13;&#10;&#9;&#13;&#10;&#9;@Override&#13;&#10;&#9;public User getOwner() {&#13;&#10;&#9;&#9;return null;&#13;&#10;&#9;}&#13;&#10;&#13;&#10;}&#13;&#10;" Filename="ClearPiece.java" Intrnl_Id="11"/>
<SrcFile Content="package game;&#13;&#10;&#13;&#10;import java.awt.Color;&#13;&#10;import java.awt.Point;&#13;&#10;import java.awt.event.ActionEvent;&#13;&#10;&#13;&#10;import javax.swing.border.LineBorder;&#13;&#10;&#13;&#10;public class Bomb extends AbstractPiece{&#13;&#10;&#9;&#13;&#10;&#9;public Bomb() {&#13;&#10;&#9;&#9;setText(&quot;Bomb&quot;);&#13;&#10;&#9;&#9;setBackground(Color.GREEN);&#13;&#10;&#9;&#9;this.rank = rank;&#13;&#10;&#9;&#9;addActionListener(this);&#13;&#10;&#9;}&#13;&#10;&#13;&#10;&#9;@Override&#13;&#10;&#9;public void actionPerformed(ActionEvent e) {&#13;&#10;&#9;&#9;if (selected) {&#13;&#10;&#9;&#9;&#9;observer.selectedButtonPressed(location);&#13;&#10;&#9;&#9;} else {&#13;&#10;&#9;&#9;&#9;//observer.nonSelectedButtonPressed(location);&#13;&#10;&#9;&#9;}&#13;&#10;&#9;}&#13;&#10;&#13;&#10;&#9;@Override&#13;&#10;&#9;public void setSelected(boolean selected) {&#13;&#10;&#9;&#9;if (selected) {&#13;&#10;&#9;&#9;&#9;this.setBorder(new LineBorder(Color.YELLOW, 5));&#13;&#10;&#9;&#9;} else {&#13;&#10;&#9;&#9;&#9;this.setBorder(new LineBorder(Color.GRAY, 1));&#13;&#10;&#9;&#9;}&#13;&#10;&#9;&#9;this.selected = selected;&#13;&#10;&#9;}&#13;&#10;&#13;&#10;&#9;@Override&#13;&#10;&#9;public void hide() {&#13;&#10;&#9;&#9;// TODO Auto-generated method stub&#13;&#10;&#9;&#9;&#13;&#10;&#9;}&#13;&#10;&#13;&#10;&#9;@Override&#13;&#10;&#9;public void show() {&#13;&#10;&#9;&#9;// TODO Auto-generated method stub&#13;&#10;&#9;&#9;&#13;&#10;&#9;}&#13;&#10;}&#13;&#10;" Filename="Bomb.java" Intrnl_Id="12"/>
<SrcFile Content="package game;&#13;&#10;&#13;&#10;import game.GameBoard.User;&#13;&#10;&#13;&#10;import java.awt.Point;&#13;&#10;import java.awt.event.ActionEvent;&#13;&#10;import java.awt.event.ActionListener;&#13;&#10;&#13;&#10;import javax.swing.JButton;&#13;&#10;&#13;&#10;public abstract class AbstractPiece extends JButton implements IPiece, ActionListener {&#13;&#10;&#13;&#10;&#9;protected Boolean selected = false;&#13;&#10;&#9;protected Point location = new Point();&#13;&#10;&#9;protected IPieceObserver observer;&#13;&#10;&#9;protected int rank;&#13;&#10;&#9;protected int boardIndex = 0;&#13;&#10;&#9;protected User owner;&#13;&#10;&#9;protected String name;&#13;&#10;&#13;&#10;&#9;@Override&#13;&#10;&#9;public abstract void actionPerformed(ActionEvent e);&#13;&#10;&#13;&#10;&#9;@Override&#13;&#10;&#9;public abstract void setSelected(boolean selected);&#13;&#10;&#13;&#10;&#9;@Override&#13;&#10;&#9;public abstract void hide();&#13;&#10;&#13;&#10;&#9;@Override&#13;&#10;&#9;public abstract void show();&#13;&#10;&#13;&#10;&#9;@Override&#13;&#10;&#9;public boolean isSelected() {&#13;&#10;&#9;&#9;return selected;&#13;&#10;&#9;}&#13;&#10;&#13;&#10;&#9;@Override&#13;&#10;&#9;public void setObserver(IPieceObserver observer) {&#13;&#10;&#9;&#9;this.observer = observer;&#13;&#10;&#9;}&#13;&#10;&#13;&#10;&#9;@Override&#13;&#10;&#9;public void setLocation(Point location) {&#13;&#10;&#9;&#9;this.location = location;&#13;&#10;&#9;&#13;&#10;&#9;}&#13;&#10;&#13;&#10;&#9;@Override&#13;&#10;&#9;public Point getLocation() {&#13;&#10;&#9;&#9;return this.location;&#13;&#10;&#9;} &#13;&#10;&#9;&#13;&#10;&#9;@Override&#13;&#10;&#9;public User getOwner() {&#13;&#10;&#9;&#9;return owner;&#13;&#10;&#9;}&#13;&#10;&#13;&#10;&#9;@Override&#13;&#10;&#9;public void setOwner(User owner) {&#13;&#10;&#9;&#9;this.owner = owner;&#13;&#10;&#9;}&#13;&#10;&#9;&#13;&#10;&#9;public void setName(String name) {&#13;&#10;&#9;&#9;this.name = name;&#13;&#10;&#9;&#9;this.setText(&quot;&quot; + name + &quot; &quot; + &quot;(&quot; + rank + &quot;)&quot;);&#13;&#10;&#9;}&#13;&#10;&#9;&#13;&#10;&#9;public String getName() {&#13;&#10;&#9;&#9;return name;&#13;&#10;&#9;}&#13;&#10;&#9;&#13;&#10;&#9;public int getRank() {&#13;&#10;&#9;&#9;return rank;&#13;&#10;&#9;}&#13;&#10;&#13;&#10;}&#13;&#10;" Filename="AbstractPiece.java" Intrnl_Id="13"/>
</SrcFileList>
<CritList>
<CritListEntry Name="org.codecover.model.utils.criteria.LoopCoverage" PluginName="org.codecover"/>
<CritListEntry Name="org.codecover.model.utils.criteria.BranchCoverage" PluginName="org.codecover"/>
<CritListEntry Name="org.codecover.model.utils.criteria.ConditionCoverage" PluginName="org.codecover"/>
<CritListEntry Name="org.codecover.model.utils.criteria.SynchronizedStatementCoverage" PluginName="org.codecover"/>
<CritListEntry Name="org.codecover.model.utils.criteria.QMOCoverage" PluginName="org.codecover"/>
<CritListEntry Name="org.codecover.model.utils.criteria.StatementCoverage" PluginName="org.codecover"/>
</CritList>
<BoolOpList/>
<HierarchyLvlTypeList>
<HierarchyLvlType EnglishName="enumeration" IntrnlName="enum" Intrnl_Id="14"/>
<HierarchyLvlType EnglishName="package" IntrnlName="package" Intrnl_Id="15"/>
<HierarchyLvlType EnglishName="class" IntrnlName="class" Intrnl_Id="16"/>
<HierarchyLvlType EnglishName="method" IntrnlName="method" Intrnl_Id="17"/>
<HierarchyLvlType EnglishName="default package" IntrnlName="default package" Intrnl_Id="18"/>
<HierarchyLvlType EnglishName="interface" IntrnlName="interface" Intrnl_Id="19"/>
</HierarchyLvlTypeList>
<MASTRoot>
<HierarchyLvl HierarchyLvlId="960" HierarchyLvlTypeId="18" Intrnl_Id="20" Name="default package">
<Header/>
<LocList/>
<HierarchyLvl HierarchyLvlId="959" HierarchyLvlTypeId="15" Intrnl_Id="21" Name="game">
<Header/>
<LocList/>
<HierarchyLvl HierarchyLvlId="870" HierarchyLvlTypeId="16" Intrnl_Id="22" Name="Soldier">
<Header>
<Loc EndOffset="160" SrcFileId="1" StartOffset="118"/>
</Header>
<LocList>
<Loc EndOffset="874" SrcFileId="1" StartOffset="118"/>
</LocList>
<HierarchyLvl HierarchyLvlId="865" HierarchyLvlTypeId="17" Intrnl_Id="23" Name="Soldier">
<Header>
<Loc EndOffset="191" SrcFileId="1" StartOffset="167"/>
</Header>
<LocList>
<Loc EndOffset="277" SrcFileId="1" StartOffset="167"/>
</LocList>
<StmntSeq Intrnl_Id="24">
<LocList>
<Loc EndOffset="224" SrcFileId="1" StartOffset="197"/>
<Loc EndOffset="245" SrcFileId="1" StartOffset="228"/>
<Loc EndOffset="273" SrcFileId="1" StartOffset="249"/>
</LocList>
<BasicStmnt CovItemId="S1" CovItemPrefix="game.Soldier.java" Intrnl_Id="25">
<LocList>
<Loc EndOffset="224" SrcFileId="1" StartOffset="197"/>
</LocList>
</BasicStmnt>
<BasicStmnt CovItemId="S2" CovItemPrefix="game.Soldier.java" Intrnl_Id="26">
<LocList>
<Loc EndOffset="245" SrcFileId="1" StartOffset="228"/>
</LocList>
</BasicStmnt>
<BasicStmnt CovItemId="S3" CovItemPrefix="game.Soldier.java" Intrnl_Id="27">
<LocList>
<Loc EndOffset="273" SrcFileId="1" StartOffset="249"/>
</LocList>
</BasicStmnt>
</StmntSeq>
</HierarchyLvl>
<HierarchyLvl HierarchyLvlId="866" HierarchyLvlTypeId="17" Intrnl_Id="28" Name="setSelected">
<Header>
<Loc EndOffset="335" SrcFileId="1" StartOffset="282"/>
</Header>
<LocList>
<Loc EndOffset="510" SrcFileId="1" StartOffset="282"/>
</LocList>
<StmntSeq Intrnl_Id="29">
<LocList>
<Loc EndOffset="477" SrcFileId="1" StartOffset="341"/>
<Loc EndOffset="506" SrcFileId="1" StartOffset="481"/>
</LocList>
<CondStmnt CovItemId="S4" CovItemPrefix="game.Soldier.java" Intrnl_Id="30">
<Branch CovItemId="B1" CovItemPrefix="game.Soldier.java" Implct="false" Intrnl_Id="31">
<Cond/>
<LocList>
<Loc EndOffset="414" SrcFileId="1" StartOffset="355"/>
</LocList>
<StmntSeq Intrnl_Id="32">
<LocList>
<Loc EndOffset="409" SrcFileId="1" StartOffset="361"/>
</LocList>
<BasicStmnt CovItemId="S5" CovItemPrefix="game.Soldier.java" Intrnl_Id="33">
<LocList>
<Loc EndOffset="409" SrcFileId="1" StartOffset="361"/>
</LocList>
</BasicStmnt>
</StmntSeq>
</Branch>
<Branch CovItemId="B2" CovItemPrefix="game.Soldier.java" Implct="false" Intrnl_Id="34">
<Cond>
<Loc EndOffset="419" SrcFileId="1" StartOffset="415"/>
</Cond>
<LocList>
<Loc EndOffset="477" SrcFileId="1" StartOffset="420"/>
</LocList>
<StmntSeq Intrnl_Id="35">
<LocList>
<Loc EndOffset="472" SrcFileId="1" StartOffset="426"/>
</LocList>
<BasicStmnt CovItemId="S6" CovItemPrefix="game.Soldier.java" Intrnl_Id="36">
<LocList>
<Loc EndOffset="472" SrcFileId="1" StartOffset="426"/>
</LocList>
</BasicStmnt>
</StmntSeq>
</Branch>
<Keyword EndOffset="343" SrcFileId="1" StartOffset="341"/>
<LocList>
<Loc EndOffset="477" SrcFileId="1" StartOffset="341"/>
</LocList>
<RootTerm CovItemId="C1" CovItemPrefix="game.Soldier.java" Intrnl_Id="37">
<BasicBoolTerm Intrnl_Id="38">
<LocList>
<Loc EndOffset="353" SrcFileId="1" StartOffset="345"/>
</LocList>
</BasicBoolTerm>
</RootTerm>
</CondStmnt>
<BasicStmnt CovItemId="S7" CovItemPrefix="game.Soldier.java" Intrnl_Id="39">
<LocList>
<Loc EndOffset="506" SrcFileId="1" StartOffset="481"/>
</LocList>
</BasicStmnt>
</StmntSeq>
</HierarchyLvl>
<HierarchyLvl HierarchyLvlId="867" HierarchyLvlTypeId="17" Intrnl_Id="40" Name="hide">
<Header>
<Loc EndOffset="545" SrcFileId="1" StartOffset="515"/>
</Header>
<LocList>
<Loc EndOffset="591" SrcFileId="1" StartOffset="515"/>
</LocList>
</HierarchyLvl>
<HierarchyLvl HierarchyLvlId="868" HierarchyLvlTypeId="17" Intrnl_Id="41" Name="show">
<Header>
<Loc EndOffset="626" SrcFileId="1" StartOffset="596"/>
</Header>
<LocList>
<Loc EndOffset="672" SrcFileId="1" StartOffset="596"/>
</LocList>
</HierarchyLvl>
<HierarchyLvl HierarchyLvlId="869" HierarchyLvlTypeId="17" Intrnl_Id="42" Name="actionPerformed">
<Header>
<Loc EndOffset="731" SrcFileId="1" StartOffset="677"/>
</Header>
<LocList>
<Loc EndOffset="868" SrcFileId="1" StartOffset="677"/>
</LocList>
<StmntSeq Intrnl_Id="43">
<LocList>
<Loc EndOffset="864" SrcFileId="1" StartOffset="737"/>
</LocList>
<CondStmnt CovItemId="S8" CovItemPrefix="game.Soldier.java" Intrnl_Id="44">
<Branch CovItemId="B3" CovItemPrefix="game.Soldier.java" Implct="false" Intrnl_Id="45">
<Cond/>
<LocList>
<Loc EndOffset="803" SrcFileId="1" StartOffset="751"/>
</LocList>
<StmntSeq Intrnl_Id="46">
<LocList>
<Loc EndOffset="798" SrcFileId="1" StartOffset="757"/>
</LocList>
<BasicStmnt CovItemId="S9" CovItemPrefix="game.Soldier.java" Intrnl_Id="47">
<LocList>
<Loc EndOffset="798" SrcFileId="1" StartOffset="757"/>
</LocList>
</BasicStmnt>
</StmntSeq>
</Branch>
<Branch CovItemId="B4" CovItemPrefix="game.Soldier.java" Implct="false" Intrnl_Id="48">
<Cond>
<Loc EndOffset="808" SrcFileId="1" StartOffset="804"/>
</Cond>
<LocList>
<Loc EndOffset="864" SrcFileId="1" StartOffset="809"/>
</LocList>
<StmntSeq Intrnl_Id="49">
<LocList>
<Loc EndOffset="859" SrcFileId="1" StartOffset="815"/>
</LocList>
<BasicStmnt CovItemId="S10" CovItemPrefix="game.Soldier.java" Intrnl_Id="50">
<LocList>
<Loc EndOffset="859" SrcFileId="1" StartOffset="815"/>
</LocList>
</BasicStmnt>
</StmntSeq>
</Branch>
<Keyword EndOffset="739" SrcFileId="1" StartOffset="737"/>
<LocList>
<Loc EndOffset="864" SrcFileId="1" StartOffset="737"/>
</LocList>
<RootTerm CovItemId="C2" CovItemPrefix="game.Soldier.java" Intrnl_Id="51">
<BasicBoolTerm Intrnl_Id="52">
<LocList>
<Loc EndOffset="749" SrcFileId="1" StartOffset="741"/>
</LocList>
</BasicBoolTerm>
</RootTerm>
</CondStmnt>
</StmntSeq>
</HierarchyLvl>
</HierarchyLvl>
<HierarchyLvl HierarchyLvlId="872" HierarchyLvlTypeId="16" Intrnl_Id="53" Name="PlayerBoard">
<Header>
<Loc EndOffset="178" SrcFileId="2" StartOffset="139"/>
</Header>
<LocList>
<Loc EndOffset="438" SrcFileId="2" StartOffset="139"/>
</LocList>
<HierarchyLvl HierarchyLvlId="871" HierarchyLvlTypeId="17" Intrnl_Id="54" Name="PlayerBoard">
<Header>
<Loc EndOffset="215" SrcFileId="2" StartOffset="185"/>
</Header>
<LocList>
<Loc EndOffset="435" SrcFileId="2" StartOffset="185"/>
</LocList>
<StmntSeq Intrnl_Id="55">
<LocList>
<Loc EndOffset="262" SrcFileId="2" StartOffset="221"/>
<Loc EndOffset="289" SrcFileId="2" StartOffset="266"/>
<Loc EndOffset="334" SrcFileId="2" StartOffset="293"/>
<Loc EndOffset="375" SrcFileId="2" StartOffset="338"/>
<Loc EndOffset="431" SrcFileId="2" StartOffset="379"/>
</LocList>
<BasicStmnt CovItemId="S1" CovItemPrefix="game.PlayerBoard.java" Intrnl_Id="56">
<LocList>
<Loc EndOffset="262" SrcFileId="2" StartOffset="221"/>
</LocList>
</BasicStmnt>
<BasicStmnt CovItemId="S2" CovItemPrefix="game.PlayerBoard.java" Intrnl_Id="57">
<LocList>
<Loc EndOffset="289" SrcFileId="2" StartOffset="266"/>
</LocList>
</BasicStmnt>
<BasicStmnt CovItemId="S3" CovItemPrefix="game.PlayerBoard.java" Intrnl_Id="58">
<LocList>
<Loc EndOffset="334" SrcFileId="2" StartOffset="293"/>
</LocList>
</BasicStmnt>
<BasicStmnt CovItemId="S4" CovItemPrefix="game.PlayerBoard.java" Intrnl_Id="59">
<LocList>
<Loc EndOffset="375" SrcFileId="2" StartOffset="338"/>
</LocList>
</BasicStmnt>
<BasicStmnt CovItemId="S5" CovItemPrefix="game.PlayerBoard.java" Intrnl_Id="60">
<LocList>
<Loc EndOffset="431" SrcFileId="2" StartOffset="379"/>
</LocList>
</BasicStmnt>
</StmntSeq>
</HierarchyLvl>
</HierarchyLvl>
<HierarchyLvl HierarchyLvlId="886" HierarchyLvlTypeId="16" Intrnl_Id="61" Name="PieceFactory">
<Header>
<Loc EndOffset="42" SrcFileId="3" StartOffset="17"/>
</Header>
<LocList>
<Loc EndOffset="1785" SrcFileId="3" StartOffset="17"/>
</LocList>
<HierarchyLvl HierarchyLvlId="873" HierarchyLvlTypeId="17" Intrnl_Id="62" Name="createBomb">
<Header>
<Loc EndOffset="83" SrcFileId="3" StartOffset="50"/>
</Header>
<LocList>
<Loc EndOffset="166" SrcFileId="3" StartOffset="50"/>
</LocList>
<StmntSeq Intrnl_Id="63">
<LocList>
<Loc EndOffset="121" SrcFileId="3" StartOffset="89"/>
<Loc EndOffset="146" SrcFileId="3" StartOffset="125"/>
<Loc EndOffset="162" SrcFileId="3" StartOffset="150"/>
</LocList>
<BasicStmnt CovItemId="S1" CovItemPrefix="game.PieceFactory.java" Intrnl_Id="64">
<LocList>
<Loc EndOffset="121" SrcFileId="3" StartOffset="89"/>
</LocList>
</BasicStmnt>
<BasicStmnt CovItemId="S2" CovItemPrefix="game.PieceFactory.java" Intrnl_Id="65">
<LocList>
<Loc EndOffset="146" SrcFileId="3" StartOffset="125"/>
</LocList>
</BasicStmnt>
<BasicStmnt CovItemId="S3" CovItemPrefix="game.PieceFactory.java" Intrnl_Id="66">
<LocList>
<Loc EndOffset="162" SrcFileId="3" StartOffset="150"/>
</LocList>
</BasicStmnt>
</StmntSeq>
</HierarchyLvl>
<HierarchyLvl HierarchyLvlId="874" HierarchyLvlTypeId="17" Intrnl_Id="67" Name="createClearPiece">
<Header>
<Loc EndOffset="211" SrcFileId="3" StartOffset="172"/>
</Header>
<LocList>
<Loc EndOffset="245" SrcFileId="3" StartOffset="172"/>
</LocList>
<StmntSeq Intrnl_Id="68">
<LocList>
<Loc EndOffset="241" SrcFileId="3" StartOffset="217"/>
</LocList>
<BasicStmnt CovItemId="S4" CovItemPrefix="game.PieceFactory.java" Intrnl_Id="69">
<LocList>
<Loc EndOffset="241" SrcFileId="3" StartOffset="217"/>
</LocList>
</BasicStmnt>
</StmntSeq>
</HierarchyLvl>
<HierarchyLvl HierarchyLvlId="875" HierarchyLvlTypeId="17" Intrnl_Id="70" Name="createFlag">
<Header>
<Loc EndOffset="284" SrcFileId="3" StartOffset="251"/>
</Header>
<LocList>
<Loc EndOffset="367" SrcFileId="3" StartOffset="251"/>
</LocList>
<StmntSeq Intrnl_Id="71">
<LocList>
<Loc EndOffset="322" SrcFileId="3" StartOffset="290"/>
<Loc EndOffset="347" SrcFileId="3" StartOffset="326"/>
<Loc EndOffset="363" SrcFileId="3" StartOffset="351"/>
</LocList>
<BasicStmnt CovItemId="S5" CovItemPrefix="game.PieceFactory.java" Intrnl_Id="72">
<LocList>
<Loc EndOffset="322" SrcFileId="3" StartOffset="290"/>
</LocList>
</BasicStmnt>
<BasicStmnt CovItemId="S6" CovItemPrefix="game.PieceFactory.java" Intrnl_Id="73">
<LocList>
<Loc EndOffset="347" SrcFileId="3" StartOffset="326"/>
</LocList>
</BasicStmnt>
<BasicStmnt CovItemId="S7" CovItemPrefix="game.PieceFactory.java" Intrnl_Id="74">
<LocList>
<Loc EndOffset="363" SrcFileId="3" StartOffset="351"/>
</LocList>
</BasicStmnt>
</StmntSeq>
</HierarchyLvl>
<HierarchyLvl HierarchyLvlId="876" HierarchyLvlTypeId="17" Intrnl_Id="75" Name="createSpy">
<Header>
<Loc EndOffset="405" SrcFileId="3" StartOffset="373"/>
</Header>
<LocList>
<Loc EndOffset="488" SrcFileId="3" StartOffset="373"/>
</LocList>
<StmntSeq Intrnl_Id="76">
<LocList>
<Loc EndOffset="446" SrcFileId="3" StartOffset="411"/>
<Loc EndOffset="469" SrcFileId="3" StartOffset="450"/>
<Loc EndOffset="484" SrcFileId="3" StartOffset="473"/>
</LocList>
<BasicStmnt CovItemId="S8" CovItemPrefix="game.PieceFactory.java" Intrnl_Id="77">
<LocList>
<Loc EndOffset="446" SrcFileId="3" StartOffset="411"/>
</LocList>
</BasicStmnt>
<BasicStmnt CovItemId="S9" CovItemPrefix="game.PieceFactory.java" Intrnl_Id="78">
<LocList>
<Loc EndOffset="469" SrcFileId="3" StartOffset="450"/>
</LocList>
</BasicStmnt>
<BasicStmnt CovItemId="S10" CovItemPrefix="game.PieceFactory.java" Intrnl_Id="79">
<LocList>
<Loc EndOffset="484" SrcFileId="3" StartOffset="473"/>
</LocList>
</BasicStmnt>
</StmntSeq>
</HierarchyLvl>
<HierarchyLvl HierarchyLvlId="877" HierarchyLvlTypeId="17" Intrnl_Id="80" Name="createMarshall">
<Header>
<Loc EndOffset="531" SrcFileId="3" StartOffset="494"/>
</Header>
<LocList>
<Loc EndOffset="631" SrcFileId="3" StartOffset="494"/>
</LocList>
<StmntSeq Intrnl_Id="81">
<LocList>
<Loc EndOffset="576" SrcFileId="3" StartOffset="537"/>
<Loc EndOffset="608" SrcFileId="3" StartOffset="580"/>
<Loc EndOffset="627" SrcFileId="3" StartOffset="612"/>
</LocList>
<BasicStmnt CovItemId="S11" CovItemPrefix="game.PieceFactory.java" Intrnl_Id="82">
<LocList>
<Loc EndOffset="576" SrcFileId="3" StartOffset="537"/>
</LocList>
</BasicStmnt>
<BasicStmnt CovItemId="S12" CovItemPrefix="game.PieceFactory.java" Intrnl_Id="83">
<LocList>
<Loc EndOffset="608" SrcFileId="3" StartOffset="580"/>
</LocList>
</BasicStmnt>
<BasicStmnt CovItemId="S13" CovItemPrefix="game.PieceFactory.java" Intrnl_Id="84">
<LocList>
<Loc EndOffset="627" SrcFileId="3" StartOffset="612"/>
</LocList>
</BasicStmnt>
</StmntSeq>
</HierarchyLvl>
<HierarchyLvl HierarchyLvlId="878" HierarchyLvlTypeId="17" Intrnl_Id="85" Name="createGeneral">
<Header>
<Loc EndOffset="673" SrcFileId="3" StartOffset="637"/>
</Header>
<LocList>
<Loc EndOffset="772" SrcFileId="3" StartOffset="637"/>
</LocList>
<StmntSeq Intrnl_Id="86">
<LocList>
<Loc EndOffset="718" SrcFileId="3" StartOffset="679"/>
<Loc EndOffset="749" SrcFileId="3" StartOffset="722"/>
<Loc EndOffset="768" SrcFileId="3" StartOffset="753"/>
</LocList>
<BasicStmnt CovItemId="S14" CovItemPrefix="game.PieceFactory.java" Intrnl_Id="87">
<LocList>
<Loc EndOffset="718" SrcFileId="3" StartOffset="679"/>
</LocList>
</BasicStmnt>
<BasicStmnt CovItemId="S15" CovItemPrefix="game.PieceFactory.java" Intrnl_Id="88">
<LocList>
<Loc EndOffset="749" SrcFileId="3" StartOffset="722"/>
</LocList>
</BasicStmnt>
<BasicStmnt CovItemId="S16" CovItemPrefix="game.PieceFactory.java" Intrnl_Id="89">
<LocList>
<Loc EndOffset="768" SrcFileId="3" StartOffset="753"/>
</LocList>
</BasicStmnt>
</StmntSeq>
</HierarchyLvl>
<HierarchyLvl HierarchyLvlId="879" HierarchyLvlTypeId="17" Intrnl_Id="90" Name="createColonel">
<Header>
<Loc EndOffset="814" SrcFileId="3" StartOffset="778"/>
</Header>
<LocList>
<Loc EndOffset="913" SrcFileId="3" StartOffset="778"/>
</LocList>
<StmntSeq Intrnl_Id="91">
<LocList>
<Loc EndOffset="859" SrcFileId="3" StartOffset="820"/>
<Loc EndOffset="890" SrcFileId="3" StartOffset="863"/>
<Loc EndOffset="909" SrcFileId="3" StartOffset="894"/>
</LocList>
<BasicStmnt CovItemId="S17" CovItemPrefix="game.PieceFactory.java" Intrnl_Id="92">
<LocList>
<Loc EndOffset="859" SrcFileId="3" StartOffset="820"/>
</LocList>
</BasicStmnt>
<BasicStmnt CovItemId="S18" CovItemPrefix="game.PieceFactory.java" Intrnl_Id="93">
<LocList>
<Loc EndOffset="890" SrcFileId="3" StartOffset="863"/>
</LocList>
</BasicStmnt>
<BasicStmnt CovItemId="S19" CovItemPrefix="game.PieceFactory.java" Intrnl_Id="94">
<LocList>
<Loc EndOffset="909" SrcFileId="3" StartOffset="894"/>
</LocList>
</BasicStmnt>
</StmntSeq>
</HierarchyLvl>
<HierarchyLvl HierarchyLvlId="880" HierarchyLvlTypeId="17" Intrnl_Id="95" Name="createMajor">
<Header>
<Loc EndOffset="953" SrcFileId="3" StartOffset="919"/>
</Header>
<LocList>
<Loc EndOffset="1050" SrcFileId="3" StartOffset="919"/>
</LocList>
<StmntSeq Intrnl_Id="96">
<LocList>
<Loc EndOffset="998" SrcFileId="3" StartOffset="959"/>
<Loc EndOffset="1027" SrcFileId="3" StartOffset="1002"/>
<Loc EndOffset="1046" SrcFileId="3" StartOffset="1031"/>
</LocList>
<BasicStmnt CovItemId="S20" CovItemPrefix="game.PieceFactory.java" Intrnl_Id="97">
<LocList>
<Loc EndOffset="998" SrcFileId="3" StartOffset="959"/>
</LocList>
</BasicStmnt>
<BasicStmnt CovItemId="S21" CovItemPrefix="game.PieceFactory.java" Intrnl_Id="98">
<LocList>
<Loc EndOffset="1027" SrcFileId="3" StartOffset="1002"/>
</LocList>
</BasicStmnt>
<BasicStmnt CovItemId="S22" CovItemPrefix="game.PieceFactory.java" Intrnl_Id="99">
<LocList>
<Loc EndOffset="1046" SrcFileId="3" StartOffset="1031"/>
</LocList>
</BasicStmnt>
</StmntSeq>
</HierarchyLvl>
<HierarchyLvl HierarchyLvlId="881" HierarchyLvlTypeId="17" Intrnl_Id="100" Name="createCaptain">
<Header>
<Loc EndOffset="1098" SrcFileId="3" StartOffset="1055"/>
</Header>
<LocList>
<Loc EndOffset="1197" SrcFileId="3" StartOffset="1055"/>
</LocList>
<StmntSeq Intrnl_Id="101">
<LocList>
<Loc EndOffset="1143" SrcFileId="3" StartOffset="1104"/>
<Loc EndOffset="1174" SrcFileId="3" StartOffset="1147"/>
<Loc EndOffset="1193" SrcFileId="3" StartOffset="1178"/>
</LocList>
<BasicStmnt CovItemId="S23" CovItemPrefix="game.PieceFactory.java" Intrnl_Id="102">
<LocList>
<Loc EndOffset="1143" SrcFileId="3" StartOffset="1104"/>
</LocList>
</BasicStmnt>
<BasicStmnt CovItemId="S24" CovItemPrefix="game.PieceFactory.java" Intrnl_Id="103">
<LocList>
<Loc EndOffset="1174" SrcFileId="3" StartOffset="1147"/>
</LocList>
</BasicStmnt>
<BasicStmnt CovItemId="S25" CovItemPrefix="game.PieceFactory.java" Intrnl_Id="104">
<LocList>
<Loc EndOffset="1193" SrcFileId="3" StartOffset="1178"/>
</LocList>
</BasicStmnt>
</StmntSeq>
</HierarchyLvl>
<HierarchyLvl HierarchyLvlId="882" HierarchyLvlTypeId="17" Intrnl_Id="105" Name="createLieutenant">
<Header>
<Loc EndOffset="1248" SrcFileId="3" StartOffset="1202"/>
</Header>
<LocList>
<Loc EndOffset="1345" SrcFileId="3" StartOffset="1202"/>
</LocList>
<StmntSeq Intrnl_Id="106">
<LocList>
<Loc EndOffset="1293" SrcFileId="3" StartOffset="1254"/>
<Loc EndOffset="1322" SrcFileId="3" StartOffset="1297"/>
<Loc EndOffset="1341" SrcFileId="3" StartOffset="1326"/>
</LocList>
<BasicStmnt CovItemId="S26" CovItemPrefix="game.PieceFactory.java" Intrnl_Id="107">
<LocList>
<Loc EndOffset="1293" SrcFileId="3" StartOffset="1254"/>
</LocList>
</BasicStmnt>
<BasicStmnt CovItemId="S27" CovItemPrefix="game.PieceFactory.java" Intrnl_Id="108">
<LocList>
<Loc EndOffset="1322" SrcFileId="3" StartOffset="1297"/>
</LocList>
</BasicStmnt>
<BasicStmnt CovItemId="S28" CovItemPrefix="game.PieceFactory.java" Intrnl_Id="109">
<LocList>
<Loc EndOffset="1341" SrcFileId="3" StartOffset="1326"/>
</LocList>
</BasicStmnt>
</StmntSeq>
</HierarchyLvl>
<HierarchyLvl HierarchyLvlId="883" HierarchyLvlTypeId="17" Intrnl_Id="110" Name="createSergeant">
<Header>
<Loc EndOffset="1394" SrcFileId="3" StartOffset="1350"/>
</Header>
<LocList>
<Loc EndOffset="1494" SrcFileId="3" StartOffset="1350"/>
</LocList>
<StmntSeq Intrnl_Id="111">
<LocList>
<Loc EndOffset="1439" SrcFileId="3" StartOffset="1400"/>
<Loc EndOffset="1471" SrcFileId="3" StartOffset="1443"/>
<Loc EndOffset="1490" SrcFileId="3" StartOffset="1475"/>
</LocList>
<BasicStmnt CovItemId="S29" CovItemPrefix="game.PieceFactory.java" Intrnl_Id="112">
<LocList>
<Loc EndOffset="1439" SrcFileId="3" StartOffset="1400"/>
</LocList>
</BasicStmnt>
<BasicStmnt CovItemId="S30" CovItemPrefix="game.PieceFactory.java" Intrnl_Id="113">
<LocList>
<Loc EndOffset="1471" SrcFileId="3" StartOffset="1443"/>
</LocList>
</BasicStmnt>
<BasicStmnt CovItemId="S31" CovItemPrefix="game.PieceFactory.java" Intrnl_Id="114">
<LocList>
<Loc EndOffset="1490" SrcFileId="3" StartOffset="1475"/>
</LocList>
</BasicStmnt>
</StmntSeq>
</HierarchyLvl>
<HierarchyLvl HierarchyLvlId="884" HierarchyLvlTypeId="17" Intrnl_Id="115" Name="createMiner">
<Header>
<Loc EndOffset="1540" SrcFileId="3" StartOffset="1499"/>
</Header>
<LocList>
<Loc EndOffset="1637" SrcFileId="3" StartOffset="1499"/>
</LocList>
<StmntSeq Intrnl_Id="116">
<LocList>
<Loc EndOffset="1585" SrcFileId="3" StartOffset="1546"/>
<Loc EndOffset="1614" SrcFileId="3" StartOffset="1589"/>
<Loc EndOffset="1633" SrcFileId="3" StartOffset="1618"/>
</LocList>
<BasicStmnt CovItemId="S32" CovItemPrefix="game.PieceFactory.java" Intrnl_Id="117">
<LocList>
<Loc EndOffset="1585" SrcFileId="3" StartOffset="1546"/>
</LocList>
</BasicStmnt>
<BasicStmnt CovItemId="S33" CovItemPrefix="game.PieceFactory.java" Intrnl_Id="118">
<LocList>
<Loc EndOffset="1614" SrcFileId="3" StartOffset="1589"/>
</LocList>
</BasicStmnt>
<BasicStmnt CovItemId="S34" CovItemPrefix="game.PieceFactory.java" Intrnl_Id="119">
<LocList>
<Loc EndOffset="1633" SrcFileId="3" StartOffset="1618"/>
</LocList>
</BasicStmnt>
</StmntSeq>
</HierarchyLvl>
<HierarchyLvl HierarchyLvlId="885" HierarchyLvlTypeId="17" Intrnl_Id="120" Name="createScout">
<Header>
<Loc EndOffset="1683" SrcFileId="3" StartOffset="1642"/>
</Header>
<LocList>
<Loc EndOffset="1780" SrcFileId="3" StartOffset="1642"/>
</LocList>
<StmntSeq Intrnl_Id="121">
<LocList>
<Loc EndOffset="1728" SrcFileId="3" StartOffset="1689"/>
<Loc EndOffset="1757" SrcFileId="3" StartOffset="1732"/>
<Loc EndOffset="1776" SrcFileId="3" StartOffset="1761"/>
</LocList>
<BasicStmnt CovItemId="S35" CovItemPrefix="game.PieceFactory.java" Intrnl_Id="122">
<LocList>
<Loc EndOffset="1728" SrcFileId="3" StartOffset="1689"/>
</LocList>
</BasicStmnt>
<BasicStmnt CovItemId="S36" CovItemPrefix="game.PieceFactory.java" Intrnl_Id="123">
<LocList>
<Loc EndOffset="1757" SrcFileId="3" StartOffset="1732"/>
</LocList>
</BasicStmnt>
<BasicStmnt CovItemId="S37" CovItemPrefix="game.PieceFactory.java" Intrnl_Id="124">
<LocList>
<Loc EndOffset="1776" SrcFileId="3" StartOffset="1761"/>
</LocList>
</BasicStmnt>
</StmntSeq>
</HierarchyLvl>
</HierarchyLvl>
<HierarchyLvl HierarchyLvlId="893" HierarchyLvlTypeId="16" Intrnl_Id="125" Name="Obstacle">
<Header>
<Loc EndOffset="129" SrcFileId="4" StartOffset="86"/>
</Header>
<LocList>
<Loc EndOffset="650" SrcFileId="4" StartOffset="86"/>
</LocList>
<HierarchyLvl HierarchyLvlId="887" HierarchyLvlTypeId="17" Intrnl_Id="126" Name="actionPerformed">
<Header>
<Loc EndOffset="191" SrcFileId="4" StartOffset="137"/>
</Header>
<LocList>
<Loc EndOffset="239" SrcFileId="4" StartOffset="137"/>
</LocList>
</HierarchyLvl>
<HierarchyLvl HierarchyLvlId="888" HierarchyLvlTypeId="17" Intrnl_Id="127" Name="setSelected">
<Header>
<Loc EndOffset="297" SrcFileId="4" StartOffset="244"/>
</Header>
<LocList>
<Loc EndOffset="345" SrcFileId="4" StartOffset="244"/>
</LocList>
</HierarchyLvl>
<HierarchyLvl HierarchyLvlId="889" HierarchyLvlTypeId="17" Intrnl_Id="128" Name="hide">
<Header>
<Loc EndOffset="380" SrcFileId="4" StartOffset="350"/>
</Header>
<LocList>
<Loc EndOffset="428" SrcFileId="4" StartOffset="350"/>
</LocList>
</HierarchyLvl>
<HierarchyLvl HierarchyLvlId="890" HierarchyLvlTypeId="17" Intrnl_Id="129" Name="show">
<Header>
<Loc EndOffset="463" SrcFileId="4" StartOffset="433"/>
</Header>
<LocList>
<Loc EndOffset="511" SrcFileId="4" StartOffset="433"/>
</LocList>
</HierarchyLvl>
<HierarchyLvl HierarchyLvlId="891" HierarchyLvlTypeId="17" Intrnl_Id="130" Name="setOwner">
<Header>
<Loc EndOffset="557" SrcFileId="4" StartOffset="517"/>
</Header>
<LocList>
<Loc EndOffset="585" SrcFileId="4" StartOffset="517"/>
</LocList>
<StmntSeq Intrnl_Id="131">
<LocList>
<Loc EndOffset="581" SrcFileId="4" StartOffset="563"/>
</LocList>
<BasicStmnt CovItemId="S1" CovItemPrefix="game.Obstacle.java" Intrnl_Id="132">
<LocList>
<Loc EndOffset="581" SrcFileId="4" StartOffset="563"/>
</LocList>
</BasicStmnt>
</StmntSeq>
</HierarchyLvl>
<HierarchyLvl HierarchyLvlId="892" HierarchyLvlTypeId="17" Intrnl_Id="133" Name="getOwner">
<Header>
<Loc EndOffset="625" SrcFileId="4" StartOffset="591"/>
</Header>
<LocList>
<Loc EndOffset="647" SrcFileId="4" StartOffset="591"/>
</LocList>
<StmntSeq Intrnl_Id="134">
<LocList>
<Loc EndOffset="643" SrcFileId="4" StartOffset="631"/>
</LocList>
<BasicStmnt CovItemId="S2" CovItemPrefix="game.Obstacle.java" Intrnl_Id="135">
<LocList>
<Loc EndOffset="643" SrcFileId="4" StartOffset="631"/>
</LocList>
</BasicStmnt>
</StmntSeq>
</HierarchyLvl>
</HierarchyLvl>
<HierarchyLvl HierarchyLvlId="896" HierarchyLvlTypeId="19" Intrnl_Id="136" Name="IPieceObserver">
<Header>
<Loc EndOffset="163" SrcFileId="5" StartOffset="132"/>
</Header>
<LocList>
<Loc EndOffset="287" SrcFileId="5" StartOffset="132"/>
</LocList>
<HierarchyLvl HierarchyLvlId="894" HierarchyLvlTypeId="17" Intrnl_Id="137" Name="selectedButtonPressed">
<Header>
<Loc EndOffset="223" SrcFileId="5" StartOffset="170"/>
</Header>
<LocList>
<Loc EndOffset="224" SrcFileId="5" StartOffset="170"/>
</LocList>
</HierarchyLvl>
<HierarchyLvl HierarchyLvlId="895" HierarchyLvlTypeId="17" Intrnl_Id="138" Name="nonSelectedButtonPressed">
<Header>
<Loc EndOffset="283" SrcFileId="5" StartOffset="227"/>
</Header>
<LocList>
<Loc EndOffset="284" SrcFileId="5" StartOffset="227"/>
</LocList>
</HierarchyLvl>
</HierarchyLvl>
<HierarchyLvl HierarchyLvlId="909" HierarchyLvlTypeId="19" Intrnl_Id="139" Name="IPiece">
<Header>
<Loc EndOffset="97" SrcFileId="6" StartOffset="74"/>
</Header>
<LocList>
<Loc EndOffset="597" SrcFileId="6" StartOffset="74"/>
</LocList>
<HierarchyLvl HierarchyLvlId="897" HierarchyLvlTypeId="17" Intrnl_Id="140" Name="isSelected">
<Header>
<Loc EndOffset="129" SrcFileId="6" StartOffset="102"/>
</Header>
<LocList>
<Loc EndOffset="130" SrcFileId="6" StartOffset="102"/>
</LocList>
</HierarchyLvl>
<HierarchyLvl HierarchyLvlId="898" HierarchyLvlTypeId="17" Intrnl_Id="141" Name="setSelected">
<Header>
<Loc EndOffset="174" SrcFileId="6" StartOffset="133"/>
</Header>
<LocList>
<Loc EndOffset="175" SrcFileId="6" StartOffset="133"/>
</LocList>
</HierarchyLvl>
<HierarchyLvl HierarchyLvlId="899" HierarchyLvlTypeId="17" Intrnl_Id="142" Name="hide">
<Header>
<Loc EndOffset="196" SrcFileId="6" StartOffset="178"/>
</Header>
<LocList>
<Loc EndOffset="197" SrcFileId="6" StartOffset="178"/>
</LocList>
</HierarchyLvl>
<HierarchyLvl HierarchyLvlId="900" HierarchyLvlTypeId="17" Intrnl_Id="143" Name="show">
<Header>
<Loc EndOffset="218" SrcFileId="6" StartOffset="200"/>
</Header>
<LocList>
<Loc EndOffset="219" SrcFileId="6" StartOffset="200"/>
</LocList>
</HierarchyLvl>
<HierarchyLvl HierarchyLvlId="901" HierarchyLvlTypeId="17" Intrnl_Id="144" Name="setObserver">
<Header>
<Loc EndOffset="270" SrcFileId="6" StartOffset="222"/>
</Header>
<LocList>
<Loc EndOffset="271" SrcFileId="6" StartOffset="222"/>
</LocList>
</HierarchyLvl>
<HierarchyLvl HierarchyLvlId="902" HierarchyLvlTypeId="17" Intrnl_Id="145" Name="setLocation">
<Header>
<Loc EndOffset="313" SrcFileId="6" StartOffset="274"/>
</Header>
<LocList>
<Loc EndOffset="314" SrcFileId="6" StartOffset="274"/>
</LocList>
</HierarchyLvl>
<HierarchyLvl HierarchyLvlId="903" HierarchyLvlTypeId="17" Intrnl_Id="146" Name="getLocation">
<Header>
<Loc EndOffset="343" SrcFileId="6" StartOffset="317"/>
</Header>
<LocList>
<Loc EndOffset="344" SrcFileId="6" StartOffset="317"/>
</LocList>
</HierarchyLvl>
<HierarchyLvl HierarchyLvlId="904" HierarchyLvlTypeId="17" Intrnl_Id="147" Name="getOwner">
<Header>
<Loc EndOffset="369" SrcFileId="6" StartOffset="347"/>
</Header>
<LocList>
<Loc EndOffset="370" SrcFileId="6" StartOffset="347"/>
</LocList>
</HierarchyLvl>
<HierarchyLvl HierarchyLvlId="905" HierarchyLvlTypeId="17" Intrnl_Id="148" Name="setOwner">
<Header>
<Loc EndOffset="405" SrcFileId="6" StartOffset="373"/>
</Header>
<LocList>
<Loc EndOffset="406" SrcFileId="6" StartOffset="373"/>
</LocList>
</HierarchyLvl>
<HierarchyLvl HierarchyLvlId="906" HierarchyLvlTypeId="17" Intrnl_Id="149" Name="setName">
<Header>
<Loc EndOffset="441" SrcFileId="6" StartOffset="409"/>
</Header>
<LocList>
<Loc EndOffset="442" SrcFileId="6" StartOffset="409"/>
</LocList>
</HierarchyLvl>
<HierarchyLvl HierarchyLvlId="907" HierarchyLvlTypeId="17" Intrnl_Id="150" Name="getName">
<Header>
<Loc EndOffset="468" SrcFileId="6" StartOffset="445"/>
</Header>
<LocList>
<Loc EndOffset="469" SrcFileId="6" StartOffset="445"/>
</LocList>
</HierarchyLvl>
<HierarchyLvl HierarchyLvlId="908" HierarchyLvlTypeId="17" Intrnl_Id="151" Name="getRank">
<Header>
<Loc EndOffset="492" SrcFileId="6" StartOffset="472"/>
</Header>
<LocList>
<Loc EndOffset="493" SrcFileId="6" StartOffset="472"/>
</LocList>
</HierarchyLvl>
</HierarchyLvl>
<HierarchyLvl HierarchyLvlId="911" HierarchyLvlTypeId="16" Intrnl_Id="152" Name="GameBoardFrame">
<Header>
<Loc EndOffset="201" SrcFileId="7" StartOffset="159"/>
</Header>
<LocList>
<Loc EndOffset="563" SrcFileId="7" StartOffset="159"/>
</LocList>
<HierarchyLvl HierarchyLvlId="910" HierarchyLvlTypeId="17" Intrnl_Id="153" Name="GameBoardFrame">
<Header>
<Loc EndOffset="270" SrcFileId="7" StartOffset="237"/>
</Header>
<LocList>
<Loc EndOffset="560" SrcFileId="7" StartOffset="237"/>
</LocList>
<StmntSeq Intrnl_Id="154">
<LocList>
<Loc EndOffset="328" SrcFileId="7" StartOffset="276"/>
<Loc EndOffset="399" SrcFileId="7" StartOffset="332"/>
<Loc EndOffset="455" SrcFileId="7" StartOffset="403"/>
<Loc EndOffset="490" SrcFileId="7" StartOffset="459"/>
<Loc EndOffset="510" SrcFileId="7" StartOffset="494"/>
<Loc EndOffset="536" SrcFileId="7" StartOffset="514"/>
<Loc EndOffset="556" SrcFileId="7" StartOffset="540"/>
</LocList>
<BasicStmnt CovItemId="S1" CovItemPrefix="game.GameBoardFrame.java" Intrnl_Id="155">
<LocList>
<Loc EndOffset="328" SrcFileId="7" StartOffset="276"/>
</LocList>
</BasicStmnt>
<BasicStmnt CovItemId="S2" CovItemPrefix="game.GameBoardFrame.java" Intrnl_Id="156">
<LocList>
<Loc EndOffset="399" SrcFileId="7" StartOffset="332"/>
</LocList>
</BasicStmnt>
<BasicStmnt CovItemId="S3" CovItemPrefix="game.GameBoardFrame.java" Intrnl_Id="157">
<LocList>
<Loc EndOffset="455" SrcFileId="7" StartOffset="403"/>
</LocList>
</BasicStmnt>
<BasicStmnt CovItemId="S4" CovItemPrefix="game.GameBoardFrame.java" Intrnl_Id="158">
<LocList>
<Loc EndOffset="490" SrcFileId="7" StartOffset="459"/>
</LocList>
</BasicStmnt>
<BasicStmnt CovItemId="S5" CovItemPrefix="game.GameBoardFrame.java" Intrnl_Id="159">
<LocList>
<Loc EndOffset="510" SrcFileId="7" StartOffset="494"/>
</LocList>
</BasicStmnt>
<BasicStmnt CovItemId="S6" CovItemPrefix="game.GameBoardFrame.java" Intrnl_Id="160">
<LocList>
<Loc EndOffset="536" SrcFileId="7" StartOffset="514"/>
</LocList>
</BasicStmnt>
<BasicStmnt CovItemId="S7" CovItemPrefix="game.GameBoardFrame.java" Intrnl_Id="161">
<LocList>
<Loc EndOffset="556" SrcFileId="7" StartOffset="540"/>
</LocList>
</BasicStmnt>
</StmntSeq>
</HierarchyLvl>
</HierarchyLvl>
<HierarchyLvl HierarchyLvlId="922" HierarchyLvlTypeId="16" Intrnl_Id="162" Name="GameBoard">
<Header>
<Loc EndOffset="257" SrcFileId="8" StartOffset="194"/>
</Header>
<LocList>
<Loc EndOffset="264" SrcFileId="8" StartOffset="194"/>
<Loc EndOffset="5927" SrcFileId="8" StartOffset="306"/>
</LocList>
<StmntSeq Intrnl_Id="163">
<LocList>
<Loc EndOffset="376" SrcFileId="8" StartOffset="310"/>
</LocList>
<BasicStmnt CovItemId="S1" CovItemPrefix="game.GameBoard.java" Intrnl_Id="164">
<LocList>
<Loc EndOffset="376" SrcFileId="8" StartOffset="310"/>
</LocList>
</BasicStmnt>
</StmntSeq>
<HierarchyLvl HierarchyLvlId="912" HierarchyLvlTypeId="14" Intrnl_Id="165" Name="User">
<Header>
<Loc EndOffset="287" SrcFileId="8" StartOffset="264"/>
</Header>
<LocList>
<Loc EndOffset="306" SrcFileId="8" StartOffset="264"/>
</LocList>
</HierarchyLvl>
<HierarchyLvl HierarchyLvlId="913" HierarchyLvlTypeId="17" Intrnl_Id="166" Name="GameBoard">
<Header>
<Loc EndOffset="542" SrcFileId="8" StartOffset="514"/>
</Header>
<LocList>
<Loc EndOffset="705" SrcFileId="8" StartOffset="514"/>
</LocList>
<StmntSeq Intrnl_Id="167">
<LocList>
<Loc EndOffset="556" SrcFileId="8" StartOffset="548"/>
<Loc EndOffset="579" SrcFileId="8" StartOffset="560"/>
<Loc EndOffset="618" SrcFileId="8" StartOffset="583"/>
<Loc EndOffset="651" SrcFileId="8" StartOffset="622"/>
<Loc EndOffset="678" SrcFileId="8" StartOffset="655"/>
<Loc EndOffset="701" SrcFileId="8" StartOffset="682"/>
</LocList>
<BasicStmnt CovItemId="S2" CovItemPrefix="game.GameBoard.java" Intrnl_Id="168">
<LocList>
<Loc EndOffset="556" SrcFileId="8" StartOffset="548"/>
</LocList>
</BasicStmnt>
<BasicStmnt CovItemId="S3" CovItemPrefix="game.GameBoard.java" Intrnl_Id="169">
<LocList>
<Loc EndOffset="579" SrcFileId="8" StartOffset="560"/>
</LocList>
</BasicStmnt>
<BasicStmnt CovItemId="S4" CovItemPrefix="game.GameBoard.java" Intrnl_Id="170">
<LocList>
<Loc EndOffset="618" SrcFileId="8" StartOffset="583"/>
</LocList>
</BasicStmnt>
<BasicStmnt CovItemId="S5" CovItemPrefix="game.GameBoard.java" Intrnl_Id="171">
<LocList>
<Loc EndOffset="651" SrcFileId="8" StartOffset="622"/>
</LocList>
</BasicStmnt>
<BasicStmnt CovItemId="S6" CovItemPrefix="game.GameBoard.java" Intrnl_Id="172">
<LocList>
<Loc EndOffset="678" SrcFileId="8" StartOffset="655"/>
</LocList>
</BasicStmnt>
<BasicStmnt CovItemId="S7" CovItemPrefix="game.GameBoard.java" Intrnl_Id="173">
<LocList>
<Loc EndOffset="701" SrcFileId="8" StartOffset="682"/>
</LocList>
</BasicStmnt>
</StmntSeq>
</HierarchyLvl>
<HierarchyLvl HierarchyLvlId="914" HierarchyLvlTypeId="17" Intrnl_Id="174" Name="instantiateBoard">
<Header>
<Loc EndOffset="743" SrcFileId="8" StartOffset="710"/>
</Header>
<LocList>
<Loc EndOffset="1671" SrcFileId="8" StartOffset="710"/>
</LocList>
<StmntSeq Intrnl_Id="175">
<LocList>
<Loc EndOffset="937" SrcFileId="8" StartOffset="749"/>
<Loc EndOffset="1274" SrcFileId="8" StartOffset="941"/>
<Loc EndOffset="1666" SrcFileId="8" StartOffset="1321"/>
</LocList>
<LoopStmnt CovItemId="S8" CovItemPrefix="game.GameBoard.java" Intrnl_Id="176" MltplExecId="L1-2" MltplExecPrefix="game.GameBoard.java" NvrExecId="L1-0" NvrExecPrefix="game.GameBoard.java" OnceExecutedId="L1-1" OnceExecutedPrefix="game.GameBoard.java" OptBodyExec="true">
<StmntSeq Intrnl_Id="177">
<LocList>
<Loc EndOffset="932" SrcFileId="8" StartOffset="784"/>
</LocList>
<LoopStmnt CovItemId="S9" CovItemPrefix="game.GameBoard.java" Intrnl_Id="178" MltplExecId="L2-2" MltplExecPrefix="game.GameBoard.java" NvrExecId="L2-0" NvrExecPrefix="game.GameBoard.java" OnceExecutedId="L2-1" OnceExecutedPrefix="game.GameBoard.java" OptBodyExec="true">
<StmntSeq Intrnl_Id="179">
<LocList>
<Loc EndOffset="891" SrcFileId="8" StartOffset="820"/>
<Loc EndOffset="920" SrcFileId="8" StartOffset="897"/>
</LocList>
<BasicStmnt CovItemId="S10" CovItemPrefix="game.GameBoard.java" Intrnl_Id="180">
<LocList>
<Loc EndOffset="891" SrcFileId="8" StartOffset="820"/>
</LocList>
</BasicStmnt>
<BasicStmnt CovItemId="S11" CovItemPrefix="game.GameBoard.java" Intrnl_Id="181">
<LocList>
<Loc EndOffset="920" SrcFileId="8" StartOffset="897"/>
</LocList>
</BasicStmnt>
</StmntSeq>
<Keyword EndOffset="787" SrcFileId="8" StartOffset="784"/>
<LocList>
<Loc EndOffset="932" SrcFileId="8" StartOffset="784"/>
</LocList>
<RootTerm CovItemId="C2" CovItemPrefix="game.GameBoard.java" Intrnl_Id="182">
<BasicBoolTerm Intrnl_Id="183">
<LocList>
<Loc EndOffset="806" SrcFileId="8" StartOffset="800"/>
</LocList>
</BasicBoolTerm>
</RootTerm>
</LoopStmnt>
</StmntSeq>
<Keyword EndOffset="752" SrcFileId="8" StartOffset="749"/>
<LocList>
<Loc EndOffset="937" SrcFileId="8" StartOffset="749"/>
</LocList>
<RootTerm CovItemId="C1" CovItemPrefix="game.GameBoard.java" Intrnl_Id="184">
<BasicBoolTerm Intrnl_Id="185">
<LocList>
<Loc EndOffset="771" SrcFileId="8" StartOffset="765"/>
</LocList>
</BasicBoolTerm>
</RootTerm>
</LoopStmnt>
<LoopStmnt CovItemId="S12" CovItemPrefix="game.GameBoard.java" Intrnl_Id="186" MltplExecId="L3-2" MltplExecPrefix="game.GameBoard.java" NvrExecId="L3-0" NvrExecPrefix="game.GameBoard.java" OnceExecutedId="L3-1" OnceExecutedPrefix="game.GameBoard.java" OptBodyExec="true">
<StmntSeq Intrnl_Id="187">
<LocList>
<Loc EndOffset="1026" SrcFileId="8" StartOffset="976"/>
<Loc EndOffset="1129" SrcFileId="8" StartOffset="1031"/>
<Loc EndOffset="1205" SrcFileId="8" StartOffset="1134"/>
<Loc EndOffset="1236" SrcFileId="8" StartOffset="1210"/>
<Loc EndOffset="1264" SrcFileId="8" StartOffset="1241"/>
</LocList>
<BasicStmnt CovItemId="S13" CovItemPrefix="game.GameBoard.java" Intrnl_Id="188">
<LocList>
<Loc EndOffset="1026" SrcFileId="8" StartOffset="976"/>
</LocList>
</BasicStmnt>
<CondStmnt CovItemId="S14" CovItemPrefix="game.GameBoard.java" Intrnl_Id="189">
<Branch CovItemId="B1" CovItemPrefix="game.GameBoard.java" Implct="false" Intrnl_Id="190">
<Cond/>
<LocList>
<Loc EndOffset="1085" SrcFileId="8" StartOffset="1047"/>
</LocList>
<StmntSeq Intrnl_Id="191">
<LocList>
<Loc EndOffset="1079" SrcFileId="8" StartOffset="1054"/>
</LocList>
<BasicStmnt CovItemId="S15" CovItemPrefix="game.GameBoard.java" Intrnl_Id="192">
<LocList>
<Loc EndOffset="1079" SrcFileId="8" StartOffset="1054"/>
</LocList>
</BasicStmnt>
</StmntSeq>
</Branch>
<Branch CovItemId="B2" CovItemPrefix="game.GameBoard.java" Implct="false" Intrnl_Id="193">
<Cond>
<Loc EndOffset="1090" SrcFileId="8" StartOffset="1086"/>
</Cond>
<LocList>
<Loc EndOffset="1129" SrcFileId="8" StartOffset="1091"/>
</LocList>
<StmntSeq Intrnl_Id="194">
<LocList>
<Loc EndOffset="1123" SrcFileId="8" StartOffset="1098"/>
</LocList>
<BasicStmnt CovItemId="S16" CovItemPrefix="game.GameBoard.java" Intrnl_Id="195">
<LocList>
<Loc EndOffset="1123" SrcFileId="8" StartOffset="1098"/>
</LocList>
</BasicStmnt>
</StmntSeq>
</Branch>
<Keyword EndOffset="1033" SrcFileId="8" StartOffset="1031"/>
<LocList>
<Loc EndOffset="1129" SrcFileId="8" StartOffset="1031"/>
</LocList>
<RootTerm CovItemId="C4" CovItemPrefix="game.GameBoard.java" Intrnl_Id="196">
<BasicBoolTerm Intrnl_Id="197">
<LocList>
<Loc EndOffset="1045" SrcFileId="8" StartOffset="1035"/>
</LocList>
</BasicBoolTerm>
</RootTerm>
</CondStmnt>
<CondStmnt CovItemId="S17" CovItemPrefix="game.GameBoard.java" Intrnl_Id="198">
<Branch CovItemId="B3" CovItemPrefix="game.GameBoard.java" Implct="false" Intrnl_Id="199">
<Cond/>
<LocList>
<Loc EndOffset="1205" SrcFileId="8" StartOffset="1165"/>
</LocList>
<StmntSeq Intrnl_Id="200">
<LocList>
<Loc EndOffset="1199" SrcFileId="8" StartOffset="1172"/>
</LocList>
<BasicStmnt CovItemId="S18" CovItemPrefix="game.GameBoard.java" Intrnl_Id="201">
<LocList>
<Loc EndOffset="1199" SrcFileId="8" StartOffset="1172"/>
</LocList>
</BasicStmnt>
</StmntSeq>
</Branch>
<Branch CovItemId="B4" CovItemPrefix="game.GameBoard.java" Implct="true" Intrnl_Id="202">
<Cond/>
<LocList/>
<StmntSeq Intrnl_Id="203">
<LocList/>
</StmntSeq>
</Branch>
<Keyword EndOffset="1136" SrcFileId="8" StartOffset="1134"/>
<LocList>
<Loc EndOffset="1205" SrcFileId="8" StartOffset="1134"/>
</LocList>
<RootTerm CovItemId="C5" CovItemPrefix="game.GameBoard.java" Intrnl_Id="204">
<BasicBoolTerm Intrnl_Id="205">
<LocList>
<Loc EndOffset="1163" SrcFileId="8" StartOffset="1137"/>
</LocList>
</BasicBoolTerm>
</RootTerm>
</CondStmnt>
<BasicStmnt CovItemId="S19" CovItemPrefix="game.GameBoard.java" Intrnl_Id="206">
<LocList>
<Loc EndOffset="1236" SrcFileId="8" StartOffset="1210"/>
</LocList>
</BasicStmnt>
<BasicStmnt CovItemId="S20" CovItemPrefix="game.GameBoard.java" Intrnl_Id="207">
<LocList>
<Loc EndOffset="1264" SrcFileId="8" StartOffset="1241"/>
</LocList>
</BasicStmnt>
</StmntSeq>
<Keyword EndOffset="944" SrcFileId="8" StartOffset="941"/>
<LocList>
<Loc EndOffset="1274" SrcFileId="8" StartOffset="941"/>
</LocList>
<RootTerm CovItemId="C3" CovItemPrefix="game.GameBoard.java" Intrnl_Id="208">
<BasicBoolTerm Intrnl_Id="209">
<LocList>
<Loc EndOffset="963" SrcFileId="8" StartOffset="957"/>
</LocList>
</BasicBoolTerm>
</RootTerm>
</LoopStmnt>
<LoopStmnt CovItemId="S21" CovItemPrefix="game.GameBoard.java" Intrnl_Id="210" MltplExecId="L4-2" MltplExecPrefix="game.GameBoard.java" NvrExecId="L4-0" NvrExecPrefix="game.GameBoard.java" OnceExecutedId="L4-1" OnceExecutedPrefix="game.GameBoard.java" OptBodyExec="true">
<StmntSeq Intrnl_Id="211">
<LocList>
<Loc EndOffset="1384" SrcFileId="8" StartOffset="1355"/>
<Loc EndOffset="1419" SrcFileId="8" StartOffset="1389"/>
<Loc EndOffset="1521" SrcFileId="8" StartOffset="1424"/>
<Loc EndOffset="1592" SrcFileId="8" StartOffset="1526"/>
<Loc EndOffset="1627" SrcFileId="8" StartOffset="1597"/>
<Loc EndOffset="1658" SrcFileId="8" StartOffset="1632"/>
</LocList>
<BasicStmnt CovItemId="S22" CovItemPrefix="game.GameBoard.java" Intrnl_Id="212">
<LocList>
<Loc EndOffset="1384" SrcFileId="8" StartOffset="1355"/>
</LocList>
</BasicStmnt>
<BasicStmnt CovItemId="S23" CovItemPrefix="game.GameBoard.java" Intrnl_Id="213">
<LocList>
<Loc EndOffset="1419" SrcFileId="8" StartOffset="1389"/>
</LocList>
</BasicStmnt>
<CondStmnt CovItemId="S24" CovItemPrefix="game.GameBoard.java" Intrnl_Id="214">
<Branch CovItemId="B5" CovItemPrefix="game.GameBoard.java" Implct="false" Intrnl_Id="215">
<Cond/>
<LocList>
<Loc EndOffset="1477" SrcFileId="8" StartOffset="1439"/>
</LocList>
<StmntSeq Intrnl_Id="216">
<LocList>
<Loc EndOffset="1471" SrcFileId="8" StartOffset="1446"/>
</LocList>
<BasicStmnt CovItemId="S25" CovItemPrefix="game.GameBoard.java" Intrnl_Id="217">
<LocList>
<Loc EndOffset="1471" SrcFileId="8" StartOffset="1446"/>
</LocList>
</BasicStmnt>
</StmntSeq>
</Branch>
<Branch CovItemId="B6" CovItemPrefix="game.GameBoard.java" Implct="false" Intrnl_Id="218">
<Cond>
<Loc EndOffset="1482" SrcFileId="8" StartOffset="1478"/>
</Cond>
<LocList>
<Loc EndOffset="1521" SrcFileId="8" StartOffset="1483"/>
</LocList>
<StmntSeq Intrnl_Id="219">
<LocList>
<Loc EndOffset="1515" SrcFileId="8" StartOffset="1490"/>
</LocList>
<BasicStmnt CovItemId="S26" CovItemPrefix="game.GameBoard.java" Intrnl_Id="220">
<LocList>
<Loc EndOffset="1515" SrcFileId="8" StartOffset="1490"/>
</LocList>
</BasicStmnt>
</StmntSeq>
</Branch>
<Keyword EndOffset="1426" SrcFileId="8" StartOffset="1424"/>
<LocList>
<Loc EndOffset="1521" SrcFileId="8" StartOffset="1424"/>
</LocList>
<RootTerm CovItemId="C7" CovItemPrefix="game.GameBoard.java" Intrnl_Id="221">
<BasicBoolTerm Intrnl_Id="222">
<LocList>
<Loc EndOffset="1438" SrcFileId="8" StartOffset="1428"/>
</LocList>
</BasicBoolTerm>
</RootTerm>
</CondStmnt>
<CondStmnt CovItemId="S27" CovItemPrefix="game.GameBoard.java" Intrnl_Id="223">
<Branch CovItemId="B7" CovItemPrefix="game.GameBoard.java" Implct="false" Intrnl_Id="224">
<Cond/>
<LocList>
<Loc EndOffset="1592" SrcFileId="8" StartOffset="1552"/>
</LocList>
<StmntSeq Intrnl_Id="225">
<LocList>
<Loc EndOffset="1586" SrcFileId="8" StartOffset="1559"/>
</LocList>
<BasicStmnt CovItemId="S28" CovItemPrefix="game.GameBoard.java" Intrnl_Id="226">
<LocList>
<Loc EndOffset="1586" SrcFileId="8" StartOffset="1559"/>
</LocList>
</BasicStmnt>
</StmntSeq>
</Branch>
<Branch CovItemId="B8" CovItemPrefix="game.GameBoard.java" Implct="true" Intrnl_Id="227">
<Cond/>
<LocList/>
<StmntSeq Intrnl_Id="228">
<LocList/>
</StmntSeq>
</Branch>
<Keyword EndOffset="1528" SrcFileId="8" StartOffset="1526"/>
<LocList>
<Loc EndOffset="1592" SrcFileId="8" StartOffset="1526"/>
</LocList>
<RootTerm CovItemId="C8" CovItemPrefix="game.GameBoard.java" Intrnl_Id="229">
<BasicBoolTerm Intrnl_Id="230">
<LocList>
<Loc EndOffset="1550" SrcFileId="8" StartOffset="1529"/>
</LocList>
</BasicBoolTerm>
</RootTerm>
</CondStmnt>
<BasicStmnt CovItemId="S29" CovItemPrefix="game.GameBoard.java" Intrnl_Id="231">
<LocList>
<Loc EndOffset="1627" SrcFileId="8" StartOffset="1597"/>
</LocList>
</BasicStmnt>
<BasicStmnt CovItemId="S30" CovItemPrefix="game.GameBoard.java" Intrnl_Id="232">
<LocList>
<Loc EndOffset="1658" SrcFileId="8" StartOffset="1632"/>
</LocList>
</BasicStmnt>
</StmntSeq>
<Keyword EndOffset="1324" SrcFileId="8" StartOffset="1321"/>
<LocList>
<Loc EndOffset="1666" SrcFileId="8" StartOffset="1321"/>
</LocList>
<RootTerm CovItemId="C6" CovItemPrefix="game.GameBoard.java" Intrnl_Id="233">
<BasicBoolTerm Intrnl_Id="234">
<LocList>
<Loc EndOffset="1342" SrcFileId="8" StartOffset="1337"/>
</LocList>
</BasicBoolTerm>
</RootTerm>
</LoopStmnt>
</StmntSeq>
</HierarchyLvl>
<HierarchyLvl HierarchyLvlId="915" HierarchyLvlTypeId="17" Intrnl_Id="235" Name="addPiece">
<Header>
<Loc EndOffset="1733" SrcFileId="8" StartOffset="1674"/>
</Header>
<LocList>
<Loc EndOffset="2035" SrcFileId="8" StartOffset="1674"/>
</LocList>
<StmntSeq Intrnl_Id="236">
<LocList>
<Loc EndOffset="1787" SrcFileId="8" StartOffset="1739"/>
<Loc EndOffset="1824" SrcFileId="8" StartOffset="1791"/>
<Loc EndOffset="1863" SrcFileId="8" StartOffset="1828"/>
<Loc EndOffset="1902" SrcFileId="8" StartOffset="1867"/>
<Loc EndOffset="1930" SrcFileId="8" StartOffset="1906"/>
<Loc EndOffset="1955" SrcFileId="8" StartOffset="1934"/>
<Loc EndOffset="1971" SrcFileId="8" StartOffset="1959"/>
<Loc EndOffset="1987" SrcFileId="8" StartOffset="1975"/>
<Loc EndOffset="2010" SrcFileId="8" StartOffset="1991"/>
<Loc EndOffset="2031" SrcFileId="8" StartOffset="2014"/>
</LocList>
<BasicStmnt CovItemId="S31" CovItemPrefix="game.GameBoard.java" Intrnl_Id="237">
<LocList>
<Loc EndOffset="1787" SrcFileId="8" StartOffset="1739"/>
</LocList>
</BasicStmnt>
<BasicStmnt CovItemId="S32" CovItemPrefix="game.GameBoard.java" Intrnl_Id="238">
<LocList>
<Loc EndOffset="1824" SrcFileId="8" StartOffset="1791"/>
</LocList>
</BasicStmnt>
<BasicStmnt CovItemId="S33" CovItemPrefix="game.GameBoard.java" Intrnl_Id="239">
<LocList>
<Loc EndOffset="1863" SrcFileId="8" StartOffset="1828"/>
</LocList>
</BasicStmnt>
<BasicStmnt CovItemId="S34" CovItemPrefix="game.GameBoard.java" Intrnl_Id="240">
<LocList>
<Loc EndOffset="1902" SrcFileId="8" StartOffset="1867"/>
</LocList>
</BasicStmnt>
<BasicStmnt CovItemId="S35" CovItemPrefix="game.GameBoard.java" Intrnl_Id="241">
<LocList>
<Loc EndOffset="1930" SrcFileId="8" StartOffset="1906"/>
</LocList>
</BasicStmnt>
<BasicStmnt CovItemId="S36" CovItemPrefix="game.GameBoard.java" Intrnl_Id="242">
<LocList>
<Loc EndOffset="1955" SrcFileId="8" StartOffset="1934"/>
</LocList>
</BasicStmnt>
<BasicStmnt CovItemId="S37" CovItemPrefix="game.GameBoard.java" Intrnl_Id="243">
<LocList>
<Loc EndOffset="1971" SrcFileId="8" StartOffset="1959"/>
</LocList>
</BasicStmnt>
<BasicStmnt CovItemId="S38" CovItemPrefix="game.GameBoard.java" Intrnl_Id="244">
<LocList>
<Loc EndOffset="1987" SrcFileId="8" StartOffset="1975"/>
</LocList>
</BasicStmnt>
<BasicStmnt CovItemId="S39" CovItemPrefix="game.GameBoard.java" Intrnl_Id="245">
<LocList>
<Loc EndOffset="2010" SrcFileId="8" StartOffset="1991"/>
</LocList>
</BasicStmnt>
<BasicStmnt CovItemId="S40" CovItemPrefix="game.GameBoard.java" Intrnl_Id="246">
<LocList>
<Loc EndOffset="2031" SrcFileId="8" StartOffset="2014"/>
</LocList>
</BasicStmnt>
</StmntSeq>
</HierarchyLvl>
<HierarchyLvl HierarchyLvlId="916" HierarchyLvlTypeId="17" Intrnl_Id="247" Name="selectedButtonPressed">
<Header>
<Loc EndOffset="2105" SrcFileId="8" StartOffset="2040"/>
</Header>
<LocList>
<Loc EndOffset="2631" SrcFileId="8" StartOffset="2040"/>
</LocList>
<StmntSeq Intrnl_Id="248">
<LocList>
<Loc EndOffset="2493" SrcFileId="8" StartOffset="2111"/>
<Loc EndOffset="2602" SrcFileId="8" StartOffset="2497"/>
<Loc EndOffset="2627" SrcFileId="8" StartOffset="2606"/>
</LocList>
<CondStmnt CovItemId="S41" CovItemPrefix="game.GameBoard.java" Intrnl_Id="249">
<Branch CovItemId="B9" CovItemPrefix="game.GameBoard.java" Implct="false" Intrnl_Id="250">
<Cond/>
<LocList>
<Loc EndOffset="2493" SrcFileId="8" StartOffset="2136"/>
</LocList>
<StmntSeq Intrnl_Id="251">
<LocList>
<Loc EndOffset="2488" SrcFileId="8" StartOffset="2142"/>
</LocList>
<CondStmnt CovItemId="S42" CovItemPrefix="game.GameBoard.java" Intrnl_Id="252">
<Branch CovItemId="B11" CovItemPrefix="game.GameBoard.java" Implct="false" Intrnl_Id="253">
<Cond/>
<LocList>
<Loc EndOffset="2253" SrcFileId="8" StartOffset="2207"/>
</LocList>
<StmntSeq Intrnl_Id="254">
<LocList>
<Loc EndOffset="2247" SrcFileId="8" StartOffset="2214"/>
</LocList>
<BasicStmnt CovItemId="S43" CovItemPrefix="game.GameBoard.java" Intrnl_Id="255">
<LocList>
<Loc EndOffset="2247" SrcFileId="8" StartOffset="2214"/>
</LocList>
</BasicStmnt>
</StmntSeq>
</Branch>
<Branch CovItemId="B12" CovItemPrefix="game.GameBoard.java" Implct="false" Intrnl_Id="256">
<Cond>
<Loc EndOffset="2258" SrcFileId="8" StartOffset="2254"/>
</Cond>
<LocList>
<Loc EndOffset="2488" SrcFileId="8" StartOffset="2259"/>
</LocList>
<StmntSeq Intrnl_Id="257">
<LocList>
<Loc EndOffset="2488" SrcFileId="8" StartOffset="2259"/>
</LocList>
<CondStmnt CovItemId="S44" CovItemPrefix="game.GameBoard.java" Intrnl_Id="258">
<Branch CovItemId="B13" CovItemPrefix="game.GameBoard.java" Implct="false" Intrnl_Id="259">
<Cond/>
<LocList>
<Loc EndOffset="2403" SrcFileId="8" StartOffset="2328"/>
</LocList>
<StmntSeq Intrnl_Id="260">
<LocList>
<Loc EndOffset="2397" SrcFileId="8" StartOffset="2335"/>
</LocList>
<BasicStmnt CovItemId="S45" CovItemPrefix="game.GameBoard.java" Intrnl_Id="261">
<LocList>
<Loc EndOffset="2397" SrcFileId="8" StartOffset="2335"/>
</LocList>
</BasicStmnt>
</StmntSeq>
</Branch>
<Branch CovItemId="B14" CovItemPrefix="game.GameBoard.java" Implct="false" Intrnl_Id="262">
<Cond>
<Loc EndOffset="2408" SrcFileId="8" StartOffset="2404"/>
</Cond>
<LocList>
<Loc EndOffset="2488" SrcFileId="8" StartOffset="2409"/>
</LocList>
<StmntSeq Intrnl_Id="263">
<LocList>
<Loc EndOffset="2482" SrcFileId="8" StartOffset="2416"/>
</LocList>
<BasicStmnt CovItemId="S46" CovItemPrefix="game.GameBoard.java" Intrnl_Id="264">
<LocList>
<Loc EndOffset="2482" SrcFileId="8" StartOffset="2416"/>
</LocList>
</BasicStmnt>
</StmntSeq>
</Branch>
<Keyword EndOffset="2261" SrcFileId="8" StartOffset="2259"/>
<LocList>
<Loc EndOffset="2488" SrcFileId="8" StartOffset="2259"/>
</LocList>
<RootTerm CovItemId="C11" CovItemPrefix="game.GameBoard.java" Intrnl_Id="265">
<BasicBoolTerm Intrnl_Id="266">
<LocList>
<Loc EndOffset="2326" SrcFileId="8" StartOffset="2263"/>
</LocList>
</BasicBoolTerm>
</RootTerm>
</CondStmnt>
</StmntSeq>
</Branch>
<Keyword EndOffset="2144" SrcFileId="8" StartOffset="2142"/>
<LocList>
<Loc EndOffset="2488" SrcFileId="8" StartOffset="2142"/>
</LocList>
<RootTerm CovItemId="C10" CovItemPrefix="game.GameBoard.java" Intrnl_Id="267">
<BasicBoolTerm Intrnl_Id="268">
<LocList>
<Loc EndOffset="2205" SrcFileId="8" StartOffset="2145"/>
</LocList>
</BasicBoolTerm>
</RootTerm>
</CondStmnt>
</StmntSeq>
</Branch>
<Branch CovItemId="B10" CovItemPrefix="game.GameBoard.java" Implct="true" Intrnl_Id="269">
<Cond/>
<LocList/>
<StmntSeq Intrnl_Id="270">
<LocList/>
</StmntSeq>
</Branch>
<Keyword EndOffset="2113" SrcFileId="8" StartOffset="2111"/>
<LocList>
<Loc EndOffset="2493" SrcFileId="8" StartOffset="2111"/>
</LocList>
<RootTerm CovItemId="C9" CovItemPrefix="game.GameBoard.java" Intrnl_Id="271">
<BasicBoolTerm Intrnl_Id="272">
<LocList>
<Loc EndOffset="2134" SrcFileId="8" StartOffset="2114"/>
</LocList>
</BasicBoolTerm>
</RootTerm>
</CondStmnt>
<LoopStmnt CovItemId="S47" CovItemPrefix="game.GameBoard.java" Intrnl_Id="273" MltplExecId="L5-2" MltplExecPrefix="game.GameBoard.java" NvrExecId="L5-0" NvrExecPrefix="game.GameBoard.java" OnceExecutedId="L5-1" OnceExecutedPrefix="game.GameBoard.java" OptBodyExec="true">
<StmntSeq Intrnl_Id="274">
<LocList>
<Loc EndOffset="2597" SrcFileId="8" StartOffset="2537"/>
</LocList>
<LoopStmnt CovItemId="S48" CovItemPrefix="game.GameBoard.java" Intrnl_Id="275" MltplExecId="L6-2" MltplExecPrefix="game.GameBoard.java" NvrExecId="L6-0" NvrExecPrefix="game.GameBoard.java" OnceExecutedId="L6-1" OnceExecutedPrefix="game.GameBoard.java" OptBodyExec="true">
<StmntSeq Intrnl_Id="276">
<LocList>
<Loc EndOffset="2591" SrcFileId="8" StartOffset="2570"/>
</LocList>
<BasicStmnt CovItemId="S49" CovItemPrefix="game.GameBoard.java" Intrnl_Id="277">
<LocList>
<Loc EndOffset="2591" SrcFileId="8" StartOffset="2570"/>
</LocList>
</BasicStmnt>
</StmntSeq>
<Keyword EndOffset="2540" SrcFileId="8" StartOffset="2537"/>
<LocList>
<Loc EndOffset="2597" SrcFileId="8" StartOffset="2537"/>
</LocList>
</LoopStmnt>
</StmntSeq>
<Keyword EndOffset="2500" SrcFileId="8" StartOffset="2497"/>
<LocList>
<Loc EndOffset="2602" SrcFileId="8" StartOffset="2497"/>
</LocList>
</LoopStmnt>
<BasicStmnt CovItemId="S50" CovItemPrefix="game.GameBoard.java" Intrnl_Id="278">
<LocList>
<Loc EndOffset="2627" SrcFileId="8" StartOffset="2606"/>
</LocList>
</BasicStmnt>
</StmntSeq>
</HierarchyLvl>
<HierarchyLvl HierarchyLvlId="917" HierarchyLvlTypeId="17" Intrnl_Id="279" Name="isEnemey">
<Header>
<Loc EndOffset="2696" SrcFileId="8" StartOffset="2636"/>
</Header>
<LocList>
<Loc EndOffset="2802" SrcFileId="8" StartOffset="2636"/>
</LocList>
<StmntSeq Intrnl_Id="280">
<LocList>
<Loc EndOffset="2798" SrcFileId="8" StartOffset="2702"/>
</LocList>
<BasicStmnt CovItemId="S51" CovItemPrefix="game.GameBoard.java" Intrnl_Id="281">
<LocList>
<Loc EndOffset="2798" SrcFileId="8" StartOffset="2702"/>
</LocList>
</BasicStmnt>
</StmntSeq>
</HierarchyLvl>
<HierarchyLvl HierarchyLvlId="918" HierarchyLvlTypeId="17" Intrnl_Id="282" Name="nonSelectedButtonPressed">
<Header>
<Loc EndOffset="2875" SrcFileId="8" StartOffset="2807"/>
</Header>
<LocList>
<Loc EndOffset="3935" SrcFileId="8" StartOffset="2807"/>
</LocList>
<StmntSeq Intrnl_Id="283">
<LocList>
<Loc EndOffset="2986" SrcFileId="8" StartOffset="2881"/>
<Loc EndOffset="3057" SrcFileId="8" StartOffset="2990"/>
<Loc EndOffset="3120" SrcFileId="8" StartOffset="3061"/>
<Loc EndOffset="3158" SrcFileId="8" StartOffset="3125"/>
<Loc EndOffset="3193" SrcFileId="8" StartOffset="3163"/>
<Loc EndOffset="3234" SrcFileId="8" StartOffset="3198"/>
<Loc EndOffset="3275" SrcFileId="8" StartOffset="3239"/>
<Loc EndOffset="3438" SrcFileId="8" StartOffset="3280"/>
<Loc EndOffset="3601" SrcFileId="8" StartOffset="3443"/>
<Loc EndOffset="3764" SrcFileId="8" StartOffset="3606"/>
<Loc EndOffset="3927" SrcFileId="8" StartOffset="3769"/>
</LocList>
<LoopStmnt CovItemId="S52" CovItemPrefix="game.GameBoard.java" Intrnl_Id="284" MltplExecId="L7-2" MltplExecPrefix="game.GameBoard.java" NvrExecId="L7-0" NvrExecPrefix="game.GameBoard.java" OnceExecutedId="L7-1" OnceExecutedPrefix="game.GameBoard.java" OptBodyExec="true">
<StmntSeq Intrnl_Id="285">
<LocList>
<Loc EndOffset="2981" SrcFileId="8" StartOffset="2921"/>
</LocList>
<LoopStmnt CovItemId="S53" CovItemPrefix="game.GameBoard.java" Intrnl_Id="286" MltplExecId="L8-2" MltplExecPrefix="game.GameBoard.java" NvrExecId="L8-0" NvrExecPrefix="game.GameBoard.java" OnceExecutedId="L8-1" OnceExecutedPrefix="game.GameBoard.java" OptBodyExec="true">
<StmntSeq Intrnl_Id="287">
<LocList>
<Loc EndOffset="2975" SrcFileId="8" StartOffset="2954"/>
</LocList>
<BasicStmnt CovItemId="S54" CovItemPrefix="game.GameBoard.java" Intrnl_Id="288">
<LocList>
<Loc EndOffset="2975" SrcFileId="8" StartOffset="2954"/>
</LocList>
</BasicStmnt>
</StmntSeq>
<Keyword EndOffset="2924" SrcFileId="8" StartOffset="2921"/>
<LocList>
<Loc EndOffset="2981" SrcFileId="8" StartOffset="2921"/>
</LocList>
</LoopStmnt>
</StmntSeq>
<Keyword EndOffset="2884" SrcFileId="8" StartOffset="2881"/>
<LocList>
<Loc EndOffset="2986" SrcFileId="8" StartOffset="2881"/>
</LocList>
</LoopStmnt>
<BasicStmnt CovItemId="S55" CovItemPrefix="game.GameBoard.java" Intrnl_Id="289">
<LocList>
<Loc EndOffset="3057" SrcFileId="8" StartOffset="2990"/>
</LocList>
</BasicStmnt>
<CondStmnt CovItemId="S56" CovItemPrefix="game.GameBoard.java" Intrnl_Id="290">
<Branch CovItemId="B15" CovItemPrefix="game.GameBoard.java" Implct="false" Intrnl_Id="291">
<Cond/>
<LocList>
<Loc EndOffset="3120" SrcFileId="8" StartOffset="3102"/>
</LocList>
<StmntSeq Intrnl_Id="292">
<LocList>
<Loc EndOffset="3115" SrcFileId="8" StartOffset="3108"/>
</LocList>
<BasicStmnt CovItemId="S57" CovItemPrefix="game.GameBoard.java" Intrnl_Id="293">
<LocList>
<Loc EndOffset="3115" SrcFileId="8" StartOffset="3108"/>
</LocList>
</BasicStmnt>
</StmntSeq>
</Branch>
<Branch CovItemId="B16" CovItemPrefix="game.GameBoard.java" Implct="true" Intrnl_Id="294">
<Cond/>
<LocList/>
<StmntSeq Intrnl_Id="295">
<LocList/>
</StmntSeq>
</Branch>
<Keyword EndOffset="3063" SrcFileId="8" StartOffset="3061"/>
<LocList>
<Loc EndOffset="3120" SrcFileId="8" StartOffset="3061"/>
</LocList>
<RootTerm CovItemId="C12" CovItemPrefix="game.GameBoard.java" Intrnl_Id="296">
<BasicBoolTerm Intrnl_Id="297">
<LocList>
<Loc EndOffset="3100" SrcFileId="8" StartOffset="3064"/>
</LocList>
</BasicBoolTerm>
</RootTerm>
</CondStmnt>
<BasicStmnt CovItemId="S58" CovItemPrefix="game.GameBoard.java" Intrnl_Id="298">
<LocList>
<Loc EndOffset="3158" SrcFileId="8" StartOffset="3125"/>
</LocList>
</BasicStmnt>
<BasicStmnt CovItemId="S59" CovItemPrefix="game.GameBoard.java" Intrnl_Id="299">
<LocList>
<Loc EndOffset="3193" SrcFileId="8" StartOffset="3163"/>
</LocList>
</BasicStmnt>
<BasicStmnt CovItemId="S60" CovItemPrefix="game.GameBoard.java" Intrnl_Id="300">
<LocList>
<Loc EndOffset="3234" SrcFileId="8" StartOffset="3198"/>
</LocList>
</BasicStmnt>
<BasicStmnt CovItemId="S61" CovItemPrefix="game.GameBoard.java" Intrnl_Id="301">
<LocList>
<Loc EndOffset="3275" SrcFileId="8" StartOffset="3239"/>
</LocList>
</BasicStmnt>
<CondStmnt CovItemId="S62" CovItemPrefix="game.GameBoard.java" Intrnl_Id="302">
<Branch CovItemId="B17" CovItemPrefix="game.GameBoard.java" Implct="false" Intrnl_Id="303">
<Cond/>
<LocList>
<Loc EndOffset="3438" SrcFileId="8" StartOffset="3291"/>
</LocList>
<StmntSeq Intrnl_Id="304">
<LocList>
<Loc EndOffset="3337" SrcFileId="8" StartOffset="3298"/>
<Loc EndOffset="3431" SrcFileId="8" StartOffset="3343"/>
</LocList>
<BasicStmnt CovItemId="S63" CovItemPrefix="game.GameBoard.java" Intrnl_Id="305">
<LocList>
<Loc EndOffset="3337" SrcFileId="8" StartOffset="3298"/>
</LocList>
</BasicStmnt>
<CondStmnt CovItemId="S64" CovItemPrefix="game.GameBoard.java" Intrnl_Id="306">
<Branch CovItemId="B19" CovItemPrefix="game.GameBoard.java" Implct="false" Intrnl_Id="307">
<Cond/>
<LocList>
<Loc EndOffset="3431" SrcFileId="8" StartOffset="3392"/>
</LocList>
<StmntSeq Intrnl_Id="308">
<LocList>
<Loc EndOffset="3424" SrcFileId="8" StartOffset="3400"/>
</LocList>
<BasicStmnt CovItemId="S65" CovItemPrefix="game.GameBoard.java" Intrnl_Id="309">
<LocList>
<Loc EndOffset="3424" SrcFileId="8" StartOffset="3400"/>
</LocList>
</BasicStmnt>
</StmntSeq>
</Branch>
<Branch CovItemId="B20" CovItemPrefix="game.GameBoard.java" Implct="true" Intrnl_Id="310">
<Cond/>
<LocList/>
<StmntSeq Intrnl_Id="311">
<LocList/>
</StmntSeq>
</Branch>
<Keyword EndOffset="3345" SrcFileId="8" StartOffset="3343"/>
<LocList>
<Loc EndOffset="3431" SrcFileId="8" StartOffset="3343"/>
</LocList>
<RootTerm CovItemId="C14" CovItemPrefix="game.GameBoard.java" Intrnl_Id="312">
<BasicBoolTerm Intrnl_Id="313">
<LocList>
<Loc EndOffset="3390" SrcFileId="8" StartOffset="3346"/>
</LocList>
</BasicBoolTerm>
</RootTerm>
</CondStmnt>
</StmntSeq>
</Branch>
<Branch CovItemId="B18" CovItemPrefix="game.GameBoard.java" Implct="true" Intrnl_Id="314">
<Cond/>
<LocList/>
<StmntSeq Intrnl_Id="315">
<LocList/>
</StmntSeq>
</Branch>
<Keyword EndOffset="3282" SrcFileId="8" StartOffset="3280"/>
<LocList>
<Loc EndOffset="3438" SrcFileId="8" StartOffset="3280"/>
</LocList>
<RootTerm CovItemId="C13" CovItemPrefix="game.GameBoard.java" Intrnl_Id="316">
<BasicBoolTerm Intrnl_Id="317">
<LocList>
<Loc EndOffset="3289" SrcFileId="8" StartOffset="3284"/>
</LocList>
</BasicBoolTerm>
</RootTerm>
</CondStmnt>
<CondStmnt CovItemId="S66" CovItemPrefix="game.GameBoard.java" Intrnl_Id="318">
<Branch CovItemId="B21" CovItemPrefix="game.GameBoard.java" Implct="false" Intrnl_Id="319">
<Cond/>
<LocList>
<Loc EndOffset="3601" SrcFileId="8" StartOffset="3454"/>
</LocList>
<StmntSeq Intrnl_Id="320">
<LocList>
<Loc EndOffset="3500" SrcFileId="8" StartOffset="3461"/>
<Loc EndOffset="3594" SrcFileId="8" StartOffset="3506"/>
</LocList>
<BasicStmnt CovItemId="S67" CovItemPrefix="game.GameBoard.java" Intrnl_Id="321">
<LocList>
<Loc EndOffset="3500" SrcFileId="8" StartOffset="3461"/>
</LocList>
</BasicStmnt>
<CondStmnt CovItemId="S68" CovItemPrefix="game.GameBoard.java" Intrnl_Id="322">
<Branch CovItemId="B23" CovItemPrefix="game.GameBoard.java" Implct="false" Intrnl_Id="323">
<Cond/>
<LocList>
<Loc EndOffset="3594" SrcFileId="8" StartOffset="3555"/>
</LocList>
<StmntSeq Intrnl_Id="324">
<LocList>
<Loc EndOffset="3587" SrcFileId="8" StartOffset="3563"/>
</LocList>
<BasicStmnt CovItemId="S69" CovItemPrefix="game.GameBoard.java" Intrnl_Id="325">
<LocList>
<Loc EndOffset="3587" SrcFileId="8" StartOffset="3563"/>
</LocList>
</BasicStmnt>
</StmntSeq>
</Branch>
<Branch CovItemId="B24" CovItemPrefix="game.GameBoard.java" Implct="true" Intrnl_Id="326">
<Cond/>
<LocList/>
<StmntSeq Intrnl_Id="327">
<LocList/>
</StmntSeq>
</Branch>
<Keyword EndOffset="3508" SrcFileId="8" StartOffset="3506"/>
<LocList>
<Loc EndOffset="3594" SrcFileId="8" StartOffset="3506"/>
</LocList>
<RootTerm CovItemId="C16" CovItemPrefix="game.GameBoard.java" Intrnl_Id="328">
<BasicBoolTerm Intrnl_Id="329">
<LocList>
<Loc EndOffset="3553" SrcFileId="8" StartOffset="3509"/>
</LocList>
</BasicBoolTerm>
</RootTerm>
</CondStmnt>
</StmntSeq>
</Branch>
<Branch CovItemId="B22" CovItemPrefix="game.GameBoard.java" Implct="true" Intrnl_Id="330">
<Cond/>
<LocList/>
<StmntSeq Intrnl_Id="331">
<LocList/>
</StmntSeq>
</Branch>
<Keyword EndOffset="3445" SrcFileId="8" StartOffset="3443"/>
<LocList>
<Loc EndOffset="3601" SrcFileId="8" StartOffset="3443"/>
</LocList>
<RootTerm CovItemId="C15" CovItemPrefix="game.GameBoard.java" Intrnl_Id="332">
<BasicBoolTerm Intrnl_Id="333">
<LocList>
<Loc EndOffset="3452" SrcFileId="8" StartOffset="3447"/>
</LocList>
</BasicBoolTerm>
</RootTerm>
</CondStmnt>
<CondStmnt CovItemId="S70" CovItemPrefix="game.GameBoard.java" Intrnl_Id="334">
<Branch CovItemId="B25" CovItemPrefix="game.GameBoard.java" Implct="false" Intrnl_Id="335">
<Cond/>
<LocList>
<Loc EndOffset="3764" SrcFileId="8" StartOffset="3617"/>
</LocList>
<StmntSeq Intrnl_Id="336">
<LocList>
<Loc EndOffset="3663" SrcFileId="8" StartOffset="3624"/>
<Loc EndOffset="3757" SrcFileId="8" StartOffset="3669"/>
</LocList>
<BasicStmnt CovItemId="S71" CovItemPrefix="game.GameBoard.java" Intrnl_Id="337">
<LocList>
<Loc EndOffset="3663" SrcFileId="8" StartOffset="3624"/>
</LocList>
</BasicStmnt>
<CondStmnt CovItemId="S72" CovItemPrefix="game.GameBoard.java" Intrnl_Id="338">
<Branch CovItemId="B27" CovItemPrefix="game.GameBoard.java" Implct="false" Intrnl_Id="339">
<Cond/>
<LocList>
<Loc EndOffset="3757" SrcFileId="8" StartOffset="3718"/>
</LocList>
<StmntSeq Intrnl_Id="340">
<LocList>
<Loc EndOffset="3750" SrcFileId="8" StartOffset="3726"/>
</LocList>
<BasicStmnt CovItemId="S73" CovItemPrefix="game.GameBoard.java" Intrnl_Id="341">
<LocList>
<Loc EndOffset="3750" SrcFileId="8" StartOffset="3726"/>
</LocList>
</BasicStmnt>
</StmntSeq>
</Branch>
<Branch CovItemId="B28" CovItemPrefix="game.GameBoard.java" Implct="true" Intrnl_Id="342">
<Cond/>
<LocList/>
<StmntSeq Intrnl_Id="343">
<LocList/>
</StmntSeq>
</Branch>
<Keyword EndOffset="3671" SrcFileId="8" StartOffset="3669"/>
<LocList>
<Loc EndOffset="3757" SrcFileId="8" StartOffset="3669"/>
</LocList>
<RootTerm CovItemId="C18" CovItemPrefix="game.GameBoard.java" Intrnl_Id="344">
<BasicBoolTerm Intrnl_Id="345">
<LocList>
<Loc EndOffset="3716" SrcFileId="8" StartOffset="3672"/>
</LocList>
</BasicBoolTerm>
</RootTerm>
</CondStmnt>
</StmntSeq>
</Branch>
<Branch CovItemId="B26" CovItemPrefix="game.GameBoard.java" Implct="true" Intrnl_Id="346">
<Cond/>
<LocList/>
<StmntSeq Intrnl_Id="347">
<LocList/>
</StmntSeq>
</Branch>
<Keyword EndOffset="3608" SrcFileId="8" StartOffset="3606"/>
<LocList>
<Loc EndOffset="3764" SrcFileId="8" StartOffset="3606"/>
</LocList>
<RootTerm CovItemId="C17" CovItemPrefix="game.GameBoard.java" Intrnl_Id="348">
<BasicBoolTerm Intrnl_Id="349">
<LocList>
<Loc EndOffset="3615" SrcFileId="8" StartOffset="3610"/>
</LocList>
</BasicBoolTerm>
</RootTerm>
</CondStmnt>
<CondStmnt CovItemId="S74" CovItemPrefix="game.GameBoard.java" Intrnl_Id="350">
<Branch CovItemId="B29" CovItemPrefix="game.GameBoard.java" Implct="false" Intrnl_Id="351">
<Cond/>
<LocList>
<Loc EndOffset="3927" SrcFileId="8" StartOffset="3780"/>
</LocList>
<StmntSeq Intrnl_Id="352">
<LocList>
<Loc EndOffset="3826" SrcFileId="8" StartOffset="3787"/>
<Loc EndOffset="3920" SrcFileId="8" StartOffset="3832"/>
</LocList>
<BasicStmnt CovItemId="S75" CovItemPrefix="game.GameBoard.java" Intrnl_Id="353">
<LocList>
<Loc EndOffset="3826" SrcFileId="8" StartOffset="3787"/>
</LocList>
</BasicStmnt>
<CondStmnt CovItemId="S76" CovItemPrefix="game.GameBoard.java" Intrnl_Id="354">
<Branch CovItemId="B31" CovItemPrefix="game.GameBoard.java" Implct="false" Intrnl_Id="355">
<Cond/>
<LocList>
<Loc EndOffset="3920" SrcFileId="8" StartOffset="3881"/>
</LocList>
<StmntSeq Intrnl_Id="356">
<LocList>
<Loc EndOffset="3913" SrcFileId="8" StartOffset="3889"/>
</LocList>
<BasicStmnt CovItemId="S77" CovItemPrefix="game.GameBoard.java" Intrnl_Id="357">
<LocList>
<Loc EndOffset="3913" SrcFileId="8" StartOffset="3889"/>
</LocList>
</BasicStmnt>
</StmntSeq>
</Branch>
<Branch CovItemId="B32" CovItemPrefix="game.GameBoard.java" Implct="true" Intrnl_Id="358">
<Cond/>
<LocList/>
<StmntSeq Intrnl_Id="359">
<LocList/>
</StmntSeq>
</Branch>
<Keyword EndOffset="3834" SrcFileId="8" StartOffset="3832"/>
<LocList>
<Loc EndOffset="3920" SrcFileId="8" StartOffset="3832"/>
</LocList>
<RootTerm CovItemId="C20" CovItemPrefix="game.GameBoard.java" Intrnl_Id="360">
<BasicBoolTerm Intrnl_Id="361">
<LocList>
<Loc EndOffset="3879" SrcFileId="8" StartOffset="3835"/>
</LocList>
</BasicBoolTerm>
</RootTerm>
</CondStmnt>
</StmntSeq>
</Branch>
<Branch CovItemId="B30" CovItemPrefix="game.GameBoard.java" Implct="true" Intrnl_Id="362">
<Cond/>
<LocList/>
<StmntSeq Intrnl_Id="363">
<LocList/>
</StmntSeq>
</Branch>
<Keyword EndOffset="3771" SrcFileId="8" StartOffset="3769"/>
<LocList>
<Loc EndOffset="3927" SrcFileId="8" StartOffset="3769"/>
</LocList>
<RootTerm CovItemId="C19" CovItemPrefix="game.GameBoard.java" Intrnl_Id="364">
<BasicBoolTerm Intrnl_Id="365">
<LocList>
<Loc EndOffset="3778" SrcFileId="8" StartOffset="3773"/>
</LocList>
</BasicBoolTerm>
</RootTerm>
</CondStmnt>
</StmntSeq>
</HierarchyLvl>
<HierarchyLvl HierarchyLvlId="919" HierarchyLvlTypeId="17" Intrnl_Id="366" Name="swapPieces">
<Header>
<Loc EndOffset="3999" SrcFileId="8" StartOffset="3940"/>
</Header>
<LocList>
<Loc EndOffset="4493" SrcFileId="8" StartOffset="3940"/>
</LocList>
<StmntSeq Intrnl_Id="367">
<LocList>
<Loc EndOffset="4037" SrcFileId="8" StartOffset="4005"/>
<Loc EndOffset="4073" SrcFileId="8" StartOffset="4041"/>
<Loc EndOffset="4093" SrcFileId="8" StartOffset="4077"/>
<Loc EndOffset="4113" SrcFileId="8" StartOffset="4097"/>
<Loc EndOffset="4140" SrcFileId="8" StartOffset="4117"/>
<Loc EndOffset="4167" SrcFileId="8" StartOffset="4144"/>
<Loc EndOffset="4219" SrcFileId="8" StartOffset="4171"/>
<Loc EndOffset="4256" SrcFileId="8" StartOffset="4223"/>
<Loc EndOffset="4279" SrcFileId="8" StartOffset="4260"/>
<Loc EndOffset="4302" SrcFileId="8" StartOffset="4283"/>
<Loc EndOffset="4338" SrcFileId="8" StartOffset="4306"/>
<Loc EndOffset="4358" SrcFileId="8" StartOffset="4342"/>
<Loc EndOffset="4381" SrcFileId="8" StartOffset="4362"/>
<Loc EndOffset="4404" SrcFileId="8" StartOffset="4385"/>
<Loc EndOffset="4440" SrcFileId="8" StartOffset="4408"/>
<Loc EndOffset="4460" SrcFileId="8" StartOffset="4444"/>
<Loc EndOffset="4475" SrcFileId="8" StartOffset="4464"/>
<Loc EndOffset="4489" SrcFileId="8" StartOffset="4479"/>
</LocList>
<BasicStmnt CovItemId="S78" CovItemPrefix="game.GameBoard.java" Intrnl_Id="368">
<LocList>
<Loc EndOffset="4037" SrcFileId="8" StartOffset="4005"/>
</LocList>
</BasicStmnt>
<BasicStmnt CovItemId="S79" CovItemPrefix="game.GameBoard.java" Intrnl_Id="369">
<LocList>
<Loc EndOffset="4073" SrcFileId="8" StartOffset="4041"/>
</LocList>
</BasicStmnt>
<BasicStmnt CovItemId="S80" CovItemPrefix="game.GameBoard.java" Intrnl_Id="370">
<LocList>
<Loc EndOffset="4093" SrcFileId="8" StartOffset="4077"/>
</LocList>
</BasicStmnt>
<BasicStmnt CovItemId="S81" CovItemPrefix="game.GameBoard.java" Intrnl_Id="371">
<LocList>
<Loc EndOffset="4113" SrcFileId="8" StartOffset="4097"/>
</LocList>
</BasicStmnt>
<BasicStmnt CovItemId="S82" CovItemPrefix="game.GameBoard.java" Intrnl_Id="372">
<LocList>
<Loc EndOffset="4140" SrcFileId="8" StartOffset="4117"/>
</LocList>
</BasicStmnt>
<BasicStmnt CovItemId="S83" CovItemPrefix="game.GameBoard.java" Intrnl_Id="373">
<LocList>
<Loc EndOffset="4167" SrcFileId="8" StartOffset="4144"/>
</LocList>
</BasicStmnt>
<BasicStmnt CovItemId="S84" CovItemPrefix="game.GameBoard.java" Intrnl_Id="374">
<LocList>
<Loc EndOffset="4219" SrcFileId="8" StartOffset="4171"/>
</LocList>
</BasicStmnt>
<BasicStmnt CovItemId="S85" CovItemPrefix="game.GameBoard.java" Intrnl_Id="375">
<LocList>
<Loc EndOffset="4256" SrcFileId="8" StartOffset="4223"/>
</LocList>
</BasicStmnt>
<BasicStmnt CovItemId="S86" CovItemPrefix="game.GameBoard.java" Intrnl_Id="376">
<LocList>
<Loc EndOffset="4279" SrcFileId="8" StartOffset="4260"/>
</LocList>
</BasicStmnt>
<BasicStmnt CovItemId="S87" CovItemPrefix="game.GameBoard.java" Intrnl_Id="377">
<LocList>
<Loc EndOffset="4302" SrcFileId="8" StartOffset="4283"/>
</LocList>
</BasicStmnt>
<BasicStmnt CovItemId="S88" CovItemPrefix="game.GameBoard.java" Intrnl_Id="378">
<LocList>
<Loc EndOffset="4338" SrcFileId="8" StartOffset="4306"/>
</LocList>
</BasicStmnt>
<BasicStmnt CovItemId="S89" CovItemPrefix="game.GameBoard.java" Intrnl_Id="379">
<LocList>
<Loc EndOffset="4358" SrcFileId="8" StartOffset="4342"/>
</LocList>
</BasicStmnt>
<BasicStmnt CovItemId="S90" CovItemPrefix="game.GameBoard.java" Intrnl_Id="380">
<LocList>
<Loc EndOffset="4381" SrcFileId="8" StartOffset="4362"/>
</LocList>
</BasicStmnt>
<BasicStmnt CovItemId="S91" CovItemPrefix="game.GameBoard.java" Intrnl_Id="381">
<LocList>
<Loc EndOffset="4404" SrcFileId="8" StartOffset="4385"/>
</LocList>
</BasicStmnt>
<BasicStmnt CovItemId="S92" CovItemPrefix="game.GameBoard.java" Intrnl_Id="382">
<LocList>
<Loc EndOffset="4440" SrcFileId="8" StartOffset="4408"/>
</LocList>
</BasicStmnt>
<BasicStmnt CovItemId="S93" CovItemPrefix="game.GameBoard.java" Intrnl_Id="383">
<LocList>
<Loc EndOffset="4460" SrcFileId="8" StartOffset="4444"/>
</LocList>
</BasicStmnt>
<BasicStmnt CovItemId="S94" CovItemPrefix="game.GameBoard.java" Intrnl_Id="384">
<LocList>
<Loc EndOffset="4475" SrcFileId="8" StartOffset="4464"/>
</LocList>
</BasicStmnt>
<BasicStmnt CovItemId="S95" CovItemPrefix="game.GameBoard.java" Intrnl_Id="385">
<LocList>
<Loc EndOffset="4489" SrcFileId="8" StartOffset="4479"/>
</LocList>
</BasicStmnt>
</StmntSeq>
</HierarchyLvl>
<HierarchyLvl HierarchyLvlId="920" HierarchyLvlTypeId="17" Intrnl_Id="386" Name="attack">
<Header>
<Loc EndOffset="4555" SrcFileId="8" StartOffset="4499"/>
</Header>
<LocList>
<Loc EndOffset="5388" SrcFileId="8" StartOffset="4499"/>
</LocList>
<StmntSeq Intrnl_Id="387">
<LocList>
<Loc EndOffset="5347" SrcFileId="8" StartOffset="4562"/>
<Loc EndOffset="5384" SrcFileId="8" StartOffset="5351"/>
</LocList>
<CondStmnt CovItemId="S96" CovItemPrefix="game.GameBoard.java" Intrnl_Id="388">
<Branch CovItemId="B33" CovItemPrefix="game.GameBoard.java" Implct="false" Intrnl_Id="389">
<Cond/>
<LocList>
<Loc EndOffset="4834" SrcFileId="8" StartOffset="4586"/>
</LocList>
<StmntSeq Intrnl_Id="390">
<LocList>
<Loc EndOffset="4829" SrcFileId="8" StartOffset="4593"/>
</LocList>
<CondStmnt CovItemId="S97" CovItemPrefix="game.GameBoard.java" Intrnl_Id="391">
<Branch CovItemId="B35" CovItemPrefix="game.GameBoard.java" Implct="false" Intrnl_Id="392">
<Cond/>
<LocList>
<Loc EndOffset="4735" SrcFileId="8" StartOffset="4611"/>
</LocList>
<StmntSeq Intrnl_Id="393">
<LocList>
<Loc EndOffset="4638" SrcFileId="8" StartOffset="4619"/>
<Loc EndOffset="4661" SrcFileId="8" StartOffset="4645"/>
<Loc EndOffset="4728" SrcFileId="8" StartOffset="4668"/>
</LocList>
<BasicStmnt CovItemId="S98" CovItemPrefix="game.GameBoard.java" Intrnl_Id="394">
<LocList>
<Loc EndOffset="4638" SrcFileId="8" StartOffset="4619"/>
</LocList>
</BasicStmnt>
<BasicStmnt CovItemId="S99" CovItemPrefix="game.GameBoard.java" Intrnl_Id="395">
<LocList>
<Loc EndOffset="4661" SrcFileId="8" StartOffset="4645"/>
</LocList>
</BasicStmnt>
<BasicStmnt CovItemId="S100" CovItemPrefix="game.GameBoard.java" Intrnl_Id="396">
<LocList>
<Loc EndOffset="4728" SrcFileId="8" StartOffset="4668"/>
</LocList>
</BasicStmnt>
</StmntSeq>
</Branch>
<Branch CovItemId="B36" CovItemPrefix="game.GameBoard.java" Implct="false" Intrnl_Id="397">
<Cond>
<Loc EndOffset="4740" SrcFileId="8" StartOffset="4736"/>
</Cond>
<LocList>
<Loc EndOffset="4829" SrcFileId="8" StartOffset="4741"/>
</LocList>
<StmntSeq Intrnl_Id="398">
<LocList>
<Loc EndOffset="4764" SrcFileId="8" StartOffset="4748"/>
<Loc EndOffset="4786" SrcFileId="8" StartOffset="4770"/>
<Loc EndOffset="4822" SrcFileId="8" StartOffset="4792"/>
</LocList>
<BasicStmnt CovItemId="S101" CovItemPrefix="game.GameBoard.java" Intrnl_Id="399">
<LocList>
<Loc EndOffset="4764" SrcFileId="8" StartOffset="4748"/>
</LocList>
</BasicStmnt>
<BasicStmnt CovItemId="S102" CovItemPrefix="game.GameBoard.java" Intrnl_Id="400">
<LocList>
<Loc EndOffset="4786" SrcFileId="8" StartOffset="4770"/>
</LocList>
</BasicStmnt>
<BasicStmnt CovItemId="S103" CovItemPrefix="game.GameBoard.java" Intrnl_Id="401">
<LocList>
<Loc EndOffset="4822" SrcFileId="8" StartOffset="4792"/>
</LocList>
</BasicStmnt>
</StmntSeq>
</Branch>
<Keyword EndOffset="4595" SrcFileId="8" StartOffset="4593"/>
<LocList>
<Loc EndOffset="4829" SrcFileId="8" StartOffset="4593"/>
</LocList>
<RootTerm CovItemId="C22" CovItemPrefix="game.GameBoard.java" Intrnl_Id="402">
<BasicBoolTerm Intrnl_Id="403">
<LocList>
<Loc EndOffset="4609" SrcFileId="8" StartOffset="4597"/>
</LocList>
</BasicBoolTerm>
</RootTerm>
</CondStmnt>
</StmntSeq>
</Branch>
<Branch CovItemId="B34" CovItemPrefix="game.GameBoard.java" Implct="false" Intrnl_Id="404">
<Cond>
<Loc EndOffset="4839" SrcFileId="8" StartOffset="4835"/>
</Cond>
<LocList>
<Loc EndOffset="5347" SrcFileId="8" StartOffset="4840"/>
</LocList>
<StmntSeq Intrnl_Id="405">
<LocList>
<Loc EndOffset="5347" SrcFileId="8" StartOffset="4840"/>
</LocList>
<CondStmnt CovItemId="S104" CovItemPrefix="game.GameBoard.java" Intrnl_Id="406">
<Branch CovItemId="B37" CovItemPrefix="game.GameBoard.java" Implct="false" Intrnl_Id="407">
<Cond/>
<LocList>
<Loc EndOffset="4974" SrcFileId="8" StartOffset="4864"/>
</LocList>
<StmntSeq Intrnl_Id="408">
<LocList>
<Loc EndOffset="4889" SrcFileId="8" StartOffset="4870"/>
<Loc EndOffset="4910" SrcFileId="8" StartOffset="4894"/>
<Loc EndOffset="4969" SrcFileId="8" StartOffset="4915"/>
</LocList>
<BasicStmnt CovItemId="S105" CovItemPrefix="game.GameBoard.java" Intrnl_Id="409">
<LocList>
<Loc EndOffset="4889" SrcFileId="8" StartOffset="4870"/>
</LocList>
</BasicStmnt>
<BasicStmnt CovItemId="S106" CovItemPrefix="game.GameBoard.java" Intrnl_Id="410">
<LocList>
<Loc EndOffset="4910" SrcFileId="8" StartOffset="4894"/>
</LocList>
</BasicStmnt>
<BasicStmnt CovItemId="S107" CovItemPrefix="game.GameBoard.java" Intrnl_Id="411">
<LocList>
<Loc EndOffset="4969" SrcFileId="8" StartOffset="4915"/>
</LocList>
</BasicStmnt>
</StmntSeq>
</Branch>
<Branch CovItemId="B38" CovItemPrefix="game.GameBoard.java" Implct="false" Intrnl_Id="412">
<Cond>
<Loc EndOffset="4979" SrcFileId="8" StartOffset="4975"/>
</Cond>
<LocList>
<Loc EndOffset="5347" SrcFileId="8" StartOffset="4980"/>
</LocList>
<StmntSeq Intrnl_Id="413">
<LocList>
<Loc EndOffset="5347" SrcFileId="8" StartOffset="4980"/>
</LocList>
<CondStmnt CovItemId="S108" CovItemPrefix="game.GameBoard.java" Intrnl_Id="414">
<Branch CovItemId="B39" CovItemPrefix="game.GameBoard.java" Implct="false" Intrnl_Id="415">
<Cond/>
<LocList>
<Loc EndOffset="5107" SrcFileId="8" StartOffset="5003"/>
</LocList>
<StmntSeq Intrnl_Id="416">
<LocList>
<Loc EndOffset="5028" SrcFileId="8" StartOffset="5009"/>
<Loc EndOffset="5049" SrcFileId="8" StartOffset="5033"/>
<Loc EndOffset="5102" SrcFileId="8" StartOffset="5054"/>
</LocList>
<BasicStmnt CovItemId="S109" CovItemPrefix="game.GameBoard.java" Intrnl_Id="417">
<LocList>
<Loc EndOffset="5028" SrcFileId="8" StartOffset="5009"/>
</LocList>
</BasicStmnt>
<BasicStmnt CovItemId="S110" CovItemPrefix="game.GameBoard.java" Intrnl_Id="418">
<LocList>
<Loc EndOffset="5049" SrcFileId="8" StartOffset="5033"/>
</LocList>
</BasicStmnt>
<BasicStmnt CovItemId="S111" CovItemPrefix="game.GameBoard.java" Intrnl_Id="419">
<LocList>
<Loc EndOffset="5102" SrcFileId="8" StartOffset="5054"/>
</LocList>
</BasicStmnt>
</StmntSeq>
</Branch>
<Branch CovItemId="B40" CovItemPrefix="game.GameBoard.java" Implct="false" Intrnl_Id="420">
<Cond>
<Loc EndOffset="5112" SrcFileId="8" StartOffset="5108"/>
</Cond>
<LocList>
<Loc EndOffset="5347" SrcFileId="8" StartOffset="5113"/>
</LocList>
<StmntSeq Intrnl_Id="421">
<LocList>
<Loc EndOffset="5347" SrcFileId="8" StartOffset="5113"/>
</LocList>
<CondStmnt CovItemId="S112" CovItemPrefix="game.GameBoard.java" Intrnl_Id="422">
<Branch CovItemId="B41" CovItemPrefix="game.GameBoard.java" Implct="false" Intrnl_Id="423">
<Cond/>
<LocList>
<Loc EndOffset="5216" SrcFileId="8" StartOffset="5136"/>
</LocList>
<StmntSeq Intrnl_Id="424">
<LocList>
<Loc EndOffset="5158" SrcFileId="8" StartOffset="5142"/>
<Loc EndOffset="5211" SrcFileId="8" StartOffset="5163"/>
</LocList>
<BasicStmnt CovItemId="S113" CovItemPrefix="game.GameBoard.java" Intrnl_Id="425">
<LocList>
<Loc EndOffset="5158" SrcFileId="8" StartOffset="5142"/>
</LocList>
</BasicStmnt>
<BasicStmnt CovItemId="S114" CovItemPrefix="game.GameBoard.java" Intrnl_Id="426">
<LocList>
<Loc EndOffset="5211" SrcFileId="8" StartOffset="5163"/>
</LocList>
</BasicStmnt>
</StmntSeq>
</Branch>
<Branch CovItemId="B42" CovItemPrefix="game.GameBoard.java" Implct="false" Intrnl_Id="427">
<Cond>
<Loc EndOffset="5221" SrcFileId="8" StartOffset="5217"/>
</Cond>
<LocList>
<Loc EndOffset="5347" SrcFileId="8" StartOffset="5222"/>
</LocList>
<StmntSeq Intrnl_Id="428">
<LocList>
<Loc EndOffset="5347" SrcFileId="8" StartOffset="5222"/>
</LocList>
<CondStmnt CovItemId="S115" CovItemPrefix="game.GameBoard.java" Intrnl_Id="429">
<Branch CovItemId="B43" CovItemPrefix="game.GameBoard.java" Implct="false" Intrnl_Id="430">
<Cond/>
<LocList>
<Loc EndOffset="5347" SrcFileId="8" StartOffset="5246"/>
</LocList>
<StmntSeq Intrnl_Id="431">
<LocList>
<Loc EndOffset="5268" SrcFileId="8" StartOffset="5252"/>
<Loc EndOffset="5289" SrcFileId="8" StartOffset="5273"/>
<Loc EndOffset="5342" SrcFileId="8" StartOffset="5294"/>
</LocList>
<BasicStmnt CovItemId="S116" CovItemPrefix="game.GameBoard.java" Intrnl_Id="432">
<LocList>
<Loc EndOffset="5268" SrcFileId="8" StartOffset="5252"/>
</LocList>
</BasicStmnt>
<BasicStmnt CovItemId="S117" CovItemPrefix="game.GameBoard.java" Intrnl_Id="433">
<LocList>
<Loc EndOffset="5289" SrcFileId="8" StartOffset="5273"/>
</LocList>
</BasicStmnt>
<BasicStmnt CovItemId="S118" CovItemPrefix="game.GameBoard.java" Intrnl_Id="434">
<LocList>
<Loc EndOffset="5342" SrcFileId="8" StartOffset="5294"/>
</LocList>
</BasicStmnt>
</StmntSeq>
</Branch>
<Branch CovItemId="B44" CovItemPrefix="game.GameBoard.java" Implct="true" Intrnl_Id="435">
<Cond/>
<LocList/>
<StmntSeq Intrnl_Id="436">
<LocList/>
</StmntSeq>
</Branch>
<Keyword EndOffset="5224" SrcFileId="8" StartOffset="5222"/>
<LocList>
<Loc EndOffset="5347" SrcFileId="8" StartOffset="5222"/>
</LocList>
<RootTerm CovItemId="C26" CovItemPrefix="game.GameBoard.java" Intrnl_Id="437">
<BasicBoolTerm Intrnl_Id="438">
<LocList>
<Loc EndOffset="5244" SrcFileId="8" StartOffset="5226"/>
</LocList>
</BasicBoolTerm>
</RootTerm>
</CondStmnt>
</StmntSeq>
</Branch>
<Keyword EndOffset="5115" SrcFileId="8" StartOffset="5113"/>
<LocList>
<Loc EndOffset="5347" SrcFileId="8" StartOffset="5113"/>
</LocList>
<RootTerm CovItemId="C25" CovItemPrefix="game.GameBoard.java" Intrnl_Id="439">
<BasicBoolTerm Intrnl_Id="440">
<LocList>
<Loc EndOffset="5134" SrcFileId="8" StartOffset="5117"/>
</LocList>
</BasicBoolTerm>
</RootTerm>
</CondStmnt>
</StmntSeq>
</Branch>
<Keyword EndOffset="4982" SrcFileId="8" StartOffset="4980"/>
<LocList>
<Loc EndOffset="5347" SrcFileId="8" StartOffset="4980"/>
</LocList>
<RootTerm CovItemId="C24" CovItemPrefix="game.GameBoard.java" Intrnl_Id="441">
<BasicBoolTerm Intrnl_Id="442">
<LocList>
<Loc EndOffset="5001" SrcFileId="8" StartOffset="4984"/>
</LocList>
</BasicBoolTerm>
</RootTerm>
</CondStmnt>
</StmntSeq>
</Branch>
<Keyword EndOffset="4842" SrcFileId="8" StartOffset="4840"/>
<LocList>
<Loc EndOffset="5347" SrcFileId="8" StartOffset="4840"/>
</LocList>
<RootTerm CovItemId="C23" CovItemPrefix="game.GameBoard.java" Intrnl_Id="443">
<BasicBoolTerm Intrnl_Id="444">
<LocList>
<Loc EndOffset="4862" SrcFileId="8" StartOffset="4844"/>
</LocList>
</BasicBoolTerm>
</RootTerm>
</CondStmnt>
</StmntSeq>
</Branch>
<Keyword EndOffset="4564" SrcFileId="8" StartOffset="4562"/>
<LocList>
<Loc EndOffset="5347" SrcFileId="8" StartOffset="4562"/>
</LocList>
<RootTerm CovItemId="C21" CovItemPrefix="game.GameBoard.java" Intrnl_Id="445">
<BasicBoolTerm Intrnl_Id="446">
<LocList>
<Loc EndOffset="4584" SrcFileId="8" StartOffset="4566"/>
</LocList>
</BasicBoolTerm>
</RootTerm>
</CondStmnt>
<BasicStmnt CovItemId="S119" CovItemPrefix="game.GameBoard.java" Intrnl_Id="447">
<LocList>
<Loc EndOffset="5384" SrcFileId="8" StartOffset="5351"/>
</LocList>
</BasicStmnt>
</StmntSeq>
</HierarchyLvl>
<HierarchyLvl HierarchyLvlId="921" HierarchyLvlTypeId="17" Intrnl_Id="448" Name="removePiece">
<Header>
<Loc EndOffset="5435" SrcFileId="8" StartOffset="5394"/>
</Header>
<LocList>
<Loc EndOffset="5924" SrcFileId="8" StartOffset="5394"/>
</LocList>
<StmntSeq Intrnl_Id="449">
<LocList>
<Loc EndOffset="5480" SrcFileId="8" StartOffset="5441"/>
<Loc EndOffset="5519" SrcFileId="8" StartOffset="5484"/>
<Loc EndOffset="5558" SrcFileId="8" StartOffset="5523"/>
<Loc EndOffset="5586" SrcFileId="8" StartOffset="5562"/>
<Loc EndOffset="5621" SrcFileId="8" StartOffset="5590"/>
<Loc EndOffset="5640" SrcFileId="8" StartOffset="5625"/>
<Loc EndOffset="5664" SrcFileId="8" StartOffset="5644"/>
<Loc EndOffset="5694" SrcFileId="8" StartOffset="5668"/>
<Loc EndOffset="5746" SrcFileId="8" StartOffset="5698"/>
<Loc EndOffset="5783" SrcFileId="8" StartOffset="5750"/>
<Loc EndOffset="5806" SrcFileId="8" StartOffset="5787"/>
<Loc EndOffset="5829" SrcFileId="8" StartOffset="5810"/>
<Loc EndOffset="5868" SrcFileId="8" StartOffset="5833"/>
<Loc EndOffset="5891" SrcFileId="8" StartOffset="5872"/>
<Loc EndOffset="5906" SrcFileId="8" StartOffset="5895"/>
<Loc EndOffset="5920" SrcFileId="8" StartOffset="5910"/>
</LocList>
<BasicStmnt CovItemId="S120" CovItemPrefix="game.GameBoard.java" Intrnl_Id="450">
<LocList>
<Loc EndOffset="5480" SrcFileId="8" StartOffset="5441"/>
</LocList>
</BasicStmnt>
<BasicStmnt CovItemId="S121" CovItemPrefix="game.GameBoard.java" Intrnl_Id="451">
<LocList>
<Loc EndOffset="5519" SrcFileId="8" StartOffset="5484"/>
</LocList>
</BasicStmnt>
<BasicStmnt CovItemId="S122" CovItemPrefix="game.GameBoard.java" Intrnl_Id="452">
<LocList>
<Loc EndOffset="5558" SrcFileId="8" StartOffset="5523"/>
</LocList>
</BasicStmnt>
<BasicStmnt CovItemId="S123" CovItemPrefix="game.GameBoard.java" Intrnl_Id="453">
<LocList>
<Loc EndOffset="5586" SrcFileId="8" StartOffset="5562"/>
</LocList>
</BasicStmnt>
<BasicStmnt CovItemId="S124" CovItemPrefix="game.GameBoard.java" Intrnl_Id="454">
<LocList>
<Loc EndOffset="5621" SrcFileId="8" StartOffset="5590"/>
</LocList>
</BasicStmnt>
<BasicStmnt CovItemId="S125" CovItemPrefix="game.GameBoard.java" Intrnl_Id="455">
<LocList>
<Loc EndOffset="5640" SrcFileId="8" StartOffset="5625"/>
</LocList>
</BasicStmnt>
<BasicStmnt CovItemId="S126" CovItemPrefix="game.GameBoard.java" Intrnl_Id="456">
<LocList>
<Loc EndOffset="5664" SrcFileId="8" StartOffset="5644"/>
</LocList>
</BasicStmnt>
<BasicStmnt CovItemId="S127" CovItemPrefix="game.GameBoard.java" Intrnl_Id="457">
<LocList>
<Loc EndOffset="5694" SrcFileId="8" StartOffset="5668"/>
</LocList>
</BasicStmnt>
<BasicStmnt CovItemId="S128" CovItemPrefix="game.GameBoard.java" Intrnl_Id="458">
<LocList>
<Loc EndOffset="5746" SrcFileId="8" StartOffset="5698"/>
</LocList>
</BasicStmnt>
<BasicStmnt CovItemId="S129" CovItemPrefix="game.GameBoard.java" Intrnl_Id="459">
<LocList>
<Loc EndOffset="5783" SrcFileId="8" StartOffset="5750"/>
</LocList>
</BasicStmnt>
<BasicStmnt CovItemId="S130" CovItemPrefix="game.GameBoard.java" Intrnl_Id="460">
<LocList>
<Loc EndOffset="5806" SrcFileId="8" StartOffset="5787"/>
</LocList>
</BasicStmnt>
<BasicStmnt CovItemId="S131" CovItemPrefix="game.GameBoard.java" Intrnl_Id="461">
<LocList>
<Loc EndOffset="5829" SrcFileId="8" StartOffset="5810"/>
</LocList>
</BasicStmnt>
<BasicStmnt CovItemId="S132" CovItemPrefix="game.GameBoard.java" Intrnl_Id="462">
<LocList>
<Loc EndOffset="5868" SrcFileId="8" StartOffset="5833"/>
</LocList>
</BasicStmnt>
<BasicStmnt CovItemId="S133" CovItemPrefix="game.GameBoard.java" Intrnl_Id="463">
<LocList>
<Loc EndOffset="5891" SrcFileId="8" StartOffset="5872"/>
</LocList>
</BasicStmnt>
<BasicStmnt CovItemId="S134" CovItemPrefix="game.GameBoard.java" Intrnl_Id="464">
<LocList>
<Loc EndOffset="5906" SrcFileId="8" StartOffset="5895"/>
</LocList>
</BasicStmnt>
<BasicStmnt CovItemId="S135" CovItemPrefix="game.GameBoard.java" Intrnl_Id="465">
<LocList>
<Loc EndOffset="5920" SrcFileId="8" StartOffset="5910"/>
</LocList>
</BasicStmnt>
</StmntSeq>
</HierarchyLvl>
</HierarchyLvl>
<HierarchyLvl HierarchyLvlId="924" HierarchyLvlTypeId="16" Intrnl_Id="466" Name="GameApplet">
<Header>
<Loc EndOffset="99" SrcFileId="9" StartOffset="76"/>
</Header>
<LocList>
<Loc EndOffset="368" SrcFileId="9" StartOffset="76"/>
</LocList>
<HierarchyLvl HierarchyLvlId="923" HierarchyLvlTypeId="17" Intrnl_Id="467" Name="main">
<Header>
<Loc EndOffset="144" SrcFileId="9" StartOffset="106"/>
</Header>
<LocList>
<Loc EndOffset="365" SrcFileId="9" StartOffset="106"/>
</LocList>
<StmntSeq Intrnl_Id="468">
<LocList>
<Loc EndOffset="205" SrcFileId="9" StartOffset="150"/>
<Loc EndOffset="264" SrcFileId="9" StartOffset="209"/>
<Loc EndOffset="361" SrcFileId="9" StartOffset="268"/>
</LocList>
<BasicStmnt CovItemId="S1" CovItemPrefix="game.GameApplet.java" Intrnl_Id="469">
<LocList>
<Loc EndOffset="205" SrcFileId="9" StartOffset="150"/>
</LocList>
</BasicStmnt>
<BasicStmnt CovItemId="S2" CovItemPrefix="game.GameApplet.java" Intrnl_Id="470">
<LocList>
<Loc EndOffset="264" SrcFileId="9" StartOffset="209"/>
</LocList>
</BasicStmnt>
<BasicStmnt CovItemId="S3" CovItemPrefix="game.GameApplet.java" Intrnl_Id="471">
<LocList>
<Loc EndOffset="361" SrcFileId="9" StartOffset="268"/>
</LocList>
</BasicStmnt>
</StmntSeq>
</HierarchyLvl>
</HierarchyLvl>
<HierarchyLvl HierarchyLvlId="930" HierarchyLvlTypeId="16" Intrnl_Id="472" Name="Flag">
<Header>
<Loc EndOffset="118" SrcFileId="10" StartOffset="79"/>
</Header>
<LocList>
<Loc EndOffset="617" SrcFileId="10" StartOffset="79"/>
</LocList>
<HierarchyLvl HierarchyLvlId="925" HierarchyLvlTypeId="17" Intrnl_Id="473" Name="Flag">
<Header>
<Loc EndOffset="138" SrcFileId="10" StartOffset="125"/>
</Header>
<LocList>
<Loc EndOffset="248" SrcFileId="10" StartOffset="125"/>
</LocList>
<StmntSeq Intrnl_Id="474">
<LocList>
<Loc EndOffset="172" SrcFileId="10" StartOffset="144"/>
<Loc EndOffset="216" SrcFileId="10" StartOffset="199"/>
<Loc EndOffset="244" SrcFileId="10" StartOffset="220"/>
</LocList>
<BasicStmnt CovItemId="S1" CovItemPrefix="game.Flag.java" Intrnl_Id="475">
<LocList>
<Loc EndOffset="172" SrcFileId="10" StartOffset="144"/>
</LocList>
</BasicStmnt>
<BasicStmnt CovItemId="S2" CovItemPrefix="game.Flag.java" Intrnl_Id="476">
<LocList>
<Loc EndOffset="216" SrcFileId="10" StartOffset="199"/>
</LocList>
</BasicStmnt>
<BasicStmnt CovItemId="S3" CovItemPrefix="game.Flag.java" Intrnl_Id="477">
<LocList>
<Loc EndOffset="244" SrcFileId="10" StartOffset="220"/>
</LocList>
</BasicStmnt>
</StmntSeq>
</HierarchyLvl>
<HierarchyLvl HierarchyLvlId="926" HierarchyLvlTypeId="17" Intrnl_Id="478" Name="actionPerformed">
<Header>
<Loc EndOffset="305" SrcFileId="10" StartOffset="251"/>
</Header>
<LocList>
<Loc EndOffset="353" SrcFileId="10" StartOffset="251"/>
</LocList>
</HierarchyLvl>
<HierarchyLvl HierarchyLvlId="927" HierarchyLvlTypeId="17" Intrnl_Id="479" Name="setSelected">
<Header>
<Loc EndOffset="411" SrcFileId="10" StartOffset="358"/>
</Header>
<LocList>
<Loc EndOffset="446" SrcFileId="10" StartOffset="358"/>
</LocList>
<StmntSeq Intrnl_Id="480">
<LocList>
<Loc EndOffset="442" SrcFileId="10" StartOffset="417"/>
</LocList>
<BasicStmnt CovItemId="S4" CovItemPrefix="game.Flag.java" Intrnl_Id="481">
<LocList>
<Loc EndOffset="442" SrcFileId="10" StartOffset="417"/>
</LocList>
</BasicStmnt>
</StmntSeq>
</HierarchyLvl>
<HierarchyLvl HierarchyLvlId="928" HierarchyLvlTypeId="17" Intrnl_Id="482" Name="hide">
<Header>
<Loc EndOffset="481" SrcFileId="10" StartOffset="451"/>
</Header>
<LocList>
<Loc EndOffset="529" SrcFileId="10" StartOffset="451"/>
</LocList>
</HierarchyLvl>
<HierarchyLvl HierarchyLvlId="929" HierarchyLvlTypeId="17" Intrnl_Id="483" Name="show">
<Header>
<Loc EndOffset="564" SrcFileId="10" StartOffset="534"/>
</Header>
<LocList>
<Loc EndOffset="612" SrcFileId="10" StartOffset="534"/>
</LocList>
</HierarchyLvl>
</HierarchyLvl>
<HierarchyLvl HierarchyLvlId="938" HierarchyLvlTypeId="16" Intrnl_Id="484" Name="ClearPiece">
<Header>
<Loc EndOffset="196" SrcFileId="11" StartOffset="151"/>
</Header>
<LocList>
<Loc EndOffset="987" SrcFileId="11" StartOffset="151"/>
</LocList>
<HierarchyLvl HierarchyLvlId="931" HierarchyLvlTypeId="17" Intrnl_Id="485" Name="ClearPiece">
<Header>
<Loc EndOffset="247" SrcFileId="11" StartOffset="228"/>
</Header>
<LocList>
<Loc EndOffset="312" SrcFileId="11" StartOffset="228"/>
</LocList>
<StmntSeq Intrnl_Id="486">
<LocList>
<Loc EndOffset="277" SrcFileId="11" StartOffset="253"/>
<Loc EndOffset="308" SrcFileId="11" StartOffset="281"/>
</LocList>
<BasicStmnt CovItemId="S1" CovItemPrefix="game.ClearPiece.java" Intrnl_Id="487">
<LocList>
<Loc EndOffset="277" SrcFileId="11" StartOffset="253"/>
</LocList>
</BasicStmnt>
<BasicStmnt CovItemId="S2" CovItemPrefix="game.ClearPiece.java" Intrnl_Id="488">
<LocList>
<Loc EndOffset="308" SrcFileId="11" StartOffset="281"/>
</LocList>
</BasicStmnt>
</StmntSeq>
</HierarchyLvl>
<HierarchyLvl HierarchyLvlId="932" HierarchyLvlTypeId="17" Intrnl_Id="489" Name="actionPerformed">
<Header>
<Loc EndOffset="374" SrcFileId="11" StartOffset="317"/>
</Header>
<LocList>
<Loc EndOffset="449" SrcFileId="11" StartOffset="317"/>
</LocList>
<StmntSeq Intrnl_Id="490">
<LocList>
<Loc EndOffset="445" SrcFileId="11" StartOffset="380"/>
</LocList>
<CondStmnt CovItemId="S3" CovItemPrefix="game.ClearPiece.java" Intrnl_Id="491">
<Branch CovItemId="B1" CovItemPrefix="game.ClearPiece.java" Implct="false" Intrnl_Id="492">
<Cond/>
<LocList>
<Loc EndOffset="445" SrcFileId="11" StartOffset="393"/>
</LocList>
<StmntSeq Intrnl_Id="493">
<LocList>
<Loc EndOffset="440" SrcFileId="11" StartOffset="399"/>
</LocList>
<BasicStmnt CovItemId="S4" CovItemPrefix="game.ClearPiece.java" Intrnl_Id="494">
<LocList>
<Loc EndOffset="440" SrcFileId="11" StartOffset="399"/>
</LocList>
</BasicStmnt>
</StmntSeq>
</Branch>
<Branch CovItemId="B2" CovItemPrefix="game.ClearPiece.java" Implct="true" Intrnl_Id="495">
<Cond/>
<LocList/>
<StmntSeq Intrnl_Id="496">
<LocList/>
</StmntSeq>
</Branch>
<Keyword EndOffset="382" SrcFileId="11" StartOffset="380"/>
<LocList>
<Loc EndOffset="445" SrcFileId="11" StartOffset="380"/>
</LocList>
<RootTerm CovItemId="C1" CovItemPrefix="game.ClearPiece.java" Intrnl_Id="497">
<BasicBoolTerm Intrnl_Id="498">
<LocList>
<Loc EndOffset="391" SrcFileId="11" StartOffset="383"/>
</LocList>
</BasicBoolTerm>
</RootTerm>
</CondStmnt>
</StmntSeq>
</HierarchyLvl>
<HierarchyLvl HierarchyLvlId="933" HierarchyLvlTypeId="17" Intrnl_Id="499" Name="setSelected">
<Header>
<Loc EndOffset="507" SrcFileId="11" StartOffset="454"/>
</Header>
<LocList>
<Loc EndOffset="680" SrcFileId="11" StartOffset="454"/>
</LocList>
<StmntSeq Intrnl_Id="500">
<LocList>
<Loc EndOffset="645" SrcFileId="11" StartOffset="513"/>
<Loc EndOffset="676" SrcFileId="11" StartOffset="651"/>
</LocList>
<CondStmnt CovItemId="S5" CovItemPrefix="game.ClearPiece.java" Intrnl_Id="501">
<Branch CovItemId="B3" CovItemPrefix="game.ClearPiece.java" Implct="false" Intrnl_Id="502">
<Cond/>
<LocList>
<Loc EndOffset="582" SrcFileId="11" StartOffset="526"/>
</LocList>
<StmntSeq Intrnl_Id="503">
<LocList>
<Loc EndOffset="577" SrcFileId="11" StartOffset="532"/>
</LocList>
<BasicStmnt CovItemId="S6" CovItemPrefix="game.ClearPiece.java" Intrnl_Id="504">
<LocList>
<Loc EndOffset="577" SrcFileId="11" StartOffset="532"/>
</LocList>
</BasicStmnt>
</StmntSeq>
</Branch>
<Branch CovItemId="B4" CovItemPrefix="game.ClearPiece.java" Implct="false" Intrnl_Id="505">
<Cond>
<Loc EndOffset="587" SrcFileId="11" StartOffset="583"/>
</Cond>
<LocList>
<Loc EndOffset="645" SrcFileId="11" StartOffset="588"/>
</LocList>
<StmntSeq Intrnl_Id="506">
<LocList>
<Loc EndOffset="640" SrcFileId="11" StartOffset="594"/>
</LocList>
<BasicStmnt CovItemId="S7" CovItemPrefix="game.ClearPiece.java" Intrnl_Id="507">
<LocList>
<Loc EndOffset="640" SrcFileId="11" StartOffset="594"/>
</LocList>
</BasicStmnt>
</StmntSeq>
</Branch>
<Keyword EndOffset="515" SrcFileId="11" StartOffset="513"/>
<LocList>
<Loc EndOffset="645" SrcFileId="11" StartOffset="513"/>
</LocList>
<RootTerm CovItemId="C2" CovItemPrefix="game.ClearPiece.java" Intrnl_Id="508">
<BasicBoolTerm Intrnl_Id="509">
<LocList>
<Loc EndOffset="524" SrcFileId="11" StartOffset="516"/>
</LocList>
</BasicBoolTerm>
</RootTerm>
</CondStmnt>
<BasicStmnt CovItemId="S8" CovItemPrefix="game.ClearPiece.java" Intrnl_Id="510">
<LocList>
<Loc EndOffset="676" SrcFileId="11" StartOffset="651"/>
</LocList>
</BasicStmnt>
</StmntSeq>
</HierarchyLvl>
<HierarchyLvl HierarchyLvlId="934" HierarchyLvlTypeId="17" Intrnl_Id="511" Name="hide">
<Header>
<Loc EndOffset="715" SrcFileId="11" StartOffset="685"/>
</Header>
<LocList>
<Loc EndOffset="763" SrcFileId="11" StartOffset="685"/>
</LocList>
</HierarchyLvl>
<HierarchyLvl HierarchyLvlId="935" HierarchyLvlTypeId="17" Intrnl_Id="512" Name="show">
<Header>
<Loc EndOffset="798" SrcFileId="11" StartOffset="768"/>
</Header>
<LocList>
<Loc EndOffset="846" SrcFileId="11" StartOffset="768"/>
</LocList>
</HierarchyLvl>
<HierarchyLvl HierarchyLvlId="936" HierarchyLvlTypeId="17" Intrnl_Id="513" Name="setOwner">
<Header>
<Loc EndOffset="892" SrcFileId="11" StartOffset="852"/>
</Header>
<LocList>
<Loc EndOffset="920" SrcFileId="11" StartOffset="852"/>
</LocList>
<StmntSeq Intrnl_Id="514">
<LocList>
<Loc EndOffset="916" SrcFileId="11" StartOffset="898"/>
</LocList>
<BasicStmnt CovItemId="S9" CovItemPrefix="game.ClearPiece.java" Intrnl_Id="515">
<LocList>
<Loc EndOffset="916" SrcFileId="11" StartOffset="898"/>
</LocList>
</BasicStmnt>
</StmntSeq>
</HierarchyLvl>
<HierarchyLvl HierarchyLvlId="937" HierarchyLvlTypeId="17" Intrnl_Id="516" Name="getOwner">
<Header>
<Loc EndOffset="960" SrcFileId="11" StartOffset="926"/>
</Header>
<LocList>
<Loc EndOffset="982" SrcFileId="11" StartOffset="926"/>
</LocList>
<StmntSeq Intrnl_Id="517">
<LocList>
<Loc EndOffset="978" SrcFileId="11" StartOffset="966"/>
</LocList>
<BasicStmnt CovItemId="S10" CovItemPrefix="game.ClearPiece.java" Intrnl_Id="518">
<LocList>
<Loc EndOffset="978" SrcFileId="11" StartOffset="966"/>
</LocList>
</BasicStmnt>
</StmntSeq>
</HierarchyLvl>
</HierarchyLvl>
<HierarchyLvl HierarchyLvlId="944" HierarchyLvlTypeId="16" Intrnl_Id="519" Name="Bomb">
<Header>
<Loc EndOffset="183" SrcFileId="12" StartOffset="144"/>
</Header>
<LocList>
<Loc EndOffset="909" SrcFileId="12" StartOffset="144"/>
</LocList>
<HierarchyLvl HierarchyLvlId="939" HierarchyLvlTypeId="17" Intrnl_Id="520" Name="Bomb">
<Header>
<Loc EndOffset="203" SrcFileId="12" StartOffset="190"/>
</Header>
<LocList>
<Loc EndOffset="309" SrcFileId="12" StartOffset="190"/>
</LocList>
<StmntSeq Intrnl_Id="521">
<LocList>
<Loc EndOffset="225" SrcFileId="12" StartOffset="209"/>
<Loc EndOffset="256" SrcFileId="12" StartOffset="229"/>
<Loc EndOffset="277" SrcFileId="12" StartOffset="260"/>
<Loc EndOffset="305" SrcFileId="12" StartOffset="281"/>
</LocList>
<BasicStmnt CovItemId="S1" CovItemPrefix="game.Bomb.java" Intrnl_Id="522">
<LocList>
<Loc EndOffset="225" SrcFileId="12" StartOffset="209"/>
</LocList>
</BasicStmnt>
<BasicStmnt CovItemId="S2" CovItemPrefix="game.Bomb.java" Intrnl_Id="523">
<LocList>
<Loc EndOffset="256" SrcFileId="12" StartOffset="229"/>
</LocList>
</BasicStmnt>
<BasicStmnt CovItemId="S3" CovItemPrefix="game.Bomb.java" Intrnl_Id="524">
<LocList>
<Loc EndOffset="277" SrcFileId="12" StartOffset="260"/>
</LocList>
</BasicStmnt>
<BasicStmnt CovItemId="S4" CovItemPrefix="game.Bomb.java" Intrnl_Id="525">
<LocList>
<Loc EndOffset="305" SrcFileId="12" StartOffset="281"/>
</LocList>
</BasicStmnt>
</StmntSeq>
</HierarchyLvl>
<HierarchyLvl HierarchyLvlId="940" HierarchyLvlTypeId="17" Intrnl_Id="526" Name="actionPerformed">
<Header>
<Loc EndOffset="368" SrcFileId="12" StartOffset="314"/>
</Header>
<LocList>
<Loc EndOffset="507" SrcFileId="12" StartOffset="314"/>
</LocList>
<StmntSeq Intrnl_Id="527">
<LocList>
<Loc EndOffset="503" SrcFileId="12" StartOffset="374"/>
</LocList>
<CondStmnt CovItemId="S5" CovItemPrefix="game.Bomb.java" Intrnl_Id="528">
<Branch CovItemId="B1" CovItemPrefix="game.Bomb.java" Implct="false" Intrnl_Id="529">
<Cond/>
<LocList>
<Loc EndOffset="440" SrcFileId="12" StartOffset="388"/>
</LocList>
<StmntSeq Intrnl_Id="530">
<LocList>
<Loc EndOffset="435" SrcFileId="12" StartOffset="394"/>
</LocList>
<BasicStmnt CovItemId="S6" CovItemPrefix="game.Bomb.java" Intrnl_Id="531">
<LocList>
<Loc EndOffset="435" SrcFileId="12" StartOffset="394"/>
</LocList>
</BasicStmnt>
</StmntSeq>
</Branch>
<Branch CovItemId="B2" CovItemPrefix="game.Bomb.java" Implct="false" Intrnl_Id="532">
<Cond>
<Loc EndOffset="445" SrcFileId="12" StartOffset="441"/>
</Cond>
<LocList>
<Loc EndOffset="503" SrcFileId="12" StartOffset="446"/>
</LocList>
<StmntSeq Intrnl_Id="533">
<LocList/>
</StmntSeq>
</Branch>
<Keyword EndOffset="376" SrcFileId="12" StartOffset="374"/>
<LocList>
<Loc EndOffset="503" SrcFileId="12" StartOffset="374"/>
</LocList>
<RootTerm CovItemId="C1" CovItemPrefix="game.Bomb.java" Intrnl_Id="534">
<BasicBoolTerm Intrnl_Id="535">
<LocList>
<Loc EndOffset="386" SrcFileId="12" StartOffset="378"/>
</LocList>
</BasicBoolTerm>
</RootTerm>
</CondStmnt>
</StmntSeq>
</HierarchyLvl>
<HierarchyLvl HierarchyLvlId="941" HierarchyLvlTypeId="17" Intrnl_Id="536" Name="setSelected">
<Header>
<Loc EndOffset="565" SrcFileId="12" StartOffset="512"/>
</Header>
<LocList>
<Loc EndOffset="740" SrcFileId="12" StartOffset="512"/>
</LocList>
<StmntSeq Intrnl_Id="537">
<LocList>
<Loc EndOffset="707" SrcFileId="12" StartOffset="571"/>
<Loc EndOffset="736" SrcFileId="12" StartOffset="711"/>
</LocList>
<CondStmnt CovItemId="S7" CovItemPrefix="game.Bomb.java" Intrnl_Id="538">
<Branch CovItemId="B3" CovItemPrefix="game.Bomb.java" Implct="false" Intrnl_Id="539">
<Cond/>
<LocList>
<Loc EndOffset="644" SrcFileId="12" StartOffset="585"/>
</LocList>
<StmntSeq Intrnl_Id="540">
<LocList>
<Loc EndOffset="639" SrcFileId="12" StartOffset="591"/>
</LocList>
<BasicStmnt CovItemId="S8" CovItemPrefix="game.Bomb.java" Intrnl_Id="541">
<LocList>
<Loc EndOffset="639" SrcFileId="12" StartOffset="591"/>
</LocList>
</BasicStmnt>
</StmntSeq>
</Branch>
<Branch CovItemId="B4" CovItemPrefix="game.Bomb.java" Implct="false" Intrnl_Id="542">
<Cond>
<Loc EndOffset="649" SrcFileId="12" StartOffset="645"/>
</Cond>
<LocList>
<Loc EndOffset="707" SrcFileId="12" StartOffset="650"/>
</LocList>
<StmntSeq Intrnl_Id="543">
<LocList>
<Loc EndOffset="702" SrcFileId="12" StartOffset="656"/>
</LocList>
<BasicStmnt CovItemId="S9" CovItemPrefix="game.Bomb.java" Intrnl_Id="544">
<LocList>
<Loc EndOffset="702" SrcFileId="12" StartOffset="656"/>
</LocList>
</BasicStmnt>
</StmntSeq>
</Branch>
<Keyword EndOffset="573" SrcFileId="12" StartOffset="571"/>
<LocList>
<Loc EndOffset="707" SrcFileId="12" StartOffset="571"/>
</LocList>
<RootTerm CovItemId="C2" CovItemPrefix="game.Bomb.java" Intrnl_Id="545">
<BasicBoolTerm Intrnl_Id="546">
<LocList>
<Loc EndOffset="583" SrcFileId="12" StartOffset="575"/>
</LocList>
</BasicBoolTerm>
</RootTerm>
</CondStmnt>
<BasicStmnt CovItemId="S10" CovItemPrefix="game.Bomb.java" Intrnl_Id="547">
<LocList>
<Loc EndOffset="736" SrcFileId="12" StartOffset="711"/>
</LocList>
</BasicStmnt>
</StmntSeq>
</HierarchyLvl>
<HierarchyLvl HierarchyLvlId="942" HierarchyLvlTypeId="17" Intrnl_Id="548" Name="hide">
<Header>
<Loc EndOffset="775" SrcFileId="12" StartOffset="745"/>
</Header>
<LocList>
<Loc EndOffset="823" SrcFileId="12" StartOffset="745"/>
</LocList>
</HierarchyLvl>
<HierarchyLvl HierarchyLvlId="943" HierarchyLvlTypeId="17" Intrnl_Id="549" Name="show">
<Header>
<Loc EndOffset="858" SrcFileId="12" StartOffset="828"/>
</Header>
<LocList>
<Loc EndOffset="906" SrcFileId="12" StartOffset="828"/>
</LocList>
</HierarchyLvl>
</HierarchyLvl>
<HierarchyLvl HierarchyLvlId="958" HierarchyLvlTypeId="16" Intrnl_Id="550" Name="AbstractPiece">
<Header>
<Loc EndOffset="265" SrcFileId="13" StartOffset="180"/>
</Header>
<LocList>
<Loc EndOffset="1418" SrcFileId="13" StartOffset="180"/>
</LocList>
<StmntSeq Intrnl_Id="551">
<LocList>
<Loc EndOffset="307" SrcFileId="13" StartOffset="272"/>
<Loc EndOffset="349" SrcFileId="13" StartOffset="310"/>
<Loc EndOffset="440" SrcFileId="13" StartOffset="411"/>
</LocList>
<BasicStmnt CovItemId="S1" CovItemPrefix="game.AbstractPiece.java" Intrnl_Id="552">
<LocList>
<Loc EndOffset="307" SrcFileId="13" StartOffset="272"/>
</LocList>
</BasicStmnt>
<BasicStmnt CovItemId="S2" CovItemPrefix="game.AbstractPiece.java" Intrnl_Id="553">
<LocList>
<Loc EndOffset="349" SrcFileId="13" StartOffset="310"/>
</LocList>
</BasicStmnt>
<BasicStmnt CovItemId="S3" CovItemPrefix="game.AbstractPiece.java" Intrnl_Id="554">
<LocList>
<Loc EndOffset="440" SrcFileId="13" StartOffset="411"/>
</LocList>
</BasicStmnt>
</StmntSeq>
<HierarchyLvl HierarchyLvlId="945" HierarchyLvlTypeId="17" Intrnl_Id="555" Name="actionPerformed">
<Header>
<Loc EndOffset="557" SrcFileId="13" StartOffset="494"/>
</Header>
<LocList>
<Loc EndOffset="558" SrcFileId="13" StartOffset="494"/>
</LocList>
</HierarchyLvl>
<HierarchyLvl HierarchyLvlId="946" HierarchyLvlTypeId="17" Intrnl_Id="556" Name="setSelected">
<Header>
<Loc EndOffset="625" SrcFileId="13" StartOffset="563"/>
</Header>
<LocList>
<Loc EndOffset="626" SrcFileId="13" StartOffset="563"/>
</LocList>
</HierarchyLvl>
<HierarchyLvl HierarchyLvlId="947" HierarchyLvlTypeId="17" Intrnl_Id="557" Name="hide">
<Header>
<Loc EndOffset="670" SrcFileId="13" StartOffset="631"/>
</Header>
<LocList>
<Loc EndOffset="671" SrcFileId="13" StartOffset="631"/>
</LocList>
</HierarchyLvl>
<HierarchyLvl HierarchyLvlId="948" HierarchyLvlTypeId="17" Intrnl_Id="558" Name="show">
<Header>
<Loc EndOffset="715" SrcFileId="13" StartOffset="676"/>
</Header>
<LocList>
<Loc EndOffset="716" SrcFileId="13" StartOffset="676"/>
</LocList>
</HierarchyLvl>
<HierarchyLvl HierarchyLvlId="949" HierarchyLvlTypeId="17" Intrnl_Id="559" Name="isSelected">
<Header>
<Loc EndOffset="760" SrcFileId="13" StartOffset="721"/>
</Header>
<LocList>
<Loc EndOffset="786" SrcFileId="13" StartOffset="721"/>
</LocList>
<StmntSeq Intrnl_Id="560">
<LocList>
<Loc EndOffset="782" SrcFileId="13" StartOffset="766"/>
</LocList>
<BasicStmnt CovItemId="S4" CovItemPrefix="game.AbstractPiece.java" Intrnl_Id="561">
<LocList>
<Loc EndOffset="782" SrcFileId="13" StartOffset="766"/>
</LocList>
</BasicStmnt>
</StmntSeq>
</HierarchyLvl>
<HierarchyLvl HierarchyLvlId="950" HierarchyLvlTypeId="17" Intrnl_Id="562" Name="setObserver">
<Header>
<Loc EndOffset="851" SrcFileId="13" StartOffset="791"/>
</Header>
<LocList>
<Loc EndOffset="886" SrcFileId="13" StartOffset="791"/>
</LocList>
<StmntSeq Intrnl_Id="563">
<LocList>
<Loc EndOffset="882" SrcFileId="13" StartOffset="857"/>
</LocList>
<BasicStmnt CovItemId="S5" CovItemPrefix="game.AbstractPiece.java" Intrnl_Id="564">
<LocList>
<Loc EndOffset="882" SrcFileId="13" StartOffset="857"/>
</LocList>
</BasicStmnt>
</StmntSeq>
</HierarchyLvl>
<HierarchyLvl HierarchyLvlId="951" HierarchyLvlTypeId="17" Intrnl_Id="565" Name="setLocation">
<Header>
<Loc EndOffset="942" SrcFileId="13" StartOffset="891"/>
</Header>
<LocList>
<Loc EndOffset="980" SrcFileId="13" StartOffset="891"/>
</LocList>
<StmntSeq Intrnl_Id="566">
<LocList>
<Loc EndOffset="973" SrcFileId="13" StartOffset="948"/>
</LocList>
<BasicStmnt CovItemId="S6" CovItemPrefix="game.AbstractPiece.java" Intrnl_Id="567">
<LocList>
<Loc EndOffset="973" SrcFileId="13" StartOffset="948"/>
</LocList>
</BasicStmnt>
</StmntSeq>
</HierarchyLvl>
<HierarchyLvl HierarchyLvlId="952" HierarchyLvlTypeId="17" Intrnl_Id="568" Name="getLocation">
<Header>
<Loc EndOffset="1023" SrcFileId="13" StartOffset="985"/>
</Header>
<LocList>
<Loc EndOffset="1054" SrcFileId="13" StartOffset="985"/>
</LocList>
<StmntSeq Intrnl_Id="569">
<LocList>
<Loc EndOffset="1050" SrcFileId="13" StartOffset="1029"/>
</LocList>
<BasicStmnt CovItemId="S7" CovItemPrefix="game.AbstractPiece.java" Intrnl_Id="570">
<LocList>
<Loc EndOffset="1050" SrcFileId="13" StartOffset="1029"/>
</LocList>
</BasicStmnt>
</StmntSeq>
</HierarchyLvl>
<HierarchyLvl HierarchyLvlId="953" HierarchyLvlTypeId="17" Intrnl_Id="571" Name="getOwner">
<Header>
<Loc EndOffset="1095" SrcFileId="13" StartOffset="1061"/>
</Header>
<LocList>
<Loc EndOffset="1118" SrcFileId="13" StartOffset="1061"/>
</LocList>
<StmntSeq Intrnl_Id="572">
<LocList>
<Loc EndOffset="1114" SrcFileId="13" StartOffset="1101"/>
</LocList>
<BasicStmnt CovItemId="S8" CovItemPrefix="game.AbstractPiece.java" Intrnl_Id="573">
<LocList>
<Loc EndOffset="1114" SrcFileId="13" StartOffset="1101"/>
</LocList>
</BasicStmnt>
</StmntSeq>
</HierarchyLvl>
<HierarchyLvl HierarchyLvlId="954" HierarchyLvlTypeId="17" Intrnl_Id="574" Name="setOwner">
<Header>
<Loc EndOffset="1167" SrcFileId="13" StartOffset="1123"/>
</Header>
<LocList>
<Loc EndOffset="1196" SrcFileId="13" StartOffset="1123"/>
</LocList>
<StmntSeq Intrnl_Id="575">
<LocList>
<Loc EndOffset="1192" SrcFileId="13" StartOffset="1173"/>
</LocList>
<BasicStmnt CovItemId="S9" CovItemPrefix="game.AbstractPiece.java" Intrnl_Id="576">
<LocList>
<Loc EndOffset="1192" SrcFileId="13" StartOffset="1173"/>
</LocList>
</BasicStmnt>
</StmntSeq>
</HierarchyLvl>
<HierarchyLvl HierarchyLvlId="955" HierarchyLvlTypeId="17" Intrnl_Id="577" Name="setName">
<Header>
<Loc EndOffset="1234" SrcFileId="13" StartOffset="1202"/>
</Header>
<LocList>
<Loc EndOffset="1314" SrcFileId="13" StartOffset="1202"/>
</LocList>
<StmntSeq Intrnl_Id="578">
<LocList>
<Loc EndOffset="1257" SrcFileId="13" StartOffset="1240"/>
<Loc EndOffset="1310" SrcFileId="13" StartOffset="1261"/>
</LocList>
<BasicStmnt CovItemId="S10" CovItemPrefix="game.AbstractPiece.java" Intrnl_Id="579">
<LocList>
<Loc EndOffset="1257" SrcFileId="13" StartOffset="1240"/>
</LocList>
</BasicStmnt>
<BasicStmnt CovItemId="S11" CovItemPrefix="game.AbstractPiece.java" Intrnl_Id="580">
<LocList>
<Loc EndOffset="1310" SrcFileId="13" StartOffset="1261"/>
</LocList>
</BasicStmnt>
</StmntSeq>
</HierarchyLvl>
<HierarchyLvl HierarchyLvlId="956" HierarchyLvlTypeId="17" Intrnl_Id="581" Name="getName">
<Header>
<Loc EndOffset="1343" SrcFileId="13" StartOffset="1320"/>
</Header>
<LocList>
<Loc EndOffset="1365" SrcFileId="13" StartOffset="1320"/>
</LocList>
<StmntSeq Intrnl_Id="582">
<LocList>
<Loc EndOffset="1361" SrcFileId="13" StartOffset="1349"/>
</LocList>
<BasicStmnt CovItemId="S12" CovItemPrefix="game.AbstractPiece.java" Intrnl_Id="583">
<LocList>
<Loc EndOffset="1361" SrcFileId="13" StartOffset="1349"/>
</LocList>
</BasicStmnt>
</StmntSeq>
</HierarchyLvl>
<HierarchyLvl HierarchyLvlId="957" HierarchyLvlTypeId="17" Intrnl_Id="584" Name="getRank">
<Header>
<Loc EndOffset="1391" SrcFileId="13" StartOffset="1371"/>
</Header>
<LocList>
<Loc EndOffset="1413" SrcFileId="13" StartOffset="1371"/>
</LocList>
<StmntSeq Intrnl_Id="585">
<LocList>
<Loc EndOffset="1409" SrcFileId="13" StartOffset="1397"/>
</LocList>
<BasicStmnt CovItemId="S13" CovItemPrefix="game.AbstractPiece.java" Intrnl_Id="586">
<LocList>
<Loc EndOffset="1409" SrcFileId="13" StartOffset="1397"/>
</LocList>
</BasicStmnt>
</StmntSeq>
</HierarchyLvl>
</HierarchyLvl>
</HierarchyLvl>
</HierarchyLvl>
</MASTRoot>
<TestSession Comment="" Date="1429877050782" Name="Apr 24, 2015 8:04:10 AM">
<TestCase Comment="" Date="1429877050303" Name="tests.TestBombPiece:testProcessPressOnNonSelectedPiece">
<CovList>
<CovPrefix CovItemPrefix="game.AbstractPiece.java">
<Cov CovItemId="S5" Value="1"/>
</CovPrefix>
<CovPrefix CovItemPrefix="game.Bomb.java">
<Cov CovItemId="B2" Value="1"/>
<Cov CovItemId="B4" Value="1"/>
<Cov CovItemId="S10" Value="1"/>
<Cov CovItemId="S5" Value="1"/>
<Cov CovItemId="S7" Value="1"/>
<Cov CovItemId="S9" Value="1"/>
</CovPrefix>
</CovList>
<AssgnmntList>
<AssgnmntPrefix RootTermCovItemPrefix="game.Bomb.java">
<AssgnmntListEntry Length="1" RootTermCovItemId="C1">
<MapEntry BoolAssgnmnt="0" Value="1"/>
</AssgnmntListEntry>
<AssgnmntListEntry Length="1" RootTermCovItemId="C2">
<MapEntry BoolAssgnmnt="0" Value="1"/>
</AssgnmntListEntry>
</AssgnmntPrefix>
</AssgnmntList>
<ObjMetaDataList/>
<MetaDataList/>
</TestCase>
<TestCase Comment="" Date="1429877050308" Name="tests.TestBombPiece:testLocation">
<CovList>
<CovPrefix CovItemPrefix="game.AbstractPiece.java">
<Cov CovItemId="S5" Value="1"/>
<Cov CovItemId="S6" Value="1"/>
<Cov CovItemId="S7" Value="1"/>
</CovPrefix>
</CovList>
<AssgnmntList/>
<ObjMetaDataList/>
<MetaDataList/>
</TestCase>
<TestCase Comment="" Date="1429877050309" Name="tests.TestBombPiece:testProcessPressOnSelectedPiece">
<CovList>
<CovPrefix CovItemPrefix="game.AbstractPiece.java">
<Cov CovItemId="S5" Value="1"/>
<Cov CovItemId="S7" Value="1"/>
</CovPrefix>
<CovPrefix CovItemPrefix="game.Bomb.java">
<Cov CovItemId="B1" Value="1"/>
<Cov CovItemId="B3" Value="1"/>
<Cov CovItemId="S10" Value="1"/>
<Cov CovItemId="S5" Value="1"/>
<Cov CovItemId="S6" Value="1"/>
<Cov CovItemId="S7" Value="1"/>
<Cov CovItemId="S8" Value="1"/>
</CovPrefix>
</CovList>
<AssgnmntList>
<AssgnmntPrefix RootTermCovItemPrefix="game.Bomb.java">
<AssgnmntListEntry Length="1" RootTermCovItemId="C1">
<MapEntry BoolAssgnmnt="1" Value="1"/>
</AssgnmntListEntry>
<AssgnmntListEntry Length="1" RootTermCovItemId="C2">
<MapEntry BoolAssgnmnt="1" Value="1"/>
</AssgnmntListEntry>
</AssgnmntPrefix>
</AssgnmntList>
<ObjMetaDataList/>
<MetaDataList/>
</TestCase>
<TestCase Comment="" Date="1429877050310" Name="tests.TestBombPiece:testSetSelectedTrue">
<CovList>
<CovPrefix CovItemPrefix="game.AbstractPiece.java">
<Cov CovItemId="S4" Value="1"/>
<Cov CovItemId="S5" Value="1"/>
</CovPrefix>
<CovPrefix CovItemPrefix="game.Bomb.java">
<Cov CovItemId="B3" Value="1"/>
<Cov CovItemId="S10" Value="1"/>
<Cov CovItemId="S7" Value="1"/>
<Cov CovItemId="S8" Value="1"/>
</CovPrefix>
</CovList>
<AssgnmntList>
<AssgnmntPrefix RootTermCovItemPrefix="game.Bomb.java">
<AssgnmntListEntry Length="1" RootTermCovItemId="C2">
<MapEntry BoolAssgnmnt="1" Value="1"/>
</AssgnmntListEntry>
</AssgnmntPrefix>
</AssgnmntList>
<ObjMetaDataList/>
<MetaDataList/>
</TestCase>
<TestCase Comment="" Date="1429877050311" Name="tests.TestBombPiece:testUserForPiece">
<CovList>
<CovPrefix CovItemPrefix="game.AbstractPiece.java">
<Cov CovItemId="S5" Value="1"/>
<Cov CovItemId="S8" Value="1"/>
<Cov CovItemId="S9" Value="1"/>
</CovPrefix>
</CovList>
<AssgnmntList/>
<ObjMetaDataList/>
<MetaDataList/>
</TestCase>
<TestCase Comment="" Date="1429877050312" Name="tests.TestBombPiece:testSetSelectedFalse">
<CovList>
<CovPrefix CovItemPrefix="game.AbstractPiece.java">
<Cov CovItemId="S4" Value="1"/>
<Cov CovItemId="S5" Value="1"/>
</CovPrefix>
<CovPrefix CovItemPrefix="game.Bomb.java">
<Cov CovItemId="B4" Value="1"/>
<Cov CovItemId="S10" Value="1"/>
<Cov CovItemId="S7" Value="1"/>
<Cov CovItemId="S9" Value="1"/>
</CovPrefix>
</CovList>
<AssgnmntList>
<AssgnmntPrefix RootTermCovItemPrefix="game.Bomb.java">
<AssgnmntListEntry Length="1" RootTermCovItemId="C2">
<MapEntry BoolAssgnmnt="0" Value="1"/>
</AssgnmntListEntry>
</AssgnmntPrefix>
</AssgnmntList>
<ObjMetaDataList/>
<MetaDataList/>
</TestCase>
<TestCase Comment="" Date="1429877050314" Name="tests.TestClearPiece:testOwnerIsNullForClearPiece">
<CovList>
<CovPrefix CovItemPrefix="game.AbstractPiece.java">
<Cov CovItemId="S1" Value="1"/>
<Cov CovItemId="S2" Value="1"/>
<Cov CovItemId="S3" Value="1"/>
<Cov CovItemId="S5" Value="1"/>
</CovPrefix>
<CovPrefix CovItemPrefix="game.ClearPiece.java">
<Cov CovItemId="S1" Value="1"/>
<Cov CovItemId="S10" Value="2"/>
<Cov CovItemId="S2" Value="1"/>
<Cov CovItemId="S9" Value="1"/>
</CovPrefix>
</CovList>
<AssgnmntList/>
<ObjMetaDataList/>
<MetaDataList/>
</TestCase>
<TestCase Comment="" Date="1429877050316" Name="tests.TestClearPiece:testLocation">
<CovList>
<CovPrefix CovItemPrefix="game.AbstractPiece.java">
<Cov CovItemId="S1" Value="1"/>
<Cov CovItemId="S2" Value="1"/>
<Cov CovItemId="S3" Value="1"/>
<Cov CovItemId="S5" Value="1"/>
<Cov CovItemId="S6" Value="1"/>
<Cov CovItemId="S7" Value="1"/>
</CovPrefix>
<CovPrefix CovItemPrefix="game.ClearPiece.java">
<Cov CovItemId="S1" Value="1"/>
<Cov CovItemId="S2" Value="1"/>
</CovPrefix>
</CovList>
<AssgnmntList/>
<ObjMetaDataList/>
<MetaDataList/>
</TestCase>
<TestCase Comment="" Date="1429877050317" Name="tests.TestClearPiece:testSetSelectedTrue">
<CovList>
<CovPrefix CovItemPrefix="game.AbstractPiece.java">
<Cov CovItemId="S1" Value="1"/>
<Cov CovItemId="S2" Value="1"/>
<Cov CovItemId="S3" Value="1"/>
<Cov CovItemId="S4" Value="1"/>
<Cov CovItemId="S5" Value="1"/>
</CovPrefix>
<CovPrefix CovItemPrefix="game.ClearPiece.java">
<Cov CovItemId="B3" Value="1"/>
<Cov CovItemId="S1" Value="1"/>
<Cov CovItemId="S2" Value="1"/>
<Cov CovItemId="S5" Value="1"/>
<Cov CovItemId="S6" Value="1"/>
<Cov CovItemId="S8" Value="1"/>
</CovPrefix>
</CovList>
<AssgnmntList>
<AssgnmntPrefix RootTermCovItemPrefix="game.ClearPiece.java">
<AssgnmntListEntry Length="1" RootTermCovItemId="C2">
<MapEntry BoolAssgnmnt="1" Value="1"/>
</AssgnmntListEntry>
</AssgnmntPrefix>
</AssgnmntList>
<ObjMetaDataList/>
<MetaDataList/>
</TestCase>
<TestCase Comment="" Date="1429877050319" Name="tests.TestClearPiece:testSetSelectedFalse">
<CovList>
<CovPrefix CovItemPrefix="game.AbstractPiece.java">
<Cov CovItemId="S1" Value="1"/>
<Cov CovItemId="S2" Value="1"/>
<Cov CovItemId="S3" Value="1"/>
<Cov CovItemId="S4" Value="1"/>
<Cov CovItemId="S5" Value="1"/>
</CovPrefix>
<CovPrefix CovItemPrefix="game.ClearPiece.java">
<Cov CovItemId="B4" Value="1"/>
<Cov CovItemId="S1" Value="1"/>
<Cov CovItemId="S2" Value="1"/>
<Cov CovItemId="S5" Value="1"/>
<Cov CovItemId="S7" Value="1"/>
<Cov CovItemId="S8" Value="1"/>
</CovPrefix>
</CovList>
<AssgnmntList>
<AssgnmntPrefix RootTermCovItemPrefix="game.ClearPiece.java">
<AssgnmntListEntry Length="1" RootTermCovItemId="C2">
<MapEntry BoolAssgnmnt="0" Value="1"/>
</AssgnmntListEntry>
</AssgnmntPrefix>
</AssgnmntList>
<ObjMetaDataList/>
<MetaDataList/>
</TestCase>
<TestCase Comment="" Date="1429877050321" Name="tests.TestFlagPiece:testLocation">
<CovList>
<CovPrefix CovItemPrefix="game.AbstractPiece.java">
<Cov CovItemId="S5" Value="1"/>
<Cov CovItemId="S6" Value="1"/>
<Cov CovItemId="S7" Value="1"/>
</CovPrefix>
</CovList>
<AssgnmntList/>
<ObjMetaDataList/>
<MetaDataList/>
</TestCase>
<TestCase Comment="" Date="1429877050322" Name="tests.TestFlagPiece:testSetSelectedTrue">
<CovList>
<CovPrefix CovItemPrefix="game.AbstractPiece.java">
<Cov CovItemId="S4" Value="1"/>
<Cov CovItemId="S5" Value="1"/>
</CovPrefix>
<CovPrefix CovItemPrefix="game.Flag.java">
<Cov CovItemId="S4" Value="1"/>
</CovPrefix>
</CovList>
<AssgnmntList/>
<ObjMetaDataList/>
<MetaDataList/>
</TestCase>
<TestCase Comment="" Date="1429877050323" Name="tests.TestFlagPiece:testSetSelectedFalse">
<CovList>
<CovPrefix CovItemPrefix="game.AbstractPiece.java">
<Cov CovItemId="S4" Value="1"/>
<Cov CovItemId="S5" Value="1"/>
</CovPrefix>
<CovPrefix CovItemPrefix="game.Flag.java">
<Cov CovItemId="S4" Value="1"/>
</CovPrefix>
</CovList>
<AssgnmntList/>
<ObjMetaDataList/>
<MetaDataList/>
</TestCase>
<TestCase Comment="" Date="1429877050325" Name="tests.TestObstaclePiece:testProcessPressOnNonSelectedPiece">
<CovList>
<CovPrefix CovItemPrefix="game.AbstractPiece.java">
<Cov CovItemId="S5" Value="1"/>
</CovPrefix>
</CovList>
<AssgnmntList/>
<ObjMetaDataList/>
<MetaDataList/>
</TestCase>
<TestCase Comment="" Date="1429877050326" Name="tests.TestObstaclePiece:testLocation">
<CovList>
<CovPrefix CovItemPrefix="game.AbstractPiece.java">
<Cov CovItemId="S5" Value="1"/>
<Cov CovItemId="S6" Value="1"/>
<Cov CovItemId="S7" Value="1"/>
</CovPrefix>
</CovList>
<AssgnmntList/>
<ObjMetaDataList/>
<MetaDataList/>
</TestCase>
<TestCase Comment="" Date="1429877050327" Name="tests.TestObstaclePiece:testProcessPressOnSelectedPiece">
<CovList>
<CovPrefix CovItemPrefix="game.AbstractPiece.java">
<Cov CovItemId="S5" Value="1"/>
</CovPrefix>
</CovList>
<AssgnmntList/>
<ObjMetaDataList/>
<MetaDataList/>
</TestCase>
<TestCase Comment="" Date="1429877050328" Name="tests.TestObstaclePiece:testSetSelectedTrue">
<CovList>
<CovPrefix CovItemPrefix="game.AbstractPiece.java">
<Cov CovItemId="S4" Value="1"/>
<Cov CovItemId="S5" Value="1"/>
</CovPrefix>
</CovList>
<AssgnmntList/>
<ObjMetaDataList/>
<MetaDataList/>
</TestCase>
<TestCase Comment="" Date="1429877050328" Name="tests.TestObstaclePiece:testSetSelectedFalse">
<CovList>
<CovPrefix CovItemPrefix="game.AbstractPiece.java">
<Cov CovItemId="S4" Value="1"/>
<Cov CovItemId="S5" Value="1"/>
</CovPrefix>
</CovList>
<AssgnmntList/>
<ObjMetaDataList/>
<MetaDataList/>
</TestCase>
<TestCase Comment="" Date="1429877050329" Name="tests.TestObstaclePiece:testOwnerIsNullForObstaclePiece">
<CovList>
<CovPrefix CovItemPrefix="game.AbstractPiece.java">
<Cov CovItemId="S5" Value="1"/>
</CovPrefix>
<CovPrefix CovItemPrefix="game.Obstacle.java">
<Cov CovItemId="S1" Value="1"/>
<Cov CovItemId="S2" Value="2"/>
</CovPrefix>
</CovList>
<AssgnmntList/>
<ObjMetaDataList/>
<MetaDataList/>
</TestCase>
<TestCase Comment="" Date="1429877050352" Name="tests.TestAttacking:TestAttackSameRank">
<CovList>
<CovPrefix CovItemPrefix="game.AbstractPiece.java">
<Cov CovItemId="S1" Value="4"/>
<Cov CovItemId="S2" Value="4"/>
<Cov CovItemId="S3" Value="4"/>
<Cov CovItemId="S5" Value="2"/>
<Cov CovItemId="S6" Value="6"/>
<Cov CovItemId="S7" Value="4"/>
<Cov CovItemId="S8" Value="2"/>
<Cov CovItemId="S9" Value="2"/>
</CovPrefix>
<CovPrefix CovItemPrefix="game.ClearPiece.java">
<Cov CovItemId="S1" Value="2"/>
<Cov CovItemId="S2" Value="2"/>
</CovPrefix>
<CovPrefix CovItemPrefix="game.GameBoard.java">
<Cov CovItemId="B34" Value="1"/>
<Cov CovItemId="B38" Value="1"/>
<Cov CovItemId="B40" Value="1"/>
<Cov CovItemId="B42" Value="1"/>
<Cov CovItemId="B43" Value="1"/>
<Cov CovItemId="S104" Value="1"/>
<Cov CovItemId="S108" Value="1"/>
<Cov CovItemId="S112" Value="1"/>
<Cov CovItemId="S115" Value="1"/>
<Cov CovItemId="S116" Value="1"/>
<Cov CovItemId="S117" Value="1"/>
<Cov CovItemId="S118" Value="1"/>
<Cov CovItemId="S120" Value="2"/>
<Cov CovItemId="S121" Value="2"/>
<Cov CovItemId="S122" Value="2"/>
<Cov CovItemId="S123" Value="2"/>
<Cov CovItemId="S124" Value="2"/>
<Cov CovItemId="S125" Value="2"/>
<Cov CovItemId="S126" Value="2"/>
<Cov CovItemId="S127" Value="2"/>
<Cov CovItemId="S128" Value="2"/>
<Cov CovItemId="S129" Value="2"/>
<Cov CovItemId="S130" Value="2"/>
<Cov CovItemId="S131" Value="2"/>
<Cov CovItemId="S132" Value="2"/>
<Cov CovItemId="S133" Value="2"/>
<Cov CovItemId="S134" Value="2"/>
<Cov CovItemId="S135" Value="2"/>
<Cov CovItemId="S96" Value="1"/>
</CovPrefix>
<CovPrefix CovItemPrefix="game.Soldier.java">
<Cov CovItemId="S1" Value="2"/>
<Cov CovItemId="S2" Value="2"/>
<Cov CovItemId="S3" Value="2"/>
</CovPrefix>
</CovList>
<AssgnmntList>
<AssgnmntPrefix RootTermCovItemPrefix="game.GameBoard.java">
<AssgnmntListEntry Length="1" RootTermCovItemId="C21">
<MapEntry BoolAssgnmnt="0" Value="1"/>
</AssgnmntListEntry>
<AssgnmntListEntry Length="1" RootTermCovItemId="C23">
<MapEntry BoolAssgnmnt="0" Value="1"/>
</AssgnmntListEntry>
<AssgnmntListEntry Length="1" RootTermCovItemId="C24">
<MapEntry BoolAssgnmnt="0" Value="1"/>
</AssgnmntListEntry>
<AssgnmntListEntry Length="1" RootTermCovItemId="C25">
<MapEntry BoolAssgnmnt="0" Value="1"/>
</AssgnmntListEntry>
<AssgnmntListEntry Length="1" RootTermCovItemId="C26">
<MapEntry BoolAssgnmnt="1" Value="1"/>
</AssgnmntListEntry>
</AssgnmntPrefix>
</AssgnmntList>
<ObjMetaDataList/>
<MetaDataList/>
</TestCase>
<TestCase Comment="" Date="1429877050370" Name="tests.TestAttacking:TestGetNewLocationAfterWin">
<CovList>
<CovPrefix CovItemPrefix="game.AbstractPiece.java">
<Cov CovItemId="S1" Value="3"/>
<Cov CovItemId="S2" Value="3"/>
<Cov CovItemId="S3" Value="3"/>
<Cov CovItemId="S5" Value="1"/>
<Cov CovItemId="S6" Value="7"/>
<Cov CovItemId="S7" Value="5"/>
<Cov CovItemId="S8" Value="2"/>
<Cov CovItemId="S9" Value="2"/>
</CovPrefix>
<CovPrefix CovItemPrefix="game.ClearPiece.java">
<Cov CovItemId="S1" Value="1"/>
<Cov CovItemId="S2" Value="1"/>
</CovPrefix>
<CovPrefix CovItemPrefix="game.GameBoard.java">
<Cov CovItemId="B34" Value="1"/>
<Cov CovItemId="B38" Value="1"/>
<Cov CovItemId="B39" Value="1"/>
<Cov CovItemId="S104" Value="1"/>
<Cov CovItemId="S108" Value="1"/>
<Cov CovItemId="S109" Value="1"/>
<Cov CovItemId="S110" Value="1"/>
<Cov CovItemId="S111" Value="1"/>
<Cov CovItemId="S120" Value="1"/>
<Cov CovItemId="S121" Value="1"/>
<Cov CovItemId="S122" Value="1"/>
<Cov CovItemId="S123" Value="1"/>
<Cov CovItemId="S124" Value="1"/>
<Cov CovItemId="S125" Value="1"/>
<Cov CovItemId="S126" Value="1"/>
<Cov CovItemId="S127" Value="1"/>
<Cov CovItemId="S128" Value="1"/>
<Cov CovItemId="S129" Value="1"/>
<Cov CovItemId="S130" Value="1"/>
<Cov CovItemId="S131" Value="1"/>
<Cov CovItemId="S132" Value="1"/>
<Cov CovItemId="S133" Value="1"/>
<Cov CovItemId="S134" Value="1"/>
<Cov CovItemId="S135" Value="1"/>
<Cov CovItemId="S78" Value="1"/>
<Cov CovItemId="S79" Value="1"/>
<Cov CovItemId="S80" Value="1"/>
<Cov CovItemId="S81" Value="1"/>
<Cov CovItemId="S82" Value="1"/>
<Cov CovItemId="S83" Value="1"/>
<Cov CovItemId="S84" Value="1"/>
<Cov CovItemId="S85" Value="1"/>
<Cov CovItemId="S86" Value="1"/>
<Cov CovItemId="S87" Value="1"/>
<Cov CovItemId="S88" Value="1"/>
<Cov CovItemId="S89" Value="1"/>
<Cov CovItemId="S90" Value="1"/>
<Cov CovItemId="S91" Value="1"/>
<Cov CovItemId="S92" Value="1"/>
<Cov CovItemId="S93" Value="1"/>
<Cov CovItemId="S94" Value="1"/>
<Cov CovItemId="S95" Value="1"/>
<Cov CovItemId="S96" Value="1"/>
</CovPrefix>
<CovPrefix CovItemPrefix="game.Soldier.java">
<Cov CovItemId="S1" Value="2"/>
<Cov CovItemId="S2" Value="2"/>
<Cov CovItemId="S3" Value="2"/>
</CovPrefix>
</CovList>
<AssgnmntList>
<AssgnmntPrefix RootTermCovItemPrefix="game.GameBoard.java">
<AssgnmntListEntry Length="1" RootTermCovItemId="C21">
<MapEntry BoolAssgnmnt="0" Value="1"/>
</AssgnmntListEntry>
<AssgnmntListEntry Length="1" RootTermCovItemId="C23">
<MapEntry BoolAssgnmnt="0" Value="1"/>
</AssgnmntListEntry>
<AssgnmntListEntry Length="1" RootTermCovItemId="C24">
<MapEntry BoolAssgnmnt="1" Value="1"/>
</AssgnmntListEntry>
</AssgnmntPrefix>
</AssgnmntList>
<ObjMetaDataList/>
<MetaDataList/>
</TestCase>
<TestCase Comment="" Date="1429877050384" Name="tests.TestAttacking:TestRemoveBothPiecesAfterTie">
<CovList>
<CovPrefix CovItemPrefix="game.AbstractPiece.java">
<Cov CovItemId="S1" Value="4"/>
<Cov CovItemId="S2" Value="4"/>
<Cov CovItemId="S3" Value="4"/>
<Cov CovItemId="S5" Value="2"/>
<Cov CovItemId="S6" Value="8"/>
<Cov CovItemId="S7" Value="6"/>
<Cov CovItemId="S8" Value="2"/>
<Cov CovItemId="S9" Value="2"/>
</CovPrefix>
<CovPrefix CovItemPrefix="game.ClearPiece.java">
<Cov CovItemId="S1" Value="2"/>
<Cov CovItemId="S2" Value="2"/>
</CovPrefix>
<CovPrefix CovItemPrefix="game.GameBoard.java">
<Cov CovItemId="B34" Value="1"/>
<Cov CovItemId="B38" Value="1"/>
<Cov CovItemId="B40" Value="1"/>
<Cov CovItemId="B42" Value="1"/>
<Cov CovItemId="B43" Value="1"/>
<Cov CovItemId="S104" Value="1"/>
<Cov CovItemId="S108" Value="1"/>
<Cov CovItemId="S112" Value="1"/>
<Cov CovItemId="S115" Value="1"/>
<Cov CovItemId="S116" Value="1"/>
<Cov CovItemId="S117" Value="1"/>
<Cov CovItemId="S118" Value="1"/>
<Cov CovItemId="S120" Value="2"/>
<Cov CovItemId="S121" Value="2"/>
<Cov CovItemId="S122" Value="2"/>
<Cov CovItemId="S123" Value="2"/>
<Cov CovItemId="S124" Value="2"/>
<Cov CovItemId="S125" Value="2"/>
<Cov CovItemId="S126" Value="2"/>
<Cov CovItemId="S127" Value="2"/>
<Cov CovItemId="S128" Value="2"/>
<Cov CovItemId="S129" Value="2"/>
<Cov CovItemId="S130" Value="2"/>
<Cov CovItemId="S131" Value="2"/>
<Cov CovItemId="S132" Value="2"/>
<Cov CovItemId="S133" Value="2"/>
<Cov CovItemId="S134" Value="2"/>
<Cov CovItemId="S135" Value="2"/>
<Cov CovItemId="S96" Value="1"/>
</CovPrefix>
<CovPrefix CovItemPrefix="game.Soldier.java">
<Cov CovItemId="S1" Value="2"/>
<Cov CovItemId="S2" Value="2"/>
<Cov CovItemId="S3" Value="2"/>
</CovPrefix>
</CovList>
<AssgnmntList>
<AssgnmntPrefix RootTermCovItemPrefix="game.GameBoard.java">
<AssgnmntListEntry Length="1" RootTermCovItemId="C21">
<MapEntry BoolAssgnmnt="0" Value="1"/>
</AssgnmntListEntry>
<AssgnmntListEntry Length="1" RootTermCovItemId="C23">
<MapEntry BoolAssgnmnt="0" Value="1"/>
</AssgnmntListEntry>
<AssgnmntListEntry Length="1" RootTermCovItemId="C24">
<MapEntry BoolAssgnmnt="0" Value="1"/>
</AssgnmntListEntry>
<AssgnmntListEntry Length="1" RootTermCovItemId="C25">
<MapEntry BoolAssgnmnt="0" Value="1"/>
</AssgnmntListEntry>
<AssgnmntListEntry Length="1" RootTermCovItemId="C26">
<MapEntry BoolAssgnmnt="1" Value="1"/>
</AssgnmntListEntry>
</AssgnmntPrefix>
</AssgnmntList>
<ObjMetaDataList/>
<MetaDataList/>
</TestCase>
<TestCase Comment="" Date="1429877050398" Name="tests.TestAttacking:TestRemovePieceAttackingBomb">
<CovList>
<CovPrefix CovItemPrefix="game.AbstractPiece.java">
<Cov CovItemId="S1" Value="4"/>
<Cov CovItemId="S2" Value="4"/>
<Cov CovItemId="S3" Value="4"/>
<Cov CovItemId="S5" Value="2"/>
<Cov CovItemId="S6" Value="8"/>
<Cov CovItemId="S7" Value="6"/>
<Cov CovItemId="S9" Value="2"/>
</CovPrefix>
<CovPrefix CovItemPrefix="game.Bomb.java">
<Cov CovItemId="S1" Value="1"/>
<Cov CovItemId="S2" Value="1"/>
<Cov CovItemId="S3" Value="1"/>
<Cov CovItemId="S4" Value="1"/>
</CovPrefix>
<CovPrefix CovItemPrefix="game.ClearPiece.java">
<Cov CovItemId="S1" Value="2"/>
<Cov CovItemId="S2" Value="2"/>
</CovPrefix>
<CovPrefix CovItemPrefix="game.GameBoard.java">
<Cov CovItemId="B33" Value="1"/>
<Cov CovItemId="B36" Value="1"/>
<Cov CovItemId="S101" Value="1"/>
<Cov CovItemId="S102" Value="1"/>
<Cov CovItemId="S103" Value="1"/>
<Cov CovItemId="S120" Value="2"/>
<Cov CovItemId="S121" Value="2"/>
<Cov CovItemId="S122" Value="2"/>
<Cov CovItemId="S123" Value="2"/>
<Cov CovItemId="S124" Value="2"/>
<Cov CovItemId="S125" Value="2"/>
<Cov CovItemId="S126" Value="2"/>
<Cov CovItemId="S127" Value="2"/>
<Cov CovItemId="S128" Value="2"/>
<Cov CovItemId="S129" Value="2"/>
<Cov CovItemId="S130" Value="2"/>
<Cov CovItemId="S131" Value="2"/>
<Cov CovItemId="S132" Value="2"/>
<Cov CovItemId="S133" Value="2"/>
<Cov CovItemId="S134" Value="2"/>
<Cov CovItemId="S135" Value="2"/>
<Cov CovItemId="S96" Value="1"/>
<Cov CovItemId="S97" Value="1"/>
</CovPrefix>
<CovPrefix CovItemPrefix="game.Soldier.java">
<Cov CovItemId="S1" Value="1"/>
<Cov CovItemId="S2" Value="1"/>
<Cov CovItemId="S3" Value="1"/>
</CovPrefix>
</CovList>
<AssgnmntList>
<AssgnmntPrefix RootTermCovItemPrefix="game.GameBoard.java">
<AssgnmntListEntry Length="1" RootTermCovItemId="C21">
<MapEntry BoolAssgnmnt="1" Value="1"/>
</AssgnmntListEntry>
<AssgnmntListEntry Length="1" RootTermCovItemId="C22">
<MapEntry BoolAssgnmnt="0" Value="1"/>
</AssgnmntListEntry>
</AssgnmntPrefix>
</AssgnmntList>
<ObjMetaDataList/>
<MetaDataList/>
</TestCase>
<TestCase Comment="" Date="1429877050410" Name="tests.TestAttacking:TestAttackLowerRank">
<CovList>
<CovPrefix CovItemPrefix="game.AbstractPiece.java">
<Cov CovItemId="S1" Value="3"/>
<Cov CovItemId="S2" Value="3"/>
<Cov CovItemId="S3" Value="3"/>
<Cov CovItemId="S5" Value="1"/>
<Cov CovItemId="S6" Value="3"/>
<Cov CovItemId="S7" Value="2"/>
<Cov CovItemId="S8" Value="2"/>
<Cov CovItemId="S9" Value="2"/>
</CovPrefix>
<CovPrefix CovItemPrefix="game.ClearPiece.java">
<Cov CovItemId="S1" Value="1"/>
<Cov CovItemId="S2" Value="1"/>
</CovPrefix>
<CovPrefix CovItemPrefix="game.GameBoard.java">
<Cov CovItemId="B34" Value="1"/>
<Cov CovItemId="B38" Value="1"/>
<Cov CovItemId="B40" Value="1"/>
<Cov CovItemId="B41" Value="1"/>
<Cov CovItemId="S104" Value="1"/>
<Cov CovItemId="S108" Value="1"/>
<Cov CovItemId="S112" Value="1"/>
<Cov CovItemId="S113" Value="1"/>
<Cov CovItemId="S114" Value="1"/>
<Cov CovItemId="S120" Value="1"/>
<Cov CovItemId="S121" Value="1"/>
<Cov CovItemId="S122" Value="1"/>
<Cov CovItemId="S123" Value="1"/>
<Cov CovItemId="S124" Value="1"/>
<Cov CovItemId="S125" Value="1"/>
<Cov CovItemId="S126" Value="1"/>
<Cov CovItemId="S127" Value="1"/>
<Cov CovItemId="S128" Value="1"/>
<Cov CovItemId="S129" Value="1"/>
<Cov CovItemId="S130" Value="1"/>
<Cov CovItemId="S131" Value="1"/>
<Cov CovItemId="S132" Value="1"/>
<Cov CovItemId="S133" Value="1"/>
<Cov CovItemId="S134" Value="1"/>
<Cov CovItemId="S135" Value="1"/>
<Cov CovItemId="S96" Value="1"/>
</CovPrefix>
<CovPrefix CovItemPrefix="game.Soldier.java">
<Cov CovItemId="S1" Value="2"/>
<Cov CovItemId="S2" Value="2"/>
<Cov CovItemId="S3" Value="2"/>
</CovPrefix>
</CovList>
<AssgnmntList>
<AssgnmntPrefix RootTermCovItemPrefix="game.GameBoard.java">
<AssgnmntListEntry Length="1" RootTermCovItemId="C21">
<MapEntry BoolAssgnmnt="0" Value="1"/>
</AssgnmntListEntry>
<AssgnmntListEntry Length="1" RootTermCovItemId="C23">
<MapEntry BoolAssgnmnt="0" Value="1"/>
</AssgnmntListEntry>
<AssgnmntListEntry Length="1" RootTermCovItemId="C24">
<MapEntry BoolAssgnmnt="0" Value="1"/>
</AssgnmntListEntry>
<AssgnmntListEntry Length="1" RootTermCovItemId="C25">
<MapEntry BoolAssgnmnt="1" Value="1"/>
</AssgnmntListEntry>
</AssgnmntPrefix>
</AssgnmntList>
<ObjMetaDataList/>
<MetaDataList/>
</TestCase>
<TestCase Comment="" Date="1429877050423" Name="tests.TestAttacking:TestRemovePieceAfterLosing">
<CovList>
<CovPrefix CovItemPrefix="game.AbstractPiece.java">
<Cov CovItemId="S1" Value="3"/>
<Cov CovItemId="S2" Value="3"/>
<Cov CovItemId="S3" Value="3"/>
<Cov CovItemId="S5" Value="1"/>
<Cov CovItemId="S6" Value="5"/>
<Cov CovItemId="S7" Value="4"/>
<Cov CovItemId="S8" Value="2"/>
<Cov CovItemId="S9" Value="2"/>
</CovPrefix>
<CovPrefix CovItemPrefix="game.ClearPiece.java">
<Cov CovItemId="S1" Value="1"/>
<Cov CovItemId="S2" Value="1"/>
</CovPrefix>
<CovPrefix CovItemPrefix="game.GameBoard.java">
<Cov CovItemId="B34" Value="1"/>
<Cov CovItemId="B38" Value="1"/>
<Cov CovItemId="B40" Value="1"/>
<Cov CovItemId="B41" Value="1"/>
<Cov CovItemId="S104" Value="1"/>
<Cov CovItemId="S108" Value="1"/>
<Cov CovItemId="S112" Value="1"/>
<Cov CovItemId="S113" Value="1"/>
<Cov CovItemId="S114" Value="1"/>
<Cov CovItemId="S120" Value="1"/>
<Cov CovItemId="S121" Value="1"/>
<Cov CovItemId="S122" Value="1"/>
<Cov CovItemId="S123" Value="1"/>
<Cov CovItemId="S124" Value="1"/>
<Cov CovItemId="S125" Value="1"/>
<Cov CovItemId="S126" Value="1"/>
<Cov CovItemId="S127" Value="1"/>
<Cov CovItemId="S128" Value="1"/>
<Cov CovItemId="S129" Value="1"/>
<Cov CovItemId="S130" Value="1"/>
<Cov CovItemId="S131" Value="1"/>
<Cov CovItemId="S132" Value="1"/>
<Cov CovItemId="S133" Value="1"/>
<Cov CovItemId="S134" Value="1"/>
<Cov CovItemId="S135" Value="1"/>
<Cov CovItemId="S96" Value="1"/>
</CovPrefix>
<CovPrefix CovItemPrefix="game.Soldier.java">
<Cov CovItemId="S1" Value="2"/>
<Cov CovItemId="S2" Value="2"/>
<Cov CovItemId="S3" Value="2"/>
</CovPrefix>
</CovList>
<AssgnmntList>
<AssgnmntPrefix RootTermCovItemPrefix="game.GameBoard.java">
<AssgnmntListEntry Length="1" RootTermCovItemId="C21">
<MapEntry BoolAssgnmnt="0" Value="1"/>
</AssgnmntListEntry>
<AssgnmntListEntry Length="1" RootTermCovItemId="C23">
<MapEntry BoolAssgnmnt="0" Value="1"/>
</AssgnmntListEntry>
<AssgnmntListEntry Length="1" RootTermCovItemId="C24">
<MapEntry BoolAssgnmnt="0" Value="1"/>
</AssgnmntListEntry>
<AssgnmntListEntry Length="1" RootTermCovItemId="C25">
<MapEntry BoolAssgnmnt="1" Value="1"/>
</AssgnmntListEntry>
</AssgnmntPrefix>
</AssgnmntList>
<ObjMetaDataList/>
<MetaDataList/>
</TestCase>
<TestCase Comment="" Date="1429877050435" Name="tests.TestAttacking:TestMinorDefuseEnemyBomb">
<CovList>
<CovPrefix CovItemPrefix="game.AbstractPiece.java">
<Cov CovItemId="S1" Value="3"/>
<Cov CovItemId="S2" Value="3"/>
<Cov CovItemId="S3" Value="3"/>
<Cov CovItemId="S5" Value="1"/>
<Cov CovItemId="S6" Value="7"/>
<Cov CovItemId="S7" Value="6"/>
<Cov CovItemId="S8" Value="2"/>
<Cov CovItemId="S9" Value="2"/>
</CovPrefix>
<CovPrefix CovItemPrefix="game.Bomb.java">
<Cov CovItemId="S1" Value="1"/>
<Cov CovItemId="S2" Value="1"/>
<Cov CovItemId="S3" Value="1"/>
<Cov CovItemId="S4" Value="1"/>
</CovPrefix>
<CovPrefix CovItemPrefix="game.ClearPiece.java">
<Cov CovItemId="S1" Value="1"/>
<Cov CovItemId="S2" Value="1"/>
</CovPrefix>
<CovPrefix CovItemPrefix="game.GameBoard.java">
<Cov CovItemId="B33" Value="1"/>
<Cov CovItemId="B35" Value="1"/>
<Cov CovItemId="S100" Value="1"/>
<Cov CovItemId="S120" Value="1"/>
<Cov CovItemId="S121" Value="1"/>
<Cov CovItemId="S122" Value="1"/>
<Cov CovItemId="S123" Value="1"/>
<Cov CovItemId="S124" Value="1"/>
<Cov CovItemId="S125" Value="1"/>
<Cov CovItemId="S126" Value="1"/>
<Cov CovItemId="S127" Value="1"/>
<Cov CovItemId="S128" Value="1"/>
<Cov CovItemId="S129" Value="1"/>
<Cov CovItemId="S130" Value="1"/>
<Cov CovItemId="S131" Value="1"/>
<Cov CovItemId="S132" Value="1"/>
<Cov CovItemId="S133" Value="1"/>
<Cov CovItemId="S134" Value="1"/>
<Cov CovItemId="S135" Value="1"/>
<Cov CovItemId="S78" Value="1"/>
<Cov CovItemId="S79" Value="1"/>
<Cov CovItemId="S80" Value="1"/>
<Cov CovItemId="S81" Value="1"/>
<Cov CovItemId="S82" Value="1"/>
<Cov CovItemId="S83" Value="1"/>
<Cov CovItemId="S84" Value="1"/>
<Cov CovItemId="S85" Value="1"/>
<Cov CovItemId="S86" Value="1"/>
<Cov CovItemId="S87" Value="1"/>
<Cov CovItemId="S88" Value="1"/>
<Cov CovItemId="S89" Value="1"/>
<Cov CovItemId="S90" Value="1"/>
<Cov CovItemId="S91" Value="1"/>
<Cov CovItemId="S92" Value="1"/>
<Cov CovItemId="S93" Value="1"/>
<Cov CovItemId="S94" Value="1"/>
<Cov CovItemId="S95" Value="1"/>
<Cov CovItemId="S96" Value="1"/>
<Cov CovItemId="S97" Value="1"/>
<Cov CovItemId="S98" Value="1"/>
<Cov CovItemId="S99" Value="1"/>
</CovPrefix>
<CovPrefix CovItemPrefix="game.Soldier.java">
<Cov CovItemId="S1" Value="1"/>
<Cov CovItemId="S2" Value="1"/>
<Cov CovItemId="S3" Value="1"/>
</CovPrefix>
</CovList>
<AssgnmntList>
<AssgnmntPrefix RootTermCovItemPrefix="game.GameBoard.java">
<AssgnmntListEntry Length="1" RootTermCovItemId="C21">
<MapEntry BoolAssgnmnt="1" Value="1"/>
</AssgnmntListEntry>
<AssgnmntListEntry Length="1" RootTermCovItemId="C22">
<MapEntry BoolAssgnmnt="1" Value="1"/>
</AssgnmntListEntry>
</AssgnmntPrefix>
</AssgnmntList>
<ObjMetaDataList/>
<MetaDataList/>
</TestCase>
<TestCase Comment="" Date="1429877050448" Name="tests.TestAttacking:TestAttackFlag">
<CovList>
<CovPrefix CovItemPrefix="game.AbstractPiece.java">
<Cov CovItemId="S1" Value="3"/>
<Cov CovItemId="S2" Value="3"/>
<Cov CovItemId="S3" Value="3"/>
<Cov CovItemId="S5" Value="1"/>
<Cov CovItemId="S6" Value="7"/>
<Cov CovItemId="S7" Value="6"/>
<Cov CovItemId="S8" Value="2"/>
<Cov CovItemId="S9" Value="2"/>
</CovPrefix>
<CovPrefix CovItemPrefix="game.ClearPiece.java">
<Cov CovItemId="S1" Value="1"/>
<Cov CovItemId="S2" Value="1"/>
</CovPrefix>
<CovPrefix CovItemPrefix="game.Flag.java">
<Cov CovItemId="S1" Value="1"/>
<Cov CovItemId="S2" Value="1"/>
<Cov CovItemId="S3" Value="1"/>
</CovPrefix>
<CovPrefix CovItemPrefix="game.GameBoard.java">
<Cov CovItemId="B34" Value="1"/>
<Cov CovItemId="B37" Value="1"/>
<Cov CovItemId="S104" Value="1"/>
<Cov CovItemId="S105" Value="1"/>
<Cov CovItemId="S106" Value="1"/>
<Cov CovItemId="S107" Value="1"/>
<Cov CovItemId="S120" Value="1"/>
<Cov CovItemId="S121" Value="1"/>
<Cov CovItemId="S122" Value="1"/>
<Cov CovItemId="S123" Value="1"/>
<Cov CovItemId="S124" Value="1"/>
<Cov CovItemId="S125" Value="1"/>
<Cov CovItemId="S126" Value="1"/>
<Cov CovItemId="S127" Value="1"/>
<Cov CovItemId="S128" Value="1"/>
<Cov CovItemId="S129" Value="1"/>
<Cov CovItemId="S130" Value="1"/>
<Cov CovItemId="S131" Value="1"/>
<Cov CovItemId="S132" Value="1"/>
<Cov CovItemId="S133" Value="1"/>
<Cov CovItemId="S134" Value="1"/>
<Cov CovItemId="S135" Value="1"/>
<Cov CovItemId="S78" Value="1"/>
<Cov CovItemId="S79" Value="1"/>
<Cov CovItemId="S80" Value="1"/>
<Cov CovItemId="S81" Value="1"/>
<Cov CovItemId="S82" Value="1"/>
<Cov CovItemId="S83" Value="1"/>
<Cov CovItemId="S84" Value="1"/>
<Cov CovItemId="S85" Value="1"/>
<Cov CovItemId="S86" Value="1"/>
<Cov CovItemId="S87" Value="1"/>
<Cov CovItemId="S88" Value="1"/>
<Cov CovItemId="S89" Value="1"/>
<Cov CovItemId="S90" Value="1"/>
<Cov CovItemId="S91" Value="1"/>
<Cov CovItemId="S92" Value="1"/>
<Cov CovItemId="S93" Value="1"/>
<Cov CovItemId="S94" Value="1"/>
<Cov CovItemId="S95" Value="1"/>
<Cov CovItemId="S96" Value="1"/>
</CovPrefix>
<CovPrefix CovItemPrefix="game.Soldier.java">
<Cov CovItemId="S1" Value="1"/>
<Cov CovItemId="S2" Value="1"/>
<Cov CovItemId="S3" Value="1"/>
</CovPrefix>
</CovList>
<AssgnmntList>
<AssgnmntPrefix RootTermCovItemPrefix="game.GameBoard.java">
<AssgnmntListEntry Length="1" RootTermCovItemId="C21">
<MapEntry BoolAssgnmnt="0" Value="1"/>
</AssgnmntListEntry>
<AssgnmntListEntry Length="1" RootTermCovItemId="C23">
<MapEntry BoolAssgnmnt="1" Value="1"/>
</AssgnmntListEntry>
</AssgnmntPrefix>
</AssgnmntList>
<ObjMetaDataList/>
<MetaDataList/>
</TestCase>
<TestCase Comment="" Date="1429877050459" Name="tests.TestAttacking:TestAttackHigherRank">
<CovList>
<CovPrefix CovItemPrefix="game.AbstractPiece.java">
<Cov CovItemId="S1" Value="3"/>
<Cov CovItemId="S2" Value="3"/>
<Cov CovItemId="S3" Value="3"/>
<Cov CovItemId="S5" Value="1"/>
<Cov CovItemId="S6" Value="5"/>
<Cov CovItemId="S7" Value="4"/>
<Cov CovItemId="S8" Value="2"/>
<Cov CovItemId="S9" Value="2"/>
</CovPrefix>
<CovPrefix CovItemPrefix="game.ClearPiece.java">
<Cov CovItemId="S1" Value="1"/>
<Cov CovItemId="S2" Value="1"/>
</CovPrefix>
<CovPrefix CovItemPrefix="game.GameBoard.java">
<Cov CovItemId="B34" Value="1"/>
<Cov CovItemId="B38" Value="1"/>
<Cov CovItemId="B39" Value="1"/>
<Cov CovItemId="S104" Value="1"/>
<Cov CovItemId="S108" Value="1"/>
<Cov CovItemId="S109" Value="1"/>
<Cov CovItemId="S110" Value="1"/>
<Cov CovItemId="S111" Value="1"/>
<Cov CovItemId="S120" Value="1"/>
<Cov CovItemId="S121" Value="1"/>
<Cov CovItemId="S122" Value="1"/>
<Cov CovItemId="S123" Value="1"/>
<Cov CovItemId="S124" Value="1"/>
<Cov CovItemId="S125" Value="1"/>
<Cov CovItemId="S126" Value="1"/>
<Cov CovItemId="S127" Value="1"/>
<Cov CovItemId="S128" Value="1"/>
<Cov CovItemId="S129" Value="1"/>
<Cov CovItemId="S130" Value="1"/>
<Cov CovItemId="S131" Value="1"/>
<Cov CovItemId="S132" Value="1"/>
<Cov CovItemId="S133" Value="1"/>
<Cov CovItemId="S134" Value="1"/>
<Cov CovItemId="S135" Value="1"/>
<Cov CovItemId="S78" Value="1"/>
<Cov CovItemId="S79" Value="1"/>
<Cov CovItemId="S80" Value="1"/>
<Cov CovItemId="S81" Value="1"/>
<Cov CovItemId="S82" Value="1"/>
<Cov CovItemId="S83" Value="1"/>
<Cov CovItemId="S84" Value="1"/>
<Cov CovItemId="S85" Value="1"/>
<Cov CovItemId="S86" Value="1"/>
<Cov CovItemId="S87" Value="1"/>
<Cov CovItemId="S88" Value="1"/>
<Cov CovItemId="S89" Value="1"/>
<Cov CovItemId="S90" Value="1"/>
<Cov CovItemId="S91" Value="1"/>
<Cov CovItemId="S92" Value="1"/>
<Cov CovItemId="S93" Value="1"/>
<Cov CovItemId="S94" Value="1"/>
<Cov CovItemId="S95" Value="1"/>
<Cov CovItemId="S96" Value="1"/>
</CovPrefix>
<CovPrefix CovItemPrefix="game.Soldier.java">
<Cov CovItemId="S1" Value="2"/>
<Cov CovItemId="S2" Value="2"/>
<Cov CovItemId="S3" Value="2"/>
</CovPrefix>
</CovList>
<AssgnmntList>
<AssgnmntPrefix RootTermCovItemPrefix="game.GameBoard.java">
<AssgnmntListEntry Length="1" RootTermCovItemId="C21">
<MapEntry BoolAssgnmnt="0" Value="1"/>
</AssgnmntListEntry>
<AssgnmntListEntry Length="1" RootTermCovItemId="C23">
<MapEntry BoolAssgnmnt="0" Value="1"/>
</AssgnmntListEntry>
<AssgnmntListEntry Length="1" RootTermCovItemId="C24">
<MapEntry BoolAssgnmnt="1" Value="1"/>
</AssgnmntListEntry>
</AssgnmntPrefix>
</AssgnmntList>
<ObjMetaDataList/>
<MetaDataList/>
</TestCase>
<TestCase Comment="" Date="1429877050462" Name="tests.TestPieceFactory:testCreateMajor">
<CovList>
<CovPrefix CovItemPrefix="game.AbstractPiece.java">
<Cov CovItemId="S1" Value="1"/>
<Cov CovItemId="S10" Value="1"/>
<Cov CovItemId="S11" Value="1"/>
<Cov CovItemId="S12" Value="1"/>
<Cov CovItemId="S13" Value="1"/>
<Cov CovItemId="S2" Value="1"/>
<Cov CovItemId="S3" Value="1"/>
</CovPrefix>
<CovPrefix CovItemPrefix="game.PieceFactory.java">
<Cov CovItemId="S20" Value="1"/>
<Cov CovItemId="S21" Value="1"/>
<Cov CovItemId="S22" Value="1"/>
</CovPrefix>
<CovPrefix CovItemPrefix="game.Soldier.java">
<Cov CovItemId="S1" Value="1"/>
<Cov CovItemId="S2" Value="1"/>
<Cov CovItemId="S3" Value="1"/>
</CovPrefix>
</CovList>
<AssgnmntList/>
<ObjMetaDataList/>
<MetaDataList/>
</TestCase>
<TestCase Comment="" Date="1429877050463" Name="tests.TestPieceFactory:testCreateMiner">
<CovList>
<CovPrefix CovItemPrefix="game.AbstractPiece.java">
<Cov CovItemId="S1" Value="1"/>
<Cov CovItemId="S10" Value="1"/>
<Cov CovItemId="S11" Value="1"/>
<Cov CovItemId="S12" Value="1"/>
<Cov CovItemId="S13" Value="1"/>
<Cov CovItemId="S2" Value="1"/>
<Cov CovItemId="S3" Value="1"/>
</CovPrefix>
<CovPrefix CovItemPrefix="game.PieceFactory.java">
<Cov CovItemId="S32" Value="1"/>
<Cov CovItemId="S33" Value="1"/>
<Cov CovItemId="S34" Value="1"/>
</CovPrefix>
<CovPrefix CovItemPrefix="game.Soldier.java">
<Cov CovItemId="S1" Value="1"/>
<Cov CovItemId="S2" Value="1"/>
<Cov CovItemId="S3" Value="1"/>
</CovPrefix>
</CovList>
<AssgnmntList/>
<ObjMetaDataList/>
<MetaDataList/>
</TestCase>
<TestCase Comment="" Date="1429877050464" Name="tests.TestPieceFactory:testCreateScout">
<CovList>
<CovPrefix CovItemPrefix="game.AbstractPiece.java">
<Cov CovItemId="S1" Value="1"/>
<Cov CovItemId="S10" Value="1"/>
<Cov CovItemId="S11" Value="1"/>
<Cov CovItemId="S12" Value="1"/>
<Cov CovItemId="S13" Value="1"/>
<Cov CovItemId="S2" Value="1"/>
<Cov CovItemId="S3" Value="1"/>
</CovPrefix>
<CovPrefix CovItemPrefix="game.PieceFactory.java">
<Cov CovItemId="S35" Value="1"/>
<Cov CovItemId="S36" Value="1"/>
<Cov CovItemId="S37" Value="1"/>
</CovPrefix>
<CovPrefix CovItemPrefix="game.Soldier.java">
<Cov CovItemId="S1" Value="1"/>
<Cov CovItemId="S2" Value="1"/>
<Cov CovItemId="S3" Value="1"/>
</CovPrefix>
</CovList>
<AssgnmntList/>
<ObjMetaDataList/>
<MetaDataList/>
</TestCase>
<TestCase Comment="" Date="1429877050465" Name="tests.TestPieceFactory:testCreateGeneral">
<CovList>
<CovPrefix CovItemPrefix="game.AbstractPiece.java">
<Cov CovItemId="S1" Value="1"/>
<Cov CovItemId="S10" Value="1"/>
<Cov CovItemId="S11" Value="1"/>
<Cov CovItemId="S12" Value="1"/>
<Cov CovItemId="S13" Value="1"/>
<Cov CovItemId="S2" Value="1"/>
<Cov CovItemId="S3" Value="1"/>
</CovPrefix>
<CovPrefix CovItemPrefix="game.PieceFactory.java">
<Cov CovItemId="S14" Value="1"/>
<Cov CovItemId="S15" Value="1"/>
<Cov CovItemId="S16" Value="1"/>
</CovPrefix>
<CovPrefix CovItemPrefix="game.Soldier.java">
<Cov CovItemId="S1" Value="1"/>
<Cov CovItemId="S2" Value="1"/>
<Cov CovItemId="S3" Value="1"/>
</CovPrefix>
</CovList>
<AssgnmntList/>
<ObjMetaDataList/>
<MetaDataList/>
</TestCase>
<TestCase Comment="" Date="1429877050466" Name="tests.TestPieceFactory:testCreateMarshall">
<CovList>
<CovPrefix CovItemPrefix="game.AbstractPiece.java">
<Cov CovItemId="S1" Value="1"/>
<Cov CovItemId="S10" Value="1"/>
<Cov CovItemId="S11" Value="1"/>
<Cov CovItemId="S12" Value="1"/>
<Cov CovItemId="S13" Value="1"/>
<Cov CovItemId="S2" Value="1"/>
<Cov CovItemId="S3" Value="1"/>
</CovPrefix>
<CovPrefix CovItemPrefix="game.PieceFactory.java">
<Cov CovItemId="S11" Value="1"/>
<Cov CovItemId="S12" Value="1"/>
<Cov CovItemId="S13" Value="1"/>
</CovPrefix>
<CovPrefix CovItemPrefix="game.Soldier.java">
<Cov CovItemId="S1" Value="1"/>
<Cov CovItemId="S2" Value="1"/>
<Cov CovItemId="S3" Value="1"/>
</CovPrefix>
</CovList>
<AssgnmntList/>
<ObjMetaDataList/>
<MetaDataList/>
</TestCase>
<TestCase Comment="" Date="1429877050467" Name="tests.TestPieceFactory:testCreateClearPiece">
<CovList>
<CovPrefix CovItemPrefix="game.AbstractPiece.java">
<Cov CovItemId="S1" Value="1"/>
<Cov CovItemId="S12" Value="1"/>
<Cov CovItemId="S13" Value="1"/>
<Cov CovItemId="S2" Value="1"/>
<Cov CovItemId="S3" Value="1"/>
</CovPrefix>
<CovPrefix CovItemPrefix="game.ClearPiece.java">
<Cov CovItemId="S1" Value="1"/>
<Cov CovItemId="S2" Value="1"/>
</CovPrefix>
<CovPrefix CovItemPrefix="game.PieceFactory.java">
<Cov CovItemId="S4" Value="1"/>
</CovPrefix>
</CovList>
<AssgnmntList/>
<ObjMetaDataList/>
<MetaDataList/>
</TestCase>
<TestCase Comment="" Date="1429877050468" Name="tests.TestPieceFactory:testCreateLieutenant">
<CovList>
<CovPrefix CovItemPrefix="game.AbstractPiece.java">
<Cov CovItemId="S1" Value="1"/>
<Cov CovItemId="S10" Value="1"/>
<Cov CovItemId="S11" Value="1"/>
<Cov CovItemId="S12" Value="1"/>
<Cov CovItemId="S13" Value="1"/>
<Cov CovItemId="S2" Value="1"/>
<Cov CovItemId="S3" Value="1"/>
</CovPrefix>
<CovPrefix CovItemPrefix="game.PieceFactory.java">
<Cov CovItemId="S26" Value="1"/>
<Cov CovItemId="S27" Value="1"/>
<Cov CovItemId="S28" Value="1"/>
</CovPrefix>
<CovPrefix CovItemPrefix="game.Soldier.java">
<Cov CovItemId="S1" Value="1"/>
<Cov CovItemId="S2" Value="1"/>
<Cov CovItemId="S3" Value="1"/>
</CovPrefix>
</CovList>
<AssgnmntList/>
<ObjMetaDataList/>
<MetaDataList/>
</TestCase>
<TestCase Comment="" Date="1429877050469" Name="tests.TestPieceFactory:testCreateCaptain">
<CovList>
<CovPrefix CovItemPrefix="game.AbstractPiece.java">
<Cov CovItemId="S1" Value="1"/>
<Cov CovItemId="S10" Value="1"/>
<Cov CovItemId="S11" Value="1"/>
<Cov CovItemId="S12" Value="1"/>
<Cov CovItemId="S13" Value="1"/>
<Cov CovItemId="S2" Value="1"/>
<Cov CovItemId="S3" Value="1"/>
</CovPrefix>
<CovPrefix CovItemPrefix="game.PieceFactory.java">
<Cov CovItemId="S23" Value="1"/>
<Cov CovItemId="S24" Value="1"/>
<Cov CovItemId="S25" Value="1"/>
</CovPrefix>
<CovPrefix CovItemPrefix="game.Soldier.java">
<Cov CovItemId="S1" Value="1"/>
<Cov CovItemId="S2" Value="1"/>
<Cov CovItemId="S3" Value="1"/>
</CovPrefix>
</CovList>
<AssgnmntList/>
<ObjMetaDataList/>
<MetaDataList/>
</TestCase>
<TestCase Comment="" Date="1429877050470" Name="tests.TestPieceFactory:testCreateBomb">
<CovList>
<CovPrefix CovItemPrefix="game.AbstractPiece.java">
<Cov CovItemId="S1" Value="1"/>
<Cov CovItemId="S10" Value="1"/>
<Cov CovItemId="S11" Value="1"/>
<Cov CovItemId="S12" Value="1"/>
<Cov CovItemId="S2" Value="1"/>
<Cov CovItemId="S3" Value="1"/>
</CovPrefix>
<CovPrefix CovItemPrefix="game.Bomb.java">
<Cov CovItemId="S1" Value="1"/>
<Cov CovItemId="S2" Value="1"/>
<Cov CovItemId="S3" Value="1"/>
<Cov CovItemId="S4" Value="1"/>
</CovPrefix>
<CovPrefix CovItemPrefix="game.PieceFactory.java">
<Cov CovItemId="S1" Value="1"/>
<Cov CovItemId="S2" Value="1"/>
<Cov CovItemId="S3" Value="1"/>
</CovPrefix>
</CovList>
<AssgnmntList/>
<ObjMetaDataList/>
<MetaDataList/>
</TestCase>
<TestCase Comment="" Date="1429877050471" Name="tests.TestPieceFactory:testCreateFlag">
<CovList>
<CovPrefix CovItemPrefix="game.AbstractPiece.java">
<Cov CovItemId="S1" Value="1"/>
<Cov CovItemId="S10" Value="1"/>
<Cov CovItemId="S11" Value="1"/>
<Cov CovItemId="S12" Value="1"/>
<Cov CovItemId="S2" Value="1"/>
<Cov CovItemId="S3" Value="1"/>
</CovPrefix>
<CovPrefix CovItemPrefix="game.Flag.java">
<Cov CovItemId="S1" Value="1"/>
<Cov CovItemId="S2" Value="1"/>
<Cov CovItemId="S3" Value="1"/>
</CovPrefix>
<CovPrefix CovItemPrefix="game.PieceFactory.java">
<Cov CovItemId="S5" Value="1"/>
<Cov CovItemId="S6" Value="1"/>
<Cov CovItemId="S7" Value="1"/>
</CovPrefix>
</CovList>
<AssgnmntList/>
<ObjMetaDataList/>
<MetaDataList/>
</TestCase>
<TestCase Comment="" Date="1429877050472" Name="tests.TestPieceFactory:testCreateColonel">
<CovList>
<CovPrefix CovItemPrefix="game.AbstractPiece.java">
<Cov CovItemId="S1" Value="1"/>
<Cov CovItemId="S10" Value="1"/>
<Cov CovItemId="S11" Value="1"/>
<Cov CovItemId="S12" Value="1"/>
<Cov CovItemId="S13" Value="1"/>
<Cov CovItemId="S2" Value="1"/>
<Cov CovItemId="S3" Value="1"/>
</CovPrefix>
<CovPrefix CovItemPrefix="game.PieceFactory.java">
<Cov CovItemId="S17" Value="1"/>
<Cov CovItemId="S18" Value="1"/>
<Cov CovItemId="S19" Value="1"/>
</CovPrefix>
<CovPrefix CovItemPrefix="game.Soldier.java">
<Cov CovItemId="S1" Value="1"/>
<Cov CovItemId="S2" Value="1"/>
<Cov CovItemId="S3" Value="1"/>
</CovPrefix>
</CovList>
<AssgnmntList/>
<ObjMetaDataList/>
<MetaDataList/>
</TestCase>
<TestCase Comment="" Date="1429877050473" Name="tests.TestPieceFactory:testCreateSergeant">
<CovList>
<CovPrefix CovItemPrefix="game.AbstractPiece.java">
<Cov CovItemId="S1" Value="1"/>
<Cov CovItemId="S10" Value="1"/>
<Cov CovItemId="S11" Value="1"/>
<Cov CovItemId="S12" Value="1"/>
<Cov CovItemId="S13" Value="1"/>
<Cov CovItemId="S2" Value="1"/>
<Cov CovItemId="S3" Value="1"/>
</CovPrefix>
<CovPrefix CovItemPrefix="game.PieceFactory.java">
<Cov CovItemId="S29" Value="1"/>
<Cov CovItemId="S30" Value="1"/>
<Cov CovItemId="S31" Value="1"/>
</CovPrefix>
<CovPrefix CovItemPrefix="game.Soldier.java">
<Cov CovItemId="S1" Value="1"/>
<Cov CovItemId="S2" Value="1"/>
<Cov CovItemId="S3" Value="1"/>
</CovPrefix>
</CovList>
<AssgnmntList/>
<ObjMetaDataList/>
<MetaDataList/>
</TestCase>
<TestCase Comment="" Date="1429877050475" Name="tests.TestPieceFactory:testCreateSpy">
<CovList>
<CovPrefix CovItemPrefix="game.AbstractPiece.java">
<Cov CovItemId="S1" Value="1"/>
<Cov CovItemId="S10" Value="1"/>
<Cov CovItemId="S11" Value="1"/>
<Cov CovItemId="S12" Value="1"/>
<Cov CovItemId="S13" Value="1"/>
<Cov CovItemId="S2" Value="1"/>
<Cov CovItemId="S3" Value="1"/>
</CovPrefix>
<CovPrefix CovItemPrefix="game.PieceFactory.java">
<Cov CovItemId="S10" Value="1"/>
<Cov CovItemId="S8" Value="1"/>
<Cov CovItemId="S9" Value="1"/>
</CovPrefix>
<CovPrefix CovItemPrefix="game.Soldier.java">
<Cov CovItemId="S1" Value="1"/>
<Cov CovItemId="S2" Value="1"/>
<Cov CovItemId="S3" Value="1"/>
</CovPrefix>
</CovList>
<AssgnmntList/>
<ObjMetaDataList/>
<MetaDataList/>
</TestCase>
<TestCase Comment="" Date="1429877050476" Name="tests.TestPiece:testLocation">
<CovList>
<CovPrefix CovItemPrefix="game.AbstractPiece.java">
<Cov CovItemId="S5" Value="1"/>
<Cov CovItemId="S6" Value="1"/>
<Cov CovItemId="S7" Value="1"/>
</CovPrefix>
</CovList>
<AssgnmntList/>
<ObjMetaDataList/>
<MetaDataList/>
</TestCase>
<TestCase Comment="" Date="1429877050477" Name="tests.TestPiece:testSetSelectedTrue">
<CovList>
<CovPrefix CovItemPrefix="game.AbstractPiece.java">
<Cov CovItemId="S4" Value="1"/>
<Cov CovItemId="S5" Value="1"/>
</CovPrefix>
<CovPrefix CovItemPrefix="game.Soldier.java">
<Cov CovItemId="B1" Value="1"/>
<Cov CovItemId="S4" Value="1"/>
<Cov CovItemId="S5" Value="1"/>
<Cov CovItemId="S7" Value="1"/>
</CovPrefix>
</CovList>
<AssgnmntList>
<AssgnmntPrefix RootTermCovItemPrefix="game.Soldier.java">
<AssgnmntListEntry Length="1" RootTermCovItemId="C1">
<MapEntry BoolAssgnmnt="1" Value="1"/>
</AssgnmntListEntry>
</AssgnmntPrefix>
</AssgnmntList>
<ObjMetaDataList/>
<MetaDataList/>
</TestCase>
<TestCase Comment="" Date="1429877050478" Name="tests.TestPiece:testUserForPiece">
<CovList>
<CovPrefix CovItemPrefix="game.AbstractPiece.java">
<Cov CovItemId="S5" Value="1"/>
<Cov CovItemId="S8" Value="1"/>
<Cov CovItemId="S9" Value="1"/>
</CovPrefix>
</CovList>
<AssgnmntList/>
<ObjMetaDataList/>
<MetaDataList/>
</TestCase>
<TestCase Comment="" Date="1429877050479" Name="tests.TestPiece:testSetSelectedFalse">
<CovList>
<CovPrefix CovItemPrefix="game.AbstractPiece.java">
<Cov CovItemId="S4" Value="1"/>
<Cov CovItemId="S5" Value="1"/>
</CovPrefix>
<CovPrefix CovItemPrefix="game.Soldier.java">
<Cov CovItemId="B2" Value="1"/>
<Cov CovItemId="S4" Value="1"/>
<Cov CovItemId="S6" Value="1"/>
<Cov CovItemId="S7" Value="1"/>
</CovPrefix>
</CovList>
<AssgnmntList>
<AssgnmntPrefix RootTermCovItemPrefix="game.Soldier.java">
<AssgnmntListEntry Length="1" RootTermCovItemId="C1">
<MapEntry BoolAssgnmnt="0" Value="1"/>
</AssgnmntListEntry>
</AssgnmntPrefix>
</AssgnmntList>
<ObjMetaDataList/>
<MetaDataList/>
</TestCase>
<TestCase Comment="Failure&#10;java.lang.AssertionError&#13;&#10;&#9;at org.junit.Assert.fail(Assert.java:86)&#13;&#10;&#9;at org.junit.Assert.assertTrue(Assert.java:41)&#13;&#10;&#9;at org.junit.Assert.assertTrue(Assert.java:52)&#13;&#10;&#9;at tests.TestGameBoard.testSelectedButtonPressedClearPiecePressed(TestGameBoard.java:80)&#13;&#10;&#9;at sun.reflect.NativeMethodAccessorImpl.invoke0(Native Method)&#13;&#10;&#9;at sun.reflect.NativeMethodAccessorImpl.invoke(Unknown Source)&#13;&#10;&#9;at sun.reflect.DelegatingMethodAccessorImpl.invoke(Unknown Source)&#13;&#10;&#9;at java.lang.reflect.Method.invoke(Unknown Source)&#13;&#10;&#9;at org.junit.runners.model.FrameworkMethod$1.runReflectiveCall(FrameworkMethod.java:47)&#13;&#10;&#9;at org.junit.internal.runners.model.ReflectiveCallable.run(ReflectiveCallable.java:12)&#13;&#10;&#9;at org.junit.runners.model.FrameworkMethod.invokeExplosively(FrameworkMethod.java:44)&#13;&#10;&#9;at org.junit.internal.runners.statements.InvokeMethod.evaluate(InvokeMethod.java:17)&#13;&#10;&#9;at org.junit.internal.runners.statements.RunBefores.evaluate(RunBefores.java:26)&#13;&#10;&#9;at org.junit.internal.runners.statements.RunAfters.evaluate(RunAfters.java:27)&#13;&#10;&#9;at org.junit.runners.ParentRunner.runLeaf(ParentRunner.java:271)&#13;&#10;&#9;at org.junit.runners.BlockJUnit4ClassRunner.runChild(BlockJUnit4ClassRunner.java:70)&#13;&#10;&#9;at org.junit.runners.BlockJUnit4ClassRunner.runChild(BlockJUnit4ClassRunner.java:50)&#13;&#10;&#9;at org.junit.runners.ParentRunner$3.run(ParentRunner.java:238)&#13;&#10;&#9;at org.junit.runners.ParentRunner$1.schedule(ParentRunner.java:63)&#13;&#10;&#9;at org.junit.runners.ParentRunner.runChildren(ParentRunner.java:236)&#13;&#10;&#9;at org.junit.runners.ParentRunner.access$000(ParentRunner.java:53)&#13;&#10;&#9;at org.junit.runners.ParentRunner$2.evaluate(ParentRunner.java:229)&#13;&#10;&#9;at org.junit.runners.ParentRunner.run(ParentRunner.java:309)&#13;&#10;&#9;at org.junit.runners.Suite.runChild(Suite.java:127)&#13;&#10;&#9;at org.junit.runners.Suite.runChild(Suite.java:26)&#13;&#10;&#9;at org.junit.runners.ParentRunner$3.run(ParentRunner.java:238)&#13;&#10;&#9;at org.junit.runners.ParentRunner$1.schedule(ParentRunner.java:63)&#13;&#10;&#9;at org.junit.runners.ParentRunner.runChildren(ParentRunner.java:236)&#13;&#10;&#9;at org.junit.runners.ParentRunner.access$000(ParentRunner.java:53)&#13;&#10;&#9;at org.junit.runners.ParentRunner$2.evaluate(ParentRunner.java:229)&#13;&#10;&#9;at org.junit.runners.ParentRunner.run(ParentRunner.java:309)&#13;&#10;&#9;at org.eclipse.jdt.internal.junit4.runner.JUnit4TestReference.run(JUnit4TestReference.java:50)&#13;&#10;&#9;at org.eclipse.jdt.internal.junit.runner.TestExecution.run(TestExecution.java:38)&#13;&#10;&#9;at org.eclipse.jdt.internal.junit.runner.RemoteTestRunner.runTests(RemoteTestRunner.java:467)&#13;&#10;&#9;at org.eclipse.jdt.internal.junit.runner.RemoteTestRunner.runTests(RemoteTestRunner.java:683)&#13;&#10;&#9;at org.eclipse.jdt.internal.junit.runner.RemoteTestRunner.run(RemoteTestRunner.java:390)&#13;&#10;&#9;at org.codecover.juniteclipse.runner.EclipseTestRunner.main(EclipseTestRunner.java:40)" Date="1429877050480" Name="tests.TestGameBoard:testSelectedButtonPressedClearPiecePressed">
<CovList>
<CovPrefix CovItemPrefix="game.AbstractPiece.java">
<Cov CovItemId="S1" Value="101"/>
<Cov CovItemId="S10" Value="1"/>
<Cov CovItemId="S11" Value="1"/>
<Cov CovItemId="S2" Value="101"/>
<Cov CovItemId="S3" Value="101"/>
<Cov CovItemId="S4" Value="1"/>
<Cov CovItemId="S5" Value="101"/>
<Cov CovItemId="S6" Value="103"/>
<Cov CovItemId="S7" Value="4"/>
<Cov CovItemId="S8" Value="1"/>
</CovPrefix>
<CovPrefix CovItemPrefix="game.ClearPiece.java">
<Cov CovItemId="B4" Value="99"/>
<Cov CovItemId="S1" Value="100"/>
<Cov CovItemId="S2" Value="100"/>
<Cov CovItemId="S5" Value="99"/>
<Cov CovItemId="S7" Value="99"/>
<Cov CovItemId="S8" Value="99"/>
</CovPrefix>
<CovPrefix CovItemPrefix="game.GameBoard.java">
<Cov CovItemId="B12" Value="1"/>
<Cov CovItemId="B14" Value="1"/>
<Cov CovItemId="B9" Value="1"/>
<Cov CovItemId="L5-2" Value="1"/>
<Cov CovItemId="L6-2" Value="10"/>
<Cov CovItemId="S2" Value="1"/>
<Cov CovItemId="S3" Value="1"/>
<Cov CovItemId="S31" Value="101"/>
<Cov CovItemId="S32" Value="101"/>
<Cov CovItemId="S33" Value="101"/>
<Cov CovItemId="S34" Value="101"/>
<Cov CovItemId="S35" Value="101"/>
<Cov CovItemId="S36" Value="101"/>
<Cov CovItemId="S37" Value="101"/>
<Cov CovItemId="S38" Value="101"/>
<Cov CovItemId="S39" Value="101"/>
<Cov CovItemId="S4" Value="1"/>
<Cov CovItemId="S40" Value="101"/>
<Cov CovItemId="S41" Value="1"/>
<Cov CovItemId="S42" Value="1"/>
<Cov CovItemId="S44" Value="1"/>
<Cov CovItemId="S46" Value="1"/>
<Cov CovItemId="S47" Value="1"/>
<Cov CovItemId="S48" Value="10"/>
<Cov CovItemId="S49" Value="100"/>
<Cov CovItemId="S5" Value="1"/>
<Cov CovItemId="S50" Value="1"/>
<Cov CovItemId="S51" Value="1"/>
<Cov CovItemId="S6" Value="1"/>
<Cov CovItemId="S7" Value="1"/>
<Cov CovItemId="S78" Value="1"/>
<Cov CovItemId="S79" Value="1"/>
<Cov CovItemId="S80" Value="1"/>
<Cov CovItemId="S81" Value="1"/>
<Cov CovItemId="S82" Value="1"/>
<Cov CovItemId="S83" Value="1"/>
<Cov CovItemId="S84" Value="1"/>
<Cov CovItemId="S85" Value="1"/>
<Cov CovItemId="S86" Value="1"/>
<Cov CovItemId="S87" Value="1"/>
<Cov CovItemId="S88" Value="1"/>
<Cov CovItemId="S89" Value="1"/>
<Cov CovItemId="S90" Value="1"/>
<Cov CovItemId="S91" Value="1"/>
<Cov CovItemId="S92" Value="1"/>
<Cov CovItemId="S93" Value="1"/>
<Cov CovItemId="S94" Value="1"/>
<Cov CovItemId="S95" Value="1"/>
</CovPrefix>
<CovPrefix CovItemPrefix="game.PieceFactory.java">
<Cov CovItemId="S26" Value="1"/>
<Cov CovItemId="S27" Value="1"/>
<Cov CovItemId="S28" Value="1"/>
<Cov CovItemId="S4" Value="100"/>
</CovPrefix>
<CovPrefix CovItemPrefix="game.Soldier.java">
<Cov CovItemId="B1" Value="1"/>
<Cov CovItemId="B2" Value="1"/>
<Cov CovItemId="S1" Value="1"/>
<Cov CovItemId="S2" Value="1"/>
<Cov CovItemId="S3" Value="1"/>
<Cov CovItemId="S4" Value="2"/>
<Cov CovItemId="S5" Value="1"/>
<Cov CovItemId="S6" Value="1"/>
<Cov CovItemId="S7" Value="2"/>
</CovPrefix>
</CovList>
<AssgnmntList>
<AssgnmntPrefix RootTermCovItemPrefix="game.ClearPiece.java">
<AssgnmntListEntry Length="1" RootTermCovItemId="C2">
<MapEntry BoolAssgnmnt="0" Value="99"/>
</AssgnmntListEntry>
</AssgnmntPrefix>
<AssgnmntPrefix RootTermCovItemPrefix="game.GameBoard.java">
<AssgnmntListEntry Length="1" RootTermCovItemId="C10">
<MapEntry BoolAssgnmnt="0" Value="1"/>
</AssgnmntListEntry>
<AssgnmntListEntry Length="1" RootTermCovItemId="C11">
<MapEntry BoolAssgnmnt="0" Value="1"/>
</AssgnmntListEntry>
<AssgnmntListEntry Length="1" RootTermCovItemId="C9">
<MapEntry BoolAssgnmnt="1" Value="1"/>
</AssgnmntListEntry>
</AssgnmntPrefix>
<AssgnmntPrefix RootTermCovItemPrefix="game.Soldier.java">
<AssgnmntListEntry Length="1" RootTermCovItemId="C1">
<MapEntry BoolAssgnmnt="0" Value="1"/>
<MapEntry BoolAssgnmnt="1" Value="1"/>
</AssgnmntListEntry>
</AssgnmntPrefix>
</AssgnmntList>
<ObjMetaDataList/>
<MetaDataList/>
</TestCase>
<TestCase Comment="" Date="1429877050496" Name="tests.TestGameBoard:testSelectedButtonPressedSameSelectedPiecePressed">
<CovList>
<CovPrefix CovItemPrefix="game.AbstractPiece.java">
<Cov CovItemId="S1" Value="101"/>
<Cov CovItemId="S10" Value="1"/>
<Cov CovItemId="S11" Value="1"/>
<Cov CovItemId="S2" Value="101"/>
<Cov CovItemId="S3" Value="101"/>
<Cov CovItemId="S4" Value="1"/>
<Cov CovItemId="S5" Value="101"/>
<Cov CovItemId="S6" Value="101"/>
</CovPrefix>
<CovPrefix CovItemPrefix="game.ClearPiece.java">
<Cov CovItemId="B4" Value="99"/>
<Cov CovItemId="S1" Value="100"/>
<Cov CovItemId="S2" Value="100"/>
<Cov CovItemId="S5" Value="99"/>
<Cov CovItemId="S7" Value="99"/>
<Cov CovItemId="S8" Value="99"/>
</CovPrefix>
<CovPrefix CovItemPrefix="game.GameBoard.java">
<Cov CovItemId="B11" Value="1"/>
<Cov CovItemId="B9" Value="1"/>
<Cov CovItemId="L5-2" Value="1"/>
<Cov CovItemId="L6-2" Value="10"/>
<Cov CovItemId="S2" Value="1"/>
<Cov CovItemId="S3" Value="1"/>
<Cov CovItemId="S31" Value="101"/>
<Cov CovItemId="S32" Value="101"/>
<Cov CovItemId="S33" Value="101"/>
<Cov CovItemId="S34" Value="101"/>
<Cov CovItemId="S35" Value="101"/>
<Cov CovItemId="S36" Value="101"/>
<Cov CovItemId="S37" Value="101"/>
<Cov CovItemId="S38" Value="101"/>
<Cov CovItemId="S39" Value="101"/>
<Cov CovItemId="S4" Value="1"/>
<Cov CovItemId="S40" Value="101"/>
<Cov CovItemId="S41" Value="1"/>
<Cov CovItemId="S42" Value="1"/>
<Cov CovItemId="S43" Value="1"/>
<Cov CovItemId="S47" Value="1"/>
<Cov CovItemId="S48" Value="10"/>
<Cov CovItemId="S49" Value="100"/>
<Cov CovItemId="S5" Value="1"/>
<Cov CovItemId="S50" Value="1"/>
<Cov CovItemId="S6" Value="1"/>
<Cov CovItemId="S7" Value="1"/>
</CovPrefix>
<CovPrefix CovItemPrefix="game.PieceFactory.java">
<Cov CovItemId="S26" Value="1"/>
<Cov CovItemId="S27" Value="1"/>
<Cov CovItemId="S28" Value="1"/>
<Cov CovItemId="S4" Value="100"/>
</CovPrefix>
<CovPrefix CovItemPrefix="game.Soldier.java">
<Cov CovItemId="B1" Value="1"/>
<Cov CovItemId="B2" Value="2"/>
<Cov CovItemId="S1" Value="1"/>
<Cov CovItemId="S2" Value="1"/>
<Cov CovItemId="S3" Value="1"/>
<Cov CovItemId="S4" Value="3"/>
<Cov CovItemId="S5" Value="1"/>
<Cov CovItemId="S6" Value="2"/>
<Cov CovItemId="S7" Value="3"/>
</CovPrefix>
</CovList>
<AssgnmntList>
<AssgnmntPrefix RootTermCovItemPrefix="game.ClearPiece.java">
<AssgnmntListEntry Length="1" RootTermCovItemId="C2">
<MapEntry BoolAssgnmnt="0" Value="99"/>
</AssgnmntListEntry>
</AssgnmntPrefix>
<AssgnmntPrefix RootTermCovItemPrefix="game.GameBoard.java">
<AssgnmntListEntry Length="1" RootTermCovItemId="C10">
<MapEntry BoolAssgnmnt="1" Value="1"/>
</AssgnmntListEntry>
<AssgnmntListEntry Length="1" RootTermCovItemId="C9">
<MapEntry BoolAssgnmnt="1" Value="1"/>
</AssgnmntListEntry>
</AssgnmntPrefix>
<AssgnmntPrefix RootTermCovItemPrefix="game.Soldier.java">
<AssgnmntListEntry Length="1" RootTermCovItemId="C1">
<MapEntry BoolAssgnmnt="0" Value="2"/>
<MapEntry BoolAssgnmnt="1" Value="1"/>
</AssgnmntListEntry>
</AssgnmntPrefix>
</AssgnmntList>
<ObjMetaDataList/>
<MetaDataList/>
</TestCase>
<TestCase Comment="" Date="1429877050508" Name="tests.TestGameBoard:testAddPieceMethod">
<CovList>
<CovPrefix CovItemPrefix="game.AbstractPiece.java">
<Cov CovItemId="S1" Value="101"/>
<Cov CovItemId="S10" Value="1"/>
<Cov CovItemId="S11" Value="1"/>
<Cov CovItemId="S2" Value="101"/>
<Cov CovItemId="S3" Value="101"/>
<Cov CovItemId="S5" Value="101"/>
<Cov CovItemId="S6" Value="101"/>
</CovPrefix>
<CovPrefix CovItemPrefix="game.Bomb.java">
<Cov CovItemId="S1" Value="1"/>
<Cov CovItemId="S2" Value="1"/>
<Cov CovItemId="S3" Value="1"/>
<Cov CovItemId="S4" Value="1"/>
</CovPrefix>
<CovPrefix CovItemPrefix="game.ClearPiece.java">
<Cov CovItemId="S1" Value="100"/>
<Cov CovItemId="S2" Value="100"/>
</CovPrefix>
<CovPrefix CovItemPrefix="game.GameBoard.java">
<Cov CovItemId="S2" Value="1"/>
<Cov CovItemId="S3" Value="1"/>
<Cov CovItemId="S31" Value="101"/>
<Cov CovItemId="S32" Value="101"/>
<Cov CovItemId="S33" Value="101"/>
<Cov CovItemId="S34" Value="101"/>
<Cov CovItemId="S35" Value="101"/>
<Cov CovItemId="S36" Value="101"/>
<Cov CovItemId="S37" Value="101"/>
<Cov CovItemId="S38" Value="101"/>
<Cov CovItemId="S39" Value="101"/>
<Cov CovItemId="S4" Value="1"/>
<Cov CovItemId="S40" Value="101"/>
<Cov CovItemId="S5" Value="1"/>
<Cov CovItemId="S6" Value="1"/>
<Cov CovItemId="S7" Value="1"/>
</CovPrefix>
<CovPrefix CovItemPrefix="game.PieceFactory.java">
<Cov CovItemId="S1" Value="1"/>
<Cov CovItemId="S2" Value="1"/>
<Cov CovItemId="S3" Value="1"/>
<Cov CovItemId="S4" Value="100"/>
</CovPrefix>
</CovList>
<AssgnmntList/>
<ObjMetaDataList/>
<MetaDataList/>
</TestCase>
<TestCase Comment="" Date="1429877050517" Name="tests.TestGameBoard:testSelectedButtonPressedNoSelectedPiece">
<CovList>
<CovPrefix CovItemPrefix="game.AbstractPiece.java">
<Cov CovItemId="S1" Value="101"/>
<Cov CovItemId="S10" Value="1"/>
<Cov CovItemId="S11" Value="1"/>
<Cov CovItemId="S2" Value="101"/>
<Cov CovItemId="S3" Value="101"/>
<Cov CovItemId="S4" Value="1"/>
<Cov CovItemId="S5" Value="101"/>
<Cov CovItemId="S6" Value="101"/>
</CovPrefix>
<CovPrefix CovItemPrefix="game.ClearPiece.java">
<Cov CovItemId="B4" Value="99"/>
<Cov CovItemId="S1" Value="100"/>
<Cov CovItemId="S2" Value="100"/>
<Cov CovItemId="S5" Value="99"/>
<Cov CovItemId="S7" Value="99"/>
<Cov CovItemId="S8" Value="99"/>
</CovPrefix>
<CovPrefix CovItemPrefix="game.GameBoard.java">
<Cov CovItemId="B10" Value="1"/>
<Cov CovItemId="L5-2" Value="1"/>
<Cov CovItemId="L6-2" Value="10"/>
<Cov CovItemId="S2" Value="1"/>
<Cov CovItemId="S3" Value="1"/>
<Cov CovItemId="S31" Value="101"/>
<Cov CovItemId="S32" Value="101"/>
<Cov CovItemId="S33" Value="101"/>
<Cov CovItemId="S34" Value="101"/>
<Cov CovItemId="S35" Value="101"/>
<Cov CovItemId="S36" Value="101"/>
<Cov CovItemId="S37" Value="101"/>
<Cov CovItemId="S38" Value="101"/>
<Cov CovItemId="S39" Value="101"/>
<Cov CovItemId="S4" Value="1"/>
<Cov CovItemId="S40" Value="101"/>
<Cov CovItemId="S41" Value="1"/>
<Cov CovItemId="S47" Value="1"/>
<Cov CovItemId="S48" Value="10"/>
<Cov CovItemId="S49" Value="100"/>
<Cov CovItemId="S5" Value="1"/>
<Cov CovItemId="S50" Value="1"/>
<Cov CovItemId="S6" Value="1"/>
<Cov CovItemId="S7" Value="1"/>
</CovPrefix>
<CovPrefix CovItemPrefix="game.PieceFactory.java">
<Cov CovItemId="S26" Value="1"/>
<Cov CovItemId="S27" Value="1"/>
<Cov CovItemId="S28" Value="1"/>
<Cov CovItemId="S4" Value="100"/>
</CovPrefix>
<CovPrefix CovItemPrefix="game.Soldier.java">
<Cov CovItemId="B1" Value="1"/>
<Cov CovItemId="B2" Value="1"/>
<Cov CovItemId="S1" Value="1"/>
<Cov CovItemId="S2" Value="1"/>
<Cov CovItemId="S3" Value="1"/>
<Cov CovItemId="S4" Value="2"/>
<Cov CovItemId="S5" Value="1"/>
<Cov CovItemId="S6" Value="1"/>
<Cov CovItemId="S7" Value="2"/>
</CovPrefix>
</CovList>
<AssgnmntList>
<AssgnmntPrefix RootTermCovItemPrefix="game.ClearPiece.java">
<AssgnmntListEntry Length="1" RootTermCovItemId="C2">
<MapEntry BoolAssgnmnt="0" Value="99"/>
</AssgnmntListEntry>
</AssgnmntPrefix>
<AssgnmntPrefix RootTermCovItemPrefix="game.GameBoard.java">
<AssgnmntListEntry Length="1" RootTermCovItemId="C9">
<MapEntry BoolAssgnmnt="0" Value="1"/>
</AssgnmntListEntry>
</AssgnmntPrefix>
<AssgnmntPrefix RootTermCovItemPrefix="game.Soldier.java">
<AssgnmntListEntry Length="1" RootTermCovItemId="C1">
<MapEntry BoolAssgnmnt="0" Value="1"/>
<MapEntry BoolAssgnmnt="1" Value="1"/>
</AssgnmntListEntry>
</AssgnmntPrefix>
</AssgnmntList>
<ObjMetaDataList/>
<MetaDataList/>
</TestCase>
<MetaDataList/>
</TestSession>
<TestSession Comment="" Date="1429877065722" Name="Apr 24, 2015 8:04:25 AM">
<TestCase Comment="" Date="1429877065380" Name="tests.TestBombPiece:testProcessPressOnNonSelectedPiece">
<CovList>
<CovPrefix CovItemPrefix="game.AbstractPiece.java">
<Cov CovItemId="S5" Value="1"/>
</CovPrefix>
<CovPrefix CovItemPrefix="game.Bomb.java">
<Cov CovItemId="B2" Value="1"/>
<Cov CovItemId="B4" Value="1"/>
<Cov CovItemId="S10" Value="1"/>
<Cov CovItemId="S5" Value="1"/>
<Cov CovItemId="S7" Value="1"/>
<Cov CovItemId="S9" Value="1"/>
</CovPrefix>
</CovList>
<AssgnmntList>
<AssgnmntPrefix RootTermCovItemPrefix="game.Bomb.java">
<AssgnmntListEntry Length="1" RootTermCovItemId="C1">
<MapEntry BoolAssgnmnt="0" Value="1"/>
</AssgnmntListEntry>
<AssgnmntListEntry Length="1" RootTermCovItemId="C2">
<MapEntry BoolAssgnmnt="0" Value="1"/>
</AssgnmntListEntry>
</AssgnmntPrefix>
</AssgnmntList>
<ObjMetaDataList/>
<MetaDataList/>
</TestCase>
<TestCase Comment="" Date="1429877065384" Name="tests.TestBombPiece:testLocation">
<CovList>
<CovPrefix CovItemPrefix="game.AbstractPiece.java">
<Cov CovItemId="S5" Value="1"/>
<Cov CovItemId="S6" Value="1"/>
<Cov CovItemId="S7" Value="1"/>
</CovPrefix>
</CovList>
<AssgnmntList/>
<ObjMetaDataList/>
<MetaDataList/>
</TestCase>
<TestCase Comment="" Date="1429877065385" Name="tests.TestBombPiece:testProcessPressOnSelectedPiece">
<CovList>
<CovPrefix CovItemPrefix="game.AbstractPiece.java">
<Cov CovItemId="S5" Value="1"/>
<Cov CovItemId="S7" Value="1"/>
</CovPrefix>
<CovPrefix CovItemPrefix="game.Bomb.java">
<Cov CovItemId="B1" Value="1"/>
<Cov CovItemId="B3" Value="1"/>
<Cov CovItemId="S10" Value="1"/>
<Cov CovItemId="S5" Value="1"/>
<Cov CovItemId="S6" Value="1"/>
<Cov CovItemId="S7" Value="1"/>
<Cov CovItemId="S8" Value="1"/>
</CovPrefix>
</CovList>
<AssgnmntList>
<AssgnmntPrefix RootTermCovItemPrefix="game.Bomb.java">
<AssgnmntListEntry Length="1" RootTermCovItemId="C1">
<MapEntry BoolAssgnmnt="1" Value="1"/>
</AssgnmntListEntry>
<AssgnmntListEntry Length="1" RootTermCovItemId="C2">
<MapEntry BoolAssgnmnt="1" Value="1"/>
</AssgnmntListEntry>
</AssgnmntPrefix>
</AssgnmntList>
<ObjMetaDataList/>
<MetaDataList/>
</TestCase>
<TestCase Comment="" Date="1429877065386" Name="tests.TestBombPiece:testSetSelectedTrue">
<CovList>
<CovPrefix CovItemPrefix="game.AbstractPiece.java">
<Cov CovItemId="S4" Value="1"/>
<Cov CovItemId="S5" Value="1"/>
</CovPrefix>
<CovPrefix CovItemPrefix="game.Bomb.java">
<Cov CovItemId="B3" Value="1"/>
<Cov CovItemId="S10" Value="1"/>
<Cov CovItemId="S7" Value="1"/>
<Cov CovItemId="S8" Value="1"/>
</CovPrefix>
</CovList>
<AssgnmntList>
<AssgnmntPrefix RootTermCovItemPrefix="game.Bomb.java">
<AssgnmntListEntry Length="1" RootTermCovItemId="C2">
<MapEntry BoolAssgnmnt="1" Value="1"/>
</AssgnmntListEntry>
</AssgnmntPrefix>
</AssgnmntList>
<ObjMetaDataList/>
<MetaDataList/>
</TestCase>
<TestCase Comment="" Date="1429877065387" Name="tests.TestBombPiece:testUserForPiece">
<CovList>
<CovPrefix CovItemPrefix="game.AbstractPiece.java">
<Cov CovItemId="S5" Value="1"/>
<Cov CovItemId="S8" Value="1"/>
<Cov CovItemId="S9" Value="1"/>
</CovPrefix>
</CovList>
<AssgnmntList/>
<ObjMetaDataList/>
<MetaDataList/>
</TestCase>
<TestCase Comment="" Date="1429877065388" Name="tests.TestBombPiece:testSetSelectedFalse">
<CovList>
<CovPrefix CovItemPrefix="game.AbstractPiece.java">
<Cov CovItemId="S4" Value="1"/>
<Cov CovItemId="S5" Value="1"/>
</CovPrefix>
<CovPrefix CovItemPrefix="game.Bomb.java">
<Cov CovItemId="B4" Value="1"/>
<Cov CovItemId="S10" Value="1"/>
<Cov CovItemId="S7" Value="1"/>
<Cov CovItemId="S9" Value="1"/>
</CovPrefix>
</CovList>
<AssgnmntList>
<AssgnmntPrefix RootTermCovItemPrefix="game.Bomb.java">
<AssgnmntListEntry Length="1" RootTermCovItemId="C2">
<MapEntry BoolAssgnmnt="0" Value="1"/>
</AssgnmntListEntry>
</AssgnmntPrefix>
</AssgnmntList>
<ObjMetaDataList/>
<MetaDataList/>
</TestCase>
<TestCase Comment="" Date="1429877065390" Name="tests.TestClearPiece:testOwnerIsNullForClearPiece">
<CovList>
<CovPrefix CovItemPrefix="game.AbstractPiece.java">
<Cov CovItemId="S1" Value="1"/>
<Cov CovItemId="S2" Value="1"/>
<Cov CovItemId="S3" Value="1"/>
<Cov CovItemId="S5" Value="1"/>
</CovPrefix>
<CovPrefix CovItemPrefix="game.ClearPiece.java">
<Cov CovItemId="S1" Value="1"/>
<Cov CovItemId="S10" Value="2"/>
<Cov CovItemId="S2" Value="1"/>
<Cov CovItemId="S9" Value="1"/>
</CovPrefix>
</CovList>
<AssgnmntList/>
<ObjMetaDataList/>
<MetaDataList/>
</TestCase>
<TestCase Comment="" Date="1429877065391" Name="tests.TestClearPiece:testLocation">
<CovList>
<CovPrefix CovItemPrefix="game.AbstractPiece.java">
<Cov CovItemId="S1" Value="1"/>
<Cov CovItemId="S2" Value="1"/>
<Cov CovItemId="S3" Value="1"/>
<Cov CovItemId="S5" Value="1"/>
<Cov CovItemId="S6" Value="1"/>
<Cov CovItemId="S7" Value="1"/>
</CovPrefix>
<CovPrefix CovItemPrefix="game.ClearPiece.java">
<Cov CovItemId="S1" Value="1"/>
<Cov CovItemId="S2" Value="1"/>
</CovPrefix>
</CovList>
<AssgnmntList/>
<ObjMetaDataList/>
<MetaDataList/>
</TestCase>
<TestCase Comment="" Date="1429877065392" Name="tests.TestClearPiece:testSetSelectedTrue">
<CovList>
<CovPrefix CovItemPrefix="game.AbstractPiece.java">
<Cov CovItemId="S1" Value="1"/>
<Cov CovItemId="S2" Value="1"/>
<Cov CovItemId="S3" Value="1"/>
<Cov CovItemId="S4" Value="1"/>
<Cov CovItemId="S5" Value="1"/>
</CovPrefix>
<CovPrefix CovItemPrefix="game.ClearPiece.java">
<Cov CovItemId="B3" Value="1"/>
<Cov CovItemId="S1" Value="1"/>
<Cov CovItemId="S2" Value="1"/>
<Cov CovItemId="S5" Value="1"/>
<Cov CovItemId="S6" Value="1"/>
<Cov CovItemId="S8" Value="1"/>
</CovPrefix>
</CovList>
<AssgnmntList>
<AssgnmntPrefix RootTermCovItemPrefix="game.ClearPiece.java">
<AssgnmntListEntry Length="1" RootTermCovItemId="C2">
<MapEntry BoolAssgnmnt="1" Value="1"/>
</AssgnmntListEntry>
</AssgnmntPrefix>
</AssgnmntList>
<ObjMetaDataList/>
<MetaDataList/>
</TestCase>
<TestCase Comment="" Date="1429877065393" Name="tests.TestClearPiece:testSetSelectedFalse">
<CovList>
<CovPrefix CovItemPrefix="game.AbstractPiece.java">
<Cov CovItemId="S1" Value="1"/>
<Cov CovItemId="S2" Value="1"/>
<Cov CovItemId="S3" Value="1"/>
<Cov CovItemId="S4" Value="1"/>
<Cov CovItemId="S5" Value="1"/>
</CovPrefix>
<CovPrefix CovItemPrefix="game.ClearPiece.java">
<Cov CovItemId="B4" Value="1"/>
<Cov CovItemId="S1" Value="1"/>
<Cov CovItemId="S2" Value="1"/>
<Cov CovItemId="S5" Value="1"/>
<Cov CovItemId="S7" Value="1"/>
<Cov CovItemId="S8" Value="1"/>
</CovPrefix>
</CovList>
<AssgnmntList>
<AssgnmntPrefix RootTermCovItemPrefix="game.ClearPiece.java">
<AssgnmntListEntry Length="1" RootTermCovItemId="C2">
<MapEntry BoolAssgnmnt="0" Value="1"/>
</AssgnmntListEntry>
</AssgnmntPrefix>
</AssgnmntList>
<ObjMetaDataList/>
<MetaDataList/>
</TestCase>
<TestCase Comment="" Date="1429877065395" Name="tests.TestFlagPiece:testLocation">
<CovList>
<CovPrefix CovItemPrefix="game.AbstractPiece.java">
<Cov CovItemId="S5" Value="1"/>
<Cov CovItemId="S6" Value="1"/>
<Cov CovItemId="S7" Value="1"/>
</CovPrefix>
</CovList>
<AssgnmntList/>
<ObjMetaDataList/>
<MetaDataList/>
</TestCase>
<TestCase Comment="" Date="1429877065397" Name="tests.TestFlagPiece:testSetSelectedTrue">
<CovList>
<CovPrefix CovItemPrefix="game.AbstractPiece.java">
<Cov CovItemId="S4" Value="1"/>
<Cov CovItemId="S5" Value="1"/>
</CovPrefix>
<CovPrefix CovItemPrefix="game.Flag.java">
<Cov CovItemId="S4" Value="1"/>
</CovPrefix>
</CovList>
<AssgnmntList/>
<ObjMetaDataList/>
<MetaDataList/>
</TestCase>
<TestCase Comment="" Date="1429877065398" Name="tests.TestFlagPiece:testSetSelectedFalse">
<CovList>
<CovPrefix CovItemPrefix="game.AbstractPiece.java">
<Cov CovItemId="S4" Value="1"/>
<Cov CovItemId="S5" Value="1"/>
</CovPrefix>
<CovPrefix CovItemPrefix="game.Flag.java">
<Cov CovItemId="S4" Value="1"/>
</CovPrefix>
</CovList>
<AssgnmntList/>
<ObjMetaDataList/>
<MetaDataList/>
</TestCase>
<TestCase Comment="" Date="1429877065399" Name="tests.TestObstaclePiece:testProcessPressOnNonSelectedPiece">
<CovList>
<CovPrefix CovItemPrefix="game.AbstractPiece.java">
<Cov CovItemId="S5" Value="1"/>
</CovPrefix>
</CovList>
<AssgnmntList/>
<ObjMetaDataList/>
<MetaDataList/>
</TestCase>
<TestCase Comment="" Date="1429877065400" Name="tests.TestObstaclePiece:testLocation">
<CovList>
<CovPrefix CovItemPrefix="game.AbstractPiece.java">
<Cov CovItemId="S5" Value="1"/>
<Cov CovItemId="S6" Value="1"/>
<Cov CovItemId="S7" Value="1"/>
</CovPrefix>
</CovList>
<AssgnmntList/>
<ObjMetaDataList/>
<MetaDataList/>
</TestCase>
<TestCase Comment="" Date="1429877065401" Name="tests.TestObstaclePiece:testProcessPressOnSelectedPiece">
<CovList>
<CovPrefix CovItemPrefix="game.AbstractPiece.java">
<Cov CovItemId="S5" Value="1"/>
</CovPrefix>
</CovList>
<AssgnmntList/>
<ObjMetaDataList/>
<MetaDataList/>
</TestCase>
<TestCase Comment="" Date="1429877065402" Name="tests.TestObstaclePiece:testSetSelectedTrue">
<CovList>
<CovPrefix CovItemPrefix="game.AbstractPiece.java">
<Cov CovItemId="S4" Value="1"/>
<Cov CovItemId="S5" Value="1"/>
</CovPrefix>
</CovList>
<AssgnmntList/>
<ObjMetaDataList/>
<MetaDataList/>
</TestCase>
<TestCase Comment="" Date="1429877065403" Name="tests.TestObstaclePiece:testSetSelectedFalse">
<CovList>
<CovPrefix CovItemPrefix="game.AbstractPiece.java">
<Cov CovItemId="S4" Value="1"/>
<Cov CovItemId="S5" Value="1"/>
</CovPrefix>
</CovList>
<AssgnmntList/>
<ObjMetaDataList/>
<MetaDataList/>
</TestCase>
<TestCase Comment="" Date="1429877065404" Name="tests.TestObstaclePiece:testOwnerIsNullForObstaclePiece">
<CovList>
<CovPrefix CovItemPrefix="game.AbstractPiece.java">
<Cov CovItemId="S5" Value="1"/>
</CovPrefix>
<CovPrefix CovItemPrefix="game.Obstacle.java">
<Cov CovItemId="S1" Value="1"/>
<Cov CovItemId="S2" Value="2"/>
</CovPrefix>
</CovList>
<AssgnmntList/>
<ObjMetaDataList/>
<MetaDataList/>
</TestCase>
<TestCase Comment="" Date="1429877065425" Name="tests.TestAttacking:TestAttackSameRank">
<CovList>
<CovPrefix CovItemPrefix="game.AbstractPiece.java">
<Cov CovItemId="S1" Value="4"/>
<Cov CovItemId="S2" Value="4"/>
<Cov CovItemId="S3" Value="4"/>
<Cov CovItemId="S5" Value="2"/>
<Cov CovItemId="S6" Value="6"/>
<Cov CovItemId="S7" Value="4"/>
<Cov CovItemId="S8" Value="2"/>
<Cov CovItemId="S9" Value="2"/>
</CovPrefix>
<CovPrefix CovItemPrefix="game.ClearPiece.java">
<Cov CovItemId="S1" Value="2"/>
<Cov CovItemId="S2" Value="2"/>
</CovPrefix>
<CovPrefix CovItemPrefix="game.GameBoard.java">
<Cov CovItemId="B34" Value="1"/>
<Cov CovItemId="B38" Value="1"/>
<Cov CovItemId="B40" Value="1"/>
<Cov CovItemId="B42" Value="1"/>
<Cov CovItemId="B43" Value="1"/>
<Cov CovItemId="S104" Value="1"/>
<Cov CovItemId="S108" Value="1"/>
<Cov CovItemId="S112" Value="1"/>
<Cov CovItemId="S115" Value="1"/>
<Cov CovItemId="S116" Value="1"/>
<Cov CovItemId="S117" Value="1"/>
<Cov CovItemId="S118" Value="1"/>
<Cov CovItemId="S120" Value="2"/>
<Cov CovItemId="S121" Value="2"/>
<Cov CovItemId="S122" Value="2"/>
<Cov CovItemId="S123" Value="2"/>
<Cov CovItemId="S124" Value="2"/>
<Cov CovItemId="S125" Value="2"/>
<Cov CovItemId="S126" Value="2"/>
<Cov CovItemId="S127" Value="2"/>
<Cov CovItemId="S128" Value="2"/>
<Cov CovItemId="S129" Value="2"/>
<Cov CovItemId="S130" Value="2"/>
<Cov CovItemId="S131" Value="2"/>
<Cov CovItemId="S132" Value="2"/>
<Cov CovItemId="S133" Value="2"/>
<Cov CovItemId="S134" Value="2"/>
<Cov CovItemId="S135" Value="2"/>
<Cov CovItemId="S96" Value="1"/>
</CovPrefix>
<CovPrefix CovItemPrefix="game.Soldier.java">
<Cov CovItemId="S1" Value="2"/>
<Cov CovItemId="S2" Value="2"/>
<Cov CovItemId="S3" Value="2"/>
</CovPrefix>
</CovList>
<AssgnmntList>
<AssgnmntPrefix RootTermCovItemPrefix="game.GameBoard.java">
<AssgnmntListEntry Length="1" RootTermCovItemId="C21">
<MapEntry BoolAssgnmnt="0" Value="1"/>
</AssgnmntListEntry>
<AssgnmntListEntry Length="1" RootTermCovItemId="C23">
<MapEntry BoolAssgnmnt="0" Value="1"/>
</AssgnmntListEntry>
<AssgnmntListEntry Length="1" RootTermCovItemId="C24">
<MapEntry BoolAssgnmnt="0" Value="1"/>
</AssgnmntListEntry>
<AssgnmntListEntry Length="1" RootTermCovItemId="C25">
<MapEntry BoolAssgnmnt="0" Value="1"/>
</AssgnmntListEntry>
<AssgnmntListEntry Length="1" RootTermCovItemId="C26">
<MapEntry BoolAssgnmnt="1" Value="1"/>
</AssgnmntListEntry>
</AssgnmntPrefix>
</AssgnmntList>
<ObjMetaDataList/>
<MetaDataList/>
</TestCase>
<TestCase Comment="" Date="1429877065443" Name="tests.TestAttacking:TestGetNewLocationAfterWin">
<CovList>
<CovPrefix CovItemPrefix="game.AbstractPiece.java">
<Cov CovItemId="S1" Value="3"/>
<Cov CovItemId="S2" Value="3"/>
<Cov CovItemId="S3" Value="3"/>
<Cov CovItemId="S5" Value="1"/>
<Cov CovItemId="S6" Value="7"/>
<Cov CovItemId="S7" Value="5"/>
<Cov CovItemId="S8" Value="2"/>
<Cov CovItemId="S9" Value="2"/>
</CovPrefix>
<CovPrefix CovItemPrefix="game.ClearPiece.java">
<Cov CovItemId="S1" Value="1"/>
<Cov CovItemId="S2" Value="1"/>
</CovPrefix>
<CovPrefix CovItemPrefix="game.GameBoard.java">
<Cov CovItemId="B34" Value="1"/>
<Cov CovItemId="B38" Value="1"/>
<Cov CovItemId="B39" Value="1"/>
<Cov CovItemId="S104" Value="1"/>
<Cov CovItemId="S108" Value="1"/>
<Cov CovItemId="S109" Value="1"/>
<Cov CovItemId="S110" Value="1"/>
<Cov CovItemId="S111" Value="1"/>
<Cov CovItemId="S120" Value="1"/>
<Cov CovItemId="S121" Value="1"/>
<Cov CovItemId="S122" Value="1"/>
<Cov CovItemId="S123" Value="1"/>
<Cov CovItemId="S124" Value="1"/>
<Cov CovItemId="S125" Value="1"/>
<Cov CovItemId="S126" Value="1"/>
<Cov CovItemId="S127" Value="1"/>
<Cov CovItemId="S128" Value="1"/>
<Cov CovItemId="S129" Value="1"/>
<Cov CovItemId="S130" Value="1"/>
<Cov CovItemId="S131" Value="1"/>
<Cov CovItemId="S132" Value="1"/>
<Cov CovItemId="S133" Value="1"/>
<Cov CovItemId="S134" Value="1"/>
<Cov CovItemId="S135" Value="1"/>
<Cov CovItemId="S78" Value="1"/>
<Cov CovItemId="S79" Value="1"/>
<Cov CovItemId="S80" Value="1"/>
<Cov CovItemId="S81" Value="1"/>
<Cov CovItemId="S82" Value="1"/>
<Cov CovItemId="S83" Value="1"/>
<Cov CovItemId="S84" Value="1"/>
<Cov CovItemId="S85" Value="1"/>
<Cov CovItemId="S86" Value="1"/>
<Cov CovItemId="S87" Value="1"/>
<Cov CovItemId="S88" Value="1"/>
<Cov CovItemId="S89" Value="1"/>
<Cov CovItemId="S90" Value="1"/>
<Cov CovItemId="S91" Value="1"/>
<Cov CovItemId="S92" Value="1"/>
<Cov CovItemId="S93" Value="1"/>
<Cov CovItemId="S94" Value="1"/>
<Cov CovItemId="S95" Value="1"/>
<Cov CovItemId="S96" Value="1"/>
</CovPrefix>
<CovPrefix CovItemPrefix="game.Soldier.java">
<Cov CovItemId="S1" Value="2"/>
<Cov CovItemId="S2" Value="2"/>
<Cov CovItemId="S3" Value="2"/>
</CovPrefix>
</CovList>
<AssgnmntList>
<AssgnmntPrefix RootTermCovItemPrefix="game.GameBoard.java">
<AssgnmntListEntry Length="1" RootTermCovItemId="C21">
<MapEntry BoolAssgnmnt="0" Value="1"/>
</AssgnmntListEntry>
<AssgnmntListEntry Length="1" RootTermCovItemId="C23">
<MapEntry BoolAssgnmnt="0" Value="1"/>
</AssgnmntListEntry>
<AssgnmntListEntry Length="1" RootTermCovItemId="C24">
<MapEntry BoolAssgnmnt="1" Value="1"/>
</AssgnmntListEntry>
</AssgnmntPrefix>
</AssgnmntList>
<ObjMetaDataList/>
<MetaDataList/>
</TestCase>
<TestCase Comment="" Date="1429877065457" Name="tests.TestAttacking:TestRemoveBothPiecesAfterTie">
<CovList>
<CovPrefix CovItemPrefix="game.AbstractPiece.java">
<Cov CovItemId="S1" Value="4"/>
<Cov CovItemId="S2" Value="4"/>
<Cov CovItemId="S3" Value="4"/>
<Cov CovItemId="S5" Value="2"/>
<Cov CovItemId="S6" Value="8"/>
<Cov CovItemId="S7" Value="6"/>
<Cov CovItemId="S8" Value="2"/>
<Cov CovItemId="S9" Value="2"/>
</CovPrefix>
<CovPrefix CovItemPrefix="game.ClearPiece.java">
<Cov CovItemId="S1" Value="2"/>
<Cov CovItemId="S2" Value="2"/>
</CovPrefix>
<CovPrefix CovItemPrefix="game.GameBoard.java">
<Cov CovItemId="B34" Value="1"/>
<Cov CovItemId="B38" Value="1"/>
<Cov CovItemId="B40" Value="1"/>
<Cov CovItemId="B42" Value="1"/>
<Cov CovItemId="B43" Value="1"/>
<Cov CovItemId="S104" Value="1"/>
<Cov CovItemId="S108" Value="1"/>
<Cov CovItemId="S112" Value="1"/>
<Cov CovItemId="S115" Value="1"/>
<Cov CovItemId="S116" Value="1"/>
<Cov CovItemId="S117" Value="1"/>
<Cov CovItemId="S118" Value="1"/>
<Cov CovItemId="S120" Value="2"/>
<Cov CovItemId="S121" Value="2"/>
<Cov CovItemId="S122" Value="2"/>
<Cov CovItemId="S123" Value="2"/>
<Cov CovItemId="S124" Value="2"/>
<Cov CovItemId="S125" Value="2"/>
<Cov CovItemId="S126" Value="2"/>
<Cov CovItemId="S127" Value="2"/>
<Cov CovItemId="S128" Value="2"/>
<Cov CovItemId="S129" Value="2"/>
<Cov CovItemId="S130" Value="2"/>
<Cov CovItemId="S131" Value="2"/>
<Cov CovItemId="S132" Value="2"/>
<Cov CovItemId="S133" Value="2"/>
<Cov CovItemId="S134" Value="2"/>
<Cov CovItemId="S135" Value="2"/>
<Cov CovItemId="S96" Value="1"/>
</CovPrefix>
<CovPrefix CovItemPrefix="game.Soldier.java">
<Cov CovItemId="S1" Value="2"/>
<Cov CovItemId="S2" Value="2"/>
<Cov CovItemId="S3" Value="2"/>
</CovPrefix>
</CovList>
<AssgnmntList>
<AssgnmntPrefix RootTermCovItemPrefix="game.GameBoard.java">
<AssgnmntListEntry Length="1" RootTermCovItemId="C21">
<MapEntry BoolAssgnmnt="0" Value="1"/>
</AssgnmntListEntry>
<AssgnmntListEntry Length="1" RootTermCovItemId="C23">
<MapEntry BoolAssgnmnt="0" Value="1"/>
</AssgnmntListEntry>
<AssgnmntListEntry Length="1" RootTermCovItemId="C24">
<MapEntry BoolAssgnmnt="0" Value="1"/>
</AssgnmntListEntry>
<AssgnmntListEntry Length="1" RootTermCovItemId="C25">
<MapEntry BoolAssgnmnt="0" Value="1"/>
</AssgnmntListEntry>
<AssgnmntListEntry Length="1" RootTermCovItemId="C26">
<MapEntry BoolAssgnmnt="1" Value="1"/>
</AssgnmntListEntry>
</AssgnmntPrefix>
</AssgnmntList>
<ObjMetaDataList/>
<MetaDataList/>
</TestCase>
<TestCase Comment="" Date="1429877065471" Name="tests.TestAttacking:TestRemovePieceAttackingBomb">
<CovList>
<CovPrefix CovItemPrefix="game.AbstractPiece.java">
<Cov CovItemId="S1" Value="4"/>
<Cov CovItemId="S2" Value="4"/>
<Cov CovItemId="S3" Value="4"/>
<Cov CovItemId="S5" Value="2"/>
<Cov CovItemId="S6" Value="8"/>
<Cov CovItemId="S7" Value="6"/>
<Cov CovItemId="S9" Value="2"/>
</CovPrefix>
<CovPrefix CovItemPrefix="game.Bomb.java">
<Cov CovItemId="S1" Value="1"/>
<Cov CovItemId="S2" Value="1"/>
<Cov CovItemId="S3" Value="1"/>
<Cov CovItemId="S4" Value="1"/>
</CovPrefix>
<CovPrefix CovItemPrefix="game.ClearPiece.java">
<Cov CovItemId="S1" Value="2"/>
<Cov CovItemId="S2" Value="2"/>
</CovPrefix>
<CovPrefix CovItemPrefix="game.GameBoard.java">
<Cov CovItemId="B33" Value="1"/>
<Cov CovItemId="B36" Value="1"/>
<Cov CovItemId="S101" Value="1"/>
<Cov CovItemId="S102" Value="1"/>
<Cov CovItemId="S103" Value="1"/>
<Cov CovItemId="S120" Value="2"/>
<Cov CovItemId="S121" Value="2"/>
<Cov CovItemId="S122" Value="2"/>
<Cov CovItemId="S123" Value="2"/>
<Cov CovItemId="S124" Value="2"/>
<Cov CovItemId="S125" Value="2"/>
<Cov CovItemId="S126" Value="2"/>
<Cov CovItemId="S127" Value="2"/>
<Cov CovItemId="S128" Value="2"/>
<Cov CovItemId="S129" Value="2"/>
<Cov CovItemId="S130" Value="2"/>
<Cov CovItemId="S131" Value="2"/>
<Cov CovItemId="S132" Value="2"/>
<Cov CovItemId="S133" Value="2"/>
<Cov CovItemId="S134" Value="2"/>
<Cov CovItemId="S135" Value="2"/>
<Cov CovItemId="S96" Value="1"/>
<Cov CovItemId="S97" Value="1"/>
</CovPrefix>
<CovPrefix CovItemPrefix="game.Soldier.java">
<Cov CovItemId="S1" Value="1"/>
<Cov CovItemId="S2" Value="1"/>
<Cov CovItemId="S3" Value="1"/>
</CovPrefix>
</CovList>
<AssgnmntList>
<AssgnmntPrefix RootTermCovItemPrefix="game.GameBoard.java">
<AssgnmntListEntry Length="1" RootTermCovItemId="C21">
<MapEntry BoolAssgnmnt="1" Value="1"/>
</AssgnmntListEntry>
<AssgnmntListEntry Length="1" RootTermCovItemId="C22">
<MapEntry BoolAssgnmnt="0" Value="1"/>
</AssgnmntListEntry>
</AssgnmntPrefix>
</AssgnmntList>
<ObjMetaDataList/>
<MetaDataList/>
</TestCase>
<TestCase Comment="" Date="1429877065484" Name="tests.TestAttacking:TestAttackLowerRank">
<CovList>
<CovPrefix CovItemPrefix="game.AbstractPiece.java">
<Cov CovItemId="S1" Value="3"/>
<Cov CovItemId="S2" Value="3"/>
<Cov CovItemId="S3" Value="3"/>
<Cov CovItemId="S5" Value="1"/>
<Cov CovItemId="S6" Value="3"/>
<Cov CovItemId="S7" Value="2"/>
<Cov CovItemId="S8" Value="2"/>
<Cov CovItemId="S9" Value="2"/>
</CovPrefix>
<CovPrefix CovItemPrefix="game.ClearPiece.java">
<Cov CovItemId="S1" Value="1"/>
<Cov CovItemId="S2" Value="1"/>
</CovPrefix>
<CovPrefix CovItemPrefix="game.GameBoard.java">
<Cov CovItemId="B34" Value="1"/>
<Cov CovItemId="B38" Value="1"/>
<Cov CovItemId="B40" Value="1"/>
<Cov CovItemId="B41" Value="1"/>
<Cov CovItemId="S104" Value="1"/>
<Cov CovItemId="S108" Value="1"/>
<Cov CovItemId="S112" Value="1"/>
<Cov CovItemId="S113" Value="1"/>
<Cov CovItemId="S114" Value="1"/>
<Cov CovItemId="S120" Value="1"/>
<Cov CovItemId="S121" Value="1"/>
<Cov CovItemId="S122" Value="1"/>
<Cov CovItemId="S123" Value="1"/>
<Cov CovItemId="S124" Value="1"/>
<Cov CovItemId="S125" Value="1"/>
<Cov CovItemId="S126" Value="1"/>
<Cov CovItemId="S127" Value="1"/>
<Cov CovItemId="S128" Value="1"/>
<Cov CovItemId="S129" Value="1"/>
<Cov CovItemId="S130" Value="1"/>
<Cov CovItemId="S131" Value="1"/>
<Cov CovItemId="S132" Value="1"/>
<Cov CovItemId="S133" Value="1"/>
<Cov CovItemId="S134" Value="1"/>
<Cov CovItemId="S135" Value="1"/>
<Cov CovItemId="S96" Value="1"/>
</CovPrefix>
<CovPrefix CovItemPrefix="game.Soldier.java">
<Cov CovItemId="S1" Value="2"/>
<Cov CovItemId="S2" Value="2"/>
<Cov CovItemId="S3" Value="2"/>
</CovPrefix>
</CovList>
<AssgnmntList>
<AssgnmntPrefix RootTermCovItemPrefix="game.GameBoard.java">
<AssgnmntListEntry Length="1" RootTermCovItemId="C21">
<MapEntry BoolAssgnmnt="0" Value="1"/>
</AssgnmntListEntry>
<AssgnmntListEntry Length="1" RootTermCovItemId="C23">
<MapEntry BoolAssgnmnt="0" Value="1"/>
</AssgnmntListEntry>
<AssgnmntListEntry Length="1" RootTermCovItemId="C24">
<MapEntry BoolAssgnmnt="0" Value="1"/>
</AssgnmntListEntry>
<AssgnmntListEntry Length="1" RootTermCovItemId="C25">
<MapEntry BoolAssgnmnt="1" Value="1"/>
</AssgnmntListEntry>
</AssgnmntPrefix>
</AssgnmntList>
<ObjMetaDataList/>
<MetaDataList/>
</TestCase>
<TestCase Comment="" Date="1429877065496" Name="tests.TestAttacking:TestRemovePieceAfterLosing">
<CovList>
<CovPrefix CovItemPrefix="game.AbstractPiece.java">
<Cov CovItemId="S1" Value="3"/>
<Cov CovItemId="S2" Value="3"/>
<Cov CovItemId="S3" Value="3"/>
<Cov CovItemId="S5" Value="1"/>
<Cov CovItemId="S6" Value="5"/>
<Cov CovItemId="S7" Value="4"/>
<Cov CovItemId="S8" Value="2"/>
<Cov CovItemId="S9" Value="2"/>
</CovPrefix>
<CovPrefix CovItemPrefix="game.ClearPiece.java">
<Cov CovItemId="S1" Value="1"/>
<Cov CovItemId="S2" Value="1"/>
</CovPrefix>
<CovPrefix CovItemPrefix="game.GameBoard.java">
<Cov CovItemId="B34" Value="1"/>
<Cov CovItemId="B38" Value="1"/>
<Cov CovItemId="B40" Value="1"/>
<Cov CovItemId="B41" Value="1"/>
<Cov CovItemId="S104" Value="1"/>
<Cov CovItemId="S108" Value="1"/>
<Cov CovItemId="S112" Value="1"/>
<Cov CovItemId="S113" Value="1"/>
<Cov CovItemId="S114" Value="1"/>
<Cov CovItemId="S120" Value="1"/>
<Cov CovItemId="S121" Value="1"/>
<Cov CovItemId="S122" Value="1"/>
<Cov CovItemId="S123" Value="1"/>
<Cov CovItemId="S124" Value="1"/>
<Cov CovItemId="S125" Value="1"/>
<Cov CovItemId="S126" Value="1"/>
<Cov CovItemId="S127" Value="1"/>
<Cov CovItemId="S128" Value="1"/>
<Cov CovItemId="S129" Value="1"/>
<Cov CovItemId="S130" Value="1"/>
<Cov CovItemId="S131" Value="1"/>
<Cov CovItemId="S132" Value="1"/>
<Cov CovItemId="S133" Value="1"/>
<Cov CovItemId="S134" Value="1"/>
<Cov CovItemId="S135" Value="1"/>
<Cov CovItemId="S96" Value="1"/>
</CovPrefix>
<CovPrefix CovItemPrefix="game.Soldier.java">
<Cov CovItemId="S1" Value="2"/>
<Cov CovItemId="S2" Value="2"/>
<Cov CovItemId="S3" Value="2"/>
</CovPrefix>
</CovList>
<AssgnmntList>
<AssgnmntPrefix RootTermCovItemPrefix="game.GameBoard.java">
<AssgnmntListEntry Length="1" RootTermCovItemId="C21">
<MapEntry BoolAssgnmnt="0" Value="1"/>
</AssgnmntListEntry>
<AssgnmntListEntry Length="1" RootTermCovItemId="C23">
<MapEntry BoolAssgnmnt="0" Value="1"/>
</AssgnmntListEntry>
<AssgnmntListEntry Length="1" RootTermCovItemId="C24">
<MapEntry BoolAssgnmnt="0" Value="1"/>
</AssgnmntListEntry>
<AssgnmntListEntry Length="1" RootTermCovItemId="C25">
<MapEntry BoolAssgnmnt="1" Value="1"/>
</AssgnmntListEntry>
</AssgnmntPrefix>
</AssgnmntList>
<ObjMetaDataList/>
<MetaDataList/>
</TestCase>
<TestCase Comment="" Date="1429877065508" Name="tests.TestAttacking:TestMinorDefuseEnemyBomb">
<CovList>
<CovPrefix CovItemPrefix="game.AbstractPiece.java">
<Cov CovItemId="S1" Value="3"/>
<Cov CovItemId="S2" Value="3"/>
<Cov CovItemId="S3" Value="3"/>
<Cov CovItemId="S5" Value="1"/>
<Cov CovItemId="S6" Value="7"/>
<Cov CovItemId="S7" Value="6"/>
<Cov CovItemId="S8" Value="2"/>
<Cov CovItemId="S9" Value="2"/>
</CovPrefix>
<CovPrefix CovItemPrefix="game.Bomb.java">
<Cov CovItemId="S1" Value="1"/>
<Cov CovItemId="S2" Value="1"/>
<Cov CovItemId="S3" Value="1"/>
<Cov CovItemId="S4" Value="1"/>
</CovPrefix>
<CovPrefix CovItemPrefix="game.ClearPiece.java">
<Cov CovItemId="S1" Value="1"/>
<Cov CovItemId="S2" Value="1"/>
</CovPrefix>
<CovPrefix CovItemPrefix="game.GameBoard.java">
<Cov CovItemId="B33" Value="1"/>
<Cov CovItemId="B35" Value="1"/>
<Cov CovItemId="S100" Value="1"/>
<Cov CovItemId="S120" Value="1"/>
<Cov CovItemId="S121" Value="1"/>
<Cov CovItemId="S122" Value="1"/>
<Cov CovItemId="S123" Value="1"/>
<Cov CovItemId="S124" Value="1"/>
<Cov CovItemId="S125" Value="1"/>
<Cov CovItemId="S126" Value="1"/>
<Cov CovItemId="S127" Value="1"/>
<Cov CovItemId="S128" Value="1"/>
<Cov CovItemId="S129" Value="1"/>
<Cov CovItemId="S130" Value="1"/>
<Cov CovItemId="S131" Value="1"/>
<Cov CovItemId="S132" Value="1"/>
<Cov CovItemId="S133" Value="1"/>
<Cov CovItemId="S134" Value="1"/>
<Cov CovItemId="S135" Value="1"/>
<Cov CovItemId="S78" Value="1"/>
<Cov CovItemId="S79" Value="1"/>
<Cov CovItemId="S80" Value="1"/>
<Cov CovItemId="S81" Value="1"/>
<Cov CovItemId="S82" Value="1"/>
<Cov CovItemId="S83" Value="1"/>
<Cov CovItemId="S84" Value="1"/>
<Cov CovItemId="S85" Value="1"/>
<Cov CovItemId="S86" Value="1"/>
<Cov CovItemId="S87" Value="1"/>
<Cov CovItemId="S88" Value="1"/>
<Cov CovItemId="S89" Value="1"/>
<Cov CovItemId="S90" Value="1"/>
<Cov CovItemId="S91" Value="1"/>
<Cov CovItemId="S92" Value="1"/>
<Cov CovItemId="S93" Value="1"/>
<Cov CovItemId="S94" Value="1"/>
<Cov CovItemId="S95" Value="1"/>
<Cov CovItemId="S96" Value="1"/>
<Cov CovItemId="S97" Value="1"/>
<Cov CovItemId="S98" Value="1"/>
<Cov CovItemId="S99" Value="1"/>
</CovPrefix>
<CovPrefix CovItemPrefix="game.Soldier.java">
<Cov CovItemId="S1" Value="1"/>
<Cov CovItemId="S2" Value="1"/>
<Cov CovItemId="S3" Value="1"/>
</CovPrefix>
</CovList>
<AssgnmntList>
<AssgnmntPrefix RootTermCovItemPrefix="game.GameBoard.java">
<AssgnmntListEntry Length="1" RootTermCovItemId="C21">
<MapEntry BoolAssgnmnt="1" Value="1"/>
</AssgnmntListEntry>
<AssgnmntListEntry Length="1" RootTermCovItemId="C22">
<MapEntry BoolAssgnmnt="1" Value="1"/>
</AssgnmntListEntry>
</AssgnmntPrefix>
</AssgnmntList>
<ObjMetaDataList/>
<MetaDataList/>
</TestCase>
<TestCase Comment="" Date="1429877065520" Name="tests.TestAttacking:TestAttackFlag">
<CovList>
<CovPrefix CovItemPrefix="game.AbstractPiece.java">
<Cov CovItemId="S1" Value="3"/>
<Cov CovItemId="S2" Value="3"/>
<Cov CovItemId="S3" Value="3"/>
<Cov CovItemId="S5" Value="1"/>
<Cov CovItemId="S6" Value="7"/>
<Cov CovItemId="S7" Value="6"/>
<Cov CovItemId="S8" Value="2"/>
<Cov CovItemId="S9" Value="2"/>
</CovPrefix>
<CovPrefix CovItemPrefix="game.ClearPiece.java">
<Cov CovItemId="S1" Value="1"/>
<Cov CovItemId="S2" Value="1"/>
</CovPrefix>
<CovPrefix CovItemPrefix="game.Flag.java">
<Cov CovItemId="S1" Value="1"/>
<Cov CovItemId="S2" Value="1"/>
<Cov CovItemId="S3" Value="1"/>
</CovPrefix>
<CovPrefix CovItemPrefix="game.GameBoard.java">
<Cov CovItemId="B34" Value="1"/>
<Cov CovItemId="B37" Value="1"/>
<Cov CovItemId="S104" Value="1"/>
<Cov CovItemId="S105" Value="1"/>
<Cov CovItemId="S106" Value="1"/>
<Cov CovItemId="S107" Value="1"/>
<Cov CovItemId="S120" Value="1"/>
<Cov CovItemId="S121" Value="1"/>
<Cov CovItemId="S122" Value="1"/>
<Cov CovItemId="S123" Value="1"/>
<Cov CovItemId="S124" Value="1"/>
<Cov CovItemId="S125" Value="1"/>
<Cov CovItemId="S126" Value="1"/>
<Cov CovItemId="S127" Value="1"/>
<Cov CovItemId="S128" Value="1"/>
<Cov CovItemId="S129" Value="1"/>
<Cov CovItemId="S130" Value="1"/>
<Cov CovItemId="S131" Value="1"/>
<Cov CovItemId="S132" Value="1"/>
<Cov CovItemId="S133" Value="1"/>
<Cov CovItemId="S134" Value="1"/>
<Cov CovItemId="S135" Value="1"/>
<Cov CovItemId="S78" Value="1"/>
<Cov CovItemId="S79" Value="1"/>
<Cov CovItemId="S80" Value="1"/>
<Cov CovItemId="S81" Value="1"/>
<Cov CovItemId="S82" Value="1"/>
<Cov CovItemId="S83" Value="1"/>
<Cov CovItemId="S84" Value="1"/>
<Cov CovItemId="S85" Value="1"/>
<Cov CovItemId="S86" Value="1"/>
<Cov CovItemId="S87" Value="1"/>
<Cov CovItemId="S88" Value="1"/>
<Cov CovItemId="S89" Value="1"/>
<Cov CovItemId="S90" Value="1"/>
<Cov CovItemId="S91" Value="1"/>
<Cov CovItemId="S92" Value="1"/>
<Cov CovItemId="S93" Value="1"/>
<Cov CovItemId="S94" Value="1"/>
<Cov CovItemId="S95" Value="1"/>
<Cov CovItemId="S96" Value="1"/>
</CovPrefix>
<CovPrefix CovItemPrefix="game.Soldier.java">
<Cov CovItemId="S1" Value="1"/>
<Cov CovItemId="S2" Value="1"/>
<Cov CovItemId="S3" Value="1"/>
</CovPrefix>
</CovList>
<AssgnmntList>
<AssgnmntPrefix RootTermCovItemPrefix="game.GameBoard.java">
<AssgnmntListEntry Length="1" RootTermCovItemId="C21">
<MapEntry BoolAssgnmnt="0" Value="1"/>
</AssgnmntListEntry>
<AssgnmntListEntry Length="1" RootTermCovItemId="C23">
<MapEntry BoolAssgnmnt="1" Value="1"/>
</AssgnmntListEntry>
</AssgnmntPrefix>
</AssgnmntList>
<ObjMetaDataList/>
<MetaDataList/>
</TestCase>
<TestCase Comment="" Date="1429877065532" Name="tests.TestAttacking:TestAttackHigherRank">
<CovList>
<CovPrefix CovItemPrefix="game.AbstractPiece.java">
<Cov CovItemId="S1" Value="3"/>
<Cov CovItemId="S2" Value="3"/>
<Cov CovItemId="S3" Value="3"/>
<Cov CovItemId="S5" Value="1"/>
<Cov CovItemId="S6" Value="5"/>
<Cov CovItemId="S7" Value="4"/>
<Cov CovItemId="S8" Value="2"/>
<Cov CovItemId="S9" Value="2"/>
</CovPrefix>
<CovPrefix CovItemPrefix="game.ClearPiece.java">
<Cov CovItemId="S1" Value="1"/>
<Cov CovItemId="S2" Value="1"/>
</CovPrefix>
<CovPrefix CovItemPrefix="game.GameBoard.java">
<Cov CovItemId="B34" Value="1"/>
<Cov CovItemId="B38" Value="1"/>
<Cov CovItemId="B39" Value="1"/>
<Cov CovItemId="S104" Value="1"/>
<Cov CovItemId="S108" Value="1"/>
<Cov CovItemId="S109" Value="1"/>
<Cov CovItemId="S110" Value="1"/>
<Cov CovItemId="S111" Value="1"/>
<Cov CovItemId="S120" Value="1"/>
<Cov CovItemId="S121" Value="1"/>
<Cov CovItemId="S122" Value="1"/>
<Cov CovItemId="S123" Value="1"/>
<Cov CovItemId="S124" Value="1"/>
<Cov CovItemId="S125" Value="1"/>
<Cov CovItemId="S126" Value="1"/>
<Cov CovItemId="S127" Value="1"/>
<Cov CovItemId="S128" Value="1"/>
<Cov CovItemId="S129" Value="1"/>
<Cov CovItemId="S130" Value="1"/>
<Cov CovItemId="S131" Value="1"/>
<Cov CovItemId="S132" Value="1"/>
<Cov CovItemId="S133" Value="1"/>
<Cov CovItemId="S134" Value="1"/>
<Cov CovItemId="S135" Value="1"/>
<Cov CovItemId="S78" Value="1"/>
<Cov CovItemId="S79" Value="1"/>
<Cov CovItemId="S80" Value="1"/>
<Cov CovItemId="S81" Value="1"/>
<Cov CovItemId="S82" Value="1"/>
<Cov CovItemId="S83" Value="1"/>
<Cov CovItemId="S84" Value="1"/>
<Cov CovItemId="S85" Value="1"/>
<Cov CovItemId="S86" Value="1"/>
<Cov CovItemId="S87" Value="1"/>
<Cov CovItemId="S88" Value="1"/>
<Cov CovItemId="S89" Value="1"/>
<Cov CovItemId="S90" Value="1"/>
<Cov CovItemId="S91" Value="1"/>
<Cov CovItemId="S92" Value="1"/>
<Cov CovItemId="S93" Value="1"/>
<Cov CovItemId="S94" Value="1"/>
<Cov CovItemId="S95" Value="1"/>
<Cov CovItemId="S96" Value="1"/>
</CovPrefix>
<CovPrefix CovItemPrefix="game.Soldier.java">
<Cov CovItemId="S1" Value="2"/>
<Cov CovItemId="S2" Value="2"/>
<Cov CovItemId="S3" Value="2"/>
</CovPrefix>
</CovList>
<AssgnmntList>
<AssgnmntPrefix RootTermCovItemPrefix="game.GameBoard.java">
<AssgnmntListEntry Length="1" RootTermCovItemId="C21">
<MapEntry BoolAssgnmnt="0" Value="1"/>
</AssgnmntListEntry>
<AssgnmntListEntry Length="1" RootTermCovItemId="C23">
<MapEntry BoolAssgnmnt="0" Value="1"/>
</AssgnmntListEntry>
<AssgnmntListEntry Length="1" RootTermCovItemId="C24">
<MapEntry BoolAssgnmnt="1" Value="1"/>
</AssgnmntListEntry>
</AssgnmntPrefix>
</AssgnmntList>
<ObjMetaDataList/>
<MetaDataList/>
</TestCase>
<TestCase Comment="" Date="1429877065534" Name="tests.TestPieceFactory:testCreateMajor">
<CovList>
<CovPrefix CovItemPrefix="game.AbstractPiece.java">
<Cov CovItemId="S1" Value="1"/>
<Cov CovItemId="S10" Value="1"/>
<Cov CovItemId="S11" Value="1"/>
<Cov CovItemId="S12" Value="1"/>
<Cov CovItemId="S13" Value="1"/>
<Cov CovItemId="S2" Value="1"/>
<Cov CovItemId="S3" Value="1"/>
</CovPrefix>
<CovPrefix CovItemPrefix="game.PieceFactory.java">
<Cov CovItemId="S20" Value="1"/>
<Cov CovItemId="S21" Value="1"/>
<Cov CovItemId="S22" Value="1"/>
</CovPrefix>
<CovPrefix CovItemPrefix="game.Soldier.java">
<Cov CovItemId="S1" Value="1"/>
<Cov CovItemId="S2" Value="1"/>
<Cov CovItemId="S3" Value="1"/>
</CovPrefix>
</CovList>
<AssgnmntList/>
<ObjMetaDataList/>
<MetaDataList/>
</TestCase>
<TestCase Comment="" Date="1429877065535" Name="tests.TestPieceFactory:testCreateMiner">
<CovList>
<CovPrefix CovItemPrefix="game.AbstractPiece.java">
<Cov CovItemId="S1" Value="1"/>
<Cov CovItemId="S10" Value="1"/>
<Cov CovItemId="S11" Value="1"/>
<Cov CovItemId="S12" Value="1"/>
<Cov CovItemId="S13" Value="1"/>
<Cov CovItemId="S2" Value="1"/>
<Cov CovItemId="S3" Value="1"/>
</CovPrefix>
<CovPrefix CovItemPrefix="game.PieceFactory.java">
<Cov CovItemId="S32" Value="1"/>
<Cov CovItemId="S33" Value="1"/>
<Cov CovItemId="S34" Value="1"/>
</CovPrefix>
<CovPrefix CovItemPrefix="game.Soldier.java">
<Cov CovItemId="S1" Value="1"/>
<Cov CovItemId="S2" Value="1"/>
<Cov CovItemId="S3" Value="1"/>
</CovPrefix>
</CovList>
<AssgnmntList/>
<ObjMetaDataList/>
<MetaDataList/>
</TestCase>
<TestCase Comment="" Date="1429877065537" Name="tests.TestPieceFactory:testCreateScout">
<CovList>
<CovPrefix CovItemPrefix="game.AbstractPiece.java">
<Cov CovItemId="S1" Value="1"/>
<Cov CovItemId="S10" Value="1"/>
<Cov CovItemId="S11" Value="1"/>
<Cov CovItemId="S12" Value="1"/>
<Cov CovItemId="S13" Value="1"/>
<Cov CovItemId="S2" Value="1"/>
<Cov CovItemId="S3" Value="1"/>
</CovPrefix>
<CovPrefix CovItemPrefix="game.PieceFactory.java">
<Cov CovItemId="S35" Value="1"/>
<Cov CovItemId="S36" Value="1"/>
<Cov CovItemId="S37" Value="1"/>
</CovPrefix>
<CovPrefix CovItemPrefix="game.Soldier.java">
<Cov CovItemId="S1" Value="1"/>
<Cov CovItemId="S2" Value="1"/>
<Cov CovItemId="S3" Value="1"/>
</CovPrefix>
</CovList>
<AssgnmntList/>
<ObjMetaDataList/>
<MetaDataList/>
</TestCase>
<TestCase Comment="" Date="1429877065538" Name="tests.TestPieceFactory:testCreateGeneral">
<CovList>
<CovPrefix CovItemPrefix="game.AbstractPiece.java">
<Cov CovItemId="S1" Value="1"/>
<Cov CovItemId="S10" Value="1"/>
<Cov CovItemId="S11" Value="1"/>
<Cov CovItemId="S12" Value="1"/>
<Cov CovItemId="S13" Value="1"/>
<Cov CovItemId="S2" Value="1"/>
<Cov CovItemId="S3" Value="1"/>
</CovPrefix>
<CovPrefix CovItemPrefix="game.PieceFactory.java">
<Cov CovItemId="S14" Value="1"/>
<Cov CovItemId="S15" Value="1"/>
<Cov CovItemId="S16" Value="1"/>
</CovPrefix>
<CovPrefix CovItemPrefix="game.Soldier.java">
<Cov CovItemId="S1" Value="1"/>
<Cov CovItemId="S2" Value="1"/>
<Cov CovItemId="S3" Value="1"/>
</CovPrefix>
</CovList>
<AssgnmntList/>
<ObjMetaDataList/>
<MetaDataList/>
</TestCase>
<TestCase Comment="" Date="1429877065539" Name="tests.TestPieceFactory:testCreateMarshall">
<CovList>
<CovPrefix CovItemPrefix="game.AbstractPiece.java">
<Cov CovItemId="S1" Value="1"/>
<Cov CovItemId="S10" Value="1"/>
<Cov CovItemId="S11" Value="1"/>
<Cov CovItemId="S12" Value="1"/>
<Cov CovItemId="S13" Value="1"/>
<Cov CovItemId="S2" Value="1"/>
<Cov CovItemId="S3" Value="1"/>
</CovPrefix>
<CovPrefix CovItemPrefix="game.PieceFactory.java">
<Cov CovItemId="S11" Value="1"/>
<Cov CovItemId="S12" Value="1"/>
<Cov CovItemId="S13" Value="1"/>
</CovPrefix>
<CovPrefix CovItemPrefix="game.Soldier.java">
<Cov CovItemId="S1" Value="1"/>
<Cov CovItemId="S2" Value="1"/>
<Cov CovItemId="S3" Value="1"/>
</CovPrefix>
</CovList>
<AssgnmntList/>
<ObjMetaDataList/>
<MetaDataList/>
</TestCase>
<TestCase Comment="" Date="1429877065541" Name="tests.TestPieceFactory:testCreateClearPiece">
<CovList>
<CovPrefix CovItemPrefix="game.AbstractPiece.java">
<Cov CovItemId="S1" Value="1"/>
<Cov CovItemId="S12" Value="1"/>
<Cov CovItemId="S13" Value="1"/>
<Cov CovItemId="S2" Value="1"/>
<Cov CovItemId="S3" Value="1"/>
</CovPrefix>
<CovPrefix CovItemPrefix="game.ClearPiece.java">
<Cov CovItemId="S1" Value="1"/>
<Cov CovItemId="S2" Value="1"/>
</CovPrefix>
<CovPrefix CovItemPrefix="game.PieceFactory.java">
<Cov CovItemId="S4" Value="1"/>
</CovPrefix>
</CovList>
<AssgnmntList/>
<ObjMetaDataList/>
<MetaDataList/>
</TestCase>
<TestCase Comment="" Date="1429877065542" Name="tests.TestPieceFactory:testCreateLieutenant">
<CovList>
<CovPrefix CovItemPrefix="game.AbstractPiece.java">
<Cov CovItemId="S1" Value="1"/>
<Cov CovItemId="S10" Value="1"/>
<Cov CovItemId="S11" Value="1"/>
<Cov CovItemId="S12" Value="1"/>
<Cov CovItemId="S13" Value="1"/>
<Cov CovItemId="S2" Value="1"/>
<Cov CovItemId="S3" Value="1"/>
</CovPrefix>
<CovPrefix CovItemPrefix="game.PieceFactory.java">
<Cov CovItemId="S26" Value="1"/>
<Cov CovItemId="S27" Value="1"/>
<Cov CovItemId="S28" Value="1"/>
</CovPrefix>
<CovPrefix CovItemPrefix="game.Soldier.java">
<Cov CovItemId="S1" Value="1"/>
<Cov CovItemId="S2" Value="1"/>
<Cov CovItemId="S3" Value="1"/>
</CovPrefix>
</CovList>
<AssgnmntList/>
<ObjMetaDataList/>
<MetaDataList/>
</TestCase>
<TestCase Comment="" Date="1429877065543" Name="tests.TestPieceFactory:testCreateCaptain">
<CovList>
<CovPrefix CovItemPrefix="game.AbstractPiece.java">
<Cov CovItemId="S1" Value="1"/>
<Cov CovItemId="S10" Value="1"/>
<Cov CovItemId="S11" Value="1"/>
<Cov CovItemId="S12" Value="1"/>
<Cov CovItemId="S13" Value="1"/>
<Cov CovItemId="S2" Value="1"/>
<Cov CovItemId="S3" Value="1"/>
</CovPrefix>
<CovPrefix CovItemPrefix="game.PieceFactory.java">
<Cov CovItemId="S23" Value="1"/>
<Cov CovItemId="S24" Value="1"/>
<Cov CovItemId="S25" Value="1"/>
</CovPrefix>
<CovPrefix CovItemPrefix="game.Soldier.java">
<Cov CovItemId="S1" Value="1"/>
<Cov CovItemId="S2" Value="1"/>
<Cov CovItemId="S3" Value="1"/>
</CovPrefix>
</CovList>
<AssgnmntList/>
<ObjMetaDataList/>
<MetaDataList/>
</TestCase>
<TestCase Comment="" Date="1429877065544" Name="tests.TestPieceFactory:testCreateBomb">
<CovList>
<CovPrefix CovItemPrefix="game.AbstractPiece.java">
<Cov CovItemId="S1" Value="1"/>
<Cov CovItemId="S10" Value="1"/>
<Cov CovItemId="S11" Value="1"/>
<Cov CovItemId="S12" Value="1"/>
<Cov CovItemId="S2" Value="1"/>
<Cov CovItemId="S3" Value="1"/>
</CovPrefix>
<CovPrefix CovItemPrefix="game.Bomb.java">
<Cov CovItemId="S1" Value="1"/>
<Cov CovItemId="S2" Value="1"/>
<Cov CovItemId="S3" Value="1"/>
<Cov CovItemId="S4" Value="1"/>
</CovPrefix>
<CovPrefix CovItemPrefix="game.PieceFactory.java">
<Cov CovItemId="S1" Value="1"/>
<Cov CovItemId="S2" Value="1"/>
<Cov CovItemId="S3" Value="1"/>
</CovPrefix>
</CovList>
<AssgnmntList/>
<ObjMetaDataList/>
<MetaDataList/>
</TestCase>
<TestCase Comment="" Date="1429877065545" Name="tests.TestPieceFactory:testCreateFlag">
<CovList>
<CovPrefix CovItemPrefix="game.AbstractPiece.java">
<Cov CovItemId="S1" Value="1"/>
<Cov CovItemId="S10" Value="1"/>
<Cov CovItemId="S11" Value="1"/>
<Cov CovItemId="S12" Value="1"/>
<Cov CovItemId="S2" Value="1"/>
<Cov CovItemId="S3" Value="1"/>
</CovPrefix>
<CovPrefix CovItemPrefix="game.Flag.java">
<Cov CovItemId="S1" Value="1"/>
<Cov CovItemId="S2" Value="1"/>
<Cov CovItemId="S3" Value="1"/>
</CovPrefix>
<CovPrefix CovItemPrefix="game.PieceFactory.java">
<Cov CovItemId="S5" Value="1"/>
<Cov CovItemId="S6" Value="1"/>
<Cov CovItemId="S7" Value="1"/>
</CovPrefix>
</CovList>
<AssgnmntList/>
<ObjMetaDataList/>
<MetaDataList/>
</TestCase>
<TestCase Comment="" Date="1429877065546" Name="tests.TestPieceFactory:testCreateColonel">
<CovList>
<CovPrefix CovItemPrefix="game.AbstractPiece.java">
<Cov CovItemId="S1" Value="1"/>
<Cov CovItemId="S10" Value="1"/>
<Cov CovItemId="S11" Value="1"/>
<Cov CovItemId="S12" Value="1"/>
<Cov CovItemId="S13" Value="1"/>
<Cov CovItemId="S2" Value="1"/>
<Cov CovItemId="S3" Value="1"/>
</CovPrefix>
<CovPrefix CovItemPrefix="game.PieceFactory.java">
<Cov CovItemId="S17" Value="1"/>
<Cov CovItemId="S18" Value="1"/>
<Cov CovItemId="S19" Value="1"/>
</CovPrefix>
<CovPrefix CovItemPrefix="game.Soldier.java">
<Cov CovItemId="S1" Value="1"/>
<Cov CovItemId="S2" Value="1"/>
<Cov CovItemId="S3" Value="1"/>
</CovPrefix>
</CovList>
<AssgnmntList/>
<ObjMetaDataList/>
<MetaDataList/>
</TestCase>
<TestCase Comment="" Date="1429877065548" Name="tests.TestPieceFactory:testCreateSergeant">
<CovList>
<CovPrefix CovItemPrefix="game.AbstractPiece.java">
<Cov CovItemId="S1" Value="1"/>
<Cov CovItemId="S10" Value="1"/>
<Cov CovItemId="S11" Value="1"/>
<Cov CovItemId="S12" Value="1"/>
<Cov CovItemId="S13" Value="1"/>
<Cov CovItemId="S2" Value="1"/>
<Cov CovItemId="S3" Value="1"/>
</CovPrefix>
<CovPrefix CovItemPrefix="game.PieceFactory.java">
<Cov CovItemId="S29" Value="1"/>
<Cov CovItemId="S30" Value="1"/>
<Cov CovItemId="S31" Value="1"/>
</CovPrefix>
<CovPrefix CovItemPrefix="game.Soldier.java">
<Cov CovItemId="S1" Value="1"/>
<Cov CovItemId="S2" Value="1"/>
<Cov CovItemId="S3" Value="1"/>
</CovPrefix>
</CovList>
<AssgnmntList/>
<ObjMetaDataList/>
<MetaDataList/>
</TestCase>
<TestCase Comment="" Date="1429877065549" Name="tests.TestPieceFactory:testCreateSpy">
<CovList>
<CovPrefix CovItemPrefix="game.AbstractPiece.java">
<Cov CovItemId="S1" Value="1"/>
<Cov CovItemId="S10" Value="1"/>
<Cov CovItemId="S11" Value="1"/>
<Cov CovItemId="S12" Value="1"/>
<Cov CovItemId="S13" Value="1"/>
<Cov CovItemId="S2" Value="1"/>
<Cov CovItemId="S3" Value="1"/>
</CovPrefix>
<CovPrefix CovItemPrefix="game.PieceFactory.java">
<Cov CovItemId="S10" Value="1"/>
<Cov CovItemId="S8" Value="1"/>
<Cov CovItemId="S9" Value="1"/>
</CovPrefix>
<CovPrefix CovItemPrefix="game.Soldier.java">
<Cov CovItemId="S1" Value="1"/>
<Cov CovItemId="S2" Value="1"/>
<Cov CovItemId="S3" Value="1"/>
</CovPrefix>
</CovList>
<AssgnmntList/>
<ObjMetaDataList/>
<MetaDataList/>
</TestCase>
<TestCase Comment="" Date="1429877065550" Name="tests.TestPiece:testLocation">
<CovList>
<CovPrefix CovItemPrefix="game.AbstractPiece.java">
<Cov CovItemId="S5" Value="1"/>
<Cov CovItemId="S6" Value="1"/>
<Cov CovItemId="S7" Value="1"/>
</CovPrefix>
</CovList>
<AssgnmntList/>
<ObjMetaDataList/>
<MetaDataList/>
</TestCase>
<TestCase Comment="" Date="1429877065551" Name="tests.TestPiece:testSetSelectedTrue">
<CovList>
<CovPrefix CovItemPrefix="game.AbstractPiece.java">
<Cov CovItemId="S4" Value="1"/>
<Cov CovItemId="S5" Value="1"/>
</CovPrefix>
<CovPrefix CovItemPrefix="game.Soldier.java">
<Cov CovItemId="B1" Value="1"/>
<Cov CovItemId="S4" Value="1"/>
<Cov CovItemId="S5" Value="1"/>
<Cov CovItemId="S7" Value="1"/>
</CovPrefix>
</CovList>
<AssgnmntList>
<AssgnmntPrefix RootTermCovItemPrefix="game.Soldier.java">
<AssgnmntListEntry Length="1" RootTermCovItemId="C1">
<MapEntry BoolAssgnmnt="1" Value="1"/>
</AssgnmntListEntry>
</AssgnmntPrefix>
</AssgnmntList>
<ObjMetaDataList/>
<MetaDataList/>
</TestCase>
<TestCase Comment="" Date="1429877065552" Name="tests.TestPiece:testUserForPiece">
<CovList>
<CovPrefix CovItemPrefix="game.AbstractPiece.java">
<Cov CovItemId="S5" Value="1"/>
<Cov CovItemId="S8" Value="1"/>
<Cov CovItemId="S9" Value="1"/>
</CovPrefix>
</CovList>
<AssgnmntList/>
<ObjMetaDataList/>
<MetaDataList/>
</TestCase>
<TestCase Comment="" Date="1429877065553" Name="tests.TestPiece:testSetSelectedFalse">
<CovList>
<CovPrefix CovItemPrefix="game.AbstractPiece.java">
<Cov CovItemId="S4" Value="1"/>
<Cov CovItemId="S5" Value="1"/>
</CovPrefix>
<CovPrefix CovItemPrefix="game.Soldier.java">
<Cov CovItemId="B2" Value="1"/>
<Cov CovItemId="S4" Value="1"/>
<Cov CovItemId="S6" Value="1"/>
<Cov CovItemId="S7" Value="1"/>
</CovPrefix>
</CovList>
<AssgnmntList>
<AssgnmntPrefix RootTermCovItemPrefix="game.Soldier.java">
<AssgnmntListEntry Length="1" RootTermCovItemId="C1">
<MapEntry BoolAssgnmnt="0" Value="1"/>
</AssgnmntListEntry>
</AssgnmntPrefix>
</AssgnmntList>
<ObjMetaDataList/>
<MetaDataList/>
</TestCase>
<TestCase Comment="" Date="1429877065554" Name="tests.TestGameBoard:testSelectedButtonPressedClearPiecePressed">
<CovList>
<CovPrefix CovItemPrefix="game.AbstractPiece.java">
<Cov CovItemId="S1" Value="101"/>
<Cov CovItemId="S10" Value="1"/>
<Cov CovItemId="S11" Value="1"/>
<Cov CovItemId="S2" Value="101"/>
<Cov CovItemId="S3" Value="101"/>
<Cov CovItemId="S4" Value="1"/>
<Cov CovItemId="S5" Value="101"/>
<Cov CovItemId="S6" Value="103"/>
<Cov CovItemId="S7" Value="4"/>
<Cov CovItemId="S8" Value="1"/>
</CovPrefix>
<CovPrefix CovItemPrefix="game.ClearPiece.java">
<Cov CovItemId="B4" Value="99"/>
<Cov CovItemId="S1" Value="100"/>
<Cov CovItemId="S2" Value="100"/>
<Cov CovItemId="S5" Value="99"/>
<Cov CovItemId="S7" Value="99"/>
<Cov CovItemId="S8" Value="99"/>
</CovPrefix>
<CovPrefix CovItemPrefix="game.GameBoard.java">
<Cov CovItemId="B12" Value="1"/>
<Cov CovItemId="B14" Value="1"/>
<Cov CovItemId="B9" Value="1"/>
<Cov CovItemId="L5-2" Value="1"/>
<Cov CovItemId="L6-2" Value="10"/>
<Cov CovItemId="S2" Value="1"/>
<Cov CovItemId="S3" Value="1"/>
<Cov CovItemId="S31" Value="101"/>
<Cov CovItemId="S32" Value="101"/>
<Cov CovItemId="S33" Value="101"/>
<Cov CovItemId="S34" Value="101"/>
<Cov CovItemId="S35" Value="101"/>
<Cov CovItemId="S36" Value="101"/>
<Cov CovItemId="S37" Value="101"/>
<Cov CovItemId="S38" Value="101"/>
<Cov CovItemId="S39" Value="101"/>
<Cov CovItemId="S4" Value="1"/>
<Cov CovItemId="S40" Value="101"/>
<Cov CovItemId="S41" Value="1"/>
<Cov CovItemId="S42" Value="1"/>
<Cov CovItemId="S44" Value="1"/>
<Cov CovItemId="S46" Value="1"/>
<Cov CovItemId="S47" Value="1"/>
<Cov CovItemId="S48" Value="10"/>
<Cov CovItemId="S49" Value="100"/>
<Cov CovItemId="S5" Value="1"/>
<Cov CovItemId="S50" Value="1"/>
<Cov CovItemId="S51" Value="1"/>
<Cov CovItemId="S6" Value="1"/>
<Cov CovItemId="S7" Value="1"/>
<Cov CovItemId="S78" Value="1"/>
<Cov CovItemId="S79" Value="1"/>
<Cov CovItemId="S80" Value="1"/>
<Cov CovItemId="S81" Value="1"/>
<Cov CovItemId="S82" Value="1"/>
<Cov CovItemId="S83" Value="1"/>
<Cov CovItemId="S84" Value="1"/>
<Cov CovItemId="S85" Value="1"/>
<Cov CovItemId="S86" Value="1"/>
<Cov CovItemId="S87" Value="1"/>
<Cov CovItemId="S88" Value="1"/>
<Cov CovItemId="S89" Value="1"/>
<Cov CovItemId="S90" Value="1"/>
<Cov CovItemId="S91" Value="1"/>
<Cov CovItemId="S92" Value="1"/>
<Cov CovItemId="S93" Value="1"/>
<Cov CovItemId="S94" Value="1"/>
<Cov CovItemId="S95" Value="1"/>
</CovPrefix>
<CovPrefix CovItemPrefix="game.PieceFactory.java">
<Cov CovItemId="S26" Value="1"/>
<Cov CovItemId="S27" Value="1"/>
<Cov CovItemId="S28" Value="1"/>
<Cov CovItemId="S4" Value="100"/>
</CovPrefix>
<CovPrefix CovItemPrefix="game.Soldier.java">
<Cov CovItemId="B1" Value="1"/>
<Cov CovItemId="B2" Value="1"/>
<Cov CovItemId="S1" Value="1"/>
<Cov CovItemId="S2" Value="1"/>
<Cov CovItemId="S3" Value="1"/>
<Cov CovItemId="S4" Value="2"/>
<Cov CovItemId="S5" Value="1"/>
<Cov CovItemId="S6" Value="1"/>
<Cov CovItemId="S7" Value="2"/>
</CovPrefix>
</CovList>
<AssgnmntList>
<AssgnmntPrefix RootTermCovItemPrefix="game.ClearPiece.java">
<AssgnmntListEntry Length="1" RootTermCovItemId="C2">
<MapEntry BoolAssgnmnt="0" Value="99"/>
</AssgnmntListEntry>
</AssgnmntPrefix>
<AssgnmntPrefix RootTermCovItemPrefix="game.GameBoard.java">
<AssgnmntListEntry Length="1" RootTermCovItemId="C10">
<MapEntry BoolAssgnmnt="0" Value="1"/>
</AssgnmntListEntry>
<AssgnmntListEntry Length="1" RootTermCovItemId="C11">
<MapEntry BoolAssgnmnt="0" Value="1"/>
</AssgnmntListEntry>
<AssgnmntListEntry Length="1" RootTermCovItemId="C9">
<MapEntry BoolAssgnmnt="1" Value="1"/>
</AssgnmntListEntry>
</AssgnmntPrefix>
<AssgnmntPrefix RootTermCovItemPrefix="game.Soldier.java">
<AssgnmntListEntry Length="1" RootTermCovItemId="C1">
<MapEntry BoolAssgnmnt="0" Value="1"/>
<MapEntry BoolAssgnmnt="1" Value="1"/>
</AssgnmntListEntry>
</AssgnmntPrefix>
</AssgnmntList>
<ObjMetaDataList/>
<MetaDataList/>
</TestCase>
<TestCase Comment="" Date="1429877065568" Name="tests.TestGameBoard:testSelectedButtonPressedSameSelectedPiecePressed">
<CovList>
<CovPrefix CovItemPrefix="game.AbstractPiece.java">
<Cov CovItemId="S1" Value="101"/>
<Cov CovItemId="S10" Value="1"/>
<Cov CovItemId="S11" Value="1"/>
<Cov CovItemId="S2" Value="101"/>
<Cov CovItemId="S3" Value="101"/>
<Cov CovItemId="S4" Value="1"/>
<Cov CovItemId="S5" Value="101"/>
<Cov CovItemId="S6" Value="101"/>
</CovPrefix>
<CovPrefix CovItemPrefix="game.ClearPiece.java">
<Cov CovItemId="B4" Value="99"/>
<Cov CovItemId="S1" Value="100"/>
<Cov CovItemId="S2" Value="100"/>
<Cov CovItemId="S5" Value="99"/>
<Cov CovItemId="S7" Value="99"/>
<Cov CovItemId="S8" Value="99"/>
</CovPrefix>
<CovPrefix CovItemPrefix="game.GameBoard.java">
<Cov CovItemId="B11" Value="1"/>
<Cov CovItemId="B9" Value="1"/>
<Cov CovItemId="L5-2" Value="1"/>
<Cov CovItemId="L6-2" Value="10"/>
<Cov CovItemId="S2" Value="1"/>
<Cov CovItemId="S3" Value="1"/>
<Cov CovItemId="S31" Value="101"/>
<Cov CovItemId="S32" Value="101"/>
<Cov CovItemId="S33" Value="101"/>
<Cov CovItemId="S34" Value="101"/>
<Cov CovItemId="S35" Value="101"/>
<Cov CovItemId="S36" Value="101"/>
<Cov CovItemId="S37" Value="101"/>
<Cov CovItemId="S38" Value="101"/>
<Cov CovItemId="S39" Value="101"/>
<Cov CovItemId="S4" Value="1"/>
<Cov CovItemId="S40" Value="101"/>
<Cov CovItemId="S41" Value="1"/>
<Cov CovItemId="S42" Value="1"/>
<Cov CovItemId="S43" Value="1"/>
<Cov CovItemId="S47" Value="1"/>
<Cov CovItemId="S48" Value="10"/>
<Cov CovItemId="S49" Value="100"/>
<Cov CovItemId="S5" Value="1"/>
<Cov CovItemId="S50" Value="1"/>
<Cov CovItemId="S6" Value="1"/>
<Cov CovItemId="S7" Value="1"/>
</CovPrefix>
<CovPrefix CovItemPrefix="game.PieceFactory.java">
<Cov CovItemId="S26" Value="1"/>
<Cov CovItemId="S27" Value="1"/>
<Cov CovItemId="S28" Value="1"/>
<Cov CovItemId="S4" Value="100"/>
</CovPrefix>
<CovPrefix CovItemPrefix="game.Soldier.java">
<Cov CovItemId="B1" Value="1"/>
<Cov CovItemId="B2" Value="2"/>
<Cov CovItemId="S1" Value="1"/>
<Cov CovItemId="S2" Value="1"/>
<Cov CovItemId="S3" Value="1"/>
<Cov CovItemId="S4" Value="3"/>
<Cov CovItemId="S5" Value="1"/>
<Cov CovItemId="S6" Value="2"/>
<Cov CovItemId="S7" Value="3"/>
</CovPrefix>
</CovList>
<AssgnmntList>
<AssgnmntPrefix RootTermCovItemPrefix="game.ClearPiece.java">
<AssgnmntListEntry Length="1" RootTermCovItemId="C2">
<MapEntry BoolAssgnmnt="0" Value="99"/>
</AssgnmntListEntry>
</AssgnmntPrefix>
<AssgnmntPrefix RootTermCovItemPrefix="game.GameBoard.java">
<AssgnmntListEntry Length="1" RootTermCovItemId="C10">
<MapEntry BoolAssgnmnt="1" Value="1"/>
</AssgnmntListEntry>
<AssgnmntListEntry Length="1" RootTermCovItemId="C9">
<MapEntry BoolAssgnmnt="1" Value="1"/>
</AssgnmntListEntry>
</AssgnmntPrefix>
<AssgnmntPrefix RootTermCovItemPrefix="game.Soldier.java">
<AssgnmntListEntry Length="1" RootTermCovItemId="C1">
<MapEntry BoolAssgnmnt="0" Value="2"/>
<MapEntry BoolAssgnmnt="1" Value="1"/>
</AssgnmntListEntry>
</AssgnmntPrefix>
</AssgnmntList>
<ObjMetaDataList/>
<MetaDataList/>
</TestCase>
<TestCase Comment="" Date="1429877065580" Name="tests.TestGameBoard:testAddPieceMethod">
<CovList>
<CovPrefix CovItemPrefix="game.AbstractPiece.java">
<Cov CovItemId="S1" Value="101"/>
<Cov CovItemId="S10" Value="1"/>
<Cov CovItemId="S11" Value="1"/>
<Cov CovItemId="S2" Value="101"/>
<Cov CovItemId="S3" Value="101"/>
<Cov CovItemId="S5" Value="101"/>
<Cov CovItemId="S6" Value="101"/>
</CovPrefix>
<CovPrefix CovItemPrefix="game.Bomb.java">
<Cov CovItemId="S1" Value="1"/>
<Cov CovItemId="S2" Value="1"/>
<Cov CovItemId="S3" Value="1"/>
<Cov CovItemId="S4" Value="1"/>
</CovPrefix>
<CovPrefix CovItemPrefix="game.ClearPiece.java">
<Cov CovItemId="S1" Value="100"/>
<Cov CovItemId="S2" Value="100"/>
</CovPrefix>
<CovPrefix CovItemPrefix="game.GameBoard.java">
<Cov CovItemId="S2" Value="1"/>
<Cov CovItemId="S3" Value="1"/>
<Cov CovItemId="S31" Value="101"/>
<Cov CovItemId="S32" Value="101"/>
<Cov CovItemId="S33" Value="101"/>
<Cov CovItemId="S34" Value="101"/>
<Cov CovItemId="S35" Value="101"/>
<Cov CovItemId="S36" Value="101"/>
<Cov CovItemId="S37" Value="101"/>
<Cov CovItemId="S38" Value="101"/>
<Cov CovItemId="S39" Value="101"/>
<Cov CovItemId="S4" Value="1"/>
<Cov CovItemId="S40" Value="101"/>
<Cov CovItemId="S5" Value="1"/>
<Cov CovItemId="S6" Value="1"/>
<Cov CovItemId="S7" Value="1"/>
</CovPrefix>
<CovPrefix CovItemPrefix="game.PieceFactory.java">
<Cov CovItemId="S1" Value="1"/>
<Cov CovItemId="S2" Value="1"/>
<Cov CovItemId="S3" Value="1"/>
<Cov CovItemId="S4" Value="100"/>
</CovPrefix>
</CovList>
<AssgnmntList/>
<ObjMetaDataList/>
<MetaDataList/>
</TestCase>
<TestCase Comment="" Date="1429877065590" Name="tests.TestGameBoard:testSelectedButtonPressedNoSelectedPiece">
<CovList>
<CovPrefix CovItemPrefix="game.AbstractPiece.java">
<Cov CovItemId="S1" Value="101"/>
<Cov CovItemId="S10" Value="1"/>
<Cov CovItemId="S11" Value="1"/>
<Cov CovItemId="S2" Value="101"/>
<Cov CovItemId="S3" Value="101"/>
<Cov CovItemId="S4" Value="1"/>
<Cov CovItemId="S5" Value="101"/>
<Cov CovItemId="S6" Value="101"/>
</CovPrefix>
<CovPrefix CovItemPrefix="game.ClearPiece.java">
<Cov CovItemId="B4" Value="99"/>
<Cov CovItemId="S1" Value="100"/>
<Cov CovItemId="S2" Value="100"/>
<Cov CovItemId="S5" Value="99"/>
<Cov CovItemId="S7" Value="99"/>
<Cov CovItemId="S8" Value="99"/>
</CovPrefix>
<CovPrefix CovItemPrefix="game.GameBoard.java">
<Cov CovItemId="B10" Value="1"/>
<Cov CovItemId="L5-2" Value="1"/>
<Cov CovItemId="L6-2" Value="10"/>
<Cov CovItemId="S2" Value="1"/>
<Cov CovItemId="S3" Value="1"/>
<Cov CovItemId="S31" Value="101"/>
<Cov CovItemId="S32" Value="101"/>
<Cov CovItemId="S33" Value="101"/>
<Cov CovItemId="S34" Value="101"/>
<Cov CovItemId="S35" Value="101"/>
<Cov CovItemId="S36" Value="101"/>
<Cov CovItemId="S37" Value="101"/>
<Cov CovItemId="S38" Value="101"/>
<Cov CovItemId="S39" Value="101"/>
<Cov CovItemId="S4" Value="1"/>
<Cov CovItemId="S40" Value="101"/>
<Cov CovItemId="S41" Value="1"/>
<Cov CovItemId="S47" Value="1"/>
<Cov CovItemId="S48" Value="10"/>
<Cov CovItemId="S49" Value="100"/>
<Cov CovItemId="S5" Value="1"/>
<Cov CovItemId="S50" Value="1"/>
<Cov CovItemId="S6" Value="1"/>
<Cov CovItemId="S7" Value="1"/>
</CovPrefix>
<CovPrefix CovItemPrefix="game.PieceFactory.java">
<Cov CovItemId="S26" Value="1"/>
<Cov CovItemId="S27" Value="1"/>
<Cov CovItemId="S28" Value="1"/>
<Cov CovItemId="S4" Value="100"/>
</CovPrefix>
<CovPrefix CovItemPrefix="game.Soldier.java">
<Cov CovItemId="B1" Value="1"/>
<Cov CovItemId="B2" Value="1"/>
<Cov CovItemId="S1" Value="1"/>
<Cov CovItemId="S2" Value="1"/>
<Cov CovItemId="S3" Value="1"/>
<Cov CovItemId="S4" Value="2"/>
<Cov CovItemId="S5" Value="1"/>
<Cov CovItemId="S6" Value="1"/>
<Cov CovItemId="S7" Value="2"/>
</CovPrefix>
</CovList>
<AssgnmntList>
<AssgnmntPrefix RootTermCovItemPrefix="game.ClearPiece.java">
<AssgnmntListEntry Length="1" RootTermCovItemId="C2">
<MapEntry BoolAssgnmnt="0" Value="99"/>
</AssgnmntListEntry>
</AssgnmntPrefix>
<AssgnmntPrefix RootTermCovItemPrefix="game.GameBoard.java">
<AssgnmntListEntry Length="1" RootTermCovItemId="C9">
<MapEntry BoolAssgnmnt="0" Value="1"/>
</AssgnmntListEntry>
</AssgnmntPrefix>
<AssgnmntPrefix RootTermCovItemPrefix="game.Soldier.java">
<AssgnmntListEntry Length="1" RootTermCovItemId="C1">
<MapEntry BoolAssgnmnt="0" Value="1"/>
<MapEntry BoolAssgnmnt="1" Value="1"/>
</AssgnmntListEntry>
</AssgnmntPrefix>
</AssgnmntList>
<ObjMetaDataList/>
<MetaDataList/>
</TestCase>
<MetaDataList/>
</TestSession>
<TestSession Comment="" Date="1429877075071" Name="Apr 24, 2015 8:04:35 AM">
<TestCase Comment="" Date="1429877074735" Name="tests.TestBombPiece:testProcessPressOnNonSelectedPiece">
<CovList>
<CovPrefix CovItemPrefix="game.AbstractPiece.java">
<Cov CovItemId="S5" Value="1"/>
</CovPrefix>
<CovPrefix CovItemPrefix="game.Bomb.java">
<Cov CovItemId="B2" Value="1"/>
<Cov CovItemId="B4" Value="1"/>
<Cov CovItemId="S10" Value="1"/>
<Cov CovItemId="S5" Value="1"/>
<Cov CovItemId="S7" Value="1"/>
<Cov CovItemId="S9" Value="1"/>
</CovPrefix>
</CovList>
<AssgnmntList>
<AssgnmntPrefix RootTermCovItemPrefix="game.Bomb.java">
<AssgnmntListEntry Length="1" RootTermCovItemId="C1">
<MapEntry BoolAssgnmnt="0" Value="1"/>
</AssgnmntListEntry>
<AssgnmntListEntry Length="1" RootTermCovItemId="C2">
<MapEntry BoolAssgnmnt="0" Value="1"/>
</AssgnmntListEntry>
</AssgnmntPrefix>
</AssgnmntList>
<ObjMetaDataList/>
<MetaDataList/>
</TestCase>
<TestCase Comment="" Date="1429877074739" Name="tests.TestBombPiece:testLocation">
<CovList>
<CovPrefix CovItemPrefix="game.AbstractPiece.java">
<Cov CovItemId="S5" Value="1"/>
<Cov CovItemId="S6" Value="1"/>
<Cov CovItemId="S7" Value="1"/>
</CovPrefix>
</CovList>
<AssgnmntList/>
<ObjMetaDataList/>
<MetaDataList/>
</TestCase>
<TestCase Comment="" Date="1429877074740" Name="tests.TestBombPiece:testProcessPressOnSelectedPiece">
<CovList>
<CovPrefix CovItemPrefix="game.AbstractPiece.java">
<Cov CovItemId="S5" Value="1"/>
<Cov CovItemId="S7" Value="1"/>
</CovPrefix>
<CovPrefix CovItemPrefix="game.Bomb.java">
<Cov CovItemId="B1" Value="1"/>
<Cov CovItemId="B3" Value="1"/>
<Cov CovItemId="S10" Value="1"/>
<Cov CovItemId="S5" Value="1"/>
<Cov CovItemId="S6" Value="1"/>
<Cov CovItemId="S7" Value="1"/>
<Cov CovItemId="S8" Value="1"/>
</CovPrefix>
</CovList>
<AssgnmntList>
<AssgnmntPrefix RootTermCovItemPrefix="game.Bomb.java">
<AssgnmntListEntry Length="1" RootTermCovItemId="C1">
<MapEntry BoolAssgnmnt="1" Value="1"/>
</AssgnmntListEntry>
<AssgnmntListEntry Length="1" RootTermCovItemId="C2">
<MapEntry BoolAssgnmnt="1" Value="1"/>
</AssgnmntListEntry>
</AssgnmntPrefix>
</AssgnmntList>
<ObjMetaDataList/>
<MetaDataList/>
</TestCase>
<TestCase Comment="" Date="1429877074741" Name="tests.TestBombPiece:testSetSelectedTrue">
<CovList>
<CovPrefix CovItemPrefix="game.AbstractPiece.java">
<Cov CovItemId="S4" Value="1"/>
<Cov CovItemId="S5" Value="1"/>
</CovPrefix>
<CovPrefix CovItemPrefix="game.Bomb.java">
<Cov CovItemId="B3" Value="1"/>
<Cov CovItemId="S10" Value="1"/>
<Cov CovItemId="S7" Value="1"/>
<Cov CovItemId="S8" Value="1"/>
</CovPrefix>
</CovList>
<AssgnmntList>
<AssgnmntPrefix RootTermCovItemPrefix="game.Bomb.java">
<AssgnmntListEntry Length="1" RootTermCovItemId="C2">
<MapEntry BoolAssgnmnt="1" Value="1"/>
</AssgnmntListEntry>
</AssgnmntPrefix>
</AssgnmntList>
<ObjMetaDataList/>
<MetaDataList/>
</TestCase>
<TestCase Comment="" Date="1429877074742" Name="tests.TestBombPiece:testUserForPiece">
<CovList>
<CovPrefix CovItemPrefix="game.AbstractPiece.java">
<Cov CovItemId="S5" Value="1"/>
<Cov CovItemId="S8" Value="1"/>
<Cov CovItemId="S9" Value="1"/>
</CovPrefix>
</CovList>
<AssgnmntList/>
<ObjMetaDataList/>
<MetaDataList/>
</TestCase>
<TestCase Comment="" Date="1429877074743" Name="tests.TestBombPiece:testSetSelectedFalse">
<CovList>
<CovPrefix CovItemPrefix="game.AbstractPiece.java">
<Cov CovItemId="S4" Value="1"/>
<Cov CovItemId="S5" Value="1"/>
</CovPrefix>
<CovPrefix CovItemPrefix="game.Bomb.java">
<Cov CovItemId="B4" Value="1"/>
<Cov CovItemId="S10" Value="1"/>
<Cov CovItemId="S7" Value="1"/>
<Cov CovItemId="S9" Value="1"/>
</CovPrefix>
</CovList>
<AssgnmntList>
<AssgnmntPrefix RootTermCovItemPrefix="game.Bomb.java">
<AssgnmntListEntry Length="1" RootTermCovItemId="C2">
<MapEntry BoolAssgnmnt="0" Value="1"/>
</AssgnmntListEntry>
</AssgnmntPrefix>
</AssgnmntList>
<ObjMetaDataList/>
<MetaDataList/>
</TestCase>
<TestCase Comment="" Date="1429877074744" Name="tests.TestClearPiece:testOwnerIsNullForClearPiece">
<CovList>
<CovPrefix CovItemPrefix="game.AbstractPiece.java">
<Cov CovItemId="S1" Value="1"/>
<Cov CovItemId="S2" Value="1"/>
<Cov CovItemId="S3" Value="1"/>
<Cov CovItemId="S5" Value="1"/>
</CovPrefix>
<CovPrefix CovItemPrefix="game.ClearPiece.java">
<Cov CovItemId="S1" Value="1"/>
<Cov CovItemId="S10" Value="2"/>
<Cov CovItemId="S2" Value="1"/>
<Cov CovItemId="S9" Value="1"/>
</CovPrefix>
</CovList>
<AssgnmntList/>
<ObjMetaDataList/>
<MetaDataList/>
</TestCase>
<TestCase Comment="" Date="1429877074746" Name="tests.TestClearPiece:testLocation">
<CovList>
<CovPrefix CovItemPrefix="game.AbstractPiece.java">
<Cov CovItemId="S1" Value="1"/>
<Cov CovItemId="S2" Value="1"/>
<Cov CovItemId="S3" Value="1"/>
<Cov CovItemId="S5" Value="1"/>
<Cov CovItemId="S6" Value="1"/>
<Cov CovItemId="S7" Value="1"/>
</CovPrefix>
<CovPrefix CovItemPrefix="game.ClearPiece.java">
<Cov CovItemId="S1" Value="1"/>
<Cov CovItemId="S2" Value="1"/>
</CovPrefix>
</CovList>
<AssgnmntList/>
<ObjMetaDataList/>
<MetaDataList/>
</TestCase>
<TestCase Comment="" Date="1429877074747" Name="tests.TestClearPiece:testSetSelectedTrue">
<CovList>
<CovPrefix CovItemPrefix="game.AbstractPiece.java">
<Cov CovItemId="S1" Value="1"/>
<Cov CovItemId="S2" Value="1"/>
<Cov CovItemId="S3" Value="1"/>
<Cov CovItemId="S4" Value="1"/>
<Cov CovItemId="S5" Value="1"/>
</CovPrefix>
<CovPrefix CovItemPrefix="game.ClearPiece.java">
<Cov CovItemId="B3" Value="1"/>
<Cov CovItemId="S1" Value="1"/>
<Cov CovItemId="S2" Value="1"/>
<Cov CovItemId="S5" Value="1"/>
<Cov CovItemId="S6" Value="1"/>
<Cov CovItemId="S8" Value="1"/>
</CovPrefix>
</CovList>
<AssgnmntList>
<AssgnmntPrefix RootTermCovItemPrefix="game.ClearPiece.java">
<AssgnmntListEntry Length="1" RootTermCovItemId="C2">
<MapEntry BoolAssgnmnt="1" Value="1"/>
</AssgnmntListEntry>
</AssgnmntPrefix>
</AssgnmntList>
<ObjMetaDataList/>
<MetaDataList/>
</TestCase>
<TestCase Comment="" Date="1429877074748" Name="tests.TestClearPiece:testSetSelectedFalse">
<CovList>
<CovPrefix CovItemPrefix="game.AbstractPiece.java">
<Cov CovItemId="S1" Value="1"/>
<Cov CovItemId="S2" Value="1"/>
<Cov CovItemId="S3" Value="1"/>
<Cov CovItemId="S4" Value="1"/>
<Cov CovItemId="S5" Value="1"/>
</CovPrefix>
<CovPrefix CovItemPrefix="game.ClearPiece.java">
<Cov CovItemId="B4" Value="1"/>
<Cov CovItemId="S1" Value="1"/>
<Cov CovItemId="S2" Value="1"/>
<Cov CovItemId="S5" Value="1"/>
<Cov CovItemId="S7" Value="1"/>
<Cov CovItemId="S8" Value="1"/>
</CovPrefix>
</CovList>
<AssgnmntList>
<AssgnmntPrefix RootTermCovItemPrefix="game.ClearPiece.java">
<AssgnmntListEntry Length="1" RootTermCovItemId="C2">
<MapEntry BoolAssgnmnt="0" Value="1"/>
</AssgnmntListEntry>
</AssgnmntPrefix>
</AssgnmntList>
<ObjMetaDataList/>
<MetaDataList/>
</TestCase>
<TestCase Comment="" Date="1429877074750" Name="tests.TestFlagPiece:testLocation">
<CovList>
<CovPrefix CovItemPrefix="game.AbstractPiece.java">
<Cov CovItemId="S5" Value="1"/>
<Cov CovItemId="S6" Value="1"/>
<Cov CovItemId="S7" Value="1"/>
</CovPrefix>
</CovList>
<AssgnmntList/>
<ObjMetaDataList/>
<MetaDataList/>
</TestCase>
<TestCase Comment="" Date="1429877074751" Name="tests.TestFlagPiece:testSetSelectedTrue">
<CovList>
<CovPrefix CovItemPrefix="game.AbstractPiece.java">
<Cov CovItemId="S4" Value="1"/>
<Cov CovItemId="S5" Value="1"/>
</CovPrefix>
<CovPrefix CovItemPrefix="game.Flag.java">
<Cov CovItemId="S4" Value="1"/>
</CovPrefix>
</CovList>
<AssgnmntList/>
<ObjMetaDataList/>
<MetaDataList/>
</TestCase>
<TestCase Comment="" Date="1429877074752" Name="tests.TestFlagPiece:testSetSelectedFalse">
<CovList>
<CovPrefix CovItemPrefix="game.AbstractPiece.java">
<Cov CovItemId="S4" Value="1"/>
<Cov CovItemId="S5" Value="1"/>
</CovPrefix>
<CovPrefix CovItemPrefix="game.Flag.java">
<Cov CovItemId="S4" Value="1"/>
</CovPrefix>
</CovList>
<AssgnmntList/>
<ObjMetaDataList/>
<MetaDataList/>
</TestCase>
<TestCase Comment="" Date="1429877074754" Name="tests.TestObstaclePiece:testProcessPressOnNonSelectedPiece">
<CovList>
<CovPrefix CovItemPrefix="game.AbstractPiece.java">
<Cov CovItemId="S5" Value="1"/>
</CovPrefix>
</CovList>
<AssgnmntList/>
<ObjMetaDataList/>
<MetaDataList/>
</TestCase>
<TestCase Comment="" Date="1429877074755" Name="tests.TestObstaclePiece:testLocation">
<CovList>
<CovPrefix CovItemPrefix="game.AbstractPiece.java">
<Cov CovItemId="S5" Value="1"/>
<Cov CovItemId="S6" Value="1"/>
<Cov CovItemId="S7" Value="1"/>
</CovPrefix>
</CovList>
<AssgnmntList/>
<ObjMetaDataList/>
<MetaDataList/>
</TestCase>
<TestCase Comment="" Date="1429877074756" Name="tests.TestObstaclePiece:testProcessPressOnSelectedPiece">
<CovList>
<CovPrefix CovItemPrefix="game.AbstractPiece.java">
<Cov CovItemId="S5" Value="1"/>
</CovPrefix>
</CovList>
<AssgnmntList/>
<ObjMetaDataList/>
<MetaDataList/>
</TestCase>
<TestCase Comment="" Date="1429877074757" Name="tests.TestObstaclePiece:testSetSelectedTrue">
<CovList>
<CovPrefix CovItemPrefix="game.AbstractPiece.java">
<Cov CovItemId="S4" Value="1"/>
<Cov CovItemId="S5" Value="1"/>
</CovPrefix>
</CovList>
<AssgnmntList/>
<ObjMetaDataList/>
<MetaDataList/>
</TestCase>
<TestCase Comment="" Date="1429877074758" Name="tests.TestObstaclePiece:testSetSelectedFalse">
<CovList>
<CovPrefix CovItemPrefix="game.AbstractPiece.java">
<Cov CovItemId="S4" Value="1"/>
<Cov CovItemId="S5" Value="1"/>
</CovPrefix>
</CovList>
<AssgnmntList/>
<ObjMetaDataList/>
<MetaDataList/>
</TestCase>
<TestCase Comment="" Date="1429877074759" Name="tests.TestObstaclePiece:testOwnerIsNullForObstaclePiece">
<CovList>
<CovPrefix CovItemPrefix="game.AbstractPiece.java">
<Cov CovItemId="S5" Value="1"/>
</CovPrefix>
<CovPrefix CovItemPrefix="game.Obstacle.java">
<Cov CovItemId="S1" Value="1"/>
<Cov CovItemId="S2" Value="2"/>
</CovPrefix>
</CovList>
<AssgnmntList/>
<ObjMetaDataList/>
<MetaDataList/>
</TestCase>
<TestCase Comment="" Date="1429877074781" Name="tests.TestAttacking:TestAttackSameRank">
<CovList>
<CovPrefix CovItemPrefix="game.AbstractPiece.java">
<Cov CovItemId="S1" Value="4"/>
<Cov CovItemId="S2" Value="4"/>
<Cov CovItemId="S3" Value="4"/>
<Cov CovItemId="S5" Value="2"/>
<Cov CovItemId="S6" Value="6"/>
<Cov CovItemId="S7" Value="4"/>
<Cov CovItemId="S8" Value="2"/>
<Cov CovItemId="S9" Value="2"/>
</CovPrefix>
<CovPrefix CovItemPrefix="game.ClearPiece.java">
<Cov CovItemId="S1" Value="2"/>
<Cov CovItemId="S2" Value="2"/>
</CovPrefix>
<CovPrefix CovItemPrefix="game.GameBoard.java">
<Cov CovItemId="B34" Value="1"/>
<Cov CovItemId="B38" Value="1"/>
<Cov CovItemId="B40" Value="1"/>
<Cov CovItemId="B42" Value="1"/>
<Cov CovItemId="B43" Value="1"/>
<Cov CovItemId="S104" Value="1"/>
<Cov CovItemId="S108" Value="1"/>
<Cov CovItemId="S112" Value="1"/>
<Cov CovItemId="S115" Value="1"/>
<Cov CovItemId="S116" Value="1"/>
<Cov CovItemId="S117" Value="1"/>
<Cov CovItemId="S118" Value="1"/>
<Cov CovItemId="S120" Value="2"/>
<Cov CovItemId="S121" Value="2"/>
<Cov CovItemId="S122" Value="2"/>
<Cov CovItemId="S123" Value="2"/>
<Cov CovItemId="S124" Value="2"/>
<Cov CovItemId="S125" Value="2"/>
<Cov CovItemId="S126" Value="2"/>
<Cov CovItemId="S127" Value="2"/>
<Cov CovItemId="S128" Value="2"/>
<Cov CovItemId="S129" Value="2"/>
<Cov CovItemId="S130" Value="2"/>
<Cov CovItemId="S131" Value="2"/>
<Cov CovItemId="S132" Value="2"/>
<Cov CovItemId="S133" Value="2"/>
<Cov CovItemId="S134" Value="2"/>
<Cov CovItemId="S135" Value="2"/>
<Cov CovItemId="S96" Value="1"/>
</CovPrefix>
<CovPrefix CovItemPrefix="game.Soldier.java">
<Cov CovItemId="S1" Value="2"/>
<Cov CovItemId="S2" Value="2"/>
<Cov CovItemId="S3" Value="2"/>
</CovPrefix>
</CovList>
<AssgnmntList>
<AssgnmntPrefix RootTermCovItemPrefix="game.GameBoard.java">
<AssgnmntListEntry Length="1" RootTermCovItemId="C21">
<MapEntry BoolAssgnmnt="0" Value="1"/>
</AssgnmntListEntry>
<AssgnmntListEntry Length="1" RootTermCovItemId="C23">
<MapEntry BoolAssgnmnt="0" Value="1"/>
</AssgnmntListEntry>
<AssgnmntListEntry Length="1" RootTermCovItemId="C24">
<MapEntry BoolAssgnmnt="0" Value="1"/>
</AssgnmntListEntry>
<AssgnmntListEntry Length="1" RootTermCovItemId="C25">
<MapEntry BoolAssgnmnt="0" Value="1"/>
</AssgnmntListEntry>
<AssgnmntListEntry Length="1" RootTermCovItemId="C26">
<MapEntry BoolAssgnmnt="1" Value="1"/>
</AssgnmntListEntry>
</AssgnmntPrefix>
</AssgnmntList>
<ObjMetaDataList/>
<MetaDataList/>
</TestCase>
<TestCase Comment="" Date="1429877074801" Name="tests.TestAttacking:TestGetNewLocationAfterWin">
<CovList>
<CovPrefix CovItemPrefix="game.AbstractPiece.java">
<Cov CovItemId="S1" Value="3"/>
<Cov CovItemId="S2" Value="3"/>
<Cov CovItemId="S3" Value="3"/>
<Cov CovItemId="S5" Value="1"/>
<Cov CovItemId="S6" Value="7"/>
<Cov CovItemId="S7" Value="5"/>
<Cov CovItemId="S8" Value="2"/>
<Cov CovItemId="S9" Value="2"/>
</CovPrefix>
<CovPrefix CovItemPrefix="game.ClearPiece.java">
<Cov CovItemId="S1" Value="1"/>
<Cov CovItemId="S2" Value="1"/>
</CovPrefix>
<CovPrefix CovItemPrefix="game.GameBoard.java">
<Cov CovItemId="B34" Value="1"/>
<Cov CovItemId="B38" Value="1"/>
<Cov CovItemId="B39" Value="1"/>
<Cov CovItemId="S104" Value="1"/>
<Cov CovItemId="S108" Value="1"/>
<Cov CovItemId="S109" Value="1"/>
<Cov CovItemId="S110" Value="1"/>
<Cov CovItemId="S111" Value="1"/>
<Cov CovItemId="S120" Value="1"/>
<Cov CovItemId="S121" Value="1"/>
<Cov CovItemId="S122" Value="1"/>
<Cov CovItemId="S123" Value="1"/>
<Cov CovItemId="S124" Value="1"/>
<Cov CovItemId="S125" Value="1"/>
<Cov CovItemId="S126" Value="1"/>
<Cov CovItemId="S127" Value="1"/>
<Cov CovItemId="S128" Value="1"/>
<Cov CovItemId="S129" Value="1"/>
<Cov CovItemId="S130" Value="1"/>
<Cov CovItemId="S131" Value="1"/>
<Cov CovItemId="S132" Value="1"/>
<Cov CovItemId="S133" Value="1"/>
<Cov CovItemId="S134" Value="1"/>
<Cov CovItemId="S135" Value="1"/>
<Cov CovItemId="S78" Value="1"/>
<Cov CovItemId="S79" Value="1"/>
<Cov CovItemId="S80" Value="1"/>
<Cov CovItemId="S81" Value="1"/>
<Cov CovItemId="S82" Value="1"/>
<Cov CovItemId="S83" Value="1"/>
<Cov CovItemId="S84" Value="1"/>
<Cov CovItemId="S85" Value="1"/>
<Cov CovItemId="S86" Value="1"/>
<Cov CovItemId="S87" Value="1"/>
<Cov CovItemId="S88" Value="1"/>
<Cov CovItemId="S89" Value="1"/>
<Cov CovItemId="S90" Value="1"/>
<Cov CovItemId="S91" Value="1"/>
<Cov CovItemId="S92" Value="1"/>
<Cov CovItemId="S93" Value="1"/>
<Cov CovItemId="S94" Value="1"/>
<Cov CovItemId="S95" Value="1"/>
<Cov CovItemId="S96" Value="1"/>
</CovPrefix>
<CovPrefix CovItemPrefix="game.Soldier.java">
<Cov CovItemId="S1" Value="2"/>
<Cov CovItemId="S2" Value="2"/>
<Cov CovItemId="S3" Value="2"/>
</CovPrefix>
</CovList>
<AssgnmntList>
<AssgnmntPrefix RootTermCovItemPrefix="game.GameBoard.java">
<AssgnmntListEntry Length="1" RootTermCovItemId="C21">
<MapEntry BoolAssgnmnt="0" Value="1"/>
</AssgnmntListEntry>
<AssgnmntListEntry Length="1" RootTermCovItemId="C23">
<MapEntry BoolAssgnmnt="0" Value="1"/>
</AssgnmntListEntry>
<AssgnmntListEntry Length="1" RootTermCovItemId="C24">
<MapEntry BoolAssgnmnt="1" Value="1"/>
</AssgnmntListEntry>
</AssgnmntPrefix>
</AssgnmntList>
<ObjMetaDataList/>
<MetaDataList/>
</TestCase>
<TestCase Comment="" Date="1429877074815" Name="tests.TestAttacking:TestRemoveBothPiecesAfterTie">
<CovList>
<CovPrefix CovItemPrefix="game.AbstractPiece.java">
<Cov CovItemId="S1" Value="4"/>
<Cov CovItemId="S2" Value="4"/>
<Cov CovItemId="S3" Value="4"/>
<Cov CovItemId="S5" Value="2"/>
<Cov CovItemId="S6" Value="8"/>
<Cov CovItemId="S7" Value="6"/>
<Cov CovItemId="S8" Value="2"/>
<Cov CovItemId="S9" Value="2"/>
</CovPrefix>
<CovPrefix CovItemPrefix="game.ClearPiece.java">
<Cov CovItemId="S1" Value="2"/>
<Cov CovItemId="S2" Value="2"/>
</CovPrefix>
<CovPrefix CovItemPrefix="game.GameBoard.java">
<Cov CovItemId="B34" Value="1"/>
<Cov CovItemId="B38" Value="1"/>
<Cov CovItemId="B40" Value="1"/>
<Cov CovItemId="B42" Value="1"/>
<Cov CovItemId="B43" Value="1"/>
<Cov CovItemId="S104" Value="1"/>
<Cov CovItemId="S108" Value="1"/>
<Cov CovItemId="S112" Value="1"/>
<Cov CovItemId="S115" Value="1"/>
<Cov CovItemId="S116" Value="1"/>
<Cov CovItemId="S117" Value="1"/>
<Cov CovItemId="S118" Value="1"/>
<Cov CovItemId="S120" Value="2"/>
<Cov CovItemId="S121" Value="2"/>
<Cov CovItemId="S122" Value="2"/>
<Cov CovItemId="S123" Value="2"/>
<Cov CovItemId="S124" Value="2"/>
<Cov CovItemId="S125" Value="2"/>
<Cov CovItemId="S126" Value="2"/>
<Cov CovItemId="S127" Value="2"/>
<Cov CovItemId="S128" Value="2"/>
<Cov CovItemId="S129" Value="2"/>
<Cov CovItemId="S130" Value="2"/>
<Cov CovItemId="S131" Value="2"/>
<Cov CovItemId="S132" Value="2"/>
<Cov CovItemId="S133" Value="2"/>
<Cov CovItemId="S134" Value="2"/>
<Cov CovItemId="S135" Value="2"/>
<Cov CovItemId="S96" Value="1"/>
</CovPrefix>
<CovPrefix CovItemPrefix="game.Soldier.java">
<Cov CovItemId="S1" Value="2"/>
<Cov CovItemId="S2" Value="2"/>
<Cov CovItemId="S3" Value="2"/>
</CovPrefix>
</CovList>
<AssgnmntList>
<AssgnmntPrefix RootTermCovItemPrefix="game.GameBoard.java">
<AssgnmntListEntry Length="1" RootTermCovItemId="C21">
<MapEntry BoolAssgnmnt="0" Value="1"/>
</AssgnmntListEntry>
<AssgnmntListEntry Length="1" RootTermCovItemId="C23">
<MapEntry BoolAssgnmnt="0" Value="1"/>
</AssgnmntListEntry>
<AssgnmntListEntry Length="1" RootTermCovItemId="C24">
<MapEntry BoolAssgnmnt="0" Value="1"/>
</AssgnmntListEntry>
<AssgnmntListEntry Length="1" RootTermCovItemId="C25">
<MapEntry BoolAssgnmnt="0" Value="1"/>
</AssgnmntListEntry>
<AssgnmntListEntry Length="1" RootTermCovItemId="C26">
<MapEntry BoolAssgnmnt="1" Value="1"/>
</AssgnmntListEntry>
</AssgnmntPrefix>
</AssgnmntList>
<ObjMetaDataList/>
<MetaDataList/>
</TestCase>
<TestCase Comment="" Date="1429877074829" Name="tests.TestAttacking:TestRemovePieceAttackingBomb">
<CovList>
<CovPrefix CovItemPrefix="game.AbstractPiece.java">
<Cov CovItemId="S1" Value="4"/>
<Cov CovItemId="S2" Value="4"/>
<Cov CovItemId="S3" Value="4"/>
<Cov CovItemId="S5" Value="2"/>
<Cov CovItemId="S6" Value="8"/>
<Cov CovItemId="S7" Value="6"/>
<Cov CovItemId="S9" Value="2"/>
</CovPrefix>
<CovPrefix CovItemPrefix="game.Bomb.java">
<Cov CovItemId="S1" Value="1"/>
<Cov CovItemId="S2" Value="1"/>
<Cov CovItemId="S3" Value="1"/>
<Cov CovItemId="S4" Value="1"/>
</CovPrefix>
<CovPrefix CovItemPrefix="game.ClearPiece.java">
<Cov CovItemId="S1" Value="2"/>
<Cov CovItemId="S2" Value="2"/>
</CovPrefix>
<CovPrefix CovItemPrefix="game.GameBoard.java">
<Cov CovItemId="B33" Value="1"/>
<Cov CovItemId="B36" Value="1"/>
<Cov CovItemId="S101" Value="1"/>
<Cov CovItemId="S102" Value="1"/>
<Cov CovItemId="S103" Value="1"/>
<Cov CovItemId="S120" Value="2"/>
<Cov CovItemId="S121" Value="2"/>
<Cov CovItemId="S122" Value="2"/>
<Cov CovItemId="S123" Value="2"/>
<Cov CovItemId="S124" Value="2"/>
<Cov CovItemId="S125" Value="2"/>
<Cov CovItemId="S126" Value="2"/>
<Cov CovItemId="S127" Value="2"/>
<Cov CovItemId="S128" Value="2"/>
<Cov CovItemId="S129" Value="2"/>
<Cov CovItemId="S130" Value="2"/>
<Cov CovItemId="S131" Value="2"/>
<Cov CovItemId="S132" Value="2"/>
<Cov CovItemId="S133" Value="2"/>
<Cov CovItemId="S134" Value="2"/>
<Cov CovItemId="S135" Value="2"/>
<Cov CovItemId="S96" Value="1"/>
<Cov CovItemId="S97" Value="1"/>
</CovPrefix>
<CovPrefix CovItemPrefix="game.Soldier.java">
<Cov CovItemId="S1" Value="1"/>
<Cov CovItemId="S2" Value="1"/>
<Cov CovItemId="S3" Value="1"/>
</CovPrefix>
</CovList>
<AssgnmntList>
<AssgnmntPrefix RootTermCovItemPrefix="game.GameBoard.java">
<AssgnmntListEntry Length="1" RootTermCovItemId="C21">
<MapEntry BoolAssgnmnt="1" Value="1"/>
</AssgnmntListEntry>
<AssgnmntListEntry Length="1" RootTermCovItemId="C22">
<MapEntry BoolAssgnmnt="0" Value="1"/>
</AssgnmntListEntry>
</AssgnmntPrefix>
</AssgnmntList>
<ObjMetaDataList/>
<MetaDataList/>
</TestCase>
<TestCase Comment="" Date="1429877074842" Name="tests.TestAttacking:TestAttackLowerRank">
<CovList>
<CovPrefix CovItemPrefix="game.AbstractPiece.java">
<Cov CovItemId="S1" Value="3"/>
<Cov CovItemId="S2" Value="3"/>
<Cov CovItemId="S3" Value="3"/>
<Cov CovItemId="S5" Value="1"/>
<Cov CovItemId="S6" Value="3"/>
<Cov CovItemId="S7" Value="2"/>
<Cov CovItemId="S8" Value="2"/>
<Cov CovItemId="S9" Value="2"/>
</CovPrefix>
<CovPrefix CovItemPrefix="game.ClearPiece.java">
<Cov CovItemId="S1" Value="1"/>
<Cov CovItemId="S2" Value="1"/>
</CovPrefix>
<CovPrefix CovItemPrefix="game.GameBoard.java">
<Cov CovItemId="B34" Value="1"/>
<Cov CovItemId="B38" Value="1"/>
<Cov CovItemId="B40" Value="1"/>
<Cov CovItemId="B41" Value="1"/>
<Cov CovItemId="S104" Value="1"/>
<Cov CovItemId="S108" Value="1"/>
<Cov CovItemId="S112" Value="1"/>
<Cov CovItemId="S113" Value="1"/>
<Cov CovItemId="S114" Value="1"/>
<Cov CovItemId="S120" Value="1"/>
<Cov CovItemId="S121" Value="1"/>
<Cov CovItemId="S122" Value="1"/>
<Cov CovItemId="S123" Value="1"/>
<Cov CovItemId="S124" Value="1"/>
<Cov CovItemId="S125" Value="1"/>
<Cov CovItemId="S126" Value="1"/>
<Cov CovItemId="S127" Value="1"/>
<Cov CovItemId="S128" Value="1"/>
<Cov CovItemId="S129" Value="1"/>
<Cov CovItemId="S130" Value="1"/>
<Cov CovItemId="S131" Value="1"/>
<Cov CovItemId="S132" Value="1"/>
<Cov CovItemId="S133" Value="1"/>
<Cov CovItemId="S134" Value="1"/>
<Cov CovItemId="S135" Value="1"/>
<Cov CovItemId="S96" Value="1"/>
</CovPrefix>
<CovPrefix CovItemPrefix="game.Soldier.java">
<Cov CovItemId="S1" Value="2"/>
<Cov CovItemId="S2" Value="2"/>
<Cov CovItemId="S3" Value="2"/>
</CovPrefix>
</CovList>
<AssgnmntList>
<AssgnmntPrefix RootTermCovItemPrefix="game.GameBoard.java">
<AssgnmntListEntry Length="1" RootTermCovItemId="C21">
<MapEntry BoolAssgnmnt="0" Value="1"/>
</AssgnmntListEntry>
<AssgnmntListEntry Length="1" RootTermCovItemId="C23">
<MapEntry BoolAssgnmnt="0" Value="1"/>
</AssgnmntListEntry>
<AssgnmntListEntry Length="1" RootTermCovItemId="C24">
<MapEntry BoolAssgnmnt="0" Value="1"/>
</AssgnmntListEntry>
<AssgnmntListEntry Length="1" RootTermCovItemId="C25">
<MapEntry BoolAssgnmnt="1" Value="1"/>
</AssgnmntListEntry>
</AssgnmntPrefix>
</AssgnmntList>
<ObjMetaDataList/>
<MetaDataList/>
</TestCase>
<TestCase Comment="" Date="1429877074854" Name="tests.TestAttacking:TestRemovePieceAfterLosing">
<CovList>
<CovPrefix CovItemPrefix="game.AbstractPiece.java">
<Cov CovItemId="S1" Value="3"/>
<Cov CovItemId="S2" Value="3"/>
<Cov CovItemId="S3" Value="3"/>
<Cov CovItemId="S5" Value="1"/>
<Cov CovItemId="S6" Value="5"/>
<Cov CovItemId="S7" Value="4"/>
<Cov CovItemId="S8" Value="2"/>
<Cov CovItemId="S9" Value="2"/>
</CovPrefix>
<CovPrefix CovItemPrefix="game.ClearPiece.java">
<Cov CovItemId="S1" Value="1"/>
<Cov CovItemId="S2" Value="1"/>
</CovPrefix>
<CovPrefix CovItemPrefix="game.GameBoard.java">
<Cov CovItemId="B34" Value="1"/>
<Cov CovItemId="B38" Value="1"/>
<Cov CovItemId="B40" Value="1"/>
<Cov CovItemId="B41" Value="1"/>
<Cov CovItemId="S104" Value="1"/>
<Cov CovItemId="S108" Value="1"/>
<Cov CovItemId="S112" Value="1"/>
<Cov CovItemId="S113" Value="1"/>
<Cov CovItemId="S114" Value="1"/>
<Cov CovItemId="S120" Value="1"/>
<Cov CovItemId="S121" Value="1"/>
<Cov CovItemId="S122" Value="1"/>
<Cov CovItemId="S123" Value="1"/>
<Cov CovItemId="S124" Value="1"/>
<Cov CovItemId="S125" Value="1"/>
<Cov CovItemId="S126" Value="1"/>
<Cov CovItemId="S127" Value="1"/>
<Cov CovItemId="S128" Value="1"/>
<Cov CovItemId="S129" Value="1"/>
<Cov CovItemId="S130" Value="1"/>
<Cov CovItemId="S131" Value="1"/>
<Cov CovItemId="S132" Value="1"/>
<Cov CovItemId="S133" Value="1"/>
<Cov CovItemId="S134" Value="1"/>
<Cov CovItemId="S135" Value="1"/>
<Cov CovItemId="S96" Value="1"/>
</CovPrefix>
<CovPrefix CovItemPrefix="game.Soldier.java">
<Cov CovItemId="S1" Value="2"/>
<Cov CovItemId="S2" Value="2"/>
<Cov CovItemId="S3" Value="2"/>
</CovPrefix>
</CovList>
<AssgnmntList>
<AssgnmntPrefix RootTermCovItemPrefix="game.GameBoard.java">
<AssgnmntListEntry Length="1" RootTermCovItemId="C21">
<MapEntry BoolAssgnmnt="0" Value="1"/>
</AssgnmntListEntry>
<AssgnmntListEntry Length="1" RootTermCovItemId="C23">
<MapEntry BoolAssgnmnt="0" Value="1"/>
</AssgnmntListEntry>
<AssgnmntListEntry Length="1" RootTermCovItemId="C24">
<MapEntry BoolAssgnmnt="0" Value="1"/>
</AssgnmntListEntry>
<AssgnmntListEntry Length="1" RootTermCovItemId="C25">
<MapEntry BoolAssgnmnt="1" Value="1"/>
</AssgnmntListEntry>
</AssgnmntPrefix>
</AssgnmntList>
<ObjMetaDataList/>
<MetaDataList/>
</TestCase>
<TestCase Comment="" Date="1429877074866" Name="tests.TestAttacking:TestMinorDefuseEnemyBomb">
<CovList>
<CovPrefix CovItemPrefix="game.AbstractPiece.java">
<Cov CovItemId="S1" Value="3"/>
<Cov CovItemId="S2" Value="3"/>
<Cov CovItemId="S3" Value="3"/>
<Cov CovItemId="S5" Value="1"/>
<Cov CovItemId="S6" Value="7"/>
<Cov CovItemId="S7" Value="6"/>
<Cov CovItemId="S8" Value="2"/>
<Cov CovItemId="S9" Value="2"/>
</CovPrefix>
<CovPrefix CovItemPrefix="game.Bomb.java">
<Cov CovItemId="S1" Value="1"/>
<Cov CovItemId="S2" Value="1"/>
<Cov CovItemId="S3" Value="1"/>
<Cov CovItemId="S4" Value="1"/>
</CovPrefix>
<CovPrefix CovItemPrefix="game.ClearPiece.java">
<Cov CovItemId="S1" Value="1"/>
<Cov CovItemId="S2" Value="1"/>
</CovPrefix>
<CovPrefix CovItemPrefix="game.GameBoard.java">
<Cov CovItemId="B33" Value="1"/>
<Cov CovItemId="B35" Value="1"/>
<Cov CovItemId="S100" Value="1"/>
<Cov CovItemId="S120" Value="1"/>
<Cov CovItemId="S121" Value="1"/>
<Cov CovItemId="S122" Value="1"/>
<Cov CovItemId="S123" Value="1"/>
<Cov CovItemId="S124" Value="1"/>
<Cov CovItemId="S125" Value="1"/>
<Cov CovItemId="S126" Value="1"/>
<Cov CovItemId="S127" Value="1"/>
<Cov CovItemId="S128" Value="1"/>
<Cov CovItemId="S129" Value="1"/>
<Cov CovItemId="S130" Value="1"/>
<Cov CovItemId="S131" Value="1"/>
<Cov CovItemId="S132" Value="1"/>
<Cov CovItemId="S133" Value="1"/>
<Cov CovItemId="S134" Value="1"/>
<Cov CovItemId="S135" Value="1"/>
<Cov CovItemId="S78" Value="1"/>
<Cov CovItemId="S79" Value="1"/>
<Cov CovItemId="S80" Value="1"/>
<Cov CovItemId="S81" Value="1"/>
<Cov CovItemId="S82" Value="1"/>
<Cov CovItemId="S83" Value="1"/>
<Cov CovItemId="S84" Value="1"/>
<Cov CovItemId="S85" Value="1"/>
<Cov CovItemId="S86" Value="1"/>
<Cov CovItemId="S87" Value="1"/>
<Cov CovItemId="S88" Value="1"/>
<Cov CovItemId="S89" Value="1"/>
<Cov CovItemId="S90" Value="1"/>
<Cov CovItemId="S91" Value="1"/>
<Cov CovItemId="S92" Value="1"/>
<Cov CovItemId="S93" Value="1"/>
<Cov CovItemId="S94" Value="1"/>
<Cov CovItemId="S95" Value="1"/>
<Cov CovItemId="S96" Value="1"/>
<Cov CovItemId="S97" Value="1"/>
<Cov CovItemId="S98" Value="1"/>
<Cov CovItemId="S99" Value="1"/>
</CovPrefix>
<CovPrefix CovItemPrefix="game.Soldier.java">
<Cov CovItemId="S1" Value="1"/>
<Cov CovItemId="S2" Value="1"/>
<Cov CovItemId="S3" Value="1"/>
</CovPrefix>
</CovList>
<AssgnmntList>
<AssgnmntPrefix RootTermCovItemPrefix="game.GameBoard.java">
<AssgnmntListEntry Length="1" RootTermCovItemId="C21">
<MapEntry BoolAssgnmnt="1" Value="1"/>
</AssgnmntListEntry>
<AssgnmntListEntry Length="1" RootTermCovItemId="C22">
<MapEntry BoolAssgnmnt="1" Value="1"/>
</AssgnmntListEntry>
</AssgnmntPrefix>
</AssgnmntList>
<ObjMetaDataList/>
<MetaDataList/>
</TestCase>
<TestCase Comment="" Date="1429877074878" Name="tests.TestAttacking:TestAttackFlag">
<CovList>
<CovPrefix CovItemPrefix="game.AbstractPiece.java">
<Cov CovItemId="S1" Value="3"/>
<Cov CovItemId="S2" Value="3"/>
<Cov CovItemId="S3" Value="3"/>
<Cov CovItemId="S5" Value="1"/>
<Cov CovItemId="S6" Value="7"/>
<Cov CovItemId="S7" Value="6"/>
<Cov CovItemId="S8" Value="2"/>
<Cov CovItemId="S9" Value="2"/>
</CovPrefix>
<CovPrefix CovItemPrefix="game.ClearPiece.java">
<Cov CovItemId="S1" Value="1"/>
<Cov CovItemId="S2" Value="1"/>
</CovPrefix>
<CovPrefix CovItemPrefix="game.Flag.java">
<Cov CovItemId="S1" Value="1"/>
<Cov CovItemId="S2" Value="1"/>
<Cov CovItemId="S3" Value="1"/>
</CovPrefix>
<CovPrefix CovItemPrefix="game.GameBoard.java">
<Cov CovItemId="B34" Value="1"/>
<Cov CovItemId="B37" Value="1"/>
<Cov CovItemId="S104" Value="1"/>
<Cov CovItemId="S105" Value="1"/>
<Cov CovItemId="S106" Value="1"/>
<Cov CovItemId="S107" Value="1"/>
<Cov CovItemId="S120" Value="1"/>
<Cov CovItemId="S121" Value="1"/>
<Cov CovItemId="S122" Value="1"/>
<Cov CovItemId="S123" Value="1"/>
<Cov CovItemId="S124" Value="1"/>
<Cov CovItemId="S125" Value="1"/>
<Cov CovItemId="S126" Value="1"/>
<Cov CovItemId="S127" Value="1"/>
<Cov CovItemId="S128" Value="1"/>
<Cov CovItemId="S129" Value="1"/>
<Cov CovItemId="S130" Value="1"/>
<Cov CovItemId="S131" Value="1"/>
<Cov CovItemId="S132" Value="1"/>
<Cov CovItemId="S133" Value="1"/>
<Cov CovItemId="S134" Value="1"/>
<Cov CovItemId="S135" Value="1"/>
<Cov CovItemId="S78" Value="1"/>
<Cov CovItemId="S79" Value="1"/>
<Cov CovItemId="S80" Value="1"/>
<Cov CovItemId="S81" Value="1"/>
<Cov CovItemId="S82" Value="1"/>
<Cov CovItemId="S83" Value="1"/>
<Cov CovItemId="S84" Value="1"/>
<Cov CovItemId="S85" Value="1"/>
<Cov CovItemId="S86" Value="1"/>
<Cov CovItemId="S87" Value="1"/>
<Cov CovItemId="S88" Value="1"/>
<Cov CovItemId="S89" Value="1"/>
<Cov CovItemId="S90" Value="1"/>
<Cov CovItemId="S91" Value="1"/>
<Cov CovItemId="S92" Value="1"/>
<Cov CovItemId="S93" Value="1"/>
<Cov CovItemId="S94" Value="1"/>
<Cov CovItemId="S95" Value="1"/>
<Cov CovItemId="S96" Value="1"/>
</CovPrefix>
<CovPrefix CovItemPrefix="game.Soldier.java">
<Cov CovItemId="S1" Value="1"/>
<Cov CovItemId="S2" Value="1"/>
<Cov CovItemId="S3" Value="1"/>
</CovPrefix>
</CovList>
<AssgnmntList>
<AssgnmntPrefix RootTermCovItemPrefix="game.GameBoard.java">
<AssgnmntListEntry Length="1" RootTermCovItemId="C21">
<MapEntry BoolAssgnmnt="0" Value="1"/>
</AssgnmntListEntry>
<AssgnmntListEntry Length="1" RootTermCovItemId="C23">
<MapEntry BoolAssgnmnt="1" Value="1"/>
</AssgnmntListEntry>
</AssgnmntPrefix>
</AssgnmntList>
<ObjMetaDataList/>
<MetaDataList/>
</TestCase>
<TestCase Comment="" Date="1429877074889" Name="tests.TestAttacking:TestAttackHigherRank">
<CovList>
<CovPrefix CovItemPrefix="game.AbstractPiece.java">
<Cov CovItemId="S1" Value="3"/>
<Cov CovItemId="S2" Value="3"/>
<Cov CovItemId="S3" Value="3"/>
<Cov CovItemId="S5" Value="1"/>
<Cov CovItemId="S6" Value="5"/>
<Cov CovItemId="S7" Value="4"/>
<Cov CovItemId="S8" Value="2"/>
<Cov CovItemId="S9" Value="2"/>
</CovPrefix>
<CovPrefix CovItemPrefix="game.ClearPiece.java">
<Cov CovItemId="S1" Value="1"/>
<Cov CovItemId="S2" Value="1"/>
</CovPrefix>
<CovPrefix CovItemPrefix="game.GameBoard.java">
<Cov CovItemId="B34" Value="1"/>
<Cov CovItemId="B38" Value="1"/>
<Cov CovItemId="B39" Value="1"/>
<Cov CovItemId="S104" Value="1"/>
<Cov CovItemId="S108" Value="1"/>
<Cov CovItemId="S109" Value="1"/>
<Cov CovItemId="S110" Value="1"/>
<Cov CovItemId="S111" Value="1"/>
<Cov CovItemId="S120" Value="1"/>
<Cov CovItemId="S121" Value="1"/>
<Cov CovItemId="S122" Value="1"/>
<Cov CovItemId="S123" Value="1"/>
<Cov CovItemId="S124" Value="1"/>
<Cov CovItemId="S125" Value="1"/>
<Cov CovItemId="S126" Value="1"/>
<Cov CovItemId="S127" Value="1"/>
<Cov CovItemId="S128" Value="1"/>
<Cov CovItemId="S129" Value="1"/>
<Cov CovItemId="S130" Value="1"/>
<Cov CovItemId="S131" Value="1"/>
<Cov CovItemId="S132" Value="1"/>
<Cov CovItemId="S133" Value="1"/>
<Cov CovItemId="S134" Value="1"/>
<Cov CovItemId="S135" Value="1"/>
<Cov CovItemId="S78" Value="1"/>
<Cov CovItemId="S79" Value="1"/>
<Cov CovItemId="S80" Value="1"/>
<Cov CovItemId="S81" Value="1"/>
<Cov CovItemId="S82" Value="1"/>
<Cov CovItemId="S83" Value="1"/>
<Cov CovItemId="S84" Value="1"/>
<Cov CovItemId="S85" Value="1"/>
<Cov CovItemId="S86" Value="1"/>
<Cov CovItemId="S87" Value="1"/>
<Cov CovItemId="S88" Value="1"/>
<Cov CovItemId="S89" Value="1"/>
<Cov CovItemId="S90" Value="1"/>
<Cov CovItemId="S91" Value="1"/>
<Cov CovItemId="S92" Value="1"/>
<Cov CovItemId="S93" Value="1"/>
<Cov CovItemId="S94" Value="1"/>
<Cov CovItemId="S95" Value="1"/>
<Cov CovItemId="S96" Value="1"/>
</CovPrefix>
<CovPrefix CovItemPrefix="game.Soldier.java">
<Cov CovItemId="S1" Value="2"/>
<Cov CovItemId="S2" Value="2"/>
<Cov CovItemId="S3" Value="2"/>
</CovPrefix>
</CovList>
<AssgnmntList>
<AssgnmntPrefix RootTermCovItemPrefix="game.GameBoard.java">
<AssgnmntListEntry Length="1" RootTermCovItemId="C21">
<MapEntry BoolAssgnmnt="0" Value="1"/>
</AssgnmntListEntry>
<AssgnmntListEntry Length="1" RootTermCovItemId="C23">
<MapEntry BoolAssgnmnt="0" Value="1"/>
</AssgnmntListEntry>
<AssgnmntListEntry Length="1" RootTermCovItemId="C24">
<MapEntry BoolAssgnmnt="1" Value="1"/>
</AssgnmntListEntry>
</AssgnmntPrefix>
</AssgnmntList>
<ObjMetaDataList/>
<MetaDataList/>
</TestCase>
<TestCase Comment="" Date="1429877074891" Name="tests.TestPieceFactory:testCreateMajor">
<CovList>
<CovPrefix CovItemPrefix="game.AbstractPiece.java">
<Cov CovItemId="S1" Value="1"/>
<Cov CovItemId="S10" Value="1"/>
<Cov CovItemId="S11" Value="1"/>
<Cov CovItemId="S12" Value="1"/>
<Cov CovItemId="S13" Value="1"/>
<Cov CovItemId="S2" Value="1"/>
<Cov CovItemId="S3" Value="1"/>
</CovPrefix>
<CovPrefix CovItemPrefix="game.PieceFactory.java">
<Cov CovItemId="S20" Value="1"/>
<Cov CovItemId="S21" Value="1"/>
<Cov CovItemId="S22" Value="1"/>
</CovPrefix>
<CovPrefix CovItemPrefix="game.Soldier.java">
<Cov CovItemId="S1" Value="1"/>
<Cov CovItemId="S2" Value="1"/>
<Cov CovItemId="S3" Value="1"/>
</CovPrefix>
</CovList>
<AssgnmntList/>
<ObjMetaDataList/>
<MetaDataList/>
</TestCase>
<TestCase Comment="" Date="1429877074892" Name="tests.TestPieceFactory:testCreateMiner">
<CovList>
<CovPrefix CovItemPrefix="game.AbstractPiece.java">
<Cov CovItemId="S1" Value="1"/>
<Cov CovItemId="S10" Value="1"/>
<Cov CovItemId="S11" Value="1"/>
<Cov CovItemId="S12" Value="1"/>
<Cov CovItemId="S13" Value="1"/>
<Cov CovItemId="S2" Value="1"/>
<Cov CovItemId="S3" Value="1"/>
</CovPrefix>
<CovPrefix CovItemPrefix="game.PieceFactory.java">
<Cov CovItemId="S32" Value="1"/>
<Cov CovItemId="S33" Value="1"/>
<Cov CovItemId="S34" Value="1"/>
</CovPrefix>
<CovPrefix CovItemPrefix="game.Soldier.java">
<Cov CovItemId="S1" Value="1"/>
<Cov CovItemId="S2" Value="1"/>
<Cov CovItemId="S3" Value="1"/>
</CovPrefix>
</CovList>
<AssgnmntList/>
<ObjMetaDataList/>
<MetaDataList/>
</TestCase>
<TestCase Comment="" Date="1429877074894" Name="tests.TestPieceFactory:testCreateScout">
<CovList>
<CovPrefix CovItemPrefix="game.AbstractPiece.java">
<Cov CovItemId="S1" Value="1"/>
<Cov CovItemId="S10" Value="1"/>
<Cov CovItemId="S11" Value="1"/>
<Cov CovItemId="S12" Value="1"/>
<Cov CovItemId="S13" Value="1"/>
<Cov CovItemId="S2" Value="1"/>
<Cov CovItemId="S3" Value="1"/>
</CovPrefix>
<CovPrefix CovItemPrefix="game.PieceFactory.java">
<Cov CovItemId="S35" Value="1"/>
<Cov CovItemId="S36" Value="1"/>
<Cov CovItemId="S37" Value="1"/>
</CovPrefix>
<CovPrefix CovItemPrefix="game.Soldier.java">
<Cov CovItemId="S1" Value="1"/>
<Cov CovItemId="S2" Value="1"/>
<Cov CovItemId="S3" Value="1"/>
</CovPrefix>
</CovList>
<AssgnmntList/>
<ObjMetaDataList/>
<MetaDataList/>
</TestCase>
<TestCase Comment="" Date="1429877074895" Name="tests.TestPieceFactory:testCreateGeneral">
<CovList>
<CovPrefix CovItemPrefix="game.AbstractPiece.java">
<Cov CovItemId="S1" Value="1"/>
<Cov CovItemId="S10" Value="1"/>
<Cov CovItemId="S11" Value="1"/>
<Cov CovItemId="S12" Value="1"/>
<Cov CovItemId="S13" Value="1"/>
<Cov CovItemId="S2" Value="1"/>
<Cov CovItemId="S3" Value="1"/>
</CovPrefix>
<CovPrefix CovItemPrefix="game.PieceFactory.java">
<Cov CovItemId="S14" Value="1"/>
<Cov CovItemId="S15" Value="1"/>
<Cov CovItemId="S16" Value="1"/>
</CovPrefix>
<CovPrefix CovItemPrefix="game.Soldier.java">
<Cov CovItemId="S1" Value="1"/>
<Cov CovItemId="S2" Value="1"/>
<Cov CovItemId="S3" Value="1"/>
</CovPrefix>
</CovList>
<AssgnmntList/>
<ObjMetaDataList/>
<MetaDataList/>
</TestCase>
<TestCase Comment="" Date="1429877074896" Name="tests.TestPieceFactory:testCreateMarshall">
<CovList>
<CovPrefix CovItemPrefix="game.AbstractPiece.java">
<Cov CovItemId="S1" Value="1"/>
<Cov CovItemId="S10" Value="1"/>
<Cov CovItemId="S11" Value="1"/>
<Cov CovItemId="S12" Value="1"/>
<Cov CovItemId="S13" Value="1"/>
<Cov CovItemId="S2" Value="1"/>
<Cov CovItemId="S3" Value="1"/>
</CovPrefix>
<CovPrefix CovItemPrefix="game.PieceFactory.java">
<Cov CovItemId="S11" Value="1"/>
<Cov CovItemId="S12" Value="1"/>
<Cov CovItemId="S13" Value="1"/>
</CovPrefix>
<CovPrefix CovItemPrefix="game.Soldier.java">
<Cov CovItemId="S1" Value="1"/>
<Cov CovItemId="S2" Value="1"/>
<Cov CovItemId="S3" Value="1"/>
</CovPrefix>
</CovList>
<AssgnmntList/>
<ObjMetaDataList/>
<MetaDataList/>
</TestCase>
<TestCase Comment="" Date="1429877074897" Name="tests.TestPieceFactory:testCreateClearPiece">
<CovList>
<CovPrefix CovItemPrefix="game.AbstractPiece.java">
<Cov CovItemId="S1" Value="1"/>
<Cov CovItemId="S12" Value="1"/>
<Cov CovItemId="S13" Value="1"/>
<Cov CovItemId="S2" Value="1"/>
<Cov CovItemId="S3" Value="1"/>
</CovPrefix>
<CovPrefix CovItemPrefix="game.ClearPiece.java">
<Cov CovItemId="S1" Value="1"/>
<Cov CovItemId="S2" Value="1"/>
</CovPrefix>
<CovPrefix CovItemPrefix="game.PieceFactory.java">
<Cov CovItemId="S4" Value="1"/>
</CovPrefix>
</CovList>
<AssgnmntList/>
<ObjMetaDataList/>
<MetaDataList/>
</TestCase>
<TestCase Comment="" Date="1429877074898" Name="tests.TestPieceFactory:testCreateLieutenant">
<CovList>
<CovPrefix CovItemPrefix="game.AbstractPiece.java">
<Cov CovItemId="S1" Value="1"/>
<Cov CovItemId="S10" Value="1"/>
<Cov CovItemId="S11" Value="1"/>
<Cov CovItemId="S12" Value="1"/>
<Cov CovItemId="S13" Value="1"/>
<Cov CovItemId="S2" Value="1"/>
<Cov CovItemId="S3" Value="1"/>
</CovPrefix>
<CovPrefix CovItemPrefix="game.PieceFactory.java">
<Cov CovItemId="S26" Value="1"/>
<Cov CovItemId="S27" Value="1"/>
<Cov CovItemId="S28" Value="1"/>
</CovPrefix>
<CovPrefix CovItemPrefix="game.Soldier.java">
<Cov CovItemId="S1" Value="1"/>
<Cov CovItemId="S2" Value="1"/>
<Cov CovItemId="S3" Value="1"/>
</CovPrefix>
</CovList>
<AssgnmntList/>
<ObjMetaDataList/>
<MetaDataList/>
</TestCase>
<TestCase Comment="" Date="1429877074899" Name="tests.TestPieceFactory:testCreateCaptain">
<CovList>
<CovPrefix CovItemPrefix="game.AbstractPiece.java">
<Cov CovItemId="S1" Value="1"/>
<Cov CovItemId="S10" Value="1"/>
<Cov CovItemId="S11" Value="1"/>
<Cov CovItemId="S12" Value="1"/>
<Cov CovItemId="S13" Value="1"/>
<Cov CovItemId="S2" Value="1"/>
<Cov CovItemId="S3" Value="1"/>
</CovPrefix>
<CovPrefix CovItemPrefix="game.PieceFactory.java">
<Cov CovItemId="S23" Value="1"/>
<Cov CovItemId="S24" Value="1"/>
<Cov CovItemId="S25" Value="1"/>
</CovPrefix>
<CovPrefix CovItemPrefix="game.Soldier.java">
<Cov CovItemId="S1" Value="1"/>
<Cov CovItemId="S2" Value="1"/>
<Cov CovItemId="S3" Value="1"/>
</CovPrefix>
</CovList>
<AssgnmntList/>
<ObjMetaDataList/>
<MetaDataList/>
</TestCase>
<TestCase Comment="" Date="1429877074900" Name="tests.TestPieceFactory:testCreateBomb">
<CovList>
<CovPrefix CovItemPrefix="game.AbstractPiece.java">
<Cov CovItemId="S1" Value="1"/>
<Cov CovItemId="S10" Value="1"/>
<Cov CovItemId="S11" Value="1"/>
<Cov CovItemId="S12" Value="1"/>
<Cov CovItemId="S2" Value="1"/>
<Cov CovItemId="S3" Value="1"/>
</CovPrefix>
<CovPrefix CovItemPrefix="game.Bomb.java">
<Cov CovItemId="S1" Value="1"/>
<Cov CovItemId="S2" Value="1"/>
<Cov CovItemId="S3" Value="1"/>
<Cov CovItemId="S4" Value="1"/>
</CovPrefix>
<CovPrefix CovItemPrefix="game.PieceFactory.java">
<Cov CovItemId="S1" Value="1"/>
<Cov CovItemId="S2" Value="1"/>
<Cov CovItemId="S3" Value="1"/>
</CovPrefix>
</CovList>
<AssgnmntList/>
<ObjMetaDataList/>
<MetaDataList/>
</TestCase>
<TestCase Comment="" Date="1429877074901" Name="tests.TestPieceFactory:testCreateFlag">
<CovList>
<CovPrefix CovItemPrefix="game.AbstractPiece.java">
<Cov CovItemId="S1" Value="1"/>
<Cov CovItemId="S10" Value="1"/>
<Cov CovItemId="S11" Value="1"/>
<Cov CovItemId="S12" Value="1"/>
<Cov CovItemId="S2" Value="1"/>
<Cov CovItemId="S3" Value="1"/>
</CovPrefix>
<CovPrefix CovItemPrefix="game.Flag.java">
<Cov CovItemId="S1" Value="1"/>
<Cov CovItemId="S2" Value="1"/>
<Cov CovItemId="S3" Value="1"/>
</CovPrefix>
<CovPrefix CovItemPrefix="game.PieceFactory.java">
<Cov CovItemId="S5" Value="1"/>
<Cov CovItemId="S6" Value="1"/>
<Cov CovItemId="S7" Value="1"/>
</CovPrefix>
</CovList>
<AssgnmntList/>
<ObjMetaDataList/>
<MetaDataList/>
</TestCase>
<TestCase Comment="" Date="1429877074902" Name="tests.TestPieceFactory:testCreateColonel">
<CovList>
<CovPrefix CovItemPrefix="game.AbstractPiece.java">
<Cov CovItemId="S1" Value="1"/>
<Cov CovItemId="S10" Value="1"/>
<Cov CovItemId="S11" Value="1"/>
<Cov CovItemId="S12" Value="1"/>
<Cov CovItemId="S13" Value="1"/>
<Cov CovItemId="S2" Value="1"/>
<Cov CovItemId="S3" Value="1"/>
</CovPrefix>
<CovPrefix CovItemPrefix="game.PieceFactory.java">
<Cov CovItemId="S17" Value="1"/>
<Cov CovItemId="S18" Value="1"/>
<Cov CovItemId="S19" Value="1"/>
</CovPrefix>
<CovPrefix CovItemPrefix="game.Soldier.java">
<Cov CovItemId="S1" Value="1"/>
<Cov CovItemId="S2" Value="1"/>
<Cov CovItemId="S3" Value="1"/>
</CovPrefix>
</CovList>
<AssgnmntList/>
<ObjMetaDataList/>
<MetaDataList/>
</TestCase>
<TestCase Comment="" Date="1429877074903" Name="tests.TestPieceFactory:testCreateSergeant">
<CovList>
<CovPrefix CovItemPrefix="game.AbstractPiece.java">
<Cov CovItemId="S1" Value="1"/>
<Cov CovItemId="S10" Value="1"/>
<Cov CovItemId="S11" Value="1"/>
<Cov CovItemId="S12" Value="1"/>
<Cov CovItemId="S13" Value="1"/>
<Cov CovItemId="S2" Value="1"/>
<Cov CovItemId="S3" Value="1"/>
</CovPrefix>
<CovPrefix CovItemPrefix="game.PieceFactory.java">
<Cov CovItemId="S29" Value="1"/>
<Cov CovItemId="S30" Value="1"/>
<Cov CovItemId="S31" Value="1"/>
</CovPrefix>
<CovPrefix CovItemPrefix="game.Soldier.java">
<Cov CovItemId="S1" Value="1"/>
<Cov CovItemId="S2" Value="1"/>
<Cov CovItemId="S3" Value="1"/>
</CovPrefix>
</CovList>
<AssgnmntList/>
<ObjMetaDataList/>
<MetaDataList/>
</TestCase>
<TestCase Comment="" Date="1429877074904" Name="tests.TestPieceFactory:testCreateSpy">
<CovList>
<CovPrefix CovItemPrefix="game.AbstractPiece.java">
<Cov CovItemId="S1" Value="1"/>
<Cov CovItemId="S10" Value="1"/>
<Cov CovItemId="S11" Value="1"/>
<Cov CovItemId="S12" Value="1"/>
<Cov CovItemId="S13" Value="1"/>
<Cov CovItemId="S2" Value="1"/>
<Cov CovItemId="S3" Value="1"/>
</CovPrefix>
<CovPrefix CovItemPrefix="game.PieceFactory.java">
<Cov CovItemId="S10" Value="1"/>
<Cov CovItemId="S8" Value="1"/>
<Cov CovItemId="S9" Value="1"/>
</CovPrefix>
<CovPrefix CovItemPrefix="game.Soldier.java">
<Cov CovItemId="S1" Value="1"/>
<Cov CovItemId="S2" Value="1"/>
<Cov CovItemId="S3" Value="1"/>
</CovPrefix>
</CovList>
<AssgnmntList/>
<ObjMetaDataList/>
<MetaDataList/>
</TestCase>
<TestCase Comment="" Date="1429877074905" Name="tests.TestPiece:testLocation">
<CovList>
<CovPrefix CovItemPrefix="game.AbstractPiece.java">
<Cov CovItemId="S5" Value="1"/>
<Cov CovItemId="S6" Value="1"/>
<Cov CovItemId="S7" Value="1"/>
</CovPrefix>
</CovList>
<AssgnmntList/>
<ObjMetaDataList/>
<MetaDataList/>
</TestCase>
<TestCase Comment="" Date="1429877074906" Name="tests.TestPiece:testSetSelectedTrue">
<CovList>
<CovPrefix CovItemPrefix="game.AbstractPiece.java">
<Cov CovItemId="S4" Value="1"/>
<Cov CovItemId="S5" Value="1"/>
</CovPrefix>
<CovPrefix CovItemPrefix="game.Soldier.java">
<Cov CovItemId="B1" Value="1"/>
<Cov CovItemId="S4" Value="1"/>
<Cov CovItemId="S5" Value="1"/>
<Cov CovItemId="S7" Value="1"/>
</CovPrefix>
</CovList>
<AssgnmntList>
<AssgnmntPrefix RootTermCovItemPrefix="game.Soldier.java">
<AssgnmntListEntry Length="1" RootTermCovItemId="C1">
<MapEntry BoolAssgnmnt="1" Value="1"/>
</AssgnmntListEntry>
</AssgnmntPrefix>
</AssgnmntList>
<ObjMetaDataList/>
<MetaDataList/>
</TestCase>
<TestCase Comment="" Date="1429877074907" Name="tests.TestPiece:testUserForPiece">
<CovList>
<CovPrefix CovItemPrefix="game.AbstractPiece.java">
<Cov CovItemId="S5" Value="1"/>
<Cov CovItemId="S8" Value="1"/>
<Cov CovItemId="S9" Value="1"/>
</CovPrefix>
</CovList>
<AssgnmntList/>
<ObjMetaDataList/>
<MetaDataList/>
</TestCase>
<TestCase Comment="" Date="1429877074908" Name="tests.TestPiece:testSetSelectedFalse">
<CovList>
<CovPrefix CovItemPrefix="game.AbstractPiece.java">
<Cov CovItemId="S4" Value="1"/>
<Cov CovItemId="S5" Value="1"/>
</CovPrefix>
<CovPrefix CovItemPrefix="game.Soldier.java">
<Cov CovItemId="B2" Value="1"/>
<Cov CovItemId="S4" Value="1"/>
<Cov CovItemId="S6" Value="1"/>
<Cov CovItemId="S7" Value="1"/>
</CovPrefix>
</CovList>
<AssgnmntList>
<AssgnmntPrefix RootTermCovItemPrefix="game.Soldier.java">
<AssgnmntListEntry Length="1" RootTermCovItemId="C1">
<MapEntry BoolAssgnmnt="0" Value="1"/>
</AssgnmntListEntry>
</AssgnmntPrefix>
</AssgnmntList>
<ObjMetaDataList/>
<MetaDataList/>
</TestCase>
<TestCase Comment="" Date="1429877074909" Name="tests.TestGameBoard:testSelectedButtonPressedClearPiecePressed">
<CovList>
<CovPrefix CovItemPrefix="game.AbstractPiece.java">
<Cov CovItemId="S1" Value="101"/>
<Cov CovItemId="S10" Value="1"/>
<Cov CovItemId="S11" Value="1"/>
<Cov CovItemId="S2" Value="101"/>
<Cov CovItemId="S3" Value="101"/>
<Cov CovItemId="S4" Value="1"/>
<Cov CovItemId="S5" Value="101"/>
<Cov CovItemId="S6" Value="103"/>
<Cov CovItemId="S7" Value="4"/>
<Cov CovItemId="S8" Value="1"/>
</CovPrefix>
<CovPrefix CovItemPrefix="game.ClearPiece.java">
<Cov CovItemId="B4" Value="99"/>
<Cov CovItemId="S1" Value="100"/>
<Cov CovItemId="S2" Value="100"/>
<Cov CovItemId="S5" Value="99"/>
<Cov CovItemId="S7" Value="99"/>
<Cov CovItemId="S8" Value="99"/>
</CovPrefix>
<CovPrefix CovItemPrefix="game.GameBoard.java">
<Cov CovItemId="B12" Value="1"/>
<Cov CovItemId="B14" Value="1"/>
<Cov CovItemId="B9" Value="1"/>
<Cov CovItemId="L5-2" Value="1"/>
<Cov CovItemId="L6-2" Value="10"/>
<Cov CovItemId="S2" Value="1"/>
<Cov CovItemId="S3" Value="1"/>
<Cov CovItemId="S31" Value="101"/>
<Cov CovItemId="S32" Value="101"/>
<Cov CovItemId="S33" Value="101"/>
<Cov CovItemId="S34" Value="101"/>
<Cov CovItemId="S35" Value="101"/>
<Cov CovItemId="S36" Value="101"/>
<Cov CovItemId="S37" Value="101"/>
<Cov CovItemId="S38" Value="101"/>
<Cov CovItemId="S39" Value="101"/>
<Cov CovItemId="S4" Value="1"/>
<Cov CovItemId="S40" Value="101"/>
<Cov CovItemId="S41" Value="1"/>
<Cov CovItemId="S42" Value="1"/>
<Cov CovItemId="S44" Value="1"/>
<Cov CovItemId="S46" Value="1"/>
<Cov CovItemId="S47" Value="1"/>
<Cov CovItemId="S48" Value="10"/>
<Cov CovItemId="S49" Value="100"/>
<Cov CovItemId="S5" Value="1"/>
<Cov CovItemId="S50" Value="1"/>
<Cov CovItemId="S51" Value="1"/>
<Cov CovItemId="S6" Value="1"/>
<Cov CovItemId="S7" Value="1"/>
<Cov CovItemId="S78" Value="1"/>
<Cov CovItemId="S79" Value="1"/>
<Cov CovItemId="S80" Value="1"/>
<Cov CovItemId="S81" Value="1"/>
<Cov CovItemId="S82" Value="1"/>
<Cov CovItemId="S83" Value="1"/>
<Cov CovItemId="S84" Value="1"/>
<Cov CovItemId="S85" Value="1"/>
<Cov CovItemId="S86" Value="1"/>
<Cov CovItemId="S87" Value="1"/>
<Cov CovItemId="S88" Value="1"/>
<Cov CovItemId="S89" Value="1"/>
<Cov CovItemId="S90" Value="1"/>
<Cov CovItemId="S91" Value="1"/>
<Cov CovItemId="S92" Value="1"/>
<Cov CovItemId="S93" Value="1"/>
<Cov CovItemId="S94" Value="1"/>
<Cov CovItemId="S95" Value="1"/>
</CovPrefix>
<CovPrefix CovItemPrefix="game.PieceFactory.java">
<Cov CovItemId="S26" Value="1"/>
<Cov CovItemId="S27" Value="1"/>
<Cov CovItemId="S28" Value="1"/>
<Cov CovItemId="S4" Value="100"/>
</CovPrefix>
<CovPrefix CovItemPrefix="game.Soldier.java">
<Cov CovItemId="B1" Value="1"/>
<Cov CovItemId="B2" Value="1"/>
<Cov CovItemId="S1" Value="1"/>
<Cov CovItemId="S2" Value="1"/>
<Cov CovItemId="S3" Value="1"/>
<Cov CovItemId="S4" Value="2"/>
<Cov CovItemId="S5" Value="1"/>
<Cov CovItemId="S6" Value="1"/>
<Cov CovItemId="S7" Value="2"/>
</CovPrefix>
</CovList>
<AssgnmntList>
<AssgnmntPrefix RootTermCovItemPrefix="game.ClearPiece.java">
<AssgnmntListEntry Length="1" RootTermCovItemId="C2">
<MapEntry BoolAssgnmnt="0" Value="99"/>
</AssgnmntListEntry>
</AssgnmntPrefix>
<AssgnmntPrefix RootTermCovItemPrefix="game.GameBoard.java">
<AssgnmntListEntry Length="1" RootTermCovItemId="C10">
<MapEntry BoolAssgnmnt="0" Value="1"/>
</AssgnmntListEntry>
<AssgnmntListEntry Length="1" RootTermCovItemId="C11">
<MapEntry BoolAssgnmnt="0" Value="1"/>
</AssgnmntListEntry>
<AssgnmntListEntry Length="1" RootTermCovItemId="C9">
<MapEntry BoolAssgnmnt="1" Value="1"/>
</AssgnmntListEntry>
</AssgnmntPrefix>
<AssgnmntPrefix RootTermCovItemPrefix="game.Soldier.java">
<AssgnmntListEntry Length="1" RootTermCovItemId="C1">
<MapEntry BoolAssgnmnt="0" Value="1"/>
<MapEntry BoolAssgnmnt="1" Value="1"/>
</AssgnmntListEntry>
</AssgnmntPrefix>
</AssgnmntList>
<ObjMetaDataList/>
<MetaDataList/>
</TestCase>
<TestCase Comment="" Date="1429877074922" Name="tests.TestGameBoard:testSelectedButtonPressedSameSelectedPiecePressed">
<CovList>
<CovPrefix CovItemPrefix="game.AbstractPiece.java">
<Cov CovItemId="S1" Value="101"/>
<Cov CovItemId="S10" Value="1"/>
<Cov CovItemId="S11" Value="1"/>
<Cov CovItemId="S2" Value="101"/>
<Cov CovItemId="S3" Value="101"/>
<Cov CovItemId="S4" Value="1"/>
<Cov CovItemId="S5" Value="101"/>
<Cov CovItemId="S6" Value="101"/>
</CovPrefix>
<CovPrefix CovItemPrefix="game.ClearPiece.java">
<Cov CovItemId="B4" Value="99"/>
<Cov CovItemId="S1" Value="100"/>
<Cov CovItemId="S2" Value="100"/>
<Cov CovItemId="S5" Value="99"/>
<Cov CovItemId="S7" Value="99"/>
<Cov CovItemId="S8" Value="99"/>
</CovPrefix>
<CovPrefix CovItemPrefix="game.GameBoard.java">
<Cov CovItemId="B11" Value="1"/>
<Cov CovItemId="B9" Value="1"/>
<Cov CovItemId="L5-2" Value="1"/>
<Cov CovItemId="L6-2" Value="10"/>
<Cov CovItemId="S2" Value="1"/>
<Cov CovItemId="S3" Value="1"/>
<Cov CovItemId="S31" Value="101"/>
<Cov CovItemId="S32" Value="101"/>
<Cov CovItemId="S33" Value="101"/>
<Cov CovItemId="S34" Value="101"/>
<Cov CovItemId="S35" Value="101"/>
<Cov CovItemId="S36" Value="101"/>
<Cov CovItemId="S37" Value="101"/>
<Cov CovItemId="S38" Value="101"/>
<Cov CovItemId="S39" Value="101"/>
<Cov CovItemId="S4" Value="1"/>
<Cov CovItemId="S40" Value="101"/>
<Cov CovItemId="S41" Value="1"/>
<Cov CovItemId="S42" Value="1"/>
<Cov CovItemId="S43" Value="1"/>
<Cov CovItemId="S47" Value="1"/>
<Cov CovItemId="S48" Value="10"/>
<Cov CovItemId="S49" Value="100"/>
<Cov CovItemId="S5" Value="1"/>
<Cov CovItemId="S50" Value="1"/>
<Cov CovItemId="S6" Value="1"/>
<Cov CovItemId="S7" Value="1"/>
</CovPrefix>
<CovPrefix CovItemPrefix="game.PieceFactory.java">
<Cov CovItemId="S26" Value="1"/>
<Cov CovItemId="S27" Value="1"/>
<Cov CovItemId="S28" Value="1"/>
<Cov CovItemId="S4" Value="100"/>
</CovPrefix>
<CovPrefix CovItemPrefix="game.Soldier.java">
<Cov CovItemId="B1" Value="1"/>
<Cov CovItemId="B2" Value="2"/>
<Cov CovItemId="S1" Value="1"/>
<Cov CovItemId="S2" Value="1"/>
<Cov CovItemId="S3" Value="1"/>
<Cov CovItemId="S4" Value="3"/>
<Cov CovItemId="S5" Value="1"/>
<Cov CovItemId="S6" Value="2"/>
<Cov CovItemId="S7" Value="3"/>
</CovPrefix>
</CovList>
<AssgnmntList>
<AssgnmntPrefix RootTermCovItemPrefix="game.ClearPiece.java">
<AssgnmntListEntry Length="1" RootTermCovItemId="C2">
<MapEntry BoolAssgnmnt="0" Value="99"/>
</AssgnmntListEntry>
</AssgnmntPrefix>
<AssgnmntPrefix RootTermCovItemPrefix="game.GameBoard.java">
<AssgnmntListEntry Length="1" RootTermCovItemId="C10">
<MapEntry BoolAssgnmnt="1" Value="1"/>
</AssgnmntListEntry>
<AssgnmntListEntry Length="1" RootTermCovItemId="C9">
<MapEntry BoolAssgnmnt="1" Value="1"/>
</AssgnmntListEntry>
</AssgnmntPrefix>
<AssgnmntPrefix RootTermCovItemPrefix="game.Soldier.java">
<AssgnmntListEntry Length="1" RootTermCovItemId="C1">
<MapEntry BoolAssgnmnt="0" Value="2"/>
<MapEntry BoolAssgnmnt="1" Value="1"/>
</AssgnmntListEntry>
</AssgnmntPrefix>
</AssgnmntList>
<ObjMetaDataList/>
<MetaDataList/>
</TestCase>
<TestCase Comment="" Date="1429877074933" Name="tests.TestGameBoard:testAddPieceMethod">
<CovList>
<CovPrefix CovItemPrefix="game.AbstractPiece.java">
<Cov CovItemId="S1" Value="101"/>
<Cov CovItemId="S10" Value="1"/>
<Cov CovItemId="S11" Value="1"/>
<Cov CovItemId="S2" Value="101"/>
<Cov CovItemId="S3" Value="101"/>
<Cov CovItemId="S5" Value="101"/>
<Cov CovItemId="S6" Value="101"/>
</CovPrefix>
<CovPrefix CovItemPrefix="game.Bomb.java">
<Cov CovItemId="S1" Value="1"/>
<Cov CovItemId="S2" Value="1"/>
<Cov CovItemId="S3" Value="1"/>
<Cov CovItemId="S4" Value="1"/>
</CovPrefix>
<CovPrefix CovItemPrefix="game.ClearPiece.java">
<Cov CovItemId="S1" Value="100"/>
<Cov CovItemId="S2" Value="100"/>
</CovPrefix>
<CovPrefix CovItemPrefix="game.GameBoard.java">
<Cov CovItemId="S2" Value="1"/>
<Cov CovItemId="S3" Value="1"/>
<Cov CovItemId="S31" Value="101"/>
<Cov CovItemId="S32" Value="101"/>
<Cov CovItemId="S33" Value="101"/>
<Cov CovItemId="S34" Value="101"/>
<Cov CovItemId="S35" Value="101"/>
<Cov CovItemId="S36" Value="101"/>
<Cov CovItemId="S37" Value="101"/>
<Cov CovItemId="S38" Value="101"/>
<Cov CovItemId="S39" Value="101"/>
<Cov CovItemId="S4" Value="1"/>
<Cov CovItemId="S40" Value="101"/>
<Cov CovItemId="S5" Value="1"/>
<Cov CovItemId="S6" Value="1"/>
<Cov CovItemId="S7" Value="1"/>
</CovPrefix>
<CovPrefix CovItemPrefix="game.PieceFactory.java">
<Cov CovItemId="S1" Value="1"/>
<Cov CovItemId="S2" Value="1"/>
<Cov CovItemId="S3" Value="1"/>
<Cov CovItemId="S4" Value="100"/>
</CovPrefix>
</CovList>
<AssgnmntList/>
<ObjMetaDataList/>
<MetaDataList/>
</TestCase>
<TestCase Comment="" Date="1429877074942" Name="tests.TestGameBoard:testSelectedButtonPressedNoSelectedPiece">
<CovList>
<CovPrefix CovItemPrefix="game.AbstractPiece.java">
<Cov CovItemId="S1" Value="101"/>
<Cov CovItemId="S10" Value="1"/>
<Cov CovItemId="S11" Value="1"/>
<Cov CovItemId="S2" Value="101"/>
<Cov CovItemId="S3" Value="101"/>
<Cov CovItemId="S4" Value="1"/>
<Cov CovItemId="S5" Value="101"/>
<Cov CovItemId="S6" Value="101"/>
</CovPrefix>
<CovPrefix CovItemPrefix="game.ClearPiece.java">
<Cov CovItemId="B4" Value="99"/>
<Cov CovItemId="S1" Value="100"/>
<Cov CovItemId="S2" Value="100"/>
<Cov CovItemId="S5" Value="99"/>
<Cov CovItemId="S7" Value="99"/>
<Cov CovItemId="S8" Value="99"/>
</CovPrefix>
<CovPrefix CovItemPrefix="game.GameBoard.java">
<Cov CovItemId="B10" Value="1"/>
<Cov CovItemId="L5-2" Value="1"/>
<Cov CovItemId="L6-2" Value="10"/>
<Cov CovItemId="S2" Value="1"/>
<Cov CovItemId="S3" Value="1"/>
<Cov CovItemId="S31" Value="101"/>
<Cov CovItemId="S32" Value="101"/>
<Cov CovItemId="S33" Value="101"/>
<Cov CovItemId="S34" Value="101"/>
<Cov CovItemId="S35" Value="101"/>
<Cov CovItemId="S36" Value="101"/>
<Cov CovItemId="S37" Value="101"/>
<Cov CovItemId="S38" Value="101"/>
<Cov CovItemId="S39" Value="101"/>
<Cov CovItemId="S4" Value="1"/>
<Cov CovItemId="S40" Value="101"/>
<Cov CovItemId="S41" Value="1"/>
<Cov CovItemId="S47" Value="1"/>
<Cov CovItemId="S48" Value="10"/>
<Cov CovItemId="S49" Value="100"/>
<Cov CovItemId="S5" Value="1"/>
<Cov CovItemId="S50" Value="1"/>
<Cov CovItemId="S6" Value="1"/>
<Cov CovItemId="S7" Value="1"/>
</CovPrefix>
<CovPrefix CovItemPrefix="game.PieceFactory.java">
<Cov CovItemId="S26" Value="1"/>
<Cov CovItemId="S27" Value="1"/>
<Cov CovItemId="S28" Value="1"/>
<Cov CovItemId="S4" Value="100"/>
</CovPrefix>
<CovPrefix CovItemPrefix="game.Soldier.java">
<Cov CovItemId="B1" Value="1"/>
<Cov CovItemId="B2" Value="1"/>
<Cov CovItemId="S1" Value="1"/>
<Cov CovItemId="S2" Value="1"/>
<Cov CovItemId="S3" Value="1"/>
<Cov CovItemId="S4" Value="2"/>
<Cov CovItemId="S5" Value="1"/>
<Cov CovItemId="S6" Value="1"/>
<Cov CovItemId="S7" Value="2"/>
</CovPrefix>
</CovList>
<AssgnmntList>
<AssgnmntPrefix RootTermCovItemPrefix="game.ClearPiece.java">
<AssgnmntListEntry Length="1" RootTermCovItemId="C2">
<MapEntry BoolAssgnmnt="0" Value="99"/>
</AssgnmntListEntry>
</AssgnmntPrefix>
<AssgnmntPrefix RootTermCovItemPrefix="game.GameBoard.java">
<AssgnmntListEntry Length="1" RootTermCovItemId="C9">
<MapEntry BoolAssgnmnt="0" Value="1"/>
</AssgnmntListEntry>
</AssgnmntPrefix>
<AssgnmntPrefix RootTermCovItemPrefix="game.Soldier.java">
<AssgnmntListEntry Length="1" RootTermCovItemId="C1">
<MapEntry BoolAssgnmnt="0" Value="1"/>
<MapEntry BoolAssgnmnt="1" Value="1"/>
</AssgnmntListEntry>
</AssgnmntPrefix>
</AssgnmntList>
<ObjMetaDataList/>
<MetaDataList/>
</TestCase>
<MetaDataList/>
</TestSession>
</TestSessionContainer>
