<?xml version="1.0" encoding="UTF-8"?><TestSessionContainer xmlns="http://www.codecover.org/xml/testsession-container" Date="1430488978921" TestSessionContainerId="e042b8c7-fe75-472f-aa69-8f313f363133" version="1.0">
<SrcFileList>
<SrcFile Content="package game;&#13;&#10;&#13;&#10;import java.awt.Color;&#13;&#10;import java.awt.event.ActionEvent;&#13;&#10;import javax.swing.border.LineBorder;&#13;&#10;&#13;&#10;public class Soldier extends AbstractPiece {&#13;&#10;&#9;&#13;&#10;&#9;public Soldier(int rank, String name) {&#13;&#10;&#9;&#9;setBackground(Color.GREEN);&#13;&#10;&#9;&#9;this.rank = rank;&#13;&#10;&#9;&#9;this.name = name;&#13;&#10;&#9;&#9;this.setText(&quot;&quot; + name + &quot; &quot; + &quot;(&quot; + rank + &quot;)&quot;);&#13;&#10;&#9;&#9;addActionListener(this);&#13;&#10;&#9;}&#13;&#10;&#13;&#10;&#9;public Soldier(int rank) {&#13;&#10;&#9;&#9;setBackground(Color.GREEN);&#13;&#10;&#9;&#9;this.rank = rank;&#13;&#10;&#9;&#9;addActionListener(this);&#13;&#10;&#9;}&#13;&#10;&#13;&#10;&#9;@Override&#13;&#10;&#9;public void setSelected(boolean selected) {&#13;&#10;&#9;&#9;if (selected) {&#13;&#10;&#9;&#9;&#9;this.setBorder(new LineBorder(Color.YELLOW, 5));&#13;&#10;&#9;&#9;} else {&#13;&#10;&#9;&#9;&#9;this.setBorder(new LineBorder(Color.GRAY, 1));&#13;&#10;&#9;&#9;}&#13;&#10;&#9;&#9;this.selected = selected;&#13;&#10;&#9;}&#13;&#10;&#13;&#10;&#9;@Override&#13;&#10;&#9;public void hide() {&#13;&#10;&#9;&#9;// TODO Auto-generated method stub&#13;&#10;&#13;&#10;&#9;}&#13;&#10;&#13;&#10;&#9;@Override&#13;&#10;&#9;public void show() {&#13;&#10;&#9;&#9;// TODO Auto-generated method stub&#13;&#10;&#13;&#10;&#9;}&#13;&#10;&#13;&#10;&#9;@Override&#13;&#10;&#9;public void actionPerformed(ActionEvent e) {&#13;&#10;&#9;&#9;if (selected) {&#13;&#10;&#9;&#9;&#9;observer.selectedButtonPressed(location);&#13;&#10;&#9;&#9;} else {&#13;&#10;&#9;&#9;&#9;observer.nonSelectedButtonPressed(location);&#13;&#10;&#9;&#9;}&#13;&#10;&#9;}&#13;&#10;&#9;&#13;&#10;}&#13;&#10;" Filename="Soldier.java" Intrnl_Id="1"/>
<SrcFile Content="package game;&#13;&#10;&#13;&#10;import game.GameBoard.User;&#13;&#10;&#13;&#10;import java.awt.Color;&#13;&#10;import java.awt.Dimension;&#13;&#10;import java.awt.GridBagConstraints;&#13;&#10;import java.awt.GridBagLayout;&#13;&#10;import java.awt.Point;&#13;&#10;&#13;&#10;import javax.swing.ComboBoxModel;&#13;&#10;import javax.swing.DefaultComboBoxModel;&#13;&#10;import javax.swing.JComboBox;&#13;&#10;import javax.swing.JLabel;&#13;&#10;import javax.swing.JOptionPane;&#13;&#10;import javax.swing.JPanel;&#13;&#10;import javax.swing.border.LineBorder;&#13;&#10;&#13;&#10;public class SetupBoard extends JPanel implements IPieceObserver {&#13;&#10;&#13;&#10;&#9;private static final Dimension PIECE_SIZE = new Dimension(90, 90);&#13;&#10;&#9;protected AbstractPiece[][] pieces;&#13;&#10;&#9;private GridBagLayout layout;&#13;&#10;&#9;private User owner;&#13;&#10;&#9;private IBoardObserver observer;&#13;&#10;&#9;private DefaultComboBoxModel&lt;AbstractPiece&gt; model;&#13;&#10;&#13;&#10;&#9;public SetupBoard(User owner) {&#13;&#10;&#9;&#9;super();&#13;&#10;&#9;&#9;this.owner = owner;&#13;&#10;&#9;&#9;pieces = new AbstractPiece[10][4];&#13;&#10;&#9;&#9;layout = new GridBagLayout();&#13;&#10;&#9;&#9;this.setLayout(layout);&#13;&#10;&#9;&#9;model = new DefaultComboBoxModel&lt;AbstractPiece&gt;();&#13;&#10;&#9;&#9;instantiateModel(model);&#13;&#10;&#9;&#9;instantiateBoard();&#13;&#10;&#9;}&#13;&#10;&#13;&#10;&#9;protected void instantiateModel(DefaultComboBoxModel&lt;AbstractPiece&gt; model) {&#13;&#10;&#9;&#9;model.addElement(PieceFactory.createFlag());&#13;&#10;&#9;&#9;for (int i = 0; i &lt; 6; i++) {&#13;&#10;&#9;&#9;&#9;model.addElement(PieceFactory.createBomb());&#13;&#10;&#9;&#9;}&#13;&#10;&#9;&#9;model.addElement(PieceFactory.createSpy());&#13;&#10;&#9;&#9;for (int i = 0; i &lt; 8; i++) {&#13;&#10;&#9;&#9;&#9;model.addElement(PieceFactory.createScout());&#13;&#10;&#9;&#9;}&#13;&#10;&#9;&#9;for (int i = 0; i &lt; 5; i++) {&#13;&#10;&#9;&#9;&#9;model.addElement(PieceFactory.createMiner());&#13;&#10;&#9;&#9;}&#13;&#10;&#9;&#9;for (int i = 0; i &lt; 4; i++) {&#13;&#10;&#9;&#9;&#9;model.addElement(PieceFactory.createSergeant());&#13;&#10;&#9;&#9;}&#13;&#10;&#9;&#9;for (int i = 0; i &lt; 4; i++) {&#13;&#10;&#9;&#9;&#9;model.addElement(PieceFactory.createLieutenant());&#13;&#10;&#9;&#9;}&#13;&#10;&#9;&#9;for (int i = 0; i &lt; 4; i++) {&#13;&#10;&#9;&#9;&#9;model.addElement(PieceFactory.createCaptain());&#13;&#10;&#9;&#9;}&#13;&#10;&#9;&#9;for (int i = 0; i &lt; 3; i++) {&#13;&#10;&#9;&#9;&#9;model.addElement(PieceFactory.createMajor());&#13;&#10;&#9;&#9;}&#13;&#10;&#9;&#9;for (int i = 0; i &lt; 2; i++) {&#13;&#10;&#9;&#9;&#9;model.addElement(PieceFactory.createColonel());&#13;&#10;&#9;&#9;}&#13;&#10;&#9;&#9;model.addElement(PieceFactory.createGeneral());&#13;&#10;&#9;&#9;model.addElement(PieceFactory.createMarshall());&#13;&#10;&#9;}&#13;&#10;&#13;&#10;&#9;protected void instantiateBoard() {&#13;&#10;&#9;&#9;for (int i = 0; i &lt; 4; i++) {&#13;&#10;&#9;&#9;&#9;for (int j = 0; j &lt; 10; j++) {&#13;&#10;&#9;&#9;&#9;&#9;AbstractPiece button = (AbstractPiece) PieceFactory&#13;&#10;&#9;&#9;&#9;&#9;&#9;&#9;.createClearPiece();&#13;&#10;&#9;&#9;&#9;&#9;button.setSelected(true);&#13;&#10;&#9;&#9;&#9;&#9;button.setBorder(new LineBorder(Color.GRAY, 1));&#13;&#10;&#9;&#9;&#9;&#9;addPiece(j, i, button);&#13;&#10;&#9;&#9;&#9;}&#13;&#10;&#9;&#9;}&#13;&#10;&#9;}&#13;&#10;&#13;&#10;&#9;public void addPiece(int x, int y, AbstractPiece piece) {&#13;&#10;&#9;&#9;GridBagConstraints c = new GridBagConstraints();&#13;&#10;&#9;&#9;c.fill = GridBagConstraints.BOTH;&#13;&#10;&#9;&#9;piece.setPreferredSize(PIECE_SIZE);&#13;&#10;&#9;&#9;piece.setLocation(new Point(x, y));&#13;&#10;&#9;&#9;piece.setObserver(this);&#13;&#10;&#9;&#9;if (pieces[x][y] != null) {&#13;&#10;&#9;&#9;&#9;this.remove(pieces[x][y]);&#13;&#10;&#9;&#9;}&#13;&#10;&#9;&#9;pieces[x][y] = piece;&#13;&#10;&#9;&#9;c.gridx = x;&#13;&#10;&#9;&#9;c.gridy = y;&#13;&#10;&#9;&#9;this.add(piece, c);&#13;&#10;&#9;&#9;System.out.println(&quot;Added piece: &quot; + piece);&#13;&#10;&#9;&#9;piece.validate();&#13;&#10;&#9;}&#13;&#10;&#13;&#10;&#9;@Override&#13;&#10;&#9;public void selectedButtonPressed(Point gridLocation) {&#13;&#10;&#9;&#9;// this is a clear piece is pressed&#13;&#10;&#9;&#9;JPanel panel = new JPanel();&#13;&#10;&#9;&#9;panel.add(new JLabel(&quot;Please make a selection:&quot;));&#13;&#10;&#9;&#9;JComboBox&lt;AbstractPiece&gt; comboBox = new JComboBox&lt;AbstractPiece&gt;(model);&#13;&#10;&#9;&#9;panel.add(comboBox);&#13;&#10;&#13;&#10;&#9;&#9;showJOptionPane(gridLocation, panel, comboBox);&#13;&#10;&#9;&#9;if(model.getSize() == 0) {&#13;&#10;&#9;&#9;&#9;observer.isDone(pieces);&#13;&#10;&#9;&#9;}&#13;&#10;&#9;&#9;&#13;&#10;&#9;&#9;this.validate();&#13;&#10;&#9;&#9;this.repaint();&#13;&#10;&#9;}&#13;&#10;&#13;&#10;&#9;protected void showJOptionPane(Point gridLocation, JPanel panel,&#13;&#10;&#9;&#9;&#9;JComboBox&lt;AbstractPiece&gt; comboBox) {&#13;&#10;&#9;&#9;int result = JOptionPane.showConfirmDialog(null, panel, &quot;Pieces&quot;,&#13;&#10;&#9;&#9;&#9;&#9;JOptionPane.OK_CANCEL_OPTION, JOptionPane.QUESTION_MESSAGE);&#13;&#10;&#9;&#9;switch (result) {&#13;&#10;&#9;&#9;case JOptionPane.OK_OPTION:&#13;&#10;&#9;&#9;&#9;if (comboBox.getSelectedIndex() != -1) {&#13;&#10;&#9;&#9;&#9;&#9;System.out&#13;&#10;&#9;&#9;&#9;&#9;&#9;&#9;.println(&quot;You selected &quot; + comboBox.getSelectedItem());&#13;&#10;&#9;&#9;&#9;&#9;AbstractPiece piece = (AbstractPiece) comboBox&#13;&#10;&#9;&#9;&#9;&#9;&#9;&#9;.getSelectedItem();&#13;&#10;&#9;&#9;&#9;&#9;piece.setOwner(owner);&#13;&#10;&#9;&#9;&#9;&#9;System.out.println(piece.getText());&#13;&#10;&#9;&#9;&#9;&#9;this.addPiece(gridLocation.x, gridLocation.y,&#13;&#10;&#9;&#9;&#9;&#9;&#9;&#9;(AbstractPiece) comboBox.getSelectedItem());&#13;&#10;&#9;&#9;&#9;&#9;model.removeElement(piece);&#13;&#10;&#9;&#9;&#9;&#9;break;&#13;&#10;&#9;&#9;&#9;}&#13;&#10;&#9;&#9;}&#13;&#10;&#9;}&#13;&#10;&#13;&#10;&#9;&#13;&#10;&#9;@Override&#13;&#10;&#9;public void nonSelectedButtonPressed(Point gridLocation) {&#13;&#10;&#9;&#9;int x = gridLocation.x;&#13;&#10;&#9;&#9;int y = gridLocation.y;&#13;&#10;&#9;&#9;AbstractPiece oldPiece = pieces[x][y];&#13;&#10;&#9;&#9;this.remove(pieces[x][y]);&#13;&#10;&#9;&#9;AbstractPiece piece = PieceFactory.createClearPiece();&#13;&#10;&#9;&#9;piece.setSelected(true);&#13;&#10;&#9;&#9;addPiece(x, y, piece);&#13;&#10;&#9;&#9;piece.setBorder(new LineBorder(Color.GRAY, 1));&#13;&#10;&#9;&#9;model.addElement(oldPiece);&#13;&#10;&#9;&#9;&#13;&#10;&#9;&#9;this.validate();&#13;&#10;&#9;&#9;this.repaint();&#13;&#10;&#9;}&#13;&#10;&#9;&#13;&#10;&#9;public AbstractPiece[][] getPieces() {&#13;&#10;&#9;&#9;return pieces;&#13;&#10;&#9;}&#13;&#10;&#9;&#13;&#10;&#9;public void setObserver(IBoardObserver obs) {&#13;&#10;&#9;&#9;this.observer = obs;&#13;&#10;&#9;}&#13;&#10;}&#13;&#10;" Filename="SetupBoard.java" Intrnl_Id="2"/>
<SrcFile Content="package game;&#13;&#10;import game.GameBoard.User;&#13;&#10;&#13;&#10;import java.awt.BorderLayout;&#13;&#10;import java.util.ArrayList;&#13;&#10;&#13;&#10;import javax.swing.JLabel;&#13;&#10;import javax.swing.JPanel;&#13;&#10;&#13;&#10;&#13;&#10;public class PlayerBoard extends JPanel implements IBoardObserver {&#13;&#10;&#9;private User owner;&#13;&#10;&#9;private JPanel board;&#13;&#10;&#9;&#13;&#10;&#9;public PlayerBoard(User owner) {&#13;&#10;&#9;&#9;this.setOwner(owner);&#13;&#10;&#9;&#9;BorderLayout layout = new BorderLayout();&#13;&#10;&#9;&#9;this.setLayout(layout);&#13;&#10;&#9;&#9;JLabel status = new JLabel(&quot;Test Label&quot;);&#13;&#10;&#9;&#9;this.add(status, BorderLayout.NORTH);&#9;&#9;&#13;&#10;&#9;&#9;SetupBoard init = new SetupBoard(owner);&#13;&#10;&#9;&#9;init.setObserver(this);&#13;&#10;&#9;&#9;this.setBoard(init);&#13;&#10;&#9;&#9;this.add(init, BorderLayout.CENTER);&#13;&#10;&#9;}&#13;&#10;&#9;&#13;&#10;&#9;public User getOwner() {&#13;&#10;&#9;&#9;return owner;&#13;&#10;&#9;}&#13;&#10;&#9;public void setOwner(User owner) {&#13;&#10;&#9;&#9;this.owner = owner;&#13;&#10;&#9;}&#13;&#10;&#9;&#13;&#10;&#9;public JPanel getBoard() {&#13;&#10;&#9;&#9;return board;&#13;&#10;&#9;}&#13;&#10;&#9;public void setBoard(JPanel board) {&#13;&#10;&#9;&#9;this.board = board;&#13;&#10;&#9;}&#13;&#10;&#13;&#10;&#9;@Override&#13;&#10;&#9;public void isDone(AbstractPiece[][] pieces) {&#13;&#10;&#9;&#9;// Not implemented&#13;&#10;&#9;&#9;GameBoard gameBoard = new GameBoard(owner, pieces);&#13;&#10;&#9;&#9;this.remove(board);&#13;&#10;&#9;&#9;this.add(gameBoard);&#13;&#10;&#9;&#9;this.validate();&#13;&#10;&#9;&#9;this.repaint();&#13;&#10;&#9;&#9;this.setBoard(gameBoard);&#13;&#10;&#9;}&#13;&#10;&#13;&#10;}&#13;&#10;" Filename="PlayerBoard.java" Intrnl_Id="3"/>
<SrcFile Content="package game;&#13;&#10;&#13;&#10;public class PieceFactory {&#13;&#10;&#9;&#13;&#10;&#9;public static AbstractPiece createBomb() {&#13;&#10;&#9;&#9;AbstractPiece bomb = new Bomb();&#13;&#10;&#9;&#9;return bomb;&#13;&#10;&#9;}&#13;&#10;&#9;&#13;&#10;&#9;public static AbstractPiece createClearPiece() {&#13;&#10;&#9;&#9;return new ClearPiece();&#13;&#10;&#9;}&#13;&#10;&#9;&#13;&#10;&#9;public static AbstractPiece createFlag() {&#13;&#10;&#9;&#9;AbstractPiece flag = new Flag();&#13;&#10;&#9;&#9;return flag;&#13;&#10;&#9;}&#13;&#10;&#9;&#13;&#10;&#9;public static AbstractPiece createSpy() {&#13;&#10;&#9;&#9;AbstractPiece spy = new Soldier(0, &quot;Spy&quot;);&#13;&#10;&#9;&#9;return spy;&#13;&#10;&#9;}&#13;&#10;&#9;&#13;&#10;&#9;public static AbstractPiece createMarshall() {&#13;&#10;&#9;&#9;AbstractPiece soldier = new Soldier(9, &quot;Marsh&quot;);&#13;&#10;&#9;&#9;return soldier;&#13;&#10;&#9;}&#13;&#10;&#9;&#13;&#10;&#9;public static AbstractPiece createGeneral() {&#13;&#10;&#9;&#9;AbstractPiece soldier = new Soldier(8, &quot;General&quot;);&#13;&#10;&#9;&#9;return soldier;&#13;&#10;&#9;}&#13;&#10;&#9;&#13;&#10;&#9;public static AbstractPiece createColonel() {&#13;&#10;&#9;&#9;AbstractPiece soldier = new Soldier(7, &quot;Colonel&quot;);&#13;&#10;&#9;&#9;return soldier;&#13;&#10;&#9;}&#13;&#10;&#9;&#13;&#10;&#9;public static AbstractPiece createMajor() {&#13;&#10;&#9;&#9;AbstractPiece soldier = new Soldier(6, &quot;Major&quot;);&#13;&#10;&#9;&#9;return soldier;&#13;&#10;&#9;}&#13;&#10;&#13;&#10;&#9;public static AbstractPiece createCaptain() {&#13;&#10;&#9;&#9;AbstractPiece soldier = new Soldier(5, &quot;Captain&quot;);&#13;&#10;&#9;&#9;return soldier;&#13;&#10;&#9;}&#13;&#10;&#13;&#10;&#9;public static AbstractPiece createLieutenant() {&#13;&#10;&#9;&#9;AbstractPiece soldier = new Soldier(4, &quot;Lieut&quot;);&#13;&#10;&#9;&#9;return soldier;&#13;&#10;&#9;}&#13;&#10;&#13;&#10;&#9;public static AbstractPiece createSergeant() {&#13;&#10;&#9;&#9;AbstractPiece soldier = new Soldier(3, &quot;Sergeant&quot;);&#13;&#10;&#9;&#9;return soldier;&#13;&#10;&#9;}&#13;&#10;&#13;&#10;&#9;public static AbstractPiece createMiner() {&#13;&#10;&#9;&#9;AbstractPiece soldier = new Soldier(2, &quot;Miner&quot;);&#13;&#10;&#9;&#9;return soldier;&#13;&#10;&#9;}&#13;&#10;&#13;&#10;&#9;public static AbstractPiece createScout() {&#13;&#10;&#9;&#9;AbstractPiece soldier = new Soldier(1, &quot;Scout&quot;);&#13;&#10;&#9;&#9;return soldier;&#13;&#10;&#9;}&#13;&#10;&#13;&#10;}&#13;&#10;" Filename="PieceFactory.java" Intrnl_Id="4"/>
<SrcFile Content="package game;&#13;&#10;&#13;&#10;import game.GameBoard.User;&#13;&#10;&#13;&#10;import java.awt.event.ActionEvent;&#13;&#10;&#13;&#10;public class Obstacle extends AbstractPiece {&#13;&#10;&#9;&#13;&#10;&#9;@Override&#13;&#10;&#9;public void actionPerformed(ActionEvent e) {&#13;&#10;&#9;&#9;// TODO Auto-generated method stub&#13;&#10;&#9;&#9;&#13;&#10;&#9;}&#13;&#10;&#13;&#10;&#9;@Override&#13;&#10;&#9;public void setSelected(boolean selected) {&#13;&#10;&#9;&#9;// TODO Auto-generated method stub&#13;&#10;&#9;&#9;&#13;&#10;&#9;}&#13;&#10;&#13;&#10;&#9;@Override&#13;&#10;&#9;public void hide() {&#13;&#10;&#9;&#9;// TODO Auto-generated method stub&#13;&#10;&#9;&#9;&#13;&#10;&#9;}&#13;&#10;&#13;&#10;&#9;@Override&#13;&#10;&#9;public void show() {&#13;&#10;&#9;&#9;// TODO Auto-generated method stub&#13;&#10;&#9;&#9;&#13;&#10;&#9;}&#13;&#10;&#9;&#13;&#10;&#9;@Override&#13;&#10;&#9;public void setOwner(User u) {&#13;&#10;&#9;&#9;this.owner = null;&#13;&#10;&#9;}&#13;&#10;&#9;&#13;&#10;&#9;@Override&#13;&#10;&#9;public User getOwner() {&#13;&#10;&#9;&#9;return null;&#13;&#10;&#9;}&#13;&#10;}&#13;&#10;" Filename="Obstacle.java" Intrnl_Id="5"/>
<SrcFile Content="package game;&#13;&#10;&#13;&#10;import java.awt.Point;&#13;&#10;&#13;&#10;//The GameBoard should implement this class and add itself as an observer to the IPiece&#13;&#10;public interface IPieceObserver {&#13;&#10;&#13;&#10;&#9;public void selectedButtonPressed(Point gridLocation);&#13;&#10;&#9;public void nonSelectedButtonPressed(Point gridLocation);&#13;&#10;}&#13;&#10;" Filename="IPieceObserver.java" Intrnl_Id="6"/>
<SrcFile Content="package game;&#13;&#10;&#13;&#10;import game.GameBoard.User;&#13;&#10;&#13;&#10;import java.awt.Point;&#13;&#10;&#13;&#10;public interface IPiece {&#13;&#10;&#9;public boolean isSelected();&#13;&#10;&#9;public void setSelected(boolean selected);&#13;&#10;&#9;public void hide();&#13;&#10;&#9;public void show();&#13;&#10;&#9;public void setObserver(IPieceObserver observer);&#13;&#10;&#9;public void setLocation(Point location);&#13;&#10;&#9;public Point getLocation();&#13;&#10;&#9;public User getOwner();&#13;&#10;&#9;public void setOwner(User owner);&#13;&#10;&#9;public String getName();&#13;&#10;&#9;public int getRank();&#13;&#10;//&#9;/**&#13;&#10;//&#9; * Method called by the piece when it is pressed&#13;&#10;//&#9; */&#13;&#10;//&#9;public void processPress();&#13;&#10;}&#13;&#10;" Filename="IPiece.java" Intrnl_Id="7"/>
<SrcFile Content="package game;&#13;&#10;&#13;&#10;public interface IBoardObserver {&#13;&#10;&#9;&#13;&#10;&#9;public void isDone(AbstractPiece[][] pieces);&#13;&#10;&#13;&#10;}&#13;&#10;" Filename="IBoardObserver.java" Intrnl_Id="8"/>
<SrcFile Content="package game;&#13;&#10;import game.GameBoard.User;&#13;&#10;&#13;&#10;import java.awt.Dimension;&#13;&#10;import java.awt.Insets;&#13;&#10;import java.awt.Toolkit;&#13;&#10;&#13;&#10;import javax.swing.JFrame;&#13;&#10;&#13;&#10;&#13;&#10;public class GameBoardFrame extends JFrame {&#13;&#10;&#13;&#10;&#9;private PlayerBoard board;&#13;&#10;&#9;public GameBoardFrame(User owner) {&#13;&#10;&#9;&#9;this.setDefaultCloseOperation(JFrame.EXIT_ON_CLOSE);&#13;&#10;&#9;&#9;Dimension screenSize = Toolkit.getDefaultToolkit().getScreenSize();&#13;&#10;&#9;&#9;this.setSize(screenSize.width/2, screenSize.height);&#13;&#10;&#9;&#9;board = new PlayerBoard(owner);&#13;&#10;&#9;&#9;this.add(board);&#13;&#10;&#9;&#9;this.setVisible(true);&#13;&#10;&#9;&#9;this.validate();&#13;&#10;&#9;}&#13;&#10;}&#13;&#10;" Filename="GameBoardFrame.java" Intrnl_Id="9"/>
<SrcFile Content="package game;&#13;&#10;&#13;&#10;import java.awt.Dimension;&#13;&#10;import java.awt.GridBagConstraints;&#13;&#10;import java.awt.GridBagLayout;&#13;&#10;import java.awt.Point;&#13;&#10;&#13;&#10;import javax.swing.JPanel;&#13;&#10;&#13;&#10;public class GameBoard extends JPanel implements IPieceObserver {&#13;&#10;&#13;&#10;&#9;public static enum User {PLAYER1, PLAYER2};&#13;&#10;&#9;private static final Dimension PIECE_SIZE = new Dimension(90, 90);&#13;&#10;&#9;protected AbstractPiece[][] pieces;&#13;&#10;&#9;protected AbstractPiece selectedPiece;&#13;&#10;&#9;private AbstractPiece[][] piecesToSet;&#13;&#10;&#9;private GridBagLayout layout;&#13;&#10;&#9;private User owner;&#13;&#10;&#13;&#10;&#9;public GameBoard(User owner, AbstractPiece[][] pieces) {&#13;&#10;&#9;&#9;super();&#13;&#10;&#9;&#9;this.owner = owner;&#13;&#10;&#9;&#9;piecesToSet = pieces;&#13;&#10;&#9;&#9;this.pieces = new AbstractPiece[10][10];&#13;&#10;&#9;&#9;layout = new GridBagLayout();&#13;&#10;&#9;&#9;this.setLayout(layout);&#13;&#10;&#9;&#9;instantiateBoard();&#13;&#10;&#9;}&#13;&#10;&#13;&#10;&#9;protected void instantiateBoard() {&#13;&#10;&#9;&#9;for (int i = 0; i &lt; 10; i++) {&#13;&#10;&#9;&#9;&#9;for (int j = 0; j &lt; 10; j++) {&#13;&#10;&#9;&#9;&#9;&#9;AbstractPiece button = PieceFactory.createClearPiece();&#13;&#10;&#9;&#9;&#9;&#9;addPiece(i, j, button);&#13;&#10;&#9;&#9;&#9;&#9;&#13;&#10;&#9;&#9;&#9;}&#13;&#10;&#9;&#9;}&#13;&#10;&#9;&#9;&#13;&#10;&#9;&#9;for (int i = 0; i &lt; piecesToSet.length; i++) {&#13;&#10;&#9;&#9;&#9;for (int j = 0; j &lt; piecesToSet[i].length; j++) {&#13;&#10;&#9;&#9;&#9;&#9;piecesToSet[i][j].setOwner(owner);&#13;&#10;&#9;&#9;&#9;&#9;this.remove(pieces[i][j+6]);&#13;&#10;&#9;&#9;&#9;&#9;this.addPiece(i, j+6, piecesToSet[i][j]);&#13;&#10;&#9;&#9;&#9;}&#13;&#10;&#9;&#9;}&#13;&#10;&#9;&#9;&#13;&#10;&#9;}&#13;&#10;&#9;public void addPiece(int x, int y,&#13;&#10;&#9;&#9;&#9;AbstractPiece piece) {&#13;&#10;&#9;&#9;GridBagConstraints c = new GridBagConstraints();&#13;&#10;&#9;&#9;c.fill = GridBagConstraints.BOTH;&#13;&#10;&#9;&#9;piece.setPreferredSize(PIECE_SIZE);&#13;&#10;&#9;&#9;piece.setLocation(new Point(x, y));&#13;&#10;&#9;&#9;piece.setObserver(this);&#13;&#10;&#9;&#9;pieces[x][y] = piece;&#13;&#10;&#9;&#9;c.gridx = x;&#13;&#10;&#9;&#9;c.gridy = y;&#13;&#10;&#9;&#9;this.add(piece, c);&#13;&#10;&#9;&#9;piece.validate();&#13;&#10;&#9;}&#13;&#10;&#13;&#10;&#9;@Override&#13;&#10;&#9;public void selectedButtonPressed(Point gridLocation) {&#13;&#10;&#9;&#9;if(selectedPiece !=null) {&#13;&#10;&#9;&#9;&#9;if(selectedPiece.equals(pieces[gridLocation.x][gridLocation.y])) {&#13;&#10;&#9;&#9;&#9;&#9;selectedPiece.setSelected(false);&#13;&#10;&#9;&#9;&#9;} else if (isEnemey(selectedPiece, pieces[gridLocation.x][gridLocation.y])) {&#13;&#10;&#9;&#9;&#9;&#9;attack(selectedPiece, pieces[gridLocation.x][gridLocation.y]);&#13;&#10;&#9;&#9;&#9;} else {&#13;&#10;&#9;&#9;&#9;&#9;swapPieces(selectedPiece, pieces[gridLocation.x][gridLocation.y]);&#13;&#10;&#9;&#9;&#9;}&#13;&#10;&#9;&#9;}&#13;&#10;&#9;&#9;for(AbstractPiece[] pRow: pieces) {&#13;&#10;&#9;&#9;&#9;for(AbstractPiece p: pRow) {&#13;&#10;&#9;&#9;&#9;p.setSelected(false);&#13;&#10;&#9;&#9;&#9;}&#13;&#10;&#9;&#9;}&#13;&#10;&#9;&#9;selectedPiece = null;&#13;&#10;&#9;}&#13;&#10;&#13;&#10;&#9;private boolean isEnemey(AbstractPiece p1, AbstractPiece p2) {&#13;&#10;&#9;&#9;return p1.getOwner()!=null &amp;&amp; !(p1.getOwner().equals(p2.getOwner())) &amp;&amp; p2.getOwner() != null;&#13;&#10;&#9;}&#13;&#10;&#13;&#10;&#9;@Override&#13;&#10;&#9;public void nonSelectedButtonPressed(Point gridLocation) {&#13;&#10;&#9;&#9;for(AbstractPiece[] pRow: pieces) {&#13;&#10;&#9;&#9;&#9;for(AbstractPiece p: pRow) {&#13;&#10;&#9;&#9;&#9;p.setSelected(false);&#13;&#10;&#9;&#9;&#9;}&#13;&#10;&#9;&#9;}&#13;&#10;&#9;&#9;AbstractPiece nonSelected = pieces[gridLocation.x][gridLocation.y];&#13;&#10;&#9;&#9;if(nonSelected.getOwner() != this.owner) {&#13;&#10;&#9;&#9;&#9;return;&#13;&#10;&#9;&#9;}&#13;&#10;&#9;&#9;&#9;this.selectedPiece = nonSelected;&#13;&#10;&#9;&#9;&#9;nonSelected.setSelected(true);&#13;&#10;&#9;&#9;&#9;int x = nonSelected.getLocation().x;&#13;&#10;&#9;&#9;&#9;int y = nonSelected.getLocation().y;&#13;&#10;&#9;&#9;&#9;if (this.selectedPiece.rank == 1) {&#13;&#10;&#9;&#9;&#9;&#9;//Go left&#13;&#10;&#9;&#9;&#9;&#9;for (int i = x - 1; i &gt;= 0; i--) {&#13;&#10;&#9;&#9;&#9;&#9;&#9;AbstractPiece piece = pieces[i][y];&#13;&#10;&#9;&#9;&#9;&#9;&#9;if (piece instanceof ClearPiece) {&#13;&#10;&#9;&#9;&#9;&#9;&#9;&#9;piece.setSelected(true);&#13;&#10;&#9;&#9;&#9;&#9;&#9;} else if (selectedPiece.owner != piece.getOwner()) {&#13;&#10;&#9;&#9;&#9;&#9;&#9;&#9;piece.setSelected(true);&#13;&#10;&#9;&#9;&#9;&#9;&#9;&#9;break;&#13;&#10;&#9;&#9;&#9;&#9;&#9;} else {&#13;&#10;&#9;&#9;&#9;&#9;&#9;&#9;break;&#13;&#10;&#9;&#9;&#9;&#9;&#9;}&#13;&#10;&#9;&#9;&#9;&#9;}&#13;&#10;&#9;&#9;&#9;&#9;//Go right&#13;&#10;&#9;&#9;&#9;&#9;for (int i = x + 1; i &lt;= 9; i++) {&#13;&#10;&#9;&#9;&#9;&#9;&#9;AbstractPiece piece = pieces[i][y];&#13;&#10;&#9;&#9;&#9;&#9;&#9;if (piece instanceof ClearPiece) {&#13;&#10;&#9;&#9;&#9;&#9;&#9;&#9;piece.setSelected(true);&#13;&#10;&#9;&#9;&#9;&#9;&#9;} &#13;&#10;&#9;&#9;&#9;&#9;&#9;else if (selectedPiece.getOwner() != piece.getOwner()) {&#13;&#10;&#9;&#9;&#9;&#9;&#9;&#9;piece.setSelected(true);&#13;&#10;&#9;&#9;&#9;&#9;&#9;&#9;break;&#13;&#10;&#9;&#9;&#9;&#9;&#9;} else {&#13;&#10;&#9;&#9;&#9;&#9;&#9;&#9;break;&#13;&#10;&#9;&#9;&#9;&#9;&#9;}&#13;&#10;&#9;&#9;&#9;&#9;}&#13;&#10;&#9;&#9;&#9;&#9;&#13;&#10;&#9;&#9;&#9;&#9;//Go down&#13;&#10;&#9;&#9;&#9;&#9;for (int i = y - 1; i &gt;= 0; i--) {&#13;&#10;&#9;&#9;&#9;&#9;&#9;AbstractPiece piece = pieces[x][i];&#13;&#10;&#9;&#9;&#9;&#9;&#9;if (piece instanceof ClearPiece) {&#13;&#10;&#9;&#9;&#9;&#9;&#9;&#9;piece.setSelected(true);&#13;&#10;&#9;&#9;&#9;&#9;&#9;} else if (selectedPiece.owner != piece.getOwner()) {&#13;&#10;&#9;&#9;&#9;&#9;&#9;&#9;piece.setSelected(true);&#13;&#10;&#9;&#9;&#9;&#9;&#9;&#9;break;&#13;&#10;&#9;&#9;&#9;&#9;&#9;} else {&#13;&#10;&#9;&#9;&#9;&#9;&#9;&#9;break;&#13;&#10;&#9;&#9;&#9;&#9;&#9;}&#13;&#10;&#9;&#9;&#9;&#9;}&#13;&#10;&#9;&#9;&#9;&#9;//Go right&#13;&#10;&#9;&#9;&#9;&#9;for (int i = y + 1; i &lt;= 9; i++) {&#13;&#10;&#9;&#9;&#9;&#9;&#9;AbstractPiece piece = pieces[x][i];&#13;&#10;&#9;&#9;&#9;&#9;&#9;if (piece instanceof ClearPiece) {&#13;&#10;&#9;&#9;&#9;&#9;&#9;&#9;piece.setSelected(true);&#13;&#10;&#9;&#9;&#9;&#9;&#9;} &#13;&#10;&#9;&#9;&#9;&#9;&#9;else if (selectedPiece.getOwner() != piece.getOwner()) {&#13;&#10;&#9;&#9;&#9;&#9;&#9;&#9;piece.setSelected(true);&#13;&#10;&#9;&#9;&#9;&#9;&#9;&#9;break;&#13;&#10;&#9;&#9;&#9;&#9;&#9;} else {&#13;&#10;&#9;&#9;&#9;&#9;&#9;&#9;break;&#13;&#10;&#9;&#9;&#9;&#9;&#9;}&#13;&#10;&#9;&#9;&#9;&#9;}&#13;&#10;&#9;&#9;&#9;} else {&#13;&#10;&#9;&#9;&#9;&#9;if (x &lt; 9) {&#13;&#10;&#9;&#9;&#9;&#9;&#9;AbstractPiece piece = pieces[x + 1][y];&#13;&#10;&#9;&#9;&#9;&#9;&#9;if(selectedPiece.getOwner() != piece.getOwner()) {&#13;&#10;&#9;&#9;&#9;&#9;&#9;&#9;piece.setSelected(true);&#13;&#10;&#9;&#9;&#9;&#9;&#9;}&#9;&#13;&#10;&#9;&#9;&#9;&#9;}&#13;&#10;&#9;&#9;&#9;&#9;if (x &gt; 0) {&#13;&#10;&#9;&#9;&#9;&#9;&#9;AbstractPiece piece = pieces[x - 1][y];&#13;&#10;&#9;&#9;&#9;&#9;&#9;if(selectedPiece.getOwner() != piece.getOwner()) {&#13;&#10;&#9;&#9;&#9;&#9;&#9;&#9;piece.setSelected(true);&#13;&#10;&#9;&#9;&#9;&#9;&#9;}&#9;&#13;&#10;&#9;&#9;&#9;&#9;}&#13;&#10;&#9;&#9;&#9;&#9;if (y &gt; 0) {&#13;&#10;&#9;&#9;&#9;&#9;&#9;AbstractPiece piece = pieces[x][y - 1];&#13;&#10;&#9;&#9;&#9;&#9;&#9;if(selectedPiece.getOwner() != piece.getOwner()) {&#13;&#10;&#9;&#9;&#9;&#9;&#9;&#9;piece.setSelected(true);&#13;&#10;&#9;&#9;&#9;&#9;&#9;}&#9;&#13;&#10;&#9;&#9;&#9;&#9;}&#13;&#10;&#9;&#9;&#9;&#9;if (y &lt; 9) {&#13;&#10;&#9;&#9;&#9;&#9;&#9;AbstractPiece piece = pieces[x][y + 1];&#13;&#10;&#9;&#9;&#9;&#9;&#9;if(selectedPiece.getOwner() != piece.getOwner()) {&#13;&#10;&#9;&#9;&#9;&#9;&#9;&#9;piece.setSelected(true);&#13;&#10;&#9;&#9;&#9;&#9;&#9;}&#9;&#13;&#10;&#9;&#9;&#9;&#9;}&#13;&#10;&#9;&#9;&#9;}&#13;&#10;&#9;}&#13;&#10;&#13;&#10;&#9;private void swapPieces(AbstractPiece p1, AbstractPiece p2) {&#13;&#10;&#9;&#9;Point point1 = p1.getLocation();&#13;&#10;&#9;&#9;Point point2 = p2.getLocation();&#13;&#10;&#9;&#9;this.remove(p1);&#13;&#10;&#9;&#9;this.remove(p2);&#13;&#10;&#9;&#9;p1.setLocation(point2);&#13;&#10;&#9;&#9;p2.setLocation(point1);&#13;&#10;&#9;&#9;GridBagConstraints c = new GridBagConstraints();&#13;&#10;&#9;&#9;c.fill = GridBagConstraints.BOTH;&#13;&#10;&#9;&#9;c.gridx = point1.x;&#13;&#10;&#9;&#9;c.gridy = point1.y;&#13;&#10;&#9;&#9;pieces[point1.x][point1.y] = p2;&#13;&#10;&#9;&#9;this.add(p2, c);&#13;&#10;&#9;&#9;c.gridx = point2.x;&#13;&#10;&#9;&#9;c.gridy = point2.y;&#13;&#10;&#9;&#9;pieces[point2.x][point2.y] = p1;&#13;&#10;&#9;&#9;this.add(p1, c);&#13;&#10;&#9;&#9;validate();&#13;&#10;&#9;&#9;repaint();&#13;&#10;&#9;}&#13;&#10;&#9;&#13;&#10;&#9;public String attack(AbstractPiece p1, AbstractPiece p2) {&#13;&#10;&#9;&#9; if (p2 instanceof Bomb) {&#13;&#10;&#9;&#9;&#9; if (p1.rank == 3) {&#13;&#10;&#9;&#9;&#9;&#9; swapPieces(p1, p2);&#13;&#10;&#9;&#9;&#9;&#9; removePiece(p2);&#13;&#10;&#9;&#9;&#9;&#9; return p1.getOwner() + &quot;defused a&quot; + p2.getOwner() + &quot;bomb&quot;;&#13;&#10;&#9;&#9;&#9; } else {&#13;&#10;&#9;&#9;&#9;&#9;removePiece(p1);&#13;&#10;&#9;&#9;&#9;&#9;removePiece(p2);&#13;&#10;&#9;&#9;&#9;&#9;return &quot;A bomb has exploded!&quot;;&#13;&#10;&#9;&#9;&#9; }&#13;&#10;&#9;&#9;} else if (p2 instanceof Flag) {&#13;&#10;&#9;&#9;&#9;swapPieces(p1, p2);&#13;&#10;&#9;&#9;&#9;removePiece(p2);&#13;&#10;&#9;&#9;&#9;return p1.getOwner() + &quot;has defeated&quot; + p2.getOwner();&#13;&#10;&#9;&#9;} else if ((p1.rank == 0) &amp;&amp; (p2.rank == 9)) { //Spy attacking Marshall case&#13;&#10;&#9;&#9;&#9;swapPieces(p1, p2);&#13;&#10;&#9;&#9;&#9;removePiece(p2);&#13;&#10;&#9;&#9;} else if (p1.rank &gt; p2.rank) {&#13;&#10;&#9;&#9;&#9;swapPieces(p1, p2);&#13;&#10;&#9;&#9;&#9;removePiece(p2);&#13;&#10;&#9;&#9;&#9;return p1.getOwner() + &quot; beat &quot; + p2.getOwner();&#13;&#10;&#9;&#9;} else if (p1.rank &lt; p2.rank) {&#13;&#10;&#9;&#9;&#9;removePiece(p1);&#13;&#10;&#9;&#9;&#9;return p2.getOwner() + &quot; beat &quot; + p1.getOwner();&#13;&#10;&#9;&#9;} else if (p1.rank == p2.rank) {&#13;&#10;&#9;&#9;&#9;removePiece(p1);&#13;&#10;&#9;&#9;&#9;removePiece(p2);&#13;&#10;&#9;&#9;&#9;return p1.getOwner() + &quot; tied &quot; + p2.getOwner();&#13;&#10;&#9;&#9;}&#13;&#10;&#9;&#9;return &quot;Error: case not handled&quot;;&#13;&#10;&#9;}&#13;&#10;&#9;&#13;&#10;&#9;private void removePiece(AbstractPiece p) {&#13;&#10;&#9;&#9;AbstractPiece clear = new ClearPiece();&#13;&#10;&#9;&#9;clear.setLocation(p.getLocation());&#13;&#10;&#9;&#9;clear.setPreferredSize(PIECE_SIZE);&#13;&#10;&#9;&#9;clear.setObserver(this);&#13;&#10;&#9;&#9;Point point1 = p.getLocation();&#13;&#10;&#9;&#9;this.remove(p);&#13;&#10;&#9;&#9;p.setLocation(null);&#13;&#10;&#9;&#9;clear.setLocation(point1);&#13;&#10;&#9;&#9;GridBagConstraints c = new GridBagConstraints();&#13;&#10;&#9;&#9;c.fill = GridBagConstraints.BOTH;&#13;&#10;&#9;&#9;c.gridx = point1.x;&#13;&#10;&#9;&#9;c.gridy = point1.y;&#13;&#10;&#9;&#9;pieces[point1.x][point1.y] = clear;&#13;&#10;&#9;&#9;this.add(clear, c);&#13;&#10;&#9;&#9;validate();&#13;&#10;&#9;&#9;repaint();&#13;&#10;&#9;}&#13;&#10;}&#13;&#10;" Filename="GameBoard.java" Intrnl_Id="10"/>
<SrcFile Content="package game;&#13;&#10;import game.GameBoard.User;&#13;&#10;&#13;&#10;import javax.swing.JFrame;&#13;&#10;&#13;&#10;public class GameApplet {&#13;&#10;&#13;&#10;&#9;public static void main(String[] args) {&#13;&#10;&#9;&#9;JFrame player1Frame = new GameBoardFrame(User.PLAYER1);&#13;&#10;&#9;&#9;JFrame player2Frame = new GameBoardFrame(User.PLAYER2);&#13;&#10;&#9;&#9;player2Frame.setLocation(player1Frame.getX() + player1Frame.getWidth(), player2Frame.getY());&#13;&#10;&#9;}&#13;&#10;}&#13;&#10;" Filename="GameApplet.java" Intrnl_Id="11"/>
<SrcFile Content="package game;&#13;&#10;&#13;&#10;import java.awt.Color;&#13;&#10;import java.awt.event.ActionEvent;&#13;&#10;&#13;&#10;public class Flag extends AbstractPiece{&#13;&#10;&#9;&#13;&#10;&#9;public Flag() {&#13;&#10;&#9;&#9;setBackground(Color.ORANGE); //Will be team's color&#13;&#10;&#9;&#9;this.rank = rank;&#13;&#10;&#9;&#9;this.name = &quot;Flag&quot;;&#13;&#10;&#9;&#9;addActionListener(this);&#13;&#10;&#9;}&#13;&#10;&#9;@Override&#13;&#10;&#9;public void actionPerformed(ActionEvent e) {&#13;&#10;&#9;&#9;// TODO Auto-generated method stub&#13;&#10;&#9;&#9;&#13;&#10;&#9;}&#13;&#10;&#13;&#10;&#9;@Override&#13;&#10;&#9;public void setSelected(boolean selected) {&#13;&#10;&#9;&#9;this.selected = selected;&#13;&#10;&#9;}&#13;&#10;&#13;&#10;&#9;@Override&#13;&#10;&#9;public void hide() {&#13;&#10;&#9;&#9;// TODO Auto-generated method stub&#13;&#10;&#9;&#9;&#13;&#10;&#9;}&#13;&#10;&#13;&#10;&#9;@Override&#13;&#10;&#9;public void show() {&#13;&#10;&#9;&#9;// TODO Auto-generated method stub&#13;&#10;&#9;&#9;&#13;&#10;&#9;}&#13;&#10;&#13;&#10;}&#13;&#10;" Filename="Flag.java" Intrnl_Id="12"/>
<SrcFile Content="package game;&#13;&#10;&#13;&#10;import game.GameBoard.User;&#13;&#10;&#13;&#10;import java.awt.Color;&#13;&#10;import java.awt.event.ActionEvent;&#13;&#10;&#13;&#10;import javax.swing.border.LineBorder;&#13;&#10;&#13;&#10;public class ClearPiece extends AbstractPiece {&#13;&#10;&#9;&#13;&#10;&#9;private int index;&#13;&#10;&#9;&#13;&#10;&#9;public ClearPiece() {&#13;&#10;&#9;&#9;addActionListener(this);&#13;&#10;&#9;&#9;setBackground(Color.WHITE);&#13;&#10;&#9;}&#13;&#10;&#13;&#10;&#9;@Override&#13;&#10;&#9;public void actionPerformed(ActionEvent arg0) {&#13;&#10;&#9;&#9;if(selected) {&#13;&#10;&#9;&#9;&#9;observer.selectedButtonPressed(location);&#13;&#10;&#9;&#9;}&#13;&#10;&#9;}&#13;&#10;&#13;&#10;&#9;@Override&#13;&#10;&#9;public void setSelected(boolean selected) {&#13;&#10;&#9;&#9;if(selected) {&#13;&#10;&#9;&#9;&#9;this.setBorder(new LineBorder(Color.RED, 5));&#13;&#10;&#9;&#9;} else {&#13;&#10;&#9;&#9;&#9;this.setBorder(new LineBorder(Color.GRAY, 1));&#13;&#10;&#9;&#9;}&#13;&#10;&#13;&#10;&#9;&#9;this.selected = selected;&#13;&#10;&#9;}&#13;&#10;&#13;&#10;&#9;@Override&#13;&#10;&#9;public void hide() {&#13;&#10;&#9;&#9;// TODO Auto-generated method stub&#13;&#10;&#9;&#9;&#13;&#10;&#9;}&#13;&#10;&#13;&#10;&#9;@Override&#13;&#10;&#9;public void show() {&#13;&#10;&#9;&#9;// TODO Auto-generated method stub&#13;&#10;&#9;&#9;&#13;&#10;&#9;}&#13;&#10;&#9;&#13;&#10;&#9;@Override&#13;&#10;&#9;public void setOwner(User u) {&#13;&#10;&#9;&#9;this.owner = null;&#13;&#10;&#9;}&#13;&#10;&#9;&#13;&#10;&#9;@Override&#13;&#10;&#9;public User getOwner() {&#13;&#10;&#9;&#9;return null;&#13;&#10;&#9;}&#13;&#10;&#13;&#10;}&#13;&#10;" Filename="ClearPiece.java" Intrnl_Id="13"/>
<SrcFile Content="package game;&#13;&#10;&#13;&#10;import java.awt.Color;&#13;&#10;import java.awt.Point;&#13;&#10;import java.awt.event.ActionEvent;&#13;&#10;&#13;&#10;import javax.swing.border.LineBorder;&#13;&#10;&#13;&#10;public class Bomb extends AbstractPiece{&#13;&#10;&#9;&#13;&#10;&#9;public Bomb() {&#13;&#10;&#9;&#9;setText(&quot;Bomb&quot;);&#13;&#10;&#9;&#9;setBackground(Color.GREEN);&#13;&#10;&#9;&#9;this.rank = rank;&#13;&#10;&#9;&#9;this.name = &quot;Bomb&quot;;&#13;&#10;&#9;&#9;addActionListener(this);&#13;&#10;&#9;}&#13;&#10;&#13;&#10;&#9;@Override&#13;&#10;&#9;public void actionPerformed(ActionEvent e) {&#13;&#10;&#9;&#9;if (selected) {&#13;&#10;&#9;&#9;&#9;observer.selectedButtonPressed(location);&#13;&#10;&#9;&#9;} else {&#13;&#10;&#9;&#9;&#9;//observer.nonSelectedButtonPressed(location);&#13;&#10;&#9;&#9;}&#13;&#10;&#9;}&#13;&#10;&#13;&#10;&#9;@Override&#13;&#10;&#9;public void setSelected(boolean selected) {&#13;&#10;&#9;&#9;if (selected) {&#13;&#10;&#9;&#9;&#9;this.setBorder(new LineBorder(Color.YELLOW, 5));&#13;&#10;&#9;&#9;} else {&#13;&#10;&#9;&#9;&#9;this.setBorder(new LineBorder(Color.GRAY, 1));&#13;&#10;&#9;&#9;}&#13;&#10;&#9;&#9;this.selected = selected;&#13;&#10;&#9;}&#13;&#10;&#13;&#10;&#9;@Override&#13;&#10;&#9;public void hide() {&#13;&#10;&#9;&#9;// TODO Auto-generated method stub&#13;&#10;&#9;&#9;&#13;&#10;&#9;}&#13;&#10;&#13;&#10;&#9;@Override&#13;&#10;&#9;public void show() {&#13;&#10;&#9;&#9;// TODO Auto-generated method stub&#13;&#10;&#9;&#9;&#13;&#10;&#9;}&#13;&#10;}&#13;&#10;" Filename="Bomb.java" Intrnl_Id="14"/>
<SrcFile Content="package game;&#13;&#10;&#13;&#10;import game.GameBoard.User;&#13;&#10;&#13;&#10;import java.awt.Point;&#13;&#10;import java.awt.event.ActionEvent;&#13;&#10;import java.awt.event.ActionListener;&#13;&#10;&#13;&#10;import javax.swing.JButton;&#13;&#10;&#13;&#10;public abstract class AbstractPiece extends JButton implements IPiece, ActionListener {&#13;&#10;&#13;&#10;&#9;protected Boolean selected = false;&#13;&#10;&#9;protected Point location = new Point();&#13;&#10;&#9;protected IPieceObserver observer;&#13;&#10;&#9;protected int rank;&#13;&#10;&#9;protected int boardIndex = 0;&#13;&#10;&#9;protected User owner;&#13;&#10;&#9;protected String name;&#13;&#10;&#13;&#10;&#9;@Override&#13;&#10;&#9;public abstract void actionPerformed(ActionEvent e);&#13;&#10;&#13;&#10;&#9;@Override&#13;&#10;&#9;public abstract void setSelected(boolean selected);&#13;&#10;&#13;&#10;&#9;@Override&#13;&#10;&#9;public abstract void hide();&#13;&#10;&#13;&#10;&#9;@Override&#13;&#10;&#9;public abstract void show();&#13;&#10;&#13;&#10;&#9;@Override&#13;&#10;&#9;public boolean isSelected() {&#13;&#10;&#9;&#9;return selected;&#13;&#10;&#9;}&#13;&#10;&#13;&#10;&#9;@Override&#13;&#10;&#9;public void setObserver(IPieceObserver observer) {&#13;&#10;&#9;&#9;this.observer = observer;&#13;&#10;&#9;}&#13;&#10;&#13;&#10;&#9;@Override&#13;&#10;&#9;public void setLocation(Point location) {&#13;&#10;&#9;&#9;this.location = location;&#13;&#10;&#9;&#13;&#10;&#9;}&#13;&#10;&#13;&#10;&#9;@Override&#13;&#10;&#9;public Point getLocation() {&#13;&#10;&#9;&#9;return this.location;&#13;&#10;&#9;} &#13;&#10;&#9;&#13;&#10;&#9;@Override&#13;&#10;&#9;public User getOwner() {&#13;&#10;&#9;&#9;return owner;&#13;&#10;&#9;}&#13;&#10;&#13;&#10;&#9;@Override&#13;&#10;&#9;public void setOwner(User owner) {&#13;&#10;&#9;&#9;this.owner = owner;&#13;&#10;&#9;}&#13;&#10;&#9;&#13;&#10;&#9;public String getName() {&#13;&#10;&#9;&#9;return name;&#13;&#10;&#9;}&#13;&#10;&#9;&#13;&#10;&#9;public int getRank() {&#13;&#10;&#9;&#9;return rank;&#13;&#10;&#9;}&#13;&#10;&#13;&#10;&#9;@Override&#13;&#10;&#9;public String toString() {&#13;&#10;&#9;&#9;return name + &quot;: &quot; + rank;&#13;&#10;&#9;}&#13;&#10;}&#13;&#10;" Filename="AbstractPiece.java" Intrnl_Id="15"/>
</SrcFileList>
<CritList>
<CritListEntry Name="org.codecover.model.utils.criteria.LoopCoverage" PluginName="org.codecover"/>
<CritListEntry Name="org.codecover.model.utils.criteria.BranchCoverage" PluginName="org.codecover"/>
<CritListEntry Name="org.codecover.model.utils.criteria.ConditionCoverage" PluginName="org.codecover"/>
<CritListEntry Name="org.codecover.model.utils.criteria.SynchronizedStatementCoverage" PluginName="org.codecover"/>
<CritListEntry Name="org.codecover.model.utils.criteria.QMOCoverage" PluginName="org.codecover"/>
<CritListEntry Name="org.codecover.model.utils.criteria.StatementCoverage" PluginName="org.codecover"/>
</CritList>
<BoolOpList>
<BoolOp Arity="2" Intrnl_Id="16" Name="conditional and (&amp;&amp;)">
<BoolAssgnmntBoolMapList>
<MapEntry BoolAssgnmnt="10" Value="false"/>
<MapEntry BoolAssgnmnt="02" Value="false"/>
<MapEntry BoolAssgnmnt="11" Value="true"/>
</BoolAssgnmntBoolMapList>
</BoolOp>
</BoolOpList>
<HierarchyLvlTypeList>
<HierarchyLvlType EnglishName="enumeration" IntrnlName="enum" Intrnl_Id="17"/>
<HierarchyLvlType EnglishName="package" IntrnlName="package" Intrnl_Id="18"/>
<HierarchyLvlType EnglishName="class" IntrnlName="class" Intrnl_Id="19"/>
<HierarchyLvlType EnglishName="method" IntrnlName="method" Intrnl_Id="20"/>
<HierarchyLvlType EnglishName="default package" IntrnlName="default package" Intrnl_Id="21"/>
<HierarchyLvlType EnglishName="interface" IntrnlName="interface" Intrnl_Id="22"/>
</HierarchyLvlTypeList>
<MASTRoot>
<HierarchyLvl HierarchyLvlId="226" HierarchyLvlTypeId="21" Intrnl_Id="23" Name="default package">
<Header/>
<LocList/>
<HierarchyLvl HierarchyLvlId="225" HierarchyLvlTypeId="18" Intrnl_Id="24" Name="game">
<Header/>
<LocList/>
<HierarchyLvl HierarchyLvlId="120" HierarchyLvlTypeId="19" Intrnl_Id="25" Name="Soldier">
<Header>
<Loc EndOffset="160" SrcFileId="1" StartOffset="118"/>
</Header>
<LocList>
<Loc EndOffset="1077" SrcFileId="1" StartOffset="118"/>
</LocList>
<HierarchyLvl HierarchyLvlId="114" HierarchyLvlTypeId="20" Intrnl_Id="26" Name="Soldier">
<Header>
<Loc EndOffset="205" SrcFileId="1" StartOffset="168"/>
</Header>
<LocList>
<Loc EndOffset="365" SrcFileId="1" StartOffset="168"/>
</LocList>
<StmntSeq Intrnl_Id="27">
<LocList>
<Loc EndOffset="238" SrcFileId="1" StartOffset="211"/>
<Loc EndOffset="259" SrcFileId="1" StartOffset="242"/>
<Loc EndOffset="280" SrcFileId="1" StartOffset="263"/>
<Loc EndOffset="333" SrcFileId="1" StartOffset="284"/>
<Loc EndOffset="361" SrcFileId="1" StartOffset="337"/>
</LocList>
<BasicStmnt CovItemId="S1" CovItemPrefix="game.Soldier.java" Intrnl_Id="28">
<LocList>
<Loc EndOffset="238" SrcFileId="1" StartOffset="211"/>
</LocList>
</BasicStmnt>
<BasicStmnt CovItemId="S2" CovItemPrefix="game.Soldier.java" Intrnl_Id="29">
<LocList>
<Loc EndOffset="259" SrcFileId="1" StartOffset="242"/>
</LocList>
</BasicStmnt>
<BasicStmnt CovItemId="S3" CovItemPrefix="game.Soldier.java" Intrnl_Id="30">
<LocList>
<Loc EndOffset="280" SrcFileId="1" StartOffset="263"/>
</LocList>
</BasicStmnt>
<BasicStmnt CovItemId="S4" CovItemPrefix="game.Soldier.java" Intrnl_Id="31">
<LocList>
<Loc EndOffset="333" SrcFileId="1" StartOffset="284"/>
</LocList>
</BasicStmnt>
<BasicStmnt CovItemId="S5" CovItemPrefix="game.Soldier.java" Intrnl_Id="32">
<LocList>
<Loc EndOffset="361" SrcFileId="1" StartOffset="337"/>
</LocList>
</BasicStmnt>
</StmntSeq>
</HierarchyLvl>
<HierarchyLvl HierarchyLvlId="115" HierarchyLvlTypeId="20" Intrnl_Id="33" Name="Soldier">
<Header>
<Loc EndOffset="394" SrcFileId="1" StartOffset="370"/>
</Header>
<LocList>
<Loc EndOffset="480" SrcFileId="1" StartOffset="370"/>
</LocList>
<StmntSeq Intrnl_Id="34">
<LocList>
<Loc EndOffset="427" SrcFileId="1" StartOffset="400"/>
<Loc EndOffset="448" SrcFileId="1" StartOffset="431"/>
<Loc EndOffset="476" SrcFileId="1" StartOffset="452"/>
</LocList>
<BasicStmnt CovItemId="S6" CovItemPrefix="game.Soldier.java" Intrnl_Id="35">
<LocList>
<Loc EndOffset="427" SrcFileId="1" StartOffset="400"/>
</LocList>
</BasicStmnt>
<BasicStmnt CovItemId="S7" CovItemPrefix="game.Soldier.java" Intrnl_Id="36">
<LocList>
<Loc EndOffset="448" SrcFileId="1" StartOffset="431"/>
</LocList>
</BasicStmnt>
<BasicStmnt CovItemId="S8" CovItemPrefix="game.Soldier.java" Intrnl_Id="37">
<LocList>
<Loc EndOffset="476" SrcFileId="1" StartOffset="452"/>
</LocList>
</BasicStmnt>
</StmntSeq>
</HierarchyLvl>
<HierarchyLvl HierarchyLvlId="116" HierarchyLvlTypeId="20" Intrnl_Id="38" Name="setSelected">
<Header>
<Loc EndOffset="538" SrcFileId="1" StartOffset="485"/>
</Header>
<LocList>
<Loc EndOffset="713" SrcFileId="1" StartOffset="485"/>
</LocList>
<StmntSeq Intrnl_Id="39">
<LocList>
<Loc EndOffset="680" SrcFileId="1" StartOffset="544"/>
<Loc EndOffset="709" SrcFileId="1" StartOffset="684"/>
</LocList>
<CondStmnt CovItemId="S9" CovItemPrefix="game.Soldier.java" Intrnl_Id="40">
<Branch CovItemId="B1" CovItemPrefix="game.Soldier.java" Implct="false" Intrnl_Id="41">
<Cond/>
<LocList>
<Loc EndOffset="617" SrcFileId="1" StartOffset="558"/>
</LocList>
<StmntSeq Intrnl_Id="42">
<LocList>
<Loc EndOffset="612" SrcFileId="1" StartOffset="564"/>
</LocList>
<BasicStmnt CovItemId="S10" CovItemPrefix="game.Soldier.java" Intrnl_Id="43">
<LocList>
<Loc EndOffset="612" SrcFileId="1" StartOffset="564"/>
</LocList>
</BasicStmnt>
</StmntSeq>
</Branch>
<Branch CovItemId="B2" CovItemPrefix="game.Soldier.java" Implct="false" Intrnl_Id="44">
<Cond>
<Loc EndOffset="622" SrcFileId="1" StartOffset="618"/>
</Cond>
<LocList>
<Loc EndOffset="680" SrcFileId="1" StartOffset="623"/>
</LocList>
<StmntSeq Intrnl_Id="45">
<LocList>
<Loc EndOffset="675" SrcFileId="1" StartOffset="629"/>
</LocList>
<BasicStmnt CovItemId="S11" CovItemPrefix="game.Soldier.java" Intrnl_Id="46">
<LocList>
<Loc EndOffset="675" SrcFileId="1" StartOffset="629"/>
</LocList>
</BasicStmnt>
</StmntSeq>
</Branch>
<Keyword EndOffset="546" SrcFileId="1" StartOffset="544"/>
<LocList>
<Loc EndOffset="680" SrcFileId="1" StartOffset="544"/>
</LocList>
<RootTerm CovItemId="C1" CovItemPrefix="game.Soldier.java" Intrnl_Id="47">
<BasicBoolTerm Intrnl_Id="48">
<LocList>
<Loc EndOffset="556" SrcFileId="1" StartOffset="548"/>
</LocList>
</BasicBoolTerm>
</RootTerm>
</CondStmnt>
<BasicStmnt CovItemId="S12" CovItemPrefix="game.Soldier.java" Intrnl_Id="49">
<LocList>
<Loc EndOffset="709" SrcFileId="1" StartOffset="684"/>
</LocList>
</BasicStmnt>
</StmntSeq>
</HierarchyLvl>
<HierarchyLvl HierarchyLvlId="117" HierarchyLvlTypeId="20" Intrnl_Id="50" Name="hide">
<Header>
<Loc EndOffset="748" SrcFileId="1" StartOffset="718"/>
</Header>
<LocList>
<Loc EndOffset="794" SrcFileId="1" StartOffset="718"/>
</LocList>
</HierarchyLvl>
<HierarchyLvl HierarchyLvlId="118" HierarchyLvlTypeId="20" Intrnl_Id="51" Name="show">
<Header>
<Loc EndOffset="829" SrcFileId="1" StartOffset="799"/>
</Header>
<LocList>
<Loc EndOffset="875" SrcFileId="1" StartOffset="799"/>
</LocList>
</HierarchyLvl>
<HierarchyLvl HierarchyLvlId="119" HierarchyLvlTypeId="20" Intrnl_Id="52" Name="actionPerformed">
<Header>
<Loc EndOffset="934" SrcFileId="1" StartOffset="880"/>
</Header>
<LocList>
<Loc EndOffset="1071" SrcFileId="1" StartOffset="880"/>
</LocList>
<StmntSeq Intrnl_Id="53">
<LocList>
<Loc EndOffset="1067" SrcFileId="1" StartOffset="940"/>
</LocList>
<CondStmnt CovItemId="S13" CovItemPrefix="game.Soldier.java" Intrnl_Id="54">
<Branch CovItemId="B3" CovItemPrefix="game.Soldier.java" Implct="false" Intrnl_Id="55">
<Cond/>
<LocList>
<Loc EndOffset="1006" SrcFileId="1" StartOffset="954"/>
</LocList>
<StmntSeq Intrnl_Id="56">
<LocList>
<Loc EndOffset="1001" SrcFileId="1" StartOffset="960"/>
</LocList>
<BasicStmnt CovItemId="S14" CovItemPrefix="game.Soldier.java" Intrnl_Id="57">
<LocList>
<Loc EndOffset="1001" SrcFileId="1" StartOffset="960"/>
</LocList>
</BasicStmnt>
</StmntSeq>
</Branch>
<Branch CovItemId="B4" CovItemPrefix="game.Soldier.java" Implct="false" Intrnl_Id="58">
<Cond>
<Loc EndOffset="1011" SrcFileId="1" StartOffset="1007"/>
</Cond>
<LocList>
<Loc EndOffset="1067" SrcFileId="1" StartOffset="1012"/>
</LocList>
<StmntSeq Intrnl_Id="59">
<LocList>
<Loc EndOffset="1062" SrcFileId="1" StartOffset="1018"/>
</LocList>
<BasicStmnt CovItemId="S15" CovItemPrefix="game.Soldier.java" Intrnl_Id="60">
<LocList>
<Loc EndOffset="1062" SrcFileId="1" StartOffset="1018"/>
</LocList>
</BasicStmnt>
</StmntSeq>
</Branch>
<Keyword EndOffset="942" SrcFileId="1" StartOffset="940"/>
<LocList>
<Loc EndOffset="1067" SrcFileId="1" StartOffset="940"/>
</LocList>
<RootTerm CovItemId="C2" CovItemPrefix="game.Soldier.java" Intrnl_Id="61">
<BasicBoolTerm Intrnl_Id="62">
<LocList>
<Loc EndOffset="952" SrcFileId="1" StartOffset="944"/>
</LocList>
</BasicBoolTerm>
</RootTerm>
</CondStmnt>
</StmntSeq>
</HierarchyLvl>
</HierarchyLvl>
<HierarchyLvl HierarchyLvlId="130" HierarchyLvlTypeId="19" Intrnl_Id="63" Name="SetupBoard">
<Header>
<Loc EndOffset="497" SrcFileId="2" StartOffset="433"/>
</Header>
<LocList>
<Loc EndOffset="4612" SrcFileId="2" StartOffset="433"/>
</LocList>
<StmntSeq Intrnl_Id="64">
<LocList>
<Loc EndOffset="570" SrcFileId="2" StartOffset="504"/>
</LocList>
<BasicStmnt CovItemId="S1" CovItemPrefix="game.SetupBoard.java" Intrnl_Id="65">
<LocList>
<Loc EndOffset="570" SrcFileId="2" StartOffset="504"/>
</LocList>
</BasicStmnt>
</StmntSeq>
<HierarchyLvl HierarchyLvlId="121" HierarchyLvlTypeId="20" Intrnl_Id="66" Name="SetupBoard">
<Header>
<Loc EndOffset="784" SrcFileId="2" StartOffset="755"/>
</Header>
<LocList>
<Loc EndOffset="1028" SrcFileId="2" StartOffset="755"/>
</LocList>
<StmntSeq Intrnl_Id="67">
<LocList>
<Loc EndOffset="798" SrcFileId="2" StartOffset="790"/>
<Loc EndOffset="821" SrcFileId="2" StartOffset="802"/>
<Loc EndOffset="859" SrcFileId="2" StartOffset="825"/>
<Loc EndOffset="892" SrcFileId="2" StartOffset="863"/>
<Loc EndOffset="919" SrcFileId="2" StartOffset="896"/>
<Loc EndOffset="973" SrcFileId="2" StartOffset="923"/>
<Loc EndOffset="1001" SrcFileId="2" StartOffset="977"/>
<Loc EndOffset="1024" SrcFileId="2" StartOffset="1005"/>
</LocList>
<BasicStmnt CovItemId="S2" CovItemPrefix="game.SetupBoard.java" Intrnl_Id="68">
<LocList>
<Loc EndOffset="798" SrcFileId="2" StartOffset="790"/>
</LocList>
</BasicStmnt>
<BasicStmnt CovItemId="S3" CovItemPrefix="game.SetupBoard.java" Intrnl_Id="69">
<LocList>
<Loc EndOffset="821" SrcFileId="2" StartOffset="802"/>
</LocList>
</BasicStmnt>
<BasicStmnt CovItemId="S4" CovItemPrefix="game.SetupBoard.java" Intrnl_Id="70">
<LocList>
<Loc EndOffset="859" SrcFileId="2" StartOffset="825"/>
</LocList>
</BasicStmnt>
<BasicStmnt CovItemId="S5" CovItemPrefix="game.SetupBoard.java" Intrnl_Id="71">
<LocList>
<Loc EndOffset="892" SrcFileId="2" StartOffset="863"/>
</LocList>
</BasicStmnt>
<BasicStmnt CovItemId="S6" CovItemPrefix="game.SetupBoard.java" Intrnl_Id="72">
<LocList>
<Loc EndOffset="919" SrcFileId="2" StartOffset="896"/>
</LocList>
</BasicStmnt>
<BasicStmnt CovItemId="S7" CovItemPrefix="game.SetupBoard.java" Intrnl_Id="73">
<LocList>
<Loc EndOffset="973" SrcFileId="2" StartOffset="923"/>
</LocList>
</BasicStmnt>
<BasicStmnt CovItemId="S8" CovItemPrefix="game.SetupBoard.java" Intrnl_Id="74">
<LocList>
<Loc EndOffset="1001" SrcFileId="2" StartOffset="977"/>
</LocList>
</BasicStmnt>
<BasicStmnt CovItemId="S9" CovItemPrefix="game.SetupBoard.java" Intrnl_Id="75">
<LocList>
<Loc EndOffset="1024" SrcFileId="2" StartOffset="1005"/>
</LocList>
</BasicStmnt>
</StmntSeq>
</HierarchyLvl>
<HierarchyLvl HierarchyLvlId="122" HierarchyLvlTypeId="20" Intrnl_Id="76" Name="instantiateModel">
<Header>
<Loc EndOffset="1107" SrcFileId="2" StartOffset="1033"/>
</Header>
<LocList>
<Loc EndOffset="2026" SrcFileId="2" StartOffset="1033"/>
</LocList>
<StmntSeq Intrnl_Id="77">
<LocList>
<Loc EndOffset="1157" SrcFileId="2" StartOffset="1113"/>
<Loc EndOffset="1244" SrcFileId="2" StartOffset="1161"/>
<Loc EndOffset="1291" SrcFileId="2" StartOffset="1248"/>
<Loc EndOffset="1379" SrcFileId="2" StartOffset="1295"/>
<Loc EndOffset="1467" SrcFileId="2" StartOffset="1383"/>
<Loc EndOffset="1558" SrcFileId="2" StartOffset="1471"/>
<Loc EndOffset="1651" SrcFileId="2" StartOffset="1562"/>
<Loc EndOffset="1741" SrcFileId="2" StartOffset="1655"/>
<Loc EndOffset="1829" SrcFileId="2" StartOffset="1745"/>
<Loc EndOffset="1919" SrcFileId="2" StartOffset="1833"/>
<Loc EndOffset="1970" SrcFileId="2" StartOffset="1923"/>
<Loc EndOffset="2022" SrcFileId="2" StartOffset="1974"/>
</LocList>
<BasicStmnt CovItemId="S10" CovItemPrefix="game.SetupBoard.java" Intrnl_Id="78">
<LocList>
<Loc EndOffset="1157" SrcFileId="2" StartOffset="1113"/>
</LocList>
</BasicStmnt>
<LoopStmnt CovItemId="S11" CovItemPrefix="game.SetupBoard.java" Intrnl_Id="79" MltplExecId="L1-2" MltplExecPrefix="game.SetupBoard.java" NvrExecId="L1-0" NvrExecPrefix="game.SetupBoard.java" OnceExecutedId="L1-1" OnceExecutedPrefix="game.SetupBoard.java" OptBodyExec="true">
<StmntSeq Intrnl_Id="80">
<LocList>
<Loc EndOffset="1239" SrcFileId="2" StartOffset="1195"/>
</LocList>
<BasicStmnt CovItemId="S12" CovItemPrefix="game.SetupBoard.java" Intrnl_Id="81">
<LocList>
<Loc EndOffset="1239" SrcFileId="2" StartOffset="1195"/>
</LocList>
</BasicStmnt>
</StmntSeq>
<Keyword EndOffset="1164" SrcFileId="2" StartOffset="1161"/>
<LocList>
<Loc EndOffset="1244" SrcFileId="2" StartOffset="1161"/>
</LocList>
<RootTerm CovItemId="C1" CovItemPrefix="game.SetupBoard.java" Intrnl_Id="82">
<BasicBoolTerm Intrnl_Id="83">
<LocList>
<Loc EndOffset="1182" SrcFileId="2" StartOffset="1177"/>
</LocList>
</BasicBoolTerm>
</RootTerm>
</LoopStmnt>
<BasicStmnt CovItemId="S13" CovItemPrefix="game.SetupBoard.java" Intrnl_Id="84">
<LocList>
<Loc EndOffset="1291" SrcFileId="2" StartOffset="1248"/>
</LocList>
</BasicStmnt>
<LoopStmnt CovItemId="S14" CovItemPrefix="game.SetupBoard.java" Intrnl_Id="85" MltplExecId="L2-2" MltplExecPrefix="game.SetupBoard.java" NvrExecId="L2-0" NvrExecPrefix="game.SetupBoard.java" OnceExecutedId="L2-1" OnceExecutedPrefix="game.SetupBoard.java" OptBodyExec="true">
<StmntSeq Intrnl_Id="86">
<LocList>
<Loc EndOffset="1374" SrcFileId="2" StartOffset="1329"/>
</LocList>
<BasicStmnt CovItemId="S15" CovItemPrefix="game.SetupBoard.java" Intrnl_Id="87">
<LocList>
<Loc EndOffset="1374" SrcFileId="2" StartOffset="1329"/>
</LocList>
</BasicStmnt>
</StmntSeq>
<Keyword EndOffset="1298" SrcFileId="2" StartOffset="1295"/>
<LocList>
<Loc EndOffset="1379" SrcFileId="2" StartOffset="1295"/>
</LocList>
<RootTerm CovItemId="C2" CovItemPrefix="game.SetupBoard.java" Intrnl_Id="88">
<BasicBoolTerm Intrnl_Id="89">
<LocList>
<Loc EndOffset="1316" SrcFileId="2" StartOffset="1311"/>
</LocList>
</BasicBoolTerm>
</RootTerm>
</LoopStmnt>
<LoopStmnt CovItemId="S16" CovItemPrefix="game.SetupBoard.java" Intrnl_Id="90" MltplExecId="L3-2" MltplExecPrefix="game.SetupBoard.java" NvrExecId="L3-0" NvrExecPrefix="game.SetupBoard.java" OnceExecutedId="L3-1" OnceExecutedPrefix="game.SetupBoard.java" OptBodyExec="true">
<StmntSeq Intrnl_Id="91">
<LocList>
<Loc EndOffset="1462" SrcFileId="2" StartOffset="1417"/>
</LocList>
<BasicStmnt CovItemId="S17" CovItemPrefix="game.SetupBoard.java" Intrnl_Id="92">
<LocList>
<Loc EndOffset="1462" SrcFileId="2" StartOffset="1417"/>
</LocList>
</BasicStmnt>
</StmntSeq>
<Keyword EndOffset="1386" SrcFileId="2" StartOffset="1383"/>
<LocList>
<Loc EndOffset="1467" SrcFileId="2" StartOffset="1383"/>
</LocList>
<RootTerm CovItemId="C3" CovItemPrefix="game.SetupBoard.java" Intrnl_Id="93">
<BasicBoolTerm Intrnl_Id="94">
<LocList>
<Loc EndOffset="1404" SrcFileId="2" StartOffset="1399"/>
</LocList>
</BasicBoolTerm>
</RootTerm>
</LoopStmnt>
<LoopStmnt CovItemId="S18" CovItemPrefix="game.SetupBoard.java" Intrnl_Id="95" MltplExecId="L4-2" MltplExecPrefix="game.SetupBoard.java" NvrExecId="L4-0" NvrExecPrefix="game.SetupBoard.java" OnceExecutedId="L4-1" OnceExecutedPrefix="game.SetupBoard.java" OptBodyExec="true">
<StmntSeq Intrnl_Id="96">
<LocList>
<Loc EndOffset="1553" SrcFileId="2" StartOffset="1505"/>
</LocList>
<BasicStmnt CovItemId="S19" CovItemPrefix="game.SetupBoard.java" Intrnl_Id="97">
<LocList>
<Loc EndOffset="1553" SrcFileId="2" StartOffset="1505"/>
</LocList>
</BasicStmnt>
</StmntSeq>
<Keyword EndOffset="1474" SrcFileId="2" StartOffset="1471"/>
<LocList>
<Loc EndOffset="1558" SrcFileId="2" StartOffset="1471"/>
</LocList>
<RootTerm CovItemId="C4" CovItemPrefix="game.SetupBoard.java" Intrnl_Id="98">
<BasicBoolTerm Intrnl_Id="99">
<LocList>
<Loc EndOffset="1492" SrcFileId="2" StartOffset="1487"/>
</LocList>
</BasicBoolTerm>
</RootTerm>
</LoopStmnt>
<LoopStmnt CovItemId="S20" CovItemPrefix="game.SetupBoard.java" Intrnl_Id="100" MltplExecId="L5-2" MltplExecPrefix="game.SetupBoard.java" NvrExecId="L5-0" NvrExecPrefix="game.SetupBoard.java" OnceExecutedId="L5-1" OnceExecutedPrefix="game.SetupBoard.java" OptBodyExec="true">
<StmntSeq Intrnl_Id="101">
<LocList>
<Loc EndOffset="1646" SrcFileId="2" StartOffset="1596"/>
</LocList>
<BasicStmnt CovItemId="S21" CovItemPrefix="game.SetupBoard.java" Intrnl_Id="102">
<LocList>
<Loc EndOffset="1646" SrcFileId="2" StartOffset="1596"/>
</LocList>
</BasicStmnt>
</StmntSeq>
<Keyword EndOffset="1565" SrcFileId="2" StartOffset="1562"/>
<LocList>
<Loc EndOffset="1651" SrcFileId="2" StartOffset="1562"/>
</LocList>
<RootTerm CovItemId="C5" CovItemPrefix="game.SetupBoard.java" Intrnl_Id="103">
<BasicBoolTerm Intrnl_Id="104">
<LocList>
<Loc EndOffset="1583" SrcFileId="2" StartOffset="1578"/>
</LocList>
</BasicBoolTerm>
</RootTerm>
</LoopStmnt>
<LoopStmnt CovItemId="S22" CovItemPrefix="game.SetupBoard.java" Intrnl_Id="105" MltplExecId="L6-2" MltplExecPrefix="game.SetupBoard.java" NvrExecId="L6-0" NvrExecPrefix="game.SetupBoard.java" OnceExecutedId="L6-1" OnceExecutedPrefix="game.SetupBoard.java" OptBodyExec="true">
<StmntSeq Intrnl_Id="106">
<LocList>
<Loc EndOffset="1736" SrcFileId="2" StartOffset="1689"/>
</LocList>
<BasicStmnt CovItemId="S23" CovItemPrefix="game.SetupBoard.java" Intrnl_Id="107">
<LocList>
<Loc EndOffset="1736" SrcFileId="2" StartOffset="1689"/>
</LocList>
</BasicStmnt>
</StmntSeq>
<Keyword EndOffset="1658" SrcFileId="2" StartOffset="1655"/>
<LocList>
<Loc EndOffset="1741" SrcFileId="2" StartOffset="1655"/>
</LocList>
<RootTerm CovItemId="C6" CovItemPrefix="game.SetupBoard.java" Intrnl_Id="108">
<BasicBoolTerm Intrnl_Id="109">
<LocList>
<Loc EndOffset="1676" SrcFileId="2" StartOffset="1671"/>
</LocList>
</BasicBoolTerm>
</RootTerm>
</LoopStmnt>
<LoopStmnt CovItemId="S24" CovItemPrefix="game.SetupBoard.java" Intrnl_Id="110" MltplExecId="L7-2" MltplExecPrefix="game.SetupBoard.java" NvrExecId="L7-0" NvrExecPrefix="game.SetupBoard.java" OnceExecutedId="L7-1" OnceExecutedPrefix="game.SetupBoard.java" OptBodyExec="true">
<StmntSeq Intrnl_Id="111">
<LocList>
<Loc EndOffset="1824" SrcFileId="2" StartOffset="1779"/>
</LocList>
<BasicStmnt CovItemId="S25" CovItemPrefix="game.SetupBoard.java" Intrnl_Id="112">
<LocList>
<Loc EndOffset="1824" SrcFileId="2" StartOffset="1779"/>
</LocList>
</BasicStmnt>
</StmntSeq>
<Keyword EndOffset="1748" SrcFileId="2" StartOffset="1745"/>
<LocList>
<Loc EndOffset="1829" SrcFileId="2" StartOffset="1745"/>
</LocList>
<RootTerm CovItemId="C7" CovItemPrefix="game.SetupBoard.java" Intrnl_Id="113">
<BasicBoolTerm Intrnl_Id="114">
<LocList>
<Loc EndOffset="1766" SrcFileId="2" StartOffset="1761"/>
</LocList>
</BasicBoolTerm>
</RootTerm>
</LoopStmnt>
<LoopStmnt CovItemId="S26" CovItemPrefix="game.SetupBoard.java" Intrnl_Id="115" MltplExecId="L8-2" MltplExecPrefix="game.SetupBoard.java" NvrExecId="L8-0" NvrExecPrefix="game.SetupBoard.java" OnceExecutedId="L8-1" OnceExecutedPrefix="game.SetupBoard.java" OptBodyExec="true">
<StmntSeq Intrnl_Id="116">
<LocList>
<Loc EndOffset="1914" SrcFileId="2" StartOffset="1867"/>
</LocList>
<BasicStmnt CovItemId="S27" CovItemPrefix="game.SetupBoard.java" Intrnl_Id="117">
<LocList>
<Loc EndOffset="1914" SrcFileId="2" StartOffset="1867"/>
</LocList>
</BasicStmnt>
</StmntSeq>
<Keyword EndOffset="1836" SrcFileId="2" StartOffset="1833"/>
<LocList>
<Loc EndOffset="1919" SrcFileId="2" StartOffset="1833"/>
</LocList>
<RootTerm CovItemId="C8" CovItemPrefix="game.SetupBoard.java" Intrnl_Id="118">
<BasicBoolTerm Intrnl_Id="119">
<LocList>
<Loc EndOffset="1854" SrcFileId="2" StartOffset="1849"/>
</LocList>
</BasicBoolTerm>
</RootTerm>
</LoopStmnt>
<BasicStmnt CovItemId="S28" CovItemPrefix="game.SetupBoard.java" Intrnl_Id="120">
<LocList>
<Loc EndOffset="1970" SrcFileId="2" StartOffset="1923"/>
</LocList>
</BasicStmnt>
<BasicStmnt CovItemId="S29" CovItemPrefix="game.SetupBoard.java" Intrnl_Id="121">
<LocList>
<Loc EndOffset="2022" SrcFileId="2" StartOffset="1974"/>
</LocList>
</BasicStmnt>
</StmntSeq>
</HierarchyLvl>
<HierarchyLvl HierarchyLvlId="123" HierarchyLvlTypeId="20" Intrnl_Id="122" Name="instantiateBoard">
<Header>
<Loc EndOffset="2064" SrcFileId="2" StartOffset="2031"/>
</Header>
<LocList>
<Loc EndOffset="2348" SrcFileId="2" StartOffset="2031"/>
</LocList>
<StmntSeq Intrnl_Id="123">
<LocList>
<Loc EndOffset="2344" SrcFileId="2" StartOffset="2070"/>
</LocList>
<LoopStmnt CovItemId="S30" CovItemPrefix="game.SetupBoard.java" Intrnl_Id="124" MltplExecId="L9-2" MltplExecPrefix="game.SetupBoard.java" NvrExecId="L9-0" NvrExecPrefix="game.SetupBoard.java" OnceExecutedId="L9-1" OnceExecutedPrefix="game.SetupBoard.java" OptBodyExec="true">
<StmntSeq Intrnl_Id="125">
<LocList>
<Loc EndOffset="2339" SrcFileId="2" StartOffset="2104"/>
</LocList>
<LoopStmnt CovItemId="S31" CovItemPrefix="game.SetupBoard.java" Intrnl_Id="126" MltplExecId="L10-2" MltplExecPrefix="game.SetupBoard.java" NvrExecId="L10-0" NvrExecPrefix="game.SetupBoard.java" OnceExecutedId="L10-1" OnceExecutedPrefix="game.SetupBoard.java" OptBodyExec="true">
<StmntSeq Intrnl_Id="127">
<LocList>
<Loc EndOffset="2219" SrcFileId="2" StartOffset="2140"/>
<Loc EndOffset="2250" SrcFileId="2" StartOffset="2225"/>
<Loc EndOffset="2304" SrcFileId="2" StartOffset="2256"/>
<Loc EndOffset="2333" SrcFileId="2" StartOffset="2310"/>
</LocList>
<BasicStmnt CovItemId="S32" CovItemPrefix="game.SetupBoard.java" Intrnl_Id="128">
<LocList>
<Loc EndOffset="2219" SrcFileId="2" StartOffset="2140"/>
</LocList>
</BasicStmnt>
<BasicStmnt CovItemId="S33" CovItemPrefix="game.SetupBoard.java" Intrnl_Id="129">
<LocList>
<Loc EndOffset="2250" SrcFileId="2" StartOffset="2225"/>
</LocList>
</BasicStmnt>
<BasicStmnt CovItemId="S34" CovItemPrefix="game.SetupBoard.java" Intrnl_Id="130">
<LocList>
<Loc EndOffset="2304" SrcFileId="2" StartOffset="2256"/>
</LocList>
</BasicStmnt>
<BasicStmnt CovItemId="S35" CovItemPrefix="game.SetupBoard.java" Intrnl_Id="131">
<LocList>
<Loc EndOffset="2333" SrcFileId="2" StartOffset="2310"/>
</LocList>
</BasicStmnt>
</StmntSeq>
<Keyword EndOffset="2107" SrcFileId="2" StartOffset="2104"/>
<LocList>
<Loc EndOffset="2339" SrcFileId="2" StartOffset="2104"/>
</LocList>
<RootTerm CovItemId="C10" CovItemPrefix="game.SetupBoard.java" Intrnl_Id="132">
<BasicBoolTerm Intrnl_Id="133">
<LocList>
<Loc EndOffset="2126" SrcFileId="2" StartOffset="2120"/>
</LocList>
</BasicBoolTerm>
</RootTerm>
</LoopStmnt>
</StmntSeq>
<Keyword EndOffset="2073" SrcFileId="2" StartOffset="2070"/>
<LocList>
<Loc EndOffset="2344" SrcFileId="2" StartOffset="2070"/>
</LocList>
<RootTerm CovItemId="C9" CovItemPrefix="game.SetupBoard.java" Intrnl_Id="134">
<BasicBoolTerm Intrnl_Id="135">
<LocList>
<Loc EndOffset="2091" SrcFileId="2" StartOffset="2086"/>
</LocList>
</BasicBoolTerm>
</RootTerm>
</LoopStmnt>
</StmntSeq>
</HierarchyLvl>
<HierarchyLvl HierarchyLvlId="124" HierarchyLvlTypeId="20" Intrnl_Id="136" Name="addPiece">
<Header>
<Loc EndOffset="2408" SrcFileId="2" StartOffset="2353"/>
</Header>
<LocList>
<Loc EndOffset="2825" SrcFileId="2" StartOffset="2353"/>
</LocList>
<StmntSeq Intrnl_Id="137">
<LocList>
<Loc EndOffset="2462" SrcFileId="2" StartOffset="2414"/>
<Loc EndOffset="2499" SrcFileId="2" StartOffset="2466"/>
<Loc EndOffset="2538" SrcFileId="2" StartOffset="2503"/>
<Loc EndOffset="2577" SrcFileId="2" StartOffset="2542"/>
<Loc EndOffset="2605" SrcFileId="2" StartOffset="2581"/>
<Loc EndOffset="2672" SrcFileId="2" StartOffset="2609"/>
<Loc EndOffset="2697" SrcFileId="2" StartOffset="2676"/>
<Loc EndOffset="2713" SrcFileId="2" StartOffset="2701"/>
<Loc EndOffset="2729" SrcFileId="2" StartOffset="2717"/>
<Loc EndOffset="2752" SrcFileId="2" StartOffset="2733"/>
<Loc EndOffset="2800" SrcFileId="2" StartOffset="2756"/>
<Loc EndOffset="2821" SrcFileId="2" StartOffset="2804"/>
</LocList>
<BasicStmnt CovItemId="S36" CovItemPrefix="game.SetupBoard.java" Intrnl_Id="138">
<LocList>
<Loc EndOffset="2462" SrcFileId="2" StartOffset="2414"/>
</LocList>
</BasicStmnt>
<BasicStmnt CovItemId="S37" CovItemPrefix="game.SetupBoard.java" Intrnl_Id="139">
<LocList>
<Loc EndOffset="2499" SrcFileId="2" StartOffset="2466"/>
</LocList>
</BasicStmnt>
<BasicStmnt CovItemId="S38" CovItemPrefix="game.SetupBoard.java" Intrnl_Id="140">
<LocList>
<Loc EndOffset="2538" SrcFileId="2" StartOffset="2503"/>
</LocList>
</BasicStmnt>
<BasicStmnt CovItemId="S39" CovItemPrefix="game.SetupBoard.java" Intrnl_Id="141">
<LocList>
<Loc EndOffset="2577" SrcFileId="2" StartOffset="2542"/>
</LocList>
</BasicStmnt>
<BasicStmnt CovItemId="S40" CovItemPrefix="game.SetupBoard.java" Intrnl_Id="142">
<LocList>
<Loc EndOffset="2605" SrcFileId="2" StartOffset="2581"/>
</LocList>
</BasicStmnt>
<CondStmnt CovItemId="S41" CovItemPrefix="game.SetupBoard.java" Intrnl_Id="143">
<Branch CovItemId="B1" CovItemPrefix="game.SetupBoard.java" Implct="false" Intrnl_Id="144">
<Cond/>
<LocList>
<Loc EndOffset="2672" SrcFileId="2" StartOffset="2635"/>
</LocList>
<StmntSeq Intrnl_Id="145">
<LocList>
<Loc EndOffset="2667" SrcFileId="2" StartOffset="2641"/>
</LocList>
<BasicStmnt CovItemId="S42" CovItemPrefix="game.SetupBoard.java" Intrnl_Id="146">
<LocList>
<Loc EndOffset="2667" SrcFileId="2" StartOffset="2641"/>
</LocList>
</BasicStmnt>
</StmntSeq>
</Branch>
<Branch CovItemId="B2" CovItemPrefix="game.SetupBoard.java" Implct="true" Intrnl_Id="147">
<Cond/>
<LocList/>
<StmntSeq Intrnl_Id="148">
<LocList/>
</StmntSeq>
</Branch>
<Keyword EndOffset="2611" SrcFileId="2" StartOffset="2609"/>
<LocList>
<Loc EndOffset="2672" SrcFileId="2" StartOffset="2609"/>
</LocList>
<RootTerm CovItemId="C11" CovItemPrefix="game.SetupBoard.java" Intrnl_Id="149">
<BasicBoolTerm Intrnl_Id="150">
<LocList>
<Loc EndOffset="2633" SrcFileId="2" StartOffset="2613"/>
</LocList>
</BasicBoolTerm>
</RootTerm>
</CondStmnt>
<BasicStmnt CovItemId="S43" CovItemPrefix="game.SetupBoard.java" Intrnl_Id="151">
<LocList>
<Loc EndOffset="2697" SrcFileId="2" StartOffset="2676"/>
</LocList>
</BasicStmnt>
<BasicStmnt CovItemId="S44" CovItemPrefix="game.SetupBoard.java" Intrnl_Id="152">
<LocList>
<Loc EndOffset="2713" SrcFileId="2" StartOffset="2701"/>
</LocList>
</BasicStmnt>
<BasicStmnt CovItemId="S45" CovItemPrefix="game.SetupBoard.java" Intrnl_Id="153">
<LocList>
<Loc EndOffset="2729" SrcFileId="2" StartOffset="2717"/>
</LocList>
</BasicStmnt>
<BasicStmnt CovItemId="S46" CovItemPrefix="game.SetupBoard.java" Intrnl_Id="154">
<LocList>
<Loc EndOffset="2752" SrcFileId="2" StartOffset="2733"/>
</LocList>
</BasicStmnt>
<BasicStmnt CovItemId="S47" CovItemPrefix="game.SetupBoard.java" Intrnl_Id="155">
<LocList>
<Loc EndOffset="2800" SrcFileId="2" StartOffset="2756"/>
</LocList>
</BasicStmnt>
<BasicStmnt CovItemId="S48" CovItemPrefix="game.SetupBoard.java" Intrnl_Id="156">
<LocList>
<Loc EndOffset="2821" SrcFileId="2" StartOffset="2804"/>
</LocList>
</BasicStmnt>
</StmntSeq>
</HierarchyLvl>
<HierarchyLvl HierarchyLvlId="125" HierarchyLvlTypeId="20" Intrnl_Id="157" Name="selectedButtonPressed">
<Header>
<Loc EndOffset="2895" SrcFileId="2" StartOffset="2830"/>
</Header>
<LocList>
<Loc EndOffset="3286" SrcFileId="2" StartOffset="2830"/>
</LocList>
<StmntSeq Intrnl_Id="158">
<LocList>
<Loc EndOffset="2968" SrcFileId="2" StartOffset="2940"/>
<Loc EndOffset="3022" SrcFileId="2" StartOffset="2972"/>
<Loc EndOffset="3098" SrcFileId="2" StartOffset="3026"/>
<Loc EndOffset="3122" SrcFileId="2" StartOffset="3102"/>
<Loc EndOffset="3175" SrcFileId="2" StartOffset="3128"/>
<Loc EndOffset="3239" SrcFileId="2" StartOffset="3179"/>
<Loc EndOffset="3263" SrcFileId="2" StartOffset="3247"/>
<Loc EndOffset="3282" SrcFileId="2" StartOffset="3267"/>
</LocList>
<BasicStmnt CovItemId="S49" CovItemPrefix="game.SetupBoard.java" Intrnl_Id="159">
<LocList>
<Loc EndOffset="2968" SrcFileId="2" StartOffset="2940"/>
</LocList>
</BasicStmnt>
<BasicStmnt CovItemId="S50" CovItemPrefix="game.SetupBoard.java" Intrnl_Id="160">
<LocList>
<Loc EndOffset="3022" SrcFileId="2" StartOffset="2972"/>
</LocList>
</BasicStmnt>
<BasicStmnt CovItemId="S51" CovItemPrefix="game.SetupBoard.java" Intrnl_Id="161">
<LocList>
<Loc EndOffset="3098" SrcFileId="2" StartOffset="3026"/>
</LocList>
</BasicStmnt>
<BasicStmnt CovItemId="S52" CovItemPrefix="game.SetupBoard.java" Intrnl_Id="162">
<LocList>
<Loc EndOffset="3122" SrcFileId="2" StartOffset="3102"/>
</LocList>
</BasicStmnt>
<BasicStmnt CovItemId="S53" CovItemPrefix="game.SetupBoard.java" Intrnl_Id="163">
<LocList>
<Loc EndOffset="3175" SrcFileId="2" StartOffset="3128"/>
</LocList>
</BasicStmnt>
<CondStmnt CovItemId="S54" CovItemPrefix="game.SetupBoard.java" Intrnl_Id="164">
<Branch CovItemId="B3" CovItemPrefix="game.SetupBoard.java" Implct="false" Intrnl_Id="165">
<Cond/>
<LocList>
<Loc EndOffset="3239" SrcFileId="2" StartOffset="3204"/>
</LocList>
<StmntSeq Intrnl_Id="166">
<LocList>
<Loc EndOffset="3234" SrcFileId="2" StartOffset="3210"/>
</LocList>
<BasicStmnt CovItemId="S55" CovItemPrefix="game.SetupBoard.java" Intrnl_Id="167">
<LocList>
<Loc EndOffset="3234" SrcFileId="2" StartOffset="3210"/>
</LocList>
</BasicStmnt>
</StmntSeq>
</Branch>
<Branch CovItemId="B4" CovItemPrefix="game.SetupBoard.java" Implct="true" Intrnl_Id="168">
<Cond/>
<LocList/>
<StmntSeq Intrnl_Id="169">
<LocList/>
</StmntSeq>
</Branch>
<Keyword EndOffset="3181" SrcFileId="2" StartOffset="3179"/>
<LocList>
<Loc EndOffset="3239" SrcFileId="2" StartOffset="3179"/>
</LocList>
<RootTerm CovItemId="C12" CovItemPrefix="game.SetupBoard.java" Intrnl_Id="170">
<BasicBoolTerm Intrnl_Id="171">
<LocList>
<Loc EndOffset="3202" SrcFileId="2" StartOffset="3182"/>
</LocList>
</BasicBoolTerm>
</RootTerm>
</CondStmnt>
<BasicStmnt CovItemId="S56" CovItemPrefix="game.SetupBoard.java" Intrnl_Id="172">
<LocList>
<Loc EndOffset="3263" SrcFileId="2" StartOffset="3247"/>
</LocList>
</BasicStmnt>
<BasicStmnt CovItemId="S57" CovItemPrefix="game.SetupBoard.java" Intrnl_Id="173">
<LocList>
<Loc EndOffset="3282" SrcFileId="2" StartOffset="3267"/>
</LocList>
</BasicStmnt>
</StmntSeq>
</HierarchyLvl>
<HierarchyLvl HierarchyLvlId="126" HierarchyLvlTypeId="20" Intrnl_Id="174" Name="showJOptionPane">
<Header>
<Loc EndOffset="3394" SrcFileId="2" StartOffset="3291"/>
</Header>
<LocList>
<Loc EndOffset="4019" SrcFileId="2" StartOffset="3291"/>
</LocList>
<StmntSeq Intrnl_Id="175">
<LocList>
<Loc EndOffset="3531" SrcFileId="2" StartOffset="3400"/>
<Loc EndOffset="4015" SrcFileId="2" StartOffset="3535"/>
</LocList>
<BasicStmnt CovItemId="S58" CovItemPrefix="game.SetupBoard.java" Intrnl_Id="176">
<LocList>
<Loc EndOffset="3531" SrcFileId="2" StartOffset="3400"/>
</LocList>
</BasicStmnt>
<CondStmnt CovItemId="S59" CovItemPrefix="game.SetupBoard.java" Intrnl_Id="177">
<Branch CovItemId="B5" CovItemPrefix="game.SetupBoard.java" Implct="false" Intrnl_Id="178">
<Cond>
<Loc EndOffset="3582" SrcFileId="2" StartOffset="3556"/>
</Cond>
<LocList>
<Loc EndOffset="4010" SrcFileId="2" StartOffset="3588"/>
</LocList>
<StmntSeq Intrnl_Id="179">
<LocList>
<Loc EndOffset="4010" SrcFileId="2" StartOffset="3588"/>
</LocList>
<CondStmnt CovItemId="S60" CovItemPrefix="game.SetupBoard.java" Intrnl_Id="180">
<Branch CovItemId="B6" CovItemPrefix="game.SetupBoard.java" Implct="false" Intrnl_Id="181">
<Cond/>
<LocList>
<Loc EndOffset="4010" SrcFileId="2" StartOffset="3627"/>
</LocList>
<StmntSeq Intrnl_Id="182">
<LocList>
<Loc EndOffset="3707" SrcFileId="2" StartOffset="3634"/>
<Loc EndOffset="3786" SrcFileId="2" StartOffset="3713"/>
<Loc EndOffset="3814" SrcFileId="2" StartOffset="3792"/>
<Loc EndOffset="3856" SrcFileId="2" StartOffset="3820"/>
<Loc EndOffset="3959" SrcFileId="2" StartOffset="3862"/>
<Loc EndOffset="3992" SrcFileId="2" StartOffset="3965"/>
<Loc EndOffset="4004" SrcFileId="2" StartOffset="3998"/>
</LocList>
<BasicStmnt CovItemId="S61" CovItemPrefix="game.SetupBoard.java" Intrnl_Id="183">
<LocList>
<Loc EndOffset="3707" SrcFileId="2" StartOffset="3634"/>
</LocList>
</BasicStmnt>
<BasicStmnt CovItemId="S62" CovItemPrefix="game.SetupBoard.java" Intrnl_Id="184">
<LocList>
<Loc EndOffset="3786" SrcFileId="2" StartOffset="3713"/>
</LocList>
</BasicStmnt>
<BasicStmnt CovItemId="S63" CovItemPrefix="game.SetupBoard.java" Intrnl_Id="185">
<LocList>
<Loc EndOffset="3814" SrcFileId="2" StartOffset="3792"/>
</LocList>
</BasicStmnt>
<BasicStmnt CovItemId="S64" CovItemPrefix="game.SetupBoard.java" Intrnl_Id="186">
<LocList>
<Loc EndOffset="3856" SrcFileId="2" StartOffset="3820"/>
</LocList>
</BasicStmnt>
<BasicStmnt CovItemId="S65" CovItemPrefix="game.SetupBoard.java" Intrnl_Id="187">
<LocList>
<Loc EndOffset="3959" SrcFileId="2" StartOffset="3862"/>
</LocList>
</BasicStmnt>
<BasicStmnt CovItemId="S66" CovItemPrefix="game.SetupBoard.java" Intrnl_Id="188">
<LocList>
<Loc EndOffset="3992" SrcFileId="2" StartOffset="3965"/>
</LocList>
</BasicStmnt>
<BasicStmnt CovItemId="S67" CovItemPrefix="game.SetupBoard.java" Intrnl_Id="189">
<LocList>
<Loc EndOffset="4004" SrcFileId="2" StartOffset="3998"/>
</LocList>
</BasicStmnt>
</StmntSeq>
</Branch>
<Branch CovItemId="B7" CovItemPrefix="game.SetupBoard.java" Implct="true" Intrnl_Id="190">
<Cond/>
<LocList/>
<StmntSeq Intrnl_Id="191">
<LocList/>
</StmntSeq>
</Branch>
<Keyword EndOffset="3590" SrcFileId="2" StartOffset="3588"/>
<LocList>
<Loc EndOffset="4010" SrcFileId="2" StartOffset="3588"/>
</LocList>
<RootTerm CovItemId="C13" CovItemPrefix="game.SetupBoard.java" Intrnl_Id="192">
<BasicBoolTerm Intrnl_Id="193">
<LocList>
<Loc EndOffset="3625" SrcFileId="2" StartOffset="3592"/>
</LocList>
</BasicBoolTerm>
</RootTerm>
</CondStmnt>
</StmntSeq>
</Branch>
<Branch CovItemId="B8" CovItemPrefix="game.SetupBoard.java" Implct="true" Intrnl_Id="194">
<Cond/>
<LocList/>
<StmntSeq Intrnl_Id="195">
<LocList/>
</StmntSeq>
</Branch>
<Keyword EndOffset="3541" SrcFileId="2" StartOffset="3535"/>
<LocList>
<Loc EndOffset="4015" SrcFileId="2" StartOffset="3535"/>
</LocList>
</CondStmnt>
</StmntSeq>
</HierarchyLvl>
<HierarchyLvl HierarchyLvlId="127" HierarchyLvlTypeId="20" Intrnl_Id="196" Name="nonSelectedButtonPressed">
<Header>
<Loc EndOffset="4095" SrcFileId="2" StartOffset="4027"/>
</Header>
<LocList>
<Loc EndOffset="4464" SrcFileId="2" StartOffset="4027"/>
</LocList>
<StmntSeq Intrnl_Id="197">
<LocList>
<Loc EndOffset="4124" SrcFileId="2" StartOffset="4101"/>
<Loc EndOffset="4151" SrcFileId="2" StartOffset="4128"/>
<Loc EndOffset="4193" SrcFileId="2" StartOffset="4155"/>
<Loc EndOffset="4223" SrcFileId="2" StartOffset="4197"/>
<Loc EndOffset="4281" SrcFileId="2" StartOffset="4227"/>
<Loc EndOffset="4309" SrcFileId="2" StartOffset="4285"/>
<Loc EndOffset="4335" SrcFileId="2" StartOffset="4313"/>
<Loc EndOffset="4386" SrcFileId="2" StartOffset="4339"/>
<Loc EndOffset="4417" SrcFileId="2" StartOffset="4390"/>
<Loc EndOffset="4441" SrcFileId="2" StartOffset="4425"/>
<Loc EndOffset="4460" SrcFileId="2" StartOffset="4445"/>
</LocList>
<BasicStmnt CovItemId="S68" CovItemPrefix="game.SetupBoard.java" Intrnl_Id="198">
<LocList>
<Loc EndOffset="4124" SrcFileId="2" StartOffset="4101"/>
</LocList>
</BasicStmnt>
<BasicStmnt CovItemId="S69" CovItemPrefix="game.SetupBoard.java" Intrnl_Id="199">
<LocList>
<Loc EndOffset="4151" SrcFileId="2" StartOffset="4128"/>
</LocList>
</BasicStmnt>
<BasicStmnt CovItemId="S70" CovItemPrefix="game.SetupBoard.java" Intrnl_Id="200">
<LocList>
<Loc EndOffset="4193" SrcFileId="2" StartOffset="4155"/>
</LocList>
</BasicStmnt>
<BasicStmnt CovItemId="S71" CovItemPrefix="game.SetupBoard.java" Intrnl_Id="201">
<LocList>
<Loc EndOffset="4223" SrcFileId="2" StartOffset="4197"/>
</LocList>
</BasicStmnt>
<BasicStmnt CovItemId="S72" CovItemPrefix="game.SetupBoard.java" Intrnl_Id="202">
<LocList>
<Loc EndOffset="4281" SrcFileId="2" StartOffset="4227"/>
</LocList>
</BasicStmnt>
<BasicStmnt CovItemId="S73" CovItemPrefix="game.SetupBoard.java" Intrnl_Id="203">
<LocList>
<Loc EndOffset="4309" SrcFileId="2" StartOffset="4285"/>
</LocList>
</BasicStmnt>
<BasicStmnt CovItemId="S74" CovItemPrefix="game.SetupBoard.java" Intrnl_Id="204">
<LocList>
<Loc EndOffset="4335" SrcFileId="2" StartOffset="4313"/>
</LocList>
</BasicStmnt>
<BasicStmnt CovItemId="S75" CovItemPrefix="game.SetupBoard.java" Intrnl_Id="205">
<LocList>
<Loc EndOffset="4386" SrcFileId="2" StartOffset="4339"/>
</LocList>
</BasicStmnt>
<BasicStmnt CovItemId="S76" CovItemPrefix="game.SetupBoard.java" Intrnl_Id="206">
<LocList>
<Loc EndOffset="4417" SrcFileId="2" StartOffset="4390"/>
</LocList>
</BasicStmnt>
<BasicStmnt CovItemId="S77" CovItemPrefix="game.SetupBoard.java" Intrnl_Id="207">
<LocList>
<Loc EndOffset="4441" SrcFileId="2" StartOffset="4425"/>
</LocList>
</BasicStmnt>
<BasicStmnt CovItemId="S78" CovItemPrefix="game.SetupBoard.java" Intrnl_Id="208">
<LocList>
<Loc EndOffset="4460" SrcFileId="2" StartOffset="4445"/>
</LocList>
</BasicStmnt>
</StmntSeq>
</HierarchyLvl>
<HierarchyLvl HierarchyLvlId="128" HierarchyLvlTypeId="20" Intrnl_Id="209" Name="getPieces">
<Header>
<Loc EndOffset="4506" SrcFileId="2" StartOffset="4470"/>
</Header>
<LocList>
<Loc EndOffset="4530" SrcFileId="2" StartOffset="4470"/>
</LocList>
<StmntSeq Intrnl_Id="210">
<LocList>
<Loc EndOffset="4526" SrcFileId="2" StartOffset="4512"/>
</LocList>
<BasicStmnt CovItemId="S79" CovItemPrefix="game.SetupBoard.java" Intrnl_Id="211">
<LocList>
<Loc EndOffset="4526" SrcFileId="2" StartOffset="4512"/>
</LocList>
</BasicStmnt>
</StmntSeq>
</HierarchyLvl>
<HierarchyLvl HierarchyLvlId="129" HierarchyLvlTypeId="20" Intrnl_Id="212" Name="setObserver">
<Header>
<Loc EndOffset="4579" SrcFileId="2" StartOffset="4536"/>
</Header>
<LocList>
<Loc EndOffset="4609" SrcFileId="2" StartOffset="4536"/>
</LocList>
<StmntSeq Intrnl_Id="213">
<LocList>
<Loc EndOffset="4605" SrcFileId="2" StartOffset="4585"/>
</LocList>
<BasicStmnt CovItemId="S80" CovItemPrefix="game.SetupBoard.java" Intrnl_Id="214">
<LocList>
<Loc EndOffset="4605" SrcFileId="2" StartOffset="4585"/>
</LocList>
</BasicStmnt>
</StmntSeq>
</HierarchyLvl>
</HierarchyLvl>
<HierarchyLvl HierarchyLvlId="137" HierarchyLvlTypeId="19" Intrnl_Id="215" Name="PlayerBoard">
<Header>
<Loc EndOffset="233" SrcFileId="3" StartOffset="168"/>
</Header>
<LocList>
<Loc EndOffset="1141" SrcFileId="3" StartOffset="168"/>
</LocList>
<HierarchyLvl HierarchyLvlId="131" HierarchyLvlTypeId="20" Intrnl_Id="216" Name="PlayerBoard">
<Header>
<Loc EndOffset="317" SrcFileId="3" StartOffset="287"/>
</Header>
<LocList>
<Loc EndOffset="643" SrcFileId="3" StartOffset="287"/>
</LocList>
<StmntSeq Intrnl_Id="217">
<LocList>
<Loc EndOffset="344" SrcFileId="3" StartOffset="323"/>
<Loc EndOffset="389" SrcFileId="3" StartOffset="348"/>
<Loc EndOffset="416" SrcFileId="3" StartOffset="393"/>
<Loc EndOffset="461" SrcFileId="3" StartOffset="420"/>
<Loc EndOffset="502" SrcFileId="3" StartOffset="465"/>
<Loc EndOffset="548" SrcFileId="3" StartOffset="508"/>
<Loc EndOffset="575" SrcFileId="3" StartOffset="552"/>
<Loc EndOffset="599" SrcFileId="3" StartOffset="579"/>
<Loc EndOffset="639" SrcFileId="3" StartOffset="603"/>
</LocList>
<BasicStmnt CovItemId="S1" CovItemPrefix="game.PlayerBoard.java" Intrnl_Id="218">
<LocList>
<Loc EndOffset="344" SrcFileId="3" StartOffset="323"/>
</LocList>
</BasicStmnt>
<BasicStmnt CovItemId="S2" CovItemPrefix="game.PlayerBoard.java" Intrnl_Id="219">
<LocList>
<Loc EndOffset="389" SrcFileId="3" StartOffset="348"/>
</LocList>
</BasicStmnt>
<BasicStmnt CovItemId="S3" CovItemPrefix="game.PlayerBoard.java" Intrnl_Id="220">
<LocList>
<Loc EndOffset="416" SrcFileId="3" StartOffset="393"/>
</LocList>
</BasicStmnt>
<BasicStmnt CovItemId="S4" CovItemPrefix="game.PlayerBoard.java" Intrnl_Id="221">
<LocList>
<Loc EndOffset="461" SrcFileId="3" StartOffset="420"/>
</LocList>
</BasicStmnt>
<BasicStmnt CovItemId="S5" CovItemPrefix="game.PlayerBoard.java" Intrnl_Id="222">
<LocList>
<Loc EndOffset="502" SrcFileId="3" StartOffset="465"/>
</LocList>
</BasicStmnt>
<BasicStmnt CovItemId="S6" CovItemPrefix="game.PlayerBoard.java" Intrnl_Id="223">
<LocList>
<Loc EndOffset="548" SrcFileId="3" StartOffset="508"/>
</LocList>
</BasicStmnt>
<BasicStmnt CovItemId="S7" CovItemPrefix="game.PlayerBoard.java" Intrnl_Id="224">
<LocList>
<Loc EndOffset="575" SrcFileId="3" StartOffset="552"/>
</LocList>
</BasicStmnt>
<BasicStmnt CovItemId="S8" CovItemPrefix="game.PlayerBoard.java" Intrnl_Id="225">
<LocList>
<Loc EndOffset="599" SrcFileId="3" StartOffset="579"/>
</LocList>
</BasicStmnt>
<BasicStmnt CovItemId="S9" CovItemPrefix="game.PlayerBoard.java" Intrnl_Id="226">
<LocList>
<Loc EndOffset="639" SrcFileId="3" StartOffset="603"/>
</LocList>
</BasicStmnt>
</StmntSeq>
</HierarchyLvl>
<HierarchyLvl HierarchyLvlId="132" HierarchyLvlTypeId="20" Intrnl_Id="227" Name="getOwner">
<Header>
<Loc EndOffset="671" SrcFileId="3" StartOffset="649"/>
</Header>
<LocList>
<Loc EndOffset="694" SrcFileId="3" StartOffset="649"/>
</LocList>
<StmntSeq Intrnl_Id="228">
<LocList>
<Loc EndOffset="690" SrcFileId="3" StartOffset="677"/>
</LocList>
<BasicStmnt CovItemId="S10" CovItemPrefix="game.PlayerBoard.java" Intrnl_Id="229">
<LocList>
<Loc EndOffset="690" SrcFileId="3" StartOffset="677"/>
</LocList>
</BasicStmnt>
</StmntSeq>
</HierarchyLvl>
<HierarchyLvl HierarchyLvlId="133" HierarchyLvlTypeId="20" Intrnl_Id="230" Name="setOwner">
<Header>
<Loc EndOffset="729" SrcFileId="3" StartOffset="697"/>
</Header>
<LocList>
<Loc EndOffset="758" SrcFileId="3" StartOffset="697"/>
</LocList>
<StmntSeq Intrnl_Id="231">
<LocList>
<Loc EndOffset="754" SrcFileId="3" StartOffset="735"/>
</LocList>
<BasicStmnt CovItemId="S11" CovItemPrefix="game.PlayerBoard.java" Intrnl_Id="232">
<LocList>
<Loc EndOffset="754" SrcFileId="3" StartOffset="735"/>
</LocList>
</BasicStmnt>
</StmntSeq>
</HierarchyLvl>
<HierarchyLvl HierarchyLvlId="134" HierarchyLvlTypeId="20" Intrnl_Id="233" Name="getBoard">
<Header>
<Loc EndOffset="788" SrcFileId="3" StartOffset="764"/>
</Header>
<LocList>
<Loc EndOffset="811" SrcFileId="3" StartOffset="764"/>
</LocList>
<StmntSeq Intrnl_Id="234">
<LocList>
<Loc EndOffset="807" SrcFileId="3" StartOffset="794"/>
</LocList>
<BasicStmnt CovItemId="S12" CovItemPrefix="game.PlayerBoard.java" Intrnl_Id="235">
<LocList>
<Loc EndOffset="807" SrcFileId="3" StartOffset="794"/>
</LocList>
</BasicStmnt>
</StmntSeq>
</HierarchyLvl>
<HierarchyLvl HierarchyLvlId="135" HierarchyLvlTypeId="20" Intrnl_Id="236" Name="setBoard">
<Header>
<Loc EndOffset="848" SrcFileId="3" StartOffset="814"/>
</Header>
<LocList>
<Loc EndOffset="877" SrcFileId="3" StartOffset="814"/>
</LocList>
<StmntSeq Intrnl_Id="237">
<LocList>
<Loc EndOffset="873" SrcFileId="3" StartOffset="854"/>
</LocList>
<BasicStmnt CovItemId="S13" CovItemPrefix="game.PlayerBoard.java" Intrnl_Id="238">
<LocList>
<Loc EndOffset="873" SrcFileId="3" StartOffset="854"/>
</LocList>
</BasicStmnt>
</StmntSeq>
</HierarchyLvl>
<HierarchyLvl HierarchyLvlId="136" HierarchyLvlTypeId="20" Intrnl_Id="239" Name="isDone">
<Header>
<Loc EndOffset="938" SrcFileId="3" StartOffset="882"/>
</Header>
<LocList>
<Loc EndOffset="1136" SrcFileId="3" StartOffset="882"/>
</LocList>
<StmntSeq Intrnl_Id="240">
<LocList>
<Loc EndOffset="1017" SrcFileId="3" StartOffset="966"/>
<Loc EndOffset="1040" SrcFileId="3" StartOffset="1021"/>
<Loc EndOffset="1064" SrcFileId="3" StartOffset="1044"/>
<Loc EndOffset="1084" SrcFileId="3" StartOffset="1068"/>
<Loc EndOffset="1103" SrcFileId="3" StartOffset="1088"/>
<Loc EndOffset="1132" SrcFileId="3" StartOffset="1107"/>
</LocList>
<BasicStmnt CovItemId="S14" CovItemPrefix="game.PlayerBoard.java" Intrnl_Id="241">
<LocList>
<Loc EndOffset="1017" SrcFileId="3" StartOffset="966"/>
</LocList>
</BasicStmnt>
<BasicStmnt CovItemId="S15" CovItemPrefix="game.PlayerBoard.java" Intrnl_Id="242">
<LocList>
<Loc EndOffset="1040" SrcFileId="3" StartOffset="1021"/>
</LocList>
</BasicStmnt>
<BasicStmnt CovItemId="S16" CovItemPrefix="game.PlayerBoard.java" Intrnl_Id="243">
<LocList>
<Loc EndOffset="1064" SrcFileId="3" StartOffset="1044"/>
</LocList>
</BasicStmnt>
<BasicStmnt CovItemId="S17" CovItemPrefix="game.PlayerBoard.java" Intrnl_Id="244">
<LocList>
<Loc EndOffset="1084" SrcFileId="3" StartOffset="1068"/>
</LocList>
</BasicStmnt>
<BasicStmnt CovItemId="S18" CovItemPrefix="game.PlayerBoard.java" Intrnl_Id="245">
<LocList>
<Loc EndOffset="1103" SrcFileId="3" StartOffset="1088"/>
</LocList>
</BasicStmnt>
<BasicStmnt CovItemId="S19" CovItemPrefix="game.PlayerBoard.java" Intrnl_Id="246">
<LocList>
<Loc EndOffset="1132" SrcFileId="3" StartOffset="1107"/>
</LocList>
</BasicStmnt>
</StmntSeq>
</HierarchyLvl>
</HierarchyLvl>
<HierarchyLvl HierarchyLvlId="151" HierarchyLvlTypeId="19" Intrnl_Id="247" Name="PieceFactory">
<Header>
<Loc EndOffset="42" SrcFileId="4" StartOffset="17"/>
</Header>
<LocList>
<Loc EndOffset="1592" SrcFileId="4" StartOffset="17"/>
</LocList>
<HierarchyLvl HierarchyLvlId="138" HierarchyLvlTypeId="20" Intrnl_Id="248" Name="createBomb">
<Header>
<Loc EndOffset="90" SrcFileId="4" StartOffset="50"/>
</Header>
<LocList>
<Loc EndOffset="148" SrcFileId="4" StartOffset="50"/>
</LocList>
<StmntSeq Intrnl_Id="249">
<LocList>
<Loc EndOffset="128" SrcFileId="4" StartOffset="96"/>
<Loc EndOffset="144" SrcFileId="4" StartOffset="132"/>
</LocList>
<BasicStmnt CovItemId="S1" CovItemPrefix="game.PieceFactory.java" Intrnl_Id="250">
<LocList>
<Loc EndOffset="128" SrcFileId="4" StartOffset="96"/>
</LocList>
</BasicStmnt>
<BasicStmnt CovItemId="S2" CovItemPrefix="game.PieceFactory.java" Intrnl_Id="251">
<LocList>
<Loc EndOffset="144" SrcFileId="4" StartOffset="132"/>
</LocList>
</BasicStmnt>
</StmntSeq>
</HierarchyLvl>
<HierarchyLvl HierarchyLvlId="139" HierarchyLvlTypeId="20" Intrnl_Id="252" Name="createClearPiece">
<Header>
<Loc EndOffset="200" SrcFileId="4" StartOffset="154"/>
</Header>
<LocList>
<Loc EndOffset="234" SrcFileId="4" StartOffset="154"/>
</LocList>
<StmntSeq Intrnl_Id="253">
<LocList>
<Loc EndOffset="230" SrcFileId="4" StartOffset="206"/>
</LocList>
<BasicStmnt CovItemId="S3" CovItemPrefix="game.PieceFactory.java" Intrnl_Id="254">
<LocList>
<Loc EndOffset="230" SrcFileId="4" StartOffset="206"/>
</LocList>
</BasicStmnt>
</StmntSeq>
</HierarchyLvl>
<HierarchyLvl HierarchyLvlId="140" HierarchyLvlTypeId="20" Intrnl_Id="255" Name="createFlag">
<Header>
<Loc EndOffset="280" SrcFileId="4" StartOffset="240"/>
</Header>
<LocList>
<Loc EndOffset="338" SrcFileId="4" StartOffset="240"/>
</LocList>
<StmntSeq Intrnl_Id="256">
<LocList>
<Loc EndOffset="318" SrcFileId="4" StartOffset="286"/>
<Loc EndOffset="334" SrcFileId="4" StartOffset="322"/>
</LocList>
<BasicStmnt CovItemId="S4" CovItemPrefix="game.PieceFactory.java" Intrnl_Id="257">
<LocList>
<Loc EndOffset="318" SrcFileId="4" StartOffset="286"/>
</LocList>
</BasicStmnt>
<BasicStmnt CovItemId="S5" CovItemPrefix="game.PieceFactory.java" Intrnl_Id="258">
<LocList>
<Loc EndOffset="334" SrcFileId="4" StartOffset="322"/>
</LocList>
</BasicStmnt>
</StmntSeq>
</HierarchyLvl>
<HierarchyLvl HierarchyLvlId="141" HierarchyLvlTypeId="20" Intrnl_Id="259" Name="createSpy">
<Header>
<Loc EndOffset="383" SrcFileId="4" StartOffset="344"/>
</Header>
<LocList>
<Loc EndOffset="450" SrcFileId="4" StartOffset="344"/>
</LocList>
<StmntSeq Intrnl_Id="260">
<LocList>
<Loc EndOffset="431" SrcFileId="4" StartOffset="389"/>
<Loc EndOffset="446" SrcFileId="4" StartOffset="435"/>
</LocList>
<BasicStmnt CovItemId="S6" CovItemPrefix="game.PieceFactory.java" Intrnl_Id="261">
<LocList>
<Loc EndOffset="431" SrcFileId="4" StartOffset="389"/>
</LocList>
</BasicStmnt>
<BasicStmnt CovItemId="S7" CovItemPrefix="game.PieceFactory.java" Intrnl_Id="262">
<LocList>
<Loc EndOffset="446" SrcFileId="4" StartOffset="435"/>
</LocList>
</BasicStmnt>
</StmntSeq>
</HierarchyLvl>
<HierarchyLvl HierarchyLvlId="142" HierarchyLvlTypeId="20" Intrnl_Id="263" Name="createMarshall">
<Header>
<Loc EndOffset="500" SrcFileId="4" StartOffset="456"/>
</Header>
<LocList>
<Loc EndOffset="577" SrcFileId="4" StartOffset="456"/>
</LocList>
<StmntSeq Intrnl_Id="264">
<LocList>
<Loc EndOffset="554" SrcFileId="4" StartOffset="506"/>
<Loc EndOffset="573" SrcFileId="4" StartOffset="558"/>
</LocList>
<BasicStmnt CovItemId="S8" CovItemPrefix="game.PieceFactory.java" Intrnl_Id="265">
<LocList>
<Loc EndOffset="554" SrcFileId="4" StartOffset="506"/>
</LocList>
</BasicStmnt>
<BasicStmnt CovItemId="S9" CovItemPrefix="game.PieceFactory.java" Intrnl_Id="266">
<LocList>
<Loc EndOffset="573" SrcFileId="4" StartOffset="558"/>
</LocList>
</BasicStmnt>
</StmntSeq>
</HierarchyLvl>
<HierarchyLvl HierarchyLvlId="143" HierarchyLvlTypeId="20" Intrnl_Id="267" Name="createGeneral">
<Header>
<Loc EndOffset="626" SrcFileId="4" StartOffset="583"/>
</Header>
<LocList>
<Loc EndOffset="705" SrcFileId="4" StartOffset="583"/>
</LocList>
<StmntSeq Intrnl_Id="268">
<LocList>
<Loc EndOffset="682" SrcFileId="4" StartOffset="632"/>
<Loc EndOffset="701" SrcFileId="4" StartOffset="686"/>
</LocList>
<BasicStmnt CovItemId="S10" CovItemPrefix="game.PieceFactory.java" Intrnl_Id="269">
<LocList>
<Loc EndOffset="682" SrcFileId="4" StartOffset="632"/>
</LocList>
</BasicStmnt>
<BasicStmnt CovItemId="S11" CovItemPrefix="game.PieceFactory.java" Intrnl_Id="270">
<LocList>
<Loc EndOffset="701" SrcFileId="4" StartOffset="686"/>
</LocList>
</BasicStmnt>
</StmntSeq>
</HierarchyLvl>
<HierarchyLvl HierarchyLvlId="144" HierarchyLvlTypeId="20" Intrnl_Id="271" Name="createColonel">
<Header>
<Loc EndOffset="754" SrcFileId="4" StartOffset="711"/>
</Header>
<LocList>
<Loc EndOffset="833" SrcFileId="4" StartOffset="711"/>
</LocList>
<StmntSeq Intrnl_Id="272">
<LocList>
<Loc EndOffset="810" SrcFileId="4" StartOffset="760"/>
<Loc EndOffset="829" SrcFileId="4" StartOffset="814"/>
</LocList>
<BasicStmnt CovItemId="S12" CovItemPrefix="game.PieceFactory.java" Intrnl_Id="273">
<LocList>
<Loc EndOffset="810" SrcFileId="4" StartOffset="760"/>
</LocList>
</BasicStmnt>
<BasicStmnt CovItemId="S13" CovItemPrefix="game.PieceFactory.java" Intrnl_Id="274">
<LocList>
<Loc EndOffset="829" SrcFileId="4" StartOffset="814"/>
</LocList>
</BasicStmnt>
</StmntSeq>
</HierarchyLvl>
<HierarchyLvl HierarchyLvlId="145" HierarchyLvlTypeId="20" Intrnl_Id="275" Name="createMajor">
<Header>
<Loc EndOffset="880" SrcFileId="4" StartOffset="839"/>
</Header>
<LocList>
<Loc EndOffset="957" SrcFileId="4" StartOffset="839"/>
</LocList>
<StmntSeq Intrnl_Id="276">
<LocList>
<Loc EndOffset="934" SrcFileId="4" StartOffset="886"/>
<Loc EndOffset="953" SrcFileId="4" StartOffset="938"/>
</LocList>
<BasicStmnt CovItemId="S14" CovItemPrefix="game.PieceFactory.java" Intrnl_Id="277">
<LocList>
<Loc EndOffset="934" SrcFileId="4" StartOffset="886"/>
</LocList>
</BasicStmnt>
<BasicStmnt CovItemId="S15" CovItemPrefix="game.PieceFactory.java" Intrnl_Id="278">
<LocList>
<Loc EndOffset="953" SrcFileId="4" StartOffset="938"/>
</LocList>
</BasicStmnt>
</StmntSeq>
</HierarchyLvl>
<HierarchyLvl HierarchyLvlId="146" HierarchyLvlTypeId="20" Intrnl_Id="279" Name="createCaptain">
<Header>
<Loc EndOffset="1005" SrcFileId="4" StartOffset="962"/>
</Header>
<LocList>
<Loc EndOffset="1084" SrcFileId="4" StartOffset="962"/>
</LocList>
<StmntSeq Intrnl_Id="280">
<LocList>
<Loc EndOffset="1061" SrcFileId="4" StartOffset="1011"/>
<Loc EndOffset="1080" SrcFileId="4" StartOffset="1065"/>
</LocList>
<BasicStmnt CovItemId="S16" CovItemPrefix="game.PieceFactory.java" Intrnl_Id="281">
<LocList>
<Loc EndOffset="1061" SrcFileId="4" StartOffset="1011"/>
</LocList>
</BasicStmnt>
<BasicStmnt CovItemId="S17" CovItemPrefix="game.PieceFactory.java" Intrnl_Id="282">
<LocList>
<Loc EndOffset="1080" SrcFileId="4" StartOffset="1065"/>
</LocList>
</BasicStmnt>
</StmntSeq>
</HierarchyLvl>
<HierarchyLvl HierarchyLvlId="147" HierarchyLvlTypeId="20" Intrnl_Id="283" Name="createLieutenant">
<Header>
<Loc EndOffset="1135" SrcFileId="4" StartOffset="1089"/>
</Header>
<LocList>
<Loc EndOffset="1212" SrcFileId="4" StartOffset="1089"/>
</LocList>
<StmntSeq Intrnl_Id="284">
<LocList>
<Loc EndOffset="1189" SrcFileId="4" StartOffset="1141"/>
<Loc EndOffset="1208" SrcFileId="4" StartOffset="1193"/>
</LocList>
<BasicStmnt CovItemId="S18" CovItemPrefix="game.PieceFactory.java" Intrnl_Id="285">
<LocList>
<Loc EndOffset="1189" SrcFileId="4" StartOffset="1141"/>
</LocList>
</BasicStmnt>
<BasicStmnt CovItemId="S19" CovItemPrefix="game.PieceFactory.java" Intrnl_Id="286">
<LocList>
<Loc EndOffset="1208" SrcFileId="4" StartOffset="1193"/>
</LocList>
</BasicStmnt>
</StmntSeq>
</HierarchyLvl>
<HierarchyLvl HierarchyLvlId="148" HierarchyLvlTypeId="20" Intrnl_Id="287" Name="createSergeant">
<Header>
<Loc EndOffset="1261" SrcFileId="4" StartOffset="1217"/>
</Header>
<LocList>
<Loc EndOffset="1341" SrcFileId="4" StartOffset="1217"/>
</LocList>
<StmntSeq Intrnl_Id="288">
<LocList>
<Loc EndOffset="1318" SrcFileId="4" StartOffset="1267"/>
<Loc EndOffset="1337" SrcFileId="4" StartOffset="1322"/>
</LocList>
<BasicStmnt CovItemId="S20" CovItemPrefix="game.PieceFactory.java" Intrnl_Id="289">
<LocList>
<Loc EndOffset="1318" SrcFileId="4" StartOffset="1267"/>
</LocList>
</BasicStmnt>
<BasicStmnt CovItemId="S21" CovItemPrefix="game.PieceFactory.java" Intrnl_Id="290">
<LocList>
<Loc EndOffset="1337" SrcFileId="4" StartOffset="1322"/>
</LocList>
</BasicStmnt>
</StmntSeq>
</HierarchyLvl>
<HierarchyLvl HierarchyLvlId="149" HierarchyLvlTypeId="20" Intrnl_Id="291" Name="createMiner">
<Header>
<Loc EndOffset="1387" SrcFileId="4" StartOffset="1346"/>
</Header>
<LocList>
<Loc EndOffset="1464" SrcFileId="4" StartOffset="1346"/>
</LocList>
<StmntSeq Intrnl_Id="292">
<LocList>
<Loc EndOffset="1441" SrcFileId="4" StartOffset="1393"/>
<Loc EndOffset="1460" SrcFileId="4" StartOffset="1445"/>
</LocList>
<BasicStmnt CovItemId="S22" CovItemPrefix="game.PieceFactory.java" Intrnl_Id="293">
<LocList>
<Loc EndOffset="1441" SrcFileId="4" StartOffset="1393"/>
</LocList>
</BasicStmnt>
<BasicStmnt CovItemId="S23" CovItemPrefix="game.PieceFactory.java" Intrnl_Id="294">
<LocList>
<Loc EndOffset="1460" SrcFileId="4" StartOffset="1445"/>
</LocList>
</BasicStmnt>
</StmntSeq>
</HierarchyLvl>
<HierarchyLvl HierarchyLvlId="150" HierarchyLvlTypeId="20" Intrnl_Id="295" Name="createScout">
<Header>
<Loc EndOffset="1510" SrcFileId="4" StartOffset="1469"/>
</Header>
<LocList>
<Loc EndOffset="1587" SrcFileId="4" StartOffset="1469"/>
</LocList>
<StmntSeq Intrnl_Id="296">
<LocList>
<Loc EndOffset="1564" SrcFileId="4" StartOffset="1516"/>
<Loc EndOffset="1583" SrcFileId="4" StartOffset="1568"/>
</LocList>
<BasicStmnt CovItemId="S24" CovItemPrefix="game.PieceFactory.java" Intrnl_Id="297">
<LocList>
<Loc EndOffset="1564" SrcFileId="4" StartOffset="1516"/>
</LocList>
</BasicStmnt>
<BasicStmnt CovItemId="S25" CovItemPrefix="game.PieceFactory.java" Intrnl_Id="298">
<LocList>
<Loc EndOffset="1583" SrcFileId="4" StartOffset="1568"/>
</LocList>
</BasicStmnt>
</StmntSeq>
</HierarchyLvl>
</HierarchyLvl>
<HierarchyLvl HierarchyLvlId="158" HierarchyLvlTypeId="19" Intrnl_Id="299" Name="Obstacle">
<Header>
<Loc EndOffset="129" SrcFileId="5" StartOffset="86"/>
</Header>
<LocList>
<Loc EndOffset="650" SrcFileId="5" StartOffset="86"/>
</LocList>
<HierarchyLvl HierarchyLvlId="152" HierarchyLvlTypeId="20" Intrnl_Id="300" Name="actionPerformed">
<Header>
<Loc EndOffset="191" SrcFileId="5" StartOffset="137"/>
</Header>
<LocList>
<Loc EndOffset="239" SrcFileId="5" StartOffset="137"/>
</LocList>
</HierarchyLvl>
<HierarchyLvl HierarchyLvlId="153" HierarchyLvlTypeId="20" Intrnl_Id="301" Name="setSelected">
<Header>
<Loc EndOffset="297" SrcFileId="5" StartOffset="244"/>
</Header>
<LocList>
<Loc EndOffset="345" SrcFileId="5" StartOffset="244"/>
</LocList>
</HierarchyLvl>
<HierarchyLvl HierarchyLvlId="154" HierarchyLvlTypeId="20" Intrnl_Id="302" Name="hide">
<Header>
<Loc EndOffset="380" SrcFileId="5" StartOffset="350"/>
</Header>
<LocList>
<Loc EndOffset="428" SrcFileId="5" StartOffset="350"/>
</LocList>
</HierarchyLvl>
<HierarchyLvl HierarchyLvlId="155" HierarchyLvlTypeId="20" Intrnl_Id="303" Name="show">
<Header>
<Loc EndOffset="463" SrcFileId="5" StartOffset="433"/>
</Header>
<LocList>
<Loc EndOffset="511" SrcFileId="5" StartOffset="433"/>
</LocList>
</HierarchyLvl>
<HierarchyLvl HierarchyLvlId="156" HierarchyLvlTypeId="20" Intrnl_Id="304" Name="setOwner">
<Header>
<Loc EndOffset="557" SrcFileId="5" StartOffset="517"/>
</Header>
<LocList>
<Loc EndOffset="585" SrcFileId="5" StartOffset="517"/>
</LocList>
<StmntSeq Intrnl_Id="305">
<LocList>
<Loc EndOffset="581" SrcFileId="5" StartOffset="563"/>
</LocList>
<BasicStmnt CovItemId="S1" CovItemPrefix="game.Obstacle.java" Intrnl_Id="306">
<LocList>
<Loc EndOffset="581" SrcFileId="5" StartOffset="563"/>
</LocList>
</BasicStmnt>
</StmntSeq>
</HierarchyLvl>
<HierarchyLvl HierarchyLvlId="157" HierarchyLvlTypeId="20" Intrnl_Id="307" Name="getOwner">
<Header>
<Loc EndOffset="625" SrcFileId="5" StartOffset="591"/>
</Header>
<LocList>
<Loc EndOffset="647" SrcFileId="5" StartOffset="591"/>
</LocList>
<StmntSeq Intrnl_Id="308">
<LocList>
<Loc EndOffset="643" SrcFileId="5" StartOffset="631"/>
</LocList>
<BasicStmnt CovItemId="S2" CovItemPrefix="game.Obstacle.java" Intrnl_Id="309">
<LocList>
<Loc EndOffset="643" SrcFileId="5" StartOffset="631"/>
</LocList>
</BasicStmnt>
</StmntSeq>
</HierarchyLvl>
</HierarchyLvl>
<HierarchyLvl HierarchyLvlId="161" HierarchyLvlTypeId="22" Intrnl_Id="310" Name="IPieceObserver">
<Header>
<Loc EndOffset="163" SrcFileId="6" StartOffset="132"/>
</Header>
<LocList>
<Loc EndOffset="287" SrcFileId="6" StartOffset="132"/>
</LocList>
<HierarchyLvl HierarchyLvlId="159" HierarchyLvlTypeId="20" Intrnl_Id="311" Name="selectedButtonPressed">
<Header>
<Loc EndOffset="223" SrcFileId="6" StartOffset="170"/>
</Header>
<LocList>
<Loc EndOffset="224" SrcFileId="6" StartOffset="170"/>
</LocList>
</HierarchyLvl>
<HierarchyLvl HierarchyLvlId="160" HierarchyLvlTypeId="20" Intrnl_Id="312" Name="nonSelectedButtonPressed">
<Header>
<Loc EndOffset="283" SrcFileId="6" StartOffset="227"/>
</Header>
<LocList>
<Loc EndOffset="284" SrcFileId="6" StartOffset="227"/>
</LocList>
</HierarchyLvl>
</HierarchyLvl>
<HierarchyLvl HierarchyLvlId="173" HierarchyLvlTypeId="22" Intrnl_Id="313" Name="IPiece">
<Header>
<Loc EndOffset="97" SrcFileId="7" StartOffset="74"/>
</Header>
<LocList>
<Loc EndOffset="561" SrcFileId="7" StartOffset="74"/>
</LocList>
<HierarchyLvl HierarchyLvlId="162" HierarchyLvlTypeId="20" Intrnl_Id="314" Name="isSelected">
<Header>
<Loc EndOffset="129" SrcFileId="7" StartOffset="102"/>
</Header>
<LocList>
<Loc EndOffset="130" SrcFileId="7" StartOffset="102"/>
</LocList>
</HierarchyLvl>
<HierarchyLvl HierarchyLvlId="163" HierarchyLvlTypeId="20" Intrnl_Id="315" Name="setSelected">
<Header>
<Loc EndOffset="174" SrcFileId="7" StartOffset="133"/>
</Header>
<LocList>
<Loc EndOffset="175" SrcFileId="7" StartOffset="133"/>
</LocList>
</HierarchyLvl>
<HierarchyLvl HierarchyLvlId="164" HierarchyLvlTypeId="20" Intrnl_Id="316" Name="hide">
<Header>
<Loc EndOffset="196" SrcFileId="7" StartOffset="178"/>
</Header>
<LocList>
<Loc EndOffset="197" SrcFileId="7" StartOffset="178"/>
</LocList>
</HierarchyLvl>
<HierarchyLvl HierarchyLvlId="165" HierarchyLvlTypeId="20" Intrnl_Id="317" Name="show">
<Header>
<Loc EndOffset="218" SrcFileId="7" StartOffset="200"/>
</Header>
<LocList>
<Loc EndOffset="219" SrcFileId="7" StartOffset="200"/>
</LocList>
</HierarchyLvl>
<HierarchyLvl HierarchyLvlId="166" HierarchyLvlTypeId="20" Intrnl_Id="318" Name="setObserver">
<Header>
<Loc EndOffset="270" SrcFileId="7" StartOffset="222"/>
</Header>
<LocList>
<Loc EndOffset="271" SrcFileId="7" StartOffset="222"/>
</LocList>
</HierarchyLvl>
<HierarchyLvl HierarchyLvlId="167" HierarchyLvlTypeId="20" Intrnl_Id="319" Name="setLocation">
<Header>
<Loc EndOffset="313" SrcFileId="7" StartOffset="274"/>
</Header>
<LocList>
<Loc EndOffset="314" SrcFileId="7" StartOffset="274"/>
</LocList>
</HierarchyLvl>
<HierarchyLvl HierarchyLvlId="168" HierarchyLvlTypeId="20" Intrnl_Id="320" Name="getLocation">
<Header>
<Loc EndOffset="343" SrcFileId="7" StartOffset="317"/>
</Header>
<LocList>
<Loc EndOffset="344" SrcFileId="7" StartOffset="317"/>
</LocList>
</HierarchyLvl>
<HierarchyLvl HierarchyLvlId="169" HierarchyLvlTypeId="20" Intrnl_Id="321" Name="getOwner">
<Header>
<Loc EndOffset="369" SrcFileId="7" StartOffset="347"/>
</Header>
<LocList>
<Loc EndOffset="370" SrcFileId="7" StartOffset="347"/>
</LocList>
</HierarchyLvl>
<HierarchyLvl HierarchyLvlId="170" HierarchyLvlTypeId="20" Intrnl_Id="322" Name="setOwner">
<Header>
<Loc EndOffset="405" SrcFileId="7" StartOffset="373"/>
</Header>
<LocList>
<Loc EndOffset="406" SrcFileId="7" StartOffset="373"/>
</LocList>
</HierarchyLvl>
<HierarchyLvl HierarchyLvlId="171" HierarchyLvlTypeId="20" Intrnl_Id="323" Name="getName">
<Header>
<Loc EndOffset="432" SrcFileId="7" StartOffset="409"/>
</Header>
<LocList>
<Loc EndOffset="433" SrcFileId="7" StartOffset="409"/>
</LocList>
</HierarchyLvl>
<HierarchyLvl HierarchyLvlId="172" HierarchyLvlTypeId="20" Intrnl_Id="324" Name="getRank">
<Header>
<Loc EndOffset="456" SrcFileId="7" StartOffset="436"/>
</Header>
<LocList>
<Loc EndOffset="457" SrcFileId="7" StartOffset="436"/>
</LocList>
</HierarchyLvl>
</HierarchyLvl>
<HierarchyLvl HierarchyLvlId="175" HierarchyLvlTypeId="22" Intrnl_Id="325" Name="IBoardObserver">
<Header>
<Loc EndOffset="48" SrcFileId="8" StartOffset="17"/>
</Header>
<LocList>
<Loc EndOffset="106" SrcFileId="8" StartOffset="17"/>
</LocList>
<HierarchyLvl HierarchyLvlId="174" HierarchyLvlTypeId="20" Intrnl_Id="326" Name="isDone">
<Header>
<Loc EndOffset="100" SrcFileId="8" StartOffset="56"/>
</Header>
<LocList>
<Loc EndOffset="101" SrcFileId="8" StartOffset="56"/>
</LocList>
</HierarchyLvl>
</HierarchyLvl>
<HierarchyLvl HierarchyLvlId="177" HierarchyLvlTypeId="19" Intrnl_Id="327" Name="GameBoardFrame">
<Header>
<Loc EndOffset="201" SrcFileId="9" StartOffset="159"/>
</Header>
<LocList>
<Loc EndOffset="563" SrcFileId="9" StartOffset="159"/>
</LocList>
<HierarchyLvl HierarchyLvlId="176" HierarchyLvlTypeId="20" Intrnl_Id="328" Name="GameBoardFrame">
<Header>
<Loc EndOffset="270" SrcFileId="9" StartOffset="237"/>
</Header>
<LocList>
<Loc EndOffset="560" SrcFileId="9" StartOffset="237"/>
</LocList>
<StmntSeq Intrnl_Id="329">
<LocList>
<Loc EndOffset="328" SrcFileId="9" StartOffset="276"/>
<Loc EndOffset="399" SrcFileId="9" StartOffset="332"/>
<Loc EndOffset="455" SrcFileId="9" StartOffset="403"/>
<Loc EndOffset="490" SrcFileId="9" StartOffset="459"/>
<Loc EndOffset="510" SrcFileId="9" StartOffset="494"/>
<Loc EndOffset="536" SrcFileId="9" StartOffset="514"/>
<Loc EndOffset="556" SrcFileId="9" StartOffset="540"/>
</LocList>
<BasicStmnt CovItemId="S1" CovItemPrefix="game.GameBoardFrame.java" Intrnl_Id="330">
<LocList>
<Loc EndOffset="328" SrcFileId="9" StartOffset="276"/>
</LocList>
</BasicStmnt>
<BasicStmnt CovItemId="S2" CovItemPrefix="game.GameBoardFrame.java" Intrnl_Id="331">
<LocList>
<Loc EndOffset="399" SrcFileId="9" StartOffset="332"/>
</LocList>
</BasicStmnt>
<BasicStmnt CovItemId="S3" CovItemPrefix="game.GameBoardFrame.java" Intrnl_Id="332">
<LocList>
<Loc EndOffset="455" SrcFileId="9" StartOffset="403"/>
</LocList>
</BasicStmnt>
<BasicStmnt CovItemId="S4" CovItemPrefix="game.GameBoardFrame.java" Intrnl_Id="333">
<LocList>
<Loc EndOffset="490" SrcFileId="9" StartOffset="459"/>
</LocList>
</BasicStmnt>
<BasicStmnt CovItemId="S5" CovItemPrefix="game.GameBoardFrame.java" Intrnl_Id="334">
<LocList>
<Loc EndOffset="510" SrcFileId="9" StartOffset="494"/>
</LocList>
</BasicStmnt>
<BasicStmnt CovItemId="S6" CovItemPrefix="game.GameBoardFrame.java" Intrnl_Id="335">
<LocList>
<Loc EndOffset="536" SrcFileId="9" StartOffset="514"/>
</LocList>
</BasicStmnt>
<BasicStmnt CovItemId="S7" CovItemPrefix="game.GameBoardFrame.java" Intrnl_Id="336">
<LocList>
<Loc EndOffset="556" SrcFileId="9" StartOffset="540"/>
</LocList>
</BasicStmnt>
</StmntSeq>
</HierarchyLvl>
</HierarchyLvl>
<HierarchyLvl HierarchyLvlId="188" HierarchyLvlTypeId="19" Intrnl_Id="337" Name="GameBoard">
<Header>
<Loc EndOffset="233" SrcFileId="10" StartOffset="170"/>
</Header>
<LocList>
<Loc EndOffset="240" SrcFileId="10" StartOffset="170"/>
<Loc EndOffset="7012" SrcFileId="10" StartOffset="282"/>
</LocList>
<StmntSeq Intrnl_Id="338">
<LocList>
<Loc EndOffset="352" SrcFileId="10" StartOffset="286"/>
</LocList>
<BasicStmnt CovItemId="S1" CovItemPrefix="game.GameBoard.java" Intrnl_Id="339">
<LocList>
<Loc EndOffset="352" SrcFileId="10" StartOffset="286"/>
</LocList>
</BasicStmnt>
</StmntSeq>
<HierarchyLvl HierarchyLvlId="178" HierarchyLvlTypeId="17" Intrnl_Id="340" Name="User">
<Header>
<Loc EndOffset="263" SrcFileId="10" StartOffset="240"/>
</Header>
<LocList>
<Loc EndOffset="282" SrcFileId="10" StartOffset="240"/>
</LocList>
</HierarchyLvl>
<HierarchyLvl HierarchyLvlId="179" HierarchyLvlTypeId="20" Intrnl_Id="341" Name="GameBoard">
<Header>
<Loc EndOffset="585" SrcFileId="10" StartOffset="531"/>
</Header>
<LocList>
<Loc EndOffset="778" SrcFileId="10" StartOffset="531"/>
</LocList>
<StmntSeq Intrnl_Id="342">
<LocList>
<Loc EndOffset="599" SrcFileId="10" StartOffset="591"/>
<Loc EndOffset="622" SrcFileId="10" StartOffset="603"/>
<Loc EndOffset="647" SrcFileId="10" StartOffset="626"/>
<Loc EndOffset="691" SrcFileId="10" StartOffset="651"/>
<Loc EndOffset="724" SrcFileId="10" StartOffset="695"/>
<Loc EndOffset="751" SrcFileId="10" StartOffset="728"/>
<Loc EndOffset="774" SrcFileId="10" StartOffset="755"/>
</LocList>
<BasicStmnt CovItemId="S2" CovItemPrefix="game.GameBoard.java" Intrnl_Id="343">
<LocList>
<Loc EndOffset="599" SrcFileId="10" StartOffset="591"/>
</LocList>
</BasicStmnt>
<BasicStmnt CovItemId="S3" CovItemPrefix="game.GameBoard.java" Intrnl_Id="344">
<LocList>
<Loc EndOffset="622" SrcFileId="10" StartOffset="603"/>
</LocList>
</BasicStmnt>
<BasicStmnt CovItemId="S4" CovItemPrefix="game.GameBoard.java" Intrnl_Id="345">
<LocList>
<Loc EndOffset="647" SrcFileId="10" StartOffset="626"/>
</LocList>
</BasicStmnt>
<BasicStmnt CovItemId="S5" CovItemPrefix="game.GameBoard.java" Intrnl_Id="346">
<LocList>
<Loc EndOffset="691" SrcFileId="10" StartOffset="651"/>
</LocList>
</BasicStmnt>
<BasicStmnt CovItemId="S6" CovItemPrefix="game.GameBoard.java" Intrnl_Id="347">
<LocList>
<Loc EndOffset="724" SrcFileId="10" StartOffset="695"/>
</LocList>
</BasicStmnt>
<BasicStmnt CovItemId="S7" CovItemPrefix="game.GameBoard.java" Intrnl_Id="348">
<LocList>
<Loc EndOffset="751" SrcFileId="10" StartOffset="728"/>
</LocList>
</BasicStmnt>
<BasicStmnt CovItemId="S8" CovItemPrefix="game.GameBoard.java" Intrnl_Id="349">
<LocList>
<Loc EndOffset="774" SrcFileId="10" StartOffset="755"/>
</LocList>
</BasicStmnt>
</StmntSeq>
</HierarchyLvl>
<HierarchyLvl HierarchyLvlId="180" HierarchyLvlTypeId="20" Intrnl_Id="350" Name="instantiateBoard">
<Header>
<Loc EndOffset="816" SrcFileId="10" StartOffset="783"/>
</Header>
<LocList>
<Loc EndOffset="1242" SrcFileId="10" StartOffset="783"/>
</LocList>
<StmntSeq Intrnl_Id="351">
<LocList>
<Loc EndOffset="994" SrcFileId="10" StartOffset="822"/>
<Loc EndOffset="1234" SrcFileId="10" StartOffset="1002"/>
</LocList>
<LoopStmnt CovItemId="S9" CovItemPrefix="game.GameBoard.java" Intrnl_Id="352" MltplExecId="L1-2" MltplExecPrefix="game.GameBoard.java" NvrExecId="L1-0" NvrExecPrefix="game.GameBoard.java" OnceExecutedId="L1-1" OnceExecutedPrefix="game.GameBoard.java" OptBodyExec="true">
<StmntSeq Intrnl_Id="353">
<LocList>
<Loc EndOffset="989" SrcFileId="10" StartOffset="857"/>
</LocList>
<LoopStmnt CovItemId="S10" CovItemPrefix="game.GameBoard.java" Intrnl_Id="354" MltplExecId="L2-2" MltplExecPrefix="game.GameBoard.java" NvrExecId="L2-0" NvrExecPrefix="game.GameBoard.java" OnceExecutedId="L2-1" OnceExecutedPrefix="game.GameBoard.java" OptBodyExec="true">
<StmntSeq Intrnl_Id="355">
<LocList>
<Loc EndOffset="948" SrcFileId="10" StartOffset="893"/>
<Loc EndOffset="977" SrcFileId="10" StartOffset="954"/>
</LocList>
<BasicStmnt CovItemId="S11" CovItemPrefix="game.GameBoard.java" Intrnl_Id="356">
<LocList>
<Loc EndOffset="948" SrcFileId="10" StartOffset="893"/>
</LocList>
</BasicStmnt>
<BasicStmnt CovItemId="S12" CovItemPrefix="game.GameBoard.java" Intrnl_Id="357">
<LocList>
<Loc EndOffset="977" SrcFileId="10" StartOffset="954"/>
</LocList>
</BasicStmnt>
</StmntSeq>
<Keyword EndOffset="860" SrcFileId="10" StartOffset="857"/>
<LocList>
<Loc EndOffset="989" SrcFileId="10" StartOffset="857"/>
</LocList>
<RootTerm CovItemId="C2" CovItemPrefix="game.GameBoard.java" Intrnl_Id="358">
<BasicBoolTerm Intrnl_Id="359">
<LocList>
<Loc EndOffset="879" SrcFileId="10" StartOffset="873"/>
</LocList>
</BasicBoolTerm>
</RootTerm>
</LoopStmnt>
</StmntSeq>
<Keyword EndOffset="825" SrcFileId="10" StartOffset="822"/>
<LocList>
<Loc EndOffset="994" SrcFileId="10" StartOffset="822"/>
</LocList>
<RootTerm CovItemId="C1" CovItemPrefix="game.GameBoard.java" Intrnl_Id="360">
<BasicBoolTerm Intrnl_Id="361">
<LocList>
<Loc EndOffset="844" SrcFileId="10" StartOffset="838"/>
</LocList>
</BasicBoolTerm>
</RootTerm>
</LoopStmnt>
<LoopStmnt CovItemId="S13" CovItemPrefix="game.GameBoard.java" Intrnl_Id="362" MltplExecId="L3-2" MltplExecPrefix="game.GameBoard.java" NvrExecId="L3-0" NvrExecPrefix="game.GameBoard.java" OnceExecutedId="L3-1" OnceExecutedPrefix="game.GameBoard.java" OptBodyExec="true">
<StmntSeq Intrnl_Id="363">
<LocList>
<Loc EndOffset="1229" SrcFileId="10" StartOffset="1053"/>
</LocList>
<LoopStmnt CovItemId="S14" CovItemPrefix="game.GameBoard.java" Intrnl_Id="364" MltplExecId="L4-2" MltplExecPrefix="game.GameBoard.java" NvrExecId="L4-0" NvrExecPrefix="game.GameBoard.java" OnceExecutedId="L4-1" OnceExecutedPrefix="game.GameBoard.java" OptBodyExec="true">
<StmntSeq Intrnl_Id="365">
<LocList>
<Loc EndOffset="1142" SrcFileId="10" StartOffset="1108"/>
<Loc EndOffset="1176" SrcFileId="10" StartOffset="1148"/>
<Loc EndOffset="1223" SrcFileId="10" StartOffset="1182"/>
</LocList>
<BasicStmnt CovItemId="S15" CovItemPrefix="game.GameBoard.java" Intrnl_Id="366">
<LocList>
<Loc EndOffset="1142" SrcFileId="10" StartOffset="1108"/>
</LocList>
</BasicStmnt>
<BasicStmnt CovItemId="S16" CovItemPrefix="game.GameBoard.java" Intrnl_Id="367">
<LocList>
<Loc EndOffset="1176" SrcFileId="10" StartOffset="1148"/>
</LocList>
</BasicStmnt>
<BasicStmnt CovItemId="S17" CovItemPrefix="game.GameBoard.java" Intrnl_Id="368">
<LocList>
<Loc EndOffset="1223" SrcFileId="10" StartOffset="1182"/>
</LocList>
</BasicStmnt>
</StmntSeq>
<Keyword EndOffset="1056" SrcFileId="10" StartOffset="1053"/>
<LocList>
<Loc EndOffset="1229" SrcFileId="10" StartOffset="1053"/>
</LocList>
<RootTerm CovItemId="C4" CovItemPrefix="game.GameBoard.java" Intrnl_Id="369">
<BasicBoolTerm Intrnl_Id="370">
<LocList>
<Loc EndOffset="1094" SrcFileId="10" StartOffset="1069"/>
</LocList>
</BasicBoolTerm>
</RootTerm>
</LoopStmnt>
</StmntSeq>
<Keyword EndOffset="1005" SrcFileId="10" StartOffset="1002"/>
<LocList>
<Loc EndOffset="1234" SrcFileId="10" StartOffset="1002"/>
</LocList>
<RootTerm CovItemId="C3" CovItemPrefix="game.GameBoard.java" Intrnl_Id="371">
<BasicBoolTerm Intrnl_Id="372">
<LocList>
<Loc EndOffset="1040" SrcFileId="10" StartOffset="1018"/>
</LocList>
</BasicBoolTerm>
</RootTerm>
</LoopStmnt>
</StmntSeq>
</HierarchyLvl>
<HierarchyLvl HierarchyLvlId="181" HierarchyLvlTypeId="20" Intrnl_Id="373" Name="addPiece">
<Header>
<Loc EndOffset="1304" SrcFileId="10" StartOffset="1245"/>
</Header>
<LocList>
<Loc EndOffset="1606" SrcFileId="10" StartOffset="1245"/>
</LocList>
<StmntSeq Intrnl_Id="374">
<LocList>
<Loc EndOffset="1358" SrcFileId="10" StartOffset="1310"/>
<Loc EndOffset="1395" SrcFileId="10" StartOffset="1362"/>
<Loc EndOffset="1434" SrcFileId="10" StartOffset="1399"/>
<Loc EndOffset="1473" SrcFileId="10" StartOffset="1438"/>
<Loc EndOffset="1501" SrcFileId="10" StartOffset="1477"/>
<Loc EndOffset="1526" SrcFileId="10" StartOffset="1505"/>
<Loc EndOffset="1542" SrcFileId="10" StartOffset="1530"/>
<Loc EndOffset="1558" SrcFileId="10" StartOffset="1546"/>
<Loc EndOffset="1581" SrcFileId="10" StartOffset="1562"/>
<Loc EndOffset="1602" SrcFileId="10" StartOffset="1585"/>
</LocList>
<BasicStmnt CovItemId="S18" CovItemPrefix="game.GameBoard.java" Intrnl_Id="375">
<LocList>
<Loc EndOffset="1358" SrcFileId="10" StartOffset="1310"/>
</LocList>
</BasicStmnt>
<BasicStmnt CovItemId="S19" CovItemPrefix="game.GameBoard.java" Intrnl_Id="376">
<LocList>
<Loc EndOffset="1395" SrcFileId="10" StartOffset="1362"/>
</LocList>
</BasicStmnt>
<BasicStmnt CovItemId="S20" CovItemPrefix="game.GameBoard.java" Intrnl_Id="377">
<LocList>
<Loc EndOffset="1434" SrcFileId="10" StartOffset="1399"/>
</LocList>
</BasicStmnt>
<BasicStmnt CovItemId="S21" CovItemPrefix="game.GameBoard.java" Intrnl_Id="378">
<LocList>
<Loc EndOffset="1473" SrcFileId="10" StartOffset="1438"/>
</LocList>
</BasicStmnt>
<BasicStmnt CovItemId="S22" CovItemPrefix="game.GameBoard.java" Intrnl_Id="379">
<LocList>
<Loc EndOffset="1501" SrcFileId="10" StartOffset="1477"/>
</LocList>
</BasicStmnt>
<BasicStmnt CovItemId="S23" CovItemPrefix="game.GameBoard.java" Intrnl_Id="380">
<LocList>
<Loc EndOffset="1526" SrcFileId="10" StartOffset="1505"/>
</LocList>
</BasicStmnt>
<BasicStmnt CovItemId="S24" CovItemPrefix="game.GameBoard.java" Intrnl_Id="381">
<LocList>
<Loc EndOffset="1542" SrcFileId="10" StartOffset="1530"/>
</LocList>
</BasicStmnt>
<BasicStmnt CovItemId="S25" CovItemPrefix="game.GameBoard.java" Intrnl_Id="382">
<LocList>
<Loc EndOffset="1558" SrcFileId="10" StartOffset="1546"/>
</LocList>
</BasicStmnt>
<BasicStmnt CovItemId="S26" CovItemPrefix="game.GameBoard.java" Intrnl_Id="383">
<LocList>
<Loc EndOffset="1581" SrcFileId="10" StartOffset="1562"/>
</LocList>
</BasicStmnt>
<BasicStmnt CovItemId="S27" CovItemPrefix="game.GameBoard.java" Intrnl_Id="384">
<LocList>
<Loc EndOffset="1602" SrcFileId="10" StartOffset="1585"/>
</LocList>
</BasicStmnt>
</StmntSeq>
</HierarchyLvl>
<HierarchyLvl HierarchyLvlId="182" HierarchyLvlTypeId="20" Intrnl_Id="385" Name="selectedButtonPressed">
<Header>
<Loc EndOffset="1676" SrcFileId="10" StartOffset="1611"/>
</Header>
<LocList>
<Loc EndOffset="2202" SrcFileId="10" StartOffset="1611"/>
</LocList>
<StmntSeq Intrnl_Id="386">
<LocList>
<Loc EndOffset="2064" SrcFileId="10" StartOffset="1682"/>
<Loc EndOffset="2173" SrcFileId="10" StartOffset="2068"/>
<Loc EndOffset="2198" SrcFileId="10" StartOffset="2177"/>
</LocList>
<CondStmnt CovItemId="S28" CovItemPrefix="game.GameBoard.java" Intrnl_Id="387">
<Branch CovItemId="B1" CovItemPrefix="game.GameBoard.java" Implct="false" Intrnl_Id="388">
<Cond/>
<LocList>
<Loc EndOffset="2064" SrcFileId="10" StartOffset="1707"/>
</LocList>
<StmntSeq Intrnl_Id="389">
<LocList>
<Loc EndOffset="2059" SrcFileId="10" StartOffset="1713"/>
</LocList>
<CondStmnt CovItemId="S29" CovItemPrefix="game.GameBoard.java" Intrnl_Id="390">
<Branch CovItemId="B3" CovItemPrefix="game.GameBoard.java" Implct="false" Intrnl_Id="391">
<Cond/>
<LocList>
<Loc EndOffset="1824" SrcFileId="10" StartOffset="1778"/>
</LocList>
<StmntSeq Intrnl_Id="392">
<LocList>
<Loc EndOffset="1818" SrcFileId="10" StartOffset="1785"/>
</LocList>
<BasicStmnt CovItemId="S30" CovItemPrefix="game.GameBoard.java" Intrnl_Id="393">
<LocList>
<Loc EndOffset="1818" SrcFileId="10" StartOffset="1785"/>
</LocList>
</BasicStmnt>
</StmntSeq>
</Branch>
<Branch CovItemId="B4" CovItemPrefix="game.GameBoard.java" Implct="false" Intrnl_Id="394">
<Cond>
<Loc EndOffset="1829" SrcFileId="10" StartOffset="1825"/>
</Cond>
<LocList>
<Loc EndOffset="2059" SrcFileId="10" StartOffset="1830"/>
</LocList>
<StmntSeq Intrnl_Id="395">
<LocList>
<Loc EndOffset="2059" SrcFileId="10" StartOffset="1830"/>
</LocList>
<CondStmnt CovItemId="S31" CovItemPrefix="game.GameBoard.java" Intrnl_Id="396">
<Branch CovItemId="B5" CovItemPrefix="game.GameBoard.java" Implct="false" Intrnl_Id="397">
<Cond/>
<LocList>
<Loc EndOffset="1974" SrcFileId="10" StartOffset="1899"/>
</LocList>
<StmntSeq Intrnl_Id="398">
<LocList>
<Loc EndOffset="1968" SrcFileId="10" StartOffset="1906"/>
</LocList>
<BasicStmnt CovItemId="S32" CovItemPrefix="game.GameBoard.java" Intrnl_Id="399">
<LocList>
<Loc EndOffset="1968" SrcFileId="10" StartOffset="1906"/>
</LocList>
</BasicStmnt>
</StmntSeq>
</Branch>
<Branch CovItemId="B6" CovItemPrefix="game.GameBoard.java" Implct="false" Intrnl_Id="400">
<Cond>
<Loc EndOffset="1979" SrcFileId="10" StartOffset="1975"/>
</Cond>
<LocList>
<Loc EndOffset="2059" SrcFileId="10" StartOffset="1980"/>
</LocList>
<StmntSeq Intrnl_Id="401">
<LocList>
<Loc EndOffset="2053" SrcFileId="10" StartOffset="1987"/>
</LocList>
<BasicStmnt CovItemId="S33" CovItemPrefix="game.GameBoard.java" Intrnl_Id="402">
<LocList>
<Loc EndOffset="2053" SrcFileId="10" StartOffset="1987"/>
</LocList>
</BasicStmnt>
</StmntSeq>
</Branch>
<Keyword EndOffset="1832" SrcFileId="10" StartOffset="1830"/>
<LocList>
<Loc EndOffset="2059" SrcFileId="10" StartOffset="1830"/>
</LocList>
<RootTerm CovItemId="C7" CovItemPrefix="game.GameBoard.java" Intrnl_Id="403">
<BasicBoolTerm Intrnl_Id="404">
<LocList>
<Loc EndOffset="1897" SrcFileId="10" StartOffset="1834"/>
</LocList>
</BasicBoolTerm>
</RootTerm>
</CondStmnt>
</StmntSeq>
</Branch>
<Keyword EndOffset="1715" SrcFileId="10" StartOffset="1713"/>
<LocList>
<Loc EndOffset="2059" SrcFileId="10" StartOffset="1713"/>
</LocList>
<RootTerm CovItemId="C6" CovItemPrefix="game.GameBoard.java" Intrnl_Id="405">
<BasicBoolTerm Intrnl_Id="406">
<LocList>
<Loc EndOffset="1776" SrcFileId="10" StartOffset="1716"/>
</LocList>
</BasicBoolTerm>
</RootTerm>
</CondStmnt>
</StmntSeq>
</Branch>
<Branch CovItemId="B2" CovItemPrefix="game.GameBoard.java" Implct="true" Intrnl_Id="407">
<Cond/>
<LocList/>
<StmntSeq Intrnl_Id="408">
<LocList/>
</StmntSeq>
</Branch>
<Keyword EndOffset="1684" SrcFileId="10" StartOffset="1682"/>
<LocList>
<Loc EndOffset="2064" SrcFileId="10" StartOffset="1682"/>
</LocList>
<RootTerm CovItemId="C5" CovItemPrefix="game.GameBoard.java" Intrnl_Id="409">
<BasicBoolTerm Intrnl_Id="410">
<LocList>
<Loc EndOffset="1705" SrcFileId="10" StartOffset="1685"/>
</LocList>
</BasicBoolTerm>
</RootTerm>
</CondStmnt>
<LoopStmnt CovItemId="S34" CovItemPrefix="game.GameBoard.java" Intrnl_Id="411" MltplExecId="L5-2" MltplExecPrefix="game.GameBoard.java" NvrExecId="L5-0" NvrExecPrefix="game.GameBoard.java" OnceExecutedId="L5-1" OnceExecutedPrefix="game.GameBoard.java" OptBodyExec="true">
<StmntSeq Intrnl_Id="412">
<LocList>
<Loc EndOffset="2168" SrcFileId="10" StartOffset="2108"/>
</LocList>
<LoopStmnt CovItemId="S35" CovItemPrefix="game.GameBoard.java" Intrnl_Id="413" MltplExecId="L6-2" MltplExecPrefix="game.GameBoard.java" NvrExecId="L6-0" NvrExecPrefix="game.GameBoard.java" OnceExecutedId="L6-1" OnceExecutedPrefix="game.GameBoard.java" OptBodyExec="true">
<StmntSeq Intrnl_Id="414">
<LocList>
<Loc EndOffset="2162" SrcFileId="10" StartOffset="2141"/>
</LocList>
<BasicStmnt CovItemId="S36" CovItemPrefix="game.GameBoard.java" Intrnl_Id="415">
<LocList>
<Loc EndOffset="2162" SrcFileId="10" StartOffset="2141"/>
</LocList>
</BasicStmnt>
</StmntSeq>
<Keyword EndOffset="2111" SrcFileId="10" StartOffset="2108"/>
<LocList>
<Loc EndOffset="2168" SrcFileId="10" StartOffset="2108"/>
</LocList>
</LoopStmnt>
</StmntSeq>
<Keyword EndOffset="2071" SrcFileId="10" StartOffset="2068"/>
<LocList>
<Loc EndOffset="2173" SrcFileId="10" StartOffset="2068"/>
</LocList>
</LoopStmnt>
<BasicStmnt CovItemId="S37" CovItemPrefix="game.GameBoard.java" Intrnl_Id="416">
<LocList>
<Loc EndOffset="2198" SrcFileId="10" StartOffset="2177"/>
</LocList>
</BasicStmnt>
</StmntSeq>
</HierarchyLvl>
<HierarchyLvl HierarchyLvlId="183" HierarchyLvlTypeId="20" Intrnl_Id="417" Name="isEnemey">
<Header>
<Loc EndOffset="2267" SrcFileId="10" StartOffset="2207"/>
</Header>
<LocList>
<Loc EndOffset="2371" SrcFileId="10" StartOffset="2207"/>
</LocList>
<StmntSeq Intrnl_Id="418">
<LocList>
<Loc EndOffset="2367" SrcFileId="10" StartOffset="2273"/>
</LocList>
<BasicStmnt CovItemId="S38" CovItemPrefix="game.GameBoard.java" Intrnl_Id="419">
<LocList>
<Loc EndOffset="2367" SrcFileId="10" StartOffset="2273"/>
</LocList>
</BasicStmnt>
</StmntSeq>
</HierarchyLvl>
<HierarchyLvl HierarchyLvlId="184" HierarchyLvlTypeId="20" Intrnl_Id="420" Name="nonSelectedButtonPressed">
<Header>
<Loc EndOffset="2444" SrcFileId="10" StartOffset="2376"/>
</Header>
<LocList>
<Loc EndOffset="4895" SrcFileId="10" StartOffset="2376"/>
</LocList>
<StmntSeq Intrnl_Id="421">
<LocList>
<Loc EndOffset="2555" SrcFileId="10" StartOffset="2450"/>
<Loc EndOffset="2626" SrcFileId="10" StartOffset="2559"/>
<Loc EndOffset="2689" SrcFileId="10" StartOffset="2630"/>
<Loc EndOffset="2727" SrcFileId="10" StartOffset="2694"/>
<Loc EndOffset="2762" SrcFileId="10" StartOffset="2732"/>
<Loc EndOffset="2803" SrcFileId="10" StartOffset="2767"/>
<Loc EndOffset="2844" SrcFileId="10" StartOffset="2808"/>
<Loc EndOffset="4891" SrcFileId="10" StartOffset="2849"/>
</LocList>
<LoopStmnt CovItemId="S39" CovItemPrefix="game.GameBoard.java" Intrnl_Id="422" MltplExecId="L7-2" MltplExecPrefix="game.GameBoard.java" NvrExecId="L7-0" NvrExecPrefix="game.GameBoard.java" OnceExecutedId="L7-1" OnceExecutedPrefix="game.GameBoard.java" OptBodyExec="true">
<StmntSeq Intrnl_Id="423">
<LocList>
<Loc EndOffset="2550" SrcFileId="10" StartOffset="2490"/>
</LocList>
<LoopStmnt CovItemId="S40" CovItemPrefix="game.GameBoard.java" Intrnl_Id="424" MltplExecId="L8-2" MltplExecPrefix="game.GameBoard.java" NvrExecId="L8-0" NvrExecPrefix="game.GameBoard.java" OnceExecutedId="L8-1" OnceExecutedPrefix="game.GameBoard.java" OptBodyExec="true">
<StmntSeq Intrnl_Id="425">
<LocList>
<Loc EndOffset="2544" SrcFileId="10" StartOffset="2523"/>
</LocList>
<BasicStmnt CovItemId="S41" CovItemPrefix="game.GameBoard.java" Intrnl_Id="426">
<LocList>
<Loc EndOffset="2544" SrcFileId="10" StartOffset="2523"/>
</LocList>
</BasicStmnt>
</StmntSeq>
<Keyword EndOffset="2493" SrcFileId="10" StartOffset="2490"/>
<LocList>
<Loc EndOffset="2550" SrcFileId="10" StartOffset="2490"/>
</LocList>
</LoopStmnt>
</StmntSeq>
<Keyword EndOffset="2453" SrcFileId="10" StartOffset="2450"/>
<LocList>
<Loc EndOffset="2555" SrcFileId="10" StartOffset="2450"/>
</LocList>
</LoopStmnt>
<BasicStmnt CovItemId="S42" CovItemPrefix="game.GameBoard.java" Intrnl_Id="427">
<LocList>
<Loc EndOffset="2626" SrcFileId="10" StartOffset="2559"/>
</LocList>
</BasicStmnt>
<CondStmnt CovItemId="S43" CovItemPrefix="game.GameBoard.java" Intrnl_Id="428">
<Branch CovItemId="B7" CovItemPrefix="game.GameBoard.java" Implct="false" Intrnl_Id="429">
<Cond/>
<LocList>
<Loc EndOffset="2689" SrcFileId="10" StartOffset="2671"/>
</LocList>
<StmntSeq Intrnl_Id="430">
<LocList>
<Loc EndOffset="2684" SrcFileId="10" StartOffset="2677"/>
</LocList>
<BasicStmnt CovItemId="S44" CovItemPrefix="game.GameBoard.java" Intrnl_Id="431">
<LocList>
<Loc EndOffset="2684" SrcFileId="10" StartOffset="2677"/>
</LocList>
</BasicStmnt>
</StmntSeq>
</Branch>
<Branch CovItemId="B8" CovItemPrefix="game.GameBoard.java" Implct="true" Intrnl_Id="432">
<Cond/>
<LocList/>
<StmntSeq Intrnl_Id="433">
<LocList/>
</StmntSeq>
</Branch>
<Keyword EndOffset="2632" SrcFileId="10" StartOffset="2630"/>
<LocList>
<Loc EndOffset="2689" SrcFileId="10" StartOffset="2630"/>
</LocList>
<RootTerm CovItemId="C8" CovItemPrefix="game.GameBoard.java" Intrnl_Id="434">
<BasicBoolTerm Intrnl_Id="435">
<LocList>
<Loc EndOffset="2669" SrcFileId="10" StartOffset="2633"/>
</LocList>
</BasicBoolTerm>
</RootTerm>
</CondStmnt>
<BasicStmnt CovItemId="S45" CovItemPrefix="game.GameBoard.java" Intrnl_Id="436">
<LocList>
<Loc EndOffset="2727" SrcFileId="10" StartOffset="2694"/>
</LocList>
</BasicStmnt>
<BasicStmnt CovItemId="S46" CovItemPrefix="game.GameBoard.java" Intrnl_Id="437">
<LocList>
<Loc EndOffset="2762" SrcFileId="10" StartOffset="2732"/>
</LocList>
</BasicStmnt>
<BasicStmnt CovItemId="S47" CovItemPrefix="game.GameBoard.java" Intrnl_Id="438">
<LocList>
<Loc EndOffset="2803" SrcFileId="10" StartOffset="2767"/>
</LocList>
</BasicStmnt>
<BasicStmnt CovItemId="S48" CovItemPrefix="game.GameBoard.java" Intrnl_Id="439">
<LocList>
<Loc EndOffset="2844" SrcFileId="10" StartOffset="2808"/>
</LocList>
</BasicStmnt>
<CondStmnt CovItemId="S49" CovItemPrefix="game.GameBoard.java" Intrnl_Id="440">
<Branch CovItemId="B9" CovItemPrefix="game.GameBoard.java" Implct="false" Intrnl_Id="441">
<Cond/>
<LocList>
<Loc EndOffset="4202" SrcFileId="10" StartOffset="2883"/>
</LocList>
<StmntSeq Intrnl_Id="442">
<LocList>
<Loc EndOffset="3204" SrcFileId="10" StartOffset="2905"/>
<Loc EndOffset="3537" SrcFileId="10" StartOffset="3226"/>
<Loc EndOffset="3863" SrcFileId="10" StartOffset="3564"/>
<Loc EndOffset="4196" SrcFileId="10" StartOffset="3885"/>
</LocList>
<LoopStmnt CovItemId="S50" CovItemPrefix="game.GameBoard.java" Intrnl_Id="443" MltplExecId="L9-2" MltplExecPrefix="game.GameBoard.java" NvrExecId="L9-0" NvrExecPrefix="game.GameBoard.java" OnceExecutedId="L9-1" OnceExecutedPrefix="game.GameBoard.java" OptBodyExec="true">
<StmntSeq Intrnl_Id="444">
<LocList>
<Loc EndOffset="2981" SrcFileId="10" StartOffset="2946"/>
<Loc EndOffset="3197" SrcFileId="10" StartOffset="2988"/>
</LocList>
<BasicStmnt CovItemId="S51" CovItemPrefix="game.GameBoard.java" Intrnl_Id="445">
<LocList>
<Loc EndOffset="2981" SrcFileId="10" StartOffset="2946"/>
</LocList>
</BasicStmnt>
<CondStmnt CovItemId="S52" CovItemPrefix="game.GameBoard.java" Intrnl_Id="446">
<Branch CovItemId="B11" CovItemPrefix="game.GameBoard.java" Implct="false" Intrnl_Id="447">
<Cond/>
<LocList>
<Loc EndOffset="3062" SrcFileId="10" StartOffset="3021"/>
</LocList>
<StmntSeq Intrnl_Id="448">
<LocList>
<Loc EndOffset="3054" SrcFileId="10" StartOffset="3030"/>
</LocList>
<BasicStmnt CovItemId="S53" CovItemPrefix="game.GameBoard.java" Intrnl_Id="449">
<LocList>
<Loc EndOffset="3054" SrcFileId="10" StartOffset="3030"/>
</LocList>
</BasicStmnt>
</StmntSeq>
</Branch>
<Branch CovItemId="B12" CovItemPrefix="game.GameBoard.java" Implct="false" Intrnl_Id="450">
<Cond>
<Loc EndOffset="3067" SrcFileId="10" StartOffset="3063"/>
</Cond>
<LocList>
<Loc EndOffset="3197" SrcFileId="10" StartOffset="3068"/>
</LocList>
<StmntSeq Intrnl_Id="451">
<LocList>
<Loc EndOffset="3197" SrcFileId="10" StartOffset="3068"/>
</LocList>
<CondStmnt CovItemId="S54" CovItemPrefix="game.GameBoard.java" Intrnl_Id="452">
<Branch CovItemId="B13" CovItemPrefix="game.GameBoard.java" Implct="false" Intrnl_Id="453">
<Cond/>
<LocList>
<Loc EndOffset="3168" SrcFileId="10" StartOffset="3113"/>
</LocList>
<StmntSeq Intrnl_Id="454">
<LocList>
<Loc EndOffset="3146" SrcFileId="10" StartOffset="3122"/>
<Loc EndOffset="3160" SrcFileId="10" StartOffset="3154"/>
</LocList>
<BasicStmnt CovItemId="S55" CovItemPrefix="game.GameBoard.java" Intrnl_Id="455">
<LocList>
<Loc EndOffset="3146" SrcFileId="10" StartOffset="3122"/>
</LocList>
</BasicStmnt>
<BasicStmnt CovItemId="S56" CovItemPrefix="game.GameBoard.java" Intrnl_Id="456">
<LocList>
<Loc EndOffset="3160" SrcFileId="10" StartOffset="3154"/>
</LocList>
</BasicStmnt>
</StmntSeq>
</Branch>
<Branch CovItemId="B14" CovItemPrefix="game.GameBoard.java" Implct="false" Intrnl_Id="457">
<Cond>
<Loc EndOffset="3173" SrcFileId="10" StartOffset="3169"/>
</Cond>
<LocList>
<Loc EndOffset="3197" SrcFileId="10" StartOffset="3174"/>
</LocList>
<StmntSeq Intrnl_Id="458">
<LocList>
<Loc EndOffset="3189" SrcFileId="10" StartOffset="3183"/>
</LocList>
<BasicStmnt CovItemId="S57" CovItemPrefix="game.GameBoard.java" Intrnl_Id="459">
<LocList>
<Loc EndOffset="3189" SrcFileId="10" StartOffset="3183"/>
</LocList>
</BasicStmnt>
</StmntSeq>
</Branch>
<Keyword EndOffset="3070" SrcFileId="10" StartOffset="3068"/>
<LocList>
<Loc EndOffset="3197" SrcFileId="10" StartOffset="3068"/>
</LocList>
<RootTerm CovItemId="C12" CovItemPrefix="game.GameBoard.java" Intrnl_Id="460">
<BasicBoolTerm Intrnl_Id="461">
<LocList>
<Loc EndOffset="3111" SrcFileId="10" StartOffset="3072"/>
</LocList>
</BasicBoolTerm>
</RootTerm>
</CondStmnt>
</StmntSeq>
</Branch>
<Keyword EndOffset="2990" SrcFileId="10" StartOffset="2988"/>
<LocList>
<Loc EndOffset="3197" SrcFileId="10" StartOffset="2988"/>
</LocList>
<RootTerm CovItemId="C11" CovItemPrefix="game.GameBoard.java" Intrnl_Id="462">
<BasicBoolTerm Intrnl_Id="463">
<LocList>
<Loc EndOffset="3019" SrcFileId="10" StartOffset="2992"/>
</LocList>
</BasicBoolTerm>
</RootTerm>
</CondStmnt>
</StmntSeq>
<Keyword EndOffset="2908" SrcFileId="10" StartOffset="2905"/>
<LocList>
<Loc EndOffset="3204" SrcFileId="10" StartOffset="2905"/>
</LocList>
<RootTerm CovItemId="C10" CovItemPrefix="game.GameBoard.java" Intrnl_Id="464">
<BasicBoolTerm Intrnl_Id="465">
<LocList>
<Loc EndOffset="2931" SrcFileId="10" StartOffset="2925"/>
</LocList>
</BasicBoolTerm>
</RootTerm>
</LoopStmnt>
<LoopStmnt CovItemId="S58" CovItemPrefix="game.GameBoard.java" Intrnl_Id="466" MltplExecId="L10-2" MltplExecPrefix="game.GameBoard.java" NvrExecId="L10-0" NvrExecPrefix="game.GameBoard.java" OnceExecutedId="L10-1" OnceExecutedPrefix="game.GameBoard.java" OptBodyExec="true">
<StmntSeq Intrnl_Id="467">
<LocList>
<Loc EndOffset="3302" SrcFileId="10" StartOffset="3267"/>
<Loc EndOffset="3530" SrcFileId="10" StartOffset="3309"/>
</LocList>
<BasicStmnt CovItemId="S59" CovItemPrefix="game.GameBoard.java" Intrnl_Id="468">
<LocList>
<Loc EndOffset="3302" SrcFileId="10" StartOffset="3267"/>
</LocList>
</BasicStmnt>
<CondStmnt CovItemId="S60" CovItemPrefix="game.GameBoard.java" Intrnl_Id="469">
<Branch CovItemId="B15" CovItemPrefix="game.GameBoard.java" Implct="false" Intrnl_Id="470">
<Cond/>
<LocList>
<Loc EndOffset="3383" SrcFileId="10" StartOffset="3342"/>
</LocList>
<StmntSeq Intrnl_Id="471">
<LocList>
<Loc EndOffset="3375" SrcFileId="10" StartOffset="3351"/>
</LocList>
<BasicStmnt CovItemId="S61" CovItemPrefix="game.GameBoard.java" Intrnl_Id="472">
<LocList>
<Loc EndOffset="3375" SrcFileId="10" StartOffset="3351"/>
</LocList>
</BasicStmnt>
</StmntSeq>
</Branch>
<Branch CovItemId="B16" CovItemPrefix="game.GameBoard.java" Implct="false" Intrnl_Id="473">
<Cond>
<Loc EndOffset="3395" SrcFileId="10" StartOffset="3391"/>
</Cond>
<LocList>
<Loc EndOffset="3530" SrcFileId="10" StartOffset="3396"/>
</LocList>
<StmntSeq Intrnl_Id="474">
<LocList>
<Loc EndOffset="3530" SrcFileId="10" StartOffset="3396"/>
</LocList>
<CondStmnt CovItemId="S62" CovItemPrefix="game.GameBoard.java" Intrnl_Id="475">
<Branch CovItemId="B17" CovItemPrefix="game.GameBoard.java" Implct="false" Intrnl_Id="476">
<Cond/>
<LocList>
<Loc EndOffset="3501" SrcFileId="10" StartOffset="3446"/>
</LocList>
<StmntSeq Intrnl_Id="477">
<LocList>
<Loc EndOffset="3479" SrcFileId="10" StartOffset="3455"/>
<Loc EndOffset="3493" SrcFileId="10" StartOffset="3487"/>
</LocList>
<BasicStmnt CovItemId="S63" CovItemPrefix="game.GameBoard.java" Intrnl_Id="478">
<LocList>
<Loc EndOffset="3479" SrcFileId="10" StartOffset="3455"/>
</LocList>
</BasicStmnt>
<BasicStmnt CovItemId="S64" CovItemPrefix="game.GameBoard.java" Intrnl_Id="479">
<LocList>
<Loc EndOffset="3493" SrcFileId="10" StartOffset="3487"/>
</LocList>
</BasicStmnt>
</StmntSeq>
</Branch>
<Branch CovItemId="B18" CovItemPrefix="game.GameBoard.java" Implct="false" Intrnl_Id="480">
<Cond>
<Loc EndOffset="3506" SrcFileId="10" StartOffset="3502"/>
</Cond>
<LocList>
<Loc EndOffset="3530" SrcFileId="10" StartOffset="3507"/>
</LocList>
<StmntSeq Intrnl_Id="481">
<LocList>
<Loc EndOffset="3522" SrcFileId="10" StartOffset="3516"/>
</LocList>
<BasicStmnt CovItemId="S65" CovItemPrefix="game.GameBoard.java" Intrnl_Id="482">
<LocList>
<Loc EndOffset="3522" SrcFileId="10" StartOffset="3516"/>
</LocList>
</BasicStmnt>
</StmntSeq>
</Branch>
<Keyword EndOffset="3398" SrcFileId="10" StartOffset="3396"/>
<LocList>
<Loc EndOffset="3530" SrcFileId="10" StartOffset="3396"/>
</LocList>
<RootTerm CovItemId="C15" CovItemPrefix="game.GameBoard.java" Intrnl_Id="483">
<BasicBoolTerm Intrnl_Id="484">
<LocList>
<Loc EndOffset="3444" SrcFileId="10" StartOffset="3400"/>
</LocList>
</BasicBoolTerm>
</RootTerm>
</CondStmnt>
</StmntSeq>
</Branch>
<Keyword EndOffset="3311" SrcFileId="10" StartOffset="3309"/>
<LocList>
<Loc EndOffset="3530" SrcFileId="10" StartOffset="3309"/>
</LocList>
<RootTerm CovItemId="C14" CovItemPrefix="game.GameBoard.java" Intrnl_Id="485">
<BasicBoolTerm Intrnl_Id="486">
<LocList>
<Loc EndOffset="3340" SrcFileId="10" StartOffset="3313"/>
</LocList>
</BasicBoolTerm>
</RootTerm>
</CondStmnt>
</StmntSeq>
<Keyword EndOffset="3229" SrcFileId="10" StartOffset="3226"/>
<LocList>
<Loc EndOffset="3537" SrcFileId="10" StartOffset="3226"/>
</LocList>
<RootTerm CovItemId="C13" CovItemPrefix="game.GameBoard.java" Intrnl_Id="487">
<BasicBoolTerm Intrnl_Id="488">
<LocList>
<Loc EndOffset="3252" SrcFileId="10" StartOffset="3246"/>
</LocList>
</BasicBoolTerm>
</RootTerm>
</LoopStmnt>
<LoopStmnt CovItemId="S66" CovItemPrefix="game.GameBoard.java" Intrnl_Id="489" MltplExecId="L11-2" MltplExecPrefix="game.GameBoard.java" NvrExecId="L11-0" NvrExecPrefix="game.GameBoard.java" OnceExecutedId="L11-1" OnceExecutedPrefix="game.GameBoard.java" OptBodyExec="true">
<StmntSeq Intrnl_Id="490">
<LocList>
<Loc EndOffset="3640" SrcFileId="10" StartOffset="3605"/>
<Loc EndOffset="3856" SrcFileId="10" StartOffset="3647"/>
</LocList>
<BasicStmnt CovItemId="S67" CovItemPrefix="game.GameBoard.java" Intrnl_Id="491">
<LocList>
<Loc EndOffset="3640" SrcFileId="10" StartOffset="3605"/>
</LocList>
</BasicStmnt>
<CondStmnt CovItemId="S68" CovItemPrefix="game.GameBoard.java" Intrnl_Id="492">
<Branch CovItemId="B19" CovItemPrefix="game.GameBoard.java" Implct="false" Intrnl_Id="493">
<Cond/>
<LocList>
<Loc EndOffset="3721" SrcFileId="10" StartOffset="3680"/>
</LocList>
<StmntSeq Intrnl_Id="494">
<LocList>
<Loc EndOffset="3713" SrcFileId="10" StartOffset="3689"/>
</LocList>
<BasicStmnt CovItemId="S69" CovItemPrefix="game.GameBoard.java" Intrnl_Id="495">
<LocList>
<Loc EndOffset="3713" SrcFileId="10" StartOffset="3689"/>
</LocList>
</BasicStmnt>
</StmntSeq>
</Branch>
<Branch CovItemId="B20" CovItemPrefix="game.GameBoard.java" Implct="false" Intrnl_Id="496">
<Cond>
<Loc EndOffset="3726" SrcFileId="10" StartOffset="3722"/>
</Cond>
<LocList>
<Loc EndOffset="3856" SrcFileId="10" StartOffset="3727"/>
</LocList>
<StmntSeq Intrnl_Id="497">
<LocList>
<Loc EndOffset="3856" SrcFileId="10" StartOffset="3727"/>
</LocList>
<CondStmnt CovItemId="S70" CovItemPrefix="game.GameBoard.java" Intrnl_Id="498">
<Branch CovItemId="B21" CovItemPrefix="game.GameBoard.java" Implct="false" Intrnl_Id="499">
<Cond/>
<LocList>
<Loc EndOffset="3827" SrcFileId="10" StartOffset="3772"/>
</LocList>
<StmntSeq Intrnl_Id="500">
<LocList>
<Loc EndOffset="3805" SrcFileId="10" StartOffset="3781"/>
<Loc EndOffset="3819" SrcFileId="10" StartOffset="3813"/>
</LocList>
<BasicStmnt CovItemId="S71" CovItemPrefix="game.GameBoard.java" Intrnl_Id="501">
<LocList>
<Loc EndOffset="3805" SrcFileId="10" StartOffset="3781"/>
</LocList>
</BasicStmnt>
<BasicStmnt CovItemId="S72" CovItemPrefix="game.GameBoard.java" Intrnl_Id="502">
<LocList>
<Loc EndOffset="3819" SrcFileId="10" StartOffset="3813"/>
</LocList>
</BasicStmnt>
</StmntSeq>
</Branch>
<Branch CovItemId="B22" CovItemPrefix="game.GameBoard.java" Implct="false" Intrnl_Id="503">
<Cond>
<Loc EndOffset="3832" SrcFileId="10" StartOffset="3828"/>
</Cond>
<LocList>
<Loc EndOffset="3856" SrcFileId="10" StartOffset="3833"/>
</LocList>
<StmntSeq Intrnl_Id="504">
<LocList>
<Loc EndOffset="3848" SrcFileId="10" StartOffset="3842"/>
</LocList>
<BasicStmnt CovItemId="S73" CovItemPrefix="game.GameBoard.java" Intrnl_Id="505">
<LocList>
<Loc EndOffset="3848" SrcFileId="10" StartOffset="3842"/>
</LocList>
</BasicStmnt>
</StmntSeq>
</Branch>
<Keyword EndOffset="3729" SrcFileId="10" StartOffset="3727"/>
<LocList>
<Loc EndOffset="3856" SrcFileId="10" StartOffset="3727"/>
</LocList>
<RootTerm CovItemId="C18" CovItemPrefix="game.GameBoard.java" Intrnl_Id="506">
<BasicBoolTerm Intrnl_Id="507">
<LocList>
<Loc EndOffset="3770" SrcFileId="10" StartOffset="3731"/>
</LocList>
</BasicBoolTerm>
</RootTerm>
</CondStmnt>
</StmntSeq>
</Branch>
<Keyword EndOffset="3649" SrcFileId="10" StartOffset="3647"/>
<LocList>
<Loc EndOffset="3856" SrcFileId="10" StartOffset="3647"/>
</LocList>
<RootTerm CovItemId="C17" CovItemPrefix="game.GameBoard.java" Intrnl_Id="508">
<BasicBoolTerm Intrnl_Id="509">
<LocList>
<Loc EndOffset="3678" SrcFileId="10" StartOffset="3651"/>
</LocList>
</BasicBoolTerm>
</RootTerm>
</CondStmnt>
</StmntSeq>
<Keyword EndOffset="3567" SrcFileId="10" StartOffset="3564"/>
<LocList>
<Loc EndOffset="3863" SrcFileId="10" StartOffset="3564"/>
</LocList>
<RootTerm CovItemId="C16" CovItemPrefix="game.GameBoard.java" Intrnl_Id="510">
<BasicBoolTerm Intrnl_Id="511">
<LocList>
<Loc EndOffset="3590" SrcFileId="10" StartOffset="3584"/>
</LocList>
</BasicBoolTerm>
</RootTerm>
</LoopStmnt>
<LoopStmnt CovItemId="S74" CovItemPrefix="game.GameBoard.java" Intrnl_Id="512" MltplExecId="L12-2" MltplExecPrefix="game.GameBoard.java" NvrExecId="L12-0" NvrExecPrefix="game.GameBoard.java" OnceExecutedId="L12-1" OnceExecutedPrefix="game.GameBoard.java" OptBodyExec="true">
<StmntSeq Intrnl_Id="513">
<LocList>
<Loc EndOffset="3961" SrcFileId="10" StartOffset="3926"/>
<Loc EndOffset="4189" SrcFileId="10" StartOffset="3968"/>
</LocList>
<BasicStmnt CovItemId="S75" CovItemPrefix="game.GameBoard.java" Intrnl_Id="514">
<LocList>
<Loc EndOffset="3961" SrcFileId="10" StartOffset="3926"/>
</LocList>
</BasicStmnt>
<CondStmnt CovItemId="S76" CovItemPrefix="game.GameBoard.java" Intrnl_Id="515">
<Branch CovItemId="B23" CovItemPrefix="game.GameBoard.java" Implct="false" Intrnl_Id="516">
<Cond/>
<LocList>
<Loc EndOffset="4042" SrcFileId="10" StartOffset="4001"/>
</LocList>
<StmntSeq Intrnl_Id="517">
<LocList>
<Loc EndOffset="4034" SrcFileId="10" StartOffset="4010"/>
</LocList>
<BasicStmnt CovItemId="S77" CovItemPrefix="game.GameBoard.java" Intrnl_Id="518">
<LocList>
<Loc EndOffset="4034" SrcFileId="10" StartOffset="4010"/>
</LocList>
</BasicStmnt>
</StmntSeq>
</Branch>
<Branch CovItemId="B24" CovItemPrefix="game.GameBoard.java" Implct="false" Intrnl_Id="519">
<Cond>
<Loc EndOffset="4054" SrcFileId="10" StartOffset="4050"/>
</Cond>
<LocList>
<Loc EndOffset="4189" SrcFileId="10" StartOffset="4055"/>
</LocList>
<StmntSeq Intrnl_Id="520">
<LocList>
<Loc EndOffset="4189" SrcFileId="10" StartOffset="4055"/>
</LocList>
<CondStmnt CovItemId="S78" CovItemPrefix="game.GameBoard.java" Intrnl_Id="521">
<Branch CovItemId="B25" CovItemPrefix="game.GameBoard.java" Implct="false" Intrnl_Id="522">
<Cond/>
<LocList>
<Loc EndOffset="4160" SrcFileId="10" StartOffset="4105"/>
</LocList>
<StmntSeq Intrnl_Id="523">
<LocList>
<Loc EndOffset="4138" SrcFileId="10" StartOffset="4114"/>
<Loc EndOffset="4152" SrcFileId="10" StartOffset="4146"/>
</LocList>
<BasicStmnt CovItemId="S79" CovItemPrefix="game.GameBoard.java" Intrnl_Id="524">
<LocList>
<Loc EndOffset="4138" SrcFileId="10" StartOffset="4114"/>
</LocList>
</BasicStmnt>
<BasicStmnt CovItemId="S80" CovItemPrefix="game.GameBoard.java" Intrnl_Id="525">
<LocList>
<Loc EndOffset="4152" SrcFileId="10" StartOffset="4146"/>
</LocList>
</BasicStmnt>
</StmntSeq>
</Branch>
<Branch CovItemId="B26" CovItemPrefix="game.GameBoard.java" Implct="false" Intrnl_Id="526">
<Cond>
<Loc EndOffset="4165" SrcFileId="10" StartOffset="4161"/>
</Cond>
<LocList>
<Loc EndOffset="4189" SrcFileId="10" StartOffset="4166"/>
</LocList>
<StmntSeq Intrnl_Id="527">
<LocList>
<Loc EndOffset="4181" SrcFileId="10" StartOffset="4175"/>
</LocList>
<BasicStmnt CovItemId="S81" CovItemPrefix="game.GameBoard.java" Intrnl_Id="528">
<LocList>
<Loc EndOffset="4181" SrcFileId="10" StartOffset="4175"/>
</LocList>
</BasicStmnt>
</StmntSeq>
</Branch>
<Keyword EndOffset="4057" SrcFileId="10" StartOffset="4055"/>
<LocList>
<Loc EndOffset="4189" SrcFileId="10" StartOffset="4055"/>
</LocList>
<RootTerm CovItemId="C21" CovItemPrefix="game.GameBoard.java" Intrnl_Id="529">
<BasicBoolTerm Intrnl_Id="530">
<LocList>
<Loc EndOffset="4103" SrcFileId="10" StartOffset="4059"/>
</LocList>
</BasicBoolTerm>
</RootTerm>
</CondStmnt>
</StmntSeq>
</Branch>
<Keyword EndOffset="3970" SrcFileId="10" StartOffset="3968"/>
<LocList>
<Loc EndOffset="4189" SrcFileId="10" StartOffset="3968"/>
</LocList>
<RootTerm CovItemId="C20" CovItemPrefix="game.GameBoard.java" Intrnl_Id="531">
<BasicBoolTerm Intrnl_Id="532">
<LocList>
<Loc EndOffset="3999" SrcFileId="10" StartOffset="3972"/>
</LocList>
</BasicBoolTerm>
</RootTerm>
</CondStmnt>
</StmntSeq>
<Keyword EndOffset="3888" SrcFileId="10" StartOffset="3885"/>
<LocList>
<Loc EndOffset="4196" SrcFileId="10" StartOffset="3885"/>
</LocList>
<RootTerm CovItemId="C19" CovItemPrefix="game.GameBoard.java" Intrnl_Id="533">
<BasicBoolTerm Intrnl_Id="534">
<LocList>
<Loc EndOffset="3911" SrcFileId="10" StartOffset="3905"/>
</LocList>
</BasicBoolTerm>
</RootTerm>
</LoopStmnt>
</StmntSeq>
</Branch>
<Branch CovItemId="B10" CovItemPrefix="game.GameBoard.java" Implct="false" Intrnl_Id="535">
<Cond>
<Loc EndOffset="4207" SrcFileId="10" StartOffset="4203"/>
</Cond>
<LocList>
<Loc EndOffset="4891" SrcFileId="10" StartOffset="4208"/>
</LocList>
<StmntSeq Intrnl_Id="536">
<LocList>
<Loc EndOffset="4378" SrcFileId="10" StartOffset="4215"/>
<Loc EndOffset="4547" SrcFileId="10" StartOffset="4384"/>
<Loc EndOffset="4716" SrcFileId="10" StartOffset="4553"/>
<Loc EndOffset="4885" SrcFileId="10" StartOffset="4722"/>
</LocList>
<CondStmnt CovItemId="S82" CovItemPrefix="game.GameBoard.java" Intrnl_Id="537">
<Branch CovItemId="B27" CovItemPrefix="game.GameBoard.java" Implct="false" Intrnl_Id="538">
<Cond/>
<LocList>
<Loc EndOffset="4378" SrcFileId="10" StartOffset="4226"/>
</LocList>
<StmntSeq Intrnl_Id="539">
<LocList>
<Loc EndOffset="4273" SrcFileId="10" StartOffset="4234"/>
<Loc EndOffset="4370" SrcFileId="10" StartOffset="4280"/>
</LocList>
<BasicStmnt CovItemId="S83" CovItemPrefix="game.GameBoard.java" Intrnl_Id="540">
<LocList>
<Loc EndOffset="4273" SrcFileId="10" StartOffset="4234"/>
</LocList>
</BasicStmnt>
<CondStmnt CovItemId="S84" CovItemPrefix="game.GameBoard.java" Intrnl_Id="541">
<Branch CovItemId="B29" CovItemPrefix="game.GameBoard.java" Implct="false" Intrnl_Id="542">
<Cond/>
<LocList>
<Loc EndOffset="4370" SrcFileId="10" StartOffset="4329"/>
</LocList>
<StmntSeq Intrnl_Id="543">
<LocList>
<Loc EndOffset="4362" SrcFileId="10" StartOffset="4338"/>
</LocList>
<BasicStmnt CovItemId="S85" CovItemPrefix="game.GameBoard.java" Intrnl_Id="544">
<LocList>
<Loc EndOffset="4362" SrcFileId="10" StartOffset="4338"/>
</LocList>
</BasicStmnt>
</StmntSeq>
</Branch>
<Branch CovItemId="B30" CovItemPrefix="game.GameBoard.java" Implct="true" Intrnl_Id="545">
<Cond/>
<LocList/>
<StmntSeq Intrnl_Id="546">
<LocList/>
</StmntSeq>
</Branch>
<Keyword EndOffset="4282" SrcFileId="10" StartOffset="4280"/>
<LocList>
<Loc EndOffset="4370" SrcFileId="10" StartOffset="4280"/>
</LocList>
<RootTerm CovItemId="C23" CovItemPrefix="game.GameBoard.java" Intrnl_Id="547">
<BasicBoolTerm Intrnl_Id="548">
<LocList>
<Loc EndOffset="4327" SrcFileId="10" StartOffset="4283"/>
</LocList>
</BasicBoolTerm>
</RootTerm>
</CondStmnt>
</StmntSeq>
</Branch>
<Branch CovItemId="B28" CovItemPrefix="game.GameBoard.java" Implct="true" Intrnl_Id="549">
<Cond/>
<LocList/>
<StmntSeq Intrnl_Id="550">
<LocList/>
</StmntSeq>
</Branch>
<Keyword EndOffset="4217" SrcFileId="10" StartOffset="4215"/>
<LocList>
<Loc EndOffset="4378" SrcFileId="10" StartOffset="4215"/>
</LocList>
<RootTerm CovItemId="C22" CovItemPrefix="game.GameBoard.java" Intrnl_Id="551">
<BasicBoolTerm Intrnl_Id="552">
<LocList>
<Loc EndOffset="4224" SrcFileId="10" StartOffset="4219"/>
</LocList>
</BasicBoolTerm>
</RootTerm>
</CondStmnt>
<CondStmnt CovItemId="S86" CovItemPrefix="game.GameBoard.java" Intrnl_Id="553">
<Branch CovItemId="B31" CovItemPrefix="game.GameBoard.java" Implct="false" Intrnl_Id="554">
<Cond/>
<LocList>
<Loc EndOffset="4547" SrcFileId="10" StartOffset="4395"/>
</LocList>
<StmntSeq Intrnl_Id="555">
<LocList>
<Loc EndOffset="4442" SrcFileId="10" StartOffset="4403"/>
<Loc EndOffset="4539" SrcFileId="10" StartOffset="4449"/>
</LocList>
<BasicStmnt CovItemId="S87" CovItemPrefix="game.GameBoard.java" Intrnl_Id="556">
<LocList>
<Loc EndOffset="4442" SrcFileId="10" StartOffset="4403"/>
</LocList>
</BasicStmnt>
<CondStmnt CovItemId="S88" CovItemPrefix="game.GameBoard.java" Intrnl_Id="557">
<Branch CovItemId="B33" CovItemPrefix="game.GameBoard.java" Implct="false" Intrnl_Id="558">
<Cond/>
<LocList>
<Loc EndOffset="4539" SrcFileId="10" StartOffset="4498"/>
</LocList>
<StmntSeq Intrnl_Id="559">
<LocList>
<Loc EndOffset="4531" SrcFileId="10" StartOffset="4507"/>
</LocList>
<BasicStmnt CovItemId="S89" CovItemPrefix="game.GameBoard.java" Intrnl_Id="560">
<LocList>
<Loc EndOffset="4531" SrcFileId="10" StartOffset="4507"/>
</LocList>
</BasicStmnt>
</StmntSeq>
</Branch>
<Branch CovItemId="B34" CovItemPrefix="game.GameBoard.java" Implct="true" Intrnl_Id="561">
<Cond/>
<LocList/>
<StmntSeq Intrnl_Id="562">
<LocList/>
</StmntSeq>
</Branch>
<Keyword EndOffset="4451" SrcFileId="10" StartOffset="4449"/>
<LocList>
<Loc EndOffset="4539" SrcFileId="10" StartOffset="4449"/>
</LocList>
<RootTerm CovItemId="C25" CovItemPrefix="game.GameBoard.java" Intrnl_Id="563">
<BasicBoolTerm Intrnl_Id="564">
<LocList>
<Loc EndOffset="4496" SrcFileId="10" StartOffset="4452"/>
</LocList>
</BasicBoolTerm>
</RootTerm>
</CondStmnt>
</StmntSeq>
</Branch>
<Branch CovItemId="B32" CovItemPrefix="game.GameBoard.java" Implct="true" Intrnl_Id="565">
<Cond/>
<LocList/>
<StmntSeq Intrnl_Id="566">
<LocList/>
</StmntSeq>
</Branch>
<Keyword EndOffset="4386" SrcFileId="10" StartOffset="4384"/>
<LocList>
<Loc EndOffset="4547" SrcFileId="10" StartOffset="4384"/>
</LocList>
<RootTerm CovItemId="C24" CovItemPrefix="game.GameBoard.java" Intrnl_Id="567">
<BasicBoolTerm Intrnl_Id="568">
<LocList>
<Loc EndOffset="4393" SrcFileId="10" StartOffset="4388"/>
</LocList>
</BasicBoolTerm>
</RootTerm>
</CondStmnt>
<CondStmnt CovItemId="S90" CovItemPrefix="game.GameBoard.java" Intrnl_Id="569">
<Branch CovItemId="B35" CovItemPrefix="game.GameBoard.java" Implct="false" Intrnl_Id="570">
<Cond/>
<LocList>
<Loc EndOffset="4716" SrcFileId="10" StartOffset="4564"/>
</LocList>
<StmntSeq Intrnl_Id="571">
<LocList>
<Loc EndOffset="4611" SrcFileId="10" StartOffset="4572"/>
<Loc EndOffset="4708" SrcFileId="10" StartOffset="4618"/>
</LocList>
<BasicStmnt CovItemId="S91" CovItemPrefix="game.GameBoard.java" Intrnl_Id="572">
<LocList>
<Loc EndOffset="4611" SrcFileId="10" StartOffset="4572"/>
</LocList>
</BasicStmnt>
<CondStmnt CovItemId="S92" CovItemPrefix="game.GameBoard.java" Intrnl_Id="573">
<Branch CovItemId="B37" CovItemPrefix="game.GameBoard.java" Implct="false" Intrnl_Id="574">
<Cond/>
<LocList>
<Loc EndOffset="4708" SrcFileId="10" StartOffset="4667"/>
</LocList>
<StmntSeq Intrnl_Id="575">
<LocList>
<Loc EndOffset="4700" SrcFileId="10" StartOffset="4676"/>
</LocList>
<BasicStmnt CovItemId="S93" CovItemPrefix="game.GameBoard.java" Intrnl_Id="576">
<LocList>
<Loc EndOffset="4700" SrcFileId="10" StartOffset="4676"/>
</LocList>
</BasicStmnt>
</StmntSeq>
</Branch>
<Branch CovItemId="B38" CovItemPrefix="game.GameBoard.java" Implct="true" Intrnl_Id="577">
<Cond/>
<LocList/>
<StmntSeq Intrnl_Id="578">
<LocList/>
</StmntSeq>
</Branch>
<Keyword EndOffset="4620" SrcFileId="10" StartOffset="4618"/>
<LocList>
<Loc EndOffset="4708" SrcFileId="10" StartOffset="4618"/>
</LocList>
<RootTerm CovItemId="C27" CovItemPrefix="game.GameBoard.java" Intrnl_Id="579">
<BasicBoolTerm Intrnl_Id="580">
<LocList>
<Loc EndOffset="4665" SrcFileId="10" StartOffset="4621"/>
</LocList>
</BasicBoolTerm>
</RootTerm>
</CondStmnt>
</StmntSeq>
</Branch>
<Branch CovItemId="B36" CovItemPrefix="game.GameBoard.java" Implct="true" Intrnl_Id="581">
<Cond/>
<LocList/>
<StmntSeq Intrnl_Id="582">
<LocList/>
</StmntSeq>
</Branch>
<Keyword EndOffset="4555" SrcFileId="10" StartOffset="4553"/>
<LocList>
<Loc EndOffset="4716" SrcFileId="10" StartOffset="4553"/>
</LocList>
<RootTerm CovItemId="C26" CovItemPrefix="game.GameBoard.java" Intrnl_Id="583">
<BasicBoolTerm Intrnl_Id="584">
<LocList>
<Loc EndOffset="4562" SrcFileId="10" StartOffset="4557"/>
</LocList>
</BasicBoolTerm>
</RootTerm>
</CondStmnt>
<CondStmnt CovItemId="S94" CovItemPrefix="game.GameBoard.java" Intrnl_Id="585">
<Branch CovItemId="B39" CovItemPrefix="game.GameBoard.java" Implct="false" Intrnl_Id="586">
<Cond/>
<LocList>
<Loc EndOffset="4885" SrcFileId="10" StartOffset="4733"/>
</LocList>
<StmntSeq Intrnl_Id="587">
<LocList>
<Loc EndOffset="4780" SrcFileId="10" StartOffset="4741"/>
<Loc EndOffset="4877" SrcFileId="10" StartOffset="4787"/>
</LocList>
<BasicStmnt CovItemId="S95" CovItemPrefix="game.GameBoard.java" Intrnl_Id="588">
<LocList>
<Loc EndOffset="4780" SrcFileId="10" StartOffset="4741"/>
</LocList>
</BasicStmnt>
<CondStmnt CovItemId="S96" CovItemPrefix="game.GameBoard.java" Intrnl_Id="589">
<Branch CovItemId="B41" CovItemPrefix="game.GameBoard.java" Implct="false" Intrnl_Id="590">
<Cond/>
<LocList>
<Loc EndOffset="4877" SrcFileId="10" StartOffset="4836"/>
</LocList>
<StmntSeq Intrnl_Id="591">
<LocList>
<Loc EndOffset="4869" SrcFileId="10" StartOffset="4845"/>
</LocList>
<BasicStmnt CovItemId="S97" CovItemPrefix="game.GameBoard.java" Intrnl_Id="592">
<LocList>
<Loc EndOffset="4869" SrcFileId="10" StartOffset="4845"/>
</LocList>
</BasicStmnt>
</StmntSeq>
</Branch>
<Branch CovItemId="B42" CovItemPrefix="game.GameBoard.java" Implct="true" Intrnl_Id="593">
<Cond/>
<LocList/>
<StmntSeq Intrnl_Id="594">
<LocList/>
</StmntSeq>
</Branch>
<Keyword EndOffset="4789" SrcFileId="10" StartOffset="4787"/>
<LocList>
<Loc EndOffset="4877" SrcFileId="10" StartOffset="4787"/>
</LocList>
<RootTerm CovItemId="C29" CovItemPrefix="game.GameBoard.java" Intrnl_Id="595">
<BasicBoolTerm Intrnl_Id="596">
<LocList>
<Loc EndOffset="4834" SrcFileId="10" StartOffset="4790"/>
</LocList>
</BasicBoolTerm>
</RootTerm>
</CondStmnt>
</StmntSeq>
</Branch>
<Branch CovItemId="B40" CovItemPrefix="game.GameBoard.java" Implct="true" Intrnl_Id="597">
<Cond/>
<LocList/>
<StmntSeq Intrnl_Id="598">
<LocList/>
</StmntSeq>
</Branch>
<Keyword EndOffset="4724" SrcFileId="10" StartOffset="4722"/>
<LocList>
<Loc EndOffset="4885" SrcFileId="10" StartOffset="4722"/>
</LocList>
<RootTerm CovItemId="C28" CovItemPrefix="game.GameBoard.java" Intrnl_Id="599">
<BasicBoolTerm Intrnl_Id="600">
<LocList>
<Loc EndOffset="4731" SrcFileId="10" StartOffset="4726"/>
</LocList>
</BasicBoolTerm>
</RootTerm>
</CondStmnt>
</StmntSeq>
</Branch>
<Keyword EndOffset="2851" SrcFileId="10" StartOffset="2849"/>
<LocList>
<Loc EndOffset="4891" SrcFileId="10" StartOffset="2849"/>
</LocList>
<RootTerm CovItemId="C9" CovItemPrefix="game.GameBoard.java" Intrnl_Id="601">
<BasicBoolTerm Intrnl_Id="602">
<LocList>
<Loc EndOffset="2881" SrcFileId="10" StartOffset="2853"/>
</LocList>
</BasicBoolTerm>
</RootTerm>
</CondStmnt>
</StmntSeq>
</HierarchyLvl>
<HierarchyLvl HierarchyLvlId="185" HierarchyLvlTypeId="20" Intrnl_Id="603" Name="swapPieces">
<Header>
<Loc EndOffset="4959" SrcFileId="10" StartOffset="4900"/>
</Header>
<LocList>
<Loc EndOffset="5453" SrcFileId="10" StartOffset="4900"/>
</LocList>
<StmntSeq Intrnl_Id="604">
<LocList>
<Loc EndOffset="4997" SrcFileId="10" StartOffset="4965"/>
<Loc EndOffset="5033" SrcFileId="10" StartOffset="5001"/>
<Loc EndOffset="5053" SrcFileId="10" StartOffset="5037"/>
<Loc EndOffset="5073" SrcFileId="10" StartOffset="5057"/>
<Loc EndOffset="5100" SrcFileId="10" StartOffset="5077"/>
<Loc EndOffset="5127" SrcFileId="10" StartOffset="5104"/>
<Loc EndOffset="5179" SrcFileId="10" StartOffset="5131"/>
<Loc EndOffset="5216" SrcFileId="10" StartOffset="5183"/>
<Loc EndOffset="5239" SrcFileId="10" StartOffset="5220"/>
<Loc EndOffset="5262" SrcFileId="10" StartOffset="5243"/>
<Loc EndOffset="5298" SrcFileId="10" StartOffset="5266"/>
<Loc EndOffset="5318" SrcFileId="10" StartOffset="5302"/>
<Loc EndOffset="5341" SrcFileId="10" StartOffset="5322"/>
<Loc EndOffset="5364" SrcFileId="10" StartOffset="5345"/>
<Loc EndOffset="5400" SrcFileId="10" StartOffset="5368"/>
<Loc EndOffset="5420" SrcFileId="10" StartOffset="5404"/>
<Loc EndOffset="5435" SrcFileId="10" StartOffset="5424"/>
<Loc EndOffset="5449" SrcFileId="10" StartOffset="5439"/>
</LocList>
<BasicStmnt CovItemId="S98" CovItemPrefix="game.GameBoard.java" Intrnl_Id="605">
<LocList>
<Loc EndOffset="4997" SrcFileId="10" StartOffset="4965"/>
</LocList>
</BasicStmnt>
<BasicStmnt CovItemId="S99" CovItemPrefix="game.GameBoard.java" Intrnl_Id="606">
<LocList>
<Loc EndOffset="5033" SrcFileId="10" StartOffset="5001"/>
</LocList>
</BasicStmnt>
<BasicStmnt CovItemId="S100" CovItemPrefix="game.GameBoard.java" Intrnl_Id="607">
<LocList>
<Loc EndOffset="5053" SrcFileId="10" StartOffset="5037"/>
</LocList>
</BasicStmnt>
<BasicStmnt CovItemId="S101" CovItemPrefix="game.GameBoard.java" Intrnl_Id="608">
<LocList>
<Loc EndOffset="5073" SrcFileId="10" StartOffset="5057"/>
</LocList>
</BasicStmnt>
<BasicStmnt CovItemId="S102" CovItemPrefix="game.GameBoard.java" Intrnl_Id="609">
<LocList>
<Loc EndOffset="5100" SrcFileId="10" StartOffset="5077"/>
</LocList>
</BasicStmnt>
<BasicStmnt CovItemId="S103" CovItemPrefix="game.GameBoard.java" Intrnl_Id="610">
<LocList>
<Loc EndOffset="5127" SrcFileId="10" StartOffset="5104"/>
</LocList>
</BasicStmnt>
<BasicStmnt CovItemId="S104" CovItemPrefix="game.GameBoard.java" Intrnl_Id="611">
<LocList>
<Loc EndOffset="5179" SrcFileId="10" StartOffset="5131"/>
</LocList>
</BasicStmnt>
<BasicStmnt CovItemId="S105" CovItemPrefix="game.GameBoard.java" Intrnl_Id="612">
<LocList>
<Loc EndOffset="5216" SrcFileId="10" StartOffset="5183"/>
</LocList>
</BasicStmnt>
<BasicStmnt CovItemId="S106" CovItemPrefix="game.GameBoard.java" Intrnl_Id="613">
<LocList>
<Loc EndOffset="5239" SrcFileId="10" StartOffset="5220"/>
</LocList>
</BasicStmnt>
<BasicStmnt CovItemId="S107" CovItemPrefix="game.GameBoard.java" Intrnl_Id="614">
<LocList>
<Loc EndOffset="5262" SrcFileId="10" StartOffset="5243"/>
</LocList>
</BasicStmnt>
<BasicStmnt CovItemId="S108" CovItemPrefix="game.GameBoard.java" Intrnl_Id="615">
<LocList>
<Loc EndOffset="5298" SrcFileId="10" StartOffset="5266"/>
</LocList>
</BasicStmnt>
<BasicStmnt CovItemId="S109" CovItemPrefix="game.GameBoard.java" Intrnl_Id="616">
<LocList>
<Loc EndOffset="5318" SrcFileId="10" StartOffset="5302"/>
</LocList>
</BasicStmnt>
<BasicStmnt CovItemId="S110" CovItemPrefix="game.GameBoard.java" Intrnl_Id="617">
<LocList>
<Loc EndOffset="5341" SrcFileId="10" StartOffset="5322"/>
</LocList>
</BasicStmnt>
<BasicStmnt CovItemId="S111" CovItemPrefix="game.GameBoard.java" Intrnl_Id="618">
<LocList>
<Loc EndOffset="5364" SrcFileId="10" StartOffset="5345"/>
</LocList>
</BasicStmnt>
<BasicStmnt CovItemId="S112" CovItemPrefix="game.GameBoard.java" Intrnl_Id="619">
<LocList>
<Loc EndOffset="5400" SrcFileId="10" StartOffset="5368"/>
</LocList>
</BasicStmnt>
<BasicStmnt CovItemId="S113" CovItemPrefix="game.GameBoard.java" Intrnl_Id="620">
<LocList>
<Loc EndOffset="5420" SrcFileId="10" StartOffset="5404"/>
</LocList>
</BasicStmnt>
<BasicStmnt CovItemId="S114" CovItemPrefix="game.GameBoard.java" Intrnl_Id="621">
<LocList>
<Loc EndOffset="5435" SrcFileId="10" StartOffset="5424"/>
</LocList>
</BasicStmnt>
<BasicStmnt CovItemId="S115" CovItemPrefix="game.GameBoard.java" Intrnl_Id="622">
<LocList>
<Loc EndOffset="5449" SrcFileId="10" StartOffset="5439"/>
</LocList>
</BasicStmnt>
</StmntSeq>
</HierarchyLvl>
<HierarchyLvl HierarchyLvlId="186" HierarchyLvlTypeId="20" Intrnl_Id="623" Name="attack">
<Header>
<Loc EndOffset="5515" SrcFileId="10" StartOffset="5459"/>
</Header>
<LocList>
<Loc EndOffset="6473" SrcFileId="10" StartOffset="5459"/>
</LocList>
<StmntSeq Intrnl_Id="624">
<LocList>
<Loc EndOffset="6432" SrcFileId="10" StartOffset="5522"/>
<Loc EndOffset="6469" SrcFileId="10" StartOffset="6436"/>
</LocList>
<CondStmnt CovItemId="S116" CovItemPrefix="game.GameBoard.java" Intrnl_Id="625">
<Branch CovItemId="B43" CovItemPrefix="game.GameBoard.java" Implct="false" Intrnl_Id="626">
<Cond/>
<LocList>
<Loc EndOffset="5794" SrcFileId="10" StartOffset="5546"/>
</LocList>
<StmntSeq Intrnl_Id="627">
<LocList>
<Loc EndOffset="5789" SrcFileId="10" StartOffset="5553"/>
</LocList>
<CondStmnt CovItemId="S117" CovItemPrefix="game.GameBoard.java" Intrnl_Id="628">
<Branch CovItemId="B45" CovItemPrefix="game.GameBoard.java" Implct="false" Intrnl_Id="629">
<Cond/>
<LocList>
<Loc EndOffset="5695" SrcFileId="10" StartOffset="5571"/>
</LocList>
<StmntSeq Intrnl_Id="630">
<LocList>
<Loc EndOffset="5598" SrcFileId="10" StartOffset="5579"/>
<Loc EndOffset="5621" SrcFileId="10" StartOffset="5605"/>
<Loc EndOffset="5688" SrcFileId="10" StartOffset="5628"/>
</LocList>
<BasicStmnt CovItemId="S118" CovItemPrefix="game.GameBoard.java" Intrnl_Id="631">
<LocList>
<Loc EndOffset="5598" SrcFileId="10" StartOffset="5579"/>
</LocList>
</BasicStmnt>
<BasicStmnt CovItemId="S119" CovItemPrefix="game.GameBoard.java" Intrnl_Id="632">
<LocList>
<Loc EndOffset="5621" SrcFileId="10" StartOffset="5605"/>
</LocList>
</BasicStmnt>
<BasicStmnt CovItemId="S120" CovItemPrefix="game.GameBoard.java" Intrnl_Id="633">
<LocList>
<Loc EndOffset="5688" SrcFileId="10" StartOffset="5628"/>
</LocList>
</BasicStmnt>
</StmntSeq>
</Branch>
<Branch CovItemId="B46" CovItemPrefix="game.GameBoard.java" Implct="false" Intrnl_Id="634">
<Cond>
<Loc EndOffset="5700" SrcFileId="10" StartOffset="5696"/>
</Cond>
<LocList>
<Loc EndOffset="5789" SrcFileId="10" StartOffset="5701"/>
</LocList>
<StmntSeq Intrnl_Id="635">
<LocList>
<Loc EndOffset="5724" SrcFileId="10" StartOffset="5708"/>
<Loc EndOffset="5746" SrcFileId="10" StartOffset="5730"/>
<Loc EndOffset="5782" SrcFileId="10" StartOffset="5752"/>
</LocList>
<BasicStmnt CovItemId="S121" CovItemPrefix="game.GameBoard.java" Intrnl_Id="636">
<LocList>
<Loc EndOffset="5724" SrcFileId="10" StartOffset="5708"/>
</LocList>
</BasicStmnt>
<BasicStmnt CovItemId="S122" CovItemPrefix="game.GameBoard.java" Intrnl_Id="637">
<LocList>
<Loc EndOffset="5746" SrcFileId="10" StartOffset="5730"/>
</LocList>
</BasicStmnt>
<BasicStmnt CovItemId="S123" CovItemPrefix="game.GameBoard.java" Intrnl_Id="638">
<LocList>
<Loc EndOffset="5782" SrcFileId="10" StartOffset="5752"/>
</LocList>
</BasicStmnt>
</StmntSeq>
</Branch>
<Keyword EndOffset="5555" SrcFileId="10" StartOffset="5553"/>
<LocList>
<Loc EndOffset="5789" SrcFileId="10" StartOffset="5553"/>
</LocList>
<RootTerm CovItemId="C31" CovItemPrefix="game.GameBoard.java" Intrnl_Id="639">
<BasicBoolTerm Intrnl_Id="640">
<LocList>
<Loc EndOffset="5569" SrcFileId="10" StartOffset="5557"/>
</LocList>
</BasicBoolTerm>
</RootTerm>
</CondStmnt>
</StmntSeq>
</Branch>
<Branch CovItemId="B44" CovItemPrefix="game.GameBoard.java" Implct="false" Intrnl_Id="641">
<Cond>
<Loc EndOffset="5799" SrcFileId="10" StartOffset="5795"/>
</Cond>
<LocList>
<Loc EndOffset="6432" SrcFileId="10" StartOffset="5800"/>
</LocList>
<StmntSeq Intrnl_Id="642">
<LocList>
<Loc EndOffset="6432" SrcFileId="10" StartOffset="5800"/>
</LocList>
<CondStmnt CovItemId="S124" CovItemPrefix="game.GameBoard.java" Intrnl_Id="643">
<Branch CovItemId="B47" CovItemPrefix="game.GameBoard.java" Implct="false" Intrnl_Id="644">
<Cond/>
<LocList>
<Loc EndOffset="5934" SrcFileId="10" StartOffset="5824"/>
</LocList>
<StmntSeq Intrnl_Id="645">
<LocList>
<Loc EndOffset="5849" SrcFileId="10" StartOffset="5830"/>
<Loc EndOffset="5870" SrcFileId="10" StartOffset="5854"/>
<Loc EndOffset="5929" SrcFileId="10" StartOffset="5875"/>
</LocList>
<BasicStmnt CovItemId="S125" CovItemPrefix="game.GameBoard.java" Intrnl_Id="646">
<LocList>
<Loc EndOffset="5849" SrcFileId="10" StartOffset="5830"/>
</LocList>
</BasicStmnt>
<BasicStmnt CovItemId="S126" CovItemPrefix="game.GameBoard.java" Intrnl_Id="647">
<LocList>
<Loc EndOffset="5870" SrcFileId="10" StartOffset="5854"/>
</LocList>
</BasicStmnt>
<BasicStmnt CovItemId="S127" CovItemPrefix="game.GameBoard.java" Intrnl_Id="648">
<LocList>
<Loc EndOffset="5929" SrcFileId="10" StartOffset="5875"/>
</LocList>
</BasicStmnt>
</StmntSeq>
</Branch>
<Branch CovItemId="B48" CovItemPrefix="game.GameBoard.java" Implct="false" Intrnl_Id="649">
<Cond>
<Loc EndOffset="5939" SrcFileId="10" StartOffset="5935"/>
</Cond>
<LocList>
<Loc EndOffset="6432" SrcFileId="10" StartOffset="5940"/>
</LocList>
<StmntSeq Intrnl_Id="650">
<LocList>
<Loc EndOffset="6432" SrcFileId="10" StartOffset="5940"/>
</LocList>
<CondStmnt CovItemId="S128" CovItemPrefix="game.GameBoard.java" Intrnl_Id="651">
<Branch CovItemId="B49" CovItemPrefix="game.GameBoard.java" Implct="false" Intrnl_Id="652">
<Cond/>
<LocList>
<Loc EndOffset="6059" SrcFileId="10" StartOffset="5978"/>
</LocList>
<StmntSeq Intrnl_Id="653">
<LocList>
<Loc EndOffset="6033" SrcFileId="10" StartOffset="6014"/>
<Loc EndOffset="6054" SrcFileId="10" StartOffset="6038"/>
</LocList>
<BasicStmnt CovItemId="S129" CovItemPrefix="game.GameBoard.java" Intrnl_Id="654">
<LocList>
<Loc EndOffset="6033" SrcFileId="10" StartOffset="6014"/>
</LocList>
</BasicStmnt>
<BasicStmnt CovItemId="S130" CovItemPrefix="game.GameBoard.java" Intrnl_Id="655">
<LocList>
<Loc EndOffset="6054" SrcFileId="10" StartOffset="6038"/>
</LocList>
</BasicStmnt>
</StmntSeq>
</Branch>
<Branch CovItemId="B50" CovItemPrefix="game.GameBoard.java" Implct="false" Intrnl_Id="656">
<Cond>
<Loc EndOffset="6064" SrcFileId="10" StartOffset="6060"/>
</Cond>
<LocList>
<Loc EndOffset="6432" SrcFileId="10" StartOffset="6065"/>
</LocList>
<StmntSeq Intrnl_Id="657">
<LocList>
<Loc EndOffset="6432" SrcFileId="10" StartOffset="6065"/>
</LocList>
<CondStmnt CovItemId="S131" CovItemPrefix="game.GameBoard.java" Intrnl_Id="658">
<Branch CovItemId="B51" CovItemPrefix="game.GameBoard.java" Implct="false" Intrnl_Id="659">
<Cond/>
<LocList>
<Loc EndOffset="6192" SrcFileId="10" StartOffset="6088"/>
</LocList>
<StmntSeq Intrnl_Id="660">
<LocList>
<Loc EndOffset="6113" SrcFileId="10" StartOffset="6094"/>
<Loc EndOffset="6134" SrcFileId="10" StartOffset="6118"/>
<Loc EndOffset="6187" SrcFileId="10" StartOffset="6139"/>
</LocList>
<BasicStmnt CovItemId="S132" CovItemPrefix="game.GameBoard.java" Intrnl_Id="661">
<LocList>
<Loc EndOffset="6113" SrcFileId="10" StartOffset="6094"/>
</LocList>
</BasicStmnt>
<BasicStmnt CovItemId="S133" CovItemPrefix="game.GameBoard.java" Intrnl_Id="662">
<LocList>
<Loc EndOffset="6134" SrcFileId="10" StartOffset="6118"/>
</LocList>
</BasicStmnt>
<BasicStmnt CovItemId="S134" CovItemPrefix="game.GameBoard.java" Intrnl_Id="663">
<LocList>
<Loc EndOffset="6187" SrcFileId="10" StartOffset="6139"/>
</LocList>
</BasicStmnt>
</StmntSeq>
</Branch>
<Branch CovItemId="B52" CovItemPrefix="game.GameBoard.java" Implct="false" Intrnl_Id="664">
<Cond>
<Loc EndOffset="6197" SrcFileId="10" StartOffset="6193"/>
</Cond>
<LocList>
<Loc EndOffset="6432" SrcFileId="10" StartOffset="6198"/>
</LocList>
<StmntSeq Intrnl_Id="665">
<LocList>
<Loc EndOffset="6432" SrcFileId="10" StartOffset="6198"/>
</LocList>
<CondStmnt CovItemId="S135" CovItemPrefix="game.GameBoard.java" Intrnl_Id="666">
<Branch CovItemId="B53" CovItemPrefix="game.GameBoard.java" Implct="false" Intrnl_Id="667">
<Cond/>
<LocList>
<Loc EndOffset="6301" SrcFileId="10" StartOffset="6221"/>
</LocList>
<StmntSeq Intrnl_Id="668">
<LocList>
<Loc EndOffset="6243" SrcFileId="10" StartOffset="6227"/>
<Loc EndOffset="6296" SrcFileId="10" StartOffset="6248"/>
</LocList>
<BasicStmnt CovItemId="S136" CovItemPrefix="game.GameBoard.java" Intrnl_Id="669">
<LocList>
<Loc EndOffset="6243" SrcFileId="10" StartOffset="6227"/>
</LocList>
</BasicStmnt>
<BasicStmnt CovItemId="S137" CovItemPrefix="game.GameBoard.java" Intrnl_Id="670">
<LocList>
<Loc EndOffset="6296" SrcFileId="10" StartOffset="6248"/>
</LocList>
</BasicStmnt>
</StmntSeq>
</Branch>
<Branch CovItemId="B54" CovItemPrefix="game.GameBoard.java" Implct="false" Intrnl_Id="671">
<Cond>
<Loc EndOffset="6306" SrcFileId="10" StartOffset="6302"/>
</Cond>
<LocList>
<Loc EndOffset="6432" SrcFileId="10" StartOffset="6307"/>
</LocList>
<StmntSeq Intrnl_Id="672">
<LocList>
<Loc EndOffset="6432" SrcFileId="10" StartOffset="6307"/>
</LocList>
<CondStmnt CovItemId="S138" CovItemPrefix="game.GameBoard.java" Intrnl_Id="673">
<Branch CovItemId="B55" CovItemPrefix="game.GameBoard.java" Implct="false" Intrnl_Id="674">
<Cond/>
<LocList>
<Loc EndOffset="6432" SrcFileId="10" StartOffset="6331"/>
</LocList>
<StmntSeq Intrnl_Id="675">
<LocList>
<Loc EndOffset="6353" SrcFileId="10" StartOffset="6337"/>
<Loc EndOffset="6374" SrcFileId="10" StartOffset="6358"/>
<Loc EndOffset="6427" SrcFileId="10" StartOffset="6379"/>
</LocList>
<BasicStmnt CovItemId="S139" CovItemPrefix="game.GameBoard.java" Intrnl_Id="676">
<LocList>
<Loc EndOffset="6353" SrcFileId="10" StartOffset="6337"/>
</LocList>
</BasicStmnt>
<BasicStmnt CovItemId="S140" CovItemPrefix="game.GameBoard.java" Intrnl_Id="677">
<LocList>
<Loc EndOffset="6374" SrcFileId="10" StartOffset="6358"/>
</LocList>
</BasicStmnt>
<BasicStmnt CovItemId="S141" CovItemPrefix="game.GameBoard.java" Intrnl_Id="678">
<LocList>
<Loc EndOffset="6427" SrcFileId="10" StartOffset="6379"/>
</LocList>
</BasicStmnt>
</StmntSeq>
</Branch>
<Branch CovItemId="B56" CovItemPrefix="game.GameBoard.java" Implct="true" Intrnl_Id="679">
<Cond/>
<LocList/>
<StmntSeq Intrnl_Id="680">
<LocList/>
</StmntSeq>
</Branch>
<Keyword EndOffset="6309" SrcFileId="10" StartOffset="6307"/>
<LocList>
<Loc EndOffset="6432" SrcFileId="10" StartOffset="6307"/>
</LocList>
<RootTerm CovItemId="C36" CovItemPrefix="game.GameBoard.java" Intrnl_Id="681">
<BasicBoolTerm Intrnl_Id="682">
<LocList>
<Loc EndOffset="6329" SrcFileId="10" StartOffset="6311"/>
</LocList>
</BasicBoolTerm>
</RootTerm>
</CondStmnt>
</StmntSeq>
</Branch>
<Keyword EndOffset="6200" SrcFileId="10" StartOffset="6198"/>
<LocList>
<Loc EndOffset="6432" SrcFileId="10" StartOffset="6198"/>
</LocList>
<RootTerm CovItemId="C35" CovItemPrefix="game.GameBoard.java" Intrnl_Id="683">
<BasicBoolTerm Intrnl_Id="684">
<LocList>
<Loc EndOffset="6219" SrcFileId="10" StartOffset="6202"/>
</LocList>
</BasicBoolTerm>
</RootTerm>
</CondStmnt>
</StmntSeq>
</Branch>
<Keyword EndOffset="6067" SrcFileId="10" StartOffset="6065"/>
<LocList>
<Loc EndOffset="6432" SrcFileId="10" StartOffset="6065"/>
</LocList>
<RootTerm CovItemId="C34" CovItemPrefix="game.GameBoard.java" Intrnl_Id="685">
<BasicBoolTerm Intrnl_Id="686">
<LocList>
<Loc EndOffset="6086" SrcFileId="10" StartOffset="6069"/>
</LocList>
</BasicBoolTerm>
</RootTerm>
</CondStmnt>
</StmntSeq>
</Branch>
<Keyword EndOffset="5942" SrcFileId="10" StartOffset="5940"/>
<LocList>
<Loc EndOffset="6432" SrcFileId="10" StartOffset="5940"/>
</LocList>
<RootTerm CovItemId="C33" CovItemPrefix="game.GameBoard.java" Intrnl_Id="687">
<OpTerm BooleanOpId="16" Intrnl_Id="688">
<BasicBoolTerm Intrnl_Id="689">
<LocList>
<Loc EndOffset="5957" SrcFileId="10" StartOffset="5945"/>
</LocList>
</BasicBoolTerm>
<BasicBoolTerm Intrnl_Id="690">
<LocList>
<Loc EndOffset="5975" SrcFileId="10" StartOffset="5963"/>
</LocList>
</BasicBoolTerm>
<LocList>
<Loc EndOffset="5961" SrcFileId="10" StartOffset="5959"/>
</LocList>
</OpTerm>
</RootTerm>
</CondStmnt>
</StmntSeq>
</Branch>
<Keyword EndOffset="5802" SrcFileId="10" StartOffset="5800"/>
<LocList>
<Loc EndOffset="6432" SrcFileId="10" StartOffset="5800"/>
</LocList>
<RootTerm CovItemId="C32" CovItemPrefix="game.GameBoard.java" Intrnl_Id="691">
<BasicBoolTerm Intrnl_Id="692">
<LocList>
<Loc EndOffset="5822" SrcFileId="10" StartOffset="5804"/>
</LocList>
</BasicBoolTerm>
</RootTerm>
</CondStmnt>
</StmntSeq>
</Branch>
<Keyword EndOffset="5524" SrcFileId="10" StartOffset="5522"/>
<LocList>
<Loc EndOffset="6432" SrcFileId="10" StartOffset="5522"/>
</LocList>
<RootTerm CovItemId="C30" CovItemPrefix="game.GameBoard.java" Intrnl_Id="693">
<BasicBoolTerm Intrnl_Id="694">
<LocList>
<Loc EndOffset="5544" SrcFileId="10" StartOffset="5526"/>
</LocList>
</BasicBoolTerm>
</RootTerm>
</CondStmnt>
<BasicStmnt CovItemId="S142" CovItemPrefix="game.GameBoard.java" Intrnl_Id="695">
<LocList>
<Loc EndOffset="6469" SrcFileId="10" StartOffset="6436"/>
</LocList>
</BasicStmnt>
</StmntSeq>
</HierarchyLvl>
<HierarchyLvl HierarchyLvlId="187" HierarchyLvlTypeId="20" Intrnl_Id="696" Name="removePiece">
<Header>
<Loc EndOffset="6520" SrcFileId="10" StartOffset="6479"/>
</Header>
<LocList>
<Loc EndOffset="7009" SrcFileId="10" StartOffset="6479"/>
</LocList>
<StmntSeq Intrnl_Id="697">
<LocList>
<Loc EndOffset="6565" SrcFileId="10" StartOffset="6526"/>
<Loc EndOffset="6604" SrcFileId="10" StartOffset="6569"/>
<Loc EndOffset="6643" SrcFileId="10" StartOffset="6608"/>
<Loc EndOffset="6671" SrcFileId="10" StartOffset="6647"/>
<Loc EndOffset="6706" SrcFileId="10" StartOffset="6675"/>
<Loc EndOffset="6725" SrcFileId="10" StartOffset="6710"/>
<Loc EndOffset="6749" SrcFileId="10" StartOffset="6729"/>
<Loc EndOffset="6779" SrcFileId="10" StartOffset="6753"/>
<Loc EndOffset="6831" SrcFileId="10" StartOffset="6783"/>
<Loc EndOffset="6868" SrcFileId="10" StartOffset="6835"/>
<Loc EndOffset="6891" SrcFileId="10" StartOffset="6872"/>
<Loc EndOffset="6914" SrcFileId="10" StartOffset="6895"/>
<Loc EndOffset="6953" SrcFileId="10" StartOffset="6918"/>
<Loc EndOffset="6976" SrcFileId="10" StartOffset="6957"/>
<Loc EndOffset="6991" SrcFileId="10" StartOffset="6980"/>
<Loc EndOffset="7005" SrcFileId="10" StartOffset="6995"/>
</LocList>
<BasicStmnt CovItemId="S143" CovItemPrefix="game.GameBoard.java" Intrnl_Id="698">
<LocList>
<Loc EndOffset="6565" SrcFileId="10" StartOffset="6526"/>
</LocList>
</BasicStmnt>
<BasicStmnt CovItemId="S144" CovItemPrefix="game.GameBoard.java" Intrnl_Id="699">
<LocList>
<Loc EndOffset="6604" SrcFileId="10" StartOffset="6569"/>
</LocList>
</BasicStmnt>
<BasicStmnt CovItemId="S145" CovItemPrefix="game.GameBoard.java" Intrnl_Id="700">
<LocList>
<Loc EndOffset="6643" SrcFileId="10" StartOffset="6608"/>
</LocList>
</BasicStmnt>
<BasicStmnt CovItemId="S146" CovItemPrefix="game.GameBoard.java" Intrnl_Id="701">
<LocList>
<Loc EndOffset="6671" SrcFileId="10" StartOffset="6647"/>
</LocList>
</BasicStmnt>
<BasicStmnt CovItemId="S147" CovItemPrefix="game.GameBoard.java" Intrnl_Id="702">
<LocList>
<Loc EndOffset="6706" SrcFileId="10" StartOffset="6675"/>
</LocList>
</BasicStmnt>
<BasicStmnt CovItemId="S148" CovItemPrefix="game.GameBoard.java" Intrnl_Id="703">
<LocList>
<Loc EndOffset="6725" SrcFileId="10" StartOffset="6710"/>
</LocList>
</BasicStmnt>
<BasicStmnt CovItemId="S149" CovItemPrefix="game.GameBoard.java" Intrnl_Id="704">
<LocList>
<Loc EndOffset="6749" SrcFileId="10" StartOffset="6729"/>
</LocList>
</BasicStmnt>
<BasicStmnt CovItemId="S150" CovItemPrefix="game.GameBoard.java" Intrnl_Id="705">
<LocList>
<Loc EndOffset="6779" SrcFileId="10" StartOffset="6753"/>
</LocList>
</BasicStmnt>
<BasicStmnt CovItemId="S151" CovItemPrefix="game.GameBoard.java" Intrnl_Id="706">
<LocList>
<Loc EndOffset="6831" SrcFileId="10" StartOffset="6783"/>
</LocList>
</BasicStmnt>
<BasicStmnt CovItemId="S152" CovItemPrefix="game.GameBoard.java" Intrnl_Id="707">
<LocList>
<Loc EndOffset="6868" SrcFileId="10" StartOffset="6835"/>
</LocList>
</BasicStmnt>
<BasicStmnt CovItemId="S153" CovItemPrefix="game.GameBoard.java" Intrnl_Id="708">
<LocList>
<Loc EndOffset="6891" SrcFileId="10" StartOffset="6872"/>
</LocList>
</BasicStmnt>
<BasicStmnt CovItemId="S154" CovItemPrefix="game.GameBoard.java" Intrnl_Id="709">
<LocList>
<Loc EndOffset="6914" SrcFileId="10" StartOffset="6895"/>
</LocList>
</BasicStmnt>
<BasicStmnt CovItemId="S155" CovItemPrefix="game.GameBoard.java" Intrnl_Id="710">
<LocList>
<Loc EndOffset="6953" SrcFileId="10" StartOffset="6918"/>
</LocList>
</BasicStmnt>
<BasicStmnt CovItemId="S156" CovItemPrefix="game.GameBoard.java" Intrnl_Id="711">
<LocList>
<Loc EndOffset="6976" SrcFileId="10" StartOffset="6957"/>
</LocList>
</BasicStmnt>
<BasicStmnt CovItemId="S157" CovItemPrefix="game.GameBoard.java" Intrnl_Id="712">
<LocList>
<Loc EndOffset="6991" SrcFileId="10" StartOffset="6980"/>
</LocList>
</BasicStmnt>
<BasicStmnt CovItemId="S158" CovItemPrefix="game.GameBoard.java" Intrnl_Id="713">
<LocList>
<Loc EndOffset="7005" SrcFileId="10" StartOffset="6995"/>
</LocList>
</BasicStmnt>
</StmntSeq>
</HierarchyLvl>
</HierarchyLvl>
<HierarchyLvl HierarchyLvlId="190" HierarchyLvlTypeId="19" Intrnl_Id="714" Name="GameApplet">
<Header>
<Loc EndOffset="99" SrcFileId="11" StartOffset="76"/>
</Header>
<LocList>
<Loc EndOffset="368" SrcFileId="11" StartOffset="76"/>
</LocList>
<HierarchyLvl HierarchyLvlId="189" HierarchyLvlTypeId="20" Intrnl_Id="715" Name="main">
<Header>
<Loc EndOffset="144" SrcFileId="11" StartOffset="106"/>
</Header>
<LocList>
<Loc EndOffset="365" SrcFileId="11" StartOffset="106"/>
</LocList>
<StmntSeq Intrnl_Id="716">
<LocList>
<Loc EndOffset="205" SrcFileId="11" StartOffset="150"/>
<Loc EndOffset="264" SrcFileId="11" StartOffset="209"/>
<Loc EndOffset="361" SrcFileId="11" StartOffset="268"/>
</LocList>
<BasicStmnt CovItemId="S1" CovItemPrefix="game.GameApplet.java" Intrnl_Id="717">
<LocList>
<Loc EndOffset="205" SrcFileId="11" StartOffset="150"/>
</LocList>
</BasicStmnt>
<BasicStmnt CovItemId="S2" CovItemPrefix="game.GameApplet.java" Intrnl_Id="718">
<LocList>
<Loc EndOffset="264" SrcFileId="11" StartOffset="209"/>
</LocList>
</BasicStmnt>
<BasicStmnt CovItemId="S3" CovItemPrefix="game.GameApplet.java" Intrnl_Id="719">
<LocList>
<Loc EndOffset="361" SrcFileId="11" StartOffset="268"/>
</LocList>
</BasicStmnt>
</StmntSeq>
</HierarchyLvl>
</HierarchyLvl>
<HierarchyLvl HierarchyLvlId="196" HierarchyLvlTypeId="19" Intrnl_Id="720" Name="Flag">
<Header>
<Loc EndOffset="118" SrcFileId="12" StartOffset="79"/>
</Header>
<LocList>
<Loc EndOffset="640" SrcFileId="12" StartOffset="79"/>
</LocList>
<HierarchyLvl HierarchyLvlId="191" HierarchyLvlTypeId="20" Intrnl_Id="721" Name="Flag">
<Header>
<Loc EndOffset="138" SrcFileId="12" StartOffset="125"/>
</Header>
<LocList>
<Loc EndOffset="271" SrcFileId="12" StartOffset="125"/>
</LocList>
<StmntSeq Intrnl_Id="722">
<LocList>
<Loc EndOffset="172" SrcFileId="12" StartOffset="144"/>
<Loc EndOffset="216" SrcFileId="12" StartOffset="199"/>
<Loc EndOffset="239" SrcFileId="12" StartOffset="220"/>
<Loc EndOffset="267" SrcFileId="12" StartOffset="243"/>
</LocList>
<BasicStmnt CovItemId="S1" CovItemPrefix="game.Flag.java" Intrnl_Id="723">
<LocList>
<Loc EndOffset="172" SrcFileId="12" StartOffset="144"/>
</LocList>
</BasicStmnt>
<BasicStmnt CovItemId="S2" CovItemPrefix="game.Flag.java" Intrnl_Id="724">
<LocList>
<Loc EndOffset="216" SrcFileId="12" StartOffset="199"/>
</LocList>
</BasicStmnt>
<BasicStmnt CovItemId="S3" CovItemPrefix="game.Flag.java" Intrnl_Id="725">
<LocList>
<Loc EndOffset="239" SrcFileId="12" StartOffset="220"/>
</LocList>
</BasicStmnt>
<BasicStmnt CovItemId="S4" CovItemPrefix="game.Flag.java" Intrnl_Id="726">
<LocList>
<Loc EndOffset="267" SrcFileId="12" StartOffset="243"/>
</LocList>
</BasicStmnt>
</StmntSeq>
</HierarchyLvl>
<HierarchyLvl HierarchyLvlId="192" HierarchyLvlTypeId="20" Intrnl_Id="727" Name="actionPerformed">
<Header>
<Loc EndOffset="328" SrcFileId="12" StartOffset="274"/>
</Header>
<LocList>
<Loc EndOffset="376" SrcFileId="12" StartOffset="274"/>
</LocList>
</HierarchyLvl>
<HierarchyLvl HierarchyLvlId="193" HierarchyLvlTypeId="20" Intrnl_Id="728" Name="setSelected">
<Header>
<Loc EndOffset="434" SrcFileId="12" StartOffset="381"/>
</Header>
<LocList>
<Loc EndOffset="469" SrcFileId="12" StartOffset="381"/>
</LocList>
<StmntSeq Intrnl_Id="729">
<LocList>
<Loc EndOffset="465" SrcFileId="12" StartOffset="440"/>
</LocList>
<BasicStmnt CovItemId="S5" CovItemPrefix="game.Flag.java" Intrnl_Id="730">
<LocList>
<Loc EndOffset="465" SrcFileId="12" StartOffset="440"/>
</LocList>
</BasicStmnt>
</StmntSeq>
</HierarchyLvl>
<HierarchyLvl HierarchyLvlId="194" HierarchyLvlTypeId="20" Intrnl_Id="731" Name="hide">
<Header>
<Loc EndOffset="504" SrcFileId="12" StartOffset="474"/>
</Header>
<LocList>
<Loc EndOffset="552" SrcFileId="12" StartOffset="474"/>
</LocList>
</HierarchyLvl>
<HierarchyLvl HierarchyLvlId="195" HierarchyLvlTypeId="20" Intrnl_Id="732" Name="show">
<Header>
<Loc EndOffset="587" SrcFileId="12" StartOffset="557"/>
</Header>
<LocList>
<Loc EndOffset="635" SrcFileId="12" StartOffset="557"/>
</LocList>
</HierarchyLvl>
</HierarchyLvl>
<HierarchyLvl HierarchyLvlId="204" HierarchyLvlTypeId="19" Intrnl_Id="733" Name="ClearPiece">
<Header>
<Loc EndOffset="196" SrcFileId="13" StartOffset="151"/>
</Header>
<LocList>
<Loc EndOffset="987" SrcFileId="13" StartOffset="151"/>
</LocList>
<HierarchyLvl HierarchyLvlId="197" HierarchyLvlTypeId="20" Intrnl_Id="734" Name="ClearPiece">
<Header>
<Loc EndOffset="247" SrcFileId="13" StartOffset="228"/>
</Header>
<LocList>
<Loc EndOffset="312" SrcFileId="13" StartOffset="228"/>
</LocList>
<StmntSeq Intrnl_Id="735">
<LocList>
<Loc EndOffset="277" SrcFileId="13" StartOffset="253"/>
<Loc EndOffset="308" SrcFileId="13" StartOffset="281"/>
</LocList>
<BasicStmnt CovItemId="S1" CovItemPrefix="game.ClearPiece.java" Intrnl_Id="736">
<LocList>
<Loc EndOffset="277" SrcFileId="13" StartOffset="253"/>
</LocList>
</BasicStmnt>
<BasicStmnt CovItemId="S2" CovItemPrefix="game.ClearPiece.java" Intrnl_Id="737">
<LocList>
<Loc EndOffset="308" SrcFileId="13" StartOffset="281"/>
</LocList>
</BasicStmnt>
</StmntSeq>
</HierarchyLvl>
<HierarchyLvl HierarchyLvlId="198" HierarchyLvlTypeId="20" Intrnl_Id="738" Name="actionPerformed">
<Header>
<Loc EndOffset="374" SrcFileId="13" StartOffset="317"/>
</Header>
<LocList>
<Loc EndOffset="449" SrcFileId="13" StartOffset="317"/>
</LocList>
<StmntSeq Intrnl_Id="739">
<LocList>
<Loc EndOffset="445" SrcFileId="13" StartOffset="380"/>
</LocList>
<CondStmnt CovItemId="S3" CovItemPrefix="game.ClearPiece.java" Intrnl_Id="740">
<Branch CovItemId="B1" CovItemPrefix="game.ClearPiece.java" Implct="false" Intrnl_Id="741">
<Cond/>
<LocList>
<Loc EndOffset="445" SrcFileId="13" StartOffset="393"/>
</LocList>
<StmntSeq Intrnl_Id="742">
<LocList>
<Loc EndOffset="440" SrcFileId="13" StartOffset="399"/>
</LocList>
<BasicStmnt CovItemId="S4" CovItemPrefix="game.ClearPiece.java" Intrnl_Id="743">
<LocList>
<Loc EndOffset="440" SrcFileId="13" StartOffset="399"/>
</LocList>
</BasicStmnt>
</StmntSeq>
</Branch>
<Branch CovItemId="B2" CovItemPrefix="game.ClearPiece.java" Implct="true" Intrnl_Id="744">
<Cond/>
<LocList/>
<StmntSeq Intrnl_Id="745">
<LocList/>
</StmntSeq>
</Branch>
<Keyword EndOffset="382" SrcFileId="13" StartOffset="380"/>
<LocList>
<Loc EndOffset="445" SrcFileId="13" StartOffset="380"/>
</LocList>
<RootTerm CovItemId="C1" CovItemPrefix="game.ClearPiece.java" Intrnl_Id="746">
<BasicBoolTerm Intrnl_Id="747">
<LocList>
<Loc EndOffset="391" SrcFileId="13" StartOffset="383"/>
</LocList>
</BasicBoolTerm>
</RootTerm>
</CondStmnt>
</StmntSeq>
</HierarchyLvl>
<HierarchyLvl HierarchyLvlId="199" HierarchyLvlTypeId="20" Intrnl_Id="748" Name="setSelected">
<Header>
<Loc EndOffset="507" SrcFileId="13" StartOffset="454"/>
</Header>
<LocList>
<Loc EndOffset="680" SrcFileId="13" StartOffset="454"/>
</LocList>
<StmntSeq Intrnl_Id="749">
<LocList>
<Loc EndOffset="645" SrcFileId="13" StartOffset="513"/>
<Loc EndOffset="676" SrcFileId="13" StartOffset="651"/>
</LocList>
<CondStmnt CovItemId="S5" CovItemPrefix="game.ClearPiece.java" Intrnl_Id="750">
<Branch CovItemId="B3" CovItemPrefix="game.ClearPiece.java" Implct="false" Intrnl_Id="751">
<Cond/>
<LocList>
<Loc EndOffset="582" SrcFileId="13" StartOffset="526"/>
</LocList>
<StmntSeq Intrnl_Id="752">
<LocList>
<Loc EndOffset="577" SrcFileId="13" StartOffset="532"/>
</LocList>
<BasicStmnt CovItemId="S6" CovItemPrefix="game.ClearPiece.java" Intrnl_Id="753">
<LocList>
<Loc EndOffset="577" SrcFileId="13" StartOffset="532"/>
</LocList>
</BasicStmnt>
</StmntSeq>
</Branch>
<Branch CovItemId="B4" CovItemPrefix="game.ClearPiece.java" Implct="false" Intrnl_Id="754">
<Cond>
<Loc EndOffset="587" SrcFileId="13" StartOffset="583"/>
</Cond>
<LocList>
<Loc EndOffset="645" SrcFileId="13" StartOffset="588"/>
</LocList>
<StmntSeq Intrnl_Id="755">
<LocList>
<Loc EndOffset="640" SrcFileId="13" StartOffset="594"/>
</LocList>
<BasicStmnt CovItemId="S7" CovItemPrefix="game.ClearPiece.java" Intrnl_Id="756">
<LocList>
<Loc EndOffset="640" SrcFileId="13" StartOffset="594"/>
</LocList>
</BasicStmnt>
</StmntSeq>
</Branch>
<Keyword EndOffset="515" SrcFileId="13" StartOffset="513"/>
<LocList>
<Loc EndOffset="645" SrcFileId="13" StartOffset="513"/>
</LocList>
<RootTerm CovItemId="C2" CovItemPrefix="game.ClearPiece.java" Intrnl_Id="757">
<BasicBoolTerm Intrnl_Id="758">
<LocList>
<Loc EndOffset="524" SrcFileId="13" StartOffset="516"/>
</LocList>
</BasicBoolTerm>
</RootTerm>
</CondStmnt>
<BasicStmnt CovItemId="S8" CovItemPrefix="game.ClearPiece.java" Intrnl_Id="759">
<LocList>
<Loc EndOffset="676" SrcFileId="13" StartOffset="651"/>
</LocList>
</BasicStmnt>
</StmntSeq>
</HierarchyLvl>
<HierarchyLvl HierarchyLvlId="200" HierarchyLvlTypeId="20" Intrnl_Id="760" Name="hide">
<Header>
<Loc EndOffset="715" SrcFileId="13" StartOffset="685"/>
</Header>
<LocList>
<Loc EndOffset="763" SrcFileId="13" StartOffset="685"/>
</LocList>
</HierarchyLvl>
<HierarchyLvl HierarchyLvlId="201" HierarchyLvlTypeId="20" Intrnl_Id="761" Name="show">
<Header>
<Loc EndOffset="798" SrcFileId="13" StartOffset="768"/>
</Header>
<LocList>
<Loc EndOffset="846" SrcFileId="13" StartOffset="768"/>
</LocList>
</HierarchyLvl>
<HierarchyLvl HierarchyLvlId="202" HierarchyLvlTypeId="20" Intrnl_Id="762" Name="setOwner">
<Header>
<Loc EndOffset="892" SrcFileId="13" StartOffset="852"/>
</Header>
<LocList>
<Loc EndOffset="920" SrcFileId="13" StartOffset="852"/>
</LocList>
<StmntSeq Intrnl_Id="763">
<LocList>
<Loc EndOffset="916" SrcFileId="13" StartOffset="898"/>
</LocList>
<BasicStmnt CovItemId="S9" CovItemPrefix="game.ClearPiece.java" Intrnl_Id="764">
<LocList>
<Loc EndOffset="916" SrcFileId="13" StartOffset="898"/>
</LocList>
</BasicStmnt>
</StmntSeq>
</HierarchyLvl>
<HierarchyLvl HierarchyLvlId="203" HierarchyLvlTypeId="20" Intrnl_Id="765" Name="getOwner">
<Header>
<Loc EndOffset="960" SrcFileId="13" StartOffset="926"/>
</Header>
<LocList>
<Loc EndOffset="982" SrcFileId="13" StartOffset="926"/>
</LocList>
<StmntSeq Intrnl_Id="766">
<LocList>
<Loc EndOffset="978" SrcFileId="13" StartOffset="966"/>
</LocList>
<BasicStmnt CovItemId="S10" CovItemPrefix="game.ClearPiece.java" Intrnl_Id="767">
<LocList>
<Loc EndOffset="978" SrcFileId="13" StartOffset="966"/>
</LocList>
</BasicStmnt>
</StmntSeq>
</HierarchyLvl>
</HierarchyLvl>
<HierarchyLvl HierarchyLvlId="210" HierarchyLvlTypeId="19" Intrnl_Id="768" Name="Bomb">
<Header>
<Loc EndOffset="183" SrcFileId="14" StartOffset="144"/>
</Header>
<LocList>
<Loc EndOffset="932" SrcFileId="14" StartOffset="144"/>
</LocList>
<HierarchyLvl HierarchyLvlId="205" HierarchyLvlTypeId="20" Intrnl_Id="769" Name="Bomb">
<Header>
<Loc EndOffset="203" SrcFileId="14" StartOffset="190"/>
</Header>
<LocList>
<Loc EndOffset="332" SrcFileId="14" StartOffset="190"/>
</LocList>
<StmntSeq Intrnl_Id="770">
<LocList>
<Loc EndOffset="225" SrcFileId="14" StartOffset="209"/>
<Loc EndOffset="256" SrcFileId="14" StartOffset="229"/>
<Loc EndOffset="277" SrcFileId="14" StartOffset="260"/>
<Loc EndOffset="300" SrcFileId="14" StartOffset="281"/>
<Loc EndOffset="328" SrcFileId="14" StartOffset="304"/>
</LocList>
<BasicStmnt CovItemId="S1" CovItemPrefix="game.Bomb.java" Intrnl_Id="771">
<LocList>
<Loc EndOffset="225" SrcFileId="14" StartOffset="209"/>
</LocList>
</BasicStmnt>
<BasicStmnt CovItemId="S2" CovItemPrefix="game.Bomb.java" Intrnl_Id="772">
<LocList>
<Loc EndOffset="256" SrcFileId="14" StartOffset="229"/>
</LocList>
</BasicStmnt>
<BasicStmnt CovItemId="S3" CovItemPrefix="game.Bomb.java" Intrnl_Id="773">
<LocList>
<Loc EndOffset="277" SrcFileId="14" StartOffset="260"/>
</LocList>
</BasicStmnt>
<BasicStmnt CovItemId="S4" CovItemPrefix="game.Bomb.java" Intrnl_Id="774">
<LocList>
<Loc EndOffset="300" SrcFileId="14" StartOffset="281"/>
</LocList>
</BasicStmnt>
<BasicStmnt CovItemId="S5" CovItemPrefix="game.Bomb.java" Intrnl_Id="775">
<LocList>
<Loc EndOffset="328" SrcFileId="14" StartOffset="304"/>
</LocList>
</BasicStmnt>
</StmntSeq>
</HierarchyLvl>
<HierarchyLvl HierarchyLvlId="206" HierarchyLvlTypeId="20" Intrnl_Id="776" Name="actionPerformed">
<Header>
<Loc EndOffset="391" SrcFileId="14" StartOffset="337"/>
</Header>
<LocList>
<Loc EndOffset="530" SrcFileId="14" StartOffset="337"/>
</LocList>
<StmntSeq Intrnl_Id="777">
<LocList>
<Loc EndOffset="526" SrcFileId="14" StartOffset="397"/>
</LocList>
<CondStmnt CovItemId="S6" CovItemPrefix="game.Bomb.java" Intrnl_Id="778">
<Branch CovItemId="B1" CovItemPrefix="game.Bomb.java" Implct="false" Intrnl_Id="779">
<Cond/>
<LocList>
<Loc EndOffset="463" SrcFileId="14" StartOffset="411"/>
</LocList>
<StmntSeq Intrnl_Id="780">
<LocList>
<Loc EndOffset="458" SrcFileId="14" StartOffset="417"/>
</LocList>
<BasicStmnt CovItemId="S7" CovItemPrefix="game.Bomb.java" Intrnl_Id="781">
<LocList>
<Loc EndOffset="458" SrcFileId="14" StartOffset="417"/>
</LocList>
</BasicStmnt>
</StmntSeq>
</Branch>
<Branch CovItemId="B2" CovItemPrefix="game.Bomb.java" Implct="false" Intrnl_Id="782">
<Cond>
<Loc EndOffset="468" SrcFileId="14" StartOffset="464"/>
</Cond>
<LocList>
<Loc EndOffset="526" SrcFileId="14" StartOffset="469"/>
</LocList>
<StmntSeq Intrnl_Id="783">
<LocList/>
</StmntSeq>
</Branch>
<Keyword EndOffset="399" SrcFileId="14" StartOffset="397"/>
<LocList>
<Loc EndOffset="526" SrcFileId="14" StartOffset="397"/>
</LocList>
<RootTerm CovItemId="C1" CovItemPrefix="game.Bomb.java" Intrnl_Id="784">
<BasicBoolTerm Intrnl_Id="785">
<LocList>
<Loc EndOffset="409" SrcFileId="14" StartOffset="401"/>
</LocList>
</BasicBoolTerm>
</RootTerm>
</CondStmnt>
</StmntSeq>
</HierarchyLvl>
<HierarchyLvl HierarchyLvlId="207" HierarchyLvlTypeId="20" Intrnl_Id="786" Name="setSelected">
<Header>
<Loc EndOffset="588" SrcFileId="14" StartOffset="535"/>
</Header>
<LocList>
<Loc EndOffset="763" SrcFileId="14" StartOffset="535"/>
</LocList>
<StmntSeq Intrnl_Id="787">
<LocList>
<Loc EndOffset="730" SrcFileId="14" StartOffset="594"/>
<Loc EndOffset="759" SrcFileId="14" StartOffset="734"/>
</LocList>
<CondStmnt CovItemId="S8" CovItemPrefix="game.Bomb.java" Intrnl_Id="788">
<Branch CovItemId="B3" CovItemPrefix="game.Bomb.java" Implct="false" Intrnl_Id="789">
<Cond/>
<LocList>
<Loc EndOffset="667" SrcFileId="14" StartOffset="608"/>
</LocList>
<StmntSeq Intrnl_Id="790">
<LocList>
<Loc EndOffset="662" SrcFileId="14" StartOffset="614"/>
</LocList>
<BasicStmnt CovItemId="S9" CovItemPrefix="game.Bomb.java" Intrnl_Id="791">
<LocList>
<Loc EndOffset="662" SrcFileId="14" StartOffset="614"/>
</LocList>
</BasicStmnt>
</StmntSeq>
</Branch>
<Branch CovItemId="B4" CovItemPrefix="game.Bomb.java" Implct="false" Intrnl_Id="792">
<Cond>
<Loc EndOffset="672" SrcFileId="14" StartOffset="668"/>
</Cond>
<LocList>
<Loc EndOffset="730" SrcFileId="14" StartOffset="673"/>
</LocList>
<StmntSeq Intrnl_Id="793">
<LocList>
<Loc EndOffset="725" SrcFileId="14" StartOffset="679"/>
</LocList>
<BasicStmnt CovItemId="S10" CovItemPrefix="game.Bomb.java" Intrnl_Id="794">
<LocList>
<Loc EndOffset="725" SrcFileId="14" StartOffset="679"/>
</LocList>
</BasicStmnt>
</StmntSeq>
</Branch>
<Keyword EndOffset="596" SrcFileId="14" StartOffset="594"/>
<LocList>
<Loc EndOffset="730" SrcFileId="14" StartOffset="594"/>
</LocList>
<RootTerm CovItemId="C2" CovItemPrefix="game.Bomb.java" Intrnl_Id="795">
<BasicBoolTerm Intrnl_Id="796">
<LocList>
<Loc EndOffset="606" SrcFileId="14" StartOffset="598"/>
</LocList>
</BasicBoolTerm>
</RootTerm>
</CondStmnt>
<BasicStmnt CovItemId="S11" CovItemPrefix="game.Bomb.java" Intrnl_Id="797">
<LocList>
<Loc EndOffset="759" SrcFileId="14" StartOffset="734"/>
</LocList>
</BasicStmnt>
</StmntSeq>
</HierarchyLvl>
<HierarchyLvl HierarchyLvlId="208" HierarchyLvlTypeId="20" Intrnl_Id="798" Name="hide">
<Header>
<Loc EndOffset="798" SrcFileId="14" StartOffset="768"/>
</Header>
<LocList>
<Loc EndOffset="846" SrcFileId="14" StartOffset="768"/>
</LocList>
</HierarchyLvl>
<HierarchyLvl HierarchyLvlId="209" HierarchyLvlTypeId="20" Intrnl_Id="799" Name="show">
<Header>
<Loc EndOffset="881" SrcFileId="14" StartOffset="851"/>
</Header>
<LocList>
<Loc EndOffset="929" SrcFileId="14" StartOffset="851"/>
</LocList>
</HierarchyLvl>
</HierarchyLvl>
<HierarchyLvl HierarchyLvlId="224" HierarchyLvlTypeId="19" Intrnl_Id="800" Name="AbstractPiece">
<Header>
<Loc EndOffset="265" SrcFileId="15" StartOffset="180"/>
</Header>
<LocList>
<Loc EndOffset="1375" SrcFileId="15" StartOffset="180"/>
</LocList>
<StmntSeq Intrnl_Id="801">
<LocList>
<Loc EndOffset="307" SrcFileId="15" StartOffset="272"/>
<Loc EndOffset="349" SrcFileId="15" StartOffset="310"/>
<Loc EndOffset="440" SrcFileId="15" StartOffset="411"/>
</LocList>
<BasicStmnt CovItemId="S1" CovItemPrefix="game.AbstractPiece.java" Intrnl_Id="802">
<LocList>
<Loc EndOffset="307" SrcFileId="15" StartOffset="272"/>
</LocList>
</BasicStmnt>
<BasicStmnt CovItemId="S2" CovItemPrefix="game.AbstractPiece.java" Intrnl_Id="803">
<LocList>
<Loc EndOffset="349" SrcFileId="15" StartOffset="310"/>
</LocList>
</BasicStmnt>
<BasicStmnt CovItemId="S3" CovItemPrefix="game.AbstractPiece.java" Intrnl_Id="804">
<LocList>
<Loc EndOffset="440" SrcFileId="15" StartOffset="411"/>
</LocList>
</BasicStmnt>
</StmntSeq>
<HierarchyLvl HierarchyLvlId="211" HierarchyLvlTypeId="20" Intrnl_Id="805" Name="actionPerformed">
<Header>
<Loc EndOffset="557" SrcFileId="15" StartOffset="494"/>
</Header>
<LocList>
<Loc EndOffset="558" SrcFileId="15" StartOffset="494"/>
</LocList>
</HierarchyLvl>
<HierarchyLvl HierarchyLvlId="212" HierarchyLvlTypeId="20" Intrnl_Id="806" Name="setSelected">
<Header>
<Loc EndOffset="625" SrcFileId="15" StartOffset="563"/>
</Header>
<LocList>
<Loc EndOffset="626" SrcFileId="15" StartOffset="563"/>
</LocList>
</HierarchyLvl>
<HierarchyLvl HierarchyLvlId="213" HierarchyLvlTypeId="20" Intrnl_Id="807" Name="hide">
<Header>
<Loc EndOffset="670" SrcFileId="15" StartOffset="631"/>
</Header>
<LocList>
<Loc EndOffset="671" SrcFileId="15" StartOffset="631"/>
</LocList>
</HierarchyLvl>
<HierarchyLvl HierarchyLvlId="214" HierarchyLvlTypeId="20" Intrnl_Id="808" Name="show">
<Header>
<Loc EndOffset="715" SrcFileId="15" StartOffset="676"/>
</Header>
<LocList>
<Loc EndOffset="716" SrcFileId="15" StartOffset="676"/>
</LocList>
</HierarchyLvl>
<HierarchyLvl HierarchyLvlId="215" HierarchyLvlTypeId="20" Intrnl_Id="809" Name="isSelected">
<Header>
<Loc EndOffset="760" SrcFileId="15" StartOffset="721"/>
</Header>
<LocList>
<Loc EndOffset="786" SrcFileId="15" StartOffset="721"/>
</LocList>
<StmntSeq Intrnl_Id="810">
<LocList>
<Loc EndOffset="782" SrcFileId="15" StartOffset="766"/>
</LocList>
<BasicStmnt CovItemId="S4" CovItemPrefix="game.AbstractPiece.java" Intrnl_Id="811">
<LocList>
<Loc EndOffset="782" SrcFileId="15" StartOffset="766"/>
</LocList>
</BasicStmnt>
</StmntSeq>
</HierarchyLvl>
<HierarchyLvl HierarchyLvlId="216" HierarchyLvlTypeId="20" Intrnl_Id="812" Name="setObserver">
<Header>
<Loc EndOffset="851" SrcFileId="15" StartOffset="791"/>
</Header>
<LocList>
<Loc EndOffset="886" SrcFileId="15" StartOffset="791"/>
</LocList>
<StmntSeq Intrnl_Id="813">
<LocList>
<Loc EndOffset="882" SrcFileId="15" StartOffset="857"/>
</LocList>
<BasicStmnt CovItemId="S5" CovItemPrefix="game.AbstractPiece.java" Intrnl_Id="814">
<LocList>
<Loc EndOffset="882" SrcFileId="15" StartOffset="857"/>
</LocList>
</BasicStmnt>
</StmntSeq>
</HierarchyLvl>
<HierarchyLvl HierarchyLvlId="217" HierarchyLvlTypeId="20" Intrnl_Id="815" Name="setLocation">
<Header>
<Loc EndOffset="942" SrcFileId="15" StartOffset="891"/>
</Header>
<LocList>
<Loc EndOffset="980" SrcFileId="15" StartOffset="891"/>
</LocList>
<StmntSeq Intrnl_Id="816">
<LocList>
<Loc EndOffset="973" SrcFileId="15" StartOffset="948"/>
</LocList>
<BasicStmnt CovItemId="S6" CovItemPrefix="game.AbstractPiece.java" Intrnl_Id="817">
<LocList>
<Loc EndOffset="973" SrcFileId="15" StartOffset="948"/>
</LocList>
</BasicStmnt>
</StmntSeq>
</HierarchyLvl>
<HierarchyLvl HierarchyLvlId="218" HierarchyLvlTypeId="20" Intrnl_Id="818" Name="getLocation">
<Header>
<Loc EndOffset="1023" SrcFileId="15" StartOffset="985"/>
</Header>
<LocList>
<Loc EndOffset="1054" SrcFileId="15" StartOffset="985"/>
</LocList>
<StmntSeq Intrnl_Id="819">
<LocList>
<Loc EndOffset="1050" SrcFileId="15" StartOffset="1029"/>
</LocList>
<BasicStmnt CovItemId="S7" CovItemPrefix="game.AbstractPiece.java" Intrnl_Id="820">
<LocList>
<Loc EndOffset="1050" SrcFileId="15" StartOffset="1029"/>
</LocList>
</BasicStmnt>
</StmntSeq>
</HierarchyLvl>
<HierarchyLvl HierarchyLvlId="219" HierarchyLvlTypeId="20" Intrnl_Id="821" Name="getOwner">
<Header>
<Loc EndOffset="1095" SrcFileId="15" StartOffset="1061"/>
</Header>
<LocList>
<Loc EndOffset="1118" SrcFileId="15" StartOffset="1061"/>
</LocList>
<StmntSeq Intrnl_Id="822">
<LocList>
<Loc EndOffset="1114" SrcFileId="15" StartOffset="1101"/>
</LocList>
<BasicStmnt CovItemId="S8" CovItemPrefix="game.AbstractPiece.java" Intrnl_Id="823">
<LocList>
<Loc EndOffset="1114" SrcFileId="15" StartOffset="1101"/>
</LocList>
</BasicStmnt>
</StmntSeq>
</HierarchyLvl>
<HierarchyLvl HierarchyLvlId="220" HierarchyLvlTypeId="20" Intrnl_Id="824" Name="setOwner">
<Header>
<Loc EndOffset="1167" SrcFileId="15" StartOffset="1123"/>
</Header>
<LocList>
<Loc EndOffset="1196" SrcFileId="15" StartOffset="1123"/>
</LocList>
<StmntSeq Intrnl_Id="825">
<LocList>
<Loc EndOffset="1192" SrcFileId="15" StartOffset="1173"/>
</LocList>
<BasicStmnt CovItemId="S9" CovItemPrefix="game.AbstractPiece.java" Intrnl_Id="826">
<LocList>
<Loc EndOffset="1192" SrcFileId="15" StartOffset="1173"/>
</LocList>
</BasicStmnt>
</StmntSeq>
</HierarchyLvl>
<HierarchyLvl HierarchyLvlId="221" HierarchyLvlTypeId="20" Intrnl_Id="827" Name="getName">
<Header>
<Loc EndOffset="1225" SrcFileId="15" StartOffset="1202"/>
</Header>
<LocList>
<Loc EndOffset="1247" SrcFileId="15" StartOffset="1202"/>
</LocList>
<StmntSeq Intrnl_Id="828">
<LocList>
<Loc EndOffset="1243" SrcFileId="15" StartOffset="1231"/>
</LocList>
<BasicStmnt CovItemId="S10" CovItemPrefix="game.AbstractPiece.java" Intrnl_Id="829">
<LocList>
<Loc EndOffset="1243" SrcFileId="15" StartOffset="1231"/>
</LocList>
</BasicStmnt>
</StmntSeq>
</HierarchyLvl>
<HierarchyLvl HierarchyLvlId="222" HierarchyLvlTypeId="20" Intrnl_Id="830" Name="getRank">
<Header>
<Loc EndOffset="1273" SrcFileId="15" StartOffset="1253"/>
</Header>
<LocList>
<Loc EndOffset="1295" SrcFileId="15" StartOffset="1253"/>
</LocList>
<StmntSeq Intrnl_Id="831">
<LocList>
<Loc EndOffset="1291" SrcFileId="15" StartOffset="1279"/>
</LocList>
<BasicStmnt CovItemId="S11" CovItemPrefix="game.AbstractPiece.java" Intrnl_Id="832">
<LocList>
<Loc EndOffset="1291" SrcFileId="15" StartOffset="1279"/>
</LocList>
</BasicStmnt>
</StmntSeq>
</HierarchyLvl>
<HierarchyLvl HierarchyLvlId="223" HierarchyLvlTypeId="20" Intrnl_Id="833" Name="toString">
<Header>
<Loc EndOffset="1336" SrcFileId="15" StartOffset="1300"/>
</Header>
<LocList>
<Loc EndOffset="1372" SrcFileId="15" StartOffset="1300"/>
</LocList>
<StmntSeq Intrnl_Id="834">
<LocList>
<Loc EndOffset="1368" SrcFileId="15" StartOffset="1342"/>
</LocList>
<BasicStmnt CovItemId="S12" CovItemPrefix="game.AbstractPiece.java" Intrnl_Id="835">
<LocList>
<Loc EndOffset="1368" SrcFileId="15" StartOffset="1342"/>
</LocList>
</BasicStmnt>
</StmntSeq>
</HierarchyLvl>
</HierarchyLvl>
</HierarchyLvl>
</HierarchyLvl>
</MASTRoot>
<TestSession Comment="" Date="1430489012687" Name="May 1, 2015 10:03:32 AM">
<TestCase Comment="" Date="1430489012021" Name="tests.TestBombPiece:testProcessPressOnNonSelectedPiece">
<CovList>
<CovPrefix CovItemPrefix="game.AbstractPiece.java">
<Cov CovItemId="S5" Value="1"/>
</CovPrefix>
<CovPrefix CovItemPrefix="game.Bomb.java">
<Cov CovItemId="B2" Value="1"/>
<Cov CovItemId="B4" Value="1"/>
<Cov CovItemId="S10" Value="1"/>
<Cov CovItemId="S11" Value="1"/>
<Cov CovItemId="S6" Value="1"/>
<Cov CovItemId="S8" Value="1"/>
</CovPrefix>
</CovList>
<AssgnmntList>
<AssgnmntPrefix RootTermCovItemPrefix="game.Bomb.java">
<AssgnmntListEntry Length="1" RootTermCovItemId="C1">
<MapEntry BoolAssgnmnt="0" Value="1"/>
</AssgnmntListEntry>
<AssgnmntListEntry Length="1" RootTermCovItemId="C2">
<MapEntry BoolAssgnmnt="0" Value="1"/>
</AssgnmntListEntry>
</AssgnmntPrefix>
</AssgnmntList>
<ObjMetaDataList/>
<MetaDataList/>
</TestCase>
<TestCase Comment="" Date="1430489012028" Name="tests.TestBombPiece:testLocation">
<CovList>
<CovPrefix CovItemPrefix="game.AbstractPiece.java">
<Cov CovItemId="S5" Value="1"/>
<Cov CovItemId="S6" Value="1"/>
<Cov CovItemId="S7" Value="1"/>
</CovPrefix>
</CovList>
<AssgnmntList/>
<ObjMetaDataList/>
<MetaDataList/>
</TestCase>
<TestCase Comment="" Date="1430489012029" Name="tests.TestBombPiece:testProcessPressOnSelectedPiece">
<CovList>
<CovPrefix CovItemPrefix="game.AbstractPiece.java">
<Cov CovItemId="S5" Value="1"/>
<Cov CovItemId="S7" Value="1"/>
</CovPrefix>
<CovPrefix CovItemPrefix="game.Bomb.java">
<Cov CovItemId="B1" Value="1"/>
<Cov CovItemId="B3" Value="1"/>
<Cov CovItemId="S11" Value="1"/>
<Cov CovItemId="S6" Value="1"/>
<Cov CovItemId="S7" Value="1"/>
<Cov CovItemId="S8" Value="1"/>
<Cov CovItemId="S9" Value="1"/>
</CovPrefix>
</CovList>
<AssgnmntList>
<AssgnmntPrefix RootTermCovItemPrefix="game.Bomb.java">
<AssgnmntListEntry Length="1" RootTermCovItemId="C1">
<MapEntry BoolAssgnmnt="1" Value="1"/>
</AssgnmntListEntry>
<AssgnmntListEntry Length="1" RootTermCovItemId="C2">
<MapEntry BoolAssgnmnt="1" Value="1"/>
</AssgnmntListEntry>
</AssgnmntPrefix>
</AssgnmntList>
<ObjMetaDataList/>
<MetaDataList/>
</TestCase>
<TestCase Comment="" Date="1430489012030" Name="tests.TestBombPiece:testSetSelectedTrue">
<CovList>
<CovPrefix CovItemPrefix="game.AbstractPiece.java">
<Cov CovItemId="S4" Value="1"/>
<Cov CovItemId="S5" Value="1"/>
</CovPrefix>
<CovPrefix CovItemPrefix="game.Bomb.java">
<Cov CovItemId="B3" Value="1"/>
<Cov CovItemId="S11" Value="1"/>
<Cov CovItemId="S8" Value="1"/>
<Cov CovItemId="S9" Value="1"/>
</CovPrefix>
</CovList>
<AssgnmntList>
<AssgnmntPrefix RootTermCovItemPrefix="game.Bomb.java">
<AssgnmntListEntry Length="1" RootTermCovItemId="C2">
<MapEntry BoolAssgnmnt="1" Value="1"/>
</AssgnmntListEntry>
</AssgnmntPrefix>
</AssgnmntList>
<ObjMetaDataList/>
<MetaDataList/>
</TestCase>
<TestCase Comment="" Date="1430489012031" Name="tests.TestBombPiece:testUserForPiece">
<CovList>
<CovPrefix CovItemPrefix="game.AbstractPiece.java">
<Cov CovItemId="S5" Value="1"/>
<Cov CovItemId="S8" Value="1"/>
<Cov CovItemId="S9" Value="1"/>
</CovPrefix>
</CovList>
<AssgnmntList/>
<ObjMetaDataList/>
<MetaDataList/>
</TestCase>
<TestCase Comment="" Date="1430489012032" Name="tests.TestBombPiece:testSetSelectedFalse">
<CovList>
<CovPrefix CovItemPrefix="game.AbstractPiece.java">
<Cov CovItemId="S4" Value="1"/>
<Cov CovItemId="S5" Value="1"/>
</CovPrefix>
<CovPrefix CovItemPrefix="game.Bomb.java">
<Cov CovItemId="B4" Value="1"/>
<Cov CovItemId="S10" Value="1"/>
<Cov CovItemId="S11" Value="1"/>
<Cov CovItemId="S8" Value="1"/>
</CovPrefix>
</CovList>
<AssgnmntList>
<AssgnmntPrefix RootTermCovItemPrefix="game.Bomb.java">
<AssgnmntListEntry Length="1" RootTermCovItemId="C2">
<MapEntry BoolAssgnmnt="0" Value="1"/>
</AssgnmntListEntry>
</AssgnmntPrefix>
</AssgnmntList>
<ObjMetaDataList/>
<MetaDataList/>
</TestCase>
<TestCase Comment="" Date="1430489012034" Name="tests.TestClearPiece:testProcessPressOnNonSelectedPiece">
<CovList>
<CovPrefix CovItemPrefix="game.AbstractPiece.java">
<Cov CovItemId="S1" Value="1"/>
<Cov CovItemId="S2" Value="1"/>
<Cov CovItemId="S3" Value="1"/>
<Cov CovItemId="S5" Value="1"/>
</CovPrefix>
<CovPrefix CovItemPrefix="game.ClearPiece.java">
<Cov CovItemId="B2" Value="1"/>
<Cov CovItemId="B4" Value="1"/>
<Cov CovItemId="S1" Value="1"/>
<Cov CovItemId="S2" Value="1"/>
<Cov CovItemId="S3" Value="1"/>
<Cov CovItemId="S5" Value="1"/>
<Cov CovItemId="S7" Value="1"/>
<Cov CovItemId="S8" Value="1"/>
</CovPrefix>
</CovList>
<AssgnmntList>
<AssgnmntPrefix RootTermCovItemPrefix="game.ClearPiece.java">
<AssgnmntListEntry Length="1" RootTermCovItemId="C1">
<MapEntry BoolAssgnmnt="0" Value="1"/>
</AssgnmntListEntry>
<AssgnmntListEntry Length="1" RootTermCovItemId="C2">
<MapEntry BoolAssgnmnt="0" Value="1"/>
</AssgnmntListEntry>
</AssgnmntPrefix>
</AssgnmntList>
<ObjMetaDataList/>
<MetaDataList/>
</TestCase>
<TestCase Comment="" Date="1430489012035" Name="tests.TestClearPiece:testOwnerIsNullForClearPiece">
<CovList>
<CovPrefix CovItemPrefix="game.AbstractPiece.java">
<Cov CovItemId="S1" Value="1"/>
<Cov CovItemId="S2" Value="1"/>
<Cov CovItemId="S3" Value="1"/>
<Cov CovItemId="S5" Value="1"/>
</CovPrefix>
<CovPrefix CovItemPrefix="game.ClearPiece.java">
<Cov CovItemId="S1" Value="1"/>
<Cov CovItemId="S10" Value="2"/>
<Cov CovItemId="S2" Value="1"/>
<Cov CovItemId="S9" Value="1"/>
</CovPrefix>
</CovList>
<AssgnmntList/>
<ObjMetaDataList/>
<MetaDataList/>
</TestCase>
<TestCase Comment="" Date="1430489012036" Name="tests.TestClearPiece:testLocation">
<CovList>
<CovPrefix CovItemPrefix="game.AbstractPiece.java">
<Cov CovItemId="S1" Value="1"/>
<Cov CovItemId="S2" Value="1"/>
<Cov CovItemId="S3" Value="1"/>
<Cov CovItemId="S5" Value="1"/>
<Cov CovItemId="S6" Value="1"/>
<Cov CovItemId="S7" Value="1"/>
</CovPrefix>
<CovPrefix CovItemPrefix="game.ClearPiece.java">
<Cov CovItemId="S1" Value="1"/>
<Cov CovItemId="S2" Value="1"/>
</CovPrefix>
</CovList>
<AssgnmntList/>
<ObjMetaDataList/>
<MetaDataList/>
</TestCase>
<TestCase Comment="" Date="1430489012038" Name="tests.TestClearPiece:testProcessPressOnSelectedPiece">
<CovList>
<CovPrefix CovItemPrefix="game.AbstractPiece.java">
<Cov CovItemId="S1" Value="1"/>
<Cov CovItemId="S2" Value="1"/>
<Cov CovItemId="S3" Value="1"/>
<Cov CovItemId="S5" Value="1"/>
</CovPrefix>
<CovPrefix CovItemPrefix="game.ClearPiece.java">
<Cov CovItemId="B1" Value="1"/>
<Cov CovItemId="B3" Value="1"/>
<Cov CovItemId="S1" Value="1"/>
<Cov CovItemId="S2" Value="1"/>
<Cov CovItemId="S3" Value="1"/>
<Cov CovItemId="S4" Value="1"/>
<Cov CovItemId="S5" Value="1"/>
<Cov CovItemId="S6" Value="1"/>
<Cov CovItemId="S8" Value="1"/>
</CovPrefix>
</CovList>
<AssgnmntList>
<AssgnmntPrefix RootTermCovItemPrefix="game.ClearPiece.java">
<AssgnmntListEntry Length="1" RootTermCovItemId="C1">
<MapEntry BoolAssgnmnt="1" Value="1"/>
</AssgnmntListEntry>
<AssgnmntListEntry Length="1" RootTermCovItemId="C2">
<MapEntry BoolAssgnmnt="1" Value="1"/>
</AssgnmntListEntry>
</AssgnmntPrefix>
</AssgnmntList>
<ObjMetaDataList/>
<MetaDataList/>
</TestCase>
<TestCase Comment="" Date="1430489012039" Name="tests.TestClearPiece:testSetSelectedTrue">
<CovList>
<CovPrefix CovItemPrefix="game.AbstractPiece.java">
<Cov CovItemId="S1" Value="1"/>
<Cov CovItemId="S2" Value="1"/>
<Cov CovItemId="S3" Value="1"/>
<Cov CovItemId="S4" Value="1"/>
<Cov CovItemId="S5" Value="1"/>
</CovPrefix>
<CovPrefix CovItemPrefix="game.ClearPiece.java">
<Cov CovItemId="B3" Value="1"/>
<Cov CovItemId="S1" Value="1"/>
<Cov CovItemId="S2" Value="1"/>
<Cov CovItemId="S5" Value="1"/>
<Cov CovItemId="S6" Value="1"/>
<Cov CovItemId="S8" Value="1"/>
</CovPrefix>
</CovList>
<AssgnmntList>
<AssgnmntPrefix RootTermCovItemPrefix="game.ClearPiece.java">
<AssgnmntListEntry Length="1" RootTermCovItemId="C2">
<MapEntry BoolAssgnmnt="1" Value="1"/>
</AssgnmntListEntry>
</AssgnmntPrefix>
</AssgnmntList>
<ObjMetaDataList/>
<MetaDataList/>
</TestCase>
<TestCase Comment="" Date="1430489012041" Name="tests.TestClearPiece:testSetSelectedFalse">
<CovList>
<CovPrefix CovItemPrefix="game.AbstractPiece.java">
<Cov CovItemId="S1" Value="1"/>
<Cov CovItemId="S2" Value="1"/>
<Cov CovItemId="S3" Value="1"/>
<Cov CovItemId="S4" Value="1"/>
<Cov CovItemId="S5" Value="1"/>
</CovPrefix>
<CovPrefix CovItemPrefix="game.ClearPiece.java">
<Cov CovItemId="B4" Value="1"/>
<Cov CovItemId="S1" Value="1"/>
<Cov CovItemId="S2" Value="1"/>
<Cov CovItemId="S5" Value="1"/>
<Cov CovItemId="S7" Value="1"/>
<Cov CovItemId="S8" Value="1"/>
</CovPrefix>
</CovList>
<AssgnmntList>
<AssgnmntPrefix RootTermCovItemPrefix="game.ClearPiece.java">
<AssgnmntListEntry Length="1" RootTermCovItemId="C2">
<MapEntry BoolAssgnmnt="0" Value="1"/>
</AssgnmntListEntry>
</AssgnmntPrefix>
</AssgnmntList>
<ObjMetaDataList/>
<MetaDataList/>
</TestCase>
<TestCase Comment="" Date="1430489012043" Name="tests.TestFlagPiece:testLocation">
<CovList>
<CovPrefix CovItemPrefix="game.AbstractPiece.java">
<Cov CovItemId="S5" Value="1"/>
<Cov CovItemId="S6" Value="1"/>
<Cov CovItemId="S7" Value="1"/>
</CovPrefix>
</CovList>
<AssgnmntList/>
<ObjMetaDataList/>
<MetaDataList/>
</TestCase>
<TestCase Comment="" Date="1430489012044" Name="tests.TestFlagPiece:testSetSelectedTrue">
<CovList>
<CovPrefix CovItemPrefix="game.AbstractPiece.java">
<Cov CovItemId="S4" Value="1"/>
<Cov CovItemId="S5" Value="1"/>
</CovPrefix>
<CovPrefix CovItemPrefix="game.Flag.java">
<Cov CovItemId="S5" Value="1"/>
</CovPrefix>
</CovList>
<AssgnmntList/>
<ObjMetaDataList/>
<MetaDataList/>
</TestCase>
<TestCase Comment="" Date="1430489012045" Name="tests.TestFlagPiece:testSetSelectedFalse">
<CovList>
<CovPrefix CovItemPrefix="game.AbstractPiece.java">
<Cov CovItemId="S4" Value="1"/>
<Cov CovItemId="S5" Value="1"/>
</CovPrefix>
<CovPrefix CovItemPrefix="game.Flag.java">
<Cov CovItemId="S5" Value="1"/>
</CovPrefix>
</CovList>
<AssgnmntList/>
<ObjMetaDataList/>
<MetaDataList/>
</TestCase>
<TestCase Comment="" Date="1430489012047" Name="tests.TestObstaclePiece:testProcessPressOnNonSelectedPiece">
<CovList>
<CovPrefix CovItemPrefix="game.AbstractPiece.java">
<Cov CovItemId="S5" Value="1"/>
</CovPrefix>
</CovList>
<AssgnmntList/>
<ObjMetaDataList/>
<MetaDataList/>
</TestCase>
<TestCase Comment="" Date="1430489012048" Name="tests.TestObstaclePiece:testLocation">
<CovList>
<CovPrefix CovItemPrefix="game.AbstractPiece.java">
<Cov CovItemId="S5" Value="1"/>
<Cov CovItemId="S6" Value="1"/>
<Cov CovItemId="S7" Value="1"/>
</CovPrefix>
</CovList>
<AssgnmntList/>
<ObjMetaDataList/>
<MetaDataList/>
</TestCase>
<TestCase Comment="" Date="1430489012049" Name="tests.TestObstaclePiece:testProcessPressOnSelectedPiece">
<CovList>
<CovPrefix CovItemPrefix="game.AbstractPiece.java">
<Cov CovItemId="S5" Value="1"/>
</CovPrefix>
</CovList>
<AssgnmntList/>
<ObjMetaDataList/>
<MetaDataList/>
</TestCase>
<TestCase Comment="" Date="1430489012050" Name="tests.TestObstaclePiece:testSetSelectedTrue">
<CovList>
<CovPrefix CovItemPrefix="game.AbstractPiece.java">
<Cov CovItemId="S4" Value="1"/>
<Cov CovItemId="S5" Value="1"/>
</CovPrefix>
</CovList>
<AssgnmntList/>
<ObjMetaDataList/>
<MetaDataList/>
</TestCase>
<TestCase Comment="" Date="1430489012051" Name="tests.TestObstaclePiece:testSetSelectedFalse">
<CovList>
<CovPrefix CovItemPrefix="game.AbstractPiece.java">
<Cov CovItemId="S4" Value="1"/>
<Cov CovItemId="S5" Value="1"/>
</CovPrefix>
</CovList>
<AssgnmntList/>
<ObjMetaDataList/>
<MetaDataList/>
</TestCase>
<TestCase Comment="" Date="1430489012052" Name="tests.TestObstaclePiece:testOwnerIsNullForObstaclePiece">
<CovList>
<CovPrefix CovItemPrefix="game.AbstractPiece.java">
<Cov CovItemId="S5" Value="1"/>
</CovPrefix>
<CovPrefix CovItemPrefix="game.Obstacle.java">
<Cov CovItemId="S1" Value="1"/>
<Cov CovItemId="S2" Value="2"/>
</CovPrefix>
</CovList>
<AssgnmntList/>
<ObjMetaDataList/>
<MetaDataList/>
</TestCase>
<TestCase Comment="" Date="1430489012054" Name="tests.TestAttacking:TestAttackSameRank">
<CovList>
<CovPrefix CovItemPrefix="game.AbstractPiece.java">
<Cov CovItemId="S1" Value="144"/>
<Cov CovItemId="S2" Value="144"/>
<Cov CovItemId="S3" Value="144"/>
<Cov CovItemId="S5" Value="142"/>
<Cov CovItemId="S6" Value="146"/>
<Cov CovItemId="S7" Value="4"/>
<Cov CovItemId="S8" Value="2"/>
<Cov CovItemId="S9" Value="2"/>
</CovPrefix>
<CovPrefix CovItemPrefix="game.ClearPiece.java">
<Cov CovItemId="S1" Value="142"/>
<Cov CovItemId="S2" Value="142"/>
<Cov CovItemId="S9" Value="40"/>
</CovPrefix>
<CovPrefix CovItemPrefix="game.GameBoard.java">
<Cov CovItemId="B44" Value="1"/>
<Cov CovItemId="B48" Value="1"/>
<Cov CovItemId="B50" Value="1"/>
<Cov CovItemId="B52" Value="1"/>
<Cov CovItemId="B54" Value="1"/>
<Cov CovItemId="B55" Value="1"/>
<Cov CovItemId="L1-2" Value="1"/>
<Cov CovItemId="L2-2" Value="10"/>
<Cov CovItemId="L3-2" Value="1"/>
<Cov CovItemId="L4-2" Value="10"/>
<Cov CovItemId="S1" Value="1"/>
<Cov CovItemId="S10" Value="10"/>
<Cov CovItemId="S11" Value="100"/>
<Cov CovItemId="S116" Value="1"/>
<Cov CovItemId="S12" Value="100"/>
<Cov CovItemId="S124" Value="1"/>
<Cov CovItemId="S128" Value="1"/>
<Cov CovItemId="S13" Value="1"/>
<Cov CovItemId="S131" Value="1"/>
<Cov CovItemId="S135" Value="1"/>
<Cov CovItemId="S138" Value="1"/>
<Cov CovItemId="S139" Value="1"/>
<Cov CovItemId="S14" Value="10"/>
<Cov CovItemId="S140" Value="1"/>
<Cov CovItemId="S141" Value="1"/>
<Cov CovItemId="S143" Value="2"/>
<Cov CovItemId="S144" Value="2"/>
<Cov CovItemId="S145" Value="2"/>
<Cov CovItemId="S146" Value="2"/>
<Cov CovItemId="S147" Value="2"/>
<Cov CovItemId="S148" Value="2"/>
<Cov CovItemId="S149" Value="2"/>
<Cov CovItemId="S15" Value="40"/>
<Cov CovItemId="S150" Value="2"/>
<Cov CovItemId="S151" Value="2"/>
<Cov CovItemId="S152" Value="2"/>
<Cov CovItemId="S153" Value="2"/>
<Cov CovItemId="S154" Value="2"/>
<Cov CovItemId="S155" Value="2"/>
<Cov CovItemId="S156" Value="2"/>
<Cov CovItemId="S157" Value="2"/>
<Cov CovItemId="S158" Value="2"/>
<Cov CovItemId="S16" Value="40"/>
<Cov CovItemId="S17" Value="40"/>
<Cov CovItemId="S18" Value="140"/>
<Cov CovItemId="S19" Value="140"/>
<Cov CovItemId="S2" Value="1"/>
<Cov CovItemId="S20" Value="140"/>
<Cov CovItemId="S21" Value="140"/>
<Cov CovItemId="S22" Value="140"/>
<Cov CovItemId="S23" Value="140"/>
<Cov CovItemId="S24" Value="140"/>
<Cov CovItemId="S25" Value="140"/>
<Cov CovItemId="S26" Value="140"/>
<Cov CovItemId="S27" Value="140"/>
<Cov CovItemId="S3" Value="1"/>
<Cov CovItemId="S4" Value="1"/>
<Cov CovItemId="S5" Value="1"/>
<Cov CovItemId="S6" Value="1"/>
<Cov CovItemId="S7" Value="1"/>
<Cov CovItemId="S8" Value="1"/>
<Cov CovItemId="S9" Value="1"/>
</CovPrefix>
<CovPrefix CovItemPrefix="game.PieceFactory.java">
<Cov CovItemId="S3" Value="140"/>
</CovPrefix>
<CovPrefix CovItemPrefix="game.Soldier.java">
<Cov CovItemId="S6" Value="2"/>
<Cov CovItemId="S7" Value="2"/>
<Cov CovItemId="S8" Value="2"/>
</CovPrefix>
</CovList>
<AssgnmntList>
<AssgnmntPrefix RootTermCovItemPrefix="game.GameBoard.java">
<AssgnmntListEntry Length="1" RootTermCovItemId="C1">
<MapEntry BoolAssgnmnt="0" Value="1"/>
<MapEntry BoolAssgnmnt="1" Value="10"/>
</AssgnmntListEntry>
<AssgnmntListEntry Length="1" RootTermCovItemId="C2">
<MapEntry BoolAssgnmnt="0" Value="10"/>
<MapEntry BoolAssgnmnt="1" Value="100"/>
</AssgnmntListEntry>
<AssgnmntListEntry Length="1" RootTermCovItemId="C3">
<MapEntry BoolAssgnmnt="0" Value="1"/>
<MapEntry BoolAssgnmnt="1" Value="10"/>
</AssgnmntListEntry>
<AssgnmntListEntry Length="1" RootTermCovItemId="C30">
<MapEntry BoolAssgnmnt="0" Value="1"/>
</AssgnmntListEntry>
<AssgnmntListEntry Length="1" RootTermCovItemId="C32">
<MapEntry BoolAssgnmnt="0" Value="1"/>
</AssgnmntListEntry>
<AssgnmntListEntry Length="2" RootTermCovItemId="C33">
<MapEntry BoolAssgnmnt="02" Value="1"/>
</AssgnmntListEntry>
<AssgnmntListEntry Length="1" RootTermCovItemId="C34">
<MapEntry BoolAssgnmnt="0" Value="1"/>
</AssgnmntListEntry>
<AssgnmntListEntry Length="1" RootTermCovItemId="C35">
<MapEntry BoolAssgnmnt="0" Value="1"/>
</AssgnmntListEntry>
<AssgnmntListEntry Length="1" RootTermCovItemId="C36">
<MapEntry BoolAssgnmnt="1" Value="1"/>
</AssgnmntListEntry>
<AssgnmntListEntry Length="1" RootTermCovItemId="C4">
<MapEntry BoolAssgnmnt="0" Value="10"/>
<MapEntry BoolAssgnmnt="1" Value="40"/>
</AssgnmntListEntry>
</AssgnmntPrefix>
</AssgnmntList>
<ObjMetaDataList/>
<MetaDataList/>
</TestCase>
<TestCase Comment="" Date="1430489012085" Name="tests.TestAttacking:TestGetNewLocationAfterWin">
<CovList>
<CovPrefix CovItemPrefix="game.AbstractPiece.java">
<Cov CovItemId="S1" Value="143"/>
<Cov CovItemId="S2" Value="143"/>
<Cov CovItemId="S3" Value="143"/>
<Cov CovItemId="S5" Value="141"/>
<Cov CovItemId="S6" Value="147"/>
<Cov CovItemId="S7" Value="5"/>
<Cov CovItemId="S8" Value="2"/>
<Cov CovItemId="S9" Value="2"/>
</CovPrefix>
<CovPrefix CovItemPrefix="game.ClearPiece.java">
<Cov CovItemId="S1" Value="141"/>
<Cov CovItemId="S2" Value="141"/>
<Cov CovItemId="S9" Value="40"/>
</CovPrefix>
<CovPrefix CovItemPrefix="game.GameBoard.java">
<Cov CovItemId="B44" Value="1"/>
<Cov CovItemId="B48" Value="1"/>
<Cov CovItemId="B50" Value="1"/>
<Cov CovItemId="B51" Value="1"/>
<Cov CovItemId="L1-2" Value="1"/>
<Cov CovItemId="L2-2" Value="10"/>
<Cov CovItemId="L3-2" Value="1"/>
<Cov CovItemId="L4-2" Value="10"/>
<Cov CovItemId="S10" Value="10"/>
<Cov CovItemId="S100" Value="1"/>
<Cov CovItemId="S101" Value="1"/>
<Cov CovItemId="S102" Value="1"/>
<Cov CovItemId="S103" Value="1"/>
<Cov CovItemId="S104" Value="1"/>
<Cov CovItemId="S105" Value="1"/>
<Cov CovItemId="S106" Value="1"/>
<Cov CovItemId="S107" Value="1"/>
<Cov CovItemId="S108" Value="1"/>
<Cov CovItemId="S109" Value="1"/>
<Cov CovItemId="S11" Value="100"/>
<Cov CovItemId="S110" Value="1"/>
<Cov CovItemId="S111" Value="1"/>
<Cov CovItemId="S112" Value="1"/>
<Cov CovItemId="S113" Value="1"/>
<Cov CovItemId="S114" Value="1"/>
<Cov CovItemId="S115" Value="1"/>
<Cov CovItemId="S116" Value="1"/>
<Cov CovItemId="S12" Value="100"/>
<Cov CovItemId="S124" Value="1"/>
<Cov CovItemId="S128" Value="1"/>
<Cov CovItemId="S13" Value="1"/>
<Cov CovItemId="S131" Value="1"/>
<Cov CovItemId="S132" Value="1"/>
<Cov CovItemId="S133" Value="1"/>
<Cov CovItemId="S134" Value="1"/>
<Cov CovItemId="S14" Value="10"/>
<Cov CovItemId="S143" Value="1"/>
<Cov CovItemId="S144" Value="1"/>
<Cov CovItemId="S145" Value="1"/>
<Cov CovItemId="S146" Value="1"/>
<Cov CovItemId="S147" Value="1"/>
<Cov CovItemId="S148" Value="1"/>
<Cov CovItemId="S149" Value="1"/>
<Cov CovItemId="S15" Value="40"/>
<Cov CovItemId="S150" Value="1"/>
<Cov CovItemId="S151" Value="1"/>
<Cov CovItemId="S152" Value="1"/>
<Cov CovItemId="S153" Value="1"/>
<Cov CovItemId="S154" Value="1"/>
<Cov CovItemId="S155" Value="1"/>
<Cov CovItemId="S156" Value="1"/>
<Cov CovItemId="S157" Value="1"/>
<Cov CovItemId="S158" Value="1"/>
<Cov CovItemId="S16" Value="40"/>
<Cov CovItemId="S17" Value="40"/>
<Cov CovItemId="S18" Value="140"/>
<Cov CovItemId="S19" Value="140"/>
<Cov CovItemId="S2" Value="1"/>
<Cov CovItemId="S20" Value="140"/>
<Cov CovItemId="S21" Value="140"/>
<Cov CovItemId="S22" Value="140"/>
<Cov CovItemId="S23" Value="140"/>
<Cov CovItemId="S24" Value="140"/>
<Cov CovItemId="S25" Value="140"/>
<Cov CovItemId="S26" Value="140"/>
<Cov CovItemId="S27" Value="140"/>
<Cov CovItemId="S3" Value="1"/>
<Cov CovItemId="S4" Value="1"/>
<Cov CovItemId="S5" Value="1"/>
<Cov CovItemId="S6" Value="1"/>
<Cov CovItemId="S7" Value="1"/>
<Cov CovItemId="S8" Value="1"/>
<Cov CovItemId="S9" Value="1"/>
<Cov CovItemId="S98" Value="1"/>
<Cov CovItemId="S99" Value="1"/>
</CovPrefix>
<CovPrefix CovItemPrefix="game.PieceFactory.java">
<Cov CovItemId="S3" Value="140"/>
</CovPrefix>
<CovPrefix CovItemPrefix="game.Soldier.java">
<Cov CovItemId="S6" Value="2"/>
<Cov CovItemId="S7" Value="2"/>
<Cov CovItemId="S8" Value="2"/>
</CovPrefix>
</CovList>
<AssgnmntList>
<AssgnmntPrefix RootTermCovItemPrefix="game.GameBoard.java">
<AssgnmntListEntry Length="1" RootTermCovItemId="C1">
<MapEntry BoolAssgnmnt="0" Value="1"/>
<MapEntry BoolAssgnmnt="1" Value="10"/>
</AssgnmntListEntry>
<AssgnmntListEntry Length="1" RootTermCovItemId="C2">
<MapEntry BoolAssgnmnt="0" Value="10"/>
<MapEntry BoolAssgnmnt="1" Value="100"/>
</AssgnmntListEntry>
<AssgnmntListEntry Length="1" RootTermCovItemId="C3">
<MapEntry BoolAssgnmnt="0" Value="1"/>
<MapEntry BoolAssgnmnt="1" Value="10"/>
</AssgnmntListEntry>
<AssgnmntListEntry Length="1" RootTermCovItemId="C30">
<MapEntry BoolAssgnmnt="0" Value="1"/>
</AssgnmntListEntry>
<AssgnmntListEntry Length="1" RootTermCovItemId="C32">
<MapEntry BoolAssgnmnt="0" Value="1"/>
</AssgnmntListEntry>
<AssgnmntListEntry Length="2" RootTermCovItemId="C33">
<MapEntry BoolAssgnmnt="02" Value="1"/>
</AssgnmntListEntry>
<AssgnmntListEntry Length="1" RootTermCovItemId="C34">
<MapEntry BoolAssgnmnt="1" Value="1"/>
</AssgnmntListEntry>
<AssgnmntListEntry Length="1" RootTermCovItemId="C4">
<MapEntry BoolAssgnmnt="0" Value="10"/>
<MapEntry BoolAssgnmnt="1" Value="40"/>
</AssgnmntListEntry>
</AssgnmntPrefix>
</AssgnmntList>
<ObjMetaDataList/>
<MetaDataList/>
</TestCase>
<TestCase Comment="" Date="1430489012106" Name="tests.TestAttacking:TestRemoveBothPiecesAfterTie">
<CovList>
<CovPrefix CovItemPrefix="game.AbstractPiece.java">
<Cov CovItemId="S1" Value="144"/>
<Cov CovItemId="S2" Value="144"/>
<Cov CovItemId="S3" Value="144"/>
<Cov CovItemId="S5" Value="142"/>
<Cov CovItemId="S6" Value="148"/>
<Cov CovItemId="S7" Value="6"/>
<Cov CovItemId="S8" Value="2"/>
<Cov CovItemId="S9" Value="2"/>
</CovPrefix>
<CovPrefix CovItemPrefix="game.ClearPiece.java">
<Cov CovItemId="S1" Value="142"/>
<Cov CovItemId="S2" Value="142"/>
<Cov CovItemId="S9" Value="40"/>
</CovPrefix>
<CovPrefix CovItemPrefix="game.GameBoard.java">
<Cov CovItemId="B44" Value="1"/>
<Cov CovItemId="B48" Value="1"/>
<Cov CovItemId="B50" Value="1"/>
<Cov CovItemId="B52" Value="1"/>
<Cov CovItemId="B54" Value="1"/>
<Cov CovItemId="B55" Value="1"/>
<Cov CovItemId="L1-2" Value="1"/>
<Cov CovItemId="L2-2" Value="10"/>
<Cov CovItemId="L3-2" Value="1"/>
<Cov CovItemId="L4-2" Value="10"/>
<Cov CovItemId="S10" Value="10"/>
<Cov CovItemId="S11" Value="100"/>
<Cov CovItemId="S116" Value="1"/>
<Cov CovItemId="S12" Value="100"/>
<Cov CovItemId="S124" Value="1"/>
<Cov CovItemId="S128" Value="1"/>
<Cov CovItemId="S13" Value="1"/>
<Cov CovItemId="S131" Value="1"/>
<Cov CovItemId="S135" Value="1"/>
<Cov CovItemId="S138" Value="1"/>
<Cov CovItemId="S139" Value="1"/>
<Cov CovItemId="S14" Value="10"/>
<Cov CovItemId="S140" Value="1"/>
<Cov CovItemId="S141" Value="1"/>
<Cov CovItemId="S143" Value="2"/>
<Cov CovItemId="S144" Value="2"/>
<Cov CovItemId="S145" Value="2"/>
<Cov CovItemId="S146" Value="2"/>
<Cov CovItemId="S147" Value="2"/>
<Cov CovItemId="S148" Value="2"/>
<Cov CovItemId="S149" Value="2"/>
<Cov CovItemId="S15" Value="40"/>
<Cov CovItemId="S150" Value="2"/>
<Cov CovItemId="S151" Value="2"/>
<Cov CovItemId="S152" Value="2"/>
<Cov CovItemId="S153" Value="2"/>
<Cov CovItemId="S154" Value="2"/>
<Cov CovItemId="S155" Value="2"/>
<Cov CovItemId="S156" Value="2"/>
<Cov CovItemId="S157" Value="2"/>
<Cov CovItemId="S158" Value="2"/>
<Cov CovItemId="S16" Value="40"/>
<Cov CovItemId="S17" Value="40"/>
<Cov CovItemId="S18" Value="140"/>
<Cov CovItemId="S19" Value="140"/>
<Cov CovItemId="S2" Value="1"/>
<Cov CovItemId="S20" Value="140"/>
<Cov CovItemId="S21" Value="140"/>
<Cov CovItemId="S22" Value="140"/>
<Cov CovItemId="S23" Value="140"/>
<Cov CovItemId="S24" Value="140"/>
<Cov CovItemId="S25" Value="140"/>
<Cov CovItemId="S26" Value="140"/>
<Cov CovItemId="S27" Value="140"/>
<Cov CovItemId="S3" Value="1"/>
<Cov CovItemId="S4" Value="1"/>
<Cov CovItemId="S5" Value="1"/>
<Cov CovItemId="S6" Value="1"/>
<Cov CovItemId="S7" Value="1"/>
<Cov CovItemId="S8" Value="1"/>
<Cov CovItemId="S9" Value="1"/>
</CovPrefix>
<CovPrefix CovItemPrefix="game.PieceFactory.java">
<Cov CovItemId="S3" Value="140"/>
</CovPrefix>
<CovPrefix CovItemPrefix="game.Soldier.java">
<Cov CovItemId="S6" Value="2"/>
<Cov CovItemId="S7" Value="2"/>
<Cov CovItemId="S8" Value="2"/>
</CovPrefix>
</CovList>
<AssgnmntList>
<AssgnmntPrefix RootTermCovItemPrefix="game.GameBoard.java">
<AssgnmntListEntry Length="1" RootTermCovItemId="C1">
<MapEntry BoolAssgnmnt="0" Value="1"/>
<MapEntry BoolAssgnmnt="1" Value="10"/>
</AssgnmntListEntry>
<AssgnmntListEntry Length="1" RootTermCovItemId="C2">
<MapEntry BoolAssgnmnt="0" Value="10"/>
<MapEntry BoolAssgnmnt="1" Value="100"/>
</AssgnmntListEntry>
<AssgnmntListEntry Length="1" RootTermCovItemId="C3">
<MapEntry BoolAssgnmnt="0" Value="1"/>
<MapEntry BoolAssgnmnt="1" Value="10"/>
</AssgnmntListEntry>
<AssgnmntListEntry Length="1" RootTermCovItemId="C30">
<MapEntry BoolAssgnmnt="0" Value="1"/>
</AssgnmntListEntry>
<AssgnmntListEntry Length="1" RootTermCovItemId="C32">
<MapEntry BoolAssgnmnt="0" Value="1"/>
</AssgnmntListEntry>
<AssgnmntListEntry Length="2" RootTermCovItemId="C33">
<MapEntry BoolAssgnmnt="02" Value="1"/>
</AssgnmntListEntry>
<AssgnmntListEntry Length="1" RootTermCovItemId="C34">
<MapEntry BoolAssgnmnt="0" Value="1"/>
</AssgnmntListEntry>
<AssgnmntListEntry Length="1" RootTermCovItemId="C35">
<MapEntry BoolAssgnmnt="0" Value="1"/>
</AssgnmntListEntry>
<AssgnmntListEntry Length="1" RootTermCovItemId="C36">
<MapEntry BoolAssgnmnt="1" Value="1"/>
</AssgnmntListEntry>
<AssgnmntListEntry Length="1" RootTermCovItemId="C4">
<MapEntry BoolAssgnmnt="0" Value="10"/>
<MapEntry BoolAssgnmnt="1" Value="40"/>
</AssgnmntListEntry>
</AssgnmntPrefix>
</AssgnmntList>
<ObjMetaDataList/>
<MetaDataList/>
</TestCase>
<TestCase Comment="" Date="1430489012124" Name="tests.TestAttacking:TestRemovePieceAttackingBomb">
<CovList>
<CovPrefix CovItemPrefix="game.AbstractPiece.java">
<Cov CovItemId="S1" Value="144"/>
<Cov CovItemId="S2" Value="144"/>
<Cov CovItemId="S3" Value="144"/>
<Cov CovItemId="S5" Value="142"/>
<Cov CovItemId="S6" Value="148"/>
<Cov CovItemId="S7" Value="6"/>
<Cov CovItemId="S9" Value="2"/>
</CovPrefix>
<CovPrefix CovItemPrefix="game.Bomb.java">
<Cov CovItemId="S1" Value="1"/>
<Cov CovItemId="S2" Value="1"/>
<Cov CovItemId="S3" Value="1"/>
<Cov CovItemId="S4" Value="1"/>
<Cov CovItemId="S5" Value="1"/>
</CovPrefix>
<CovPrefix CovItemPrefix="game.ClearPiece.java">
<Cov CovItemId="S1" Value="142"/>
<Cov CovItemId="S2" Value="142"/>
<Cov CovItemId="S9" Value="40"/>
</CovPrefix>
<CovPrefix CovItemPrefix="game.GameBoard.java">
<Cov CovItemId="B43" Value="1"/>
<Cov CovItemId="B46" Value="1"/>
<Cov CovItemId="L1-2" Value="1"/>
<Cov CovItemId="L2-2" Value="10"/>
<Cov CovItemId="L3-2" Value="1"/>
<Cov CovItemId="L4-2" Value="10"/>
<Cov CovItemId="S10" Value="10"/>
<Cov CovItemId="S11" Value="100"/>
<Cov CovItemId="S116" Value="1"/>
<Cov CovItemId="S117" Value="1"/>
<Cov CovItemId="S12" Value="100"/>
<Cov CovItemId="S121" Value="1"/>
<Cov CovItemId="S122" Value="1"/>
<Cov CovItemId="S123" Value="1"/>
<Cov CovItemId="S13" Value="1"/>
<Cov CovItemId="S14" Value="10"/>
<Cov CovItemId="S143" Value="2"/>
<Cov CovItemId="S144" Value="2"/>
<Cov CovItemId="S145" Value="2"/>
<Cov CovItemId="S146" Value="2"/>
<Cov CovItemId="S147" Value="2"/>
<Cov CovItemId="S148" Value="2"/>
<Cov CovItemId="S149" Value="2"/>
<Cov CovItemId="S15" Value="40"/>
<Cov CovItemId="S150" Value="2"/>
<Cov CovItemId="S151" Value="2"/>
<Cov CovItemId="S152" Value="2"/>
<Cov CovItemId="S153" Value="2"/>
<Cov CovItemId="S154" Value="2"/>
<Cov CovItemId="S155" Value="2"/>
<Cov CovItemId="S156" Value="2"/>
<Cov CovItemId="S157" Value="2"/>
<Cov CovItemId="S158" Value="2"/>
<Cov CovItemId="S16" Value="40"/>
<Cov CovItemId="S17" Value="40"/>
<Cov CovItemId="S18" Value="140"/>
<Cov CovItemId="S19" Value="140"/>
<Cov CovItemId="S2" Value="1"/>
<Cov CovItemId="S20" Value="140"/>
<Cov CovItemId="S21" Value="140"/>
<Cov CovItemId="S22" Value="140"/>
<Cov CovItemId="S23" Value="140"/>
<Cov CovItemId="S24" Value="140"/>
<Cov CovItemId="S25" Value="140"/>
<Cov CovItemId="S26" Value="140"/>
<Cov CovItemId="S27" Value="140"/>
<Cov CovItemId="S3" Value="1"/>
<Cov CovItemId="S4" Value="1"/>
<Cov CovItemId="S5" Value="1"/>
<Cov CovItemId="S6" Value="1"/>
<Cov CovItemId="S7" Value="1"/>
<Cov CovItemId="S8" Value="1"/>
<Cov CovItemId="S9" Value="1"/>
</CovPrefix>
<CovPrefix CovItemPrefix="game.PieceFactory.java">
<Cov CovItemId="S3" Value="140"/>
</CovPrefix>
<CovPrefix CovItemPrefix="game.Soldier.java">
<Cov CovItemId="S6" Value="1"/>
<Cov CovItemId="S7" Value="1"/>
<Cov CovItemId="S8" Value="1"/>
</CovPrefix>
</CovList>
<AssgnmntList>
<AssgnmntPrefix RootTermCovItemPrefix="game.GameBoard.java">
<AssgnmntListEntry Length="1" RootTermCovItemId="C1">
<MapEntry BoolAssgnmnt="0" Value="1"/>
<MapEntry BoolAssgnmnt="1" Value="10"/>
</AssgnmntListEntry>
<AssgnmntListEntry Length="1" RootTermCovItemId="C2">
<MapEntry BoolAssgnmnt="0" Value="10"/>
<MapEntry BoolAssgnmnt="1" Value="100"/>
</AssgnmntListEntry>
<AssgnmntListEntry Length="1" RootTermCovItemId="C3">
<MapEntry BoolAssgnmnt="0" Value="1"/>
<MapEntry BoolAssgnmnt="1" Value="10"/>
</AssgnmntListEntry>
<AssgnmntListEntry Length="1" RootTermCovItemId="C30">
<MapEntry BoolAssgnmnt="1" Value="1"/>
</AssgnmntListEntry>
<AssgnmntListEntry Length="1" RootTermCovItemId="C31">
<MapEntry BoolAssgnmnt="0" Value="1"/>
</AssgnmntListEntry>
<AssgnmntListEntry Length="1" RootTermCovItemId="C4">
<MapEntry BoolAssgnmnt="0" Value="10"/>
<MapEntry BoolAssgnmnt="1" Value="40"/>
</AssgnmntListEntry>
</AssgnmntPrefix>
</AssgnmntList>
<ObjMetaDataList/>
<MetaDataList/>
</TestCase>
<TestCase Comment="" Date="1430489012140" Name="tests.TestAttacking:TestAttackLowerRank">
<CovList>
<CovPrefix CovItemPrefix="game.AbstractPiece.java">
<Cov CovItemId="S1" Value="143"/>
<Cov CovItemId="S2" Value="143"/>
<Cov CovItemId="S3" Value="143"/>
<Cov CovItemId="S5" Value="141"/>
<Cov CovItemId="S6" Value="143"/>
<Cov CovItemId="S7" Value="2"/>
<Cov CovItemId="S8" Value="2"/>
<Cov CovItemId="S9" Value="2"/>
</CovPrefix>
<CovPrefix CovItemPrefix="game.ClearPiece.java">
<Cov CovItemId="S1" Value="141"/>
<Cov CovItemId="S2" Value="141"/>
<Cov CovItemId="S9" Value="40"/>
</CovPrefix>
<CovPrefix CovItemPrefix="game.GameBoard.java">
<Cov CovItemId="B44" Value="1"/>
<Cov CovItemId="B48" Value="1"/>
<Cov CovItemId="B50" Value="1"/>
<Cov CovItemId="B52" Value="1"/>
<Cov CovItemId="B53" Value="1"/>
<Cov CovItemId="L1-2" Value="1"/>
<Cov CovItemId="L2-2" Value="10"/>
<Cov CovItemId="L3-2" Value="1"/>
<Cov CovItemId="L4-2" Value="10"/>
<Cov CovItemId="S10" Value="10"/>
<Cov CovItemId="S11" Value="100"/>
<Cov CovItemId="S116" Value="1"/>
<Cov CovItemId="S12" Value="100"/>
<Cov CovItemId="S124" Value="1"/>
<Cov CovItemId="S128" Value="1"/>
<Cov CovItemId="S13" Value="1"/>
<Cov CovItemId="S131" Value="1"/>
<Cov CovItemId="S135" Value="1"/>
<Cov CovItemId="S136" Value="1"/>
<Cov CovItemId="S137" Value="1"/>
<Cov CovItemId="S14" Value="10"/>
<Cov CovItemId="S143" Value="1"/>
<Cov CovItemId="S144" Value="1"/>
<Cov CovItemId="S145" Value="1"/>
<Cov CovItemId="S146" Value="1"/>
<Cov CovItemId="S147" Value="1"/>
<Cov CovItemId="S148" Value="1"/>
<Cov CovItemId="S149" Value="1"/>
<Cov CovItemId="S15" Value="40"/>
<Cov CovItemId="S150" Value="1"/>
<Cov CovItemId="S151" Value="1"/>
<Cov CovItemId="S152" Value="1"/>
<Cov CovItemId="S153" Value="1"/>
<Cov CovItemId="S154" Value="1"/>
<Cov CovItemId="S155" Value="1"/>
<Cov CovItemId="S156" Value="1"/>
<Cov CovItemId="S157" Value="1"/>
<Cov CovItemId="S158" Value="1"/>
<Cov CovItemId="S16" Value="40"/>
<Cov CovItemId="S17" Value="40"/>
<Cov CovItemId="S18" Value="140"/>
<Cov CovItemId="S19" Value="140"/>
<Cov CovItemId="S2" Value="1"/>
<Cov CovItemId="S20" Value="140"/>
<Cov CovItemId="S21" Value="140"/>
<Cov CovItemId="S22" Value="140"/>
<Cov CovItemId="S23" Value="140"/>
<Cov CovItemId="S24" Value="140"/>
<Cov CovItemId="S25" Value="140"/>
<Cov CovItemId="S26" Value="140"/>
<Cov CovItemId="S27" Value="140"/>
<Cov CovItemId="S3" Value="1"/>
<Cov CovItemId="S4" Value="1"/>
<Cov CovItemId="S5" Value="1"/>
<Cov CovItemId="S6" Value="1"/>
<Cov CovItemId="S7" Value="1"/>
<Cov CovItemId="S8" Value="1"/>
<Cov CovItemId="S9" Value="1"/>
</CovPrefix>
<CovPrefix CovItemPrefix="game.PieceFactory.java">
<Cov CovItemId="S3" Value="140"/>
</CovPrefix>
<CovPrefix CovItemPrefix="game.Soldier.java">
<Cov CovItemId="S6" Value="2"/>
<Cov CovItemId="S7" Value="2"/>
<Cov CovItemId="S8" Value="2"/>
</CovPrefix>
</CovList>
<AssgnmntList>
<AssgnmntPrefix RootTermCovItemPrefix="game.GameBoard.java">
<AssgnmntListEntry Length="1" RootTermCovItemId="C1">
<MapEntry BoolAssgnmnt="0" Value="1"/>
<MapEntry BoolAssgnmnt="1" Value="10"/>
</AssgnmntListEntry>
<AssgnmntListEntry Length="1" RootTermCovItemId="C2">
<MapEntry BoolAssgnmnt="0" Value="10"/>
<MapEntry BoolAssgnmnt="1" Value="100"/>
</AssgnmntListEntry>
<AssgnmntListEntry Length="1" RootTermCovItemId="C3">
<MapEntry BoolAssgnmnt="0" Value="1"/>
<MapEntry BoolAssgnmnt="1" Value="10"/>
</AssgnmntListEntry>
<AssgnmntListEntry Length="1" RootTermCovItemId="C30">
<MapEntry BoolAssgnmnt="0" Value="1"/>
</AssgnmntListEntry>
<AssgnmntListEntry Length="1" RootTermCovItemId="C32">
<MapEntry BoolAssgnmnt="0" Value="1"/>
</AssgnmntListEntry>
<AssgnmntListEntry Length="2" RootTermCovItemId="C33">
<MapEntry BoolAssgnmnt="02" Value="1"/>
</AssgnmntListEntry>
<AssgnmntListEntry Length="1" RootTermCovItemId="C34">
<MapEntry BoolAssgnmnt="0" Value="1"/>
</AssgnmntListEntry>
<AssgnmntListEntry Length="1" RootTermCovItemId="C35">
<MapEntry BoolAssgnmnt="1" Value="1"/>
</AssgnmntListEntry>
<AssgnmntListEntry Length="1" RootTermCovItemId="C4">
<MapEntry BoolAssgnmnt="0" Value="10"/>
<MapEntry BoolAssgnmnt="1" Value="40"/>
</AssgnmntListEntry>
</AssgnmntPrefix>
</AssgnmntList>
<ObjMetaDataList/>
<MetaDataList/>
</TestCase>
<TestCase Comment="" Date="1430489012157" Name="tests.TestAttacking:TestRemovePieceAfterLosing">
<CovList>
<CovPrefix CovItemPrefix="game.AbstractPiece.java">
<Cov CovItemId="S1" Value="143"/>
<Cov CovItemId="S2" Value="143"/>
<Cov CovItemId="S3" Value="143"/>
<Cov CovItemId="S5" Value="141"/>
<Cov CovItemId="S6" Value="145"/>
<Cov CovItemId="S7" Value="4"/>
<Cov CovItemId="S8" Value="2"/>
<Cov CovItemId="S9" Value="2"/>
</CovPrefix>
<CovPrefix CovItemPrefix="game.ClearPiece.java">
<Cov CovItemId="S1" Value="141"/>
<Cov CovItemId="S2" Value="141"/>
<Cov CovItemId="S9" Value="40"/>
</CovPrefix>
<CovPrefix CovItemPrefix="game.GameBoard.java">
<Cov CovItemId="B44" Value="1"/>
<Cov CovItemId="B48" Value="1"/>
<Cov CovItemId="B50" Value="1"/>
<Cov CovItemId="B52" Value="1"/>
<Cov CovItemId="B53" Value="1"/>
<Cov CovItemId="L1-2" Value="1"/>
<Cov CovItemId="L2-2" Value="10"/>
<Cov CovItemId="L3-2" Value="1"/>
<Cov CovItemId="L4-2" Value="10"/>
<Cov CovItemId="S10" Value="10"/>
<Cov CovItemId="S11" Value="100"/>
<Cov CovItemId="S116" Value="1"/>
<Cov CovItemId="S12" Value="100"/>
<Cov CovItemId="S124" Value="1"/>
<Cov CovItemId="S128" Value="1"/>
<Cov CovItemId="S13" Value="1"/>
<Cov CovItemId="S131" Value="1"/>
<Cov CovItemId="S135" Value="1"/>
<Cov CovItemId="S136" Value="1"/>
<Cov CovItemId="S137" Value="1"/>
<Cov CovItemId="S14" Value="10"/>
<Cov CovItemId="S143" Value="1"/>
<Cov CovItemId="S144" Value="1"/>
<Cov CovItemId="S145" Value="1"/>
<Cov CovItemId="S146" Value="1"/>
<Cov CovItemId="S147" Value="1"/>
<Cov CovItemId="S148" Value="1"/>
<Cov CovItemId="S149" Value="1"/>
<Cov CovItemId="S15" Value="40"/>
<Cov CovItemId="S150" Value="1"/>
<Cov CovItemId="S151" Value="1"/>
<Cov CovItemId="S152" Value="1"/>
<Cov CovItemId="S153" Value="1"/>
<Cov CovItemId="S154" Value="1"/>
<Cov CovItemId="S155" Value="1"/>
<Cov CovItemId="S156" Value="1"/>
<Cov CovItemId="S157" Value="1"/>
<Cov CovItemId="S158" Value="1"/>
<Cov CovItemId="S16" Value="40"/>
<Cov CovItemId="S17" Value="40"/>
<Cov CovItemId="S18" Value="140"/>
<Cov CovItemId="S19" Value="140"/>
<Cov CovItemId="S2" Value="1"/>
<Cov CovItemId="S20" Value="140"/>
<Cov CovItemId="S21" Value="140"/>
<Cov CovItemId="S22" Value="140"/>
<Cov CovItemId="S23" Value="140"/>
<Cov CovItemId="S24" Value="140"/>
<Cov CovItemId="S25" Value="140"/>
<Cov CovItemId="S26" Value="140"/>
<Cov CovItemId="S27" Value="140"/>
<Cov CovItemId="S3" Value="1"/>
<Cov CovItemId="S4" Value="1"/>
<Cov CovItemId="S5" Value="1"/>
<Cov CovItemId="S6" Value="1"/>
<Cov CovItemId="S7" Value="1"/>
<Cov CovItemId="S8" Value="1"/>
<Cov CovItemId="S9" Value="1"/>
</CovPrefix>
<CovPrefix CovItemPrefix="game.PieceFactory.java">
<Cov CovItemId="S3" Value="140"/>
</CovPrefix>
<CovPrefix CovItemPrefix="game.Soldier.java">
<Cov CovItemId="S6" Value="2"/>
<Cov CovItemId="S7" Value="2"/>
<Cov CovItemId="S8" Value="2"/>
</CovPrefix>
</CovList>
<AssgnmntList>
<AssgnmntPrefix RootTermCovItemPrefix="game.GameBoard.java">
<AssgnmntListEntry Length="1" RootTermCovItemId="C1">
<MapEntry BoolAssgnmnt="0" Value="1"/>
<MapEntry BoolAssgnmnt="1" Value="10"/>
</AssgnmntListEntry>
<AssgnmntListEntry Length="1" RootTermCovItemId="C2">
<MapEntry BoolAssgnmnt="0" Value="10"/>
<MapEntry BoolAssgnmnt="1" Value="100"/>
</AssgnmntListEntry>
<AssgnmntListEntry Length="1" RootTermCovItemId="C3">
<MapEntry BoolAssgnmnt="0" Value="1"/>
<MapEntry BoolAssgnmnt="1" Value="10"/>
</AssgnmntListEntry>
<AssgnmntListEntry Length="1" RootTermCovItemId="C30">
<MapEntry BoolAssgnmnt="0" Value="1"/>
</AssgnmntListEntry>
<AssgnmntListEntry Length="1" RootTermCovItemId="C32">
<MapEntry BoolAssgnmnt="0" Value="1"/>
</AssgnmntListEntry>
<AssgnmntListEntry Length="2" RootTermCovItemId="C33">
<MapEntry BoolAssgnmnt="02" Value="1"/>
</AssgnmntListEntry>
<AssgnmntListEntry Length="1" RootTermCovItemId="C34">
<MapEntry BoolAssgnmnt="0" Value="1"/>
</AssgnmntListEntry>
<AssgnmntListEntry Length="1" RootTermCovItemId="C35">
<MapEntry BoolAssgnmnt="1" Value="1"/>
</AssgnmntListEntry>
<AssgnmntListEntry Length="1" RootTermCovItemId="C4">
<MapEntry BoolAssgnmnt="0" Value="10"/>
<MapEntry BoolAssgnmnt="1" Value="40"/>
</AssgnmntListEntry>
</AssgnmntPrefix>
</AssgnmntList>
<ObjMetaDataList/>
<MetaDataList/>
</TestCase>
<TestCase Comment="" Date="1430489012172" Name="tests.TestAttacking:TestMinorDefuseEnemyBomb">
<CovList>
<CovPrefix CovItemPrefix="game.AbstractPiece.java">
<Cov CovItemId="S1" Value="143"/>
<Cov CovItemId="S2" Value="143"/>
<Cov CovItemId="S3" Value="143"/>
<Cov CovItemId="S5" Value="141"/>
<Cov CovItemId="S6" Value="147"/>
<Cov CovItemId="S7" Value="6"/>
<Cov CovItemId="S8" Value="2"/>
<Cov CovItemId="S9" Value="2"/>
</CovPrefix>
<CovPrefix CovItemPrefix="game.Bomb.java">
<Cov CovItemId="S1" Value="1"/>
<Cov CovItemId="S2" Value="1"/>
<Cov CovItemId="S3" Value="1"/>
<Cov CovItemId="S4" Value="1"/>
<Cov CovItemId="S5" Value="1"/>
</CovPrefix>
<CovPrefix CovItemPrefix="game.ClearPiece.java">
<Cov CovItemId="S1" Value="141"/>
<Cov CovItemId="S2" Value="141"/>
<Cov CovItemId="S9" Value="40"/>
</CovPrefix>
<CovPrefix CovItemPrefix="game.GameBoard.java">
<Cov CovItemId="B43" Value="1"/>
<Cov CovItemId="B45" Value="1"/>
<Cov CovItemId="L1-2" Value="1"/>
<Cov CovItemId="L2-2" Value="10"/>
<Cov CovItemId="L3-2" Value="1"/>
<Cov CovItemId="L4-2" Value="10"/>
<Cov CovItemId="S10" Value="10"/>
<Cov CovItemId="S100" Value="1"/>
<Cov CovItemId="S101" Value="1"/>
<Cov CovItemId="S102" Value="1"/>
<Cov CovItemId="S103" Value="1"/>
<Cov CovItemId="S104" Value="1"/>
<Cov CovItemId="S105" Value="1"/>
<Cov CovItemId="S106" Value="1"/>
<Cov CovItemId="S107" Value="1"/>
<Cov CovItemId="S108" Value="1"/>
<Cov CovItemId="S109" Value="1"/>
<Cov CovItemId="S11" Value="100"/>
<Cov CovItemId="S110" Value="1"/>
<Cov CovItemId="S111" Value="1"/>
<Cov CovItemId="S112" Value="1"/>
<Cov CovItemId="S113" Value="1"/>
<Cov CovItemId="S114" Value="1"/>
<Cov CovItemId="S115" Value="1"/>
<Cov CovItemId="S116" Value="1"/>
<Cov CovItemId="S117" Value="1"/>
<Cov CovItemId="S118" Value="1"/>
<Cov CovItemId="S119" Value="1"/>
<Cov CovItemId="S12" Value="100"/>
<Cov CovItemId="S120" Value="1"/>
<Cov CovItemId="S13" Value="1"/>
<Cov CovItemId="S14" Value="10"/>
<Cov CovItemId="S143" Value="1"/>
<Cov CovItemId="S144" Value="1"/>
<Cov CovItemId="S145" Value="1"/>
<Cov CovItemId="S146" Value="1"/>
<Cov CovItemId="S147" Value="1"/>
<Cov CovItemId="S148" Value="1"/>
<Cov CovItemId="S149" Value="1"/>
<Cov CovItemId="S15" Value="40"/>
<Cov CovItemId="S150" Value="1"/>
<Cov CovItemId="S151" Value="1"/>
<Cov CovItemId="S152" Value="1"/>
<Cov CovItemId="S153" Value="1"/>
<Cov CovItemId="S154" Value="1"/>
<Cov CovItemId="S155" Value="1"/>
<Cov CovItemId="S156" Value="1"/>
<Cov CovItemId="S157" Value="1"/>
<Cov CovItemId="S158" Value="1"/>
<Cov CovItemId="S16" Value="40"/>
<Cov CovItemId="S17" Value="40"/>
<Cov CovItemId="S18" Value="140"/>
<Cov CovItemId="S19" Value="140"/>
<Cov CovItemId="S2" Value="1"/>
<Cov CovItemId="S20" Value="140"/>
<Cov CovItemId="S21" Value="140"/>
<Cov CovItemId="S22" Value="140"/>
<Cov CovItemId="S23" Value="140"/>
<Cov CovItemId="S24" Value="140"/>
<Cov CovItemId="S25" Value="140"/>
<Cov CovItemId="S26" Value="140"/>
<Cov CovItemId="S27" Value="140"/>
<Cov CovItemId="S3" Value="1"/>
<Cov CovItemId="S4" Value="1"/>
<Cov CovItemId="S5" Value="1"/>
<Cov CovItemId="S6" Value="1"/>
<Cov CovItemId="S7" Value="1"/>
<Cov CovItemId="S8" Value="1"/>
<Cov CovItemId="S9" Value="1"/>
<Cov CovItemId="S98" Value="1"/>
<Cov CovItemId="S99" Value="1"/>
</CovPrefix>
<CovPrefix CovItemPrefix="game.PieceFactory.java">
<Cov CovItemId="S3" Value="140"/>
</CovPrefix>
<CovPrefix CovItemPrefix="game.Soldier.java">
<Cov CovItemId="S6" Value="1"/>
<Cov CovItemId="S7" Value="1"/>
<Cov CovItemId="S8" Value="1"/>
</CovPrefix>
</CovList>
<AssgnmntList>
<AssgnmntPrefix RootTermCovItemPrefix="game.GameBoard.java">
<AssgnmntListEntry Length="1" RootTermCovItemId="C1">
<MapEntry BoolAssgnmnt="0" Value="1"/>
<MapEntry BoolAssgnmnt="1" Value="10"/>
</AssgnmntListEntry>
<AssgnmntListEntry Length="1" RootTermCovItemId="C2">
<MapEntry BoolAssgnmnt="0" Value="10"/>
<MapEntry BoolAssgnmnt="1" Value="100"/>
</AssgnmntListEntry>
<AssgnmntListEntry Length="1" RootTermCovItemId="C3">
<MapEntry BoolAssgnmnt="0" Value="1"/>
<MapEntry BoolAssgnmnt="1" Value="10"/>
</AssgnmntListEntry>
<AssgnmntListEntry Length="1" RootTermCovItemId="C30">
<MapEntry BoolAssgnmnt="1" Value="1"/>
</AssgnmntListEntry>
<AssgnmntListEntry Length="1" RootTermCovItemId="C31">
<MapEntry BoolAssgnmnt="1" Value="1"/>
</AssgnmntListEntry>
<AssgnmntListEntry Length="1" RootTermCovItemId="C4">
<MapEntry BoolAssgnmnt="0" Value="10"/>
<MapEntry BoolAssgnmnt="1" Value="40"/>
</AssgnmntListEntry>
</AssgnmntPrefix>
</AssgnmntList>
<ObjMetaDataList/>
<MetaDataList/>
</TestCase>
<TestCase Comment="" Date="1430489012187" Name="tests.TestAttacking:TestSpyAttackMarshall">
<CovList>
<CovPrefix CovItemPrefix="game.AbstractPiece.java">
<Cov CovItemId="S1" Value="143"/>
<Cov CovItemId="S2" Value="143"/>
<Cov CovItemId="S3" Value="143"/>
<Cov CovItemId="S5" Value="141"/>
<Cov CovItemId="S6" Value="147"/>
<Cov CovItemId="S7" Value="6"/>
<Cov CovItemId="S9" Value="2"/>
</CovPrefix>
<CovPrefix CovItemPrefix="game.ClearPiece.java">
<Cov CovItemId="S1" Value="141"/>
<Cov CovItemId="S2" Value="141"/>
<Cov CovItemId="S9" Value="40"/>
</CovPrefix>
<CovPrefix CovItemPrefix="game.GameBoard.java">
<Cov CovItemId="B44" Value="1"/>
<Cov CovItemId="B48" Value="1"/>
<Cov CovItemId="B49" Value="1"/>
<Cov CovItemId="L1-2" Value="1"/>
<Cov CovItemId="L2-2" Value="10"/>
<Cov CovItemId="L3-2" Value="1"/>
<Cov CovItemId="L4-2" Value="10"/>
<Cov CovItemId="S10" Value="10"/>
<Cov CovItemId="S100" Value="1"/>
<Cov CovItemId="S101" Value="1"/>
<Cov CovItemId="S102" Value="1"/>
<Cov CovItemId="S103" Value="1"/>
<Cov CovItemId="S104" Value="1"/>
<Cov CovItemId="S105" Value="1"/>
<Cov CovItemId="S106" Value="1"/>
<Cov CovItemId="S107" Value="1"/>
<Cov CovItemId="S108" Value="1"/>
<Cov CovItemId="S109" Value="1"/>
<Cov CovItemId="S11" Value="100"/>
<Cov CovItemId="S110" Value="1"/>
<Cov CovItemId="S111" Value="1"/>
<Cov CovItemId="S112" Value="1"/>
<Cov CovItemId="S113" Value="1"/>
<Cov CovItemId="S114" Value="1"/>
<Cov CovItemId="S115" Value="1"/>
<Cov CovItemId="S116" Value="1"/>
<Cov CovItemId="S12" Value="100"/>
<Cov CovItemId="S124" Value="1"/>
<Cov CovItemId="S128" Value="1"/>
<Cov CovItemId="S129" Value="1"/>
<Cov CovItemId="S13" Value="1"/>
<Cov CovItemId="S130" Value="1"/>
<Cov CovItemId="S14" Value="10"/>
<Cov CovItemId="S142" Value="1"/>
<Cov CovItemId="S143" Value="1"/>
<Cov CovItemId="S144" Value="1"/>
<Cov CovItemId="S145" Value="1"/>
<Cov CovItemId="S146" Value="1"/>
<Cov CovItemId="S147" Value="1"/>
<Cov CovItemId="S148" Value="1"/>
<Cov CovItemId="S149" Value="1"/>
<Cov CovItemId="S15" Value="40"/>
<Cov CovItemId="S150" Value="1"/>
<Cov CovItemId="S151" Value="1"/>
<Cov CovItemId="S152" Value="1"/>
<Cov CovItemId="S153" Value="1"/>
<Cov CovItemId="S154" Value="1"/>
<Cov CovItemId="S155" Value="1"/>
<Cov CovItemId="S156" Value="1"/>
<Cov CovItemId="S157" Value="1"/>
<Cov CovItemId="S158" Value="1"/>
<Cov CovItemId="S16" Value="40"/>
<Cov CovItemId="S17" Value="40"/>
<Cov CovItemId="S18" Value="140"/>
<Cov CovItemId="S19" Value="140"/>
<Cov CovItemId="S2" Value="1"/>
<Cov CovItemId="S20" Value="140"/>
<Cov CovItemId="S21" Value="140"/>
<Cov CovItemId="S22" Value="140"/>
<Cov CovItemId="S23" Value="140"/>
<Cov CovItemId="S24" Value="140"/>
<Cov CovItemId="S25" Value="140"/>
<Cov CovItemId="S26" Value="140"/>
<Cov CovItemId="S27" Value="140"/>
<Cov CovItemId="S3" Value="1"/>
<Cov CovItemId="S4" Value="1"/>
<Cov CovItemId="S5" Value="1"/>
<Cov CovItemId="S6" Value="1"/>
<Cov CovItemId="S7" Value="1"/>
<Cov CovItemId="S8" Value="1"/>
<Cov CovItemId="S9" Value="1"/>
<Cov CovItemId="S98" Value="1"/>
<Cov CovItemId="S99" Value="1"/>
</CovPrefix>
<CovPrefix CovItemPrefix="game.PieceFactory.java">
<Cov CovItemId="S3" Value="140"/>
</CovPrefix>
<CovPrefix CovItemPrefix="game.Soldier.java">
<Cov CovItemId="S6" Value="2"/>
<Cov CovItemId="S7" Value="2"/>
<Cov CovItemId="S8" Value="2"/>
</CovPrefix>
</CovList>
<AssgnmntList>
<AssgnmntPrefix RootTermCovItemPrefix="game.GameBoard.java">
<AssgnmntListEntry Length="1" RootTermCovItemId="C1">
<MapEntry BoolAssgnmnt="0" Value="1"/>
<MapEntry BoolAssgnmnt="1" Value="10"/>
</AssgnmntListEntry>
<AssgnmntListEntry Length="1" RootTermCovItemId="C2">
<MapEntry BoolAssgnmnt="0" Value="10"/>
<MapEntry BoolAssgnmnt="1" Value="100"/>
</AssgnmntListEntry>
<AssgnmntListEntry Length="1" RootTermCovItemId="C3">
<MapEntry BoolAssgnmnt="0" Value="1"/>
<MapEntry BoolAssgnmnt="1" Value="10"/>
</AssgnmntListEntry>
<AssgnmntListEntry Length="1" RootTermCovItemId="C30">
<MapEntry BoolAssgnmnt="0" Value="1"/>
</AssgnmntListEntry>
<AssgnmntListEntry Length="1" RootTermCovItemId="C32">
<MapEntry BoolAssgnmnt="0" Value="1"/>
</AssgnmntListEntry>
<AssgnmntListEntry Length="2" RootTermCovItemId="C33">
<MapEntry BoolAssgnmnt="11" Value="1"/>
</AssgnmntListEntry>
<AssgnmntListEntry Length="1" RootTermCovItemId="C4">
<MapEntry BoolAssgnmnt="0" Value="10"/>
<MapEntry BoolAssgnmnt="1" Value="40"/>
</AssgnmntListEntry>
</AssgnmntPrefix>
</AssgnmntList>
<ObjMetaDataList/>
<MetaDataList/>
</TestCase>
<TestCase Comment="" Date="1430489012201" Name="tests.TestAttacking:TestAttackFlag">
<CovList>
<CovPrefix CovItemPrefix="game.AbstractPiece.java">
<Cov CovItemId="S1" Value="143"/>
<Cov CovItemId="S2" Value="143"/>
<Cov CovItemId="S3" Value="143"/>
<Cov CovItemId="S5" Value="141"/>
<Cov CovItemId="S6" Value="147"/>
<Cov CovItemId="S7" Value="6"/>
<Cov CovItemId="S8" Value="2"/>
<Cov CovItemId="S9" Value="2"/>
</CovPrefix>
<CovPrefix CovItemPrefix="game.ClearPiece.java">
<Cov CovItemId="S1" Value="141"/>
<Cov CovItemId="S2" Value="141"/>
<Cov CovItemId="S9" Value="40"/>
</CovPrefix>
<CovPrefix CovItemPrefix="game.Flag.java">
<Cov CovItemId="S1" Value="1"/>
<Cov CovItemId="S2" Value="1"/>
<Cov CovItemId="S3" Value="1"/>
<Cov CovItemId="S4" Value="1"/>
</CovPrefix>
<CovPrefix CovItemPrefix="game.GameBoard.java">
<Cov CovItemId="B44" Value="1"/>
<Cov CovItemId="B47" Value="1"/>
<Cov CovItemId="L1-2" Value="1"/>
<Cov CovItemId="L2-2" Value="10"/>
<Cov CovItemId="L3-2" Value="1"/>
<Cov CovItemId="L4-2" Value="10"/>
<Cov CovItemId="S10" Value="10"/>
<Cov CovItemId="S100" Value="1"/>
<Cov CovItemId="S101" Value="1"/>
<Cov CovItemId="S102" Value="1"/>
<Cov CovItemId="S103" Value="1"/>
<Cov CovItemId="S104" Value="1"/>
<Cov CovItemId="S105" Value="1"/>
<Cov CovItemId="S106" Value="1"/>
<Cov CovItemId="S107" Value="1"/>
<Cov CovItemId="S108" Value="1"/>
<Cov CovItemId="S109" Value="1"/>
<Cov CovItemId="S11" Value="100"/>
<Cov CovItemId="S110" Value="1"/>
<Cov CovItemId="S111" Value="1"/>
<Cov CovItemId="S112" Value="1"/>
<Cov CovItemId="S113" Value="1"/>
<Cov CovItemId="S114" Value="1"/>
<Cov CovItemId="S115" Value="1"/>
<Cov CovItemId="S116" Value="1"/>
<Cov CovItemId="S12" Value="100"/>
<Cov CovItemId="S124" Value="1"/>
<Cov CovItemId="S125" Value="1"/>
<Cov CovItemId="S126" Value="1"/>
<Cov CovItemId="S127" Value="1"/>
<Cov CovItemId="S13" Value="1"/>
<Cov CovItemId="S14" Value="10"/>
<Cov CovItemId="S143" Value="1"/>
<Cov CovItemId="S144" Value="1"/>
<Cov CovItemId="S145" Value="1"/>
<Cov CovItemId="S146" Value="1"/>
<Cov CovItemId="S147" Value="1"/>
<Cov CovItemId="S148" Value="1"/>
<Cov CovItemId="S149" Value="1"/>
<Cov CovItemId="S15" Value="40"/>
<Cov CovItemId="S150" Value="1"/>
<Cov CovItemId="S151" Value="1"/>
<Cov CovItemId="S152" Value="1"/>
<Cov CovItemId="S153" Value="1"/>
<Cov CovItemId="S154" Value="1"/>
<Cov CovItemId="S155" Value="1"/>
<Cov CovItemId="S156" Value="1"/>
<Cov CovItemId="S157" Value="1"/>
<Cov CovItemId="S158" Value="1"/>
<Cov CovItemId="S16" Value="40"/>
<Cov CovItemId="S17" Value="40"/>
<Cov CovItemId="S18" Value="140"/>
<Cov CovItemId="S19" Value="140"/>
<Cov CovItemId="S2" Value="1"/>
<Cov CovItemId="S20" Value="140"/>
<Cov CovItemId="S21" Value="140"/>
<Cov CovItemId="S22" Value="140"/>
<Cov CovItemId="S23" Value="140"/>
<Cov CovItemId="S24" Value="140"/>
<Cov CovItemId="S25" Value="140"/>
<Cov CovItemId="S26" Value="140"/>
<Cov CovItemId="S27" Value="140"/>
<Cov CovItemId="S3" Value="1"/>
<Cov CovItemId="S4" Value="1"/>
<Cov CovItemId="S5" Value="1"/>
<Cov CovItemId="S6" Value="1"/>
<Cov CovItemId="S7" Value="1"/>
<Cov CovItemId="S8" Value="1"/>
<Cov CovItemId="S9" Value="1"/>
<Cov CovItemId="S98" Value="1"/>
<Cov CovItemId="S99" Value="1"/>
</CovPrefix>
<CovPrefix CovItemPrefix="game.PieceFactory.java">
<Cov CovItemId="S3" Value="140"/>
</CovPrefix>
<CovPrefix CovItemPrefix="game.Soldier.java">
<Cov CovItemId="S6" Value="1"/>
<Cov CovItemId="S7" Value="1"/>
<Cov CovItemId="S8" Value="1"/>
</CovPrefix>
</CovList>
<AssgnmntList>
<AssgnmntPrefix RootTermCovItemPrefix="game.GameBoard.java">
<AssgnmntListEntry Length="1" RootTermCovItemId="C1">
<MapEntry BoolAssgnmnt="0" Value="1"/>
<MapEntry BoolAssgnmnt="1" Value="10"/>
</AssgnmntListEntry>
<AssgnmntListEntry Length="1" RootTermCovItemId="C2">
<MapEntry BoolAssgnmnt="0" Value="10"/>
<MapEntry BoolAssgnmnt="1" Value="100"/>
</AssgnmntListEntry>
<AssgnmntListEntry Length="1" RootTermCovItemId="C3">
<MapEntry BoolAssgnmnt="0" Value="1"/>
<MapEntry BoolAssgnmnt="1" Value="10"/>
</AssgnmntListEntry>
<AssgnmntListEntry Length="1" RootTermCovItemId="C30">
<MapEntry BoolAssgnmnt="0" Value="1"/>
</AssgnmntListEntry>
<AssgnmntListEntry Length="1" RootTermCovItemId="C32">
<MapEntry BoolAssgnmnt="1" Value="1"/>
</AssgnmntListEntry>
<AssgnmntListEntry Length="1" RootTermCovItemId="C4">
<MapEntry BoolAssgnmnt="0" Value="10"/>
<MapEntry BoolAssgnmnt="1" Value="40"/>
</AssgnmntListEntry>
</AssgnmntPrefix>
</AssgnmntList>
<ObjMetaDataList/>
<MetaDataList/>
</TestCase>
<TestCase Comment="" Date="1430489012216" Name="tests.TestAttacking:TestMarshallAttackSpy">
<CovList>
<CovPrefix CovItemPrefix="game.AbstractPiece.java">
<Cov CovItemId="S1" Value="143"/>
<Cov CovItemId="S2" Value="143"/>
<Cov CovItemId="S3" Value="143"/>
<Cov CovItemId="S5" Value="141"/>
<Cov CovItemId="S6" Value="147"/>
<Cov CovItemId="S7" Value="6"/>
<Cov CovItemId="S8" Value="2"/>
<Cov CovItemId="S9" Value="2"/>
</CovPrefix>
<CovPrefix CovItemPrefix="game.ClearPiece.java">
<Cov CovItemId="S1" Value="141"/>
<Cov CovItemId="S2" Value="141"/>
<Cov CovItemId="S9" Value="40"/>
</CovPrefix>
<CovPrefix CovItemPrefix="game.GameBoard.java">
<Cov CovItemId="B44" Value="1"/>
<Cov CovItemId="B48" Value="1"/>
<Cov CovItemId="B50" Value="1"/>
<Cov CovItemId="B51" Value="1"/>
<Cov CovItemId="L1-2" Value="1"/>
<Cov CovItemId="L2-2" Value="10"/>
<Cov CovItemId="L3-2" Value="1"/>
<Cov CovItemId="L4-2" Value="10"/>
<Cov CovItemId="S10" Value="10"/>
<Cov CovItemId="S100" Value="1"/>
<Cov CovItemId="S101" Value="1"/>
<Cov CovItemId="S102" Value="1"/>
<Cov CovItemId="S103" Value="1"/>
<Cov CovItemId="S104" Value="1"/>
<Cov CovItemId="S105" Value="1"/>
<Cov CovItemId="S106" Value="1"/>
<Cov CovItemId="S107" Value="1"/>
<Cov CovItemId="S108" Value="1"/>
<Cov CovItemId="S109" Value="1"/>
<Cov CovItemId="S11" Value="100"/>
<Cov CovItemId="S110" Value="1"/>
<Cov CovItemId="S111" Value="1"/>
<Cov CovItemId="S112" Value="1"/>
<Cov CovItemId="S113" Value="1"/>
<Cov CovItemId="S114" Value="1"/>
<Cov CovItemId="S115" Value="1"/>
<Cov CovItemId="S116" Value="1"/>
<Cov CovItemId="S12" Value="100"/>
<Cov CovItemId="S124" Value="1"/>
<Cov CovItemId="S128" Value="1"/>
<Cov CovItemId="S13" Value="1"/>
<Cov CovItemId="S131" Value="1"/>
<Cov CovItemId="S132" Value="1"/>
<Cov CovItemId="S133" Value="1"/>
<Cov CovItemId="S134" Value="1"/>
<Cov CovItemId="S14" Value="10"/>
<Cov CovItemId="S143" Value="1"/>
<Cov CovItemId="S144" Value="1"/>
<Cov CovItemId="S145" Value="1"/>
<Cov CovItemId="S146" Value="1"/>
<Cov CovItemId="S147" Value="1"/>
<Cov CovItemId="S148" Value="1"/>
<Cov CovItemId="S149" Value="1"/>
<Cov CovItemId="S15" Value="40"/>
<Cov CovItemId="S150" Value="1"/>
<Cov CovItemId="S151" Value="1"/>
<Cov CovItemId="S152" Value="1"/>
<Cov CovItemId="S153" Value="1"/>
<Cov CovItemId="S154" Value="1"/>
<Cov CovItemId="S155" Value="1"/>
<Cov CovItemId="S156" Value="1"/>
<Cov CovItemId="S157" Value="1"/>
<Cov CovItemId="S158" Value="1"/>
<Cov CovItemId="S16" Value="40"/>
<Cov CovItemId="S17" Value="40"/>
<Cov CovItemId="S18" Value="140"/>
<Cov CovItemId="S19" Value="140"/>
<Cov CovItemId="S2" Value="1"/>
<Cov CovItemId="S20" Value="140"/>
<Cov CovItemId="S21" Value="140"/>
<Cov CovItemId="S22" Value="140"/>
<Cov CovItemId="S23" Value="140"/>
<Cov CovItemId="S24" Value="140"/>
<Cov CovItemId="S25" Value="140"/>
<Cov CovItemId="S26" Value="140"/>
<Cov CovItemId="S27" Value="140"/>
<Cov CovItemId="S3" Value="1"/>
<Cov CovItemId="S4" Value="1"/>
<Cov CovItemId="S5" Value="1"/>
<Cov CovItemId="S6" Value="1"/>
<Cov CovItemId="S7" Value="1"/>
<Cov CovItemId="S8" Value="1"/>
<Cov CovItemId="S9" Value="1"/>
<Cov CovItemId="S98" Value="1"/>
<Cov CovItemId="S99" Value="1"/>
</CovPrefix>
<CovPrefix CovItemPrefix="game.PieceFactory.java">
<Cov CovItemId="S3" Value="140"/>
</CovPrefix>
<CovPrefix CovItemPrefix="game.Soldier.java">
<Cov CovItemId="S6" Value="2"/>
<Cov CovItemId="S7" Value="2"/>
<Cov CovItemId="S8" Value="2"/>
</CovPrefix>
</CovList>
<AssgnmntList>
<AssgnmntPrefix RootTermCovItemPrefix="game.GameBoard.java">
<AssgnmntListEntry Length="1" RootTermCovItemId="C1">
<MapEntry BoolAssgnmnt="0" Value="1"/>
<MapEntry BoolAssgnmnt="1" Value="10"/>
</AssgnmntListEntry>
<AssgnmntListEntry Length="1" RootTermCovItemId="C2">
<MapEntry BoolAssgnmnt="0" Value="10"/>
<MapEntry BoolAssgnmnt="1" Value="100"/>
</AssgnmntListEntry>
<AssgnmntListEntry Length="1" RootTermCovItemId="C3">
<MapEntry BoolAssgnmnt="0" Value="1"/>
<MapEntry BoolAssgnmnt="1" Value="10"/>
</AssgnmntListEntry>
<AssgnmntListEntry Length="1" RootTermCovItemId="C30">
<MapEntry BoolAssgnmnt="0" Value="1"/>
</AssgnmntListEntry>
<AssgnmntListEntry Length="1" RootTermCovItemId="C32">
<MapEntry BoolAssgnmnt="0" Value="1"/>
</AssgnmntListEntry>
<AssgnmntListEntry Length="2" RootTermCovItemId="C33">
<MapEntry BoolAssgnmnt="02" Value="1"/>
</AssgnmntListEntry>
<AssgnmntListEntry Length="1" RootTermCovItemId="C34">
<MapEntry BoolAssgnmnt="1" Value="1"/>
</AssgnmntListEntry>
<AssgnmntListEntry Length="1" RootTermCovItemId="C4">
<MapEntry BoolAssgnmnt="0" Value="10"/>
<MapEntry BoolAssgnmnt="1" Value="40"/>
</AssgnmntListEntry>
</AssgnmntPrefix>
</AssgnmntList>
<ObjMetaDataList/>
<MetaDataList/>
</TestCase>
<TestCase Comment="" Date="1430489012228" Name="tests.TestAttacking:TestAttackHigherRank">
<CovList>
<CovPrefix CovItemPrefix="game.AbstractPiece.java">
<Cov CovItemId="S1" Value="143"/>
<Cov CovItemId="S2" Value="143"/>
<Cov CovItemId="S3" Value="143"/>
<Cov CovItemId="S5" Value="141"/>
<Cov CovItemId="S6" Value="145"/>
<Cov CovItemId="S7" Value="4"/>
<Cov CovItemId="S8" Value="2"/>
<Cov CovItemId="S9" Value="2"/>
</CovPrefix>
<CovPrefix CovItemPrefix="game.ClearPiece.java">
<Cov CovItemId="S1" Value="141"/>
<Cov CovItemId="S2" Value="141"/>
<Cov CovItemId="S9" Value="40"/>
</CovPrefix>
<CovPrefix CovItemPrefix="game.GameBoard.java">
<Cov CovItemId="B44" Value="1"/>
<Cov CovItemId="B48" Value="1"/>
<Cov CovItemId="B50" Value="1"/>
<Cov CovItemId="B51" Value="1"/>
<Cov CovItemId="L1-2" Value="1"/>
<Cov CovItemId="L2-2" Value="10"/>
<Cov CovItemId="L3-2" Value="1"/>
<Cov CovItemId="L4-2" Value="10"/>
<Cov CovItemId="S10" Value="10"/>
<Cov CovItemId="S100" Value="1"/>
<Cov CovItemId="S101" Value="1"/>
<Cov CovItemId="S102" Value="1"/>
<Cov CovItemId="S103" Value="1"/>
<Cov CovItemId="S104" Value="1"/>
<Cov CovItemId="S105" Value="1"/>
<Cov CovItemId="S106" Value="1"/>
<Cov CovItemId="S107" Value="1"/>
<Cov CovItemId="S108" Value="1"/>
<Cov CovItemId="S109" Value="1"/>
<Cov CovItemId="S11" Value="100"/>
<Cov CovItemId="S110" Value="1"/>
<Cov CovItemId="S111" Value="1"/>
<Cov CovItemId="S112" Value="1"/>
<Cov CovItemId="S113" Value="1"/>
<Cov CovItemId="S114" Value="1"/>
<Cov CovItemId="S115" Value="1"/>
<Cov CovItemId="S116" Value="1"/>
<Cov CovItemId="S12" Value="100"/>
<Cov CovItemId="S124" Value="1"/>
<Cov CovItemId="S128" Value="1"/>
<Cov CovItemId="S13" Value="1"/>
<Cov CovItemId="S131" Value="1"/>
<Cov CovItemId="S132" Value="1"/>
<Cov CovItemId="S133" Value="1"/>
<Cov CovItemId="S134" Value="1"/>
<Cov CovItemId="S14" Value="10"/>
<Cov CovItemId="S143" Value="1"/>
<Cov CovItemId="S144" Value="1"/>
<Cov CovItemId="S145" Value="1"/>
<Cov CovItemId="S146" Value="1"/>
<Cov CovItemId="S147" Value="1"/>
<Cov CovItemId="S148" Value="1"/>
<Cov CovItemId="S149" Value="1"/>
<Cov CovItemId="S15" Value="40"/>
<Cov CovItemId="S150" Value="1"/>
<Cov CovItemId="S151" Value="1"/>
<Cov CovItemId="S152" Value="1"/>
<Cov CovItemId="S153" Value="1"/>
<Cov CovItemId="S154" Value="1"/>
<Cov CovItemId="S155" Value="1"/>
<Cov CovItemId="S156" Value="1"/>
<Cov CovItemId="S157" Value="1"/>
<Cov CovItemId="S158" Value="1"/>
<Cov CovItemId="S16" Value="40"/>
<Cov CovItemId="S17" Value="40"/>
<Cov CovItemId="S18" Value="140"/>
<Cov CovItemId="S19" Value="140"/>
<Cov CovItemId="S2" Value="1"/>
<Cov CovItemId="S20" Value="140"/>
<Cov CovItemId="S21" Value="140"/>
<Cov CovItemId="S22" Value="140"/>
<Cov CovItemId="S23" Value="140"/>
<Cov CovItemId="S24" Value="140"/>
<Cov CovItemId="S25" Value="140"/>
<Cov CovItemId="S26" Value="140"/>
<Cov CovItemId="S27" Value="140"/>
<Cov CovItemId="S3" Value="1"/>
<Cov CovItemId="S4" Value="1"/>
<Cov CovItemId="S5" Value="1"/>
<Cov CovItemId="S6" Value="1"/>
<Cov CovItemId="S7" Value="1"/>
<Cov CovItemId="S8" Value="1"/>
<Cov CovItemId="S9" Value="1"/>
<Cov CovItemId="S98" Value="1"/>
<Cov CovItemId="S99" Value="1"/>
</CovPrefix>
<CovPrefix CovItemPrefix="game.PieceFactory.java">
<Cov CovItemId="S3" Value="140"/>
</CovPrefix>
<CovPrefix CovItemPrefix="game.Soldier.java">
<Cov CovItemId="S6" Value="2"/>
<Cov CovItemId="S7" Value="2"/>
<Cov CovItemId="S8" Value="2"/>
</CovPrefix>
</CovList>
<AssgnmntList>
<AssgnmntPrefix RootTermCovItemPrefix="game.GameBoard.java">
<AssgnmntListEntry Length="1" RootTermCovItemId="C1">
<MapEntry BoolAssgnmnt="0" Value="1"/>
<MapEntry BoolAssgnmnt="1" Value="10"/>
</AssgnmntListEntry>
<AssgnmntListEntry Length="1" RootTermCovItemId="C2">
<MapEntry BoolAssgnmnt="0" Value="10"/>
<MapEntry BoolAssgnmnt="1" Value="100"/>
</AssgnmntListEntry>
<AssgnmntListEntry Length="1" RootTermCovItemId="C3">
<MapEntry BoolAssgnmnt="0" Value="1"/>
<MapEntry BoolAssgnmnt="1" Value="10"/>
</AssgnmntListEntry>
<AssgnmntListEntry Length="1" RootTermCovItemId="C30">
<MapEntry BoolAssgnmnt="0" Value="1"/>
</AssgnmntListEntry>
<AssgnmntListEntry Length="1" RootTermCovItemId="C32">
<MapEntry BoolAssgnmnt="0" Value="1"/>
</AssgnmntListEntry>
<AssgnmntListEntry Length="2" RootTermCovItemId="C33">
<MapEntry BoolAssgnmnt="02" Value="1"/>
</AssgnmntListEntry>
<AssgnmntListEntry Length="1" RootTermCovItemId="C34">
<MapEntry BoolAssgnmnt="1" Value="1"/>
</AssgnmntListEntry>
<AssgnmntListEntry Length="1" RootTermCovItemId="C4">
<MapEntry BoolAssgnmnt="0" Value="10"/>
<MapEntry BoolAssgnmnt="1" Value="40"/>
</AssgnmntListEntry>
</AssgnmntPrefix>
</AssgnmntList>
<ObjMetaDataList/>
<MetaDataList/>
</TestCase>
<TestCase Comment="" Date="1430489012242" Name="tests.TestPieceFactory:testCreateMajor">
<CovList>
<CovPrefix CovItemPrefix="game.AbstractPiece.java">
<Cov CovItemId="S1" Value="1"/>
<Cov CovItemId="S10" Value="1"/>
<Cov CovItemId="S11" Value="1"/>
<Cov CovItemId="S2" Value="1"/>
<Cov CovItemId="S3" Value="1"/>
</CovPrefix>
<CovPrefix CovItemPrefix="game.PieceFactory.java">
<Cov CovItemId="S14" Value="1"/>
<Cov CovItemId="S15" Value="1"/>
</CovPrefix>
<CovPrefix CovItemPrefix="game.Soldier.java">
<Cov CovItemId="S1" Value="1"/>
<Cov CovItemId="S2" Value="1"/>
<Cov CovItemId="S3" Value="1"/>
<Cov CovItemId="S4" Value="1"/>
<Cov CovItemId="S5" Value="1"/>
</CovPrefix>
</CovList>
<AssgnmntList/>
<ObjMetaDataList/>
<MetaDataList/>
</TestCase>
<TestCase Comment="" Date="1430489012243" Name="tests.TestPieceFactory:testCreateMiner">
<CovList>
<CovPrefix CovItemPrefix="game.AbstractPiece.java">
<Cov CovItemId="S1" Value="1"/>
<Cov CovItemId="S10" Value="1"/>
<Cov CovItemId="S11" Value="1"/>
<Cov CovItemId="S2" Value="1"/>
<Cov CovItemId="S3" Value="1"/>
</CovPrefix>
<CovPrefix CovItemPrefix="game.PieceFactory.java">
<Cov CovItemId="S22" Value="1"/>
<Cov CovItemId="S23" Value="1"/>
</CovPrefix>
<CovPrefix CovItemPrefix="game.Soldier.java">
<Cov CovItemId="S1" Value="1"/>
<Cov CovItemId="S2" Value="1"/>
<Cov CovItemId="S3" Value="1"/>
<Cov CovItemId="S4" Value="1"/>
<Cov CovItemId="S5" Value="1"/>
</CovPrefix>
</CovList>
<AssgnmntList/>
<ObjMetaDataList/>
<MetaDataList/>
</TestCase>
<TestCase Comment="" Date="1430489012245" Name="tests.TestPieceFactory:testCreateScout">
<CovList>
<CovPrefix CovItemPrefix="game.AbstractPiece.java">
<Cov CovItemId="S1" Value="1"/>
<Cov CovItemId="S10" Value="1"/>
<Cov CovItemId="S11" Value="1"/>
<Cov CovItemId="S2" Value="1"/>
<Cov CovItemId="S3" Value="1"/>
</CovPrefix>
<CovPrefix CovItemPrefix="game.PieceFactory.java">
<Cov CovItemId="S24" Value="1"/>
<Cov CovItemId="S25" Value="1"/>
</CovPrefix>
<CovPrefix CovItemPrefix="game.Soldier.java">
<Cov CovItemId="S1" Value="1"/>
<Cov CovItemId="S2" Value="1"/>
<Cov CovItemId="S3" Value="1"/>
<Cov CovItemId="S4" Value="1"/>
<Cov CovItemId="S5" Value="1"/>
</CovPrefix>
</CovList>
<AssgnmntList/>
<ObjMetaDataList/>
<MetaDataList/>
</TestCase>
<TestCase Comment="" Date="1430489012246" Name="tests.TestPieceFactory:testCreateGeneral">
<CovList>
<CovPrefix CovItemPrefix="game.AbstractPiece.java">
<Cov CovItemId="S1" Value="1"/>
<Cov CovItemId="S10" Value="1"/>
<Cov CovItemId="S11" Value="1"/>
<Cov CovItemId="S2" Value="1"/>
<Cov CovItemId="S3" Value="1"/>
</CovPrefix>
<CovPrefix CovItemPrefix="game.PieceFactory.java">
<Cov CovItemId="S10" Value="1"/>
<Cov CovItemId="S11" Value="1"/>
</CovPrefix>
<CovPrefix CovItemPrefix="game.Soldier.java">
<Cov CovItemId="S1" Value="1"/>
<Cov CovItemId="S2" Value="1"/>
<Cov CovItemId="S3" Value="1"/>
<Cov CovItemId="S4" Value="1"/>
<Cov CovItemId="S5" Value="1"/>
</CovPrefix>
</CovList>
<AssgnmntList/>
<ObjMetaDataList/>
<MetaDataList/>
</TestCase>
<TestCase Comment="" Date="1430489012247" Name="tests.TestPieceFactory:testCreateMarshall">
<CovList>
<CovPrefix CovItemPrefix="game.AbstractPiece.java">
<Cov CovItemId="S1" Value="1"/>
<Cov CovItemId="S10" Value="1"/>
<Cov CovItemId="S11" Value="1"/>
<Cov CovItemId="S2" Value="1"/>
<Cov CovItemId="S3" Value="1"/>
</CovPrefix>
<CovPrefix CovItemPrefix="game.PieceFactory.java">
<Cov CovItemId="S8" Value="1"/>
<Cov CovItemId="S9" Value="1"/>
</CovPrefix>
<CovPrefix CovItemPrefix="game.Soldier.java">
<Cov CovItemId="S1" Value="1"/>
<Cov CovItemId="S2" Value="1"/>
<Cov CovItemId="S3" Value="1"/>
<Cov CovItemId="S4" Value="1"/>
<Cov CovItemId="S5" Value="1"/>
</CovPrefix>
</CovList>
<AssgnmntList/>
<ObjMetaDataList/>
<MetaDataList/>
</TestCase>
<TestCase Comment="" Date="1430489012248" Name="tests.TestPieceFactory:testCreateClearPiece">
<CovList>
<CovPrefix CovItemPrefix="game.AbstractPiece.java">
<Cov CovItemId="S1" Value="1"/>
<Cov CovItemId="S10" Value="1"/>
<Cov CovItemId="S11" Value="1"/>
<Cov CovItemId="S2" Value="1"/>
<Cov CovItemId="S3" Value="1"/>
</CovPrefix>
<CovPrefix CovItemPrefix="game.ClearPiece.java">
<Cov CovItemId="S1" Value="1"/>
<Cov CovItemId="S2" Value="1"/>
</CovPrefix>
<CovPrefix CovItemPrefix="game.PieceFactory.java">
<Cov CovItemId="S3" Value="1"/>
</CovPrefix>
</CovList>
<AssgnmntList/>
<ObjMetaDataList/>
<MetaDataList/>
</TestCase>
<TestCase Comment="" Date="1430489012249" Name="tests.TestPieceFactory:testCreateLieutenant">
<CovList>
<CovPrefix CovItemPrefix="game.AbstractPiece.java">
<Cov CovItemId="S1" Value="1"/>
<Cov CovItemId="S10" Value="1"/>
<Cov CovItemId="S11" Value="1"/>
<Cov CovItemId="S2" Value="1"/>
<Cov CovItemId="S3" Value="1"/>
</CovPrefix>
<CovPrefix CovItemPrefix="game.PieceFactory.java">
<Cov CovItemId="S18" Value="1"/>
<Cov CovItemId="S19" Value="1"/>
</CovPrefix>
<CovPrefix CovItemPrefix="game.Soldier.java">
<Cov CovItemId="S1" Value="1"/>
<Cov CovItemId="S2" Value="1"/>
<Cov CovItemId="S3" Value="1"/>
<Cov CovItemId="S4" Value="1"/>
<Cov CovItemId="S5" Value="1"/>
</CovPrefix>
</CovList>
<AssgnmntList/>
<ObjMetaDataList/>
<MetaDataList/>
</TestCase>
<TestCase Comment="" Date="1430489012250" Name="tests.TestPieceFactory:testCreateCaptain">
<CovList>
<CovPrefix CovItemPrefix="game.AbstractPiece.java">
<Cov CovItemId="S1" Value="1"/>
<Cov CovItemId="S10" Value="1"/>
<Cov CovItemId="S11" Value="1"/>
<Cov CovItemId="S2" Value="1"/>
<Cov CovItemId="S3" Value="1"/>
</CovPrefix>
<CovPrefix CovItemPrefix="game.PieceFactory.java">
<Cov CovItemId="S16" Value="1"/>
<Cov CovItemId="S17" Value="1"/>
</CovPrefix>
<CovPrefix CovItemPrefix="game.Soldier.java">
<Cov CovItemId="S1" Value="1"/>
<Cov CovItemId="S2" Value="1"/>
<Cov CovItemId="S3" Value="1"/>
<Cov CovItemId="S4" Value="1"/>
<Cov CovItemId="S5" Value="1"/>
</CovPrefix>
</CovList>
<AssgnmntList/>
<ObjMetaDataList/>
<MetaDataList/>
</TestCase>
<TestCase Comment="" Date="1430489012251" Name="tests.TestPieceFactory:testCreateBomb">
<CovList>
<CovPrefix CovItemPrefix="game.AbstractPiece.java">
<Cov CovItemId="S1" Value="1"/>
<Cov CovItemId="S10" Value="1"/>
<Cov CovItemId="S2" Value="1"/>
<Cov CovItemId="S3" Value="1"/>
</CovPrefix>
<CovPrefix CovItemPrefix="game.Bomb.java">
<Cov CovItemId="S1" Value="1"/>
<Cov CovItemId="S2" Value="1"/>
<Cov CovItemId="S3" Value="1"/>
<Cov CovItemId="S4" Value="1"/>
<Cov CovItemId="S5" Value="1"/>
</CovPrefix>
<CovPrefix CovItemPrefix="game.PieceFactory.java">
<Cov CovItemId="S1" Value="1"/>
<Cov CovItemId="S2" Value="1"/>
</CovPrefix>
</CovList>
<AssgnmntList/>
<ObjMetaDataList/>
<MetaDataList/>
</TestCase>
<TestCase Comment="" Date="1430489012252" Name="tests.TestPieceFactory:testCreateFlag">
<CovList>
<CovPrefix CovItemPrefix="game.AbstractPiece.java">
<Cov CovItemId="S1" Value="1"/>
<Cov CovItemId="S10" Value="1"/>
<Cov CovItemId="S2" Value="1"/>
<Cov CovItemId="S3" Value="1"/>
</CovPrefix>
<CovPrefix CovItemPrefix="game.Flag.java">
<Cov CovItemId="S1" Value="1"/>
<Cov CovItemId="S2" Value="1"/>
<Cov CovItemId="S3" Value="1"/>
<Cov CovItemId="S4" Value="1"/>
</CovPrefix>
<CovPrefix CovItemPrefix="game.PieceFactory.java">
<Cov CovItemId="S4" Value="1"/>
<Cov CovItemId="S5" Value="1"/>
</CovPrefix>
</CovList>
<AssgnmntList/>
<ObjMetaDataList/>
<MetaDataList/>
</TestCase>
<TestCase Comment="" Date="1430489012253" Name="tests.TestPieceFactory:testCreateColonel">
<CovList>
<CovPrefix CovItemPrefix="game.AbstractPiece.java">
<Cov CovItemId="S1" Value="1"/>
<Cov CovItemId="S10" Value="1"/>
<Cov CovItemId="S11" Value="1"/>
<Cov CovItemId="S2" Value="1"/>
<Cov CovItemId="S3" Value="1"/>
</CovPrefix>
<CovPrefix CovItemPrefix="game.PieceFactory.java">
<Cov CovItemId="S12" Value="1"/>
<Cov CovItemId="S13" Value="1"/>
</CovPrefix>
<CovPrefix CovItemPrefix="game.Soldier.java">
<Cov CovItemId="S1" Value="1"/>
<Cov CovItemId="S2" Value="1"/>
<Cov CovItemId="S3" Value="1"/>
<Cov CovItemId="S4" Value="1"/>
<Cov CovItemId="S5" Value="1"/>
</CovPrefix>
</CovList>
<AssgnmntList/>
<ObjMetaDataList/>
<MetaDataList/>
</TestCase>
<TestCase Comment="" Date="1430489012254" Name="tests.TestPieceFactory:testCreateSergeant">
<CovList>
<CovPrefix CovItemPrefix="game.AbstractPiece.java">
<Cov CovItemId="S1" Value="1"/>
<Cov CovItemId="S10" Value="1"/>
<Cov CovItemId="S11" Value="1"/>
<Cov CovItemId="S2" Value="1"/>
<Cov CovItemId="S3" Value="1"/>
</CovPrefix>
<CovPrefix CovItemPrefix="game.PieceFactory.java">
<Cov CovItemId="S20" Value="1"/>
<Cov CovItemId="S21" Value="1"/>
</CovPrefix>
<CovPrefix CovItemPrefix="game.Soldier.java">
<Cov CovItemId="S1" Value="1"/>
<Cov CovItemId="S2" Value="1"/>
<Cov CovItemId="S3" Value="1"/>
<Cov CovItemId="S4" Value="1"/>
<Cov CovItemId="S5" Value="1"/>
</CovPrefix>
</CovList>
<AssgnmntList/>
<ObjMetaDataList/>
<MetaDataList/>
</TestCase>
<TestCase Comment="" Date="1430489012255" Name="tests.TestPieceFactory:testCreateSpy">
<CovList>
<CovPrefix CovItemPrefix="game.AbstractPiece.java">
<Cov CovItemId="S1" Value="1"/>
<Cov CovItemId="S10" Value="1"/>
<Cov CovItemId="S11" Value="1"/>
<Cov CovItemId="S2" Value="1"/>
<Cov CovItemId="S3" Value="1"/>
</CovPrefix>
<CovPrefix CovItemPrefix="game.PieceFactory.java">
<Cov CovItemId="S6" Value="1"/>
<Cov CovItemId="S7" Value="1"/>
</CovPrefix>
<CovPrefix CovItemPrefix="game.Soldier.java">
<Cov CovItemId="S1" Value="1"/>
<Cov CovItemId="S2" Value="1"/>
<Cov CovItemId="S3" Value="1"/>
<Cov CovItemId="S4" Value="1"/>
<Cov CovItemId="S5" Value="1"/>
</CovPrefix>
</CovList>
<AssgnmntList/>
<ObjMetaDataList/>
<MetaDataList/>
</TestCase>
<TestCase Comment="" Date="1430489012256" Name="tests.TestPiece:testProcessPressOnNonSelectedPiece">
<CovList>
<CovPrefix CovItemPrefix="game.AbstractPiece.java">
<Cov CovItemId="S5" Value="1"/>
</CovPrefix>
<CovPrefix CovItemPrefix="game.Soldier.java">
<Cov CovItemId="B2" Value="1"/>
<Cov CovItemId="B4" Value="1"/>
<Cov CovItemId="S11" Value="1"/>
<Cov CovItemId="S12" Value="1"/>
<Cov CovItemId="S13" Value="1"/>
<Cov CovItemId="S15" Value="1"/>
<Cov CovItemId="S9" Value="1"/>
</CovPrefix>
</CovList>
<AssgnmntList>
<AssgnmntPrefix RootTermCovItemPrefix="game.Soldier.java">
<AssgnmntListEntry Length="1" RootTermCovItemId="C1">
<MapEntry BoolAssgnmnt="0" Value="1"/>
</AssgnmntListEntry>
<AssgnmntListEntry Length="1" RootTermCovItemId="C2">
<MapEntry BoolAssgnmnt="0" Value="1"/>
</AssgnmntListEntry>
</AssgnmntPrefix>
</AssgnmntList>
<ObjMetaDataList/>
<MetaDataList/>
</TestCase>
<TestCase Comment="" Date="1430489012257" Name="tests.TestPiece:testLocation">
<CovList>
<CovPrefix CovItemPrefix="game.AbstractPiece.java">
<Cov CovItemId="S5" Value="1"/>
<Cov CovItemId="S6" Value="1"/>
<Cov CovItemId="S7" Value="1"/>
</CovPrefix>
</CovList>
<AssgnmntList/>
<ObjMetaDataList/>
<MetaDataList/>
</TestCase>
<TestCase Comment="" Date="1430489012258" Name="tests.TestPiece:testProcessPressOnSelectedPiece">
<CovList>
<CovPrefix CovItemPrefix="game.AbstractPiece.java">
<Cov CovItemId="S5" Value="1"/>
</CovPrefix>
<CovPrefix CovItemPrefix="game.Soldier.java">
<Cov CovItemId="B1" Value="1"/>
<Cov CovItemId="B3" Value="1"/>
<Cov CovItemId="S10" Value="1"/>
<Cov CovItemId="S12" Value="1"/>
<Cov CovItemId="S13" Value="1"/>
<Cov CovItemId="S14" Value="1"/>
<Cov CovItemId="S9" Value="1"/>
</CovPrefix>
</CovList>
<AssgnmntList>
<AssgnmntPrefix RootTermCovItemPrefix="game.Soldier.java">
<AssgnmntListEntry Length="1" RootTermCovItemId="C1">
<MapEntry BoolAssgnmnt="1" Value="1"/>
</AssgnmntListEntry>
<AssgnmntListEntry Length="1" RootTermCovItemId="C2">
<MapEntry BoolAssgnmnt="1" Value="1"/>
</AssgnmntListEntry>
</AssgnmntPrefix>
</AssgnmntList>
<ObjMetaDataList/>
<MetaDataList/>
</TestCase>
<TestCase Comment="" Date="1430489012259" Name="tests.TestPiece:testSetSelectedTrue">
<CovList>
<CovPrefix CovItemPrefix="game.AbstractPiece.java">
<Cov CovItemId="S4" Value="1"/>
<Cov CovItemId="S5" Value="1"/>
</CovPrefix>
<CovPrefix CovItemPrefix="game.Soldier.java">
<Cov CovItemId="B1" Value="1"/>
<Cov CovItemId="S10" Value="1"/>
<Cov CovItemId="S12" Value="1"/>
<Cov CovItemId="S9" Value="1"/>
</CovPrefix>
</CovList>
<AssgnmntList>
<AssgnmntPrefix RootTermCovItemPrefix="game.Soldier.java">
<AssgnmntListEntry Length="1" RootTermCovItemId="C1">
<MapEntry BoolAssgnmnt="1" Value="1"/>
</AssgnmntListEntry>
</AssgnmntPrefix>
</AssgnmntList>
<ObjMetaDataList/>
<MetaDataList/>
</TestCase>
<TestCase Comment="" Date="1430489012260" Name="tests.TestPiece:testUserForPiece">
<CovList>
<CovPrefix CovItemPrefix="game.AbstractPiece.java">
<Cov CovItemId="S5" Value="1"/>
<Cov CovItemId="S8" Value="1"/>
<Cov CovItemId="S9" Value="1"/>
</CovPrefix>
</CovList>
<AssgnmntList/>
<ObjMetaDataList/>
<MetaDataList/>
</TestCase>
<TestCase Comment="" Date="1430489012261" Name="tests.TestPiece:testSetSelectedFalse">
<CovList>
<CovPrefix CovItemPrefix="game.AbstractPiece.java">
<Cov CovItemId="S4" Value="1"/>
<Cov CovItemId="S5" Value="1"/>
</CovPrefix>
<CovPrefix CovItemPrefix="game.Soldier.java">
<Cov CovItemId="B2" Value="1"/>
<Cov CovItemId="S11" Value="1"/>
<Cov CovItemId="S12" Value="1"/>
<Cov CovItemId="S9" Value="1"/>
</CovPrefix>
</CovList>
<AssgnmntList>
<AssgnmntPrefix RootTermCovItemPrefix="game.Soldier.java">
<AssgnmntListEntry Length="1" RootTermCovItemId="C1">
<MapEntry BoolAssgnmnt="0" Value="1"/>
</AssgnmntListEntry>
</AssgnmntPrefix>
</AssgnmntList>
<ObjMetaDataList/>
<MetaDataList/>
</TestCase>
<TestCase Comment="" Date="1430489012262" Name="tests.TestGameBoard:testScoutCanMoveMultipleSpaces">
<CovList>
<CovPrefix CovItemPrefix="game.AbstractPiece.java">
<Cov CovItemId="S1" Value="141"/>
<Cov CovItemId="S2" Value="141"/>
<Cov CovItemId="S3" Value="141"/>
<Cov CovItemId="S4" Value="19"/>
<Cov CovItemId="S5" Value="101"/>
<Cov CovItemId="S6" Value="101"/>
<Cov CovItemId="S7" Value="2"/>
<Cov CovItemId="S8" Value="1"/>
<Cov CovItemId="S9" Value="1"/>
</CovPrefix>
<CovPrefix CovItemPrefix="game.ClearPiece.java">
<Cov CovItemId="B3" Value="18"/>
<Cov CovItemId="B4" Value="99"/>
<Cov CovItemId="S1" Value="140"/>
<Cov CovItemId="S2" Value="140"/>
<Cov CovItemId="S5" Value="117"/>
<Cov CovItemId="S6" Value="18"/>
<Cov CovItemId="S7" Value="99"/>
<Cov CovItemId="S8" Value="117"/>
</CovPrefix>
<CovPrefix CovItemPrefix="game.GameBoard.java">
<Cov CovItemId="B15" Value="9"/>
<Cov CovItemId="B23" Value="9"/>
<Cov CovItemId="B8" Value="1"/>
<Cov CovItemId="B9" Value="1"/>
<Cov CovItemId="L10-2" Value="1"/>
<Cov CovItemId="L11-0" Value="1"/>
<Cov CovItemId="L12-2" Value="1"/>
<Cov CovItemId="L7-2" Value="1"/>
<Cov CovItemId="L8-2" Value="10"/>
<Cov CovItemId="L9-0" Value="1"/>
<Cov CovItemId="S18" Value="101"/>
<Cov CovItemId="S19" Value="101"/>
<Cov CovItemId="S2" Value="1"/>
<Cov CovItemId="S20" Value="101"/>
<Cov CovItemId="S21" Value="101"/>
<Cov CovItemId="S22" Value="101"/>
<Cov CovItemId="S23" Value="101"/>
<Cov CovItemId="S24" Value="101"/>
<Cov CovItemId="S25" Value="101"/>
<Cov CovItemId="S26" Value="101"/>
<Cov CovItemId="S27" Value="101"/>
<Cov CovItemId="S3" Value="1"/>
<Cov CovItemId="S39" Value="1"/>
<Cov CovItemId="S4" Value="1"/>
<Cov CovItemId="S40" Value="10"/>
<Cov CovItemId="S41" Value="100"/>
<Cov CovItemId="S42" Value="1"/>
<Cov CovItemId="S43" Value="1"/>
<Cov CovItemId="S45" Value="1"/>
<Cov CovItemId="S46" Value="1"/>
<Cov CovItemId="S47" Value="1"/>
<Cov CovItemId="S48" Value="1"/>
<Cov CovItemId="S49" Value="1"/>
<Cov CovItemId="S5" Value="1"/>
<Cov CovItemId="S50" Value="1"/>
<Cov CovItemId="S58" Value="1"/>
<Cov CovItemId="S59" Value="9"/>
<Cov CovItemId="S6" Value="1"/>
<Cov CovItemId="S60" Value="9"/>
<Cov CovItemId="S61" Value="9"/>
<Cov CovItemId="S66" Value="1"/>
<Cov CovItemId="S7" Value="1"/>
<Cov CovItemId="S74" Value="1"/>
<Cov CovItemId="S75" Value="9"/>
<Cov CovItemId="S76" Value="9"/>
<Cov CovItemId="S77" Value="9"/>
<Cov CovItemId="S8" Value="1"/>
</CovPrefix>
<CovPrefix CovItemPrefix="game.PieceFactory.java">
<Cov CovItemId="S24" Value="1"/>
<Cov CovItemId="S25" Value="1"/>
<Cov CovItemId="S3" Value="140"/>
</CovPrefix>
<CovPrefix CovItemPrefix="game.Soldier.java">
<Cov CovItemId="B1" Value="1"/>
<Cov CovItemId="B2" Value="1"/>
<Cov CovItemId="S1" Value="1"/>
<Cov CovItemId="S10" Value="1"/>
<Cov CovItemId="S11" Value="1"/>
<Cov CovItemId="S12" Value="2"/>
<Cov CovItemId="S2" Value="1"/>
<Cov CovItemId="S3" Value="1"/>
<Cov CovItemId="S4" Value="1"/>
<Cov CovItemId="S5" Value="1"/>
<Cov CovItemId="S9" Value="2"/>
</CovPrefix>
</CovList>
<AssgnmntList>
<AssgnmntPrefix RootTermCovItemPrefix="game.ClearPiece.java">
<AssgnmntListEntry Length="1" RootTermCovItemId="C2">
<MapEntry BoolAssgnmnt="0" Value="99"/>
<MapEntry BoolAssgnmnt="1" Value="18"/>
</AssgnmntListEntry>
</AssgnmntPrefix>
<AssgnmntPrefix RootTermCovItemPrefix="game.GameBoard.java">
<AssgnmntListEntry Length="1" RootTermCovItemId="C10">
<MapEntry BoolAssgnmnt="0" Value="1"/>
</AssgnmntListEntry>
<AssgnmntListEntry Length="1" RootTermCovItemId="C13">
<MapEntry BoolAssgnmnt="0" Value="1"/>
<MapEntry BoolAssgnmnt="1" Value="9"/>
</AssgnmntListEntry>
<AssgnmntListEntry Length="1" RootTermCovItemId="C14">
<MapEntry BoolAssgnmnt="1" Value="9"/>
</AssgnmntListEntry>
<AssgnmntListEntry Length="1" RootTermCovItemId="C16">
<MapEntry BoolAssgnmnt="0" Value="1"/>
</AssgnmntListEntry>
<AssgnmntListEntry Length="1" RootTermCovItemId="C19">
<MapEntry BoolAssgnmnt="0" Value="1"/>
<MapEntry BoolAssgnmnt="1" Value="9"/>
</AssgnmntListEntry>
<AssgnmntListEntry Length="1" RootTermCovItemId="C20">
<MapEntry BoolAssgnmnt="1" Value="9"/>
</AssgnmntListEntry>
<AssgnmntListEntry Length="1" RootTermCovItemId="C8">
<MapEntry BoolAssgnmnt="0" Value="1"/>
</AssgnmntListEntry>
<AssgnmntListEntry Length="1" RootTermCovItemId="C9">
<MapEntry BoolAssgnmnt="1" Value="1"/>
</AssgnmntListEntry>
</AssgnmntPrefix>
<AssgnmntPrefix RootTermCovItemPrefix="game.Soldier.java">
<AssgnmntListEntry Length="1" RootTermCovItemId="C1">
<MapEntry BoolAssgnmnt="0" Value="1"/>
<MapEntry BoolAssgnmnt="1" Value="1"/>
</AssgnmntListEntry>
</AssgnmntPrefix>
</AssgnmntList>
<ObjMetaDataList/>
<MetaDataList/>
</TestCase>
<TestCase Comment="" Date="1430489012282" Name="tests.TestGameBoard:testSelectedButtonPressedClearPiecePressed">
<CovList>
<CovPrefix CovItemPrefix="game.AbstractPiece.java">
<Cov CovItemId="S1" Value="141"/>
<Cov CovItemId="S2" Value="141"/>
<Cov CovItemId="S3" Value="141"/>
<Cov CovItemId="S4" Value="1"/>
<Cov CovItemId="S5" Value="101"/>
<Cov CovItemId="S6" Value="103"/>
<Cov CovItemId="S7" Value="4"/>
<Cov CovItemId="S8" Value="1"/>
</CovPrefix>
<CovPrefix CovItemPrefix="game.ClearPiece.java">
<Cov CovItemId="B4" Value="99"/>
<Cov CovItemId="S1" Value="140"/>
<Cov CovItemId="S2" Value="140"/>
<Cov CovItemId="S5" Value="99"/>
<Cov CovItemId="S7" Value="99"/>
<Cov CovItemId="S8" Value="99"/>
</CovPrefix>
<CovPrefix CovItemPrefix="game.GameBoard.java">
<Cov CovItemId="B1" Value="1"/>
<Cov CovItemId="B4" Value="1"/>
<Cov CovItemId="B6" Value="1"/>
<Cov CovItemId="L5-2" Value="1"/>
<Cov CovItemId="L6-2" Value="10"/>
<Cov CovItemId="S100" Value="1"/>
<Cov CovItemId="S101" Value="1"/>
<Cov CovItemId="S102" Value="1"/>
<Cov CovItemId="S103" Value="1"/>
<Cov CovItemId="S104" Value="1"/>
<Cov CovItemId="S105" Value="1"/>
<Cov CovItemId="S106" Value="1"/>
<Cov CovItemId="S107" Value="1"/>
<Cov CovItemId="S108" Value="1"/>
<Cov CovItemId="S109" Value="1"/>
<Cov CovItemId="S110" Value="1"/>
<Cov CovItemId="S111" Value="1"/>
<Cov CovItemId="S112" Value="1"/>
<Cov CovItemId="S113" Value="1"/>
<Cov CovItemId="S114" Value="1"/>
<Cov CovItemId="S115" Value="1"/>
<Cov CovItemId="S18" Value="101"/>
<Cov CovItemId="S19" Value="101"/>
<Cov CovItemId="S2" Value="1"/>
<Cov CovItemId="S20" Value="101"/>
<Cov CovItemId="S21" Value="101"/>
<Cov CovItemId="S22" Value="101"/>
<Cov CovItemId="S23" Value="101"/>
<Cov CovItemId="S24" Value="101"/>
<Cov CovItemId="S25" Value="101"/>
<Cov CovItemId="S26" Value="101"/>
<Cov CovItemId="S27" Value="101"/>
<Cov CovItemId="S28" Value="1"/>
<Cov CovItemId="S29" Value="1"/>
<Cov CovItemId="S3" Value="1"/>
<Cov CovItemId="S31" Value="1"/>
<Cov CovItemId="S33" Value="1"/>
<Cov CovItemId="S34" Value="1"/>
<Cov CovItemId="S35" Value="10"/>
<Cov CovItemId="S36" Value="100"/>
<Cov CovItemId="S37" Value="1"/>
<Cov CovItemId="S38" Value="1"/>
<Cov CovItemId="S4" Value="1"/>
<Cov CovItemId="S5" Value="1"/>
<Cov CovItemId="S6" Value="1"/>
<Cov CovItemId="S7" Value="1"/>
<Cov CovItemId="S8" Value="1"/>
<Cov CovItemId="S98" Value="1"/>
<Cov CovItemId="S99" Value="1"/>
</CovPrefix>
<CovPrefix CovItemPrefix="game.PieceFactory.java">
<Cov CovItemId="S18" Value="1"/>
<Cov CovItemId="S19" Value="1"/>
<Cov CovItemId="S3" Value="140"/>
</CovPrefix>
<CovPrefix CovItemPrefix="game.Soldier.java">
<Cov CovItemId="B1" Value="1"/>
<Cov CovItemId="B2" Value="1"/>
<Cov CovItemId="S1" Value="1"/>
<Cov CovItemId="S10" Value="1"/>
<Cov CovItemId="S11" Value="1"/>
<Cov CovItemId="S12" Value="2"/>
<Cov CovItemId="S2" Value="1"/>
<Cov CovItemId="S3" Value="1"/>
<Cov CovItemId="S4" Value="1"/>
<Cov CovItemId="S5" Value="1"/>
<Cov CovItemId="S9" Value="2"/>
</CovPrefix>
</CovList>
<AssgnmntList>
<AssgnmntPrefix RootTermCovItemPrefix="game.ClearPiece.java">
<AssgnmntListEntry Length="1" RootTermCovItemId="C2">
<MapEntry BoolAssgnmnt="0" Value="99"/>
</AssgnmntListEntry>
</AssgnmntPrefix>
<AssgnmntPrefix RootTermCovItemPrefix="game.GameBoard.java">
<AssgnmntListEntry Length="1" RootTermCovItemId="C5">
<MapEntry BoolAssgnmnt="1" Value="1"/>
</AssgnmntListEntry>
<AssgnmntListEntry Length="1" RootTermCovItemId="C6">
<MapEntry BoolAssgnmnt="0" Value="1"/>
</AssgnmntListEntry>
<AssgnmntListEntry Length="1" RootTermCovItemId="C7">
<MapEntry BoolAssgnmnt="0" Value="1"/>
</AssgnmntListEntry>
</AssgnmntPrefix>
<AssgnmntPrefix RootTermCovItemPrefix="game.Soldier.java">
<AssgnmntListEntry Length="1" RootTermCovItemId="C1">
<MapEntry BoolAssgnmnt="0" Value="1"/>
<MapEntry BoolAssgnmnt="1" Value="1"/>
</AssgnmntListEntry>
</AssgnmntPrefix>
</AssgnmntList>
<ObjMetaDataList/>
<MetaDataList/>
</TestCase>
<TestCase Comment="" Date="1430489012299" Name="tests.TestGameBoard:testNonSelectedButtonPressedYourPiecePressedBottomRightCorner">
<CovList>
<CovPrefix CovItemPrefix="game.AbstractPiece.java">
<Cov CovItemId="S1" Value="141"/>
<Cov CovItemId="S2" Value="141"/>
<Cov CovItemId="S3" Value="141"/>
<Cov CovItemId="S4" Value="3"/>
<Cov CovItemId="S5" Value="101"/>
<Cov CovItemId="S6" Value="101"/>
<Cov CovItemId="S7" Value="2"/>
<Cov CovItemId="S8" Value="3"/>
<Cov CovItemId="S9" Value="1"/>
</CovPrefix>
<CovPrefix CovItemPrefix="game.ClearPiece.java">
<Cov CovItemId="B3" Value="2"/>
<Cov CovItemId="B4" Value="99"/>
<Cov CovItemId="S1" Value="140"/>
<Cov CovItemId="S10" Value="2"/>
<Cov CovItemId="S2" Value="140"/>
<Cov CovItemId="S5" Value="101"/>
<Cov CovItemId="S6" Value="2"/>
<Cov CovItemId="S7" Value="99"/>
<Cov CovItemId="S8" Value="101"/>
</CovPrefix>
<CovPrefix CovItemPrefix="game.GameBoard.java">
<Cov CovItemId="B10" Value="1"/>
<Cov CovItemId="B28" Value="1"/>
<Cov CovItemId="B31" Value="1"/>
<Cov CovItemId="B33" Value="1"/>
<Cov CovItemId="B35" Value="1"/>
<Cov CovItemId="B37" Value="1"/>
<Cov CovItemId="B40" Value="1"/>
<Cov CovItemId="B8" Value="1"/>
<Cov CovItemId="L7-2" Value="1"/>
<Cov CovItemId="L8-2" Value="10"/>
<Cov CovItemId="S18" Value="101"/>
<Cov CovItemId="S19" Value="101"/>
<Cov CovItemId="S2" Value="1"/>
<Cov CovItemId="S20" Value="101"/>
<Cov CovItemId="S21" Value="101"/>
<Cov CovItemId="S22" Value="101"/>
<Cov CovItemId="S23" Value="101"/>
<Cov CovItemId="S24" Value="101"/>
<Cov CovItemId="S25" Value="101"/>
<Cov CovItemId="S26" Value="101"/>
<Cov CovItemId="S27" Value="101"/>
<Cov CovItemId="S3" Value="1"/>
<Cov CovItemId="S39" Value="1"/>
<Cov CovItemId="S4" Value="1"/>
<Cov CovItemId="S40" Value="10"/>
<Cov CovItemId="S41" Value="100"/>
<Cov CovItemId="S42" Value="1"/>
<Cov CovItemId="S43" Value="1"/>
<Cov CovItemId="S45" Value="1"/>
<Cov CovItemId="S46" Value="1"/>
<Cov CovItemId="S47" Value="1"/>
<Cov CovItemId="S48" Value="1"/>
<Cov CovItemId="S49" Value="1"/>
<Cov CovItemId="S5" Value="1"/>
<Cov CovItemId="S6" Value="1"/>
<Cov CovItemId="S7" Value="1"/>
<Cov CovItemId="S8" Value="1"/>
<Cov CovItemId="S82" Value="1"/>
<Cov CovItemId="S86" Value="1"/>
<Cov CovItemId="S87" Value="1"/>
<Cov CovItemId="S88" Value="1"/>
<Cov CovItemId="S89" Value="1"/>
<Cov CovItemId="S90" Value="1"/>
<Cov CovItemId="S91" Value="1"/>
<Cov CovItemId="S92" Value="1"/>
<Cov CovItemId="S93" Value="1"/>
<Cov CovItemId="S94" Value="1"/>
</CovPrefix>
<CovPrefix CovItemPrefix="game.PieceFactory.java">
<Cov CovItemId="S22" Value="1"/>
<Cov CovItemId="S23" Value="1"/>
<Cov CovItemId="S3" Value="140"/>
</CovPrefix>
<CovPrefix CovItemPrefix="game.Soldier.java">
<Cov CovItemId="B1" Value="1"/>
<Cov CovItemId="B2" Value="1"/>
<Cov CovItemId="S1" Value="1"/>
<Cov CovItemId="S10" Value="1"/>
<Cov CovItemId="S11" Value="1"/>
<Cov CovItemId="S12" Value="2"/>
<Cov CovItemId="S2" Value="1"/>
<Cov CovItemId="S3" Value="1"/>
<Cov CovItemId="S4" Value="1"/>
<Cov CovItemId="S5" Value="1"/>
<Cov CovItemId="S9" Value="2"/>
</CovPrefix>
</CovList>
<AssgnmntList>
<AssgnmntPrefix RootTermCovItemPrefix="game.ClearPiece.java">
<AssgnmntListEntry Length="1" RootTermCovItemId="C2">
<MapEntry BoolAssgnmnt="0" Value="99"/>
<MapEntry BoolAssgnmnt="1" Value="2"/>
</AssgnmntListEntry>
</AssgnmntPrefix>
<AssgnmntPrefix RootTermCovItemPrefix="game.GameBoard.java">
<AssgnmntListEntry Length="1" RootTermCovItemId="C22">
<MapEntry BoolAssgnmnt="0" Value="1"/>
</AssgnmntListEntry>
<AssgnmntListEntry Length="1" RootTermCovItemId="C24">
<MapEntry BoolAssgnmnt="1" Value="1"/>
</AssgnmntListEntry>
<AssgnmntListEntry Length="1" RootTermCovItemId="C25">
<MapEntry BoolAssgnmnt="1" Value="1"/>
</AssgnmntListEntry>
<AssgnmntListEntry Length="1" RootTermCovItemId="C26">
<MapEntry BoolAssgnmnt="1" Value="1"/>
</AssgnmntListEntry>
<AssgnmntListEntry Length="1" RootTermCovItemId="C27">
<MapEntry BoolAssgnmnt="1" Value="1"/>
</AssgnmntListEntry>
<AssgnmntListEntry Length="1" RootTermCovItemId="C28">
<MapEntry BoolAssgnmnt="0" Value="1"/>
</AssgnmntListEntry>
<AssgnmntListEntry Length="1" RootTermCovItemId="C8">
<MapEntry BoolAssgnmnt="0" Value="1"/>
</AssgnmntListEntry>
<AssgnmntListEntry Length="1" RootTermCovItemId="C9">
<MapEntry BoolAssgnmnt="0" Value="1"/>
</AssgnmntListEntry>
</AssgnmntPrefix>
<AssgnmntPrefix RootTermCovItemPrefix="game.Soldier.java">
<AssgnmntListEntry Length="1" RootTermCovItemId="C1">
<MapEntry BoolAssgnmnt="0" Value="1"/>
<MapEntry BoolAssgnmnt="1" Value="1"/>
</AssgnmntListEntry>
</AssgnmntPrefix>
</AssgnmntList>
<ObjMetaDataList/>
<MetaDataList/>
</TestCase>
<TestCase Comment="" Date="1430489012316" Name="tests.TestGameBoard:testNonSelectedButtonPressedYourPiecePressedTopLeftCorner">
<CovList>
<CovPrefix CovItemPrefix="game.AbstractPiece.java">
<Cov CovItemId="S1" Value="141"/>
<Cov CovItemId="S2" Value="141"/>
<Cov CovItemId="S3" Value="141"/>
<Cov CovItemId="S4" Value="3"/>
<Cov CovItemId="S5" Value="101"/>
<Cov CovItemId="S6" Value="101"/>
<Cov CovItemId="S7" Value="2"/>
<Cov CovItemId="S8" Value="3"/>
<Cov CovItemId="S9" Value="1"/>
</CovPrefix>
<CovPrefix CovItemPrefix="game.ClearPiece.java">
<Cov CovItemId="B3" Value="2"/>
<Cov CovItemId="B4" Value="99"/>
<Cov CovItemId="S1" Value="140"/>
<Cov CovItemId="S10" Value="2"/>
<Cov CovItemId="S2" Value="140"/>
<Cov CovItemId="S5" Value="101"/>
<Cov CovItemId="S6" Value="2"/>
<Cov CovItemId="S7" Value="99"/>
<Cov CovItemId="S8" Value="101"/>
</CovPrefix>
<CovPrefix CovItemPrefix="game.GameBoard.java">
<Cov CovItemId="B10" Value="1"/>
<Cov CovItemId="B27" Value="1"/>
<Cov CovItemId="B29" Value="1"/>
<Cov CovItemId="B32" Value="1"/>
<Cov CovItemId="B36" Value="1"/>
<Cov CovItemId="B39" Value="1"/>
<Cov CovItemId="B41" Value="1"/>
<Cov CovItemId="B8" Value="1"/>
<Cov CovItemId="L7-2" Value="1"/>
<Cov CovItemId="L8-2" Value="10"/>
<Cov CovItemId="S18" Value="101"/>
<Cov CovItemId="S19" Value="101"/>
<Cov CovItemId="S2" Value="1"/>
<Cov CovItemId="S20" Value="101"/>
<Cov CovItemId="S21" Value="101"/>
<Cov CovItemId="S22" Value="101"/>
<Cov CovItemId="S23" Value="101"/>
<Cov CovItemId="S24" Value="101"/>
<Cov CovItemId="S25" Value="101"/>
<Cov CovItemId="S26" Value="101"/>
<Cov CovItemId="S27" Value="101"/>
<Cov CovItemId="S3" Value="1"/>
<Cov CovItemId="S39" Value="1"/>
<Cov CovItemId="S4" Value="1"/>
<Cov CovItemId="S40" Value="10"/>
<Cov CovItemId="S41" Value="100"/>
<Cov CovItemId="S42" Value="1"/>
<Cov CovItemId="S43" Value="1"/>
<Cov CovItemId="S45" Value="1"/>
<Cov CovItemId="S46" Value="1"/>
<Cov CovItemId="S47" Value="1"/>
<Cov CovItemId="S48" Value="1"/>
<Cov CovItemId="S49" Value="1"/>
<Cov CovItemId="S5" Value="1"/>
<Cov CovItemId="S6" Value="1"/>
<Cov CovItemId="S7" Value="1"/>
<Cov CovItemId="S8" Value="1"/>
<Cov CovItemId="S82" Value="1"/>
<Cov CovItemId="S83" Value="1"/>
<Cov CovItemId="S84" Value="1"/>
<Cov CovItemId="S85" Value="1"/>
<Cov CovItemId="S86" Value="1"/>
<Cov CovItemId="S90" Value="1"/>
<Cov CovItemId="S94" Value="1"/>
<Cov CovItemId="S95" Value="1"/>
<Cov CovItemId="S96" Value="1"/>
<Cov CovItemId="S97" Value="1"/>
</CovPrefix>
<CovPrefix CovItemPrefix="game.PieceFactory.java">
<Cov CovItemId="S22" Value="1"/>
<Cov CovItemId="S23" Value="1"/>
<Cov CovItemId="S3" Value="140"/>
</CovPrefix>
<CovPrefix CovItemPrefix="game.Soldier.java">
<Cov CovItemId="B1" Value="1"/>
<Cov CovItemId="B2" Value="1"/>
<Cov CovItemId="S1" Value="1"/>
<Cov CovItemId="S10" Value="1"/>
<Cov CovItemId="S11" Value="1"/>
<Cov CovItemId="S12" Value="2"/>
<Cov CovItemId="S2" Value="1"/>
<Cov CovItemId="S3" Value="1"/>
<Cov CovItemId="S4" Value="1"/>
<Cov CovItemId="S5" Value="1"/>
<Cov CovItemId="S9" Value="2"/>
</CovPrefix>
</CovList>
<AssgnmntList>
<AssgnmntPrefix RootTermCovItemPrefix="game.ClearPiece.java">
<AssgnmntListEntry Length="1" RootTermCovItemId="C2">
<MapEntry BoolAssgnmnt="0" Value="99"/>
<MapEntry BoolAssgnmnt="1" Value="2"/>
</AssgnmntListEntry>
</AssgnmntPrefix>
<AssgnmntPrefix RootTermCovItemPrefix="game.GameBoard.java">
<AssgnmntListEntry Length="1" RootTermCovItemId="C22">
<MapEntry BoolAssgnmnt="1" Value="1"/>
</AssgnmntListEntry>
<AssgnmntListEntry Length="1" RootTermCovItemId="C23">
<MapEntry BoolAssgnmnt="1" Value="1"/>
</AssgnmntListEntry>
<AssgnmntListEntry Length="1" RootTermCovItemId="C24">
<MapEntry BoolAssgnmnt="0" Value="1"/>
</AssgnmntListEntry>
<AssgnmntListEntry Length="1" RootTermCovItemId="C26">
<MapEntry BoolAssgnmnt="0" Value="1"/>
</AssgnmntListEntry>
<AssgnmntListEntry Length="1" RootTermCovItemId="C28">
<MapEntry BoolAssgnmnt="1" Value="1"/>
</AssgnmntListEntry>
<AssgnmntListEntry Length="1" RootTermCovItemId="C29">
<MapEntry BoolAssgnmnt="1" Value="1"/>
</AssgnmntListEntry>
<AssgnmntListEntry Length="1" RootTermCovItemId="C8">
<MapEntry BoolAssgnmnt="0" Value="1"/>
</AssgnmntListEntry>
<AssgnmntListEntry Length="1" RootTermCovItemId="C9">
<MapEntry BoolAssgnmnt="0" Value="1"/>
</AssgnmntListEntry>
</AssgnmntPrefix>
<AssgnmntPrefix RootTermCovItemPrefix="game.Soldier.java">
<AssgnmntListEntry Length="1" RootTermCovItemId="C1">
<MapEntry BoolAssgnmnt="0" Value="1"/>
<MapEntry BoolAssgnmnt="1" Value="1"/>
</AssgnmntListEntry>
</AssgnmntPrefix>
</AssgnmntList>
<ObjMetaDataList/>
<MetaDataList/>
</TestCase>
<TestCase Comment="" Date="1430489012332" Name="tests.TestGameBoard:testNonSelectedButtonPressedYourPiecePressedNonEdgeSurroundedByFriends">
<CovList>
<CovPrefix CovItemPrefix="game.AbstractPiece.java">
<Cov CovItemId="S1" Value="145"/>
<Cov CovItemId="S2" Value="145"/>
<Cov CovItemId="S3" Value="145"/>
<Cov CovItemId="S4" Value="5"/>
<Cov CovItemId="S5" Value="105"/>
<Cov CovItemId="S6" Value="105"/>
<Cov CovItemId="S7" Value="10"/>
<Cov CovItemId="S8" Value="39"/>
<Cov CovItemId="S9" Value="5"/>
</CovPrefix>
<CovPrefix CovItemPrefix="game.ClearPiece.java">
<Cov CovItemId="B3" Value="6"/>
<Cov CovItemId="B4" Value="481"/>
<Cov CovItemId="S1" Value="140"/>
<Cov CovItemId="S10" Value="6"/>
<Cov CovItemId="S2" Value="140"/>
<Cov CovItemId="S5" Value="487"/>
<Cov CovItemId="S6" Value="6"/>
<Cov CovItemId="S7" Value="481"/>
<Cov CovItemId="S8" Value="487"/>
</CovPrefix>
<CovPrefix CovItemPrefix="game.GameBoard.java">
<Cov CovItemId="B10" Value="5"/>
<Cov CovItemId="B27" Value="5"/>
<Cov CovItemId="B29" Value="3"/>
<Cov CovItemId="B30" Value="2"/>
<Cov CovItemId="B31" Value="5"/>
<Cov CovItemId="B33" Value="2"/>
<Cov CovItemId="B34" Value="3"/>
<Cov CovItemId="B35" Value="5"/>
<Cov CovItemId="B38" Value="5"/>
<Cov CovItemId="B39" Value="5"/>
<Cov CovItemId="B41" Value="1"/>
<Cov CovItemId="B42" Value="4"/>
<Cov CovItemId="B8" Value="5"/>
<Cov CovItemId="L7-2" Value="5"/>
<Cov CovItemId="L8-2" Value="50"/>
<Cov CovItemId="S18" Value="105"/>
<Cov CovItemId="S19" Value="105"/>
<Cov CovItemId="S2" Value="1"/>
<Cov CovItemId="S20" Value="105"/>
<Cov CovItemId="S21" Value="105"/>
<Cov CovItemId="S22" Value="105"/>
<Cov CovItemId="S23" Value="105"/>
<Cov CovItemId="S24" Value="105"/>
<Cov CovItemId="S25" Value="105"/>
<Cov CovItemId="S26" Value="105"/>
<Cov CovItemId="S27" Value="105"/>
<Cov CovItemId="S3" Value="1"/>
<Cov CovItemId="S39" Value="5"/>
<Cov CovItemId="S4" Value="1"/>
<Cov CovItemId="S40" Value="50"/>
<Cov CovItemId="S41" Value="500"/>
<Cov CovItemId="S42" Value="5"/>
<Cov CovItemId="S43" Value="5"/>
<Cov CovItemId="S45" Value="5"/>
<Cov CovItemId="S46" Value="5"/>
<Cov CovItemId="S47" Value="5"/>
<Cov CovItemId="S48" Value="5"/>
<Cov CovItemId="S49" Value="5"/>
<Cov CovItemId="S5" Value="1"/>
<Cov CovItemId="S6" Value="1"/>
<Cov CovItemId="S7" Value="1"/>
<Cov CovItemId="S8" Value="1"/>
<Cov CovItemId="S82" Value="5"/>
<Cov CovItemId="S83" Value="5"/>
<Cov CovItemId="S84" Value="5"/>
<Cov CovItemId="S85" Value="3"/>
<Cov CovItemId="S86" Value="5"/>
<Cov CovItemId="S87" Value="5"/>
<Cov CovItemId="S88" Value="5"/>
<Cov CovItemId="S89" Value="2"/>
<Cov CovItemId="S90" Value="5"/>
<Cov CovItemId="S91" Value="5"/>
<Cov CovItemId="S92" Value="5"/>
<Cov CovItemId="S94" Value="5"/>
<Cov CovItemId="S95" Value="5"/>
<Cov CovItemId="S96" Value="5"/>
<Cov CovItemId="S97" Value="1"/>
</CovPrefix>
<CovPrefix CovItemPrefix="game.PieceFactory.java">
<Cov CovItemId="S22" Value="5"/>
<Cov CovItemId="S23" Value="5"/>
<Cov CovItemId="S3" Value="140"/>
</CovPrefix>
<CovPrefix CovItemPrefix="game.Soldier.java">
<Cov CovItemId="B1" Value="5"/>
<Cov CovItemId="B2" Value="19"/>
<Cov CovItemId="S1" Value="5"/>
<Cov CovItemId="S10" Value="5"/>
<Cov CovItemId="S11" Value="19"/>
<Cov CovItemId="S12" Value="24"/>
<Cov CovItemId="S2" Value="5"/>
<Cov CovItemId="S3" Value="5"/>
<Cov CovItemId="S4" Value="5"/>
<Cov CovItemId="S5" Value="5"/>
<Cov CovItemId="S9" Value="24"/>
</CovPrefix>
</CovList>
<AssgnmntList>
<AssgnmntPrefix RootTermCovItemPrefix="game.ClearPiece.java">
<AssgnmntListEntry Length="1" RootTermCovItemId="C2">
<MapEntry BoolAssgnmnt="0" Value="481"/>
<MapEntry BoolAssgnmnt="1" Value="6"/>
</AssgnmntListEntry>
</AssgnmntPrefix>
<AssgnmntPrefix RootTermCovItemPrefix="game.GameBoard.java">
<AssgnmntListEntry Length="1" RootTermCovItemId="C22">
<MapEntry BoolAssgnmnt="1" Value="5"/>
</AssgnmntListEntry>
<AssgnmntListEntry Length="1" RootTermCovItemId="C23">
<MapEntry BoolAssgnmnt="0" Value="2"/>
<MapEntry BoolAssgnmnt="1" Value="3"/>
</AssgnmntListEntry>
<AssgnmntListEntry Length="1" RootTermCovItemId="C24">
<MapEntry BoolAssgnmnt="1" Value="5"/>
</AssgnmntListEntry>
<AssgnmntListEntry Length="1" RootTermCovItemId="C25">
<MapEntry BoolAssgnmnt="0" Value="3"/>
<MapEntry BoolAssgnmnt="1" Value="2"/>
</AssgnmntListEntry>
<AssgnmntListEntry Length="1" RootTermCovItemId="C26">
<MapEntry BoolAssgnmnt="1" Value="5"/>
</AssgnmntListEntry>
<AssgnmntListEntry Length="1" RootTermCovItemId="C27">
<MapEntry BoolAssgnmnt="0" Value="5"/>
</AssgnmntListEntry>
<AssgnmntListEntry Length="1" RootTermCovItemId="C28">
<MapEntry BoolAssgnmnt="1" Value="5"/>
</AssgnmntListEntry>
<AssgnmntListEntry Length="1" RootTermCovItemId="C29">
<MapEntry BoolAssgnmnt="0" Value="4"/>
<MapEntry BoolAssgnmnt="1" Value="1"/>
</AssgnmntListEntry>
<AssgnmntListEntry Length="1" RootTermCovItemId="C8">
<MapEntry BoolAssgnmnt="0" Value="5"/>
</AssgnmntListEntry>
<AssgnmntListEntry Length="1" RootTermCovItemId="C9">
<MapEntry BoolAssgnmnt="0" Value="5"/>
</AssgnmntListEntry>
</AssgnmntPrefix>
<AssgnmntPrefix RootTermCovItemPrefix="game.Soldier.java">
<AssgnmntListEntry Length="1" RootTermCovItemId="C1">
<MapEntry BoolAssgnmnt="0" Value="19"/>
<MapEntry BoolAssgnmnt="1" Value="5"/>
</AssgnmntListEntry>
</AssgnmntPrefix>
</AssgnmntList>
<ObjMetaDataList/>
<MetaDataList/>
</TestCase>
<TestCase Comment="" Date="1430489012348" Name="tests.TestGameBoard:testSelectedButtonPressedSameSelectedPiecePressed">
<CovList>
<CovPrefix CovItemPrefix="game.AbstractPiece.java">
<Cov CovItemId="S1" Value="141"/>
<Cov CovItemId="S2" Value="141"/>
<Cov CovItemId="S3" Value="141"/>
<Cov CovItemId="S4" Value="1"/>
<Cov CovItemId="S5" Value="101"/>
<Cov CovItemId="S6" Value="101"/>
</CovPrefix>
<CovPrefix CovItemPrefix="game.ClearPiece.java">
<Cov CovItemId="B4" Value="99"/>
<Cov CovItemId="S1" Value="140"/>
<Cov CovItemId="S2" Value="140"/>
<Cov CovItemId="S5" Value="99"/>
<Cov CovItemId="S7" Value="99"/>
<Cov CovItemId="S8" Value="99"/>
</CovPrefix>
<CovPrefix CovItemPrefix="game.GameBoard.java">
<Cov CovItemId="B1" Value="1"/>
<Cov CovItemId="B3" Value="1"/>
<Cov CovItemId="L5-2" Value="1"/>
<Cov CovItemId="L6-2" Value="10"/>
<Cov CovItemId="S18" Value="101"/>
<Cov CovItemId="S19" Value="101"/>
<Cov CovItemId="S2" Value="1"/>
<Cov CovItemId="S20" Value="101"/>
<Cov CovItemId="S21" Value="101"/>
<Cov CovItemId="S22" Value="101"/>
<Cov CovItemId="S23" Value="101"/>
<Cov CovItemId="S24" Value="101"/>
<Cov CovItemId="S25" Value="101"/>
<Cov CovItemId="S26" Value="101"/>
<Cov CovItemId="S27" Value="101"/>
<Cov CovItemId="S28" Value="1"/>
<Cov CovItemId="S29" Value="1"/>
<Cov CovItemId="S3" Value="1"/>
<Cov CovItemId="S30" Value="1"/>
<Cov CovItemId="S34" Value="1"/>
<Cov CovItemId="S35" Value="10"/>
<Cov CovItemId="S36" Value="100"/>
<Cov CovItemId="S37" Value="1"/>
<Cov CovItemId="S4" Value="1"/>
<Cov CovItemId="S5" Value="1"/>
<Cov CovItemId="S6" Value="1"/>
<Cov CovItemId="S7" Value="1"/>
<Cov CovItemId="S8" Value="1"/>
</CovPrefix>
<CovPrefix CovItemPrefix="game.PieceFactory.java">
<Cov CovItemId="S18" Value="1"/>
<Cov CovItemId="S19" Value="1"/>
<Cov CovItemId="S3" Value="140"/>
</CovPrefix>
<CovPrefix CovItemPrefix="game.Soldier.java">
<Cov CovItemId="B1" Value="1"/>
<Cov CovItemId="B2" Value="2"/>
<Cov CovItemId="S1" Value="1"/>
<Cov CovItemId="S10" Value="1"/>
<Cov CovItemId="S11" Value="2"/>
<Cov CovItemId="S12" Value="3"/>
<Cov CovItemId="S2" Value="1"/>
<Cov CovItemId="S3" Value="1"/>
<Cov CovItemId="S4" Value="1"/>
<Cov CovItemId="S5" Value="1"/>
<Cov CovItemId="S9" Value="3"/>
</CovPrefix>
</CovList>
<AssgnmntList>
<AssgnmntPrefix RootTermCovItemPrefix="game.ClearPiece.java">
<AssgnmntListEntry Length="1" RootTermCovItemId="C2">
<MapEntry BoolAssgnmnt="0" Value="99"/>
</AssgnmntListEntry>
</AssgnmntPrefix>
<AssgnmntPrefix RootTermCovItemPrefix="game.GameBoard.java">
<AssgnmntListEntry Length="1" RootTermCovItemId="C5">
<MapEntry BoolAssgnmnt="1" Value="1"/>
</AssgnmntListEntry>
<AssgnmntListEntry Length="1" RootTermCovItemId="C6">
<MapEntry BoolAssgnmnt="1" Value="1"/>
</AssgnmntListEntry>
</AssgnmntPrefix>
<AssgnmntPrefix RootTermCovItemPrefix="game.Soldier.java">
<AssgnmntListEntry Length="1" RootTermCovItemId="C1">
<MapEntry BoolAssgnmnt="0" Value="2"/>
<MapEntry BoolAssgnmnt="1" Value="1"/>
</AssgnmntListEntry>
</AssgnmntPrefix>
</AssgnmntList>
<ObjMetaDataList/>
<MetaDataList/>
</TestCase>
<TestCase Comment="" Date="1430489012360" Name="tests.TestGameBoard:testNonSelectedButtonPressedYourPiecePressedNonEdge">
<CovList>
<CovPrefix CovItemPrefix="game.AbstractPiece.java">
<Cov CovItemId="S1" Value="141"/>
<Cov CovItemId="S2" Value="141"/>
<Cov CovItemId="S3" Value="141"/>
<Cov CovItemId="S4" Value="5"/>
<Cov CovItemId="S5" Value="101"/>
<Cov CovItemId="S6" Value="101"/>
<Cov CovItemId="S7" Value="2"/>
<Cov CovItemId="S8" Value="5"/>
<Cov CovItemId="S9" Value="1"/>
</CovPrefix>
<CovPrefix CovItemPrefix="game.ClearPiece.java">
<Cov CovItemId="B3" Value="4"/>
<Cov CovItemId="B4" Value="99"/>
<Cov CovItemId="S1" Value="140"/>
<Cov CovItemId="S10" Value="4"/>
<Cov CovItemId="S2" Value="140"/>
<Cov CovItemId="S5" Value="103"/>
<Cov CovItemId="S6" Value="4"/>
<Cov CovItemId="S7" Value="99"/>
<Cov CovItemId="S8" Value="103"/>
</CovPrefix>
<CovPrefix CovItemPrefix="game.GameBoard.java">
<Cov CovItemId="B10" Value="1"/>
<Cov CovItemId="B27" Value="1"/>
<Cov CovItemId="B29" Value="1"/>
<Cov CovItemId="B31" Value="1"/>
<Cov CovItemId="B33" Value="1"/>
<Cov CovItemId="B35" Value="1"/>
<Cov CovItemId="B37" Value="1"/>
<Cov CovItemId="B39" Value="1"/>
<Cov CovItemId="B41" Value="1"/>
<Cov CovItemId="B8" Value="1"/>
<Cov CovItemId="L7-2" Value="1"/>
<Cov CovItemId="L8-2" Value="10"/>
<Cov CovItemId="S18" Value="101"/>
<Cov CovItemId="S19" Value="101"/>
<Cov CovItemId="S2" Value="1"/>
<Cov CovItemId="S20" Value="101"/>
<Cov CovItemId="S21" Value="101"/>
<Cov CovItemId="S22" Value="101"/>
<Cov CovItemId="S23" Value="101"/>
<Cov CovItemId="S24" Value="101"/>
<Cov CovItemId="S25" Value="101"/>
<Cov CovItemId="S26" Value="101"/>
<Cov CovItemId="S27" Value="101"/>
<Cov CovItemId="S3" Value="1"/>
<Cov CovItemId="S39" Value="1"/>
<Cov CovItemId="S4" Value="1"/>
<Cov CovItemId="S40" Value="10"/>
<Cov CovItemId="S41" Value="100"/>
<Cov CovItemId="S42" Value="1"/>
<Cov CovItemId="S43" Value="1"/>
<Cov CovItemId="S45" Value="1"/>
<Cov CovItemId="S46" Value="1"/>
<Cov CovItemId="S47" Value="1"/>
<Cov CovItemId="S48" Value="1"/>
<Cov CovItemId="S49" Value="1"/>
<Cov CovItemId="S5" Value="1"/>
<Cov CovItemId="S6" Value="1"/>
<Cov CovItemId="S7" Value="1"/>
<Cov CovItemId="S8" Value="1"/>
<Cov CovItemId="S82" Value="1"/>
<Cov CovItemId="S83" Value="1"/>
<Cov CovItemId="S84" Value="1"/>
<Cov CovItemId="S85" Value="1"/>
<Cov CovItemId="S86" Value="1"/>
<Cov CovItemId="S87" Value="1"/>
<Cov CovItemId="S88" Value="1"/>
<Cov CovItemId="S89" Value="1"/>
<Cov CovItemId="S90" Value="1"/>
<Cov CovItemId="S91" Value="1"/>
<Cov CovItemId="S92" Value="1"/>
<Cov CovItemId="S93" Value="1"/>
<Cov CovItemId="S94" Value="1"/>
<Cov CovItemId="S95" Value="1"/>
<Cov CovItemId="S96" Value="1"/>
<Cov CovItemId="S97" Value="1"/>
</CovPrefix>
<CovPrefix CovItemPrefix="game.PieceFactory.java">
<Cov CovItemId="S22" Value="1"/>
<Cov CovItemId="S23" Value="1"/>
<Cov CovItemId="S3" Value="140"/>
</CovPrefix>
<CovPrefix CovItemPrefix="game.Soldier.java">
<Cov CovItemId="B1" Value="1"/>
<Cov CovItemId="B2" Value="1"/>
<Cov CovItemId="S1" Value="1"/>
<Cov CovItemId="S10" Value="1"/>
<Cov CovItemId="S11" Value="1"/>
<Cov CovItemId="S12" Value="2"/>
<Cov CovItemId="S2" Value="1"/>
<Cov CovItemId="S3" Value="1"/>
<Cov CovItemId="S4" Value="1"/>
<Cov CovItemId="S5" Value="1"/>
<Cov CovItemId="S9" Value="2"/>
</CovPrefix>
</CovList>
<AssgnmntList>
<AssgnmntPrefix RootTermCovItemPrefix="game.ClearPiece.java">
<AssgnmntListEntry Length="1" RootTermCovItemId="C2">
<MapEntry BoolAssgnmnt="0" Value="99"/>
<MapEntry BoolAssgnmnt="1" Value="4"/>
</AssgnmntListEntry>
</AssgnmntPrefix>
<AssgnmntPrefix RootTermCovItemPrefix="game.GameBoard.java">
<AssgnmntListEntry Length="1" RootTermCovItemId="C22">
<MapEntry BoolAssgnmnt="1" Value="1"/>
</AssgnmntListEntry>
<AssgnmntListEntry Length="1" RootTermCovItemId="C23">
<MapEntry BoolAssgnmnt="1" Value="1"/>
</AssgnmntListEntry>
<AssgnmntListEntry Length="1" RootTermCovItemId="C24">
<MapEntry BoolAssgnmnt="1" Value="1"/>
</AssgnmntListEntry>
<AssgnmntListEntry Length="1" RootTermCovItemId="C25">
<MapEntry BoolAssgnmnt="1" Value="1"/>
</AssgnmntListEntry>
<AssgnmntListEntry Length="1" RootTermCovItemId="C26">
<MapEntry BoolAssgnmnt="1" Value="1"/>
</AssgnmntListEntry>
<AssgnmntListEntry Length="1" RootTermCovItemId="C27">
<MapEntry BoolAssgnmnt="1" Value="1"/>
</AssgnmntListEntry>
<AssgnmntListEntry Length="1" RootTermCovItemId="C28">
<MapEntry BoolAssgnmnt="1" Value="1"/>
</AssgnmntListEntry>
<AssgnmntListEntry Length="1" RootTermCovItemId="C29">
<MapEntry BoolAssgnmnt="1" Value="1"/>
</AssgnmntListEntry>
<AssgnmntListEntry Length="1" RootTermCovItemId="C8">
<MapEntry BoolAssgnmnt="0" Value="1"/>
</AssgnmntListEntry>
<AssgnmntListEntry Length="1" RootTermCovItemId="C9">
<MapEntry BoolAssgnmnt="0" Value="1"/>
</AssgnmntListEntry>
</AssgnmntPrefix>
<AssgnmntPrefix RootTermCovItemPrefix="game.Soldier.java">
<AssgnmntListEntry Length="1" RootTermCovItemId="C1">
<MapEntry BoolAssgnmnt="0" Value="1"/>
<MapEntry BoolAssgnmnt="1" Value="1"/>
</AssgnmntListEntry>
</AssgnmntPrefix>
</AssgnmntList>
<ObjMetaDataList/>
<MetaDataList/>
</TestCase>
<TestCase Comment="" Date="1430489012374" Name="tests.TestGameBoard:testNonSelectedButtonPressedClearPiecePressed">
<CovList>
<CovPrefix CovItemPrefix="game.AbstractPiece.java">
<Cov CovItemId="S1" Value="141"/>
<Cov CovItemId="S2" Value="141"/>
<Cov CovItemId="S3" Value="141"/>
<Cov CovItemId="S4" Value="1"/>
<Cov CovItemId="S5" Value="101"/>
<Cov CovItemId="S6" Value="101"/>
</CovPrefix>
<CovPrefix CovItemPrefix="game.ClearPiece.java">
<Cov CovItemId="B4" Value="100"/>
<Cov CovItemId="S1" Value="141"/>
<Cov CovItemId="S10" Value="1"/>
<Cov CovItemId="S2" Value="141"/>
<Cov CovItemId="S5" Value="100"/>
<Cov CovItemId="S7" Value="100"/>
<Cov CovItemId="S8" Value="100"/>
</CovPrefix>
<CovPrefix CovItemPrefix="game.GameBoard.java">
<Cov CovItemId="B7" Value="1"/>
<Cov CovItemId="L7-2" Value="1"/>
<Cov CovItemId="L8-2" Value="10"/>
<Cov CovItemId="S18" Value="101"/>
<Cov CovItemId="S19" Value="101"/>
<Cov CovItemId="S2" Value="1"/>
<Cov CovItemId="S20" Value="101"/>
<Cov CovItemId="S21" Value="101"/>
<Cov CovItemId="S22" Value="101"/>
<Cov CovItemId="S23" Value="101"/>
<Cov CovItemId="S24" Value="101"/>
<Cov CovItemId="S25" Value="101"/>
<Cov CovItemId="S26" Value="101"/>
<Cov CovItemId="S27" Value="101"/>
<Cov CovItemId="S3" Value="1"/>
<Cov CovItemId="S39" Value="1"/>
<Cov CovItemId="S4" Value="1"/>
<Cov CovItemId="S40" Value="10"/>
<Cov CovItemId="S41" Value="100"/>
<Cov CovItemId="S42" Value="1"/>
<Cov CovItemId="S43" Value="1"/>
<Cov CovItemId="S44" Value="1"/>
<Cov CovItemId="S5" Value="1"/>
<Cov CovItemId="S6" Value="1"/>
<Cov CovItemId="S7" Value="1"/>
<Cov CovItemId="S8" Value="1"/>
</CovPrefix>
<CovPrefix CovItemPrefix="game.PieceFactory.java">
<Cov CovItemId="S3" Value="141"/>
</CovPrefix>
</CovList>
<AssgnmntList>
<AssgnmntPrefix RootTermCovItemPrefix="game.ClearPiece.java">
<AssgnmntListEntry Length="1" RootTermCovItemId="C2">
<MapEntry BoolAssgnmnt="0" Value="100"/>
</AssgnmntListEntry>
</AssgnmntPrefix>
<AssgnmntPrefix RootTermCovItemPrefix="game.GameBoard.java">
<AssgnmntListEntry Length="1" RootTermCovItemId="C8">
<MapEntry BoolAssgnmnt="1" Value="1"/>
</AssgnmntListEntry>
</AssgnmntPrefix>
</AssgnmntList>
<ObjMetaDataList/>
<MetaDataList/>
</TestCase>
<TestCase Comment="" Date="1430489012386" Name="tests.TestGameBoard:testScoutCannotMovePastOccupiedSpaces">
<CovList>
<CovPrefix CovItemPrefix="game.AbstractPiece.java">
<Cov CovItemId="S1" Value="143"/>
<Cov CovItemId="S2" Value="143"/>
<Cov CovItemId="S3" Value="143"/>
<Cov CovItemId="S4" Value="2"/>
<Cov CovItemId="S5" Value="103"/>
<Cov CovItemId="S6" Value="103"/>
<Cov CovItemId="S7" Value="2"/>
<Cov CovItemId="S8" Value="5"/>
<Cov CovItemId="S9" Value="3"/>
</CovPrefix>
<CovPrefix CovItemPrefix="game.ClearPiece.java">
<Cov CovItemId="B3" Value="8"/>
<Cov CovItemId="B4" Value="97"/>
<Cov CovItemId="S1" Value="140"/>
<Cov CovItemId="S2" Value="140"/>
<Cov CovItemId="S5" Value="105"/>
<Cov CovItemId="S6" Value="8"/>
<Cov CovItemId="S7" Value="97"/>
<Cov CovItemId="S8" Value="105"/>
</CovPrefix>
<CovPrefix CovItemPrefix="game.GameBoard.java">
<Cov CovItemId="B15" Value="4"/>
<Cov CovItemId="B16" Value="1"/>
<Cov CovItemId="B17" Value="1"/>
<Cov CovItemId="B23" Value="4"/>
<Cov CovItemId="B24" Value="1"/>
<Cov CovItemId="B25" Value="1"/>
<Cov CovItemId="B8" Value="1"/>
<Cov CovItemId="B9" Value="1"/>
<Cov CovItemId="L10-2" Value="1"/>
<Cov CovItemId="L11-0" Value="1"/>
<Cov CovItemId="L12-2" Value="1"/>
<Cov CovItemId="L7-2" Value="1"/>
<Cov CovItemId="L8-2" Value="10"/>
<Cov CovItemId="L9-0" Value="1"/>
<Cov CovItemId="S18" Value="103"/>
<Cov CovItemId="S19" Value="103"/>
<Cov CovItemId="S2" Value="1"/>
<Cov CovItemId="S20" Value="103"/>
<Cov CovItemId="S21" Value="103"/>
<Cov CovItemId="S22" Value="103"/>
<Cov CovItemId="S23" Value="103"/>
<Cov CovItemId="S24" Value="103"/>
<Cov CovItemId="S25" Value="103"/>
<Cov CovItemId="S26" Value="103"/>
<Cov CovItemId="S27" Value="103"/>
<Cov CovItemId="S3" Value="1"/>
<Cov CovItemId="S39" Value="1"/>
<Cov CovItemId="S4" Value="1"/>
<Cov CovItemId="S40" Value="10"/>
<Cov CovItemId="S41" Value="100"/>
<Cov CovItemId="S42" Value="1"/>
<Cov CovItemId="S43" Value="1"/>
<Cov CovItemId="S45" Value="1"/>
<Cov CovItemId="S46" Value="1"/>
<Cov CovItemId="S47" Value="1"/>
<Cov CovItemId="S48" Value="1"/>
<Cov CovItemId="S49" Value="1"/>
<Cov CovItemId="S5" Value="1"/>
<Cov CovItemId="S50" Value="1"/>
<Cov CovItemId="S58" Value="1"/>
<Cov CovItemId="S59" Value="5"/>
<Cov CovItemId="S6" Value="1"/>
<Cov CovItemId="S60" Value="5"/>
<Cov CovItemId="S61" Value="4"/>
<Cov CovItemId="S62" Value="1"/>
<Cov CovItemId="S63" Value="1"/>
<Cov CovItemId="S64" Value="1"/>
<Cov CovItemId="S66" Value="1"/>
<Cov CovItemId="S7" Value="1"/>
<Cov CovItemId="S74" Value="1"/>
<Cov CovItemId="S75" Value="5"/>
<Cov CovItemId="S76" Value="5"/>
<Cov CovItemId="S77" Value="4"/>
<Cov CovItemId="S78" Value="1"/>
<Cov CovItemId="S79" Value="1"/>
<Cov CovItemId="S8" Value="1"/>
<Cov CovItemId="S80" Value="1"/>
</CovPrefix>
<CovPrefix CovItemPrefix="game.PieceFactory.java">
<Cov CovItemId="S24" Value="3"/>
<Cov CovItemId="S25" Value="3"/>
<Cov CovItemId="S3" Value="140"/>
</CovPrefix>
<CovPrefix CovItemPrefix="game.Soldier.java">
<Cov CovItemId="B1" Value="3"/>
<Cov CovItemId="B2" Value="3"/>
<Cov CovItemId="S1" Value="3"/>
<Cov CovItemId="S10" Value="3"/>
<Cov CovItemId="S11" Value="3"/>
<Cov CovItemId="S12" Value="6"/>
<Cov CovItemId="S2" Value="3"/>
<Cov CovItemId="S3" Value="3"/>
<Cov CovItemId="S4" Value="3"/>
<Cov CovItemId="S5" Value="3"/>
<Cov CovItemId="S9" Value="6"/>
</CovPrefix>
</CovList>
<AssgnmntList>
<AssgnmntPrefix RootTermCovItemPrefix="game.ClearPiece.java">
<AssgnmntListEntry Length="1" RootTermCovItemId="C2">
<MapEntry BoolAssgnmnt="0" Value="97"/>
<MapEntry BoolAssgnmnt="1" Value="8"/>
</AssgnmntListEntry>
</AssgnmntPrefix>
<AssgnmntPrefix RootTermCovItemPrefix="game.GameBoard.java">
<AssgnmntListEntry Length="1" RootTermCovItemId="C10">
<MapEntry BoolAssgnmnt="0" Value="1"/>
</AssgnmntListEntry>
<AssgnmntListEntry Length="1" RootTermCovItemId="C13">
<MapEntry BoolAssgnmnt="1" Value="5"/>
</AssgnmntListEntry>
<AssgnmntListEntry Length="1" RootTermCovItemId="C14">
<MapEntry BoolAssgnmnt="0" Value="1"/>
<MapEntry BoolAssgnmnt="1" Value="4"/>
</AssgnmntListEntry>
<AssgnmntListEntry Length="1" RootTermCovItemId="C15">
<MapEntry BoolAssgnmnt="1" Value="1"/>
</AssgnmntListEntry>
<AssgnmntListEntry Length="1" RootTermCovItemId="C16">
<MapEntry BoolAssgnmnt="0" Value="1"/>
</AssgnmntListEntry>
<AssgnmntListEntry Length="1" RootTermCovItemId="C19">
<MapEntry BoolAssgnmnt="1" Value="5"/>
</AssgnmntListEntry>
<AssgnmntListEntry Length="1" RootTermCovItemId="C20">
<MapEntry BoolAssgnmnt="0" Value="1"/>
<MapEntry BoolAssgnmnt="1" Value="4"/>
</AssgnmntListEntry>
<AssgnmntListEntry Length="1" RootTermCovItemId="C21">
<MapEntry BoolAssgnmnt="1" Value="1"/>
</AssgnmntListEntry>
<AssgnmntListEntry Length="1" RootTermCovItemId="C8">
<MapEntry BoolAssgnmnt="0" Value="1"/>
</AssgnmntListEntry>
<AssgnmntListEntry Length="1" RootTermCovItemId="C9">
<MapEntry BoolAssgnmnt="1" Value="1"/>
</AssgnmntListEntry>
</AssgnmntPrefix>
<AssgnmntPrefix RootTermCovItemPrefix="game.Soldier.java">
<AssgnmntListEntry Length="1" RootTermCovItemId="C1">
<MapEntry BoolAssgnmnt="0" Value="3"/>
<MapEntry BoolAssgnmnt="1" Value="3"/>
</AssgnmntListEntry>
</AssgnmntPrefix>
</AssgnmntList>
<ObjMetaDataList/>
<MetaDataList/>
</TestCase>
<TestCase Comment="" Date="1430489012399" Name="tests.TestGameBoard:testAddPieceMethod">
<CovList>
<CovPrefix CovItemPrefix="game.AbstractPiece.java">
<Cov CovItemId="S1" Value="141"/>
<Cov CovItemId="S2" Value="141"/>
<Cov CovItemId="S3" Value="141"/>
<Cov CovItemId="S5" Value="101"/>
<Cov CovItemId="S6" Value="101"/>
</CovPrefix>
<CovPrefix CovItemPrefix="game.Bomb.java">
<Cov CovItemId="S1" Value="1"/>
<Cov CovItemId="S2" Value="1"/>
<Cov CovItemId="S3" Value="1"/>
<Cov CovItemId="S4" Value="1"/>
<Cov CovItemId="S5" Value="1"/>
</CovPrefix>
<CovPrefix CovItemPrefix="game.ClearPiece.java">
<Cov CovItemId="S1" Value="140"/>
<Cov CovItemId="S2" Value="140"/>
</CovPrefix>
<CovPrefix CovItemPrefix="game.GameBoard.java">
<Cov CovItemId="S18" Value="101"/>
<Cov CovItemId="S19" Value="101"/>
<Cov CovItemId="S2" Value="1"/>
<Cov CovItemId="S20" Value="101"/>
<Cov CovItemId="S21" Value="101"/>
<Cov CovItemId="S22" Value="101"/>
<Cov CovItemId="S23" Value="101"/>
<Cov CovItemId="S24" Value="101"/>
<Cov CovItemId="S25" Value="101"/>
<Cov CovItemId="S26" Value="101"/>
<Cov CovItemId="S27" Value="101"/>
<Cov CovItemId="S3" Value="1"/>
<Cov CovItemId="S4" Value="1"/>
<Cov CovItemId="S5" Value="1"/>
<Cov CovItemId="S6" Value="1"/>
<Cov CovItemId="S7" Value="1"/>
<Cov CovItemId="S8" Value="1"/>
</CovPrefix>
<CovPrefix CovItemPrefix="game.PieceFactory.java">
<Cov CovItemId="S1" Value="1"/>
<Cov CovItemId="S2" Value="1"/>
<Cov CovItemId="S3" Value="140"/>
</CovPrefix>
</CovList>
<AssgnmntList/>
<ObjMetaDataList/>
<MetaDataList/>
</TestCase>
<TestCase Comment="" Date="1430489012411" Name="tests.TestGameBoard:testSelectedButtonPressedEnemyPiecePressed">
<CovList>
<CovPrefix CovItemPrefix="game.AbstractPiece.java">
<Cov CovItemId="S1" Value="143"/>
<Cov CovItemId="S2" Value="143"/>
<Cov CovItemId="S3" Value="143"/>
<Cov CovItemId="S4" Value="1"/>
<Cov CovItemId="S5" Value="103"/>
<Cov CovItemId="S6" Value="107"/>
<Cov CovItemId="S7" Value="6"/>
<Cov CovItemId="S8" Value="6"/>
<Cov CovItemId="S9" Value="2"/>
</CovPrefix>
<CovPrefix CovItemPrefix="game.ClearPiece.java">
<Cov CovItemId="B4" Value="99"/>
<Cov CovItemId="S1" Value="141"/>
<Cov CovItemId="S2" Value="141"/>
<Cov CovItemId="S5" Value="99"/>
<Cov CovItemId="S7" Value="99"/>
<Cov CovItemId="S8" Value="99"/>
</CovPrefix>
<CovPrefix CovItemPrefix="game.GameBoard.java">
<Cov CovItemId="B1" Value="1"/>
<Cov CovItemId="B4" Value="1"/>
<Cov CovItemId="B44" Value="1"/>
<Cov CovItemId="B48" Value="1"/>
<Cov CovItemId="B5" Value="1"/>
<Cov CovItemId="B50" Value="1"/>
<Cov CovItemId="B51" Value="1"/>
<Cov CovItemId="L5-2" Value="1"/>
<Cov CovItemId="L6-2" Value="10"/>
<Cov CovItemId="S100" Value="1"/>
<Cov CovItemId="S101" Value="1"/>
<Cov CovItemId="S102" Value="1"/>
<Cov CovItemId="S103" Value="1"/>
<Cov CovItemId="S104" Value="1"/>
<Cov CovItemId="S105" Value="1"/>
<Cov CovItemId="S106" Value="1"/>
<Cov CovItemId="S107" Value="1"/>
<Cov CovItemId="S108" Value="1"/>
<Cov CovItemId="S109" Value="1"/>
<Cov CovItemId="S110" Value="1"/>
<Cov CovItemId="S111" Value="1"/>
<Cov CovItemId="S112" Value="1"/>
<Cov CovItemId="S113" Value="1"/>
<Cov CovItemId="S114" Value="1"/>
<Cov CovItemId="S115" Value="1"/>
<Cov CovItemId="S116" Value="1"/>
<Cov CovItemId="S124" Value="1"/>
<Cov CovItemId="S128" Value="1"/>
<Cov CovItemId="S131" Value="1"/>
<Cov CovItemId="S132" Value="1"/>
<Cov CovItemId="S133" Value="1"/>
<Cov CovItemId="S134" Value="1"/>
<Cov CovItemId="S143" Value="1"/>
<Cov CovItemId="S144" Value="1"/>
<Cov CovItemId="S145" Value="1"/>
<Cov CovItemId="S146" Value="1"/>
<Cov CovItemId="S147" Value="1"/>
<Cov CovItemId="S148" Value="1"/>
<Cov CovItemId="S149" Value="1"/>
<Cov CovItemId="S150" Value="1"/>
<Cov CovItemId="S151" Value="1"/>
<Cov CovItemId="S152" Value="1"/>
<Cov CovItemId="S153" Value="1"/>
<Cov CovItemId="S154" Value="1"/>
<Cov CovItemId="S155" Value="1"/>
<Cov CovItemId="S156" Value="1"/>
<Cov CovItemId="S157" Value="1"/>
<Cov CovItemId="S158" Value="1"/>
<Cov CovItemId="S18" Value="102"/>
<Cov CovItemId="S19" Value="102"/>
<Cov CovItemId="S2" Value="1"/>
<Cov CovItemId="S20" Value="102"/>
<Cov CovItemId="S21" Value="102"/>
<Cov CovItemId="S22" Value="102"/>
<Cov CovItemId="S23" Value="102"/>
<Cov CovItemId="S24" Value="102"/>
<Cov CovItemId="S25" Value="102"/>
<Cov CovItemId="S26" Value="102"/>
<Cov CovItemId="S27" Value="102"/>
<Cov CovItemId="S28" Value="1"/>
<Cov CovItemId="S29" Value="1"/>
<Cov CovItemId="S3" Value="1"/>
<Cov CovItemId="S31" Value="1"/>
<Cov CovItemId="S32" Value="1"/>
<Cov CovItemId="S34" Value="1"/>
<Cov CovItemId="S35" Value="10"/>
<Cov CovItemId="S36" Value="100"/>
<Cov CovItemId="S37" Value="1"/>
<Cov CovItemId="S38" Value="1"/>
<Cov CovItemId="S4" Value="1"/>
<Cov CovItemId="S5" Value="1"/>
<Cov CovItemId="S6" Value="1"/>
<Cov CovItemId="S7" Value="1"/>
<Cov CovItemId="S8" Value="1"/>
<Cov CovItemId="S98" Value="1"/>
<Cov CovItemId="S99" Value="1"/>
</CovPrefix>
<CovPrefix CovItemPrefix="game.PieceFactory.java">
<Cov CovItemId="S18" Value="1"/>
<Cov CovItemId="S19" Value="1"/>
<Cov CovItemId="S24" Value="1"/>
<Cov CovItemId="S25" Value="1"/>
<Cov CovItemId="S3" Value="140"/>
</CovPrefix>
<CovPrefix CovItemPrefix="game.Soldier.java">
<Cov CovItemId="B1" Value="1"/>
<Cov CovItemId="B2" Value="1"/>
<Cov CovItemId="S1" Value="2"/>
<Cov CovItemId="S10" Value="1"/>
<Cov CovItemId="S11" Value="1"/>
<Cov CovItemId="S12" Value="2"/>
<Cov CovItemId="S2" Value="2"/>
<Cov CovItemId="S3" Value="2"/>
<Cov CovItemId="S4" Value="2"/>
<Cov CovItemId="S5" Value="2"/>
<Cov CovItemId="S9" Value="2"/>
</CovPrefix>
</CovList>
<AssgnmntList>
<AssgnmntPrefix RootTermCovItemPrefix="game.ClearPiece.java">
<AssgnmntListEntry Length="1" RootTermCovItemId="C2">
<MapEntry BoolAssgnmnt="0" Value="99"/>
</AssgnmntListEntry>
</AssgnmntPrefix>
<AssgnmntPrefix RootTermCovItemPrefix="game.GameBoard.java">
<AssgnmntListEntry Length="1" RootTermCovItemId="C30">
<MapEntry BoolAssgnmnt="0" Value="1"/>
</AssgnmntListEntry>
<AssgnmntListEntry Length="1" RootTermCovItemId="C32">
<MapEntry BoolAssgnmnt="0" Value="1"/>
</AssgnmntListEntry>
<AssgnmntListEntry Length="2" RootTermCovItemId="C33">
<MapEntry BoolAssgnmnt="02" Value="1"/>
</AssgnmntListEntry>
<AssgnmntListEntry Length="1" RootTermCovItemId="C34">
<MapEntry BoolAssgnmnt="1" Value="1"/>
</AssgnmntListEntry>
<AssgnmntListEntry Length="1" RootTermCovItemId="C5">
<MapEntry BoolAssgnmnt="1" Value="1"/>
</AssgnmntListEntry>
<AssgnmntListEntry Length="1" RootTermCovItemId="C6">
<MapEntry BoolAssgnmnt="0" Value="1"/>
</AssgnmntListEntry>
<AssgnmntListEntry Length="1" RootTermCovItemId="C7">
<MapEntry BoolAssgnmnt="1" Value="1"/>
</AssgnmntListEntry>
</AssgnmntPrefix>
<AssgnmntPrefix RootTermCovItemPrefix="game.Soldier.java">
<AssgnmntListEntry Length="1" RootTermCovItemId="C1">
<MapEntry BoolAssgnmnt="0" Value="1"/>
<MapEntry BoolAssgnmnt="1" Value="1"/>
</AssgnmntListEntry>
</AssgnmntPrefix>
</AssgnmntList>
<ObjMetaDataList/>
<MetaDataList/>
</TestCase>
<TestCase Comment="" Date="1430489012424" Name="tests.TestPlayerBoard:testConstruction">
<CovList>
<CovPrefix CovItemPrefix="game.AbstractPiece.java">
<Cov CovItemId="S1" Value="80"/>
<Cov CovItemId="S12" Value="40"/>
<Cov CovItemId="S2" Value="80"/>
<Cov CovItemId="S3" Value="80"/>
<Cov CovItemId="S5" Value="40"/>
<Cov CovItemId="S6" Value="40"/>
</CovPrefix>
<CovPrefix CovItemPrefix="game.Bomb.java">
<Cov CovItemId="S1" Value="6"/>
<Cov CovItemId="S2" Value="6"/>
<Cov CovItemId="S3" Value="6"/>
<Cov CovItemId="S4" Value="6"/>
<Cov CovItemId="S5" Value="6"/>
</CovPrefix>
<CovPrefix CovItemPrefix="game.ClearPiece.java">
<Cov CovItemId="B3" Value="40"/>
<Cov CovItemId="S1" Value="40"/>
<Cov CovItemId="S2" Value="40"/>
<Cov CovItemId="S5" Value="40"/>
<Cov CovItemId="S6" Value="40"/>
<Cov CovItemId="S8" Value="40"/>
</CovPrefix>
<CovPrefix CovItemPrefix="game.Flag.java">
<Cov CovItemId="S1" Value="1"/>
<Cov CovItemId="S2" Value="1"/>
<Cov CovItemId="S3" Value="1"/>
<Cov CovItemId="S4" Value="1"/>
</CovPrefix>
<CovPrefix CovItemPrefix="game.PieceFactory.java">
<Cov CovItemId="S1" Value="6"/>
<Cov CovItemId="S10" Value="1"/>
<Cov CovItemId="S11" Value="1"/>
<Cov CovItemId="S12" Value="2"/>
<Cov CovItemId="S13" Value="2"/>
<Cov CovItemId="S14" Value="3"/>
<Cov CovItemId="S15" Value="3"/>
<Cov CovItemId="S16" Value="4"/>
<Cov CovItemId="S17" Value="4"/>
<Cov CovItemId="S18" Value="4"/>
<Cov CovItemId="S19" Value="4"/>
<Cov CovItemId="S2" Value="6"/>
<Cov CovItemId="S20" Value="4"/>
<Cov CovItemId="S21" Value="4"/>
<Cov CovItemId="S22" Value="5"/>
<Cov CovItemId="S23" Value="5"/>
<Cov CovItemId="S24" Value="8"/>
<Cov CovItemId="S25" Value="8"/>
<Cov CovItemId="S3" Value="40"/>
<Cov CovItemId="S4" Value="1"/>
<Cov CovItemId="S5" Value="1"/>
<Cov CovItemId="S6" Value="1"/>
<Cov CovItemId="S7" Value="1"/>
<Cov CovItemId="S8" Value="1"/>
<Cov CovItemId="S9" Value="1"/>
</CovPrefix>
<CovPrefix CovItemPrefix="game.PlayerBoard.java">
<Cov CovItemId="S1" Value="1"/>
<Cov CovItemId="S10" Value="1"/>
<Cov CovItemId="S11" Value="1"/>
<Cov CovItemId="S12" Value="1"/>
<Cov CovItemId="S13" Value="1"/>
<Cov CovItemId="S2" Value="1"/>
<Cov CovItemId="S3" Value="1"/>
<Cov CovItemId="S4" Value="1"/>
<Cov CovItemId="S5" Value="1"/>
<Cov CovItemId="S6" Value="1"/>
<Cov CovItemId="S7" Value="1"/>
<Cov CovItemId="S8" Value="1"/>
<Cov CovItemId="S9" Value="1"/>
</CovPrefix>
<CovPrefix CovItemPrefix="game.SetupBoard.java">
<Cov CovItemId="B2" Value="40"/>
<Cov CovItemId="L1-2" Value="1"/>
<Cov CovItemId="L10-2" Value="4"/>
<Cov CovItemId="L2-2" Value="1"/>
<Cov CovItemId="L3-2" Value="1"/>
<Cov CovItemId="L4-2" Value="1"/>
<Cov CovItemId="L5-2" Value="1"/>
<Cov CovItemId="L6-2" Value="1"/>
<Cov CovItemId="L7-2" Value="1"/>
<Cov CovItemId="L8-2" Value="1"/>
<Cov CovItemId="L9-2" Value="1"/>
<Cov CovItemId="S1" Value="1"/>
<Cov CovItemId="S10" Value="1"/>
<Cov CovItemId="S11" Value="1"/>
<Cov CovItemId="S12" Value="6"/>
<Cov CovItemId="S13" Value="1"/>
<Cov CovItemId="S14" Value="1"/>
<Cov CovItemId="S15" Value="8"/>
<Cov CovItemId="S16" Value="1"/>
<Cov CovItemId="S17" Value="5"/>
<Cov CovItemId="S18" Value="1"/>
<Cov CovItemId="S19" Value="4"/>
<Cov CovItemId="S2" Value="1"/>
<Cov CovItemId="S20" Value="1"/>
<Cov CovItemId="S21" Value="4"/>
<Cov CovItemId="S22" Value="1"/>
<Cov CovItemId="S23" Value="4"/>
<Cov CovItemId="S24" Value="1"/>
<Cov CovItemId="S25" Value="3"/>
<Cov CovItemId="S26" Value="1"/>
<Cov CovItemId="S27" Value="2"/>
<Cov CovItemId="S28" Value="1"/>
<Cov CovItemId="S29" Value="1"/>
<Cov CovItemId="S3" Value="1"/>
<Cov CovItemId="S30" Value="1"/>
<Cov CovItemId="S31" Value="4"/>
<Cov CovItemId="S32" Value="40"/>
<Cov CovItemId="S33" Value="40"/>
<Cov CovItemId="S34" Value="40"/>
<Cov CovItemId="S35" Value="40"/>
<Cov CovItemId="S36" Value="40"/>
<Cov CovItemId="S37" Value="40"/>
<Cov CovItemId="S38" Value="40"/>
<Cov CovItemId="S39" Value="40"/>
<Cov CovItemId="S4" Value="1"/>
<Cov CovItemId="S40" Value="40"/>
<Cov CovItemId="S41" Value="40"/>
<Cov CovItemId="S43" Value="40"/>
<Cov CovItemId="S44" Value="40"/>
<Cov CovItemId="S45" Value="40"/>
<Cov CovItemId="S46" Value="40"/>
<Cov CovItemId="S47" Value="40"/>
<Cov CovItemId="S48" Value="40"/>
<Cov CovItemId="S5" Value="1"/>
<Cov CovItemId="S6" Value="1"/>
<Cov CovItemId="S7" Value="1"/>
<Cov CovItemId="S8" Value="1"/>
<Cov CovItemId="S80" Value="1"/>
<Cov CovItemId="S9" Value="1"/>
</CovPrefix>
<CovPrefix CovItemPrefix="game.Soldier.java">
<Cov CovItemId="S1" Value="33"/>
<Cov CovItemId="S2" Value="33"/>
<Cov CovItemId="S3" Value="33"/>
<Cov CovItemId="S4" Value="33"/>
<Cov CovItemId="S5" Value="33"/>
</CovPrefix>
</CovList>
<AssgnmntList>
<AssgnmntPrefix RootTermCovItemPrefix="game.ClearPiece.java">
<AssgnmntListEntry Length="1" RootTermCovItemId="C2">
<MapEntry BoolAssgnmnt="1" Value="40"/>
</AssgnmntListEntry>
</AssgnmntPrefix>
<AssgnmntPrefix RootTermCovItemPrefix="game.SetupBoard.java">
<AssgnmntListEntry Length="1" RootTermCovItemId="C1">
<MapEntry BoolAssgnmnt="0" Value="1"/>
<MapEntry BoolAssgnmnt="1" Value="6"/>
</AssgnmntListEntry>
<AssgnmntListEntry Length="1" RootTermCovItemId="C10">
<MapEntry BoolAssgnmnt="0" Value="4"/>
<MapEntry BoolAssgnmnt="1" Value="40"/>
</AssgnmntListEntry>
<AssgnmntListEntry Length="1" RootTermCovItemId="C11">
<MapEntry BoolAssgnmnt="0" Value="40"/>
</AssgnmntListEntry>
<AssgnmntListEntry Length="1" RootTermCovItemId="C2">
<MapEntry BoolAssgnmnt="0" Value="1"/>
<MapEntry BoolAssgnmnt="1" Value="8"/>
</AssgnmntListEntry>
<AssgnmntListEntry Length="1" RootTermCovItemId="C3">
<MapEntry BoolAssgnmnt="0" Value="1"/>
<MapEntry BoolAssgnmnt="1" Value="5"/>
</AssgnmntListEntry>
<AssgnmntListEntry Length="1" RootTermCovItemId="C4">
<MapEntry BoolAssgnmnt="0" Value="1"/>
<MapEntry BoolAssgnmnt="1" Value="4"/>
</AssgnmntListEntry>
<AssgnmntListEntry Length="1" RootTermCovItemId="C5">
<MapEntry BoolAssgnmnt="0" Value="1"/>
<MapEntry BoolAssgnmnt="1" Value="4"/>
</AssgnmntListEntry>
<AssgnmntListEntry Length="1" RootTermCovItemId="C6">
<MapEntry BoolAssgnmnt="0" Value="1"/>
<MapEntry BoolAssgnmnt="1" Value="4"/>
</AssgnmntListEntry>
<AssgnmntListEntry Length="1" RootTermCovItemId="C7">
<MapEntry BoolAssgnmnt="0" Value="1"/>
<MapEntry BoolAssgnmnt="1" Value="3"/>
</AssgnmntListEntry>
<AssgnmntListEntry Length="1" RootTermCovItemId="C8">
<MapEntry BoolAssgnmnt="0" Value="1"/>
<MapEntry BoolAssgnmnt="1" Value="2"/>
</AssgnmntListEntry>
<AssgnmntListEntry Length="1" RootTermCovItemId="C9">
<MapEntry BoolAssgnmnt="0" Value="1"/>
<MapEntry BoolAssgnmnt="1" Value="4"/>
</AssgnmntListEntry>
</AssgnmntPrefix>
</AssgnmntList>
<ObjMetaDataList/>
<MetaDataList/>
</TestCase>
<TestCase Comment="" Date="1430489012437" Name="tests.TestBoardObserver:testIsDone">
<CovList>
<CovPrefix CovItemPrefix="game.AbstractPiece.java">
<Cov CovItemId="S1" Value="220"/>
<Cov CovItemId="S12" Value="40"/>
<Cov CovItemId="S2" Value="220"/>
<Cov CovItemId="S3" Value="220"/>
<Cov CovItemId="S5" Value="180"/>
<Cov CovItemId="S6" Value="180"/>
</CovPrefix>
<CovPrefix CovItemPrefix="game.Bomb.java">
<Cov CovItemId="S1" Value="6"/>
<Cov CovItemId="S2" Value="6"/>
<Cov CovItemId="S3" Value="6"/>
<Cov CovItemId="S4" Value="6"/>
<Cov CovItemId="S5" Value="6"/>
</CovPrefix>
<CovPrefix CovItemPrefix="game.ClearPiece.java">
<Cov CovItemId="B3" Value="40"/>
<Cov CovItemId="S1" Value="180"/>
<Cov CovItemId="S2" Value="180"/>
<Cov CovItemId="S5" Value="40"/>
<Cov CovItemId="S6" Value="40"/>
<Cov CovItemId="S8" Value="40"/>
<Cov CovItemId="S9" Value="40"/>
</CovPrefix>
<CovPrefix CovItemPrefix="game.Flag.java">
<Cov CovItemId="S1" Value="1"/>
<Cov CovItemId="S2" Value="1"/>
<Cov CovItemId="S3" Value="1"/>
<Cov CovItemId="S4" Value="1"/>
</CovPrefix>
<CovPrefix CovItemPrefix="game.GameBoard.java">
<Cov CovItemId="L1-2" Value="1"/>
<Cov CovItemId="L2-2" Value="10"/>
<Cov CovItemId="L3-2" Value="1"/>
<Cov CovItemId="L4-2" Value="10"/>
<Cov CovItemId="S10" Value="10"/>
<Cov CovItemId="S11" Value="100"/>
<Cov CovItemId="S12" Value="100"/>
<Cov CovItemId="S13" Value="1"/>
<Cov CovItemId="S14" Value="10"/>
<Cov CovItemId="S15" Value="40"/>
<Cov CovItemId="S16" Value="40"/>
<Cov CovItemId="S17" Value="40"/>
<Cov CovItemId="S18" Value="140"/>
<Cov CovItemId="S19" Value="140"/>
<Cov CovItemId="S2" Value="1"/>
<Cov CovItemId="S20" Value="140"/>
<Cov CovItemId="S21" Value="140"/>
<Cov CovItemId="S22" Value="140"/>
<Cov CovItemId="S23" Value="140"/>
<Cov CovItemId="S24" Value="140"/>
<Cov CovItemId="S25" Value="140"/>
<Cov CovItemId="S26" Value="140"/>
<Cov CovItemId="S27" Value="140"/>
<Cov CovItemId="S3" Value="1"/>
<Cov CovItemId="S4" Value="1"/>
<Cov CovItemId="S5" Value="1"/>
<Cov CovItemId="S6" Value="1"/>
<Cov CovItemId="S7" Value="1"/>
<Cov CovItemId="S8" Value="1"/>
<Cov CovItemId="S9" Value="1"/>
</CovPrefix>
<CovPrefix CovItemPrefix="game.PieceFactory.java">
<Cov CovItemId="S1" Value="6"/>
<Cov CovItemId="S10" Value="1"/>
<Cov CovItemId="S11" Value="1"/>
<Cov CovItemId="S12" Value="2"/>
<Cov CovItemId="S13" Value="2"/>
<Cov CovItemId="S14" Value="3"/>
<Cov CovItemId="S15" Value="3"/>
<Cov CovItemId="S16" Value="4"/>
<Cov CovItemId="S17" Value="4"/>
<Cov CovItemId="S18" Value="4"/>
<Cov CovItemId="S19" Value="4"/>
<Cov CovItemId="S2" Value="6"/>
<Cov CovItemId="S20" Value="4"/>
<Cov CovItemId="S21" Value="4"/>
<Cov CovItemId="S22" Value="5"/>
<Cov CovItemId="S23" Value="5"/>
<Cov CovItemId="S24" Value="8"/>
<Cov CovItemId="S25" Value="8"/>
<Cov CovItemId="S3" Value="180"/>
<Cov CovItemId="S4" Value="1"/>
<Cov CovItemId="S5" Value="1"/>
<Cov CovItemId="S6" Value="1"/>
<Cov CovItemId="S7" Value="1"/>
<Cov CovItemId="S8" Value="1"/>
<Cov CovItemId="S9" Value="1"/>
</CovPrefix>
<CovPrefix CovItemPrefix="game.PlayerBoard.java">
<Cov CovItemId="S1" Value="1"/>
<Cov CovItemId="S11" Value="1"/>
<Cov CovItemId="S12" Value="2"/>
<Cov CovItemId="S13" Value="2"/>
<Cov CovItemId="S14" Value="1"/>
<Cov CovItemId="S15" Value="1"/>
<Cov CovItemId="S16" Value="1"/>
<Cov CovItemId="S17" Value="1"/>
<Cov CovItemId="S18" Value="1"/>
<Cov CovItemId="S19" Value="1"/>
<Cov CovItemId="S2" Value="1"/>
<Cov CovItemId="S3" Value="1"/>
<Cov CovItemId="S4" Value="1"/>
<Cov CovItemId="S5" Value="1"/>
<Cov CovItemId="S6" Value="1"/>
<Cov CovItemId="S7" Value="1"/>
<Cov CovItemId="S8" Value="1"/>
<Cov CovItemId="S9" Value="1"/>
</CovPrefix>
<CovPrefix CovItemPrefix="game.SetupBoard.java">
<Cov CovItemId="B2" Value="40"/>
<Cov CovItemId="L1-2" Value="1"/>
<Cov CovItemId="L10-2" Value="4"/>
<Cov CovItemId="L2-2" Value="1"/>
<Cov CovItemId="L3-2" Value="1"/>
<Cov CovItemId="L4-2" Value="1"/>
<Cov CovItemId="L5-2" Value="1"/>
<Cov CovItemId="L6-2" Value="1"/>
<Cov CovItemId="L7-2" Value="1"/>
<Cov CovItemId="L8-2" Value="1"/>
<Cov CovItemId="L9-2" Value="1"/>
<Cov CovItemId="S10" Value="1"/>
<Cov CovItemId="S11" Value="1"/>
<Cov CovItemId="S12" Value="6"/>
<Cov CovItemId="S13" Value="1"/>
<Cov CovItemId="S14" Value="1"/>
<Cov CovItemId="S15" Value="8"/>
<Cov CovItemId="S16" Value="1"/>
<Cov CovItemId="S17" Value="5"/>
<Cov CovItemId="S18" Value="1"/>
<Cov CovItemId="S19" Value="4"/>
<Cov CovItemId="S2" Value="1"/>
<Cov CovItemId="S20" Value="1"/>
<Cov CovItemId="S21" Value="4"/>
<Cov CovItemId="S22" Value="1"/>
<Cov CovItemId="S23" Value="4"/>
<Cov CovItemId="S24" Value="1"/>
<Cov CovItemId="S25" Value="3"/>
<Cov CovItemId="S26" Value="1"/>
<Cov CovItemId="S27" Value="2"/>
<Cov CovItemId="S28" Value="1"/>
<Cov CovItemId="S29" Value="1"/>
<Cov CovItemId="S3" Value="1"/>
<Cov CovItemId="S30" Value="1"/>
<Cov CovItemId="S31" Value="4"/>
<Cov CovItemId="S32" Value="40"/>
<Cov CovItemId="S33" Value="40"/>
<Cov CovItemId="S34" Value="40"/>
<Cov CovItemId="S35" Value="40"/>
<Cov CovItemId="S36" Value="40"/>
<Cov CovItemId="S37" Value="40"/>
<Cov CovItemId="S38" Value="40"/>
<Cov CovItemId="S39" Value="40"/>
<Cov CovItemId="S4" Value="1"/>
<Cov CovItemId="S40" Value="40"/>
<Cov CovItemId="S41" Value="40"/>
<Cov CovItemId="S43" Value="40"/>
<Cov CovItemId="S44" Value="40"/>
<Cov CovItemId="S45" Value="40"/>
<Cov CovItemId="S46" Value="40"/>
<Cov CovItemId="S47" Value="40"/>
<Cov CovItemId="S48" Value="40"/>
<Cov CovItemId="S5" Value="1"/>
<Cov CovItemId="S6" Value="1"/>
<Cov CovItemId="S7" Value="1"/>
<Cov CovItemId="S8" Value="1"/>
<Cov CovItemId="S80" Value="1"/>
<Cov CovItemId="S9" Value="1"/>
</CovPrefix>
<CovPrefix CovItemPrefix="game.Soldier.java">
<Cov CovItemId="S1" Value="33"/>
<Cov CovItemId="S2" Value="33"/>
<Cov CovItemId="S3" Value="33"/>
<Cov CovItemId="S4" Value="33"/>
<Cov CovItemId="S5" Value="33"/>
</CovPrefix>
</CovList>
<AssgnmntList>
<AssgnmntPrefix RootTermCovItemPrefix="game.ClearPiece.java">
<AssgnmntListEntry Length="1" RootTermCovItemId="C2">
<MapEntry BoolAssgnmnt="1" Value="40"/>
</AssgnmntListEntry>
</AssgnmntPrefix>
<AssgnmntPrefix RootTermCovItemPrefix="game.GameBoard.java">
<AssgnmntListEntry Length="1" RootTermCovItemId="C1">
<MapEntry BoolAssgnmnt="0" Value="1"/>
<MapEntry BoolAssgnmnt="1" Value="10"/>
</AssgnmntListEntry>
<AssgnmntListEntry Length="1" RootTermCovItemId="C2">
<MapEntry BoolAssgnmnt="0" Value="10"/>
<MapEntry BoolAssgnmnt="1" Value="100"/>
</AssgnmntListEntry>
<AssgnmntListEntry Length="1" RootTermCovItemId="C3">
<MapEntry BoolAssgnmnt="0" Value="1"/>
<MapEntry BoolAssgnmnt="1" Value="10"/>
</AssgnmntListEntry>
<AssgnmntListEntry Length="1" RootTermCovItemId="C4">
<MapEntry BoolAssgnmnt="0" Value="10"/>
<MapEntry BoolAssgnmnt="1" Value="40"/>
</AssgnmntListEntry>
</AssgnmntPrefix>
<AssgnmntPrefix RootTermCovItemPrefix="game.SetupBoard.java">
<AssgnmntListEntry Length="1" RootTermCovItemId="C1">
<MapEntry BoolAssgnmnt="0" Value="1"/>
<MapEntry BoolAssgnmnt="1" Value="6"/>
</AssgnmntListEntry>
<AssgnmntListEntry Length="1" RootTermCovItemId="C10">
<MapEntry BoolAssgnmnt="0" Value="4"/>
<MapEntry BoolAssgnmnt="1" Value="40"/>
</AssgnmntListEntry>
<AssgnmntListEntry Length="1" RootTermCovItemId="C11">
<MapEntry BoolAssgnmnt="0" Value="40"/>
</AssgnmntListEntry>
<AssgnmntListEntry Length="1" RootTermCovItemId="C2">
<MapEntry BoolAssgnmnt="0" Value="1"/>
<MapEntry BoolAssgnmnt="1" Value="8"/>
</AssgnmntListEntry>
<AssgnmntListEntry Length="1" RootTermCovItemId="C3">
<MapEntry BoolAssgnmnt="0" Value="1"/>
<MapEntry BoolAssgnmnt="1" Value="5"/>
</AssgnmntListEntry>
<AssgnmntListEntry Length="1" RootTermCovItemId="C4">
<MapEntry BoolAssgnmnt="0" Value="1"/>
<MapEntry BoolAssgnmnt="1" Value="4"/>
</AssgnmntListEntry>
<AssgnmntListEntry Length="1" RootTermCovItemId="C5">
<MapEntry BoolAssgnmnt="0" Value="1"/>
<MapEntry BoolAssgnmnt="1" Value="4"/>
</AssgnmntListEntry>
<AssgnmntListEntry Length="1" RootTermCovItemId="C6">
<MapEntry BoolAssgnmnt="0" Value="1"/>
<MapEntry BoolAssgnmnt="1" Value="4"/>
</AssgnmntListEntry>
<AssgnmntListEntry Length="1" RootTermCovItemId="C7">
<MapEntry BoolAssgnmnt="0" Value="1"/>
<MapEntry BoolAssgnmnt="1" Value="3"/>
</AssgnmntListEntry>
<AssgnmntListEntry Length="1" RootTermCovItemId="C8">
<MapEntry BoolAssgnmnt="0" Value="1"/>
<MapEntry BoolAssgnmnt="1" Value="2"/>
</AssgnmntListEntry>
<AssgnmntListEntry Length="1" RootTermCovItemId="C9">
<MapEntry BoolAssgnmnt="0" Value="1"/>
<MapEntry BoolAssgnmnt="1" Value="4"/>
</AssgnmntListEntry>
</AssgnmntPrefix>
</AssgnmntList>
<ObjMetaDataList/>
<MetaDataList/>
</TestCase>
<TestCase Comment="" Date="1430489012459" Name="tests.TestSetupBoard:testSelectedButtonPressedClearPiece">
<CovList>
<CovPrefix CovItemPrefix="game.AbstractPiece.java">
<Cov CovItemId="S1" Value="80"/>
<Cov CovItemId="S12" Value="40"/>
<Cov CovItemId="S2" Value="80"/>
<Cov CovItemId="S3" Value="80"/>
<Cov CovItemId="S5" Value="40"/>
<Cov CovItemId="S6" Value="40"/>
</CovPrefix>
<CovPrefix CovItemPrefix="game.Bomb.java">
<Cov CovItemId="S1" Value="6"/>
<Cov CovItemId="S2" Value="6"/>
<Cov CovItemId="S3" Value="6"/>
<Cov CovItemId="S4" Value="6"/>
<Cov CovItemId="S5" Value="6"/>
</CovPrefix>
<CovPrefix CovItemPrefix="game.ClearPiece.java">
<Cov CovItemId="B3" Value="40"/>
<Cov CovItemId="S1" Value="40"/>
<Cov CovItemId="S2" Value="40"/>
<Cov CovItemId="S5" Value="40"/>
<Cov CovItemId="S6" Value="40"/>
<Cov CovItemId="S8" Value="40"/>
</CovPrefix>
<CovPrefix CovItemPrefix="game.Flag.java">
<Cov CovItemId="S1" Value="1"/>
<Cov CovItemId="S2" Value="1"/>
<Cov CovItemId="S3" Value="1"/>
<Cov CovItemId="S4" Value="1"/>
</CovPrefix>
<CovPrefix CovItemPrefix="game.PieceFactory.java">
<Cov CovItemId="S1" Value="6"/>
<Cov CovItemId="S10" Value="1"/>
<Cov CovItemId="S11" Value="1"/>
<Cov CovItemId="S12" Value="2"/>
<Cov CovItemId="S13" Value="2"/>
<Cov CovItemId="S14" Value="3"/>
<Cov CovItemId="S15" Value="3"/>
<Cov CovItemId="S16" Value="4"/>
<Cov CovItemId="S17" Value="4"/>
<Cov CovItemId="S18" Value="4"/>
<Cov CovItemId="S19" Value="4"/>
<Cov CovItemId="S2" Value="6"/>
<Cov CovItemId="S20" Value="4"/>
<Cov CovItemId="S21" Value="4"/>
<Cov CovItemId="S22" Value="5"/>
<Cov CovItemId="S23" Value="5"/>
<Cov CovItemId="S24" Value="8"/>
<Cov CovItemId="S25" Value="8"/>
<Cov CovItemId="S3" Value="40"/>
<Cov CovItemId="S4" Value="1"/>
<Cov CovItemId="S5" Value="1"/>
<Cov CovItemId="S6" Value="1"/>
<Cov CovItemId="S7" Value="1"/>
<Cov CovItemId="S8" Value="1"/>
<Cov CovItemId="S9" Value="1"/>
</CovPrefix>
<CovPrefix CovItemPrefix="game.SetupBoard.java">
<Cov CovItemId="B2" Value="40"/>
<Cov CovItemId="B4" Value="1"/>
<Cov CovItemId="L1-2" Value="1"/>
<Cov CovItemId="L10-2" Value="4"/>
<Cov CovItemId="L2-2" Value="1"/>
<Cov CovItemId="L3-2" Value="1"/>
<Cov CovItemId="L4-2" Value="1"/>
<Cov CovItemId="L5-2" Value="1"/>
<Cov CovItemId="L6-2" Value="1"/>
<Cov CovItemId="L7-2" Value="1"/>
<Cov CovItemId="L8-2" Value="1"/>
<Cov CovItemId="L9-2" Value="1"/>
<Cov CovItemId="S10" Value="1"/>
<Cov CovItemId="S11" Value="1"/>
<Cov CovItemId="S12" Value="6"/>
<Cov CovItemId="S13" Value="1"/>
<Cov CovItemId="S14" Value="1"/>
<Cov CovItemId="S15" Value="8"/>
<Cov CovItemId="S16" Value="1"/>
<Cov CovItemId="S17" Value="5"/>
<Cov CovItemId="S18" Value="1"/>
<Cov CovItemId="S19" Value="4"/>
<Cov CovItemId="S2" Value="1"/>
<Cov CovItemId="S20" Value="1"/>
<Cov CovItemId="S21" Value="4"/>
<Cov CovItemId="S22" Value="1"/>
<Cov CovItemId="S23" Value="4"/>
<Cov CovItemId="S24" Value="1"/>
<Cov CovItemId="S25" Value="3"/>
<Cov CovItemId="S26" Value="1"/>
<Cov CovItemId="S27" Value="2"/>
<Cov CovItemId="S28" Value="1"/>
<Cov CovItemId="S29" Value="1"/>
<Cov CovItemId="S3" Value="1"/>
<Cov CovItemId="S30" Value="1"/>
<Cov CovItemId="S31" Value="4"/>
<Cov CovItemId="S32" Value="40"/>
<Cov CovItemId="S33" Value="40"/>
<Cov CovItemId="S34" Value="40"/>
<Cov CovItemId="S35" Value="40"/>
<Cov CovItemId="S36" Value="40"/>
<Cov CovItemId="S37" Value="40"/>
<Cov CovItemId="S38" Value="40"/>
<Cov CovItemId="S39" Value="40"/>
<Cov CovItemId="S4" Value="1"/>
<Cov CovItemId="S40" Value="40"/>
<Cov CovItemId="S41" Value="40"/>
<Cov CovItemId="S43" Value="40"/>
<Cov CovItemId="S44" Value="40"/>
<Cov CovItemId="S45" Value="40"/>
<Cov CovItemId="S46" Value="40"/>
<Cov CovItemId="S47" Value="40"/>
<Cov CovItemId="S48" Value="40"/>
<Cov CovItemId="S49" Value="1"/>
<Cov CovItemId="S5" Value="1"/>
<Cov CovItemId="S50" Value="1"/>
<Cov CovItemId="S51" Value="1"/>
<Cov CovItemId="S52" Value="1"/>
<Cov CovItemId="S53" Value="1"/>
<Cov CovItemId="S54" Value="1"/>
<Cov CovItemId="S56" Value="1"/>
<Cov CovItemId="S57" Value="1"/>
<Cov CovItemId="S6" Value="1"/>
<Cov CovItemId="S7" Value="1"/>
<Cov CovItemId="S8" Value="1"/>
<Cov CovItemId="S9" Value="1"/>
</CovPrefix>
<CovPrefix CovItemPrefix="game.Soldier.java">
<Cov CovItemId="S1" Value="33"/>
<Cov CovItemId="S2" Value="33"/>
<Cov CovItemId="S3" Value="33"/>
<Cov CovItemId="S4" Value="33"/>
<Cov CovItemId="S5" Value="33"/>
</CovPrefix>
</CovList>
<AssgnmntList>
<AssgnmntPrefix RootTermCovItemPrefix="game.ClearPiece.java">
<AssgnmntListEntry Length="1" RootTermCovItemId="C2">
<MapEntry BoolAssgnmnt="1" Value="40"/>
</AssgnmntListEntry>
</AssgnmntPrefix>
<AssgnmntPrefix RootTermCovItemPrefix="game.SetupBoard.java">
<AssgnmntListEntry Length="1" RootTermCovItemId="C1">
<MapEntry BoolAssgnmnt="0" Value="1"/>
<MapEntry BoolAssgnmnt="1" Value="6"/>
</AssgnmntListEntry>
<AssgnmntListEntry Length="1" RootTermCovItemId="C10">
<MapEntry BoolAssgnmnt="0" Value="4"/>
<MapEntry BoolAssgnmnt="1" Value="40"/>
</AssgnmntListEntry>
<AssgnmntListEntry Length="1" RootTermCovItemId="C11">
<MapEntry BoolAssgnmnt="0" Value="40"/>
</AssgnmntListEntry>
<AssgnmntListEntry Length="1" RootTermCovItemId="C12">
<MapEntry BoolAssgnmnt="0" Value="1"/>
</AssgnmntListEntry>
<AssgnmntListEntry Length="1" RootTermCovItemId="C2">
<MapEntry BoolAssgnmnt="0" Value="1"/>
<MapEntry BoolAssgnmnt="1" Value="8"/>
</AssgnmntListEntry>
<AssgnmntListEntry Length="1" RootTermCovItemId="C3">
<MapEntry BoolAssgnmnt="0" Value="1"/>
<MapEntry BoolAssgnmnt="1" Value="5"/>
</AssgnmntListEntry>
<AssgnmntListEntry Length="1" RootTermCovItemId="C4">
<MapEntry BoolAssgnmnt="0" Value="1"/>
<MapEntry BoolAssgnmnt="1" Value="4"/>
</AssgnmntListEntry>
<AssgnmntListEntry Length="1" RootTermCovItemId="C5">
<MapEntry BoolAssgnmnt="0" Value="1"/>
<MapEntry BoolAssgnmnt="1" Value="4"/>
</AssgnmntListEntry>
<AssgnmntListEntry Length="1" RootTermCovItemId="C6">
<MapEntry BoolAssgnmnt="0" Value="1"/>
<MapEntry BoolAssgnmnt="1" Value="4"/>
</AssgnmntListEntry>
<AssgnmntListEntry Length="1" RootTermCovItemId="C7">
<MapEntry BoolAssgnmnt="0" Value="1"/>
<MapEntry BoolAssgnmnt="1" Value="3"/>
</AssgnmntListEntry>
<AssgnmntListEntry Length="1" RootTermCovItemId="C8">
<MapEntry BoolAssgnmnt="0" Value="1"/>
<MapEntry BoolAssgnmnt="1" Value="2"/>
</AssgnmntListEntry>
<AssgnmntListEntry Length="1" RootTermCovItemId="C9">
<MapEntry BoolAssgnmnt="0" Value="1"/>
<MapEntry BoolAssgnmnt="1" Value="4"/>
</AssgnmntListEntry>
</AssgnmntPrefix>
</AssgnmntList>
<ObjMetaDataList/>
<MetaDataList/>
</TestCase>
<TestCase Comment="" Date="1430489012499" Name="tests.TestSetupBoard:testAddPieceMethod">
<CovList>
<CovPrefix CovItemPrefix="game.AbstractPiece.java">
<Cov CovItemId="S1" Value="81"/>
<Cov CovItemId="S12" Value="41"/>
<Cov CovItemId="S2" Value="81"/>
<Cov CovItemId="S3" Value="81"/>
<Cov CovItemId="S5" Value="41"/>
<Cov CovItemId="S6" Value="41"/>
</CovPrefix>
<CovPrefix CovItemPrefix="game.Bomb.java">
<Cov CovItemId="S1" Value="7"/>
<Cov CovItemId="S2" Value="7"/>
<Cov CovItemId="S3" Value="7"/>
<Cov CovItemId="S4" Value="7"/>
<Cov CovItemId="S5" Value="7"/>
</CovPrefix>
<CovPrefix CovItemPrefix="game.ClearPiece.java">
<Cov CovItemId="B3" Value="40"/>
<Cov CovItemId="S1" Value="40"/>
<Cov CovItemId="S2" Value="40"/>
<Cov CovItemId="S5" Value="40"/>
<Cov CovItemId="S6" Value="40"/>
<Cov CovItemId="S8" Value="40"/>
</CovPrefix>
<CovPrefix CovItemPrefix="game.Flag.java">
<Cov CovItemId="S1" Value="1"/>
<Cov CovItemId="S2" Value="1"/>
<Cov CovItemId="S3" Value="1"/>
<Cov CovItemId="S4" Value="1"/>
</CovPrefix>
<CovPrefix CovItemPrefix="game.PieceFactory.java">
<Cov CovItemId="S1" Value="7"/>
<Cov CovItemId="S10" Value="1"/>
<Cov CovItemId="S11" Value="1"/>
<Cov CovItemId="S12" Value="2"/>
<Cov CovItemId="S13" Value="2"/>
<Cov CovItemId="S14" Value="3"/>
<Cov CovItemId="S15" Value="3"/>
<Cov CovItemId="S16" Value="4"/>
<Cov CovItemId="S17" Value="4"/>
<Cov CovItemId="S18" Value="4"/>
<Cov CovItemId="S19" Value="4"/>
<Cov CovItemId="S2" Value="7"/>
<Cov CovItemId="S20" Value="4"/>
<Cov CovItemId="S21" Value="4"/>
<Cov CovItemId="S22" Value="5"/>
<Cov CovItemId="S23" Value="5"/>
<Cov CovItemId="S24" Value="8"/>
<Cov CovItemId="S25" Value="8"/>
<Cov CovItemId="S3" Value="40"/>
<Cov CovItemId="S4" Value="1"/>
<Cov CovItemId="S5" Value="1"/>
<Cov CovItemId="S6" Value="1"/>
<Cov CovItemId="S7" Value="1"/>
<Cov CovItemId="S8" Value="1"/>
<Cov CovItemId="S9" Value="1"/>
</CovPrefix>
<CovPrefix CovItemPrefix="game.SetupBoard.java">
<Cov CovItemId="B1" Value="1"/>
<Cov CovItemId="B2" Value="40"/>
<Cov CovItemId="L1-2" Value="1"/>
<Cov CovItemId="L10-2" Value="4"/>
<Cov CovItemId="L2-2" Value="1"/>
<Cov CovItemId="L3-2" Value="1"/>
<Cov CovItemId="L4-2" Value="1"/>
<Cov CovItemId="L5-2" Value="1"/>
<Cov CovItemId="L6-2" Value="1"/>
<Cov CovItemId="L7-2" Value="1"/>
<Cov CovItemId="L8-2" Value="1"/>
<Cov CovItemId="L9-2" Value="1"/>
<Cov CovItemId="S10" Value="1"/>
<Cov CovItemId="S11" Value="1"/>
<Cov CovItemId="S12" Value="6"/>
<Cov CovItemId="S13" Value="1"/>
<Cov CovItemId="S14" Value="1"/>
<Cov CovItemId="S15" Value="8"/>
<Cov CovItemId="S16" Value="1"/>
<Cov CovItemId="S17" Value="5"/>
<Cov CovItemId="S18" Value="1"/>
<Cov CovItemId="S19" Value="4"/>
<Cov CovItemId="S2" Value="1"/>
<Cov CovItemId="S20" Value="1"/>
<Cov CovItemId="S21" Value="4"/>
<Cov CovItemId="S22" Value="1"/>
<Cov CovItemId="S23" Value="4"/>
<Cov CovItemId="S24" Value="1"/>
<Cov CovItemId="S25" Value="3"/>
<Cov CovItemId="S26" Value="1"/>
<Cov CovItemId="S27" Value="2"/>
<Cov CovItemId="S28" Value="1"/>
<Cov CovItemId="S29" Value="1"/>
<Cov CovItemId="S3" Value="1"/>
<Cov CovItemId="S30" Value="1"/>
<Cov CovItemId="S31" Value="4"/>
<Cov CovItemId="S32" Value="40"/>
<Cov CovItemId="S33" Value="40"/>
<Cov CovItemId="S34" Value="40"/>
<Cov CovItemId="S35" Value="40"/>
<Cov CovItemId="S36" Value="41"/>
<Cov CovItemId="S37" Value="41"/>
<Cov CovItemId="S38" Value="41"/>
<Cov CovItemId="S39" Value="41"/>
<Cov CovItemId="S4" Value="1"/>
<Cov CovItemId="S40" Value="41"/>
<Cov CovItemId="S41" Value="41"/>
<Cov CovItemId="S42" Value="1"/>
<Cov CovItemId="S43" Value="41"/>
<Cov CovItemId="S44" Value="41"/>
<Cov CovItemId="S45" Value="41"/>
<Cov CovItemId="S46" Value="41"/>
<Cov CovItemId="S47" Value="41"/>
<Cov CovItemId="S48" Value="41"/>
<Cov CovItemId="S5" Value="1"/>
<Cov CovItemId="S6" Value="1"/>
<Cov CovItemId="S7" Value="1"/>
<Cov CovItemId="S79" Value="42"/>
<Cov CovItemId="S8" Value="1"/>
<Cov CovItemId="S9" Value="1"/>
</CovPrefix>
<CovPrefix CovItemPrefix="game.Soldier.java">
<Cov CovItemId="S1" Value="33"/>
<Cov CovItemId="S2" Value="33"/>
<Cov CovItemId="S3" Value="33"/>
<Cov CovItemId="S4" Value="33"/>
<Cov CovItemId="S5" Value="33"/>
</CovPrefix>
</CovList>
<AssgnmntList>
<AssgnmntPrefix RootTermCovItemPrefix="game.ClearPiece.java">
<AssgnmntListEntry Length="1" RootTermCovItemId="C2">
<MapEntry BoolAssgnmnt="1" Value="40"/>
</AssgnmntListEntry>
</AssgnmntPrefix>
<AssgnmntPrefix RootTermCovItemPrefix="game.SetupBoard.java">
<AssgnmntListEntry Length="1" RootTermCovItemId="C1">
<MapEntry BoolAssgnmnt="0" Value="1"/>
<MapEntry BoolAssgnmnt="1" Value="6"/>
</AssgnmntListEntry>
<AssgnmntListEntry Length="1" RootTermCovItemId="C10">
<MapEntry BoolAssgnmnt="0" Value="4"/>
<MapEntry BoolAssgnmnt="1" Value="40"/>
</AssgnmntListEntry>
<AssgnmntListEntry Length="1" RootTermCovItemId="C11">
<MapEntry BoolAssgnmnt="0" Value="40"/>
<MapEntry BoolAssgnmnt="1" Value="1"/>
</AssgnmntListEntry>
<AssgnmntListEntry Length="1" RootTermCovItemId="C2">
<MapEntry BoolAssgnmnt="0" Value="1"/>
<MapEntry BoolAssgnmnt="1" Value="8"/>
</AssgnmntListEntry>
<AssgnmntListEntry Length="1" RootTermCovItemId="C3">
<MapEntry BoolAssgnmnt="0" Value="1"/>
<MapEntry BoolAssgnmnt="1" Value="5"/>
</AssgnmntListEntry>
<AssgnmntListEntry Length="1" RootTermCovItemId="C4">
<MapEntry BoolAssgnmnt="0" Value="1"/>
<MapEntry BoolAssgnmnt="1" Value="4"/>
</AssgnmntListEntry>
<AssgnmntListEntry Length="1" RootTermCovItemId="C5">
<MapEntry BoolAssgnmnt="0" Value="1"/>
<MapEntry BoolAssgnmnt="1" Value="4"/>
</AssgnmntListEntry>
<AssgnmntListEntry Length="1" RootTermCovItemId="C6">
<MapEntry BoolAssgnmnt="0" Value="1"/>
<MapEntry BoolAssgnmnt="1" Value="4"/>
</AssgnmntListEntry>
<AssgnmntListEntry Length="1" RootTermCovItemId="C7">
<MapEntry BoolAssgnmnt="0" Value="1"/>
<MapEntry BoolAssgnmnt="1" Value="3"/>
</AssgnmntListEntry>
<AssgnmntListEntry Length="1" RootTermCovItemId="C8">
<MapEntry BoolAssgnmnt="0" Value="1"/>
<MapEntry BoolAssgnmnt="1" Value="2"/>
</AssgnmntListEntry>
<AssgnmntListEntry Length="1" RootTermCovItemId="C9">
<MapEntry BoolAssgnmnt="0" Value="1"/>
<MapEntry BoolAssgnmnt="1" Value="4"/>
</AssgnmntListEntry>
</AssgnmntPrefix>
</AssgnmntList>
<ObjMetaDataList/>
<MetaDataList/>
</TestCase>
<TestCase Comment="" Date="1430489012510" Name="tests.TestSetupBoard:testNonSelectedButtonPressed">
<CovList>
<CovPrefix CovItemPrefix="game.AbstractPiece.java">
<Cov CovItemId="S1" Value="82"/>
<Cov CovItemId="S12" Value="42"/>
<Cov CovItemId="S2" Value="82"/>
<Cov CovItemId="S3" Value="82"/>
<Cov CovItemId="S4" Value="1"/>
<Cov CovItemId="S5" Value="42"/>
<Cov CovItemId="S6" Value="42"/>
</CovPrefix>
<CovPrefix CovItemPrefix="game.Bomb.java">
<Cov CovItemId="S1" Value="6"/>
<Cov CovItemId="S2" Value="6"/>
<Cov CovItemId="S3" Value="6"/>
<Cov CovItemId="S4" Value="6"/>
<Cov CovItemId="S5" Value="6"/>
</CovPrefix>
<CovPrefix CovItemPrefix="game.ClearPiece.java">
<Cov CovItemId="B3" Value="41"/>
<Cov CovItemId="S1" Value="41"/>
<Cov CovItemId="S2" Value="41"/>
<Cov CovItemId="S5" Value="41"/>
<Cov CovItemId="S6" Value="41"/>
<Cov CovItemId="S8" Value="41"/>
</CovPrefix>
<CovPrefix CovItemPrefix="game.Flag.java">
<Cov CovItemId="S1" Value="1"/>
<Cov CovItemId="S2" Value="1"/>
<Cov CovItemId="S3" Value="1"/>
<Cov CovItemId="S4" Value="1"/>
</CovPrefix>
<CovPrefix CovItemPrefix="game.PieceFactory.java">
<Cov CovItemId="S1" Value="6"/>
<Cov CovItemId="S10" Value="1"/>
<Cov CovItemId="S11" Value="1"/>
<Cov CovItemId="S12" Value="2"/>
<Cov CovItemId="S13" Value="2"/>
<Cov CovItemId="S14" Value="3"/>
<Cov CovItemId="S15" Value="3"/>
<Cov CovItemId="S16" Value="4"/>
<Cov CovItemId="S17" Value="4"/>
<Cov CovItemId="S18" Value="4"/>
<Cov CovItemId="S19" Value="4"/>
<Cov CovItemId="S2" Value="6"/>
<Cov CovItemId="S20" Value="4"/>
<Cov CovItemId="S21" Value="4"/>
<Cov CovItemId="S22" Value="5"/>
<Cov CovItemId="S23" Value="5"/>
<Cov CovItemId="S24" Value="9"/>
<Cov CovItemId="S25" Value="9"/>
<Cov CovItemId="S3" Value="41"/>
<Cov CovItemId="S4" Value="1"/>
<Cov CovItemId="S5" Value="1"/>
<Cov CovItemId="S6" Value="1"/>
<Cov CovItemId="S7" Value="1"/>
<Cov CovItemId="S8" Value="1"/>
<Cov CovItemId="S9" Value="1"/>
</CovPrefix>
<CovPrefix CovItemPrefix="game.SetupBoard.java">
<Cov CovItemId="B1" Value="2"/>
<Cov CovItemId="B2" Value="40"/>
<Cov CovItemId="L1-2" Value="1"/>
<Cov CovItemId="L10-2" Value="4"/>
<Cov CovItemId="L2-2" Value="1"/>
<Cov CovItemId="L3-2" Value="1"/>
<Cov CovItemId="L4-2" Value="1"/>
<Cov CovItemId="L5-2" Value="1"/>
<Cov CovItemId="L6-2" Value="1"/>
<Cov CovItemId="L7-2" Value="1"/>
<Cov CovItemId="L8-2" Value="1"/>
<Cov CovItemId="L9-2" Value="1"/>
<Cov CovItemId="S10" Value="1"/>
<Cov CovItemId="S11" Value="1"/>
<Cov CovItemId="S12" Value="6"/>
<Cov CovItemId="S13" Value="1"/>
<Cov CovItemId="S14" Value="1"/>
<Cov CovItemId="S15" Value="8"/>
<Cov CovItemId="S16" Value="1"/>
<Cov CovItemId="S17" Value="5"/>
<Cov CovItemId="S18" Value="1"/>
<Cov CovItemId="S19" Value="4"/>
<Cov CovItemId="S2" Value="1"/>
<Cov CovItemId="S20" Value="1"/>
<Cov CovItemId="S21" Value="4"/>
<Cov CovItemId="S22" Value="1"/>
<Cov CovItemId="S23" Value="4"/>
<Cov CovItemId="S24" Value="1"/>
<Cov CovItemId="S25" Value="3"/>
<Cov CovItemId="S26" Value="1"/>
<Cov CovItemId="S27" Value="2"/>
<Cov CovItemId="S28" Value="1"/>
<Cov CovItemId="S29" Value="1"/>
<Cov CovItemId="S3" Value="1"/>
<Cov CovItemId="S30" Value="1"/>
<Cov CovItemId="S31" Value="4"/>
<Cov CovItemId="S32" Value="40"/>
<Cov CovItemId="S33" Value="40"/>
<Cov CovItemId="S34" Value="40"/>
<Cov CovItemId="S35" Value="40"/>
<Cov CovItemId="S36" Value="42"/>
<Cov CovItemId="S37" Value="42"/>
<Cov CovItemId="S38" Value="42"/>
<Cov CovItemId="S39" Value="42"/>
<Cov CovItemId="S4" Value="1"/>
<Cov CovItemId="S40" Value="42"/>
<Cov CovItemId="S41" Value="42"/>
<Cov CovItemId="S42" Value="2"/>
<Cov CovItemId="S43" Value="42"/>
<Cov CovItemId="S44" Value="42"/>
<Cov CovItemId="S45" Value="42"/>
<Cov CovItemId="S46" Value="42"/>
<Cov CovItemId="S47" Value="42"/>
<Cov CovItemId="S48" Value="42"/>
<Cov CovItemId="S5" Value="1"/>
<Cov CovItemId="S6" Value="1"/>
<Cov CovItemId="S68" Value="1"/>
<Cov CovItemId="S69" Value="1"/>
<Cov CovItemId="S7" Value="1"/>
<Cov CovItemId="S70" Value="1"/>
<Cov CovItemId="S71" Value="1"/>
<Cov CovItemId="S72" Value="1"/>
<Cov CovItemId="S73" Value="1"/>
<Cov CovItemId="S74" Value="1"/>
<Cov CovItemId="S75" Value="1"/>
<Cov CovItemId="S76" Value="1"/>
<Cov CovItemId="S77" Value="1"/>
<Cov CovItemId="S78" Value="1"/>
<Cov CovItemId="S79" Value="3"/>
<Cov CovItemId="S8" Value="1"/>
<Cov CovItemId="S9" Value="1"/>
</CovPrefix>
<CovPrefix CovItemPrefix="game.Soldier.java">
<Cov CovItemId="S1" Value="34"/>
<Cov CovItemId="S2" Value="34"/>
<Cov CovItemId="S3" Value="34"/>
<Cov CovItemId="S4" Value="34"/>
<Cov CovItemId="S5" Value="34"/>
</CovPrefix>
</CovList>
<AssgnmntList>
<AssgnmntPrefix RootTermCovItemPrefix="game.ClearPiece.java">
<AssgnmntListEntry Length="1" RootTermCovItemId="C2">
<MapEntry BoolAssgnmnt="1" Value="41"/>
</AssgnmntListEntry>
</AssgnmntPrefix>
<AssgnmntPrefix RootTermCovItemPrefix="game.SetupBoard.java">
<AssgnmntListEntry Length="1" RootTermCovItemId="C1">
<MapEntry BoolAssgnmnt="0" Value="1"/>
<MapEntry BoolAssgnmnt="1" Value="6"/>
</AssgnmntListEntry>
<AssgnmntListEntry Length="1" RootTermCovItemId="C10">
<MapEntry BoolAssgnmnt="0" Value="4"/>
<MapEntry BoolAssgnmnt="1" Value="40"/>
</AssgnmntListEntry>
<AssgnmntListEntry Length="1" RootTermCovItemId="C11">
<MapEntry BoolAssgnmnt="0" Value="40"/>
<MapEntry BoolAssgnmnt="1" Value="2"/>
</AssgnmntListEntry>
<AssgnmntListEntry Length="1" RootTermCovItemId="C2">
<MapEntry BoolAssgnmnt="0" Value="1"/>
<MapEntry BoolAssgnmnt="1" Value="8"/>
</AssgnmntListEntry>
<AssgnmntListEntry Length="1" RootTermCovItemId="C3">
<MapEntry BoolAssgnmnt="0" Value="1"/>
<MapEntry BoolAssgnmnt="1" Value="5"/>
</AssgnmntListEntry>
<AssgnmntListEntry Length="1" RootTermCovItemId="C4">
<MapEntry BoolAssgnmnt="0" Value="1"/>
<MapEntry BoolAssgnmnt="1" Value="4"/>
</AssgnmntListEntry>
<AssgnmntListEntry Length="1" RootTermCovItemId="C5">
<MapEntry BoolAssgnmnt="0" Value="1"/>
<MapEntry BoolAssgnmnt="1" Value="4"/>
</AssgnmntListEntry>
<AssgnmntListEntry Length="1" RootTermCovItemId="C6">
<MapEntry BoolAssgnmnt="0" Value="1"/>
<MapEntry BoolAssgnmnt="1" Value="4"/>
</AssgnmntListEntry>
<AssgnmntListEntry Length="1" RootTermCovItemId="C7">
<MapEntry BoolAssgnmnt="0" Value="1"/>
<MapEntry BoolAssgnmnt="1" Value="3"/>
</AssgnmntListEntry>
<AssgnmntListEntry Length="1" RootTermCovItemId="C8">
<MapEntry BoolAssgnmnt="0" Value="1"/>
<MapEntry BoolAssgnmnt="1" Value="2"/>
</AssgnmntListEntry>
<AssgnmntListEntry Length="1" RootTermCovItemId="C9">
<MapEntry BoolAssgnmnt="0" Value="1"/>
<MapEntry BoolAssgnmnt="1" Value="4"/>
</AssgnmntListEntry>
</AssgnmntPrefix>
</AssgnmntList>
<ObjMetaDataList/>
<MetaDataList/>
</TestCase>
<MetaDataList/>
</TestSession>
<TestSession Comment="" Date="1430489213215" Name="May 1, 2015 10:06:53 AM">
<TestCase Comment="This is a test case containing all coverage results cause no startTestCase methods where captured." Date="1430489107590" Name="UNNAMED TESTCASE">
<CovList>
<CovPrefix CovItemPrefix="game.AbstractPiece.java">
<Cov CovItemId="S1" Value="260"/>
<Cov CovItemId="S12" Value="23296"/>
<Cov CovItemId="S2" Value="260"/>
<Cov CovItemId="S3" Value="260"/>
<Cov CovItemId="S5" Value="260"/>
<Cov CovItemId="S6" Value="324"/>
<Cov CovItemId="S7" Value="128"/>
<Cov CovItemId="S8" Value="218"/>
<Cov CovItemId="S9" Value="80"/>
</CovPrefix>
<CovPrefix CovItemPrefix="game.Bomb.java">
<Cov CovItemId="B2" Value="1"/>
<Cov CovItemId="B4" Value="384"/>
<Cov CovItemId="S1" Value="12"/>
<Cov CovItemId="S10" Value="384"/>
<Cov CovItemId="S11" Value="384"/>
<Cov CovItemId="S2" Value="12"/>
<Cov CovItemId="S3" Value="12"/>
<Cov CovItemId="S4" Value="12"/>
<Cov CovItemId="S5" Value="12"/>
<Cov CovItemId="S6" Value="1"/>
<Cov CovItemId="S8" Value="384"/>
</CovPrefix>
<CovPrefix CovItemPrefix="game.ClearPiece.java">
<Cov CovItemId="B1" Value="72"/>
<Cov CovItemId="B2" Value="2"/>
<Cov CovItemId="B3" Value="283"/>
<Cov CovItemId="B4" Value="3840"/>
<Cov CovItemId="S1" Value="180"/>
<Cov CovItemId="S10" Value="126"/>
<Cov CovItemId="S2" Value="180"/>
<Cov CovItemId="S3" Value="74"/>
<Cov CovItemId="S4" Value="72"/>
<Cov CovItemId="S5" Value="4123"/>
<Cov CovItemId="S6" Value="283"/>
<Cov CovItemId="S7" Value="3840"/>
<Cov CovItemId="S8" Value="4123"/>
</CovPrefix>
<CovPrefix CovItemPrefix="game.Flag.java">
<Cov CovItemId="S1" Value="2"/>
<Cov CovItemId="S2" Value="2"/>
<Cov CovItemId="S3" Value="2"/>
<Cov CovItemId="S4" Value="2"/>
<Cov CovItemId="S5" Value="64"/>
</CovPrefix>
<CovPrefix CovItemPrefix="game.GameApplet.java">
<Cov CovItemId="S1" Value="1"/>
<Cov CovItemId="S2" Value="1"/>
<Cov CovItemId="S3" Value="1"/>
</CovPrefix>
<CovPrefix CovItemPrefix="game.GameBoard.java">
<Cov CovItemId="B1" Value="32"/>
<Cov CovItemId="B10" Value="17"/>
<Cov CovItemId="B11" Value="45"/>
<Cov CovItemId="B12" Value="10"/>
<Cov CovItemId="B14" Value="10"/>
<Cov CovItemId="B15" Value="21"/>
<Cov CovItemId="B16" Value="5"/>
<Cov CovItemId="B18" Value="5"/>
<Cov CovItemId="B19" Value="54"/>
<Cov CovItemId="B20" Value="4"/>
<Cov CovItemId="B22" Value="4"/>
<Cov CovItemId="B23" Value="21"/>
<Cov CovItemId="B24" Value="15"/>
<Cov CovItemId="B26" Value="15"/>
<Cov CovItemId="B27" Value="17"/>
<Cov CovItemId="B29" Value="16"/>
<Cov CovItemId="B30" Value="1"/>
<Cov CovItemId="B31" Value="14"/>
<Cov CovItemId="B32" Value="3"/>
<Cov CovItemId="B33" Value="13"/>
<Cov CovItemId="B34" Value="1"/>
<Cov CovItemId="B35" Value="17"/>
<Cov CovItemId="B37" Value="17"/>
<Cov CovItemId="B39" Value="17"/>
<Cov CovItemId="B4" Value="32"/>
<Cov CovItemId="B41" Value="16"/>
<Cov CovItemId="B42" Value="1"/>
<Cov CovItemId="B6" Value="32"/>
<Cov CovItemId="B8" Value="32"/>
<Cov CovItemId="B9" Value="15"/>
<Cov CovItemId="L1-2" Value="1"/>
<Cov CovItemId="L10-0" Value="3"/>
<Cov CovItemId="L10-1" Value="6"/>
<Cov CovItemId="L10-2" Value="6"/>
<Cov CovItemId="L11-1" Value="1"/>
<Cov CovItemId="L11-2" Value="14"/>
<Cov CovItemId="L12-1" Value="5"/>
<Cov CovItemId="L12-2" Value="10"/>
<Cov CovItemId="L2-2" Value="10"/>
<Cov CovItemId="L3-2" Value="1"/>
<Cov CovItemId="L4-2" Value="10"/>
<Cov CovItemId="L5-2" Value="32"/>
<Cov CovItemId="L6-2" Value="320"/>
<Cov CovItemId="L7-2" Value="32"/>
<Cov CovItemId="L8-2" Value="320"/>
<Cov CovItemId="L9-0" Value="1"/>
<Cov CovItemId="L9-1" Value="3"/>
<Cov CovItemId="L9-2" Value="11"/>
<Cov CovItemId="S1" Value="1"/>
<Cov CovItemId="S10" Value="10"/>
<Cov CovItemId="S100" Value="32"/>
<Cov CovItemId="S101" Value="32"/>
<Cov CovItemId="S102" Value="32"/>
<Cov CovItemId="S103" Value="32"/>
<Cov CovItemId="S104" Value="32"/>
<Cov CovItemId="S105" Value="32"/>
<Cov CovItemId="S106" Value="32"/>
<Cov CovItemId="S107" Value="32"/>
<Cov CovItemId="S108" Value="32"/>
<Cov CovItemId="S109" Value="32"/>
<Cov CovItemId="S11" Value="100"/>
<Cov CovItemId="S110" Value="32"/>
<Cov CovItemId="S111" Value="32"/>
<Cov CovItemId="S112" Value="32"/>
<Cov CovItemId="S113" Value="32"/>
<Cov CovItemId="S114" Value="32"/>
<Cov CovItemId="S115" Value="32"/>
<Cov CovItemId="S12" Value="100"/>
<Cov CovItemId="S13" Value="1"/>
<Cov CovItemId="S14" Value="10"/>
<Cov CovItemId="S15" Value="40"/>
<Cov CovItemId="S16" Value="40"/>
<Cov CovItemId="S17" Value="40"/>
<Cov CovItemId="S18" Value="140"/>
<Cov CovItemId="S19" Value="140"/>
<Cov CovItemId="S2" Value="1"/>
<Cov CovItemId="S20" Value="140"/>
<Cov CovItemId="S21" Value="140"/>
<Cov CovItemId="S22" Value="140"/>
<Cov CovItemId="S23" Value="140"/>
<Cov CovItemId="S24" Value="140"/>
<Cov CovItemId="S25" Value="140"/>
<Cov CovItemId="S26" Value="140"/>
<Cov CovItemId="S27" Value="140"/>
<Cov CovItemId="S28" Value="32"/>
<Cov CovItemId="S29" Value="32"/>
<Cov CovItemId="S3" Value="1"/>
<Cov CovItemId="S31" Value="32"/>
<Cov CovItemId="S33" Value="32"/>
<Cov CovItemId="S34" Value="32"/>
<Cov CovItemId="S35" Value="320"/>
<Cov CovItemId="S36" Value="3200"/>
<Cov CovItemId="S37" Value="32"/>
<Cov CovItemId="S38" Value="32"/>
<Cov CovItemId="S39" Value="32"/>
<Cov CovItemId="S4" Value="1"/>
<Cov CovItemId="S40" Value="320"/>
<Cov CovItemId="S41" Value="3200"/>
<Cov CovItemId="S42" Value="32"/>
<Cov CovItemId="S43" Value="32"/>
<Cov CovItemId="S45" Value="32"/>
<Cov CovItemId="S46" Value="32"/>
<Cov CovItemId="S47" Value="32"/>
<Cov CovItemId="S48" Value="32"/>
<Cov CovItemId="S49" Value="32"/>
<Cov CovItemId="S5" Value="1"/>
<Cov CovItemId="S50" Value="15"/>
<Cov CovItemId="S51" Value="55"/>
<Cov CovItemId="S52" Value="55"/>
<Cov CovItemId="S53" Value="45"/>
<Cov CovItemId="S54" Value="10"/>
<Cov CovItemId="S57" Value="10"/>
<Cov CovItemId="S58" Value="15"/>
<Cov CovItemId="S59" Value="26"/>
<Cov CovItemId="S6" Value="1"/>
<Cov CovItemId="S60" Value="26"/>
<Cov CovItemId="S61" Value="21"/>
<Cov CovItemId="S62" Value="5"/>
<Cov CovItemId="S65" Value="5"/>
<Cov CovItemId="S66" Value="15"/>
<Cov CovItemId="S67" Value="58"/>
<Cov CovItemId="S68" Value="58"/>
<Cov CovItemId="S69" Value="54"/>
<Cov CovItemId="S7" Value="1"/>
<Cov CovItemId="S70" Value="4"/>
<Cov CovItemId="S73" Value="4"/>
<Cov CovItemId="S74" Value="15"/>
<Cov CovItemId="S75" Value="36"/>
<Cov CovItemId="S76" Value="36"/>
<Cov CovItemId="S77" Value="21"/>
<Cov CovItemId="S78" Value="15"/>
<Cov CovItemId="S8" Value="1"/>
<Cov CovItemId="S81" Value="15"/>
<Cov CovItemId="S82" Value="17"/>
<Cov CovItemId="S83" Value="17"/>
<Cov CovItemId="S84" Value="17"/>
<Cov CovItemId="S85" Value="16"/>
<Cov CovItemId="S86" Value="17"/>
<Cov CovItemId="S87" Value="14"/>
<Cov CovItemId="S88" Value="14"/>
<Cov CovItemId="S89" Value="13"/>
<Cov CovItemId="S9" Value="1"/>
<Cov CovItemId="S90" Value="17"/>
<Cov CovItemId="S91" Value="17"/>
<Cov CovItemId="S92" Value="17"/>
<Cov CovItemId="S93" Value="17"/>
<Cov CovItemId="S94" Value="17"/>
<Cov CovItemId="S95" Value="17"/>
<Cov CovItemId="S96" Value="17"/>
<Cov CovItemId="S97" Value="16"/>
<Cov CovItemId="S98" Value="32"/>
<Cov CovItemId="S99" Value="32"/>
</CovPrefix>
<CovPrefix CovItemPrefix="game.GameBoardFrame.java">
<Cov CovItemId="S1" Value="2"/>
<Cov CovItemId="S2" Value="2"/>
<Cov CovItemId="S3" Value="2"/>
<Cov CovItemId="S4" Value="2"/>
<Cov CovItemId="S5" Value="2"/>
<Cov CovItemId="S6" Value="2"/>
<Cov CovItemId="S7" Value="2"/>
</CovPrefix>
<CovPrefix CovItemPrefix="game.PieceFactory.java">
<Cov CovItemId="S1" Value="12"/>
<Cov CovItemId="S10" Value="2"/>
<Cov CovItemId="S11" Value="2"/>
<Cov CovItemId="S12" Value="4"/>
<Cov CovItemId="S13" Value="4"/>
<Cov CovItemId="S14" Value="6"/>
<Cov CovItemId="S15" Value="6"/>
<Cov CovItemId="S16" Value="8"/>
<Cov CovItemId="S17" Value="8"/>
<Cov CovItemId="S18" Value="8"/>
<Cov CovItemId="S19" Value="8"/>
<Cov CovItemId="S2" Value="12"/>
<Cov CovItemId="S20" Value="8"/>
<Cov CovItemId="S21" Value="8"/>
<Cov CovItemId="S22" Value="10"/>
<Cov CovItemId="S23" Value="10"/>
<Cov CovItemId="S24" Value="16"/>
<Cov CovItemId="S25" Value="16"/>
<Cov CovItemId="S3" Value="180"/>
<Cov CovItemId="S4" Value="2"/>
<Cov CovItemId="S5" Value="2"/>
<Cov CovItemId="S6" Value="2"/>
<Cov CovItemId="S7" Value="2"/>
<Cov CovItemId="S8" Value="2"/>
<Cov CovItemId="S9" Value="2"/>
</CovPrefix>
<CovPrefix CovItemPrefix="game.PlayerBoard.java">
<Cov CovItemId="S1" Value="2"/>
<Cov CovItemId="S11" Value="2"/>
<Cov CovItemId="S13" Value="3"/>
<Cov CovItemId="S14" Value="1"/>
<Cov CovItemId="S15" Value="1"/>
<Cov CovItemId="S16" Value="1"/>
<Cov CovItemId="S17" Value="1"/>
<Cov CovItemId="S18" Value="1"/>
<Cov CovItemId="S19" Value="1"/>
<Cov CovItemId="S2" Value="2"/>
<Cov CovItemId="S3" Value="2"/>
<Cov CovItemId="S4" Value="2"/>
<Cov CovItemId="S5" Value="2"/>
<Cov CovItemId="S6" Value="2"/>
<Cov CovItemId="S7" Value="2"/>
<Cov CovItemId="S8" Value="2"/>
<Cov CovItemId="S9" Value="2"/>
</CovPrefix>
<CovPrefix CovItemPrefix="game.SetupBoard.java">
<Cov CovItemId="B1" Value="40"/>
<Cov CovItemId="B2" Value="80"/>
<Cov CovItemId="B3" Value="1"/>
<Cov CovItemId="B4" Value="39"/>
<Cov CovItemId="B5" Value="40"/>
<Cov CovItemId="B6" Value="40"/>
<Cov CovItemId="L1-2" Value="2"/>
<Cov CovItemId="L10-2" Value="8"/>
<Cov CovItemId="L2-2" Value="2"/>
<Cov CovItemId="L3-2" Value="2"/>
<Cov CovItemId="L4-2" Value="2"/>
<Cov CovItemId="L5-2" Value="2"/>
<Cov CovItemId="L6-2" Value="2"/>
<Cov CovItemId="L7-2" Value="2"/>
<Cov CovItemId="L8-2" Value="2"/>
<Cov CovItemId="L9-2" Value="2"/>
<Cov CovItemId="S1" Value="1"/>
<Cov CovItemId="S10" Value="2"/>
<Cov CovItemId="S11" Value="2"/>
<Cov CovItemId="S12" Value="12"/>
<Cov CovItemId="S13" Value="2"/>
<Cov CovItemId="S14" Value="2"/>
<Cov CovItemId="S15" Value="16"/>
<Cov CovItemId="S16" Value="2"/>
<Cov CovItemId="S17" Value="10"/>
<Cov CovItemId="S18" Value="2"/>
<Cov CovItemId="S19" Value="8"/>
<Cov CovItemId="S2" Value="2"/>
<Cov CovItemId="S20" Value="2"/>
<Cov CovItemId="S21" Value="8"/>
<Cov CovItemId="S22" Value="2"/>
<Cov CovItemId="S23" Value="8"/>
<Cov CovItemId="S24" Value="2"/>
<Cov CovItemId="S25" Value="6"/>
<Cov CovItemId="S26" Value="2"/>
<Cov CovItemId="S27" Value="4"/>
<Cov CovItemId="S28" Value="2"/>
<Cov CovItemId="S29" Value="2"/>
<Cov CovItemId="S3" Value="2"/>
<Cov CovItemId="S30" Value="2"/>
<Cov CovItemId="S31" Value="8"/>
<Cov CovItemId="S32" Value="80"/>
<Cov CovItemId="S33" Value="80"/>
<Cov CovItemId="S34" Value="80"/>
<Cov CovItemId="S35" Value="80"/>
<Cov CovItemId="S36" Value="120"/>
<Cov CovItemId="S37" Value="120"/>
<Cov CovItemId="S38" Value="120"/>
<Cov CovItemId="S39" Value="120"/>
<Cov CovItemId="S4" Value="2"/>
<Cov CovItemId="S40" Value="120"/>
<Cov CovItemId="S41" Value="120"/>
<Cov CovItemId="S42" Value="40"/>
<Cov CovItemId="S43" Value="120"/>
<Cov CovItemId="S44" Value="120"/>
<Cov CovItemId="S45" Value="120"/>
<Cov CovItemId="S46" Value="120"/>
<Cov CovItemId="S47" Value="120"/>
<Cov CovItemId="S48" Value="120"/>
<Cov CovItemId="S49" Value="40"/>
<Cov CovItemId="S5" Value="2"/>
<Cov CovItemId="S50" Value="40"/>
<Cov CovItemId="S51" Value="40"/>
<Cov CovItemId="S52" Value="40"/>
<Cov CovItemId="S53" Value="40"/>
<Cov CovItemId="S54" Value="40"/>
<Cov CovItemId="S55" Value="1"/>
<Cov CovItemId="S56" Value="40"/>
<Cov CovItemId="S57" Value="40"/>
<Cov CovItemId="S58" Value="40"/>
<Cov CovItemId="S59" Value="40"/>
<Cov CovItemId="S6" Value="2"/>
<Cov CovItemId="S60" Value="40"/>
<Cov CovItemId="S61" Value="40"/>
<Cov CovItemId="S62" Value="40"/>
<Cov CovItemId="S63" Value="40"/>
<Cov CovItemId="S64" Value="40"/>
<Cov CovItemId="S65" Value="40"/>
<Cov CovItemId="S66" Value="40"/>
<Cov CovItemId="S67" Value="40"/>
<Cov CovItemId="S7" Value="2"/>
<Cov CovItemId="S8" Value="2"/>
<Cov CovItemId="S80" Value="2"/>
<Cov CovItemId="S9" Value="2"/>
</CovPrefix>
<CovPrefix CovItemPrefix="game.Soldier.java">
<Cov CovItemId="B1" Value="32"/>
<Cov CovItemId="B2" Value="2112"/>
<Cov CovItemId="B4" Value="32"/>
<Cov CovItemId="S1" Value="66"/>
<Cov CovItemId="S10" Value="32"/>
<Cov CovItemId="S11" Value="2112"/>
<Cov CovItemId="S12" Value="2144"/>
<Cov CovItemId="S13" Value="32"/>
<Cov CovItemId="S15" Value="32"/>
<Cov CovItemId="S2" Value="66"/>
<Cov CovItemId="S3" Value="66"/>
<Cov CovItemId="S4" Value="66"/>
<Cov CovItemId="S5" Value="66"/>
<Cov CovItemId="S9" Value="2144"/>
</CovPrefix>
</CovList>
<AssgnmntList>
<AssgnmntPrefix RootTermCovItemPrefix="game.Bomb.java">
<AssgnmntListEntry Length="1" RootTermCovItemId="C1">
<MapEntry BoolAssgnmnt="0" Value="1"/>
</AssgnmntListEntry>
<AssgnmntListEntry Length="1" RootTermCovItemId="C2">
<MapEntry BoolAssgnmnt="0" Value="384"/>
</AssgnmntListEntry>
</AssgnmntPrefix>
<AssgnmntPrefix RootTermCovItemPrefix="game.ClearPiece.java">
<AssgnmntListEntry Length="1" RootTermCovItemId="C1">
<MapEntry BoolAssgnmnt="0" Value="2"/>
<MapEntry BoolAssgnmnt="1" Value="72"/>
</AssgnmntListEntry>
<AssgnmntListEntry Length="1" RootTermCovItemId="C2">
<MapEntry BoolAssgnmnt="0" Value="3840"/>
<MapEntry BoolAssgnmnt="1" Value="283"/>
</AssgnmntListEntry>
</AssgnmntPrefix>
<AssgnmntPrefix RootTermCovItemPrefix="game.GameBoard.java">
<AssgnmntListEntry Length="1" RootTermCovItemId="C1">
<MapEntry BoolAssgnmnt="0" Value="1"/>
<MapEntry BoolAssgnmnt="1" Value="10"/>
</AssgnmntListEntry>
<AssgnmntListEntry Length="1" RootTermCovItemId="C10">
<MapEntry BoolAssgnmnt="0" Value="5"/>
<MapEntry BoolAssgnmnt="1" Value="55"/>
</AssgnmntListEntry>
<AssgnmntListEntry Length="1" RootTermCovItemId="C11">
<MapEntry BoolAssgnmnt="0" Value="10"/>
<MapEntry BoolAssgnmnt="1" Value="45"/>
</AssgnmntListEntry>
<AssgnmntListEntry Length="1" RootTermCovItemId="C12">
<MapEntry BoolAssgnmnt="0" Value="10"/>
</AssgnmntListEntry>
<AssgnmntListEntry Length="1" RootTermCovItemId="C13">
<MapEntry BoolAssgnmnt="0" Value="10"/>
<MapEntry BoolAssgnmnt="1" Value="26"/>
</AssgnmntListEntry>
<AssgnmntListEntry Length="1" RootTermCovItemId="C14">
<MapEntry BoolAssgnmnt="0" Value="5"/>
<MapEntry BoolAssgnmnt="1" Value="21"/>
</AssgnmntListEntry>
<AssgnmntListEntry Length="1" RootTermCovItemId="C15">
<MapEntry BoolAssgnmnt="0" Value="5"/>
</AssgnmntListEntry>
<AssgnmntListEntry Length="1" RootTermCovItemId="C16">
<MapEntry BoolAssgnmnt="0" Value="11"/>
<MapEntry BoolAssgnmnt="1" Value="58"/>
</AssgnmntListEntry>
<AssgnmntListEntry Length="1" RootTermCovItemId="C17">
<MapEntry BoolAssgnmnt="0" Value="4"/>
<MapEntry BoolAssgnmnt="1" Value="54"/>
</AssgnmntListEntry>
<AssgnmntListEntry Length="1" RootTermCovItemId="C18">
<MapEntry BoolAssgnmnt="0" Value="4"/>
</AssgnmntListEntry>
<AssgnmntListEntry Length="1" RootTermCovItemId="C19">
<MapEntry BoolAssgnmnt="1" Value="36"/>
</AssgnmntListEntry>
<AssgnmntListEntry Length="1" RootTermCovItemId="C2">
<MapEntry BoolAssgnmnt="0" Value="10"/>
<MapEntry BoolAssgnmnt="1" Value="100"/>
</AssgnmntListEntry>
<AssgnmntListEntry Length="1" RootTermCovItemId="C20">
<MapEntry BoolAssgnmnt="0" Value="15"/>
<MapEntry BoolAssgnmnt="1" Value="21"/>
</AssgnmntListEntry>
<AssgnmntListEntry Length="1" RootTermCovItemId="C21">
<MapEntry BoolAssgnmnt="0" Value="15"/>
</AssgnmntListEntry>
<AssgnmntListEntry Length="1" RootTermCovItemId="C22">
<MapEntry BoolAssgnmnt="1" Value="17"/>
</AssgnmntListEntry>
<AssgnmntListEntry Length="1" RootTermCovItemId="C23">
<MapEntry BoolAssgnmnt="0" Value="1"/>
<MapEntry BoolAssgnmnt="1" Value="16"/>
</AssgnmntListEntry>
<AssgnmntListEntry Length="1" RootTermCovItemId="C24">
<MapEntry BoolAssgnmnt="0" Value="3"/>
<MapEntry BoolAssgnmnt="1" Value="14"/>
</AssgnmntListEntry>
<AssgnmntListEntry Length="1" RootTermCovItemId="C25">
<MapEntry BoolAssgnmnt="0" Value="1"/>
<MapEntry BoolAssgnmnt="1" Value="13"/>
</AssgnmntListEntry>
<AssgnmntListEntry Length="1" RootTermCovItemId="C26">
<MapEntry BoolAssgnmnt="1" Value="17"/>
</AssgnmntListEntry>
<AssgnmntListEntry Length="1" RootTermCovItemId="C27">
<MapEntry BoolAssgnmnt="1" Value="17"/>
</AssgnmntListEntry>
<AssgnmntListEntry Length="1" RootTermCovItemId="C28">
<MapEntry BoolAssgnmnt="1" Value="17"/>
</AssgnmntListEntry>
<AssgnmntListEntry Length="1" RootTermCovItemId="C29">
<MapEntry BoolAssgnmnt="0" Value="1"/>
<MapEntry BoolAssgnmnt="1" Value="16"/>
</AssgnmntListEntry>
<AssgnmntListEntry Length="1" RootTermCovItemId="C3">
<MapEntry BoolAssgnmnt="0" Value="1"/>
<MapEntry BoolAssgnmnt="1" Value="10"/>
</AssgnmntListEntry>
<AssgnmntListEntry Length="1" RootTermCovItemId="C4">
<MapEntry BoolAssgnmnt="0" Value="10"/>
<MapEntry BoolAssgnmnt="1" Value="40"/>
</AssgnmntListEntry>
<AssgnmntListEntry Length="1" RootTermCovItemId="C5">
<MapEntry BoolAssgnmnt="1" Value="32"/>
</AssgnmntListEntry>
<AssgnmntListEntry Length="1" RootTermCovItemId="C6">
<MapEntry BoolAssgnmnt="0" Value="32"/>
</AssgnmntListEntry>
<AssgnmntListEntry Length="1" RootTermCovItemId="C7">
<MapEntry BoolAssgnmnt="0" Value="32"/>
</AssgnmntListEntry>
<AssgnmntListEntry Length="1" RootTermCovItemId="C8">
<MapEntry BoolAssgnmnt="0" Value="32"/>
</AssgnmntListEntry>
<AssgnmntListEntry Length="1" RootTermCovItemId="C9">
<MapEntry BoolAssgnmnt="0" Value="17"/>
<MapEntry BoolAssgnmnt="1" Value="15"/>
</AssgnmntListEntry>
</AssgnmntPrefix>
<AssgnmntPrefix RootTermCovItemPrefix="game.SetupBoard.java">
<AssgnmntListEntry Length="1" RootTermCovItemId="C1">
<MapEntry BoolAssgnmnt="0" Value="2"/>
<MapEntry BoolAssgnmnt="1" Value="12"/>
</AssgnmntListEntry>
<AssgnmntListEntry Length="1" RootTermCovItemId="C10">
<MapEntry BoolAssgnmnt="0" Value="8"/>
<MapEntry BoolAssgnmnt="1" Value="80"/>
</AssgnmntListEntry>
<AssgnmntListEntry Length="1" RootTermCovItemId="C11">
<MapEntry BoolAssgnmnt="0" Value="80"/>
<MapEntry BoolAssgnmnt="1" Value="40"/>
</AssgnmntListEntry>
<AssgnmntListEntry Length="1" RootTermCovItemId="C12">
<MapEntry BoolAssgnmnt="0" Value="39"/>
<MapEntry BoolAssgnmnt="1" Value="1"/>
</AssgnmntListEntry>
<AssgnmntListEntry Length="1" RootTermCovItemId="C13">
<MapEntry BoolAssgnmnt="1" Value="40"/>
</AssgnmntListEntry>
<AssgnmntListEntry Length="1" RootTermCovItemId="C2">
<MapEntry BoolAssgnmnt="0" Value="2"/>
<MapEntry BoolAssgnmnt="1" Value="16"/>
</AssgnmntListEntry>
<AssgnmntListEntry Length="1" RootTermCovItemId="C3">
<MapEntry BoolAssgnmnt="0" Value="2"/>
<MapEntry BoolAssgnmnt="1" Value="10"/>
</AssgnmntListEntry>
<AssgnmntListEntry Length="1" RootTermCovItemId="C4">
<MapEntry BoolAssgnmnt="0" Value="2"/>
<MapEntry BoolAssgnmnt="1" Value="8"/>
</AssgnmntListEntry>
<AssgnmntListEntry Length="1" RootTermCovItemId="C5">
<MapEntry BoolAssgnmnt="0" Value="2"/>
<MapEntry BoolAssgnmnt="1" Value="8"/>
</AssgnmntListEntry>
<AssgnmntListEntry Length="1" RootTermCovItemId="C6">
<MapEntry BoolAssgnmnt="0" Value="2"/>
<MapEntry BoolAssgnmnt="1" Value="8"/>
</AssgnmntListEntry>
<AssgnmntListEntry Length="1" RootTermCovItemId="C7">
<MapEntry BoolAssgnmnt="0" Value="2"/>
<MapEntry BoolAssgnmnt="1" Value="6"/>
</AssgnmntListEntry>
<AssgnmntListEntry Length="1" RootTermCovItemId="C8">
<MapEntry BoolAssgnmnt="0" Value="2"/>
<MapEntry BoolAssgnmnt="1" Value="4"/>
</AssgnmntListEntry>
<AssgnmntListEntry Length="1" RootTermCovItemId="C9">
<MapEntry BoolAssgnmnt="0" Value="2"/>
<MapEntry BoolAssgnmnt="1" Value="8"/>
</AssgnmntListEntry>
</AssgnmntPrefix>
<AssgnmntPrefix RootTermCovItemPrefix="game.Soldier.java">
<AssgnmntListEntry Length="1" RootTermCovItemId="C1">
<MapEntry BoolAssgnmnt="0" Value="2112"/>
<MapEntry BoolAssgnmnt="1" Value="32"/>
</AssgnmntListEntry>
<AssgnmntListEntry Length="1" RootTermCovItemId="C2">
<MapEntry BoolAssgnmnt="0" Value="32"/>
</AssgnmntListEntry>
</AssgnmntPrefix>
</AssgnmntList>
<ObjMetaDataList/>
<MetaDataList/>
</TestCase>
<MetaDataList/>
</TestSession>
</TestSessionContainer>
