<?xml version="1.0" encoding="UTF-8"?><TestSessionContainer xmlns="http://www.codecover.org/xml/testsession-container" Date="1430352836726" TestSessionContainerId="f6637fee-d8d5-4399-a8b3-0b2bfa8ec2ea" version="1.0">
<SrcFileList>
<SrcFile Content="package game;&#13;&#10;&#13;&#10;import java.awt.Color;&#13;&#10;import java.awt.Point;&#13;&#10;import java.awt.event.ActionEvent;&#13;&#10;&#13;&#10;import javax.swing.border.LineBorder;&#13;&#10;&#13;&#10;public class Bomb extends AbstractPiece{&#13;&#10;&#9;&#13;&#10;&#9;public Bomb() {&#13;&#10;&#9;&#9;setText(&quot;Bomb&quot;);&#13;&#10;&#9;&#9;setBackground(Color.GREEN);&#13;&#10;&#9;&#9;this.rank = rank;&#13;&#10;&#9;&#9;this.name = &quot;Bomb&quot;;&#13;&#10;&#9;&#9;addActionListener(this);&#13;&#10;&#9;}&#13;&#10;&#13;&#10;&#9;@Override&#13;&#10;&#9;public void actionPerformed(ActionEvent e) {&#13;&#10;&#9;&#9;if (selected) {&#13;&#10;&#9;&#9;&#9;observer.selectedButtonPressed(location);&#13;&#10;&#9;&#9;} else {&#13;&#10;&#9;&#9;&#9;//observer.nonSelectedButtonPressed(location);&#13;&#10;&#9;&#9;}&#13;&#10;&#9;}&#13;&#10;&#13;&#10;&#9;@Override&#13;&#10;&#9;public void setSelected(boolean selected) {&#13;&#10;&#9;&#9;if (selected) {&#13;&#10;&#9;&#9;&#9;this.setBorder(new LineBorder(Color.YELLOW, 5));&#13;&#10;&#9;&#9;} else {&#13;&#10;&#9;&#9;&#9;this.setBorder(new LineBorder(Color.GRAY, 1));&#13;&#10;&#9;&#9;}&#13;&#10;&#9;&#9;this.selected = selected;&#13;&#10;&#9;}&#13;&#10;&#13;&#10;&#9;@Override&#13;&#10;&#9;public void hide() {&#13;&#10;&#9;&#9;// TODO Auto-generated method stub&#13;&#10;&#9;&#9;&#13;&#10;&#9;}&#13;&#10;&#13;&#10;&#9;@Override&#13;&#10;&#9;public void show() {&#13;&#10;&#9;&#9;// TODO Auto-generated method stub&#13;&#10;&#9;&#9;&#13;&#10;&#9;}&#13;&#10;}&#13;&#10;" Filename="Bomb.java" Intrnl_Id="1"/>
<SrcFile Content="package game;&#13;&#10;&#13;&#10;import game.GameBoard.User;&#13;&#10;&#13;&#10;import java.awt.Point;&#13;&#10;import java.awt.event.ActionEvent;&#13;&#10;import java.awt.event.ActionListener;&#13;&#10;&#13;&#10;import javax.swing.JButton;&#13;&#10;&#13;&#10;public abstract class AbstractPiece extends JButton implements IPiece, ActionListener {&#13;&#10;&#13;&#10;&#9;protected Boolean selected = false;&#13;&#10;&#9;protected Point location = new Point();&#13;&#10;&#9;protected IPieceObserver observer;&#13;&#10;&#9;protected int rank;&#13;&#10;&#9;protected int boardIndex = 0;&#13;&#10;&#9;protected User owner;&#13;&#10;&#9;protected String name;&#13;&#10;&#13;&#10;&#9;@Override&#13;&#10;&#9;public abstract void actionPerformed(ActionEvent e);&#13;&#10;&#13;&#10;&#9;@Override&#13;&#10;&#9;public abstract void setSelected(boolean selected);&#13;&#10;&#13;&#10;&#9;@Override&#13;&#10;&#9;public abstract void hide();&#13;&#10;&#13;&#10;&#9;@Override&#13;&#10;&#9;public abstract void show();&#13;&#10;&#13;&#10;&#9;@Override&#13;&#10;&#9;public boolean isSelected() {&#13;&#10;&#9;&#9;return selected;&#13;&#10;&#9;}&#13;&#10;&#13;&#10;&#9;@Override&#13;&#10;&#9;public void setObserver(IPieceObserver observer) {&#13;&#10;&#9;&#9;this.observer = observer;&#13;&#10;&#9;}&#13;&#10;&#13;&#10;&#9;@Override&#13;&#10;&#9;public void setLocation(Point location) {&#13;&#10;&#9;&#9;this.location = location;&#13;&#10;&#9;&#13;&#10;&#9;}&#13;&#10;&#13;&#10;&#9;@Override&#13;&#10;&#9;public Point getLocation() {&#13;&#10;&#9;&#9;return this.location;&#13;&#10;&#9;} &#13;&#10;&#9;&#13;&#10;&#9;@Override&#13;&#10;&#9;public User getOwner() {&#13;&#10;&#9;&#9;return owner;&#13;&#10;&#9;}&#13;&#10;&#13;&#10;&#9;@Override&#13;&#10;&#9;public void setOwner(User owner) {&#13;&#10;&#9;&#9;this.owner = owner;&#13;&#10;&#9;}&#13;&#10;&#9;&#13;&#10;&#9;public String getName() {&#13;&#10;&#9;&#9;return name;&#13;&#10;&#9;}&#13;&#10;&#9;&#13;&#10;&#9;public int getRank() {&#13;&#10;&#9;&#9;return rank;&#13;&#10;&#9;}&#13;&#10;&#13;&#10;&#9;@Override&#13;&#10;&#9;public String toString() {&#13;&#10;&#9;&#9;return name + &quot;: &quot; + rank;&#13;&#10;&#9;}&#13;&#10;}&#13;&#10;" Filename="AbstractPiece.java" Intrnl_Id="2"/>
</SrcFileList>
<CritList>
<CritListEntry Name="org.codecover.model.utils.criteria.LoopCoverage" PluginName="org.codecover"/>
<CritListEntry Name="org.codecover.model.utils.criteria.BranchCoverage" PluginName="org.codecover"/>
<CritListEntry Name="org.codecover.model.utils.criteria.ConditionCoverage" PluginName="org.codecover"/>
<CritListEntry Name="org.codecover.model.utils.criteria.SynchronizedStatementCoverage" PluginName="org.codecover"/>
<CritListEntry Name="org.codecover.model.utils.criteria.QMOCoverage" PluginName="org.codecover"/>
<CritListEntry Name="org.codecover.model.utils.criteria.StatementCoverage" PluginName="org.codecover"/>
</CritList>
<BoolOpList/>
<HierarchyLvlTypeList>
<HierarchyLvlType EnglishName="package" IntrnlName="package" Intrnl_Id="3"/>
<HierarchyLvlType EnglishName="class" IntrnlName="class" Intrnl_Id="4"/>
<HierarchyLvlType EnglishName="method" IntrnlName="method" Intrnl_Id="5"/>
<HierarchyLvlType EnglishName="default package" IntrnlName="default package" Intrnl_Id="6"/>
</HierarchyLvlTypeList>
<MASTRoot>
<HierarchyLvl HierarchyLvlId="181" HierarchyLvlTypeId="6" Intrnl_Id="7" Name="default package">
<Header/>
<LocList/>
<HierarchyLvl HierarchyLvlId="180" HierarchyLvlTypeId="3" Intrnl_Id="8" Name="game">
<Header/>
<LocList/>
<HierarchyLvl HierarchyLvlId="165" HierarchyLvlTypeId="4" Intrnl_Id="9" Name="Bomb">
<Header>
<Loc EndOffset="183" SrcFileId="1" StartOffset="144"/>
</Header>
<LocList>
<Loc EndOffset="932" SrcFileId="1" StartOffset="144"/>
</LocList>
<HierarchyLvl HierarchyLvlId="160" HierarchyLvlTypeId="5" Intrnl_Id="10" Name="Bomb">
<Header>
<Loc EndOffset="203" SrcFileId="1" StartOffset="190"/>
</Header>
<LocList>
<Loc EndOffset="332" SrcFileId="1" StartOffset="190"/>
</LocList>
<StmntSeq Intrnl_Id="11">
<LocList>
<Loc EndOffset="225" SrcFileId="1" StartOffset="209"/>
<Loc EndOffset="256" SrcFileId="1" StartOffset="229"/>
<Loc EndOffset="277" SrcFileId="1" StartOffset="260"/>
<Loc EndOffset="300" SrcFileId="1" StartOffset="281"/>
<Loc EndOffset="328" SrcFileId="1" StartOffset="304"/>
</LocList>
<BasicStmnt CovItemId="S1" CovItemPrefix="game.Bomb.java" Intrnl_Id="12">
<LocList>
<Loc EndOffset="225" SrcFileId="1" StartOffset="209"/>
</LocList>
</BasicStmnt>
<BasicStmnt CovItemId="S2" CovItemPrefix="game.Bomb.java" Intrnl_Id="13">
<LocList>
<Loc EndOffset="256" SrcFileId="1" StartOffset="229"/>
</LocList>
</BasicStmnt>
<BasicStmnt CovItemId="S3" CovItemPrefix="game.Bomb.java" Intrnl_Id="14">
<LocList>
<Loc EndOffset="277" SrcFileId="1" StartOffset="260"/>
</LocList>
</BasicStmnt>
<BasicStmnt CovItemId="S4" CovItemPrefix="game.Bomb.java" Intrnl_Id="15">
<LocList>
<Loc EndOffset="300" SrcFileId="1" StartOffset="281"/>
</LocList>
</BasicStmnt>
<BasicStmnt CovItemId="S5" CovItemPrefix="game.Bomb.java" Intrnl_Id="16">
<LocList>
<Loc EndOffset="328" SrcFileId="1" StartOffset="304"/>
</LocList>
</BasicStmnt>
</StmntSeq>
</HierarchyLvl>
<HierarchyLvl HierarchyLvlId="161" HierarchyLvlTypeId="5" Intrnl_Id="17" Name="actionPerformed">
<Header>
<Loc EndOffset="391" SrcFileId="1" StartOffset="337"/>
</Header>
<LocList>
<Loc EndOffset="530" SrcFileId="1" StartOffset="337"/>
</LocList>
<StmntSeq Intrnl_Id="18">
<LocList>
<Loc EndOffset="526" SrcFileId="1" StartOffset="397"/>
</LocList>
<CondStmnt CovItemId="S6" CovItemPrefix="game.Bomb.java" Intrnl_Id="19">
<Branch CovItemId="B1" CovItemPrefix="game.Bomb.java" Implct="false" Intrnl_Id="20">
<Cond/>
<LocList>
<Loc EndOffset="463" SrcFileId="1" StartOffset="411"/>
</LocList>
<StmntSeq Intrnl_Id="21">
<LocList>
<Loc EndOffset="458" SrcFileId="1" StartOffset="417"/>
</LocList>
<BasicStmnt CovItemId="S7" CovItemPrefix="game.Bomb.java" Intrnl_Id="22">
<LocList>
<Loc EndOffset="458" SrcFileId="1" StartOffset="417"/>
</LocList>
</BasicStmnt>
</StmntSeq>
</Branch>
<Branch CovItemId="B2" CovItemPrefix="game.Bomb.java" Implct="false" Intrnl_Id="23">
<Cond>
<Loc EndOffset="468" SrcFileId="1" StartOffset="464"/>
</Cond>
<LocList>
<Loc EndOffset="526" SrcFileId="1" StartOffset="469"/>
</LocList>
<StmntSeq Intrnl_Id="24">
<LocList/>
</StmntSeq>
</Branch>
<Keyword EndOffset="399" SrcFileId="1" StartOffset="397"/>
<LocList>
<Loc EndOffset="526" SrcFileId="1" StartOffset="397"/>
</LocList>
<RootTerm CovItemId="C1" CovItemPrefix="game.Bomb.java" Intrnl_Id="25">
<BasicBoolTerm Intrnl_Id="26">
<LocList>
<Loc EndOffset="409" SrcFileId="1" StartOffset="401"/>
</LocList>
</BasicBoolTerm>
</RootTerm>
</CondStmnt>
</StmntSeq>
</HierarchyLvl>
<HierarchyLvl HierarchyLvlId="162" HierarchyLvlTypeId="5" Intrnl_Id="27" Name="setSelected">
<Header>
<Loc EndOffset="588" SrcFileId="1" StartOffset="535"/>
</Header>
<LocList>
<Loc EndOffset="763" SrcFileId="1" StartOffset="535"/>
</LocList>
<StmntSeq Intrnl_Id="28">
<LocList>
<Loc EndOffset="730" SrcFileId="1" StartOffset="594"/>
<Loc EndOffset="759" SrcFileId="1" StartOffset="734"/>
</LocList>
<CondStmnt CovItemId="S8" CovItemPrefix="game.Bomb.java" Intrnl_Id="29">
<Branch CovItemId="B3" CovItemPrefix="game.Bomb.java" Implct="false" Intrnl_Id="30">
<Cond/>
<LocList>
<Loc EndOffset="667" SrcFileId="1" StartOffset="608"/>
</LocList>
<StmntSeq Intrnl_Id="31">
<LocList>
<Loc EndOffset="662" SrcFileId="1" StartOffset="614"/>
</LocList>
<BasicStmnt CovItemId="S9" CovItemPrefix="game.Bomb.java" Intrnl_Id="32">
<LocList>
<Loc EndOffset="662" SrcFileId="1" StartOffset="614"/>
</LocList>
</BasicStmnt>
</StmntSeq>
</Branch>
<Branch CovItemId="B4" CovItemPrefix="game.Bomb.java" Implct="false" Intrnl_Id="33">
<Cond>
<Loc EndOffset="672" SrcFileId="1" StartOffset="668"/>
</Cond>
<LocList>
<Loc EndOffset="730" SrcFileId="1" StartOffset="673"/>
</LocList>
<StmntSeq Intrnl_Id="34">
<LocList>
<Loc EndOffset="725" SrcFileId="1" StartOffset="679"/>
</LocList>
<BasicStmnt CovItemId="S10" CovItemPrefix="game.Bomb.java" Intrnl_Id="35">
<LocList>
<Loc EndOffset="725" SrcFileId="1" StartOffset="679"/>
</LocList>
</BasicStmnt>
</StmntSeq>
</Branch>
<Keyword EndOffset="596" SrcFileId="1" StartOffset="594"/>
<LocList>
<Loc EndOffset="730" SrcFileId="1" StartOffset="594"/>
</LocList>
<RootTerm CovItemId="C2" CovItemPrefix="game.Bomb.java" Intrnl_Id="36">
<BasicBoolTerm Intrnl_Id="37">
<LocList>
<Loc EndOffset="606" SrcFileId="1" StartOffset="598"/>
</LocList>
</BasicBoolTerm>
</RootTerm>
</CondStmnt>
<BasicStmnt CovItemId="S11" CovItemPrefix="game.Bomb.java" Intrnl_Id="38">
<LocList>
<Loc EndOffset="759" SrcFileId="1" StartOffset="734"/>
</LocList>
</BasicStmnt>
</StmntSeq>
</HierarchyLvl>
<HierarchyLvl HierarchyLvlId="163" HierarchyLvlTypeId="5" Intrnl_Id="39" Name="hide">
<Header>
<Loc EndOffset="798" SrcFileId="1" StartOffset="768"/>
</Header>
<LocList>
<Loc EndOffset="846" SrcFileId="1" StartOffset="768"/>
</LocList>
</HierarchyLvl>
<HierarchyLvl HierarchyLvlId="164" HierarchyLvlTypeId="5" Intrnl_Id="40" Name="show">
<Header>
<Loc EndOffset="881" SrcFileId="1" StartOffset="851"/>
</Header>
<LocList>
<Loc EndOffset="929" SrcFileId="1" StartOffset="851"/>
</LocList>
</HierarchyLvl>
</HierarchyLvl>
<HierarchyLvl HierarchyLvlId="179" HierarchyLvlTypeId="4" Intrnl_Id="41" Name="AbstractPiece">
<Header>
<Loc EndOffset="265" SrcFileId="2" StartOffset="180"/>
</Header>
<LocList>
<Loc EndOffset="1375" SrcFileId="2" StartOffset="180"/>
</LocList>
<StmntSeq Intrnl_Id="42">
<LocList>
<Loc EndOffset="307" SrcFileId="2" StartOffset="272"/>
<Loc EndOffset="349" SrcFileId="2" StartOffset="310"/>
<Loc EndOffset="440" SrcFileId="2" StartOffset="411"/>
</LocList>
<BasicStmnt CovItemId="S1" CovItemPrefix="game.AbstractPiece.java" Intrnl_Id="43">
<LocList>
<Loc EndOffset="307" SrcFileId="2" StartOffset="272"/>
</LocList>
</BasicStmnt>
<BasicStmnt CovItemId="S2" CovItemPrefix="game.AbstractPiece.java" Intrnl_Id="44">
<LocList>
<Loc EndOffset="349" SrcFileId="2" StartOffset="310"/>
</LocList>
</BasicStmnt>
<BasicStmnt CovItemId="S3" CovItemPrefix="game.AbstractPiece.java" Intrnl_Id="45">
<LocList>
<Loc EndOffset="440" SrcFileId="2" StartOffset="411"/>
</LocList>
</BasicStmnt>
</StmntSeq>
<HierarchyLvl HierarchyLvlId="166" HierarchyLvlTypeId="5" Intrnl_Id="46" Name="actionPerformed">
<Header>
<Loc EndOffset="557" SrcFileId="2" StartOffset="494"/>
</Header>
<LocList>
<Loc EndOffset="558" SrcFileId="2" StartOffset="494"/>
</LocList>
</HierarchyLvl>
<HierarchyLvl HierarchyLvlId="167" HierarchyLvlTypeId="5" Intrnl_Id="47" Name="setSelected">
<Header>
<Loc EndOffset="625" SrcFileId="2" StartOffset="563"/>
</Header>
<LocList>
<Loc EndOffset="626" SrcFileId="2" StartOffset="563"/>
</LocList>
</HierarchyLvl>
<HierarchyLvl HierarchyLvlId="168" HierarchyLvlTypeId="5" Intrnl_Id="48" Name="hide">
<Header>
<Loc EndOffset="670" SrcFileId="2" StartOffset="631"/>
</Header>
<LocList>
<Loc EndOffset="671" SrcFileId="2" StartOffset="631"/>
</LocList>
</HierarchyLvl>
<HierarchyLvl HierarchyLvlId="169" HierarchyLvlTypeId="5" Intrnl_Id="49" Name="show">
<Header>
<Loc EndOffset="715" SrcFileId="2" StartOffset="676"/>
</Header>
<LocList>
<Loc EndOffset="716" SrcFileId="2" StartOffset="676"/>
</LocList>
</HierarchyLvl>
<HierarchyLvl HierarchyLvlId="170" HierarchyLvlTypeId="5" Intrnl_Id="50" Name="isSelected">
<Header>
<Loc EndOffset="760" SrcFileId="2" StartOffset="721"/>
</Header>
<LocList>
<Loc EndOffset="786" SrcFileId="2" StartOffset="721"/>
</LocList>
<StmntSeq Intrnl_Id="51">
<LocList>
<Loc EndOffset="782" SrcFileId="2" StartOffset="766"/>
</LocList>
<BasicStmnt CovItemId="S4" CovItemPrefix="game.AbstractPiece.java" Intrnl_Id="52">
<LocList>
<Loc EndOffset="782" SrcFileId="2" StartOffset="766"/>
</LocList>
</BasicStmnt>
</StmntSeq>
</HierarchyLvl>
<HierarchyLvl HierarchyLvlId="171" HierarchyLvlTypeId="5" Intrnl_Id="53" Name="setObserver">
<Header>
<Loc EndOffset="851" SrcFileId="2" StartOffset="791"/>
</Header>
<LocList>
<Loc EndOffset="886" SrcFileId="2" StartOffset="791"/>
</LocList>
<StmntSeq Intrnl_Id="54">
<LocList>
<Loc EndOffset="882" SrcFileId="2" StartOffset="857"/>
</LocList>
<BasicStmnt CovItemId="S5" CovItemPrefix="game.AbstractPiece.java" Intrnl_Id="55">
<LocList>
<Loc EndOffset="882" SrcFileId="2" StartOffset="857"/>
</LocList>
</BasicStmnt>
</StmntSeq>
</HierarchyLvl>
<HierarchyLvl HierarchyLvlId="172" HierarchyLvlTypeId="5" Intrnl_Id="56" Name="setLocation">
<Header>
<Loc EndOffset="942" SrcFileId="2" StartOffset="891"/>
</Header>
<LocList>
<Loc EndOffset="980" SrcFileId="2" StartOffset="891"/>
</LocList>
<StmntSeq Intrnl_Id="57">
<LocList>
<Loc EndOffset="973" SrcFileId="2" StartOffset="948"/>
</LocList>
<BasicStmnt CovItemId="S6" CovItemPrefix="game.AbstractPiece.java" Intrnl_Id="58">
<LocList>
<Loc EndOffset="973" SrcFileId="2" StartOffset="948"/>
</LocList>
</BasicStmnt>
</StmntSeq>
</HierarchyLvl>
<HierarchyLvl HierarchyLvlId="173" HierarchyLvlTypeId="5" Intrnl_Id="59" Name="getLocation">
<Header>
<Loc EndOffset="1023" SrcFileId="2" StartOffset="985"/>
</Header>
<LocList>
<Loc EndOffset="1054" SrcFileId="2" StartOffset="985"/>
</LocList>
<StmntSeq Intrnl_Id="60">
<LocList>
<Loc EndOffset="1050" SrcFileId="2" StartOffset="1029"/>
</LocList>
<BasicStmnt CovItemId="S7" CovItemPrefix="game.AbstractPiece.java" Intrnl_Id="61">
<LocList>
<Loc EndOffset="1050" SrcFileId="2" StartOffset="1029"/>
</LocList>
</BasicStmnt>
</StmntSeq>
</HierarchyLvl>
<HierarchyLvl HierarchyLvlId="174" HierarchyLvlTypeId="5" Intrnl_Id="62" Name="getOwner">
<Header>
<Loc EndOffset="1095" SrcFileId="2" StartOffset="1061"/>
</Header>
<LocList>
<Loc EndOffset="1118" SrcFileId="2" StartOffset="1061"/>
</LocList>
<StmntSeq Intrnl_Id="63">
<LocList>
<Loc EndOffset="1114" SrcFileId="2" StartOffset="1101"/>
</LocList>
<BasicStmnt CovItemId="S8" CovItemPrefix="game.AbstractPiece.java" Intrnl_Id="64">
<LocList>
<Loc EndOffset="1114" SrcFileId="2" StartOffset="1101"/>
</LocList>
</BasicStmnt>
</StmntSeq>
</HierarchyLvl>
<HierarchyLvl HierarchyLvlId="175" HierarchyLvlTypeId="5" Intrnl_Id="65" Name="setOwner">
<Header>
<Loc EndOffset="1167" SrcFileId="2" StartOffset="1123"/>
</Header>
<LocList>
<Loc EndOffset="1196" SrcFileId="2" StartOffset="1123"/>
</LocList>
<StmntSeq Intrnl_Id="66">
<LocList>
<Loc EndOffset="1192" SrcFileId="2" StartOffset="1173"/>
</LocList>
<BasicStmnt CovItemId="S9" CovItemPrefix="game.AbstractPiece.java" Intrnl_Id="67">
<LocList>
<Loc EndOffset="1192" SrcFileId="2" StartOffset="1173"/>
</LocList>
</BasicStmnt>
</StmntSeq>
</HierarchyLvl>
<HierarchyLvl HierarchyLvlId="176" HierarchyLvlTypeId="5" Intrnl_Id="68" Name="getName">
<Header>
<Loc EndOffset="1225" SrcFileId="2" StartOffset="1202"/>
</Header>
<LocList>
<Loc EndOffset="1247" SrcFileId="2" StartOffset="1202"/>
</LocList>
<StmntSeq Intrnl_Id="69">
<LocList>
<Loc EndOffset="1243" SrcFileId="2" StartOffset="1231"/>
</LocList>
<BasicStmnt CovItemId="S10" CovItemPrefix="game.AbstractPiece.java" Intrnl_Id="70">
<LocList>
<Loc EndOffset="1243" SrcFileId="2" StartOffset="1231"/>
</LocList>
</BasicStmnt>
</StmntSeq>
</HierarchyLvl>
<HierarchyLvl HierarchyLvlId="177" HierarchyLvlTypeId="5" Intrnl_Id="71" Name="getRank">
<Header>
<Loc EndOffset="1273" SrcFileId="2" StartOffset="1253"/>
</Header>
<LocList>
<Loc EndOffset="1295" SrcFileId="2" StartOffset="1253"/>
</LocList>
<StmntSeq Intrnl_Id="72">
<LocList>
<Loc EndOffset="1291" SrcFileId="2" StartOffset="1279"/>
</LocList>
<BasicStmnt CovItemId="S11" CovItemPrefix="game.AbstractPiece.java" Intrnl_Id="73">
<LocList>
<Loc EndOffset="1291" SrcFileId="2" StartOffset="1279"/>
</LocList>
</BasicStmnt>
</StmntSeq>
</HierarchyLvl>
<HierarchyLvl HierarchyLvlId="178" HierarchyLvlTypeId="5" Intrnl_Id="74" Name="toString">
<Header>
<Loc EndOffset="1336" SrcFileId="2" StartOffset="1300"/>
</Header>
<LocList>
<Loc EndOffset="1372" SrcFileId="2" StartOffset="1300"/>
</LocList>
<StmntSeq Intrnl_Id="75">
<LocList>
<Loc EndOffset="1368" SrcFileId="2" StartOffset="1342"/>
</LocList>
<BasicStmnt CovItemId="S12" CovItemPrefix="game.AbstractPiece.java" Intrnl_Id="76">
<LocList>
<Loc EndOffset="1368" SrcFileId="2" StartOffset="1342"/>
</LocList>
</BasicStmnt>
</StmntSeq>
</HierarchyLvl>
</HierarchyLvl>
</HierarchyLvl>
</HierarchyLvl>
</MASTRoot>
</TestSessionContainer>
