<?xml version="1.0" encoding="UTF-8"?><TestSessionContainer xmlns="http://www.codecover.org/xml/testsession-container" Date="1429893590981" TestSessionContainerId="6a34641f-f3bb-47e1-bf48-27a551a0a49c" version="1.0">
<SrcFileList>
<SrcFile Content="package game;&#13;&#10;&#13;&#10;import java.awt.Color;&#13;&#10;import java.awt.event.ActionEvent;&#13;&#10;import javax.swing.border.LineBorder;&#13;&#10;&#13;&#10;public class Soldier extends AbstractPiece {&#13;&#10;&#9;&#13;&#10;&#9;public Soldier(int rank, String name) {&#13;&#10;&#9;&#9;setBackground(Color.GREEN);&#13;&#10;&#9;&#9;this.rank = rank;&#13;&#10;&#9;&#9;this.name = name;&#13;&#10;&#9;&#9;this.setText(&quot;&quot; + name + &quot; &quot; + &quot;(&quot; + rank + &quot;)&quot;);&#13;&#10;&#9;&#9;addActionListener(this);&#13;&#10;&#9;}&#13;&#10;&#13;&#10;&#9;public Soldier(int rank) {&#13;&#10;&#9;&#9;setBackground(Color.GREEN);&#13;&#10;&#9;&#9;this.rank = rank;&#13;&#10;&#9;&#9;addActionListener(this);&#13;&#10;&#9;}&#13;&#10;&#13;&#10;&#9;@Override&#13;&#10;&#9;public void setSelected(boolean selected) {&#13;&#10;&#9;&#9;if (selected) {&#13;&#10;&#9;&#9;&#9;this.setBorder(new LineBorder(Color.YELLOW, 5));&#13;&#10;&#9;&#9;} else {&#13;&#10;&#9;&#9;&#9;this.setBorder(new LineBorder(Color.GRAY, 1));&#13;&#10;&#9;&#9;}&#13;&#10;&#9;&#9;this.selected = selected;&#13;&#10;&#9;}&#13;&#10;&#13;&#10;&#9;@Override&#13;&#10;&#9;public void hide() {&#13;&#10;&#9;&#9;// TODO Auto-generated method stub&#13;&#10;&#13;&#10;&#9;}&#13;&#10;&#13;&#10;&#9;@Override&#13;&#10;&#9;public void show() {&#13;&#10;&#9;&#9;// TODO Auto-generated method stub&#13;&#10;&#13;&#10;&#9;}&#13;&#10;&#13;&#10;&#9;@Override&#13;&#10;&#9;public void actionPerformed(ActionEvent e) {&#13;&#10;&#9;&#9;if (selected) {&#13;&#10;&#9;&#9;&#9;observer.selectedButtonPressed(location);&#13;&#10;&#9;&#9;} else {&#13;&#10;&#9;&#9;&#9;observer.nonSelectedButtonPressed(location);&#13;&#10;&#9;&#9;}&#13;&#10;&#9;}&#13;&#10;&#9;&#13;&#10;}&#13;&#10;" Filename="Soldier.java" Intrnl_Id="1"/>
<SrcFile Content="package game;&#13;&#10;import game.GameBoard.User;&#13;&#10;&#13;&#10;import java.awt.BorderLayout;&#13;&#10;&#13;&#10;import javax.swing.JLabel;&#13;&#10;import javax.swing.JPanel;&#13;&#10;&#13;&#10;&#13;&#10;public class PlayerBoard extends JPanel {&#13;&#10;&#9;private User owner;&#13;&#10;&#9;private GameBoard board;&#13;&#10;&#9;&#13;&#10;&#9;public PlayerBoard(User owner) {&#13;&#10;&#9;&#9;this.setOwner(owner);&#13;&#10;&#9;&#9;BorderLayout layout = new BorderLayout();&#13;&#10;&#9;&#9;this.setLayout(layout);&#13;&#10;&#9;&#9;JLabel status = new JLabel(&quot;Test Label&quot;);&#13;&#10;&#9;&#9;this.add(status, BorderLayout.NORTH);&#13;&#10;&#9;&#9;this.setBoard(new GameBoard(owner));&#13;&#10;&#9;&#9;this.add(getBoard(), BorderLayout.CENTER);&#13;&#10;&#9;}&#13;&#10;&#9;&#13;&#10;&#9;public User getOwner() {&#13;&#10;&#9;&#9;return owner;&#13;&#10;&#9;}&#13;&#10;&#9;public void setOwner(User owner) {&#13;&#10;&#9;&#9;this.owner = owner;&#13;&#10;&#9;}&#13;&#10;&#9;&#13;&#10;&#9;public GameBoard getBoard() {&#13;&#10;&#9;&#9;return board;&#13;&#10;&#9;}&#13;&#10;&#9;public void setBoard(GameBoard board) {&#13;&#10;&#9;&#9;this.board = board;&#13;&#10;&#9;}&#13;&#10;}&#13;&#10;" Filename="PlayerBoard.java" Intrnl_Id="2"/>
<SrcFile Content="package game;&#13;&#10;&#13;&#10;public class PieceFactory {&#13;&#10;&#9;&#13;&#10;&#9;public static AbstractPiece createBomb() {&#13;&#10;&#9;&#9;AbstractPiece bomb = new Bomb();&#13;&#10;&#9;&#9;return bomb;&#13;&#10;&#9;}&#13;&#10;&#9;&#13;&#10;&#9;public static AbstractPiece createClearPiece() {&#13;&#10;&#9;&#9;return new ClearPiece();&#13;&#10;&#9;}&#13;&#10;&#9;&#13;&#10;&#9;public static AbstractPiece createFlag() {&#13;&#10;&#9;&#9;AbstractPiece flag = new Flag();&#13;&#10;&#9;&#9;return flag;&#13;&#10;&#9;}&#13;&#10;&#9;&#13;&#10;&#9;public static AbstractPiece createSpy() {&#13;&#10;&#9;&#9;AbstractPiece spy = new Soldier(0, &quot;Spy&quot;);&#13;&#10;&#9;&#9;return spy;&#13;&#10;&#9;}&#13;&#10;&#9;&#13;&#10;&#9;public static AbstractPiece createMarshall() {&#13;&#10;&#9;&#9;AbstractPiece soldier = new Soldier(9, &quot;Marsh&quot;);&#13;&#10;&#9;&#9;return soldier;&#13;&#10;&#9;}&#13;&#10;&#9;&#13;&#10;&#9;public static AbstractPiece createGeneral() {&#13;&#10;&#9;&#9;AbstractPiece soldier = new Soldier(8, &quot;General&quot;);&#13;&#10;&#9;&#9;return soldier;&#13;&#10;&#9;}&#13;&#10;&#9;&#13;&#10;&#9;public static AbstractPiece createColonel() {&#13;&#10;&#9;&#9;AbstractPiece soldier = new Soldier(7, &quot;Colonel&quot;);&#13;&#10;&#9;&#9;return soldier;&#13;&#10;&#9;}&#13;&#10;&#9;&#13;&#10;&#9;public static AbstractPiece createMajor() {&#13;&#10;&#9;&#9;AbstractPiece soldier = new Soldier(6, &quot;Major&quot;);&#13;&#10;&#9;&#9;return soldier;&#13;&#10;&#9;}&#13;&#10;&#13;&#10;&#9;public static AbstractPiece createCaptain() {&#13;&#10;&#9;&#9;AbstractPiece soldier = new Soldier(5, &quot;Captain&quot;);&#13;&#10;&#9;&#9;return soldier;&#13;&#10;&#9;}&#13;&#10;&#13;&#10;&#9;public static AbstractPiece createLieutenant() {&#13;&#10;&#9;&#9;AbstractPiece soldier = new Soldier(4, &quot;Lieut&quot;);&#13;&#10;&#9;&#9;return soldier;&#13;&#10;&#9;}&#13;&#10;&#13;&#10;&#9;public static AbstractPiece createSergeant() {&#13;&#10;&#9;&#9;AbstractPiece soldier = new Soldier(3, &quot;Sergeant&quot;);&#13;&#10;&#9;&#9;return soldier;&#13;&#10;&#9;}&#13;&#10;&#13;&#10;&#9;public static AbstractPiece createMiner() {&#13;&#10;&#9;&#9;AbstractPiece soldier = new Soldier(2, &quot;Miner&quot;);&#13;&#10;&#9;&#9;return soldier;&#13;&#10;&#9;}&#13;&#10;&#13;&#10;&#9;public static AbstractPiece createScout() {&#13;&#10;&#9;&#9;AbstractPiece soldier = new Soldier(1, &quot;Scout&quot;);&#13;&#10;&#9;&#9;return soldier;&#13;&#10;&#9;}&#13;&#10;&#13;&#10;}&#13;&#10;" Filename="PieceFactory.java" Intrnl_Id="3"/>
<SrcFile Content="package game;&#13;&#10;&#13;&#10;import game.GameBoard.User;&#13;&#10;&#13;&#10;import java.awt.event.ActionEvent;&#13;&#10;&#13;&#10;public class Obstacle extends AbstractPiece {&#13;&#10;&#9;&#13;&#10;&#9;@Override&#13;&#10;&#9;public void actionPerformed(ActionEvent e) {&#13;&#10;&#9;&#9;// TODO Auto-generated method stub&#13;&#10;&#9;&#9;&#13;&#10;&#9;}&#13;&#10;&#13;&#10;&#9;@Override&#13;&#10;&#9;public void setSelected(boolean selected) {&#13;&#10;&#9;&#9;// TODO Auto-generated method stub&#13;&#10;&#9;&#9;&#13;&#10;&#9;}&#13;&#10;&#13;&#10;&#9;@Override&#13;&#10;&#9;public void hide() {&#13;&#10;&#9;&#9;// TODO Auto-generated method stub&#13;&#10;&#9;&#9;&#13;&#10;&#9;}&#13;&#10;&#13;&#10;&#9;@Override&#13;&#10;&#9;public void show() {&#13;&#10;&#9;&#9;// TODO Auto-generated method stub&#13;&#10;&#9;&#9;&#13;&#10;&#9;}&#13;&#10;&#9;&#13;&#10;&#9;@Override&#13;&#10;&#9;public void setOwner(User u) {&#13;&#10;&#9;&#9;this.owner = null;&#13;&#10;&#9;}&#13;&#10;&#9;&#13;&#10;&#9;@Override&#13;&#10;&#9;public User getOwner() {&#13;&#10;&#9;&#9;return null;&#13;&#10;&#9;}&#13;&#10;}&#13;&#10;" Filename="Obstacle.java" Intrnl_Id="4"/>
<SrcFile Content="package game;&#13;&#10;&#13;&#10;import java.awt.Point;&#13;&#10;&#13;&#10;//The GameBoard should implement this class and add itself as an observer to the IPiece&#13;&#10;public interface IPieceObserver {&#13;&#10;&#13;&#10;&#9;public void selectedButtonPressed(Point gridLocation);&#13;&#10;&#9;public void nonSelectedButtonPressed(Point gridLocation);&#13;&#10;}&#13;&#10;" Filename="IPieceObserver.java" Intrnl_Id="5"/>
<SrcFile Content="package game;&#13;&#10;&#13;&#10;import game.GameBoard.User;&#13;&#10;&#13;&#10;import java.awt.Point;&#13;&#10;&#13;&#10;public interface IPiece {&#13;&#10;&#9;public boolean isSelected();&#13;&#10;&#9;public void setSelected(boolean selected);&#13;&#10;&#9;public void hide();&#13;&#10;&#9;public void show();&#13;&#10;&#9;public void setObserver(IPieceObserver observer);&#13;&#10;&#9;public void setLocation(Point location);&#13;&#10;&#9;public Point getLocation();&#13;&#10;&#9;public User getOwner();&#13;&#10;&#9;public void setOwner(User owner);&#13;&#10;&#9;public String getName();&#13;&#10;&#9;public int getRank();&#13;&#10;//&#9;/**&#13;&#10;//&#9; * Method called by the piece when it is pressed&#13;&#10;//&#9; */&#13;&#10;//&#9;public void processPress();&#13;&#10;}&#13;&#10;" Filename="IPiece.java" Intrnl_Id="6"/>
<SrcFile Content="package game;&#13;&#10;import game.GameBoard.User;&#13;&#10;&#13;&#10;import java.awt.Dimension;&#13;&#10;import java.awt.Insets;&#13;&#10;import java.awt.Toolkit;&#13;&#10;&#13;&#10;import javax.swing.JFrame;&#13;&#10;&#13;&#10;&#13;&#10;public class GameBoardFrame extends JFrame {&#13;&#10;&#13;&#10;&#9;private PlayerBoard board;&#13;&#10;&#9;public GameBoardFrame(User owner) {&#13;&#10;&#9;&#9;this.setDefaultCloseOperation(JFrame.EXIT_ON_CLOSE);&#13;&#10;&#9;&#9;Dimension screenSize = Toolkit.getDefaultToolkit().getScreenSize();&#13;&#10;&#9;&#9;this.setSize(screenSize.width/2, screenSize.height);&#13;&#10;&#9;&#9;board = new PlayerBoard(owner);&#13;&#10;&#9;&#9;this.add(board);&#13;&#10;&#9;&#9;this.setVisible(true);&#13;&#10;&#9;&#9;this.validate();&#13;&#10;&#9;}&#13;&#10;}&#13;&#10;" Filename="GameBoardFrame.java" Intrnl_Id="7"/>
<SrcFile Content="package game;&#13;&#10;&#13;&#10;import java.awt.Color;&#13;&#10;import java.awt.Dimension;&#13;&#10;import java.awt.GridBagConstraints;&#13;&#10;import java.awt.GridBagLayout;&#13;&#10;import java.awt.Point;&#13;&#10;&#13;&#10;import javax.swing.JPanel;&#13;&#10;&#13;&#10;public class GameBoard extends JPanel implements IPieceObserver {&#13;&#10;&#13;&#10;&#9;public static enum User {PLAYER1, PLAYER2};&#13;&#10;&#9;private static final Dimension PIECE_SIZE = new Dimension(80, 80);&#13;&#10;&#9;protected AbstractPiece[][] pieces;&#13;&#10;&#9;protected AbstractPiece selectedPiece;&#13;&#10;&#9;private GridBagLayout layout;&#13;&#10;&#9;private User owner;&#13;&#10;&#13;&#10;&#9;public GameBoard(User owner) {&#13;&#10;&#9;&#9;super();&#13;&#10;&#9;&#9;this.owner = owner;&#13;&#10;&#9;&#9;pieces = new AbstractPiece[10][10];&#13;&#10;&#9;&#9;layout = new GridBagLayout();&#13;&#10;&#9;&#9;this.setLayout(layout);&#13;&#10;&#9;&#9;instantiateBoard();&#13;&#10;&#9;}&#13;&#10;&#13;&#10;&#9;protected void instantiateBoard() {&#13;&#10;&#9;&#9;for (int i = 0; i &lt; 10; i++) {&#13;&#10;&#9;&#9;&#9;for (int j = 0; j &lt; 10; j++) {&#13;&#10;&#9;&#9;&#9;&#9;AbstractPiece button = PieceFactory.createClearPiece();&#13;&#10;&#9;&#9;&#9;&#9;addPiece(i, j, button);&#13;&#10;&#9;&#9;&#9;&#9;&#13;&#10;&#9;&#9;&#9;}&#13;&#10;&#9;&#9;}&#13;&#10;&#9;&#9;&#13;&#10;&#9;&#9;for (int i = 0; i &lt; 10; i++) {&#13;&#10;&#9;&#9;&#9;AbstractPiece s = PieceFactory.createLieutenant();&#13;&#10;&#9;&#9;&#9;if (i % 2 == 0) {&#13;&#10;&#9;&#9;&#9;&#9;s.setOwner(User.PLAYER1);&#13;&#10;&#9;&#9;&#9;} else {&#13;&#10;&#9;&#9;&#9;&#9;s.setOwner(User.PLAYER2);&#13;&#10;&#9;&#9;&#9;}&#13;&#10;&#9;&#9;&#9;if(s.getOwner() != this.owner) {&#13;&#10;&#9;&#9;&#9;&#9;s.setBackground(Color.RED);&#13;&#10;&#9;&#9;&#9;}&#13;&#10;&#9;&#9;&#9;this.remove(pieces[i][0]);&#13;&#10;&#9;&#9;&#9;this.addPiece(i, 0, s);&#13;&#10;&#9;&#9;&#9;&#13;&#10;&#9;&#9;}&#13;&#10;&#9;&#9;&#13;&#10;&#9;&#9;//Initializing bomb for each player&#13;&#10;&#9;&#9;for (int i = 0; i &lt; 2; i++) {&#13;&#10;&#9;&#9;&#9;AbstractPiece b = new Bomb();&#13;&#10;&#9;&#9;&#9;Point p = new Point(i + 2, 2);&#13;&#10;&#9;&#9;&#9;if (i % 2 == 0){&#13;&#10;&#9;&#9;&#9;&#9;b.setOwner(User.PLAYER1);&#13;&#10;&#9;&#9;&#9;} else {&#13;&#10;&#9;&#9;&#9;&#9;b.setOwner(User.PLAYER2);&#13;&#10;&#9;&#9;&#9;}&#13;&#10;&#9;&#9;&#9;if(b.owner != this.owner) {&#13;&#10;&#9;&#9;&#9;&#9;b.setBackground(Color.RED);&#13;&#10;&#9;&#9;&#9;}&#13;&#10;&#9;&#9;&#9;this.remove(pieces[i + 2][2]);&#13;&#10;&#9;&#9;&#9;this.addPiece(i+2,  2, b);&#9;&#9;&#9;&#13;&#10;&#9;&#9;}&#9;&#13;&#10;&#9;}&#13;&#10;&#9;public void addPiece(int x, int y,&#13;&#10;&#9;&#9;&#9;AbstractPiece piece) {&#13;&#10;&#9;&#9;GridBagConstraints c = new GridBagConstraints();&#13;&#10;&#9;&#9;c.fill = GridBagConstraints.BOTH;&#13;&#10;&#9;&#9;piece.setPreferredSize(PIECE_SIZE);&#13;&#10;&#9;&#9;piece.setLocation(new Point(x, y));&#13;&#10;&#9;&#9;piece.setObserver(this);&#13;&#10;&#9;&#9;pieces[x][y] = piece;&#13;&#10;&#9;&#9;c.gridx = x;&#13;&#10;&#9;&#9;c.gridy = y;&#13;&#10;&#9;&#9;this.add(piece, c);&#13;&#10;&#9;&#9;piece.validate();&#13;&#10;&#9;}&#13;&#10;&#13;&#10;&#9;@Override&#13;&#10;&#9;public void selectedButtonPressed(Point gridLocation) {&#13;&#10;&#9;&#9;if(selectedPiece !=null) {&#13;&#10;&#9;&#9;&#9;if(selectedPiece.equals(pieces[gridLocation.x][gridLocation.y])) {&#13;&#10;&#9;&#9;&#9;&#9;selectedPiece.setSelected(false);&#13;&#10;&#9;&#9;&#9;} else if (isEnemey(selectedPiece, pieces[gridLocation.x][gridLocation.y])) {&#13;&#10;&#9;&#9;&#9;&#9;attack(selectedPiece, pieces[gridLocation.x][gridLocation.y]);&#13;&#10;&#9;&#9;&#9;} else {&#13;&#10;&#9;&#9;&#9;&#9;swapPieces(selectedPiece, pieces[gridLocation.x][gridLocation.y]);&#13;&#10;&#9;&#9;&#9;}&#13;&#10;&#9;&#9;}&#13;&#10;&#9;&#9;for(AbstractPiece[] pRow: pieces) {&#13;&#10;&#9;&#9;&#9;for(AbstractPiece p: pRow) {&#13;&#10;&#9;&#9;&#9;p.setSelected(false);&#13;&#10;&#9;&#9;&#9;}&#13;&#10;&#9;&#9;}&#13;&#10;&#9;&#9;selectedPiece = null;&#13;&#10;&#9;}&#13;&#10;&#13;&#10;&#9;private boolean isEnemey(AbstractPiece p1, AbstractPiece p2) {&#13;&#10;&#9;&#9;return p1.getOwner() != null &amp;&amp; !(p1.getOwner().equals(p2.getOwner())) &amp;&amp; p2.getOwner() != null;&#13;&#10;&#9;}&#13;&#10;&#13;&#10;&#9;@Override&#13;&#10;&#9;public void nonSelectedButtonPressed(Point gridLocation) {&#13;&#10;&#9;&#9;for(AbstractPiece[] pRow: pieces) {&#13;&#10;&#9;&#9;&#9;for(AbstractPiece p: pRow) {&#13;&#10;&#9;&#9;&#9;p.setSelected(false);&#13;&#10;&#9;&#9;&#9;}&#13;&#10;&#9;&#9;}&#13;&#10;&#9;&#9;AbstractPiece nonSelected = pieces[gridLocation.x][gridLocation.y];&#13;&#10;&#9;&#9;if(nonSelected.getOwner() != this.owner) {&#13;&#10;&#9;&#9;&#9;return;&#13;&#10;&#9;&#9;}&#13;&#10;&#9;&#9;&#9;this.selectedPiece = nonSelected;&#13;&#10;&#9;&#9;&#9;nonSelected.setSelected(true);&#13;&#10;&#9;&#9;&#9;int x = nonSelected.getLocation().x;&#13;&#10;&#9;&#9;&#9;int y = nonSelected.getLocation().y;&#13;&#10;&#9;&#9;&#9;if (x &lt; 9) {&#13;&#10;&#9;&#9;&#9;&#9;AbstractPiece piece = pieces[x + 1][y];&#13;&#10;&#9;&#9;&#9;&#9;if(selectedPiece.getOwner() != piece.getOwner()) {&#13;&#10;&#9;&#9;&#9;&#9;&#9;piece.setSelected(true);&#13;&#10;&#9;&#9;&#9;&#9;}&#9;&#13;&#10;&#9;&#9;&#9;}&#13;&#10;&#9;&#9;&#9;if (x &gt; 0) {&#13;&#10;&#9;&#9;&#9;&#9;AbstractPiece piece = pieces[x - 1][y];&#13;&#10;&#9;&#9;&#9;&#9;if(selectedPiece.getOwner() != piece.getOwner()) {&#13;&#10;&#9;&#9;&#9;&#9;&#9;piece.setSelected(true);&#13;&#10;&#9;&#9;&#9;&#9;}&#9;&#13;&#10;&#9;&#9;&#9;}&#13;&#10;&#9;&#9;&#9;if (y &gt; 0) {&#13;&#10;&#9;&#9;&#9;&#9;AbstractPiece piece = pieces[x][y - 1];&#13;&#10;&#9;&#9;&#9;&#9;if(selectedPiece.getOwner() != piece.getOwner()) {&#13;&#10;&#9;&#9;&#9;&#9;&#9;piece.setSelected(true);&#13;&#10;&#9;&#9;&#9;&#9;}&#9;&#13;&#10;&#9;&#9;&#9;}&#13;&#10;&#9;&#9;&#9;if (y &lt; 9) {&#13;&#10;&#9;&#9;&#9;&#9;AbstractPiece piece = pieces[x][y + 1];&#13;&#10;&#9;&#9;&#9;&#9;if(selectedPiece.getOwner() != piece.getOwner()) {&#13;&#10;&#9;&#9;&#9;&#9;&#9;piece.setSelected(true);&#13;&#10;&#9;&#9;&#9;&#9;}&#9;&#13;&#10;&#9;&#9;&#9;}&#13;&#10;&#9;&#9;&#13;&#10;&#9;}&#13;&#10;&#13;&#10;&#9;private void swapPieces(AbstractPiece p1, AbstractPiece p2) {&#13;&#10;&#9;&#9;Point point1 = p1.getLocation();&#13;&#10;&#9;&#9;Point point2 = p2.getLocation();&#13;&#10;&#9;&#9;this.remove(p1);&#13;&#10;&#9;&#9;this.remove(p2);&#13;&#10;&#9;&#9;p1.setLocation(point2);&#13;&#10;&#9;&#9;p2.setLocation(point1);&#13;&#10;&#9;&#9;GridBagConstraints c = new GridBagConstraints();&#13;&#10;&#9;&#9;c.fill = GridBagConstraints.BOTH;&#13;&#10;&#9;&#9;c.gridx = point1.x;&#13;&#10;&#9;&#9;c.gridy = point1.y;&#13;&#10;&#9;&#9;pieces[point1.x][point1.y] = p2;&#13;&#10;&#9;&#9;this.add(p2, c);&#13;&#10;&#9;&#9;c.gridx = point2.x;&#13;&#10;&#9;&#9;c.gridy = point2.y;&#13;&#10;&#9;&#9;pieces[point2.x][point2.y] = p1;&#13;&#10;&#9;&#9;this.add(p1, c);&#13;&#10;&#9;&#9;validate();&#13;&#10;&#9;&#9;repaint();&#13;&#10;&#9;}&#13;&#10;&#9;&#13;&#10;&#9;public String attack(AbstractPiece p1, AbstractPiece p2) {&#13;&#10;&#9;&#9; if (p2 instanceof Bomb) {&#13;&#10;&#9;&#9;&#9; if (p1.rank == 3) {&#13;&#10;&#9;&#9;&#9;&#9; swapPieces(p1, p2);&#13;&#10;&#9;&#9;&#9;&#9; removePiece(p2);&#13;&#10;&#9;&#9;&#9;&#9; return p1.getOwner() + &quot;defused a&quot; + p2.getOwner() + &quot;bomb&quot;;&#13;&#10;&#9;&#9;&#9; } else {&#13;&#10;&#9;&#9;&#9;&#9;removePiece(p1);&#13;&#10;&#9;&#9;&#9;&#9;removePiece(p2);&#13;&#10;&#9;&#9;&#9;&#9;return &quot;A bomb has exploded!&quot;;&#13;&#10;&#9;&#9;&#9; }&#13;&#10;&#9;&#9;} else if (p2 instanceof Flag) {&#13;&#10;&#9;&#9;&#9;swapPieces(p1, p2);&#13;&#10;&#9;&#9;&#9;removePiece(p2);&#13;&#10;&#9;&#9;&#9;return p1.getOwner() + &quot;has defeated&quot; + p2.getOwner();&#13;&#10;&#9;&#9;} else if ((p1.rank == 0) &amp;&amp; (p2.rank == 9)) { //Spy attacking Marshall case&#13;&#10;&#9;&#9;&#9;swapPieces(p1, p2);&#13;&#10;&#9;&#9;&#9;removePiece(p2);&#13;&#10;&#9;&#9;} else if (p1.rank &gt; p2.rank) {&#13;&#10;&#9;&#9;&#9;swapPieces(p1, p2);&#13;&#10;&#9;&#9;&#9;removePiece(p2);&#13;&#10;&#9;&#9;&#9;return p1.getOwner() + &quot; beat &quot; + p2.getOwner();&#13;&#10;&#9;&#9;} else if (p1.rank &lt; p2.rank) {&#13;&#10;&#9;&#9;&#9;removePiece(p1);&#13;&#10;&#9;&#9;&#9;return p2.getOwner() + &quot; beat &quot; + p1.getOwner();&#13;&#10;&#9;&#9;} else if (p1.rank == p2.rank) {&#13;&#10;&#9;&#9;&#9;removePiece(p1);&#13;&#10;&#9;&#9;&#9;removePiece(p2);&#13;&#10;&#9;&#9;&#9;return p1.getOwner() + &quot; tied &quot; + p2.getOwner();&#13;&#10;&#9;&#9;}&#13;&#10;&#9;&#9;return &quot;Error: case not handled&quot;;&#13;&#10;&#9;}&#13;&#10;&#9;&#13;&#10;&#9;private void removePiece(AbstractPiece p) {&#13;&#10;&#9;&#9;AbstractPiece clear = new ClearPiece();&#13;&#10;&#9;&#9;clear.setLocation(p.getLocation());&#13;&#10;&#9;&#9;clear.setPreferredSize(PIECE_SIZE);&#13;&#10;&#9;&#9;clear.setObserver(this);&#13;&#10;&#9;&#9;Point point1 = p.getLocation();&#13;&#10;&#9;&#9;this.remove(p);&#13;&#10;&#9;&#9;p.setLocation(null);&#13;&#10;&#9;&#9;clear.setLocation(point1);&#13;&#10;&#9;&#9;GridBagConstraints c = new GridBagConstraints();&#13;&#10;&#9;&#9;c.fill = GridBagConstraints.BOTH;&#13;&#10;&#9;&#9;c.gridx = point1.x;&#13;&#10;&#9;&#9;c.gridy = point1.y;&#13;&#10;&#9;&#9;pieces[point1.x][point1.y] = clear;&#13;&#10;&#9;&#9;this.add(clear, c);&#13;&#10;&#9;&#9;validate();&#13;&#10;&#9;&#9;repaint();&#13;&#10;&#9;}&#13;&#10;}&#13;&#10;" Filename="GameBoard.java" Intrnl_Id="8"/>
<SrcFile Content="package game;&#13;&#10;import game.GameBoard.User;&#13;&#10;&#13;&#10;import javax.swing.JFrame;&#13;&#10;&#13;&#10;public class GameApplet {&#13;&#10;&#13;&#10;&#9;public static void main(String[] args) {&#13;&#10;&#9;&#9;JFrame player1Frame = new GameBoardFrame(User.PLAYER1);&#13;&#10;&#9;&#9;JFrame player2Frame = new GameBoardFrame(User.PLAYER2);&#13;&#10;&#9;&#9;player2Frame.setLocation(player1Frame.getX() + player1Frame.getWidth(), player2Frame.getY());&#13;&#10;&#9;}&#13;&#10;}&#13;&#10;" Filename="GameApplet.java" Intrnl_Id="9"/>
<SrcFile Content="package game;&#13;&#10;&#13;&#10;import java.awt.Color;&#13;&#10;import java.awt.event.ActionEvent;&#13;&#10;&#13;&#10;public class Flag extends AbstractPiece{&#13;&#10;&#9;&#13;&#10;&#9;public Flag() {&#13;&#10;&#9;&#9;setBackground(Color.ORANGE); //Will be team's color&#13;&#10;&#9;&#9;this.rank = rank;&#13;&#10;&#9;&#9;this.name = &quot;Flag&quot;;&#13;&#10;&#9;&#9;addActionListener(this);&#13;&#10;&#9;}&#13;&#10;&#9;@Override&#13;&#10;&#9;public void actionPerformed(ActionEvent e) {&#13;&#10;&#9;&#9;// TODO Auto-generated method stub&#13;&#10;&#9;&#9;&#13;&#10;&#9;}&#13;&#10;&#13;&#10;&#9;@Override&#13;&#10;&#9;public void setSelected(boolean selected) {&#13;&#10;&#9;&#9;this.selected = selected;&#13;&#10;&#9;}&#13;&#10;&#13;&#10;&#9;@Override&#13;&#10;&#9;public void hide() {&#13;&#10;&#9;&#9;// TODO Auto-generated method stub&#13;&#10;&#9;&#9;&#13;&#10;&#9;}&#13;&#10;&#13;&#10;&#9;@Override&#13;&#10;&#9;public void show() {&#13;&#10;&#9;&#9;// TODO Auto-generated method stub&#13;&#10;&#9;&#9;&#13;&#10;&#9;}&#13;&#10;&#13;&#10;}&#13;&#10;" Filename="Flag.java" Intrnl_Id="10"/>
<SrcFile Content="package game;&#13;&#10;&#13;&#10;import game.GameBoard.User;&#13;&#10;&#13;&#10;import java.awt.Color;&#13;&#10;import java.awt.event.ActionEvent;&#13;&#10;&#13;&#10;import javax.swing.border.LineBorder;&#13;&#10;&#13;&#10;public class ClearPiece extends AbstractPiece {&#13;&#10;&#9;&#13;&#10;&#9;private int index;&#13;&#10;&#9;&#13;&#10;&#9;public ClearPiece() {&#13;&#10;&#9;&#9;addActionListener(this);&#13;&#10;&#9;&#9;setBackground(Color.WHITE);&#13;&#10;&#9;}&#13;&#10;&#13;&#10;&#9;@Override&#13;&#10;&#9;public void actionPerformed(ActionEvent arg0) {&#13;&#10;&#9;&#9;if(selected) {&#13;&#10;&#9;&#9;&#9;observer.selectedButtonPressed(location);&#13;&#10;&#9;&#9;}&#13;&#10;&#9;}&#13;&#10;&#13;&#10;&#9;@Override&#13;&#10;&#9;public void setSelected(boolean selected) {&#13;&#10;&#9;&#9;if(selected) {&#13;&#10;&#9;&#9;&#9;this.setBorder(new LineBorder(Color.RED, 5));&#13;&#10;&#9;&#9;} else {&#13;&#10;&#9;&#9;&#9;this.setBorder(new LineBorder(Color.GRAY, 1));&#13;&#10;&#9;&#9;}&#13;&#10;&#13;&#10;&#9;&#9;this.selected = selected;&#13;&#10;&#9;}&#13;&#10;&#13;&#10;&#9;@Override&#13;&#10;&#9;public void hide() {&#13;&#10;&#9;&#9;// TODO Auto-generated method stub&#13;&#10;&#9;&#9;&#13;&#10;&#9;}&#13;&#10;&#13;&#10;&#9;@Override&#13;&#10;&#9;public void show() {&#13;&#10;&#9;&#9;// TODO Auto-generated method stub&#13;&#10;&#9;&#9;&#13;&#10;&#9;}&#13;&#10;&#9;&#13;&#10;&#9;@Override&#13;&#10;&#9;public void setOwner(User u) {&#13;&#10;&#9;&#9;this.owner = null;&#13;&#10;&#9;}&#13;&#10;&#9;&#13;&#10;&#9;@Override&#13;&#10;&#9;public User getOwner() {&#13;&#10;&#9;&#9;return null;&#13;&#10;&#9;}&#13;&#10;&#13;&#10;}&#13;&#10;" Filename="ClearPiece.java" Intrnl_Id="11"/>
<SrcFile Content="package game;&#13;&#10;&#13;&#10;import java.awt.Color;&#13;&#10;import java.awt.Point;&#13;&#10;import java.awt.event.ActionEvent;&#13;&#10;&#13;&#10;import javax.swing.border.LineBorder;&#13;&#10;&#13;&#10;public class Bomb extends AbstractPiece{&#13;&#10;&#9;&#13;&#10;&#9;public Bomb() {&#13;&#10;&#9;&#9;setText(&quot;Bomb&quot;);&#13;&#10;&#9;&#9;setBackground(Color.GREEN);&#13;&#10;&#9;&#9;this.rank = rank;&#13;&#10;&#9;&#9;this.name = &quot;Bomb&quot;;&#13;&#10;&#9;&#9;addActionListener(this);&#13;&#10;&#9;}&#13;&#10;&#13;&#10;&#9;@Override&#13;&#10;&#9;public void actionPerformed(ActionEvent e) {&#13;&#10;&#9;&#9;if (selected) {&#13;&#10;&#9;&#9;&#9;observer.selectedButtonPressed(location);&#13;&#10;&#9;&#9;} else {&#13;&#10;&#9;&#9;&#9;//observer.nonSelectedButtonPressed(location);&#13;&#10;&#9;&#9;}&#13;&#10;&#9;}&#13;&#10;&#13;&#10;&#9;@Override&#13;&#10;&#9;public void setSelected(boolean selected) {&#13;&#10;&#9;&#9;if (selected) {&#13;&#10;&#9;&#9;&#9;this.setBorder(new LineBorder(Color.YELLOW, 5));&#13;&#10;&#9;&#9;} else {&#13;&#10;&#9;&#9;&#9;this.setBorder(new LineBorder(Color.GRAY, 1));&#13;&#10;&#9;&#9;}&#13;&#10;&#9;&#9;this.selected = selected;&#13;&#10;&#9;}&#13;&#10;&#13;&#10;&#9;@Override&#13;&#10;&#9;public void hide() {&#13;&#10;&#9;&#9;// TODO Auto-generated method stub&#13;&#10;&#9;&#9;&#13;&#10;&#9;}&#13;&#10;&#13;&#10;&#9;@Override&#13;&#10;&#9;public void show() {&#13;&#10;&#9;&#9;// TODO Auto-generated method stub&#13;&#10;&#9;&#9;&#13;&#10;&#9;}&#13;&#10;}&#13;&#10;" Filename="Bomb.java" Intrnl_Id="12"/>
<SrcFile Content="package game;&#13;&#10;&#13;&#10;import game.GameBoard.User;&#13;&#10;&#13;&#10;import java.awt.Point;&#13;&#10;import java.awt.event.ActionEvent;&#13;&#10;import java.awt.event.ActionListener;&#13;&#10;&#13;&#10;import javax.swing.JButton;&#13;&#10;&#13;&#10;public abstract class AbstractPiece extends JButton implements IPiece, ActionListener {&#13;&#10;&#13;&#10;&#9;protected Boolean selected = false;&#13;&#10;&#9;protected Point location = new Point();&#13;&#10;&#9;protected IPieceObserver observer;&#13;&#10;&#9;protected int rank;&#13;&#10;&#9;protected int boardIndex = 0;&#13;&#10;&#9;protected User owner;&#13;&#10;&#9;protected String name;&#13;&#10;&#13;&#10;&#9;@Override&#13;&#10;&#9;public abstract void actionPerformed(ActionEvent e);&#13;&#10;&#13;&#10;&#9;@Override&#13;&#10;&#9;public abstract void setSelected(boolean selected);&#13;&#10;&#13;&#10;&#9;@Override&#13;&#10;&#9;public abstract void hide();&#13;&#10;&#13;&#10;&#9;@Override&#13;&#10;&#9;public abstract void show();&#13;&#10;&#13;&#10;&#9;@Override&#13;&#10;&#9;public boolean isSelected() {&#13;&#10;&#9;&#9;return selected;&#13;&#10;&#9;}&#13;&#10;&#13;&#10;&#9;@Override&#13;&#10;&#9;public void setObserver(IPieceObserver observer) {&#13;&#10;&#9;&#9;this.observer = observer;&#13;&#10;&#9;}&#13;&#10;&#13;&#10;&#9;@Override&#13;&#10;&#9;public void setLocation(Point location) {&#13;&#10;&#9;&#9;this.location = location;&#13;&#10;&#9;&#13;&#10;&#9;}&#13;&#10;&#13;&#10;&#9;@Override&#13;&#10;&#9;public Point getLocation() {&#13;&#10;&#9;&#9;return this.location;&#13;&#10;&#9;} &#13;&#10;&#9;&#13;&#10;&#9;@Override&#13;&#10;&#9;public User getOwner() {&#13;&#10;&#9;&#9;return owner;&#13;&#10;&#9;}&#13;&#10;&#13;&#10;&#9;@Override&#13;&#10;&#9;public void setOwner(User owner) {&#13;&#10;&#9;&#9;this.owner = owner;&#13;&#10;&#9;}&#13;&#10;&#9;&#13;&#10;&#9;public String getName() {&#13;&#10;&#9;&#9;return name;&#13;&#10;&#9;}&#13;&#10;&#9;&#13;&#10;&#9;public int getRank() {&#13;&#10;&#9;&#9;return rank;&#13;&#10;&#9;}&#13;&#10;&#13;&#10;}&#13;&#10;" Filename="AbstractPiece.java" Intrnl_Id="13"/>
</SrcFileList>
<CritList>
<CritListEntry Name="org.codecover.model.utils.criteria.LoopCoverage" PluginName="org.codecover"/>
<CritListEntry Name="org.codecover.model.utils.criteria.BranchCoverage" PluginName="org.codecover"/>
<CritListEntry Name="org.codecover.model.utils.criteria.ConditionCoverage" PluginName="org.codecover"/>
<CritListEntry Name="org.codecover.model.utils.criteria.SynchronizedStatementCoverage" PluginName="org.codecover"/>
<CritListEntry Name="org.codecover.model.utils.criteria.QMOCoverage" PluginName="org.codecover"/>
<CritListEntry Name="org.codecover.model.utils.criteria.StatementCoverage" PluginName="org.codecover"/>
</CritList>
<BoolOpList>
<BoolOp Arity="2" Intrnl_Id="14" Name="conditional and (&amp;&amp;)">
<BoolAssgnmntBoolMapList>
<MapEntry BoolAssgnmnt="10" Value="false"/>
<MapEntry BoolAssgnmnt="02" Value="false"/>
<MapEntry BoolAssgnmnt="11" Value="true"/>
</BoolAssgnmntBoolMapList>
</BoolOp>
</BoolOpList>
<HierarchyLvlTypeList>
<HierarchyLvlType EnglishName="enumeration" IntrnlName="enum" Intrnl_Id="15"/>
<HierarchyLvlType EnglishName="package" IntrnlName="package" Intrnl_Id="16"/>
<HierarchyLvlType EnglishName="class" IntrnlName="class" Intrnl_Id="17"/>
<HierarchyLvlType EnglishName="method" IntrnlName="method" Intrnl_Id="18"/>
<HierarchyLvlType EnglishName="default package" IntrnlName="default package" Intrnl_Id="19"/>
<HierarchyLvlType EnglishName="interface" IntrnlName="interface" Intrnl_Id="20"/>
</HierarchyLvlTypeList>
<MASTRoot>
<HierarchyLvl HierarchyLvlId="99" HierarchyLvlTypeId="19" Intrnl_Id="21" Name="default package">
<Header/>
<LocList/>
<HierarchyLvl HierarchyLvlId="98" HierarchyLvlTypeId="16" Intrnl_Id="22" Name="game">
<Header/>
<LocList/>
<HierarchyLvl HierarchyLvlId="7" HierarchyLvlTypeId="17" Intrnl_Id="23" Name="Soldier">
<Header>
<Loc EndOffset="160" SrcFileId="1" StartOffset="118"/>
</Header>
<LocList>
<Loc EndOffset="1077" SrcFileId="1" StartOffset="118"/>
</LocList>
<HierarchyLvl HierarchyLvlId="1" HierarchyLvlTypeId="18" Intrnl_Id="24" Name="Soldier">
<Header>
<Loc EndOffset="205" SrcFileId="1" StartOffset="168"/>
</Header>
<LocList>
<Loc EndOffset="365" SrcFileId="1" StartOffset="168"/>
</LocList>
<StmntSeq Intrnl_Id="25">
<LocList>
<Loc EndOffset="238" SrcFileId="1" StartOffset="211"/>
<Loc EndOffset="259" SrcFileId="1" StartOffset="242"/>
<Loc EndOffset="280" SrcFileId="1" StartOffset="263"/>
<Loc EndOffset="333" SrcFileId="1" StartOffset="284"/>
<Loc EndOffset="361" SrcFileId="1" StartOffset="337"/>
</LocList>
<BasicStmnt CovItemId="S1" CovItemPrefix="game.Soldier.java" Intrnl_Id="26">
<LocList>
<Loc EndOffset="238" SrcFileId="1" StartOffset="211"/>
</LocList>
</BasicStmnt>
<BasicStmnt CovItemId="S2" CovItemPrefix="game.Soldier.java" Intrnl_Id="27">
<LocList>
<Loc EndOffset="259" SrcFileId="1" StartOffset="242"/>
</LocList>
</BasicStmnt>
<BasicStmnt CovItemId="S3" CovItemPrefix="game.Soldier.java" Intrnl_Id="28">
<LocList>
<Loc EndOffset="280" SrcFileId="1" StartOffset="263"/>
</LocList>
</BasicStmnt>
<BasicStmnt CovItemId="S4" CovItemPrefix="game.Soldier.java" Intrnl_Id="29">
<LocList>
<Loc EndOffset="333" SrcFileId="1" StartOffset="284"/>
</LocList>
</BasicStmnt>
<BasicStmnt CovItemId="S5" CovItemPrefix="game.Soldier.java" Intrnl_Id="30">
<LocList>
<Loc EndOffset="361" SrcFileId="1" StartOffset="337"/>
</LocList>
</BasicStmnt>
</StmntSeq>
</HierarchyLvl>
<HierarchyLvl HierarchyLvlId="2" HierarchyLvlTypeId="18" Intrnl_Id="31" Name="Soldier">
<Header>
<Loc EndOffset="394" SrcFileId="1" StartOffset="370"/>
</Header>
<LocList>
<Loc EndOffset="480" SrcFileId="1" StartOffset="370"/>
</LocList>
<StmntSeq Intrnl_Id="32">
<LocList>
<Loc EndOffset="427" SrcFileId="1" StartOffset="400"/>
<Loc EndOffset="448" SrcFileId="1" StartOffset="431"/>
<Loc EndOffset="476" SrcFileId="1" StartOffset="452"/>
</LocList>
<BasicStmnt CovItemId="S6" CovItemPrefix="game.Soldier.java" Intrnl_Id="33">
<LocList>
<Loc EndOffset="427" SrcFileId="1" StartOffset="400"/>
</LocList>
</BasicStmnt>
<BasicStmnt CovItemId="S7" CovItemPrefix="game.Soldier.java" Intrnl_Id="34">
<LocList>
<Loc EndOffset="448" SrcFileId="1" StartOffset="431"/>
</LocList>
</BasicStmnt>
<BasicStmnt CovItemId="S8" CovItemPrefix="game.Soldier.java" Intrnl_Id="35">
<LocList>
<Loc EndOffset="476" SrcFileId="1" StartOffset="452"/>
</LocList>
</BasicStmnt>
</StmntSeq>
</HierarchyLvl>
<HierarchyLvl HierarchyLvlId="3" HierarchyLvlTypeId="18" Intrnl_Id="36" Name="setSelected">
<Header>
<Loc EndOffset="538" SrcFileId="1" StartOffset="485"/>
</Header>
<LocList>
<Loc EndOffset="713" SrcFileId="1" StartOffset="485"/>
</LocList>
<StmntSeq Intrnl_Id="37">
<LocList>
<Loc EndOffset="680" SrcFileId="1" StartOffset="544"/>
<Loc EndOffset="709" SrcFileId="1" StartOffset="684"/>
</LocList>
<CondStmnt CovItemId="S9" CovItemPrefix="game.Soldier.java" Intrnl_Id="38">
<Branch CovItemId="B1" CovItemPrefix="game.Soldier.java" Implct="false" Intrnl_Id="39">
<Cond/>
<LocList>
<Loc EndOffset="617" SrcFileId="1" StartOffset="558"/>
</LocList>
<StmntSeq Intrnl_Id="40">
<LocList>
<Loc EndOffset="612" SrcFileId="1" StartOffset="564"/>
</LocList>
<BasicStmnt CovItemId="S10" CovItemPrefix="game.Soldier.java" Intrnl_Id="41">
<LocList>
<Loc EndOffset="612" SrcFileId="1" StartOffset="564"/>
</LocList>
</BasicStmnt>
</StmntSeq>
</Branch>
<Branch CovItemId="B2" CovItemPrefix="game.Soldier.java" Implct="false" Intrnl_Id="42">
<Cond>
<Loc EndOffset="622" SrcFileId="1" StartOffset="618"/>
</Cond>
<LocList>
<Loc EndOffset="680" SrcFileId="1" StartOffset="623"/>
</LocList>
<StmntSeq Intrnl_Id="43">
<LocList>
<Loc EndOffset="675" SrcFileId="1" StartOffset="629"/>
</LocList>
<BasicStmnt CovItemId="S11" CovItemPrefix="game.Soldier.java" Intrnl_Id="44">
<LocList>
<Loc EndOffset="675" SrcFileId="1" StartOffset="629"/>
</LocList>
</BasicStmnt>
</StmntSeq>
</Branch>
<Keyword EndOffset="546" SrcFileId="1" StartOffset="544"/>
<LocList>
<Loc EndOffset="680" SrcFileId="1" StartOffset="544"/>
</LocList>
<RootTerm CovItemId="C1" CovItemPrefix="game.Soldier.java" Intrnl_Id="45">
<BasicBoolTerm Intrnl_Id="46">
<LocList>
<Loc EndOffset="556" SrcFileId="1" StartOffset="548"/>
</LocList>
</BasicBoolTerm>
</RootTerm>
</CondStmnt>
<BasicStmnt CovItemId="S12" CovItemPrefix="game.Soldier.java" Intrnl_Id="47">
<LocList>
<Loc EndOffset="709" SrcFileId="1" StartOffset="684"/>
</LocList>
</BasicStmnt>
</StmntSeq>
</HierarchyLvl>
<HierarchyLvl HierarchyLvlId="4" HierarchyLvlTypeId="18" Intrnl_Id="48" Name="hide">
<Header>
<Loc EndOffset="748" SrcFileId="1" StartOffset="718"/>
</Header>
<LocList>
<Loc EndOffset="794" SrcFileId="1" StartOffset="718"/>
</LocList>
</HierarchyLvl>
<HierarchyLvl HierarchyLvlId="5" HierarchyLvlTypeId="18" Intrnl_Id="49" Name="show">
<Header>
<Loc EndOffset="829" SrcFileId="1" StartOffset="799"/>
</Header>
<LocList>
<Loc EndOffset="875" SrcFileId="1" StartOffset="799"/>
</LocList>
</HierarchyLvl>
<HierarchyLvl HierarchyLvlId="6" HierarchyLvlTypeId="18" Intrnl_Id="50" Name="actionPerformed">
<Header>
<Loc EndOffset="934" SrcFileId="1" StartOffset="880"/>
</Header>
<LocList>
<Loc EndOffset="1071" SrcFileId="1" StartOffset="880"/>
</LocList>
<StmntSeq Intrnl_Id="51">
<LocList>
<Loc EndOffset="1067" SrcFileId="1" StartOffset="940"/>
</LocList>
<CondStmnt CovItemId="S13" CovItemPrefix="game.Soldier.java" Intrnl_Id="52">
<Branch CovItemId="B3" CovItemPrefix="game.Soldier.java" Implct="false" Intrnl_Id="53">
<Cond/>
<LocList>
<Loc EndOffset="1006" SrcFileId="1" StartOffset="954"/>
</LocList>
<StmntSeq Intrnl_Id="54">
<LocList>
<Loc EndOffset="1001" SrcFileId="1" StartOffset="960"/>
</LocList>
<BasicStmnt CovItemId="S14" CovItemPrefix="game.Soldier.java" Intrnl_Id="55">
<LocList>
<Loc EndOffset="1001" SrcFileId="1" StartOffset="960"/>
</LocList>
</BasicStmnt>
</StmntSeq>
</Branch>
<Branch CovItemId="B4" CovItemPrefix="game.Soldier.java" Implct="false" Intrnl_Id="56">
<Cond>
<Loc EndOffset="1011" SrcFileId="1" StartOffset="1007"/>
</Cond>
<LocList>
<Loc EndOffset="1067" SrcFileId="1" StartOffset="1012"/>
</LocList>
<StmntSeq Intrnl_Id="57">
<LocList>
<Loc EndOffset="1062" SrcFileId="1" StartOffset="1018"/>
</LocList>
<BasicStmnt CovItemId="S15" CovItemPrefix="game.Soldier.java" Intrnl_Id="58">
<LocList>
<Loc EndOffset="1062" SrcFileId="1" StartOffset="1018"/>
</LocList>
</BasicStmnt>
</StmntSeq>
</Branch>
<Keyword EndOffset="942" SrcFileId="1" StartOffset="940"/>
<LocList>
<Loc EndOffset="1067" SrcFileId="1" StartOffset="940"/>
</LocList>
<RootTerm CovItemId="C2" CovItemPrefix="game.Soldier.java" Intrnl_Id="59">
<BasicBoolTerm Intrnl_Id="60">
<LocList>
<Loc EndOffset="952" SrcFileId="1" StartOffset="944"/>
</LocList>
</BasicBoolTerm>
</RootTerm>
</CondStmnt>
</StmntSeq>
</HierarchyLvl>
</HierarchyLvl>
<HierarchyLvl HierarchyLvlId="13" HierarchyLvlTypeId="17" Intrnl_Id="61" Name="PlayerBoard">
<Header>
<Loc EndOffset="178" SrcFileId="2" StartOffset="139"/>
</Header>
<LocList>
<Loc EndOffset="783" SrcFileId="2" StartOffset="139"/>
</LocList>
<HierarchyLvl HierarchyLvlId="8" HierarchyLvlTypeId="18" Intrnl_Id="62" Name="PlayerBoard">
<Header>
<Loc EndOffset="265" SrcFileId="2" StartOffset="235"/>
</Header>
<LocList>
<Loc EndOffset="540" SrcFileId="2" StartOffset="235"/>
</LocList>
<StmntSeq Intrnl_Id="63">
<LocList>
<Loc EndOffset="292" SrcFileId="2" StartOffset="271"/>
<Loc EndOffset="337" SrcFileId="2" StartOffset="296"/>
<Loc EndOffset="364" SrcFileId="2" StartOffset="341"/>
<Loc EndOffset="409" SrcFileId="2" StartOffset="368"/>
<Loc EndOffset="450" SrcFileId="2" StartOffset="413"/>
<Loc EndOffset="490" SrcFileId="2" StartOffset="454"/>
<Loc EndOffset="536" SrcFileId="2" StartOffset="494"/>
</LocList>
<BasicStmnt CovItemId="S1" CovItemPrefix="game.PlayerBoard.java" Intrnl_Id="64">
<LocList>
<Loc EndOffset="292" SrcFileId="2" StartOffset="271"/>
</LocList>
</BasicStmnt>
<BasicStmnt CovItemId="S2" CovItemPrefix="game.PlayerBoard.java" Intrnl_Id="65">
<LocList>
<Loc EndOffset="337" SrcFileId="2" StartOffset="296"/>
</LocList>
</BasicStmnt>
<BasicStmnt CovItemId="S3" CovItemPrefix="game.PlayerBoard.java" Intrnl_Id="66">
<LocList>
<Loc EndOffset="364" SrcFileId="2" StartOffset="341"/>
</LocList>
</BasicStmnt>
<BasicStmnt CovItemId="S4" CovItemPrefix="game.PlayerBoard.java" Intrnl_Id="67">
<LocList>
<Loc EndOffset="409" SrcFileId="2" StartOffset="368"/>
</LocList>
</BasicStmnt>
<BasicStmnt CovItemId="S5" CovItemPrefix="game.PlayerBoard.java" Intrnl_Id="68">
<LocList>
<Loc EndOffset="450" SrcFileId="2" StartOffset="413"/>
</LocList>
</BasicStmnt>
<BasicStmnt CovItemId="S6" CovItemPrefix="game.PlayerBoard.java" Intrnl_Id="69">
<LocList>
<Loc EndOffset="490" SrcFileId="2" StartOffset="454"/>
</LocList>
</BasicStmnt>
<BasicStmnt CovItemId="S7" CovItemPrefix="game.PlayerBoard.java" Intrnl_Id="70">
<LocList>
<Loc EndOffset="536" SrcFileId="2" StartOffset="494"/>
</LocList>
</BasicStmnt>
</StmntSeq>
</HierarchyLvl>
<HierarchyLvl HierarchyLvlId="9" HierarchyLvlTypeId="18" Intrnl_Id="71" Name="getOwner">
<Header>
<Loc EndOffset="568" SrcFileId="2" StartOffset="546"/>
</Header>
<LocList>
<Loc EndOffset="591" SrcFileId="2" StartOffset="546"/>
</LocList>
<StmntSeq Intrnl_Id="72">
<LocList>
<Loc EndOffset="587" SrcFileId="2" StartOffset="574"/>
</LocList>
<BasicStmnt CovItemId="S8" CovItemPrefix="game.PlayerBoard.java" Intrnl_Id="73">
<LocList>
<Loc EndOffset="587" SrcFileId="2" StartOffset="574"/>
</LocList>
</BasicStmnt>
</StmntSeq>
</HierarchyLvl>
<HierarchyLvl HierarchyLvlId="10" HierarchyLvlTypeId="18" Intrnl_Id="74" Name="setOwner">
<Header>
<Loc EndOffset="626" SrcFileId="2" StartOffset="594"/>
</Header>
<LocList>
<Loc EndOffset="655" SrcFileId="2" StartOffset="594"/>
</LocList>
<StmntSeq Intrnl_Id="75">
<LocList>
<Loc EndOffset="651" SrcFileId="2" StartOffset="632"/>
</LocList>
<BasicStmnt CovItemId="S9" CovItemPrefix="game.PlayerBoard.java" Intrnl_Id="76">
<LocList>
<Loc EndOffset="651" SrcFileId="2" StartOffset="632"/>
</LocList>
</BasicStmnt>
</StmntSeq>
</HierarchyLvl>
<HierarchyLvl HierarchyLvlId="11" HierarchyLvlTypeId="18" Intrnl_Id="77" Name="getBoard">
<Header>
<Loc EndOffset="688" SrcFileId="2" StartOffset="661"/>
</Header>
<LocList>
<Loc EndOffset="711" SrcFileId="2" StartOffset="661"/>
</LocList>
<StmntSeq Intrnl_Id="78">
<LocList>
<Loc EndOffset="707" SrcFileId="2" StartOffset="694"/>
</LocList>
<BasicStmnt CovItemId="S10" CovItemPrefix="game.PlayerBoard.java" Intrnl_Id="79">
<LocList>
<Loc EndOffset="707" SrcFileId="2" StartOffset="694"/>
</LocList>
</BasicStmnt>
</StmntSeq>
</HierarchyLvl>
<HierarchyLvl HierarchyLvlId="12" HierarchyLvlTypeId="18" Intrnl_Id="80" Name="setBoard">
<Header>
<Loc EndOffset="751" SrcFileId="2" StartOffset="714"/>
</Header>
<LocList>
<Loc EndOffset="780" SrcFileId="2" StartOffset="714"/>
</LocList>
<StmntSeq Intrnl_Id="81">
<LocList>
<Loc EndOffset="776" SrcFileId="2" StartOffset="757"/>
</LocList>
<BasicStmnt CovItemId="S11" CovItemPrefix="game.PlayerBoard.java" Intrnl_Id="82">
<LocList>
<Loc EndOffset="776" SrcFileId="2" StartOffset="757"/>
</LocList>
</BasicStmnt>
</StmntSeq>
</HierarchyLvl>
</HierarchyLvl>
<HierarchyLvl HierarchyLvlId="27" HierarchyLvlTypeId="17" Intrnl_Id="83" Name="PieceFactory">
<Header>
<Loc EndOffset="42" SrcFileId="3" StartOffset="17"/>
</Header>
<LocList>
<Loc EndOffset="1592" SrcFileId="3" StartOffset="17"/>
</LocList>
<HierarchyLvl HierarchyLvlId="14" HierarchyLvlTypeId="18" Intrnl_Id="84" Name="createBomb">
<Header>
<Loc EndOffset="90" SrcFileId="3" StartOffset="50"/>
</Header>
<LocList>
<Loc EndOffset="148" SrcFileId="3" StartOffset="50"/>
</LocList>
<StmntSeq Intrnl_Id="85">
<LocList>
<Loc EndOffset="128" SrcFileId="3" StartOffset="96"/>
<Loc EndOffset="144" SrcFileId="3" StartOffset="132"/>
</LocList>
<BasicStmnt CovItemId="S1" CovItemPrefix="game.PieceFactory.java" Intrnl_Id="86">
<LocList>
<Loc EndOffset="128" SrcFileId="3" StartOffset="96"/>
</LocList>
</BasicStmnt>
<BasicStmnt CovItemId="S2" CovItemPrefix="game.PieceFactory.java" Intrnl_Id="87">
<LocList>
<Loc EndOffset="144" SrcFileId="3" StartOffset="132"/>
</LocList>
</BasicStmnt>
</StmntSeq>
</HierarchyLvl>
<HierarchyLvl HierarchyLvlId="15" HierarchyLvlTypeId="18" Intrnl_Id="88" Name="createClearPiece">
<Header>
<Loc EndOffset="200" SrcFileId="3" StartOffset="154"/>
</Header>
<LocList>
<Loc EndOffset="234" SrcFileId="3" StartOffset="154"/>
</LocList>
<StmntSeq Intrnl_Id="89">
<LocList>
<Loc EndOffset="230" SrcFileId="3" StartOffset="206"/>
</LocList>
<BasicStmnt CovItemId="S3" CovItemPrefix="game.PieceFactory.java" Intrnl_Id="90">
<LocList>
<Loc EndOffset="230" SrcFileId="3" StartOffset="206"/>
</LocList>
</BasicStmnt>
</StmntSeq>
</HierarchyLvl>
<HierarchyLvl HierarchyLvlId="16" HierarchyLvlTypeId="18" Intrnl_Id="91" Name="createFlag">
<Header>
<Loc EndOffset="280" SrcFileId="3" StartOffset="240"/>
</Header>
<LocList>
<Loc EndOffset="338" SrcFileId="3" StartOffset="240"/>
</LocList>
<StmntSeq Intrnl_Id="92">
<LocList>
<Loc EndOffset="318" SrcFileId="3" StartOffset="286"/>
<Loc EndOffset="334" SrcFileId="3" StartOffset="322"/>
</LocList>
<BasicStmnt CovItemId="S4" CovItemPrefix="game.PieceFactory.java" Intrnl_Id="93">
<LocList>
<Loc EndOffset="318" SrcFileId="3" StartOffset="286"/>
</LocList>
</BasicStmnt>
<BasicStmnt CovItemId="S5" CovItemPrefix="game.PieceFactory.java" Intrnl_Id="94">
<LocList>
<Loc EndOffset="334" SrcFileId="3" StartOffset="322"/>
</LocList>
</BasicStmnt>
</StmntSeq>
</HierarchyLvl>
<HierarchyLvl HierarchyLvlId="17" HierarchyLvlTypeId="18" Intrnl_Id="95" Name="createSpy">
<Header>
<Loc EndOffset="383" SrcFileId="3" StartOffset="344"/>
</Header>
<LocList>
<Loc EndOffset="450" SrcFileId="3" StartOffset="344"/>
</LocList>
<StmntSeq Intrnl_Id="96">
<LocList>
<Loc EndOffset="431" SrcFileId="3" StartOffset="389"/>
<Loc EndOffset="446" SrcFileId="3" StartOffset="435"/>
</LocList>
<BasicStmnt CovItemId="S6" CovItemPrefix="game.PieceFactory.java" Intrnl_Id="97">
<LocList>
<Loc EndOffset="431" SrcFileId="3" StartOffset="389"/>
</LocList>
</BasicStmnt>
<BasicStmnt CovItemId="S7" CovItemPrefix="game.PieceFactory.java" Intrnl_Id="98">
<LocList>
<Loc EndOffset="446" SrcFileId="3" StartOffset="435"/>
</LocList>
</BasicStmnt>
</StmntSeq>
</HierarchyLvl>
<HierarchyLvl HierarchyLvlId="18" HierarchyLvlTypeId="18" Intrnl_Id="99" Name="createMarshall">
<Header>
<Loc EndOffset="500" SrcFileId="3" StartOffset="456"/>
</Header>
<LocList>
<Loc EndOffset="577" SrcFileId="3" StartOffset="456"/>
</LocList>
<StmntSeq Intrnl_Id="100">
<LocList>
<Loc EndOffset="554" SrcFileId="3" StartOffset="506"/>
<Loc EndOffset="573" SrcFileId="3" StartOffset="558"/>
</LocList>
<BasicStmnt CovItemId="S8" CovItemPrefix="game.PieceFactory.java" Intrnl_Id="101">
<LocList>
<Loc EndOffset="554" SrcFileId="3" StartOffset="506"/>
</LocList>
</BasicStmnt>
<BasicStmnt CovItemId="S9" CovItemPrefix="game.PieceFactory.java" Intrnl_Id="102">
<LocList>
<Loc EndOffset="573" SrcFileId="3" StartOffset="558"/>
</LocList>
</BasicStmnt>
</StmntSeq>
</HierarchyLvl>
<HierarchyLvl HierarchyLvlId="19" HierarchyLvlTypeId="18" Intrnl_Id="103" Name="createGeneral">
<Header>
<Loc EndOffset="626" SrcFileId="3" StartOffset="583"/>
</Header>
<LocList>
<Loc EndOffset="705" SrcFileId="3" StartOffset="583"/>
</LocList>
<StmntSeq Intrnl_Id="104">
<LocList>
<Loc EndOffset="682" SrcFileId="3" StartOffset="632"/>
<Loc EndOffset="701" SrcFileId="3" StartOffset="686"/>
</LocList>
<BasicStmnt CovItemId="S10" CovItemPrefix="game.PieceFactory.java" Intrnl_Id="105">
<LocList>
<Loc EndOffset="682" SrcFileId="3" StartOffset="632"/>
</LocList>
</BasicStmnt>
<BasicStmnt CovItemId="S11" CovItemPrefix="game.PieceFactory.java" Intrnl_Id="106">
<LocList>
<Loc EndOffset="701" SrcFileId="3" StartOffset="686"/>
</LocList>
</BasicStmnt>
</StmntSeq>
</HierarchyLvl>
<HierarchyLvl HierarchyLvlId="20" HierarchyLvlTypeId="18" Intrnl_Id="107" Name="createColonel">
<Header>
<Loc EndOffset="754" SrcFileId="3" StartOffset="711"/>
</Header>
<LocList>
<Loc EndOffset="833" SrcFileId="3" StartOffset="711"/>
</LocList>
<StmntSeq Intrnl_Id="108">
<LocList>
<Loc EndOffset="810" SrcFileId="3" StartOffset="760"/>
<Loc EndOffset="829" SrcFileId="3" StartOffset="814"/>
</LocList>
<BasicStmnt CovItemId="S12" CovItemPrefix="game.PieceFactory.java" Intrnl_Id="109">
<LocList>
<Loc EndOffset="810" SrcFileId="3" StartOffset="760"/>
</LocList>
</BasicStmnt>
<BasicStmnt CovItemId="S13" CovItemPrefix="game.PieceFactory.java" Intrnl_Id="110">
<LocList>
<Loc EndOffset="829" SrcFileId="3" StartOffset="814"/>
</LocList>
</BasicStmnt>
</StmntSeq>
</HierarchyLvl>
<HierarchyLvl HierarchyLvlId="21" HierarchyLvlTypeId="18" Intrnl_Id="111" Name="createMajor">
<Header>
<Loc EndOffset="880" SrcFileId="3" StartOffset="839"/>
</Header>
<LocList>
<Loc EndOffset="957" SrcFileId="3" StartOffset="839"/>
</LocList>
<StmntSeq Intrnl_Id="112">
<LocList>
<Loc EndOffset="934" SrcFileId="3" StartOffset="886"/>
<Loc EndOffset="953" SrcFileId="3" StartOffset="938"/>
</LocList>
<BasicStmnt CovItemId="S14" CovItemPrefix="game.PieceFactory.java" Intrnl_Id="113">
<LocList>
<Loc EndOffset="934" SrcFileId="3" StartOffset="886"/>
</LocList>
</BasicStmnt>
<BasicStmnt CovItemId="S15" CovItemPrefix="game.PieceFactory.java" Intrnl_Id="114">
<LocList>
<Loc EndOffset="953" SrcFileId="3" StartOffset="938"/>
</LocList>
</BasicStmnt>
</StmntSeq>
</HierarchyLvl>
<HierarchyLvl HierarchyLvlId="22" HierarchyLvlTypeId="18" Intrnl_Id="115" Name="createCaptain">
<Header>
<Loc EndOffset="1005" SrcFileId="3" StartOffset="962"/>
</Header>
<LocList>
<Loc EndOffset="1084" SrcFileId="3" StartOffset="962"/>
</LocList>
<StmntSeq Intrnl_Id="116">
<LocList>
<Loc EndOffset="1061" SrcFileId="3" StartOffset="1011"/>
<Loc EndOffset="1080" SrcFileId="3" StartOffset="1065"/>
</LocList>
<BasicStmnt CovItemId="S16" CovItemPrefix="game.PieceFactory.java" Intrnl_Id="117">
<LocList>
<Loc EndOffset="1061" SrcFileId="3" StartOffset="1011"/>
</LocList>
</BasicStmnt>
<BasicStmnt CovItemId="S17" CovItemPrefix="game.PieceFactory.java" Intrnl_Id="118">
<LocList>
<Loc EndOffset="1080" SrcFileId="3" StartOffset="1065"/>
</LocList>
</BasicStmnt>
</StmntSeq>
</HierarchyLvl>
<HierarchyLvl HierarchyLvlId="23" HierarchyLvlTypeId="18" Intrnl_Id="119" Name="createLieutenant">
<Header>
<Loc EndOffset="1135" SrcFileId="3" StartOffset="1089"/>
</Header>
<LocList>
<Loc EndOffset="1212" SrcFileId="3" StartOffset="1089"/>
</LocList>
<StmntSeq Intrnl_Id="120">
<LocList>
<Loc EndOffset="1189" SrcFileId="3" StartOffset="1141"/>
<Loc EndOffset="1208" SrcFileId="3" StartOffset="1193"/>
</LocList>
<BasicStmnt CovItemId="S18" CovItemPrefix="game.PieceFactory.java" Intrnl_Id="121">
<LocList>
<Loc EndOffset="1189" SrcFileId="3" StartOffset="1141"/>
</LocList>
</BasicStmnt>
<BasicStmnt CovItemId="S19" CovItemPrefix="game.PieceFactory.java" Intrnl_Id="122">
<LocList>
<Loc EndOffset="1208" SrcFileId="3" StartOffset="1193"/>
</LocList>
</BasicStmnt>
</StmntSeq>
</HierarchyLvl>
<HierarchyLvl HierarchyLvlId="24" HierarchyLvlTypeId="18" Intrnl_Id="123" Name="createSergeant">
<Header>
<Loc EndOffset="1261" SrcFileId="3" StartOffset="1217"/>
</Header>
<LocList>
<Loc EndOffset="1341" SrcFileId="3" StartOffset="1217"/>
</LocList>
<StmntSeq Intrnl_Id="124">
<LocList>
<Loc EndOffset="1318" SrcFileId="3" StartOffset="1267"/>
<Loc EndOffset="1337" SrcFileId="3" StartOffset="1322"/>
</LocList>
<BasicStmnt CovItemId="S20" CovItemPrefix="game.PieceFactory.java" Intrnl_Id="125">
<LocList>
<Loc EndOffset="1318" SrcFileId="3" StartOffset="1267"/>
</LocList>
</BasicStmnt>
<BasicStmnt CovItemId="S21" CovItemPrefix="game.PieceFactory.java" Intrnl_Id="126">
<LocList>
<Loc EndOffset="1337" SrcFileId="3" StartOffset="1322"/>
</LocList>
</BasicStmnt>
</StmntSeq>
</HierarchyLvl>
<HierarchyLvl HierarchyLvlId="25" HierarchyLvlTypeId="18" Intrnl_Id="127" Name="createMiner">
<Header>
<Loc EndOffset="1387" SrcFileId="3" StartOffset="1346"/>
</Header>
<LocList>
<Loc EndOffset="1464" SrcFileId="3" StartOffset="1346"/>
</LocList>
<StmntSeq Intrnl_Id="128">
<LocList>
<Loc EndOffset="1441" SrcFileId="3" StartOffset="1393"/>
<Loc EndOffset="1460" SrcFileId="3" StartOffset="1445"/>
</LocList>
<BasicStmnt CovItemId="S22" CovItemPrefix="game.PieceFactory.java" Intrnl_Id="129">
<LocList>
<Loc EndOffset="1441" SrcFileId="3" StartOffset="1393"/>
</LocList>
</BasicStmnt>
<BasicStmnt CovItemId="S23" CovItemPrefix="game.PieceFactory.java" Intrnl_Id="130">
<LocList>
<Loc EndOffset="1460" SrcFileId="3" StartOffset="1445"/>
</LocList>
</BasicStmnt>
</StmntSeq>
</HierarchyLvl>
<HierarchyLvl HierarchyLvlId="26" HierarchyLvlTypeId="18" Intrnl_Id="131" Name="createScout">
<Header>
<Loc EndOffset="1510" SrcFileId="3" StartOffset="1469"/>
</Header>
<LocList>
<Loc EndOffset="1587" SrcFileId="3" StartOffset="1469"/>
</LocList>
<StmntSeq Intrnl_Id="132">
<LocList>
<Loc EndOffset="1564" SrcFileId="3" StartOffset="1516"/>
<Loc EndOffset="1583" SrcFileId="3" StartOffset="1568"/>
</LocList>
<BasicStmnt CovItemId="S24" CovItemPrefix="game.PieceFactory.java" Intrnl_Id="133">
<LocList>
<Loc EndOffset="1564" SrcFileId="3" StartOffset="1516"/>
</LocList>
</BasicStmnt>
<BasicStmnt CovItemId="S25" CovItemPrefix="game.PieceFactory.java" Intrnl_Id="134">
<LocList>
<Loc EndOffset="1583" SrcFileId="3" StartOffset="1568"/>
</LocList>
</BasicStmnt>
</StmntSeq>
</HierarchyLvl>
</HierarchyLvl>
<HierarchyLvl HierarchyLvlId="34" HierarchyLvlTypeId="17" Intrnl_Id="135" Name="Obstacle">
<Header>
<Loc EndOffset="129" SrcFileId="4" StartOffset="86"/>
</Header>
<LocList>
<Loc EndOffset="650" SrcFileId="4" StartOffset="86"/>
</LocList>
<HierarchyLvl HierarchyLvlId="28" HierarchyLvlTypeId="18" Intrnl_Id="136" Name="actionPerformed">
<Header>
<Loc EndOffset="191" SrcFileId="4" StartOffset="137"/>
</Header>
<LocList>
<Loc EndOffset="239" SrcFileId="4" StartOffset="137"/>
</LocList>
</HierarchyLvl>
<HierarchyLvl HierarchyLvlId="29" HierarchyLvlTypeId="18" Intrnl_Id="137" Name="setSelected">
<Header>
<Loc EndOffset="297" SrcFileId="4" StartOffset="244"/>
</Header>
<LocList>
<Loc EndOffset="345" SrcFileId="4" StartOffset="244"/>
</LocList>
</HierarchyLvl>
<HierarchyLvl HierarchyLvlId="30" HierarchyLvlTypeId="18" Intrnl_Id="138" Name="hide">
<Header>
<Loc EndOffset="380" SrcFileId="4" StartOffset="350"/>
</Header>
<LocList>
<Loc EndOffset="428" SrcFileId="4" StartOffset="350"/>
</LocList>
</HierarchyLvl>
<HierarchyLvl HierarchyLvlId="31" HierarchyLvlTypeId="18" Intrnl_Id="139" Name="show">
<Header>
<Loc EndOffset="463" SrcFileId="4" StartOffset="433"/>
</Header>
<LocList>
<Loc EndOffset="511" SrcFileId="4" StartOffset="433"/>
</LocList>
</HierarchyLvl>
<HierarchyLvl HierarchyLvlId="32" HierarchyLvlTypeId="18" Intrnl_Id="140" Name="setOwner">
<Header>
<Loc EndOffset="557" SrcFileId="4" StartOffset="517"/>
</Header>
<LocList>
<Loc EndOffset="585" SrcFileId="4" StartOffset="517"/>
</LocList>
<StmntSeq Intrnl_Id="141">
<LocList>
<Loc EndOffset="581" SrcFileId="4" StartOffset="563"/>
</LocList>
<BasicStmnt CovItemId="S1" CovItemPrefix="game.Obstacle.java" Intrnl_Id="142">
<LocList>
<Loc EndOffset="581" SrcFileId="4" StartOffset="563"/>
</LocList>
</BasicStmnt>
</StmntSeq>
</HierarchyLvl>
<HierarchyLvl HierarchyLvlId="33" HierarchyLvlTypeId="18" Intrnl_Id="143" Name="getOwner">
<Header>
<Loc EndOffset="625" SrcFileId="4" StartOffset="591"/>
</Header>
<LocList>
<Loc EndOffset="647" SrcFileId="4" StartOffset="591"/>
</LocList>
<StmntSeq Intrnl_Id="144">
<LocList>
<Loc EndOffset="643" SrcFileId="4" StartOffset="631"/>
</LocList>
<BasicStmnt CovItemId="S2" CovItemPrefix="game.Obstacle.java" Intrnl_Id="145">
<LocList>
<Loc EndOffset="643" SrcFileId="4" StartOffset="631"/>
</LocList>
</BasicStmnt>
</StmntSeq>
</HierarchyLvl>
</HierarchyLvl>
<HierarchyLvl HierarchyLvlId="37" HierarchyLvlTypeId="20" Intrnl_Id="146" Name="IPieceObserver">
<Header>
<Loc EndOffset="163" SrcFileId="5" StartOffset="132"/>
</Header>
<LocList>
<Loc EndOffset="287" SrcFileId="5" StartOffset="132"/>
</LocList>
<HierarchyLvl HierarchyLvlId="35" HierarchyLvlTypeId="18" Intrnl_Id="147" Name="selectedButtonPressed">
<Header>
<Loc EndOffset="223" SrcFileId="5" StartOffset="170"/>
</Header>
<LocList>
<Loc EndOffset="224" SrcFileId="5" StartOffset="170"/>
</LocList>
</HierarchyLvl>
<HierarchyLvl HierarchyLvlId="36" HierarchyLvlTypeId="18" Intrnl_Id="148" Name="nonSelectedButtonPressed">
<Header>
<Loc EndOffset="283" SrcFileId="5" StartOffset="227"/>
</Header>
<LocList>
<Loc EndOffset="284" SrcFileId="5" StartOffset="227"/>
</LocList>
</HierarchyLvl>
</HierarchyLvl>
<HierarchyLvl HierarchyLvlId="49" HierarchyLvlTypeId="20" Intrnl_Id="149" Name="IPiece">
<Header>
<Loc EndOffset="97" SrcFileId="6" StartOffset="74"/>
</Header>
<LocList>
<Loc EndOffset="561" SrcFileId="6" StartOffset="74"/>
</LocList>
<HierarchyLvl HierarchyLvlId="38" HierarchyLvlTypeId="18" Intrnl_Id="150" Name="isSelected">
<Header>
<Loc EndOffset="129" SrcFileId="6" StartOffset="102"/>
</Header>
<LocList>
<Loc EndOffset="130" SrcFileId="6" StartOffset="102"/>
</LocList>
</HierarchyLvl>
<HierarchyLvl HierarchyLvlId="39" HierarchyLvlTypeId="18" Intrnl_Id="151" Name="setSelected">
<Header>
<Loc EndOffset="174" SrcFileId="6" StartOffset="133"/>
</Header>
<LocList>
<Loc EndOffset="175" SrcFileId="6" StartOffset="133"/>
</LocList>
</HierarchyLvl>
<HierarchyLvl HierarchyLvlId="40" HierarchyLvlTypeId="18" Intrnl_Id="152" Name="hide">
<Header>
<Loc EndOffset="196" SrcFileId="6" StartOffset="178"/>
</Header>
<LocList>
<Loc EndOffset="197" SrcFileId="6" StartOffset="178"/>
</LocList>
</HierarchyLvl>
<HierarchyLvl HierarchyLvlId="41" HierarchyLvlTypeId="18" Intrnl_Id="153" Name="show">
<Header>
<Loc EndOffset="218" SrcFileId="6" StartOffset="200"/>
</Header>
<LocList>
<Loc EndOffset="219" SrcFileId="6" StartOffset="200"/>
</LocList>
</HierarchyLvl>
<HierarchyLvl HierarchyLvlId="42" HierarchyLvlTypeId="18" Intrnl_Id="154" Name="setObserver">
<Header>
<Loc EndOffset="270" SrcFileId="6" StartOffset="222"/>
</Header>
<LocList>
<Loc EndOffset="271" SrcFileId="6" StartOffset="222"/>
</LocList>
</HierarchyLvl>
<HierarchyLvl HierarchyLvlId="43" HierarchyLvlTypeId="18" Intrnl_Id="155" Name="setLocation">
<Header>
<Loc EndOffset="313" SrcFileId="6" StartOffset="274"/>
</Header>
<LocList>
<Loc EndOffset="314" SrcFileId="6" StartOffset="274"/>
</LocList>
</HierarchyLvl>
<HierarchyLvl HierarchyLvlId="44" HierarchyLvlTypeId="18" Intrnl_Id="156" Name="getLocation">
<Header>
<Loc EndOffset="343" SrcFileId="6" StartOffset="317"/>
</Header>
<LocList>
<Loc EndOffset="344" SrcFileId="6" StartOffset="317"/>
</LocList>
</HierarchyLvl>
<HierarchyLvl HierarchyLvlId="45" HierarchyLvlTypeId="18" Intrnl_Id="157" Name="getOwner">
<Header>
<Loc EndOffset="369" SrcFileId="6" StartOffset="347"/>
</Header>
<LocList>
<Loc EndOffset="370" SrcFileId="6" StartOffset="347"/>
</LocList>
</HierarchyLvl>
<HierarchyLvl HierarchyLvlId="46" HierarchyLvlTypeId="18" Intrnl_Id="158" Name="setOwner">
<Header>
<Loc EndOffset="405" SrcFileId="6" StartOffset="373"/>
</Header>
<LocList>
<Loc EndOffset="406" SrcFileId="6" StartOffset="373"/>
</LocList>
</HierarchyLvl>
<HierarchyLvl HierarchyLvlId="47" HierarchyLvlTypeId="18" Intrnl_Id="159" Name="getName">
<Header>
<Loc EndOffset="432" SrcFileId="6" StartOffset="409"/>
</Header>
<LocList>
<Loc EndOffset="433" SrcFileId="6" StartOffset="409"/>
</LocList>
</HierarchyLvl>
<HierarchyLvl HierarchyLvlId="48" HierarchyLvlTypeId="18" Intrnl_Id="160" Name="getRank">
<Header>
<Loc EndOffset="456" SrcFileId="6" StartOffset="436"/>
</Header>
<LocList>
<Loc EndOffset="457" SrcFileId="6" StartOffset="436"/>
</LocList>
</HierarchyLvl>
</HierarchyLvl>
<HierarchyLvl HierarchyLvlId="51" HierarchyLvlTypeId="17" Intrnl_Id="161" Name="GameBoardFrame">
<Header>
<Loc EndOffset="201" SrcFileId="7" StartOffset="159"/>
</Header>
<LocList>
<Loc EndOffset="563" SrcFileId="7" StartOffset="159"/>
</LocList>
<HierarchyLvl HierarchyLvlId="50" HierarchyLvlTypeId="18" Intrnl_Id="162" Name="GameBoardFrame">
<Header>
<Loc EndOffset="270" SrcFileId="7" StartOffset="237"/>
</Header>
<LocList>
<Loc EndOffset="560" SrcFileId="7" StartOffset="237"/>
</LocList>
<StmntSeq Intrnl_Id="163">
<LocList>
<Loc EndOffset="328" SrcFileId="7" StartOffset="276"/>
<Loc EndOffset="399" SrcFileId="7" StartOffset="332"/>
<Loc EndOffset="455" SrcFileId="7" StartOffset="403"/>
<Loc EndOffset="490" SrcFileId="7" StartOffset="459"/>
<Loc EndOffset="510" SrcFileId="7" StartOffset="494"/>
<Loc EndOffset="536" SrcFileId="7" StartOffset="514"/>
<Loc EndOffset="556" SrcFileId="7" StartOffset="540"/>
</LocList>
<BasicStmnt CovItemId="S1" CovItemPrefix="game.GameBoardFrame.java" Intrnl_Id="164">
<LocList>
<Loc EndOffset="328" SrcFileId="7" StartOffset="276"/>
</LocList>
</BasicStmnt>
<BasicStmnt CovItemId="S2" CovItemPrefix="game.GameBoardFrame.java" Intrnl_Id="165">
<LocList>
<Loc EndOffset="399" SrcFileId="7" StartOffset="332"/>
</LocList>
</BasicStmnt>
<BasicStmnt CovItemId="S3" CovItemPrefix="game.GameBoardFrame.java" Intrnl_Id="166">
<LocList>
<Loc EndOffset="455" SrcFileId="7" StartOffset="403"/>
</LocList>
</BasicStmnt>
<BasicStmnt CovItemId="S4" CovItemPrefix="game.GameBoardFrame.java" Intrnl_Id="167">
<LocList>
<Loc EndOffset="490" SrcFileId="7" StartOffset="459"/>
</LocList>
</BasicStmnt>
<BasicStmnt CovItemId="S5" CovItemPrefix="game.GameBoardFrame.java" Intrnl_Id="168">
<LocList>
<Loc EndOffset="510" SrcFileId="7" StartOffset="494"/>
</LocList>
</BasicStmnt>
<BasicStmnt CovItemId="S6" CovItemPrefix="game.GameBoardFrame.java" Intrnl_Id="169">
<LocList>
<Loc EndOffset="536" SrcFileId="7" StartOffset="514"/>
</LocList>
</BasicStmnt>
<BasicStmnt CovItemId="S7" CovItemPrefix="game.GameBoardFrame.java" Intrnl_Id="170">
<LocList>
<Loc EndOffset="556" SrcFileId="7" StartOffset="540"/>
</LocList>
</BasicStmnt>
</StmntSeq>
</HierarchyLvl>
</HierarchyLvl>
<HierarchyLvl HierarchyLvlId="62" HierarchyLvlTypeId="17" Intrnl_Id="171" Name="GameBoard">
<Header>
<Loc EndOffset="257" SrcFileId="8" StartOffset="194"/>
</Header>
<LocList>
<Loc EndOffset="264" SrcFileId="8" StartOffset="194"/>
<Loc EndOffset="6040" SrcFileId="8" StartOffset="306"/>
</LocList>
<StmntSeq Intrnl_Id="172">
<LocList>
<Loc EndOffset="376" SrcFileId="8" StartOffset="310"/>
</LocList>
<BasicStmnt CovItemId="S1" CovItemPrefix="game.GameBoard.java" Intrnl_Id="173">
<LocList>
<Loc EndOffset="376" SrcFileId="8" StartOffset="310"/>
</LocList>
</BasicStmnt>
</StmntSeq>
<HierarchyLvl HierarchyLvlId="52" HierarchyLvlTypeId="15" Intrnl_Id="174" Name="User">
<Header>
<Loc EndOffset="287" SrcFileId="8" StartOffset="264"/>
</Header>
<LocList>
<Loc EndOffset="306" SrcFileId="8" StartOffset="264"/>
</LocList>
</HierarchyLvl>
<HierarchyLvl HierarchyLvlId="53" HierarchyLvlTypeId="18" Intrnl_Id="175" Name="GameBoard">
<Header>
<Loc EndOffset="542" SrcFileId="8" StartOffset="514"/>
</Header>
<LocList>
<Loc EndOffset="705" SrcFileId="8" StartOffset="514"/>
</LocList>
<StmntSeq Intrnl_Id="176">
<LocList>
<Loc EndOffset="556" SrcFileId="8" StartOffset="548"/>
<Loc EndOffset="579" SrcFileId="8" StartOffset="560"/>
<Loc EndOffset="618" SrcFileId="8" StartOffset="583"/>
<Loc EndOffset="651" SrcFileId="8" StartOffset="622"/>
<Loc EndOffset="678" SrcFileId="8" StartOffset="655"/>
<Loc EndOffset="701" SrcFileId="8" StartOffset="682"/>
</LocList>
<BasicStmnt CovItemId="S2" CovItemPrefix="game.GameBoard.java" Intrnl_Id="177">
<LocList>
<Loc EndOffset="556" SrcFileId="8" StartOffset="548"/>
</LocList>
</BasicStmnt>
<BasicStmnt CovItemId="S3" CovItemPrefix="game.GameBoard.java" Intrnl_Id="178">
<LocList>
<Loc EndOffset="579" SrcFileId="8" StartOffset="560"/>
</LocList>
</BasicStmnt>
<BasicStmnt CovItemId="S4" CovItemPrefix="game.GameBoard.java" Intrnl_Id="179">
<LocList>
<Loc EndOffset="618" SrcFileId="8" StartOffset="583"/>
</LocList>
</BasicStmnt>
<BasicStmnt CovItemId="S5" CovItemPrefix="game.GameBoard.java" Intrnl_Id="180">
<LocList>
<Loc EndOffset="651" SrcFileId="8" StartOffset="622"/>
</LocList>
</BasicStmnt>
<BasicStmnt CovItemId="S6" CovItemPrefix="game.GameBoard.java" Intrnl_Id="181">
<LocList>
<Loc EndOffset="678" SrcFileId="8" StartOffset="655"/>
</LocList>
</BasicStmnt>
<BasicStmnt CovItemId="S7" CovItemPrefix="game.GameBoard.java" Intrnl_Id="182">
<LocList>
<Loc EndOffset="701" SrcFileId="8" StartOffset="682"/>
</LocList>
</BasicStmnt>
</StmntSeq>
</HierarchyLvl>
<HierarchyLvl HierarchyLvlId="54" HierarchyLvlTypeId="18" Intrnl_Id="183" Name="instantiateBoard">
<Header>
<Loc EndOffset="743" SrcFileId="8" StartOffset="710"/>
</Header>
<LocList>
<Loc EndOffset="1659" SrcFileId="8" StartOffset="710"/>
</LocList>
<StmntSeq Intrnl_Id="184">
<LocList>
<Loc EndOffset="921" SrcFileId="8" StartOffset="749"/>
<Loc EndOffset="1262" SrcFileId="8" StartOffset="929"/>
<Loc EndOffset="1654" SrcFileId="8" StartOffset="1309"/>
</LocList>
<LoopStmnt CovItemId="S8" CovItemPrefix="game.GameBoard.java" Intrnl_Id="185" MltplExecId="L1-2" MltplExecPrefix="game.GameBoard.java" NvrExecId="L1-0" NvrExecPrefix="game.GameBoard.java" OnceExecutedId="L1-1" OnceExecutedPrefix="game.GameBoard.java" OptBodyExec="true">
<StmntSeq Intrnl_Id="186">
<LocList>
<Loc EndOffset="916" SrcFileId="8" StartOffset="784"/>
</LocList>
<LoopStmnt CovItemId="S9" CovItemPrefix="game.GameBoard.java" Intrnl_Id="187" MltplExecId="L2-2" MltplExecPrefix="game.GameBoard.java" NvrExecId="L2-0" NvrExecPrefix="game.GameBoard.java" OnceExecutedId="L2-1" OnceExecutedPrefix="game.GameBoard.java" OptBodyExec="true">
<StmntSeq Intrnl_Id="188">
<LocList>
<Loc EndOffset="875" SrcFileId="8" StartOffset="820"/>
<Loc EndOffset="904" SrcFileId="8" StartOffset="881"/>
</LocList>
<BasicStmnt CovItemId="S10" CovItemPrefix="game.GameBoard.java" Intrnl_Id="189">
<LocList>
<Loc EndOffset="875" SrcFileId="8" StartOffset="820"/>
</LocList>
</BasicStmnt>
<BasicStmnt CovItemId="S11" CovItemPrefix="game.GameBoard.java" Intrnl_Id="190">
<LocList>
<Loc EndOffset="904" SrcFileId="8" StartOffset="881"/>
</LocList>
</BasicStmnt>
</StmntSeq>
<Keyword EndOffset="787" SrcFileId="8" StartOffset="784"/>
<LocList>
<Loc EndOffset="916" SrcFileId="8" StartOffset="784"/>
</LocList>
<RootTerm CovItemId="C2" CovItemPrefix="game.GameBoard.java" Intrnl_Id="191">
<BasicBoolTerm Intrnl_Id="192">
<LocList>
<Loc EndOffset="806" SrcFileId="8" StartOffset="800"/>
</LocList>
</BasicBoolTerm>
</RootTerm>
</LoopStmnt>
</StmntSeq>
<Keyword EndOffset="752" SrcFileId="8" StartOffset="749"/>
<LocList>
<Loc EndOffset="921" SrcFileId="8" StartOffset="749"/>
</LocList>
<RootTerm CovItemId="C1" CovItemPrefix="game.GameBoard.java" Intrnl_Id="193">
<BasicBoolTerm Intrnl_Id="194">
<LocList>
<Loc EndOffset="771" SrcFileId="8" StartOffset="765"/>
</LocList>
</BasicBoolTerm>
</RootTerm>
</LoopStmnt>
<LoopStmnt CovItemId="S12" CovItemPrefix="game.GameBoard.java" Intrnl_Id="195" MltplExecId="L3-2" MltplExecPrefix="game.GameBoard.java" NvrExecId="L3-0" NvrExecPrefix="game.GameBoard.java" OnceExecutedId="L3-1" OnceExecutedPrefix="game.GameBoard.java" OptBodyExec="true">
<StmntSeq Intrnl_Id="196">
<LocList>
<Loc EndOffset="1014" SrcFileId="8" StartOffset="964"/>
<Loc EndOffset="1117" SrcFileId="8" StartOffset="1019"/>
<Loc EndOffset="1193" SrcFileId="8" StartOffset="1122"/>
<Loc EndOffset="1224" SrcFileId="8" StartOffset="1198"/>
<Loc EndOffset="1252" SrcFileId="8" StartOffset="1229"/>
</LocList>
<BasicStmnt CovItemId="S13" CovItemPrefix="game.GameBoard.java" Intrnl_Id="197">
<LocList>
<Loc EndOffset="1014" SrcFileId="8" StartOffset="964"/>
</LocList>
</BasicStmnt>
<CondStmnt CovItemId="S14" CovItemPrefix="game.GameBoard.java" Intrnl_Id="198">
<Branch CovItemId="B1" CovItemPrefix="game.GameBoard.java" Implct="false" Intrnl_Id="199">
<Cond/>
<LocList>
<Loc EndOffset="1073" SrcFileId="8" StartOffset="1035"/>
</LocList>
<StmntSeq Intrnl_Id="200">
<LocList>
<Loc EndOffset="1067" SrcFileId="8" StartOffset="1042"/>
</LocList>
<BasicStmnt CovItemId="S15" CovItemPrefix="game.GameBoard.java" Intrnl_Id="201">
<LocList>
<Loc EndOffset="1067" SrcFileId="8" StartOffset="1042"/>
</LocList>
</BasicStmnt>
</StmntSeq>
</Branch>
<Branch CovItemId="B2" CovItemPrefix="game.GameBoard.java" Implct="false" Intrnl_Id="202">
<Cond>
<Loc EndOffset="1078" SrcFileId="8" StartOffset="1074"/>
</Cond>
<LocList>
<Loc EndOffset="1117" SrcFileId="8" StartOffset="1079"/>
</LocList>
<StmntSeq Intrnl_Id="203">
<LocList>
<Loc EndOffset="1111" SrcFileId="8" StartOffset="1086"/>
</LocList>
<BasicStmnt CovItemId="S16" CovItemPrefix="game.GameBoard.java" Intrnl_Id="204">
<LocList>
<Loc EndOffset="1111" SrcFileId="8" StartOffset="1086"/>
</LocList>
</BasicStmnt>
</StmntSeq>
</Branch>
<Keyword EndOffset="1021" SrcFileId="8" StartOffset="1019"/>
<LocList>
<Loc EndOffset="1117" SrcFileId="8" StartOffset="1019"/>
</LocList>
<RootTerm CovItemId="C4" CovItemPrefix="game.GameBoard.java" Intrnl_Id="205">
<BasicBoolTerm Intrnl_Id="206">
<LocList>
<Loc EndOffset="1033" SrcFileId="8" StartOffset="1023"/>
</LocList>
</BasicBoolTerm>
</RootTerm>
</CondStmnt>
<CondStmnt CovItemId="S17" CovItemPrefix="game.GameBoard.java" Intrnl_Id="207">
<Branch CovItemId="B3" CovItemPrefix="game.GameBoard.java" Implct="false" Intrnl_Id="208">
<Cond/>
<LocList>
<Loc EndOffset="1193" SrcFileId="8" StartOffset="1153"/>
</LocList>
<StmntSeq Intrnl_Id="209">
<LocList>
<Loc EndOffset="1187" SrcFileId="8" StartOffset="1160"/>
</LocList>
<BasicStmnt CovItemId="S18" CovItemPrefix="game.GameBoard.java" Intrnl_Id="210">
<LocList>
<Loc EndOffset="1187" SrcFileId="8" StartOffset="1160"/>
</LocList>
</BasicStmnt>
</StmntSeq>
</Branch>
<Branch CovItemId="B4" CovItemPrefix="game.GameBoard.java" Implct="true" Intrnl_Id="211">
<Cond/>
<LocList/>
<StmntSeq Intrnl_Id="212">
<LocList/>
</StmntSeq>
</Branch>
<Keyword EndOffset="1124" SrcFileId="8" StartOffset="1122"/>
<LocList>
<Loc EndOffset="1193" SrcFileId="8" StartOffset="1122"/>
</LocList>
<RootTerm CovItemId="C5" CovItemPrefix="game.GameBoard.java" Intrnl_Id="213">
<BasicBoolTerm Intrnl_Id="214">
<LocList>
<Loc EndOffset="1151" SrcFileId="8" StartOffset="1125"/>
</LocList>
</BasicBoolTerm>
</RootTerm>
</CondStmnt>
<BasicStmnt CovItemId="S19" CovItemPrefix="game.GameBoard.java" Intrnl_Id="215">
<LocList>
<Loc EndOffset="1224" SrcFileId="8" StartOffset="1198"/>
</LocList>
</BasicStmnt>
<BasicStmnt CovItemId="S20" CovItemPrefix="game.GameBoard.java" Intrnl_Id="216">
<LocList>
<Loc EndOffset="1252" SrcFileId="8" StartOffset="1229"/>
</LocList>
</BasicStmnt>
</StmntSeq>
<Keyword EndOffset="932" SrcFileId="8" StartOffset="929"/>
<LocList>
<Loc EndOffset="1262" SrcFileId="8" StartOffset="929"/>
</LocList>
<RootTerm CovItemId="C3" CovItemPrefix="game.GameBoard.java" Intrnl_Id="217">
<BasicBoolTerm Intrnl_Id="218">
<LocList>
<Loc EndOffset="951" SrcFileId="8" StartOffset="945"/>
</LocList>
</BasicBoolTerm>
</RootTerm>
</LoopStmnt>
<LoopStmnt CovItemId="S21" CovItemPrefix="game.GameBoard.java" Intrnl_Id="219" MltplExecId="L4-2" MltplExecPrefix="game.GameBoard.java" NvrExecId="L4-0" NvrExecPrefix="game.GameBoard.java" OnceExecutedId="L4-1" OnceExecutedPrefix="game.GameBoard.java" OptBodyExec="true">
<StmntSeq Intrnl_Id="220">
<LocList>
<Loc EndOffset="1372" SrcFileId="8" StartOffset="1343"/>
<Loc EndOffset="1407" SrcFileId="8" StartOffset="1377"/>
<Loc EndOffset="1509" SrcFileId="8" StartOffset="1412"/>
<Loc EndOffset="1580" SrcFileId="8" StartOffset="1514"/>
<Loc EndOffset="1615" SrcFileId="8" StartOffset="1585"/>
<Loc EndOffset="1646" SrcFileId="8" StartOffset="1620"/>
</LocList>
<BasicStmnt CovItemId="S22" CovItemPrefix="game.GameBoard.java" Intrnl_Id="221">
<LocList>
<Loc EndOffset="1372" SrcFileId="8" StartOffset="1343"/>
</LocList>
</BasicStmnt>
<BasicStmnt CovItemId="S23" CovItemPrefix="game.GameBoard.java" Intrnl_Id="222">
<LocList>
<Loc EndOffset="1407" SrcFileId="8" StartOffset="1377"/>
</LocList>
</BasicStmnt>
<CondStmnt CovItemId="S24" CovItemPrefix="game.GameBoard.java" Intrnl_Id="223">
<Branch CovItemId="B5" CovItemPrefix="game.GameBoard.java" Implct="false" Intrnl_Id="224">
<Cond/>
<LocList>
<Loc EndOffset="1465" SrcFileId="8" StartOffset="1427"/>
</LocList>
<StmntSeq Intrnl_Id="225">
<LocList>
<Loc EndOffset="1459" SrcFileId="8" StartOffset="1434"/>
</LocList>
<BasicStmnt CovItemId="S25" CovItemPrefix="game.GameBoard.java" Intrnl_Id="226">
<LocList>
<Loc EndOffset="1459" SrcFileId="8" StartOffset="1434"/>
</LocList>
</BasicStmnt>
</StmntSeq>
</Branch>
<Branch CovItemId="B6" CovItemPrefix="game.GameBoard.java" Implct="false" Intrnl_Id="227">
<Cond>
<Loc EndOffset="1470" SrcFileId="8" StartOffset="1466"/>
</Cond>
<LocList>
<Loc EndOffset="1509" SrcFileId="8" StartOffset="1471"/>
</LocList>
<StmntSeq Intrnl_Id="228">
<LocList>
<Loc EndOffset="1503" SrcFileId="8" StartOffset="1478"/>
</LocList>
<BasicStmnt CovItemId="S26" CovItemPrefix="game.GameBoard.java" Intrnl_Id="229">
<LocList>
<Loc EndOffset="1503" SrcFileId="8" StartOffset="1478"/>
</LocList>
</BasicStmnt>
</StmntSeq>
</Branch>
<Keyword EndOffset="1414" SrcFileId="8" StartOffset="1412"/>
<LocList>
<Loc EndOffset="1509" SrcFileId="8" StartOffset="1412"/>
</LocList>
<RootTerm CovItemId="C7" CovItemPrefix="game.GameBoard.java" Intrnl_Id="230">
<BasicBoolTerm Intrnl_Id="231">
<LocList>
<Loc EndOffset="1426" SrcFileId="8" StartOffset="1416"/>
</LocList>
</BasicBoolTerm>
</RootTerm>
</CondStmnt>
<CondStmnt CovItemId="S27" CovItemPrefix="game.GameBoard.java" Intrnl_Id="232">
<Branch CovItemId="B7" CovItemPrefix="game.GameBoard.java" Implct="false" Intrnl_Id="233">
<Cond/>
<LocList>
<Loc EndOffset="1580" SrcFileId="8" StartOffset="1540"/>
</LocList>
<StmntSeq Intrnl_Id="234">
<LocList>
<Loc EndOffset="1574" SrcFileId="8" StartOffset="1547"/>
</LocList>
<BasicStmnt CovItemId="S28" CovItemPrefix="game.GameBoard.java" Intrnl_Id="235">
<LocList>
<Loc EndOffset="1574" SrcFileId="8" StartOffset="1547"/>
</LocList>
</BasicStmnt>
</StmntSeq>
</Branch>
<Branch CovItemId="B8" CovItemPrefix="game.GameBoard.java" Implct="true" Intrnl_Id="236">
<Cond/>
<LocList/>
<StmntSeq Intrnl_Id="237">
<LocList/>
</StmntSeq>
</Branch>
<Keyword EndOffset="1516" SrcFileId="8" StartOffset="1514"/>
<LocList>
<Loc EndOffset="1580" SrcFileId="8" StartOffset="1514"/>
</LocList>
<RootTerm CovItemId="C8" CovItemPrefix="game.GameBoard.java" Intrnl_Id="238">
<BasicBoolTerm Intrnl_Id="239">
<LocList>
<Loc EndOffset="1538" SrcFileId="8" StartOffset="1517"/>
</LocList>
</BasicBoolTerm>
</RootTerm>
</CondStmnt>
<BasicStmnt CovItemId="S29" CovItemPrefix="game.GameBoard.java" Intrnl_Id="240">
<LocList>
<Loc EndOffset="1615" SrcFileId="8" StartOffset="1585"/>
</LocList>
</BasicStmnt>
<BasicStmnt CovItemId="S30" CovItemPrefix="game.GameBoard.java" Intrnl_Id="241">
<LocList>
<Loc EndOffset="1646" SrcFileId="8" StartOffset="1620"/>
</LocList>
</BasicStmnt>
</StmntSeq>
<Keyword EndOffset="1312" SrcFileId="8" StartOffset="1309"/>
<LocList>
<Loc EndOffset="1654" SrcFileId="8" StartOffset="1309"/>
</LocList>
<RootTerm CovItemId="C6" CovItemPrefix="game.GameBoard.java" Intrnl_Id="242">
<BasicBoolTerm Intrnl_Id="243">
<LocList>
<Loc EndOffset="1330" SrcFileId="8" StartOffset="1325"/>
</LocList>
</BasicBoolTerm>
</RootTerm>
</LoopStmnt>
</StmntSeq>
</HierarchyLvl>
<HierarchyLvl HierarchyLvlId="55" HierarchyLvlTypeId="18" Intrnl_Id="244" Name="addPiece">
<Header>
<Loc EndOffset="1721" SrcFileId="8" StartOffset="1662"/>
</Header>
<LocList>
<Loc EndOffset="2023" SrcFileId="8" StartOffset="1662"/>
</LocList>
<StmntSeq Intrnl_Id="245">
<LocList>
<Loc EndOffset="1775" SrcFileId="8" StartOffset="1727"/>
<Loc EndOffset="1812" SrcFileId="8" StartOffset="1779"/>
<Loc EndOffset="1851" SrcFileId="8" StartOffset="1816"/>
<Loc EndOffset="1890" SrcFileId="8" StartOffset="1855"/>
<Loc EndOffset="1918" SrcFileId="8" StartOffset="1894"/>
<Loc EndOffset="1943" SrcFileId="8" StartOffset="1922"/>
<Loc EndOffset="1959" SrcFileId="8" StartOffset="1947"/>
<Loc EndOffset="1975" SrcFileId="8" StartOffset="1963"/>
<Loc EndOffset="1998" SrcFileId="8" StartOffset="1979"/>
<Loc EndOffset="2019" SrcFileId="8" StartOffset="2002"/>
</LocList>
<BasicStmnt CovItemId="S31" CovItemPrefix="game.GameBoard.java" Intrnl_Id="246">
<LocList>
<Loc EndOffset="1775" SrcFileId="8" StartOffset="1727"/>
</LocList>
</BasicStmnt>
<BasicStmnt CovItemId="S32" CovItemPrefix="game.GameBoard.java" Intrnl_Id="247">
<LocList>
<Loc EndOffset="1812" SrcFileId="8" StartOffset="1779"/>
</LocList>
</BasicStmnt>
<BasicStmnt CovItemId="S33" CovItemPrefix="game.GameBoard.java" Intrnl_Id="248">
<LocList>
<Loc EndOffset="1851" SrcFileId="8" StartOffset="1816"/>
</LocList>
</BasicStmnt>
<BasicStmnt CovItemId="S34" CovItemPrefix="game.GameBoard.java" Intrnl_Id="249">
<LocList>
<Loc EndOffset="1890" SrcFileId="8" StartOffset="1855"/>
</LocList>
</BasicStmnt>
<BasicStmnt CovItemId="S35" CovItemPrefix="game.GameBoard.java" Intrnl_Id="250">
<LocList>
<Loc EndOffset="1918" SrcFileId="8" StartOffset="1894"/>
</LocList>
</BasicStmnt>
<BasicStmnt CovItemId="S36" CovItemPrefix="game.GameBoard.java" Intrnl_Id="251">
<LocList>
<Loc EndOffset="1943" SrcFileId="8" StartOffset="1922"/>
</LocList>
</BasicStmnt>
<BasicStmnt CovItemId="S37" CovItemPrefix="game.GameBoard.java" Intrnl_Id="252">
<LocList>
<Loc EndOffset="1959" SrcFileId="8" StartOffset="1947"/>
</LocList>
</BasicStmnt>
<BasicStmnt CovItemId="S38" CovItemPrefix="game.GameBoard.java" Intrnl_Id="253">
<LocList>
<Loc EndOffset="1975" SrcFileId="8" StartOffset="1963"/>
</LocList>
</BasicStmnt>
<BasicStmnt CovItemId="S39" CovItemPrefix="game.GameBoard.java" Intrnl_Id="254">
<LocList>
<Loc EndOffset="1998" SrcFileId="8" StartOffset="1979"/>
</LocList>
</BasicStmnt>
<BasicStmnt CovItemId="S40" CovItemPrefix="game.GameBoard.java" Intrnl_Id="255">
<LocList>
<Loc EndOffset="2019" SrcFileId="8" StartOffset="2002"/>
</LocList>
</BasicStmnt>
</StmntSeq>
</HierarchyLvl>
<HierarchyLvl HierarchyLvlId="56" HierarchyLvlTypeId="18" Intrnl_Id="256" Name="selectedButtonPressed">
<Header>
<Loc EndOffset="2093" SrcFileId="8" StartOffset="2028"/>
</Header>
<LocList>
<Loc EndOffset="2619" SrcFileId="8" StartOffset="2028"/>
</LocList>
<StmntSeq Intrnl_Id="257">
<LocList>
<Loc EndOffset="2481" SrcFileId="8" StartOffset="2099"/>
<Loc EndOffset="2590" SrcFileId="8" StartOffset="2485"/>
<Loc EndOffset="2615" SrcFileId="8" StartOffset="2594"/>
</LocList>
<CondStmnt CovItemId="S41" CovItemPrefix="game.GameBoard.java" Intrnl_Id="258">
<Branch CovItemId="B9" CovItemPrefix="game.GameBoard.java" Implct="false" Intrnl_Id="259">
<Cond/>
<LocList>
<Loc EndOffset="2481" SrcFileId="8" StartOffset="2124"/>
</LocList>
<StmntSeq Intrnl_Id="260">
<LocList>
<Loc EndOffset="2476" SrcFileId="8" StartOffset="2130"/>
</LocList>
<CondStmnt CovItemId="S42" CovItemPrefix="game.GameBoard.java" Intrnl_Id="261">
<Branch CovItemId="B11" CovItemPrefix="game.GameBoard.java" Implct="false" Intrnl_Id="262">
<Cond/>
<LocList>
<Loc EndOffset="2241" SrcFileId="8" StartOffset="2195"/>
</LocList>
<StmntSeq Intrnl_Id="263">
<LocList>
<Loc EndOffset="2235" SrcFileId="8" StartOffset="2202"/>
</LocList>
<BasicStmnt CovItemId="S43" CovItemPrefix="game.GameBoard.java" Intrnl_Id="264">
<LocList>
<Loc EndOffset="2235" SrcFileId="8" StartOffset="2202"/>
</LocList>
</BasicStmnt>
</StmntSeq>
</Branch>
<Branch CovItemId="B12" CovItemPrefix="game.GameBoard.java" Implct="false" Intrnl_Id="265">
<Cond>
<Loc EndOffset="2246" SrcFileId="8" StartOffset="2242"/>
</Cond>
<LocList>
<Loc EndOffset="2476" SrcFileId="8" StartOffset="2247"/>
</LocList>
<StmntSeq Intrnl_Id="266">
<LocList>
<Loc EndOffset="2476" SrcFileId="8" StartOffset="2247"/>
</LocList>
<CondStmnt CovItemId="S44" CovItemPrefix="game.GameBoard.java" Intrnl_Id="267">
<Branch CovItemId="B13" CovItemPrefix="game.GameBoard.java" Implct="false" Intrnl_Id="268">
<Cond/>
<LocList>
<Loc EndOffset="2391" SrcFileId="8" StartOffset="2316"/>
</LocList>
<StmntSeq Intrnl_Id="269">
<LocList>
<Loc EndOffset="2385" SrcFileId="8" StartOffset="2323"/>
</LocList>
<BasicStmnt CovItemId="S45" CovItemPrefix="game.GameBoard.java" Intrnl_Id="270">
<LocList>
<Loc EndOffset="2385" SrcFileId="8" StartOffset="2323"/>
</LocList>
</BasicStmnt>
</StmntSeq>
</Branch>
<Branch CovItemId="B14" CovItemPrefix="game.GameBoard.java" Implct="false" Intrnl_Id="271">
<Cond>
<Loc EndOffset="2396" SrcFileId="8" StartOffset="2392"/>
</Cond>
<LocList>
<Loc EndOffset="2476" SrcFileId="8" StartOffset="2397"/>
</LocList>
<StmntSeq Intrnl_Id="272">
<LocList>
<Loc EndOffset="2470" SrcFileId="8" StartOffset="2404"/>
</LocList>
<BasicStmnt CovItemId="S46" CovItemPrefix="game.GameBoard.java" Intrnl_Id="273">
<LocList>
<Loc EndOffset="2470" SrcFileId="8" StartOffset="2404"/>
</LocList>
</BasicStmnt>
</StmntSeq>
</Branch>
<Keyword EndOffset="2249" SrcFileId="8" StartOffset="2247"/>
<LocList>
<Loc EndOffset="2476" SrcFileId="8" StartOffset="2247"/>
</LocList>
<RootTerm CovItemId="C11" CovItemPrefix="game.GameBoard.java" Intrnl_Id="274">
<BasicBoolTerm Intrnl_Id="275">
<LocList>
<Loc EndOffset="2314" SrcFileId="8" StartOffset="2251"/>
</LocList>
</BasicBoolTerm>
</RootTerm>
</CondStmnt>
</StmntSeq>
</Branch>
<Keyword EndOffset="2132" SrcFileId="8" StartOffset="2130"/>
<LocList>
<Loc EndOffset="2476" SrcFileId="8" StartOffset="2130"/>
</LocList>
<RootTerm CovItemId="C10" CovItemPrefix="game.GameBoard.java" Intrnl_Id="276">
<BasicBoolTerm Intrnl_Id="277">
<LocList>
<Loc EndOffset="2193" SrcFileId="8" StartOffset="2133"/>
</LocList>
</BasicBoolTerm>
</RootTerm>
</CondStmnt>
</StmntSeq>
</Branch>
<Branch CovItemId="B10" CovItemPrefix="game.GameBoard.java" Implct="true" Intrnl_Id="278">
<Cond/>
<LocList/>
<StmntSeq Intrnl_Id="279">
<LocList/>
</StmntSeq>
</Branch>
<Keyword EndOffset="2101" SrcFileId="8" StartOffset="2099"/>
<LocList>
<Loc EndOffset="2481" SrcFileId="8" StartOffset="2099"/>
</LocList>
<RootTerm CovItemId="C9" CovItemPrefix="game.GameBoard.java" Intrnl_Id="280">
<BasicBoolTerm Intrnl_Id="281">
<LocList>
<Loc EndOffset="2122" SrcFileId="8" StartOffset="2102"/>
</LocList>
</BasicBoolTerm>
</RootTerm>
</CondStmnt>
<LoopStmnt CovItemId="S47" CovItemPrefix="game.GameBoard.java" Intrnl_Id="282" MltplExecId="L5-2" MltplExecPrefix="game.GameBoard.java" NvrExecId="L5-0" NvrExecPrefix="game.GameBoard.java" OnceExecutedId="L5-1" OnceExecutedPrefix="game.GameBoard.java" OptBodyExec="true">
<StmntSeq Intrnl_Id="283">
<LocList>
<Loc EndOffset="2585" SrcFileId="8" StartOffset="2525"/>
</LocList>
<LoopStmnt CovItemId="S48" CovItemPrefix="game.GameBoard.java" Intrnl_Id="284" MltplExecId="L6-2" MltplExecPrefix="game.GameBoard.java" NvrExecId="L6-0" NvrExecPrefix="game.GameBoard.java" OnceExecutedId="L6-1" OnceExecutedPrefix="game.GameBoard.java" OptBodyExec="true">
<StmntSeq Intrnl_Id="285">
<LocList>
<Loc EndOffset="2579" SrcFileId="8" StartOffset="2558"/>
</LocList>
<BasicStmnt CovItemId="S49" CovItemPrefix="game.GameBoard.java" Intrnl_Id="286">
<LocList>
<Loc EndOffset="2579" SrcFileId="8" StartOffset="2558"/>
</LocList>
</BasicStmnt>
</StmntSeq>
<Keyword EndOffset="2528" SrcFileId="8" StartOffset="2525"/>
<LocList>
<Loc EndOffset="2585" SrcFileId="8" StartOffset="2525"/>
</LocList>
</LoopStmnt>
</StmntSeq>
<Keyword EndOffset="2488" SrcFileId="8" StartOffset="2485"/>
<LocList>
<Loc EndOffset="2590" SrcFileId="8" StartOffset="2485"/>
</LocList>
</LoopStmnt>
<BasicStmnt CovItemId="S50" CovItemPrefix="game.GameBoard.java" Intrnl_Id="287">
<LocList>
<Loc EndOffset="2615" SrcFileId="8" StartOffset="2594"/>
</LocList>
</BasicStmnt>
</StmntSeq>
</HierarchyLvl>
<HierarchyLvl HierarchyLvlId="57" HierarchyLvlTypeId="18" Intrnl_Id="288" Name="isEnemey">
<Header>
<Loc EndOffset="2684" SrcFileId="8" StartOffset="2624"/>
</Header>
<LocList>
<Loc EndOffset="2790" SrcFileId="8" StartOffset="2624"/>
</LocList>
<StmntSeq Intrnl_Id="289">
<LocList>
<Loc EndOffset="2786" SrcFileId="8" StartOffset="2690"/>
</LocList>
<BasicStmnt CovItemId="S51" CovItemPrefix="game.GameBoard.java" Intrnl_Id="290">
<LocList>
<Loc EndOffset="2786" SrcFileId="8" StartOffset="2690"/>
</LocList>
</BasicStmnt>
</StmntSeq>
</HierarchyLvl>
<HierarchyLvl HierarchyLvlId="58" HierarchyLvlTypeId="18" Intrnl_Id="291" Name="nonSelectedButtonPressed">
<Header>
<Loc EndOffset="2863" SrcFileId="8" StartOffset="2795"/>
</Header>
<LocList>
<Loc EndOffset="3923" SrcFileId="8" StartOffset="2795"/>
</LocList>
<StmntSeq Intrnl_Id="292">
<LocList>
<Loc EndOffset="2974" SrcFileId="8" StartOffset="2869"/>
<Loc EndOffset="3045" SrcFileId="8" StartOffset="2978"/>
<Loc EndOffset="3108" SrcFileId="8" StartOffset="3049"/>
<Loc EndOffset="3146" SrcFileId="8" StartOffset="3113"/>
<Loc EndOffset="3181" SrcFileId="8" StartOffset="3151"/>
<Loc EndOffset="3222" SrcFileId="8" StartOffset="3186"/>
<Loc EndOffset="3263" SrcFileId="8" StartOffset="3227"/>
<Loc EndOffset="3426" SrcFileId="8" StartOffset="3268"/>
<Loc EndOffset="3589" SrcFileId="8" StartOffset="3431"/>
<Loc EndOffset="3752" SrcFileId="8" StartOffset="3594"/>
<Loc EndOffset="3915" SrcFileId="8" StartOffset="3757"/>
</LocList>
<LoopStmnt CovItemId="S52" CovItemPrefix="game.GameBoard.java" Intrnl_Id="293" MltplExecId="L7-2" MltplExecPrefix="game.GameBoard.java" NvrExecId="L7-0" NvrExecPrefix="game.GameBoard.java" OnceExecutedId="L7-1" OnceExecutedPrefix="game.GameBoard.java" OptBodyExec="true">
<StmntSeq Intrnl_Id="294">
<LocList>
<Loc EndOffset="2969" SrcFileId="8" StartOffset="2909"/>
</LocList>
<LoopStmnt CovItemId="S53" CovItemPrefix="game.GameBoard.java" Intrnl_Id="295" MltplExecId="L8-2" MltplExecPrefix="game.GameBoard.java" NvrExecId="L8-0" NvrExecPrefix="game.GameBoard.java" OnceExecutedId="L8-1" OnceExecutedPrefix="game.GameBoard.java" OptBodyExec="true">
<StmntSeq Intrnl_Id="296">
<LocList>
<Loc EndOffset="2963" SrcFileId="8" StartOffset="2942"/>
</LocList>
<BasicStmnt CovItemId="S54" CovItemPrefix="game.GameBoard.java" Intrnl_Id="297">
<LocList>
<Loc EndOffset="2963" SrcFileId="8" StartOffset="2942"/>
</LocList>
</BasicStmnt>
</StmntSeq>
<Keyword EndOffset="2912" SrcFileId="8" StartOffset="2909"/>
<LocList>
<Loc EndOffset="2969" SrcFileId="8" StartOffset="2909"/>
</LocList>
</LoopStmnt>
</StmntSeq>
<Keyword EndOffset="2872" SrcFileId="8" StartOffset="2869"/>
<LocList>
<Loc EndOffset="2974" SrcFileId="8" StartOffset="2869"/>
</LocList>
</LoopStmnt>
<BasicStmnt CovItemId="S55" CovItemPrefix="game.GameBoard.java" Intrnl_Id="298">
<LocList>
<Loc EndOffset="3045" SrcFileId="8" StartOffset="2978"/>
</LocList>
</BasicStmnt>
<CondStmnt CovItemId="S56" CovItemPrefix="game.GameBoard.java" Intrnl_Id="299">
<Branch CovItemId="B15" CovItemPrefix="game.GameBoard.java" Implct="false" Intrnl_Id="300">
<Cond/>
<LocList>
<Loc EndOffset="3108" SrcFileId="8" StartOffset="3090"/>
</LocList>
<StmntSeq Intrnl_Id="301">
<LocList>
<Loc EndOffset="3103" SrcFileId="8" StartOffset="3096"/>
</LocList>
<BasicStmnt CovItemId="S57" CovItemPrefix="game.GameBoard.java" Intrnl_Id="302">
<LocList>
<Loc EndOffset="3103" SrcFileId="8" StartOffset="3096"/>
</LocList>
</BasicStmnt>
</StmntSeq>
</Branch>
<Branch CovItemId="B16" CovItemPrefix="game.GameBoard.java" Implct="true" Intrnl_Id="303">
<Cond/>
<LocList/>
<StmntSeq Intrnl_Id="304">
<LocList/>
</StmntSeq>
</Branch>
<Keyword EndOffset="3051" SrcFileId="8" StartOffset="3049"/>
<LocList>
<Loc EndOffset="3108" SrcFileId="8" StartOffset="3049"/>
</LocList>
<RootTerm CovItemId="C12" CovItemPrefix="game.GameBoard.java" Intrnl_Id="305">
<BasicBoolTerm Intrnl_Id="306">
<LocList>
<Loc EndOffset="3088" SrcFileId="8" StartOffset="3052"/>
</LocList>
</BasicBoolTerm>
</RootTerm>
</CondStmnt>
<BasicStmnt CovItemId="S58" CovItemPrefix="game.GameBoard.java" Intrnl_Id="307">
<LocList>
<Loc EndOffset="3146" SrcFileId="8" StartOffset="3113"/>
</LocList>
</BasicStmnt>
<BasicStmnt CovItemId="S59" CovItemPrefix="game.GameBoard.java" Intrnl_Id="308">
<LocList>
<Loc EndOffset="3181" SrcFileId="8" StartOffset="3151"/>
</LocList>
</BasicStmnt>
<BasicStmnt CovItemId="S60" CovItemPrefix="game.GameBoard.java" Intrnl_Id="309">
<LocList>
<Loc EndOffset="3222" SrcFileId="8" StartOffset="3186"/>
</LocList>
</BasicStmnt>
<BasicStmnt CovItemId="S61" CovItemPrefix="game.GameBoard.java" Intrnl_Id="310">
<LocList>
<Loc EndOffset="3263" SrcFileId="8" StartOffset="3227"/>
</LocList>
</BasicStmnt>
<CondStmnt CovItemId="S62" CovItemPrefix="game.GameBoard.java" Intrnl_Id="311">
<Branch CovItemId="B17" CovItemPrefix="game.GameBoard.java" Implct="false" Intrnl_Id="312">
<Cond/>
<LocList>
<Loc EndOffset="3426" SrcFileId="8" StartOffset="3279"/>
</LocList>
<StmntSeq Intrnl_Id="313">
<LocList>
<Loc EndOffset="3325" SrcFileId="8" StartOffset="3286"/>
<Loc EndOffset="3419" SrcFileId="8" StartOffset="3331"/>
</LocList>
<BasicStmnt CovItemId="S63" CovItemPrefix="game.GameBoard.java" Intrnl_Id="314">
<LocList>
<Loc EndOffset="3325" SrcFileId="8" StartOffset="3286"/>
</LocList>
</BasicStmnt>
<CondStmnt CovItemId="S64" CovItemPrefix="game.GameBoard.java" Intrnl_Id="315">
<Branch CovItemId="B19" CovItemPrefix="game.GameBoard.java" Implct="false" Intrnl_Id="316">
<Cond/>
<LocList>
<Loc EndOffset="3419" SrcFileId="8" StartOffset="3380"/>
</LocList>
<StmntSeq Intrnl_Id="317">
<LocList>
<Loc EndOffset="3412" SrcFileId="8" StartOffset="3388"/>
</LocList>
<BasicStmnt CovItemId="S65" CovItemPrefix="game.GameBoard.java" Intrnl_Id="318">
<LocList>
<Loc EndOffset="3412" SrcFileId="8" StartOffset="3388"/>
</LocList>
</BasicStmnt>
</StmntSeq>
</Branch>
<Branch CovItemId="B20" CovItemPrefix="game.GameBoard.java" Implct="true" Intrnl_Id="319">
<Cond/>
<LocList/>
<StmntSeq Intrnl_Id="320">
<LocList/>
</StmntSeq>
</Branch>
<Keyword EndOffset="3333" SrcFileId="8" StartOffset="3331"/>
<LocList>
<Loc EndOffset="3419" SrcFileId="8" StartOffset="3331"/>
</LocList>
<RootTerm CovItemId="C14" CovItemPrefix="game.GameBoard.java" Intrnl_Id="321">
<BasicBoolTerm Intrnl_Id="322">
<LocList>
<Loc EndOffset="3378" SrcFileId="8" StartOffset="3334"/>
</LocList>
</BasicBoolTerm>
</RootTerm>
</CondStmnt>
</StmntSeq>
</Branch>
<Branch CovItemId="B18" CovItemPrefix="game.GameBoard.java" Implct="true" Intrnl_Id="323">
<Cond/>
<LocList/>
<StmntSeq Intrnl_Id="324">
<LocList/>
</StmntSeq>
</Branch>
<Keyword EndOffset="3270" SrcFileId="8" StartOffset="3268"/>
<LocList>
<Loc EndOffset="3426" SrcFileId="8" StartOffset="3268"/>
</LocList>
<RootTerm CovItemId="C13" CovItemPrefix="game.GameBoard.java" Intrnl_Id="325">
<BasicBoolTerm Intrnl_Id="326">
<LocList>
<Loc EndOffset="3277" SrcFileId="8" StartOffset="3272"/>
</LocList>
</BasicBoolTerm>
</RootTerm>
</CondStmnt>
<CondStmnt CovItemId="S66" CovItemPrefix="game.GameBoard.java" Intrnl_Id="327">
<Branch CovItemId="B21" CovItemPrefix="game.GameBoard.java" Implct="false" Intrnl_Id="328">
<Cond/>
<LocList>
<Loc EndOffset="3589" SrcFileId="8" StartOffset="3442"/>
</LocList>
<StmntSeq Intrnl_Id="329">
<LocList>
<Loc EndOffset="3488" SrcFileId="8" StartOffset="3449"/>
<Loc EndOffset="3582" SrcFileId="8" StartOffset="3494"/>
</LocList>
<BasicStmnt CovItemId="S67" CovItemPrefix="game.GameBoard.java" Intrnl_Id="330">
<LocList>
<Loc EndOffset="3488" SrcFileId="8" StartOffset="3449"/>
</LocList>
</BasicStmnt>
<CondStmnt CovItemId="S68" CovItemPrefix="game.GameBoard.java" Intrnl_Id="331">
<Branch CovItemId="B23" CovItemPrefix="game.GameBoard.java" Implct="false" Intrnl_Id="332">
<Cond/>
<LocList>
<Loc EndOffset="3582" SrcFileId="8" StartOffset="3543"/>
</LocList>
<StmntSeq Intrnl_Id="333">
<LocList>
<Loc EndOffset="3575" SrcFileId="8" StartOffset="3551"/>
</LocList>
<BasicStmnt CovItemId="S69" CovItemPrefix="game.GameBoard.java" Intrnl_Id="334">
<LocList>
<Loc EndOffset="3575" SrcFileId="8" StartOffset="3551"/>
</LocList>
</BasicStmnt>
</StmntSeq>
</Branch>
<Branch CovItemId="B24" CovItemPrefix="game.GameBoard.java" Implct="true" Intrnl_Id="335">
<Cond/>
<LocList/>
<StmntSeq Intrnl_Id="336">
<LocList/>
</StmntSeq>
</Branch>
<Keyword EndOffset="3496" SrcFileId="8" StartOffset="3494"/>
<LocList>
<Loc EndOffset="3582" SrcFileId="8" StartOffset="3494"/>
</LocList>
<RootTerm CovItemId="C16" CovItemPrefix="game.GameBoard.java" Intrnl_Id="337">
<BasicBoolTerm Intrnl_Id="338">
<LocList>
<Loc EndOffset="3541" SrcFileId="8" StartOffset="3497"/>
</LocList>
</BasicBoolTerm>
</RootTerm>
</CondStmnt>
</StmntSeq>
</Branch>
<Branch CovItemId="B22" CovItemPrefix="game.GameBoard.java" Implct="true" Intrnl_Id="339">
<Cond/>
<LocList/>
<StmntSeq Intrnl_Id="340">
<LocList/>
</StmntSeq>
</Branch>
<Keyword EndOffset="3433" SrcFileId="8" StartOffset="3431"/>
<LocList>
<Loc EndOffset="3589" SrcFileId="8" StartOffset="3431"/>
</LocList>
<RootTerm CovItemId="C15" CovItemPrefix="game.GameBoard.java" Intrnl_Id="341">
<BasicBoolTerm Intrnl_Id="342">
<LocList>
<Loc EndOffset="3440" SrcFileId="8" StartOffset="3435"/>
</LocList>
</BasicBoolTerm>
</RootTerm>
</CondStmnt>
<CondStmnt CovItemId="S70" CovItemPrefix="game.GameBoard.java" Intrnl_Id="343">
<Branch CovItemId="B25" CovItemPrefix="game.GameBoard.java" Implct="false" Intrnl_Id="344">
<Cond/>
<LocList>
<Loc EndOffset="3752" SrcFileId="8" StartOffset="3605"/>
</LocList>
<StmntSeq Intrnl_Id="345">
<LocList>
<Loc EndOffset="3651" SrcFileId="8" StartOffset="3612"/>
<Loc EndOffset="3745" SrcFileId="8" StartOffset="3657"/>
</LocList>
<BasicStmnt CovItemId="S71" CovItemPrefix="game.GameBoard.java" Intrnl_Id="346">
<LocList>
<Loc EndOffset="3651" SrcFileId="8" StartOffset="3612"/>
</LocList>
</BasicStmnt>
<CondStmnt CovItemId="S72" CovItemPrefix="game.GameBoard.java" Intrnl_Id="347">
<Branch CovItemId="B27" CovItemPrefix="game.GameBoard.java" Implct="false" Intrnl_Id="348">
<Cond/>
<LocList>
<Loc EndOffset="3745" SrcFileId="8" StartOffset="3706"/>
</LocList>
<StmntSeq Intrnl_Id="349">
<LocList>
<Loc EndOffset="3738" SrcFileId="8" StartOffset="3714"/>
</LocList>
<BasicStmnt CovItemId="S73" CovItemPrefix="game.GameBoard.java" Intrnl_Id="350">
<LocList>
<Loc EndOffset="3738" SrcFileId="8" StartOffset="3714"/>
</LocList>
</BasicStmnt>
</StmntSeq>
</Branch>
<Branch CovItemId="B28" CovItemPrefix="game.GameBoard.java" Implct="true" Intrnl_Id="351">
<Cond/>
<LocList/>
<StmntSeq Intrnl_Id="352">
<LocList/>
</StmntSeq>
</Branch>
<Keyword EndOffset="3659" SrcFileId="8" StartOffset="3657"/>
<LocList>
<Loc EndOffset="3745" SrcFileId="8" StartOffset="3657"/>
</LocList>
<RootTerm CovItemId="C18" CovItemPrefix="game.GameBoard.java" Intrnl_Id="353">
<BasicBoolTerm Intrnl_Id="354">
<LocList>
<Loc EndOffset="3704" SrcFileId="8" StartOffset="3660"/>
</LocList>
</BasicBoolTerm>
</RootTerm>
</CondStmnt>
</StmntSeq>
</Branch>
<Branch CovItemId="B26" CovItemPrefix="game.GameBoard.java" Implct="true" Intrnl_Id="355">
<Cond/>
<LocList/>
<StmntSeq Intrnl_Id="356">
<LocList/>
</StmntSeq>
</Branch>
<Keyword EndOffset="3596" SrcFileId="8" StartOffset="3594"/>
<LocList>
<Loc EndOffset="3752" SrcFileId="8" StartOffset="3594"/>
</LocList>
<RootTerm CovItemId="C17" CovItemPrefix="game.GameBoard.java" Intrnl_Id="357">
<BasicBoolTerm Intrnl_Id="358">
<LocList>
<Loc EndOffset="3603" SrcFileId="8" StartOffset="3598"/>
</LocList>
</BasicBoolTerm>
</RootTerm>
</CondStmnt>
<CondStmnt CovItemId="S74" CovItemPrefix="game.GameBoard.java" Intrnl_Id="359">
<Branch CovItemId="B29" CovItemPrefix="game.GameBoard.java" Implct="false" Intrnl_Id="360">
<Cond/>
<LocList>
<Loc EndOffset="3915" SrcFileId="8" StartOffset="3768"/>
</LocList>
<StmntSeq Intrnl_Id="361">
<LocList>
<Loc EndOffset="3814" SrcFileId="8" StartOffset="3775"/>
<Loc EndOffset="3908" SrcFileId="8" StartOffset="3820"/>
</LocList>
<BasicStmnt CovItemId="S75" CovItemPrefix="game.GameBoard.java" Intrnl_Id="362">
<LocList>
<Loc EndOffset="3814" SrcFileId="8" StartOffset="3775"/>
</LocList>
</BasicStmnt>
<CondStmnt CovItemId="S76" CovItemPrefix="game.GameBoard.java" Intrnl_Id="363">
<Branch CovItemId="B31" CovItemPrefix="game.GameBoard.java" Implct="false" Intrnl_Id="364">
<Cond/>
<LocList>
<Loc EndOffset="3908" SrcFileId="8" StartOffset="3869"/>
</LocList>
<StmntSeq Intrnl_Id="365">
<LocList>
<Loc EndOffset="3901" SrcFileId="8" StartOffset="3877"/>
</LocList>
<BasicStmnt CovItemId="S77" CovItemPrefix="game.GameBoard.java" Intrnl_Id="366">
<LocList>
<Loc EndOffset="3901" SrcFileId="8" StartOffset="3877"/>
</LocList>
</BasicStmnt>
</StmntSeq>
</Branch>
<Branch CovItemId="B32" CovItemPrefix="game.GameBoard.java" Implct="true" Intrnl_Id="367">
<Cond/>
<LocList/>
<StmntSeq Intrnl_Id="368">
<LocList/>
</StmntSeq>
</Branch>
<Keyword EndOffset="3822" SrcFileId="8" StartOffset="3820"/>
<LocList>
<Loc EndOffset="3908" SrcFileId="8" StartOffset="3820"/>
</LocList>
<RootTerm CovItemId="C20" CovItemPrefix="game.GameBoard.java" Intrnl_Id="369">
<BasicBoolTerm Intrnl_Id="370">
<LocList>
<Loc EndOffset="3867" SrcFileId="8" StartOffset="3823"/>
</LocList>
</BasicBoolTerm>
</RootTerm>
</CondStmnt>
</StmntSeq>
</Branch>
<Branch CovItemId="B30" CovItemPrefix="game.GameBoard.java" Implct="true" Intrnl_Id="371">
<Cond/>
<LocList/>
<StmntSeq Intrnl_Id="372">
<LocList/>
</StmntSeq>
</Branch>
<Keyword EndOffset="3759" SrcFileId="8" StartOffset="3757"/>
<LocList>
<Loc EndOffset="3915" SrcFileId="8" StartOffset="3757"/>
</LocList>
<RootTerm CovItemId="C19" CovItemPrefix="game.GameBoard.java" Intrnl_Id="373">
<BasicBoolTerm Intrnl_Id="374">
<LocList>
<Loc EndOffset="3766" SrcFileId="8" StartOffset="3761"/>
</LocList>
</BasicBoolTerm>
</RootTerm>
</CondStmnt>
</StmntSeq>
</HierarchyLvl>
<HierarchyLvl HierarchyLvlId="59" HierarchyLvlTypeId="18" Intrnl_Id="375" Name="swapPieces">
<Header>
<Loc EndOffset="3987" SrcFileId="8" StartOffset="3928"/>
</Header>
<LocList>
<Loc EndOffset="4481" SrcFileId="8" StartOffset="3928"/>
</LocList>
<StmntSeq Intrnl_Id="376">
<LocList>
<Loc EndOffset="4025" SrcFileId="8" StartOffset="3993"/>
<Loc EndOffset="4061" SrcFileId="8" StartOffset="4029"/>
<Loc EndOffset="4081" SrcFileId="8" StartOffset="4065"/>
<Loc EndOffset="4101" SrcFileId="8" StartOffset="4085"/>
<Loc EndOffset="4128" SrcFileId="8" StartOffset="4105"/>
<Loc EndOffset="4155" SrcFileId="8" StartOffset="4132"/>
<Loc EndOffset="4207" SrcFileId="8" StartOffset="4159"/>
<Loc EndOffset="4244" SrcFileId="8" StartOffset="4211"/>
<Loc EndOffset="4267" SrcFileId="8" StartOffset="4248"/>
<Loc EndOffset="4290" SrcFileId="8" StartOffset="4271"/>
<Loc EndOffset="4326" SrcFileId="8" StartOffset="4294"/>
<Loc EndOffset="4346" SrcFileId="8" StartOffset="4330"/>
<Loc EndOffset="4369" SrcFileId="8" StartOffset="4350"/>
<Loc EndOffset="4392" SrcFileId="8" StartOffset="4373"/>
<Loc EndOffset="4428" SrcFileId="8" StartOffset="4396"/>
<Loc EndOffset="4448" SrcFileId="8" StartOffset="4432"/>
<Loc EndOffset="4463" SrcFileId="8" StartOffset="4452"/>
<Loc EndOffset="4477" SrcFileId="8" StartOffset="4467"/>
</LocList>
<BasicStmnt CovItemId="S78" CovItemPrefix="game.GameBoard.java" Intrnl_Id="377">
<LocList>
<Loc EndOffset="4025" SrcFileId="8" StartOffset="3993"/>
</LocList>
</BasicStmnt>
<BasicStmnt CovItemId="S79" CovItemPrefix="game.GameBoard.java" Intrnl_Id="378">
<LocList>
<Loc EndOffset="4061" SrcFileId="8" StartOffset="4029"/>
</LocList>
</BasicStmnt>
<BasicStmnt CovItemId="S80" CovItemPrefix="game.GameBoard.java" Intrnl_Id="379">
<LocList>
<Loc EndOffset="4081" SrcFileId="8" StartOffset="4065"/>
</LocList>
</BasicStmnt>
<BasicStmnt CovItemId="S81" CovItemPrefix="game.GameBoard.java" Intrnl_Id="380">
<LocList>
<Loc EndOffset="4101" SrcFileId="8" StartOffset="4085"/>
</LocList>
</BasicStmnt>
<BasicStmnt CovItemId="S82" CovItemPrefix="game.GameBoard.java" Intrnl_Id="381">
<LocList>
<Loc EndOffset="4128" SrcFileId="8" StartOffset="4105"/>
</LocList>
</BasicStmnt>
<BasicStmnt CovItemId="S83" CovItemPrefix="game.GameBoard.java" Intrnl_Id="382">
<LocList>
<Loc EndOffset="4155" SrcFileId="8" StartOffset="4132"/>
</LocList>
</BasicStmnt>
<BasicStmnt CovItemId="S84" CovItemPrefix="game.GameBoard.java" Intrnl_Id="383">
<LocList>
<Loc EndOffset="4207" SrcFileId="8" StartOffset="4159"/>
</LocList>
</BasicStmnt>
<BasicStmnt CovItemId="S85" CovItemPrefix="game.GameBoard.java" Intrnl_Id="384">
<LocList>
<Loc EndOffset="4244" SrcFileId="8" StartOffset="4211"/>
</LocList>
</BasicStmnt>
<BasicStmnt CovItemId="S86" CovItemPrefix="game.GameBoard.java" Intrnl_Id="385">
<LocList>
<Loc EndOffset="4267" SrcFileId="8" StartOffset="4248"/>
</LocList>
</BasicStmnt>
<BasicStmnt CovItemId="S87" CovItemPrefix="game.GameBoard.java" Intrnl_Id="386">
<LocList>
<Loc EndOffset="4290" SrcFileId="8" StartOffset="4271"/>
</LocList>
</BasicStmnt>
<BasicStmnt CovItemId="S88" CovItemPrefix="game.GameBoard.java" Intrnl_Id="387">
<LocList>
<Loc EndOffset="4326" SrcFileId="8" StartOffset="4294"/>
</LocList>
</BasicStmnt>
<BasicStmnt CovItemId="S89" CovItemPrefix="game.GameBoard.java" Intrnl_Id="388">
<LocList>
<Loc EndOffset="4346" SrcFileId="8" StartOffset="4330"/>
</LocList>
</BasicStmnt>
<BasicStmnt CovItemId="S90" CovItemPrefix="game.GameBoard.java" Intrnl_Id="389">
<LocList>
<Loc EndOffset="4369" SrcFileId="8" StartOffset="4350"/>
</LocList>
</BasicStmnt>
<BasicStmnt CovItemId="S91" CovItemPrefix="game.GameBoard.java" Intrnl_Id="390">
<LocList>
<Loc EndOffset="4392" SrcFileId="8" StartOffset="4373"/>
</LocList>
</BasicStmnt>
<BasicStmnt CovItemId="S92" CovItemPrefix="game.GameBoard.java" Intrnl_Id="391">
<LocList>
<Loc EndOffset="4428" SrcFileId="8" StartOffset="4396"/>
</LocList>
</BasicStmnt>
<BasicStmnt CovItemId="S93" CovItemPrefix="game.GameBoard.java" Intrnl_Id="392">
<LocList>
<Loc EndOffset="4448" SrcFileId="8" StartOffset="4432"/>
</LocList>
</BasicStmnt>
<BasicStmnt CovItemId="S94" CovItemPrefix="game.GameBoard.java" Intrnl_Id="393">
<LocList>
<Loc EndOffset="4463" SrcFileId="8" StartOffset="4452"/>
</LocList>
</BasicStmnt>
<BasicStmnt CovItemId="S95" CovItemPrefix="game.GameBoard.java" Intrnl_Id="394">
<LocList>
<Loc EndOffset="4477" SrcFileId="8" StartOffset="4467"/>
</LocList>
</BasicStmnt>
</StmntSeq>
</HierarchyLvl>
<HierarchyLvl HierarchyLvlId="60" HierarchyLvlTypeId="18" Intrnl_Id="395" Name="attack">
<Header>
<Loc EndOffset="4543" SrcFileId="8" StartOffset="4487"/>
</Header>
<LocList>
<Loc EndOffset="5501" SrcFileId="8" StartOffset="4487"/>
</LocList>
<StmntSeq Intrnl_Id="396">
<LocList>
<Loc EndOffset="5460" SrcFileId="8" StartOffset="4550"/>
<Loc EndOffset="5497" SrcFileId="8" StartOffset="5464"/>
</LocList>
<CondStmnt CovItemId="S96" CovItemPrefix="game.GameBoard.java" Intrnl_Id="397">
<Branch CovItemId="B33" CovItemPrefix="game.GameBoard.java" Implct="false" Intrnl_Id="398">
<Cond/>
<LocList>
<Loc EndOffset="4822" SrcFileId="8" StartOffset="4574"/>
</LocList>
<StmntSeq Intrnl_Id="399">
<LocList>
<Loc EndOffset="4817" SrcFileId="8" StartOffset="4581"/>
</LocList>
<CondStmnt CovItemId="S97" CovItemPrefix="game.GameBoard.java" Intrnl_Id="400">
<Branch CovItemId="B35" CovItemPrefix="game.GameBoard.java" Implct="false" Intrnl_Id="401">
<Cond/>
<LocList>
<Loc EndOffset="4723" SrcFileId="8" StartOffset="4599"/>
</LocList>
<StmntSeq Intrnl_Id="402">
<LocList>
<Loc EndOffset="4626" SrcFileId="8" StartOffset="4607"/>
<Loc EndOffset="4649" SrcFileId="8" StartOffset="4633"/>
<Loc EndOffset="4716" SrcFileId="8" StartOffset="4656"/>
</LocList>
<BasicStmnt CovItemId="S98" CovItemPrefix="game.GameBoard.java" Intrnl_Id="403">
<LocList>
<Loc EndOffset="4626" SrcFileId="8" StartOffset="4607"/>
</LocList>
</BasicStmnt>
<BasicStmnt CovItemId="S99" CovItemPrefix="game.GameBoard.java" Intrnl_Id="404">
<LocList>
<Loc EndOffset="4649" SrcFileId="8" StartOffset="4633"/>
</LocList>
</BasicStmnt>
<BasicStmnt CovItemId="S100" CovItemPrefix="game.GameBoard.java" Intrnl_Id="405">
<LocList>
<Loc EndOffset="4716" SrcFileId="8" StartOffset="4656"/>
</LocList>
</BasicStmnt>
</StmntSeq>
</Branch>
<Branch CovItemId="B36" CovItemPrefix="game.GameBoard.java" Implct="false" Intrnl_Id="406">
<Cond>
<Loc EndOffset="4728" SrcFileId="8" StartOffset="4724"/>
</Cond>
<LocList>
<Loc EndOffset="4817" SrcFileId="8" StartOffset="4729"/>
</LocList>
<StmntSeq Intrnl_Id="407">
<LocList>
<Loc EndOffset="4752" SrcFileId="8" StartOffset="4736"/>
<Loc EndOffset="4774" SrcFileId="8" StartOffset="4758"/>
<Loc EndOffset="4810" SrcFileId="8" StartOffset="4780"/>
</LocList>
<BasicStmnt CovItemId="S101" CovItemPrefix="game.GameBoard.java" Intrnl_Id="408">
<LocList>
<Loc EndOffset="4752" SrcFileId="8" StartOffset="4736"/>
</LocList>
</BasicStmnt>
<BasicStmnt CovItemId="S102" CovItemPrefix="game.GameBoard.java" Intrnl_Id="409">
<LocList>
<Loc EndOffset="4774" SrcFileId="8" StartOffset="4758"/>
</LocList>
</BasicStmnt>
<BasicStmnt CovItemId="S103" CovItemPrefix="game.GameBoard.java" Intrnl_Id="410">
<LocList>
<Loc EndOffset="4810" SrcFileId="8" StartOffset="4780"/>
</LocList>
</BasicStmnt>
</StmntSeq>
</Branch>
<Keyword EndOffset="4583" SrcFileId="8" StartOffset="4581"/>
<LocList>
<Loc EndOffset="4817" SrcFileId="8" StartOffset="4581"/>
</LocList>
<RootTerm CovItemId="C22" CovItemPrefix="game.GameBoard.java" Intrnl_Id="411">
<BasicBoolTerm Intrnl_Id="412">
<LocList>
<Loc EndOffset="4597" SrcFileId="8" StartOffset="4585"/>
</LocList>
</BasicBoolTerm>
</RootTerm>
</CondStmnt>
</StmntSeq>
</Branch>
<Branch CovItemId="B34" CovItemPrefix="game.GameBoard.java" Implct="false" Intrnl_Id="413">
<Cond>
<Loc EndOffset="4827" SrcFileId="8" StartOffset="4823"/>
</Cond>
<LocList>
<Loc EndOffset="5460" SrcFileId="8" StartOffset="4828"/>
</LocList>
<StmntSeq Intrnl_Id="414">
<LocList>
<Loc EndOffset="5460" SrcFileId="8" StartOffset="4828"/>
</LocList>
<CondStmnt CovItemId="S104" CovItemPrefix="game.GameBoard.java" Intrnl_Id="415">
<Branch CovItemId="B37" CovItemPrefix="game.GameBoard.java" Implct="false" Intrnl_Id="416">
<Cond/>
<LocList>
<Loc EndOffset="4962" SrcFileId="8" StartOffset="4852"/>
</LocList>
<StmntSeq Intrnl_Id="417">
<LocList>
<Loc EndOffset="4877" SrcFileId="8" StartOffset="4858"/>
<Loc EndOffset="4898" SrcFileId="8" StartOffset="4882"/>
<Loc EndOffset="4957" SrcFileId="8" StartOffset="4903"/>
</LocList>
<BasicStmnt CovItemId="S105" CovItemPrefix="game.GameBoard.java" Intrnl_Id="418">
<LocList>
<Loc EndOffset="4877" SrcFileId="8" StartOffset="4858"/>
</LocList>
</BasicStmnt>
<BasicStmnt CovItemId="S106" CovItemPrefix="game.GameBoard.java" Intrnl_Id="419">
<LocList>
<Loc EndOffset="4898" SrcFileId="8" StartOffset="4882"/>
</LocList>
</BasicStmnt>
<BasicStmnt CovItemId="S107" CovItemPrefix="game.GameBoard.java" Intrnl_Id="420">
<LocList>
<Loc EndOffset="4957" SrcFileId="8" StartOffset="4903"/>
</LocList>
</BasicStmnt>
</StmntSeq>
</Branch>
<Branch CovItemId="B38" CovItemPrefix="game.GameBoard.java" Implct="false" Intrnl_Id="421">
<Cond>
<Loc EndOffset="4967" SrcFileId="8" StartOffset="4963"/>
</Cond>
<LocList>
<Loc EndOffset="5460" SrcFileId="8" StartOffset="4968"/>
</LocList>
<StmntSeq Intrnl_Id="422">
<LocList>
<Loc EndOffset="5460" SrcFileId="8" StartOffset="4968"/>
</LocList>
<CondStmnt CovItemId="S108" CovItemPrefix="game.GameBoard.java" Intrnl_Id="423">
<Branch CovItemId="B39" CovItemPrefix="game.GameBoard.java" Implct="false" Intrnl_Id="424">
<Cond/>
<LocList>
<Loc EndOffset="5087" SrcFileId="8" StartOffset="5006"/>
</LocList>
<StmntSeq Intrnl_Id="425">
<LocList>
<Loc EndOffset="5061" SrcFileId="8" StartOffset="5042"/>
<Loc EndOffset="5082" SrcFileId="8" StartOffset="5066"/>
</LocList>
<BasicStmnt CovItemId="S109" CovItemPrefix="game.GameBoard.java" Intrnl_Id="426">
<LocList>
<Loc EndOffset="5061" SrcFileId="8" StartOffset="5042"/>
</LocList>
</BasicStmnt>
<BasicStmnt CovItemId="S110" CovItemPrefix="game.GameBoard.java" Intrnl_Id="427">
<LocList>
<Loc EndOffset="5082" SrcFileId="8" StartOffset="5066"/>
</LocList>
</BasicStmnt>
</StmntSeq>
</Branch>
<Branch CovItemId="B40" CovItemPrefix="game.GameBoard.java" Implct="false" Intrnl_Id="428">
<Cond>
<Loc EndOffset="5092" SrcFileId="8" StartOffset="5088"/>
</Cond>
<LocList>
<Loc EndOffset="5460" SrcFileId="8" StartOffset="5093"/>
</LocList>
<StmntSeq Intrnl_Id="429">
<LocList>
<Loc EndOffset="5460" SrcFileId="8" StartOffset="5093"/>
</LocList>
<CondStmnt CovItemId="S111" CovItemPrefix="game.GameBoard.java" Intrnl_Id="430">
<Branch CovItemId="B41" CovItemPrefix="game.GameBoard.java" Implct="false" Intrnl_Id="431">
<Cond/>
<LocList>
<Loc EndOffset="5220" SrcFileId="8" StartOffset="5116"/>
</LocList>
<StmntSeq Intrnl_Id="432">
<LocList>
<Loc EndOffset="5141" SrcFileId="8" StartOffset="5122"/>
<Loc EndOffset="5162" SrcFileId="8" StartOffset="5146"/>
<Loc EndOffset="5215" SrcFileId="8" StartOffset="5167"/>
</LocList>
<BasicStmnt CovItemId="S112" CovItemPrefix="game.GameBoard.java" Intrnl_Id="433">
<LocList>
<Loc EndOffset="5141" SrcFileId="8" StartOffset="5122"/>
</LocList>
</BasicStmnt>
<BasicStmnt CovItemId="S113" CovItemPrefix="game.GameBoard.java" Intrnl_Id="434">
<LocList>
<Loc EndOffset="5162" SrcFileId="8" StartOffset="5146"/>
</LocList>
</BasicStmnt>
<BasicStmnt CovItemId="S114" CovItemPrefix="game.GameBoard.java" Intrnl_Id="435">
<LocList>
<Loc EndOffset="5215" SrcFileId="8" StartOffset="5167"/>
</LocList>
</BasicStmnt>
</StmntSeq>
</Branch>
<Branch CovItemId="B42" CovItemPrefix="game.GameBoard.java" Implct="false" Intrnl_Id="436">
<Cond>
<Loc EndOffset="5225" SrcFileId="8" StartOffset="5221"/>
</Cond>
<LocList>
<Loc EndOffset="5460" SrcFileId="8" StartOffset="5226"/>
</LocList>
<StmntSeq Intrnl_Id="437">
<LocList>
<Loc EndOffset="5460" SrcFileId="8" StartOffset="5226"/>
</LocList>
<CondStmnt CovItemId="S115" CovItemPrefix="game.GameBoard.java" Intrnl_Id="438">
<Branch CovItemId="B43" CovItemPrefix="game.GameBoard.java" Implct="false" Intrnl_Id="439">
<Cond/>
<LocList>
<Loc EndOffset="5329" SrcFileId="8" StartOffset="5249"/>
</LocList>
<StmntSeq Intrnl_Id="440">
<LocList>
<Loc EndOffset="5271" SrcFileId="8" StartOffset="5255"/>
<Loc EndOffset="5324" SrcFileId="8" StartOffset="5276"/>
</LocList>
<BasicStmnt CovItemId="S116" CovItemPrefix="game.GameBoard.java" Intrnl_Id="441">
<LocList>
<Loc EndOffset="5271" SrcFileId="8" StartOffset="5255"/>
</LocList>
</BasicStmnt>
<BasicStmnt CovItemId="S117" CovItemPrefix="game.GameBoard.java" Intrnl_Id="442">
<LocList>
<Loc EndOffset="5324" SrcFileId="8" StartOffset="5276"/>
</LocList>
</BasicStmnt>
</StmntSeq>
</Branch>
<Branch CovItemId="B44" CovItemPrefix="game.GameBoard.java" Implct="false" Intrnl_Id="443">
<Cond>
<Loc EndOffset="5334" SrcFileId="8" StartOffset="5330"/>
</Cond>
<LocList>
<Loc EndOffset="5460" SrcFileId="8" StartOffset="5335"/>
</LocList>
<StmntSeq Intrnl_Id="444">
<LocList>
<Loc EndOffset="5460" SrcFileId="8" StartOffset="5335"/>
</LocList>
<CondStmnt CovItemId="S118" CovItemPrefix="game.GameBoard.java" Intrnl_Id="445">
<Branch CovItemId="B45" CovItemPrefix="game.GameBoard.java" Implct="false" Intrnl_Id="446">
<Cond/>
<LocList>
<Loc EndOffset="5460" SrcFileId="8" StartOffset="5359"/>
</LocList>
<StmntSeq Intrnl_Id="447">
<LocList>
<Loc EndOffset="5381" SrcFileId="8" StartOffset="5365"/>
<Loc EndOffset="5402" SrcFileId="8" StartOffset="5386"/>
<Loc EndOffset="5455" SrcFileId="8" StartOffset="5407"/>
</LocList>
<BasicStmnt CovItemId="S119" CovItemPrefix="game.GameBoard.java" Intrnl_Id="448">
<LocList>
<Loc EndOffset="5381" SrcFileId="8" StartOffset="5365"/>
</LocList>
</BasicStmnt>
<BasicStmnt CovItemId="S120" CovItemPrefix="game.GameBoard.java" Intrnl_Id="449">
<LocList>
<Loc EndOffset="5402" SrcFileId="8" StartOffset="5386"/>
</LocList>
</BasicStmnt>
<BasicStmnt CovItemId="S121" CovItemPrefix="game.GameBoard.java" Intrnl_Id="450">
<LocList>
<Loc EndOffset="5455" SrcFileId="8" StartOffset="5407"/>
</LocList>
</BasicStmnt>
</StmntSeq>
</Branch>
<Branch CovItemId="B46" CovItemPrefix="game.GameBoard.java" Implct="true" Intrnl_Id="451">
<Cond/>
<LocList/>
<StmntSeq Intrnl_Id="452">
<LocList/>
</StmntSeq>
</Branch>
<Keyword EndOffset="5337" SrcFileId="8" StartOffset="5335"/>
<LocList>
<Loc EndOffset="5460" SrcFileId="8" StartOffset="5335"/>
</LocList>
<RootTerm CovItemId="C27" CovItemPrefix="game.GameBoard.java" Intrnl_Id="453">
<BasicBoolTerm Intrnl_Id="454">
<LocList>
<Loc EndOffset="5357" SrcFileId="8" StartOffset="5339"/>
</LocList>
</BasicBoolTerm>
</RootTerm>
</CondStmnt>
</StmntSeq>
</Branch>
<Keyword EndOffset="5228" SrcFileId="8" StartOffset="5226"/>
<LocList>
<Loc EndOffset="5460" SrcFileId="8" StartOffset="5226"/>
</LocList>
<RootTerm CovItemId="C26" CovItemPrefix="game.GameBoard.java" Intrnl_Id="455">
<BasicBoolTerm Intrnl_Id="456">
<LocList>
<Loc EndOffset="5247" SrcFileId="8" StartOffset="5230"/>
</LocList>
</BasicBoolTerm>
</RootTerm>
</CondStmnt>
</StmntSeq>
</Branch>
<Keyword EndOffset="5095" SrcFileId="8" StartOffset="5093"/>
<LocList>
<Loc EndOffset="5460" SrcFileId="8" StartOffset="5093"/>
</LocList>
<RootTerm CovItemId="C25" CovItemPrefix="game.GameBoard.java" Intrnl_Id="457">
<BasicBoolTerm Intrnl_Id="458">
<LocList>
<Loc EndOffset="5114" SrcFileId="8" StartOffset="5097"/>
</LocList>
</BasicBoolTerm>
</RootTerm>
</CondStmnt>
</StmntSeq>
</Branch>
<Keyword EndOffset="4970" SrcFileId="8" StartOffset="4968"/>
<LocList>
<Loc EndOffset="5460" SrcFileId="8" StartOffset="4968"/>
</LocList>
<RootTerm CovItemId="C24" CovItemPrefix="game.GameBoard.java" Intrnl_Id="459">
<OpTerm BooleanOpId="14" Intrnl_Id="460">
<BasicBoolTerm Intrnl_Id="461">
<LocList>
<Loc EndOffset="4985" SrcFileId="8" StartOffset="4973"/>
</LocList>
</BasicBoolTerm>
<BasicBoolTerm Intrnl_Id="462">
<LocList>
<Loc EndOffset="5003" SrcFileId="8" StartOffset="4991"/>
</LocList>
</BasicBoolTerm>
<LocList>
<Loc EndOffset="4989" SrcFileId="8" StartOffset="4987"/>
</LocList>
</OpTerm>
</RootTerm>
</CondStmnt>
</StmntSeq>
</Branch>
<Keyword EndOffset="4830" SrcFileId="8" StartOffset="4828"/>
<LocList>
<Loc EndOffset="5460" SrcFileId="8" StartOffset="4828"/>
</LocList>
<RootTerm CovItemId="C23" CovItemPrefix="game.GameBoard.java" Intrnl_Id="463">
<BasicBoolTerm Intrnl_Id="464">
<LocList>
<Loc EndOffset="4850" SrcFileId="8" StartOffset="4832"/>
</LocList>
</BasicBoolTerm>
</RootTerm>
</CondStmnt>
</StmntSeq>
</Branch>
<Keyword EndOffset="4552" SrcFileId="8" StartOffset="4550"/>
<LocList>
<Loc EndOffset="5460" SrcFileId="8" StartOffset="4550"/>
</LocList>
<RootTerm CovItemId="C21" CovItemPrefix="game.GameBoard.java" Intrnl_Id="465">
<BasicBoolTerm Intrnl_Id="466">
<LocList>
<Loc EndOffset="4572" SrcFileId="8" StartOffset="4554"/>
</LocList>
</BasicBoolTerm>
</RootTerm>
</CondStmnt>
<BasicStmnt CovItemId="S122" CovItemPrefix="game.GameBoard.java" Intrnl_Id="467">
<LocList>
<Loc EndOffset="5497" SrcFileId="8" StartOffset="5464"/>
</LocList>
</BasicStmnt>
</StmntSeq>
</HierarchyLvl>
<HierarchyLvl HierarchyLvlId="61" HierarchyLvlTypeId="18" Intrnl_Id="468" Name="removePiece">
<Header>
<Loc EndOffset="5548" SrcFileId="8" StartOffset="5507"/>
</Header>
<LocList>
<Loc EndOffset="6037" SrcFileId="8" StartOffset="5507"/>
</LocList>
<StmntSeq Intrnl_Id="469">
<LocList>
<Loc EndOffset="5593" SrcFileId="8" StartOffset="5554"/>
<Loc EndOffset="5632" SrcFileId="8" StartOffset="5597"/>
<Loc EndOffset="5671" SrcFileId="8" StartOffset="5636"/>
<Loc EndOffset="5699" SrcFileId="8" StartOffset="5675"/>
<Loc EndOffset="5734" SrcFileId="8" StartOffset="5703"/>
<Loc EndOffset="5753" SrcFileId="8" StartOffset="5738"/>
<Loc EndOffset="5777" SrcFileId="8" StartOffset="5757"/>
<Loc EndOffset="5807" SrcFileId="8" StartOffset="5781"/>
<Loc EndOffset="5859" SrcFileId="8" StartOffset="5811"/>
<Loc EndOffset="5896" SrcFileId="8" StartOffset="5863"/>
<Loc EndOffset="5919" SrcFileId="8" StartOffset="5900"/>
<Loc EndOffset="5942" SrcFileId="8" StartOffset="5923"/>
<Loc EndOffset="5981" SrcFileId="8" StartOffset="5946"/>
<Loc EndOffset="6004" SrcFileId="8" StartOffset="5985"/>
<Loc EndOffset="6019" SrcFileId="8" StartOffset="6008"/>
<Loc EndOffset="6033" SrcFileId="8" StartOffset="6023"/>
</LocList>
<BasicStmnt CovItemId="S123" CovItemPrefix="game.GameBoard.java" Intrnl_Id="470">
<LocList>
<Loc EndOffset="5593" SrcFileId="8" StartOffset="5554"/>
</LocList>
</BasicStmnt>
<BasicStmnt CovItemId="S124" CovItemPrefix="game.GameBoard.java" Intrnl_Id="471">
<LocList>
<Loc EndOffset="5632" SrcFileId="8" StartOffset="5597"/>
</LocList>
</BasicStmnt>
<BasicStmnt CovItemId="S125" CovItemPrefix="game.GameBoard.java" Intrnl_Id="472">
<LocList>
<Loc EndOffset="5671" SrcFileId="8" StartOffset="5636"/>
</LocList>
</BasicStmnt>
<BasicStmnt CovItemId="S126" CovItemPrefix="game.GameBoard.java" Intrnl_Id="473">
<LocList>
<Loc EndOffset="5699" SrcFileId="8" StartOffset="5675"/>
</LocList>
</BasicStmnt>
<BasicStmnt CovItemId="S127" CovItemPrefix="game.GameBoard.java" Intrnl_Id="474">
<LocList>
<Loc EndOffset="5734" SrcFileId="8" StartOffset="5703"/>
</LocList>
</BasicStmnt>
<BasicStmnt CovItemId="S128" CovItemPrefix="game.GameBoard.java" Intrnl_Id="475">
<LocList>
<Loc EndOffset="5753" SrcFileId="8" StartOffset="5738"/>
</LocList>
</BasicStmnt>
<BasicStmnt CovItemId="S129" CovItemPrefix="game.GameBoard.java" Intrnl_Id="476">
<LocList>
<Loc EndOffset="5777" SrcFileId="8" StartOffset="5757"/>
</LocList>
</BasicStmnt>
<BasicStmnt CovItemId="S130" CovItemPrefix="game.GameBoard.java" Intrnl_Id="477">
<LocList>
<Loc EndOffset="5807" SrcFileId="8" StartOffset="5781"/>
</LocList>
</BasicStmnt>
<BasicStmnt CovItemId="S131" CovItemPrefix="game.GameBoard.java" Intrnl_Id="478">
<LocList>
<Loc EndOffset="5859" SrcFileId="8" StartOffset="5811"/>
</LocList>
</BasicStmnt>
<BasicStmnt CovItemId="S132" CovItemPrefix="game.GameBoard.java" Intrnl_Id="479">
<LocList>
<Loc EndOffset="5896" SrcFileId="8" StartOffset="5863"/>
</LocList>
</BasicStmnt>
<BasicStmnt CovItemId="S133" CovItemPrefix="game.GameBoard.java" Intrnl_Id="480">
<LocList>
<Loc EndOffset="5919" SrcFileId="8" StartOffset="5900"/>
</LocList>
</BasicStmnt>
<BasicStmnt CovItemId="S134" CovItemPrefix="game.GameBoard.java" Intrnl_Id="481">
<LocList>
<Loc EndOffset="5942" SrcFileId="8" StartOffset="5923"/>
</LocList>
</BasicStmnt>
<BasicStmnt CovItemId="S135" CovItemPrefix="game.GameBoard.java" Intrnl_Id="482">
<LocList>
<Loc EndOffset="5981" SrcFileId="8" StartOffset="5946"/>
</LocList>
</BasicStmnt>
<BasicStmnt CovItemId="S136" CovItemPrefix="game.GameBoard.java" Intrnl_Id="483">
<LocList>
<Loc EndOffset="6004" SrcFileId="8" StartOffset="5985"/>
</LocList>
</BasicStmnt>
<BasicStmnt CovItemId="S137" CovItemPrefix="game.GameBoard.java" Intrnl_Id="484">
<LocList>
<Loc EndOffset="6019" SrcFileId="8" StartOffset="6008"/>
</LocList>
</BasicStmnt>
<BasicStmnt CovItemId="S138" CovItemPrefix="game.GameBoard.java" Intrnl_Id="485">
<LocList>
<Loc EndOffset="6033" SrcFileId="8" StartOffset="6023"/>
</LocList>
</BasicStmnt>
</StmntSeq>
</HierarchyLvl>
</HierarchyLvl>
<HierarchyLvl HierarchyLvlId="64" HierarchyLvlTypeId="17" Intrnl_Id="486" Name="GameApplet">
<Header>
<Loc EndOffset="99" SrcFileId="9" StartOffset="76"/>
</Header>
<LocList>
<Loc EndOffset="368" SrcFileId="9" StartOffset="76"/>
</LocList>
<HierarchyLvl HierarchyLvlId="63" HierarchyLvlTypeId="18" Intrnl_Id="487" Name="main">
<Header>
<Loc EndOffset="144" SrcFileId="9" StartOffset="106"/>
</Header>
<LocList>
<Loc EndOffset="365" SrcFileId="9" StartOffset="106"/>
</LocList>
<StmntSeq Intrnl_Id="488">
<LocList>
<Loc EndOffset="205" SrcFileId="9" StartOffset="150"/>
<Loc EndOffset="264" SrcFileId="9" StartOffset="209"/>
<Loc EndOffset="361" SrcFileId="9" StartOffset="268"/>
</LocList>
<BasicStmnt CovItemId="S1" CovItemPrefix="game.GameApplet.java" Intrnl_Id="489">
<LocList>
<Loc EndOffset="205" SrcFileId="9" StartOffset="150"/>
</LocList>
</BasicStmnt>
<BasicStmnt CovItemId="S2" CovItemPrefix="game.GameApplet.java" Intrnl_Id="490">
<LocList>
<Loc EndOffset="264" SrcFileId="9" StartOffset="209"/>
</LocList>
</BasicStmnt>
<BasicStmnt CovItemId="S3" CovItemPrefix="game.GameApplet.java" Intrnl_Id="491">
<LocList>
<Loc EndOffset="361" SrcFileId="9" StartOffset="268"/>
</LocList>
</BasicStmnt>
</StmntSeq>
</HierarchyLvl>
</HierarchyLvl>
<HierarchyLvl HierarchyLvlId="70" HierarchyLvlTypeId="17" Intrnl_Id="492" Name="Flag">
<Header>
<Loc EndOffset="118" SrcFileId="10" StartOffset="79"/>
</Header>
<LocList>
<Loc EndOffset="640" SrcFileId="10" StartOffset="79"/>
</LocList>
<HierarchyLvl HierarchyLvlId="65" HierarchyLvlTypeId="18" Intrnl_Id="493" Name="Flag">
<Header>
<Loc EndOffset="138" SrcFileId="10" StartOffset="125"/>
</Header>
<LocList>
<Loc EndOffset="271" SrcFileId="10" StartOffset="125"/>
</LocList>
<StmntSeq Intrnl_Id="494">
<LocList>
<Loc EndOffset="172" SrcFileId="10" StartOffset="144"/>
<Loc EndOffset="216" SrcFileId="10" StartOffset="199"/>
<Loc EndOffset="239" SrcFileId="10" StartOffset="220"/>
<Loc EndOffset="267" SrcFileId="10" StartOffset="243"/>
</LocList>
<BasicStmnt CovItemId="S1" CovItemPrefix="game.Flag.java" Intrnl_Id="495">
<LocList>
<Loc EndOffset="172" SrcFileId="10" StartOffset="144"/>
</LocList>
</BasicStmnt>
<BasicStmnt CovItemId="S2" CovItemPrefix="game.Flag.java" Intrnl_Id="496">
<LocList>
<Loc EndOffset="216" SrcFileId="10" StartOffset="199"/>
</LocList>
</BasicStmnt>
<BasicStmnt CovItemId="S3" CovItemPrefix="game.Flag.java" Intrnl_Id="497">
<LocList>
<Loc EndOffset="239" SrcFileId="10" StartOffset="220"/>
</LocList>
</BasicStmnt>
<BasicStmnt CovItemId="S4" CovItemPrefix="game.Flag.java" Intrnl_Id="498">
<LocList>
<Loc EndOffset="267" SrcFileId="10" StartOffset="243"/>
</LocList>
</BasicStmnt>
</StmntSeq>
</HierarchyLvl>
<HierarchyLvl HierarchyLvlId="66" HierarchyLvlTypeId="18" Intrnl_Id="499" Name="actionPerformed">
<Header>
<Loc EndOffset="328" SrcFileId="10" StartOffset="274"/>
</Header>
<LocList>
<Loc EndOffset="376" SrcFileId="10" StartOffset="274"/>
</LocList>
</HierarchyLvl>
<HierarchyLvl HierarchyLvlId="67" HierarchyLvlTypeId="18" Intrnl_Id="500" Name="setSelected">
<Header>
<Loc EndOffset="434" SrcFileId="10" StartOffset="381"/>
</Header>
<LocList>
<Loc EndOffset="469" SrcFileId="10" StartOffset="381"/>
</LocList>
<StmntSeq Intrnl_Id="501">
<LocList>
<Loc EndOffset="465" SrcFileId="10" StartOffset="440"/>
</LocList>
<BasicStmnt CovItemId="S5" CovItemPrefix="game.Flag.java" Intrnl_Id="502">
<LocList>
<Loc EndOffset="465" SrcFileId="10" StartOffset="440"/>
</LocList>
</BasicStmnt>
</StmntSeq>
</HierarchyLvl>
<HierarchyLvl HierarchyLvlId="68" HierarchyLvlTypeId="18" Intrnl_Id="503" Name="hide">
<Header>
<Loc EndOffset="504" SrcFileId="10" StartOffset="474"/>
</Header>
<LocList>
<Loc EndOffset="552" SrcFileId="10" StartOffset="474"/>
</LocList>
</HierarchyLvl>
<HierarchyLvl HierarchyLvlId="69" HierarchyLvlTypeId="18" Intrnl_Id="504" Name="show">
<Header>
<Loc EndOffset="587" SrcFileId="10" StartOffset="557"/>
</Header>
<LocList>
<Loc EndOffset="635" SrcFileId="10" StartOffset="557"/>
</LocList>
</HierarchyLvl>
</HierarchyLvl>
<HierarchyLvl HierarchyLvlId="78" HierarchyLvlTypeId="17" Intrnl_Id="505" Name="ClearPiece">
<Header>
<Loc EndOffset="196" SrcFileId="11" StartOffset="151"/>
</Header>
<LocList>
<Loc EndOffset="987" SrcFileId="11" StartOffset="151"/>
</LocList>
<HierarchyLvl HierarchyLvlId="71" HierarchyLvlTypeId="18" Intrnl_Id="506" Name="ClearPiece">
<Header>
<Loc EndOffset="247" SrcFileId="11" StartOffset="228"/>
</Header>
<LocList>
<Loc EndOffset="312" SrcFileId="11" StartOffset="228"/>
</LocList>
<StmntSeq Intrnl_Id="507">
<LocList>
<Loc EndOffset="277" SrcFileId="11" StartOffset="253"/>
<Loc EndOffset="308" SrcFileId="11" StartOffset="281"/>
</LocList>
<BasicStmnt CovItemId="S1" CovItemPrefix="game.ClearPiece.java" Intrnl_Id="508">
<LocList>
<Loc EndOffset="277" SrcFileId="11" StartOffset="253"/>
</LocList>
</BasicStmnt>
<BasicStmnt CovItemId="S2" CovItemPrefix="game.ClearPiece.java" Intrnl_Id="509">
<LocList>
<Loc EndOffset="308" SrcFileId="11" StartOffset="281"/>
</LocList>
</BasicStmnt>
</StmntSeq>
</HierarchyLvl>
<HierarchyLvl HierarchyLvlId="72" HierarchyLvlTypeId="18" Intrnl_Id="510" Name="actionPerformed">
<Header>
<Loc EndOffset="374" SrcFileId="11" StartOffset="317"/>
</Header>
<LocList>
<Loc EndOffset="449" SrcFileId="11" StartOffset="317"/>
</LocList>
<StmntSeq Intrnl_Id="511">
<LocList>
<Loc EndOffset="445" SrcFileId="11" StartOffset="380"/>
</LocList>
<CondStmnt CovItemId="S3" CovItemPrefix="game.ClearPiece.java" Intrnl_Id="512">
<Branch CovItemId="B1" CovItemPrefix="game.ClearPiece.java" Implct="false" Intrnl_Id="513">
<Cond/>
<LocList>
<Loc EndOffset="445" SrcFileId="11" StartOffset="393"/>
</LocList>
<StmntSeq Intrnl_Id="514">
<LocList>
<Loc EndOffset="440" SrcFileId="11" StartOffset="399"/>
</LocList>
<BasicStmnt CovItemId="S4" CovItemPrefix="game.ClearPiece.java" Intrnl_Id="515">
<LocList>
<Loc EndOffset="440" SrcFileId="11" StartOffset="399"/>
</LocList>
</BasicStmnt>
</StmntSeq>
</Branch>
<Branch CovItemId="B2" CovItemPrefix="game.ClearPiece.java" Implct="true" Intrnl_Id="516">
<Cond/>
<LocList/>
<StmntSeq Intrnl_Id="517">
<LocList/>
</StmntSeq>
</Branch>
<Keyword EndOffset="382" SrcFileId="11" StartOffset="380"/>
<LocList>
<Loc EndOffset="445" SrcFileId="11" StartOffset="380"/>
</LocList>
<RootTerm CovItemId="C1" CovItemPrefix="game.ClearPiece.java" Intrnl_Id="518">
<BasicBoolTerm Intrnl_Id="519">
<LocList>
<Loc EndOffset="391" SrcFileId="11" StartOffset="383"/>
</LocList>
</BasicBoolTerm>
</RootTerm>
</CondStmnt>
</StmntSeq>
</HierarchyLvl>
<HierarchyLvl HierarchyLvlId="73" HierarchyLvlTypeId="18" Intrnl_Id="520" Name="setSelected">
<Header>
<Loc EndOffset="507" SrcFileId="11" StartOffset="454"/>
</Header>
<LocList>
<Loc EndOffset="680" SrcFileId="11" StartOffset="454"/>
</LocList>
<StmntSeq Intrnl_Id="521">
<LocList>
<Loc EndOffset="645" SrcFileId="11" StartOffset="513"/>
<Loc EndOffset="676" SrcFileId="11" StartOffset="651"/>
</LocList>
<CondStmnt CovItemId="S5" CovItemPrefix="game.ClearPiece.java" Intrnl_Id="522">
<Branch CovItemId="B3" CovItemPrefix="game.ClearPiece.java" Implct="false" Intrnl_Id="523">
<Cond/>
<LocList>
<Loc EndOffset="582" SrcFileId="11" StartOffset="526"/>
</LocList>
<StmntSeq Intrnl_Id="524">
<LocList>
<Loc EndOffset="577" SrcFileId="11" StartOffset="532"/>
</LocList>
<BasicStmnt CovItemId="S6" CovItemPrefix="game.ClearPiece.java" Intrnl_Id="525">
<LocList>
<Loc EndOffset="577" SrcFileId="11" StartOffset="532"/>
</LocList>
</BasicStmnt>
</StmntSeq>
</Branch>
<Branch CovItemId="B4" CovItemPrefix="game.ClearPiece.java" Implct="false" Intrnl_Id="526">
<Cond>
<Loc EndOffset="587" SrcFileId="11" StartOffset="583"/>
</Cond>
<LocList>
<Loc EndOffset="645" SrcFileId="11" StartOffset="588"/>
</LocList>
<StmntSeq Intrnl_Id="527">
<LocList>
<Loc EndOffset="640" SrcFileId="11" StartOffset="594"/>
</LocList>
<BasicStmnt CovItemId="S7" CovItemPrefix="game.ClearPiece.java" Intrnl_Id="528">
<LocList>
<Loc EndOffset="640" SrcFileId="11" StartOffset="594"/>
</LocList>
</BasicStmnt>
</StmntSeq>
</Branch>
<Keyword EndOffset="515" SrcFileId="11" StartOffset="513"/>
<LocList>
<Loc EndOffset="645" SrcFileId="11" StartOffset="513"/>
</LocList>
<RootTerm CovItemId="C2" CovItemPrefix="game.ClearPiece.java" Intrnl_Id="529">
<BasicBoolTerm Intrnl_Id="530">
<LocList>
<Loc EndOffset="524" SrcFileId="11" StartOffset="516"/>
</LocList>
</BasicBoolTerm>
</RootTerm>
</CondStmnt>
<BasicStmnt CovItemId="S8" CovItemPrefix="game.ClearPiece.java" Intrnl_Id="531">
<LocList>
<Loc EndOffset="676" SrcFileId="11" StartOffset="651"/>
</LocList>
</BasicStmnt>
</StmntSeq>
</HierarchyLvl>
<HierarchyLvl HierarchyLvlId="74" HierarchyLvlTypeId="18" Intrnl_Id="532" Name="hide">
<Header>
<Loc EndOffset="715" SrcFileId="11" StartOffset="685"/>
</Header>
<LocList>
<Loc EndOffset="763" SrcFileId="11" StartOffset="685"/>
</LocList>
</HierarchyLvl>
<HierarchyLvl HierarchyLvlId="75" HierarchyLvlTypeId="18" Intrnl_Id="533" Name="show">
<Header>
<Loc EndOffset="798" SrcFileId="11" StartOffset="768"/>
</Header>
<LocList>
<Loc EndOffset="846" SrcFileId="11" StartOffset="768"/>
</LocList>
</HierarchyLvl>
<HierarchyLvl HierarchyLvlId="76" HierarchyLvlTypeId="18" Intrnl_Id="534" Name="setOwner">
<Header>
<Loc EndOffset="892" SrcFileId="11" StartOffset="852"/>
</Header>
<LocList>
<Loc EndOffset="920" SrcFileId="11" StartOffset="852"/>
</LocList>
<StmntSeq Intrnl_Id="535">
<LocList>
<Loc EndOffset="916" SrcFileId="11" StartOffset="898"/>
</LocList>
<BasicStmnt CovItemId="S9" CovItemPrefix="game.ClearPiece.java" Intrnl_Id="536">
<LocList>
<Loc EndOffset="916" SrcFileId="11" StartOffset="898"/>
</LocList>
</BasicStmnt>
</StmntSeq>
</HierarchyLvl>
<HierarchyLvl HierarchyLvlId="77" HierarchyLvlTypeId="18" Intrnl_Id="537" Name="getOwner">
<Header>
<Loc EndOffset="960" SrcFileId="11" StartOffset="926"/>
</Header>
<LocList>
<Loc EndOffset="982" SrcFileId="11" StartOffset="926"/>
</LocList>
<StmntSeq Intrnl_Id="538">
<LocList>
<Loc EndOffset="978" SrcFileId="11" StartOffset="966"/>
</LocList>
<BasicStmnt CovItemId="S10" CovItemPrefix="game.ClearPiece.java" Intrnl_Id="539">
<LocList>
<Loc EndOffset="978" SrcFileId="11" StartOffset="966"/>
</LocList>
</BasicStmnt>
</StmntSeq>
</HierarchyLvl>
</HierarchyLvl>
<HierarchyLvl HierarchyLvlId="84" HierarchyLvlTypeId="17" Intrnl_Id="540" Name="Bomb">
<Header>
<Loc EndOffset="183" SrcFileId="12" StartOffset="144"/>
</Header>
<LocList>
<Loc EndOffset="932" SrcFileId="12" StartOffset="144"/>
</LocList>
<HierarchyLvl HierarchyLvlId="79" HierarchyLvlTypeId="18" Intrnl_Id="541" Name="Bomb">
<Header>
<Loc EndOffset="203" SrcFileId="12" StartOffset="190"/>
</Header>
<LocList>
<Loc EndOffset="332" SrcFileId="12" StartOffset="190"/>
</LocList>
<StmntSeq Intrnl_Id="542">
<LocList>
<Loc EndOffset="225" SrcFileId="12" StartOffset="209"/>
<Loc EndOffset="256" SrcFileId="12" StartOffset="229"/>
<Loc EndOffset="277" SrcFileId="12" StartOffset="260"/>
<Loc EndOffset="300" SrcFileId="12" StartOffset="281"/>
<Loc EndOffset="328" SrcFileId="12" StartOffset="304"/>
</LocList>
<BasicStmnt CovItemId="S1" CovItemPrefix="game.Bomb.java" Intrnl_Id="543">
<LocList>
<Loc EndOffset="225" SrcFileId="12" StartOffset="209"/>
</LocList>
</BasicStmnt>
<BasicStmnt CovItemId="S2" CovItemPrefix="game.Bomb.java" Intrnl_Id="544">
<LocList>
<Loc EndOffset="256" SrcFileId="12" StartOffset="229"/>
</LocList>
</BasicStmnt>
<BasicStmnt CovItemId="S3" CovItemPrefix="game.Bomb.java" Intrnl_Id="545">
<LocList>
<Loc EndOffset="277" SrcFileId="12" StartOffset="260"/>
</LocList>
</BasicStmnt>
<BasicStmnt CovItemId="S4" CovItemPrefix="game.Bomb.java" Intrnl_Id="546">
<LocList>
<Loc EndOffset="300" SrcFileId="12" StartOffset="281"/>
</LocList>
</BasicStmnt>
<BasicStmnt CovItemId="S5" CovItemPrefix="game.Bomb.java" Intrnl_Id="547">
<LocList>
<Loc EndOffset="328" SrcFileId="12" StartOffset="304"/>
</LocList>
</BasicStmnt>
</StmntSeq>
</HierarchyLvl>
<HierarchyLvl HierarchyLvlId="80" HierarchyLvlTypeId="18" Intrnl_Id="548" Name="actionPerformed">
<Header>
<Loc EndOffset="391" SrcFileId="12" StartOffset="337"/>
</Header>
<LocList>
<Loc EndOffset="530" SrcFileId="12" StartOffset="337"/>
</LocList>
<StmntSeq Intrnl_Id="549">
<LocList>
<Loc EndOffset="526" SrcFileId="12" StartOffset="397"/>
</LocList>
<CondStmnt CovItemId="S6" CovItemPrefix="game.Bomb.java" Intrnl_Id="550">
<Branch CovItemId="B1" CovItemPrefix="game.Bomb.java" Implct="false" Intrnl_Id="551">
<Cond/>
<LocList>
<Loc EndOffset="463" SrcFileId="12" StartOffset="411"/>
</LocList>
<StmntSeq Intrnl_Id="552">
<LocList>
<Loc EndOffset="458" SrcFileId="12" StartOffset="417"/>
</LocList>
<BasicStmnt CovItemId="S7" CovItemPrefix="game.Bomb.java" Intrnl_Id="553">
<LocList>
<Loc EndOffset="458" SrcFileId="12" StartOffset="417"/>
</LocList>
</BasicStmnt>
</StmntSeq>
</Branch>
<Branch CovItemId="B2" CovItemPrefix="game.Bomb.java" Implct="false" Intrnl_Id="554">
<Cond>
<Loc EndOffset="468" SrcFileId="12" StartOffset="464"/>
</Cond>
<LocList>
<Loc EndOffset="526" SrcFileId="12" StartOffset="469"/>
</LocList>
<StmntSeq Intrnl_Id="555">
<LocList/>
</StmntSeq>
</Branch>
<Keyword EndOffset="399" SrcFileId="12" StartOffset="397"/>
<LocList>
<Loc EndOffset="526" SrcFileId="12" StartOffset="397"/>
</LocList>
<RootTerm CovItemId="C1" CovItemPrefix="game.Bomb.java" Intrnl_Id="556">
<BasicBoolTerm Intrnl_Id="557">
<LocList>
<Loc EndOffset="409" SrcFileId="12" StartOffset="401"/>
</LocList>
</BasicBoolTerm>
</RootTerm>
</CondStmnt>
</StmntSeq>
</HierarchyLvl>
<HierarchyLvl HierarchyLvlId="81" HierarchyLvlTypeId="18" Intrnl_Id="558" Name="setSelected">
<Header>
<Loc EndOffset="588" SrcFileId="12" StartOffset="535"/>
</Header>
<LocList>
<Loc EndOffset="763" SrcFileId="12" StartOffset="535"/>
</LocList>
<StmntSeq Intrnl_Id="559">
<LocList>
<Loc EndOffset="730" SrcFileId="12" StartOffset="594"/>
<Loc EndOffset="759" SrcFileId="12" StartOffset="734"/>
</LocList>
<CondStmnt CovItemId="S8" CovItemPrefix="game.Bomb.java" Intrnl_Id="560">
<Branch CovItemId="B3" CovItemPrefix="game.Bomb.java" Implct="false" Intrnl_Id="561">
<Cond/>
<LocList>
<Loc EndOffset="667" SrcFileId="12" StartOffset="608"/>
</LocList>
<StmntSeq Intrnl_Id="562">
<LocList>
<Loc EndOffset="662" SrcFileId="12" StartOffset="614"/>
</LocList>
<BasicStmnt CovItemId="S9" CovItemPrefix="game.Bomb.java" Intrnl_Id="563">
<LocList>
<Loc EndOffset="662" SrcFileId="12" StartOffset="614"/>
</LocList>
</BasicStmnt>
</StmntSeq>
</Branch>
<Branch CovItemId="B4" CovItemPrefix="game.Bomb.java" Implct="false" Intrnl_Id="564">
<Cond>
<Loc EndOffset="672" SrcFileId="12" StartOffset="668"/>
</Cond>
<LocList>
<Loc EndOffset="730" SrcFileId="12" StartOffset="673"/>
</LocList>
<StmntSeq Intrnl_Id="565">
<LocList>
<Loc EndOffset="725" SrcFileId="12" StartOffset="679"/>
</LocList>
<BasicStmnt CovItemId="S10" CovItemPrefix="game.Bomb.java" Intrnl_Id="566">
<LocList>
<Loc EndOffset="725" SrcFileId="12" StartOffset="679"/>
</LocList>
</BasicStmnt>
</StmntSeq>
</Branch>
<Keyword EndOffset="596" SrcFileId="12" StartOffset="594"/>
<LocList>
<Loc EndOffset="730" SrcFileId="12" StartOffset="594"/>
</LocList>
<RootTerm CovItemId="C2" CovItemPrefix="game.Bomb.java" Intrnl_Id="567">
<BasicBoolTerm Intrnl_Id="568">
<LocList>
<Loc EndOffset="606" SrcFileId="12" StartOffset="598"/>
</LocList>
</BasicBoolTerm>
</RootTerm>
</CondStmnt>
<BasicStmnt CovItemId="S11" CovItemPrefix="game.Bomb.java" Intrnl_Id="569">
<LocList>
<Loc EndOffset="759" SrcFileId="12" StartOffset="734"/>
</LocList>
</BasicStmnt>
</StmntSeq>
</HierarchyLvl>
<HierarchyLvl HierarchyLvlId="82" HierarchyLvlTypeId="18" Intrnl_Id="570" Name="hide">
<Header>
<Loc EndOffset="798" SrcFileId="12" StartOffset="768"/>
</Header>
<LocList>
<Loc EndOffset="846" SrcFileId="12" StartOffset="768"/>
</LocList>
</HierarchyLvl>
<HierarchyLvl HierarchyLvlId="83" HierarchyLvlTypeId="18" Intrnl_Id="571" Name="show">
<Header>
<Loc EndOffset="881" SrcFileId="12" StartOffset="851"/>
</Header>
<LocList>
<Loc EndOffset="929" SrcFileId="12" StartOffset="851"/>
</LocList>
</HierarchyLvl>
</HierarchyLvl>
<HierarchyLvl HierarchyLvlId="97" HierarchyLvlTypeId="17" Intrnl_Id="572" Name="AbstractPiece">
<Header>
<Loc EndOffset="265" SrcFileId="13" StartOffset="180"/>
</Header>
<LocList>
<Loc EndOffset="1300" SrcFileId="13" StartOffset="180"/>
</LocList>
<StmntSeq Intrnl_Id="573">
<LocList>
<Loc EndOffset="307" SrcFileId="13" StartOffset="272"/>
<Loc EndOffset="349" SrcFileId="13" StartOffset="310"/>
<Loc EndOffset="440" SrcFileId="13" StartOffset="411"/>
</LocList>
<BasicStmnt CovItemId="S1" CovItemPrefix="game.AbstractPiece.java" Intrnl_Id="574">
<LocList>
<Loc EndOffset="307" SrcFileId="13" StartOffset="272"/>
</LocList>
</BasicStmnt>
<BasicStmnt CovItemId="S2" CovItemPrefix="game.AbstractPiece.java" Intrnl_Id="575">
<LocList>
<Loc EndOffset="349" SrcFileId="13" StartOffset="310"/>
</LocList>
</BasicStmnt>
<BasicStmnt CovItemId="S3" CovItemPrefix="game.AbstractPiece.java" Intrnl_Id="576">
<LocList>
<Loc EndOffset="440" SrcFileId="13" StartOffset="411"/>
</LocList>
</BasicStmnt>
</StmntSeq>
<HierarchyLvl HierarchyLvlId="85" HierarchyLvlTypeId="18" Intrnl_Id="577" Name="actionPerformed">
<Header>
<Loc EndOffset="557" SrcFileId="13" StartOffset="494"/>
</Header>
<LocList>
<Loc EndOffset="558" SrcFileId="13" StartOffset="494"/>
</LocList>
</HierarchyLvl>
<HierarchyLvl HierarchyLvlId="86" HierarchyLvlTypeId="18" Intrnl_Id="578" Name="setSelected">
<Header>
<Loc EndOffset="625" SrcFileId="13" StartOffset="563"/>
</Header>
<LocList>
<Loc EndOffset="626" SrcFileId="13" StartOffset="563"/>
</LocList>
</HierarchyLvl>
<HierarchyLvl HierarchyLvlId="87" HierarchyLvlTypeId="18" Intrnl_Id="579" Name="hide">
<Header>
<Loc EndOffset="670" SrcFileId="13" StartOffset="631"/>
</Header>
<LocList>
<Loc EndOffset="671" SrcFileId="13" StartOffset="631"/>
</LocList>
</HierarchyLvl>
<HierarchyLvl HierarchyLvlId="88" HierarchyLvlTypeId="18" Intrnl_Id="580" Name="show">
<Header>
<Loc EndOffset="715" SrcFileId="13" StartOffset="676"/>
</Header>
<LocList>
<Loc EndOffset="716" SrcFileId="13" StartOffset="676"/>
</LocList>
</HierarchyLvl>
<HierarchyLvl HierarchyLvlId="89" HierarchyLvlTypeId="18" Intrnl_Id="581" Name="isSelected">
<Header>
<Loc EndOffset="760" SrcFileId="13" StartOffset="721"/>
</Header>
<LocList>
<Loc EndOffset="786" SrcFileId="13" StartOffset="721"/>
</LocList>
<StmntSeq Intrnl_Id="582">
<LocList>
<Loc EndOffset="782" SrcFileId="13" StartOffset="766"/>
</LocList>
<BasicStmnt CovItemId="S4" CovItemPrefix="game.AbstractPiece.java" Intrnl_Id="583">
<LocList>
<Loc EndOffset="782" SrcFileId="13" StartOffset="766"/>
</LocList>
</BasicStmnt>
</StmntSeq>
</HierarchyLvl>
<HierarchyLvl HierarchyLvlId="90" HierarchyLvlTypeId="18" Intrnl_Id="584" Name="setObserver">
<Header>
<Loc EndOffset="851" SrcFileId="13" StartOffset="791"/>
</Header>
<LocList>
<Loc EndOffset="886" SrcFileId="13" StartOffset="791"/>
</LocList>
<StmntSeq Intrnl_Id="585">
<LocList>
<Loc EndOffset="882" SrcFileId="13" StartOffset="857"/>
</LocList>
<BasicStmnt CovItemId="S5" CovItemPrefix="game.AbstractPiece.java" Intrnl_Id="586">
<LocList>
<Loc EndOffset="882" SrcFileId="13" StartOffset="857"/>
</LocList>
</BasicStmnt>
</StmntSeq>
</HierarchyLvl>
<HierarchyLvl HierarchyLvlId="91" HierarchyLvlTypeId="18" Intrnl_Id="587" Name="setLocation">
<Header>
<Loc EndOffset="942" SrcFileId="13" StartOffset="891"/>
</Header>
<LocList>
<Loc EndOffset="980" SrcFileId="13" StartOffset="891"/>
</LocList>
<StmntSeq Intrnl_Id="588">
<LocList>
<Loc EndOffset="973" SrcFileId="13" StartOffset="948"/>
</LocList>
<BasicStmnt CovItemId="S6" CovItemPrefix="game.AbstractPiece.java" Intrnl_Id="589">
<LocList>
<Loc EndOffset="973" SrcFileId="13" StartOffset="948"/>
</LocList>
</BasicStmnt>
</StmntSeq>
</HierarchyLvl>
<HierarchyLvl HierarchyLvlId="92" HierarchyLvlTypeId="18" Intrnl_Id="590" Name="getLocation">
<Header>
<Loc EndOffset="1023" SrcFileId="13" StartOffset="985"/>
</Header>
<LocList>
<Loc EndOffset="1054" SrcFileId="13" StartOffset="985"/>
</LocList>
<StmntSeq Intrnl_Id="591">
<LocList>
<Loc EndOffset="1050" SrcFileId="13" StartOffset="1029"/>
</LocList>
<BasicStmnt CovItemId="S7" CovItemPrefix="game.AbstractPiece.java" Intrnl_Id="592">
<LocList>
<Loc EndOffset="1050" SrcFileId="13" StartOffset="1029"/>
</LocList>
</BasicStmnt>
</StmntSeq>
</HierarchyLvl>
<HierarchyLvl HierarchyLvlId="93" HierarchyLvlTypeId="18" Intrnl_Id="593" Name="getOwner">
<Header>
<Loc EndOffset="1095" SrcFileId="13" StartOffset="1061"/>
</Header>
<LocList>
<Loc EndOffset="1118" SrcFileId="13" StartOffset="1061"/>
</LocList>
<StmntSeq Intrnl_Id="594">
<LocList>
<Loc EndOffset="1114" SrcFileId="13" StartOffset="1101"/>
</LocList>
<BasicStmnt CovItemId="S8" CovItemPrefix="game.AbstractPiece.java" Intrnl_Id="595">
<LocList>
<Loc EndOffset="1114" SrcFileId="13" StartOffset="1101"/>
</LocList>
</BasicStmnt>
</StmntSeq>
</HierarchyLvl>
<HierarchyLvl HierarchyLvlId="94" HierarchyLvlTypeId="18" Intrnl_Id="596" Name="setOwner">
<Header>
<Loc EndOffset="1167" SrcFileId="13" StartOffset="1123"/>
</Header>
<LocList>
<Loc EndOffset="1196" SrcFileId="13" StartOffset="1123"/>
</LocList>
<StmntSeq Intrnl_Id="597">
<LocList>
<Loc EndOffset="1192" SrcFileId="13" StartOffset="1173"/>
</LocList>
<BasicStmnt CovItemId="S9" CovItemPrefix="game.AbstractPiece.java" Intrnl_Id="598">
<LocList>
<Loc EndOffset="1192" SrcFileId="13" StartOffset="1173"/>
</LocList>
</BasicStmnt>
</StmntSeq>
</HierarchyLvl>
<HierarchyLvl HierarchyLvlId="95" HierarchyLvlTypeId="18" Intrnl_Id="599" Name="getName">
<Header>
<Loc EndOffset="1225" SrcFileId="13" StartOffset="1202"/>
</Header>
<LocList>
<Loc EndOffset="1247" SrcFileId="13" StartOffset="1202"/>
</LocList>
<StmntSeq Intrnl_Id="600">
<LocList>
<Loc EndOffset="1243" SrcFileId="13" StartOffset="1231"/>
</LocList>
<BasicStmnt CovItemId="S10" CovItemPrefix="game.AbstractPiece.java" Intrnl_Id="601">
<LocList>
<Loc EndOffset="1243" SrcFileId="13" StartOffset="1231"/>
</LocList>
</BasicStmnt>
</StmntSeq>
</HierarchyLvl>
<HierarchyLvl HierarchyLvlId="96" HierarchyLvlTypeId="18" Intrnl_Id="602" Name="getRank">
<Header>
<Loc EndOffset="1273" SrcFileId="13" StartOffset="1253"/>
</Header>
<LocList>
<Loc EndOffset="1295" SrcFileId="13" StartOffset="1253"/>
</LocList>
<StmntSeq Intrnl_Id="603">
<LocList>
<Loc EndOffset="1291" SrcFileId="13" StartOffset="1279"/>
</LocList>
<BasicStmnt CovItemId="S11" CovItemPrefix="game.AbstractPiece.java" Intrnl_Id="604">
<LocList>
<Loc EndOffset="1291" SrcFileId="13" StartOffset="1279"/>
</LocList>
</BasicStmnt>
</StmntSeq>
</HierarchyLvl>
</HierarchyLvl>
</HierarchyLvl>
</HierarchyLvl>
</MASTRoot>
<TestSession Comment="" Date="1429893606647" Name="Apr 24, 2015 12:40:06 PM">
<TestCase Comment="" Date="1429893606159" Name="tests.TestBombPiece:testProcessPressOnNonSelectedPiece">
<CovList>
<CovPrefix CovItemPrefix="game.AbstractPiece.java">
<Cov CovItemId="S5" Value="1"/>
</CovPrefix>
<CovPrefix CovItemPrefix="game.Bomb.java">
<Cov CovItemId="B2" Value="1"/>
<Cov CovItemId="B4" Value="1"/>
<Cov CovItemId="S10" Value="1"/>
<Cov CovItemId="S11" Value="1"/>
<Cov CovItemId="S6" Value="1"/>
<Cov CovItemId="S8" Value="1"/>
</CovPrefix>
</CovList>
<AssgnmntList>
<AssgnmntPrefix RootTermCovItemPrefix="game.Bomb.java">
<AssgnmntListEntry Length="1" RootTermCovItemId="C1">
<MapEntry BoolAssgnmnt="0" Value="1"/>
</AssgnmntListEntry>
<AssgnmntListEntry Length="1" RootTermCovItemId="C2">
<MapEntry BoolAssgnmnt="0" Value="1"/>
</AssgnmntListEntry>
</AssgnmntPrefix>
</AssgnmntList>
<ObjMetaDataList/>
<MetaDataList/>
</TestCase>
<TestCase Comment="" Date="1429893606163" Name="tests.TestBombPiece:testLocation">
<CovList>
<CovPrefix CovItemPrefix="game.AbstractPiece.java">
<Cov CovItemId="S5" Value="1"/>
<Cov CovItemId="S6" Value="1"/>
<Cov CovItemId="S7" Value="1"/>
</CovPrefix>
</CovList>
<AssgnmntList/>
<ObjMetaDataList/>
<MetaDataList/>
</TestCase>
<TestCase Comment="" Date="1429893606164" Name="tests.TestBombPiece:testProcessPressOnSelectedPiece">
<CovList>
<CovPrefix CovItemPrefix="game.AbstractPiece.java">
<Cov CovItemId="S5" Value="1"/>
<Cov CovItemId="S7" Value="1"/>
</CovPrefix>
<CovPrefix CovItemPrefix="game.Bomb.java">
<Cov CovItemId="B1" Value="1"/>
<Cov CovItemId="B3" Value="1"/>
<Cov CovItemId="S11" Value="1"/>
<Cov CovItemId="S6" Value="1"/>
<Cov CovItemId="S7" Value="1"/>
<Cov CovItemId="S8" Value="1"/>
<Cov CovItemId="S9" Value="1"/>
</CovPrefix>
</CovList>
<AssgnmntList>
<AssgnmntPrefix RootTermCovItemPrefix="game.Bomb.java">
<AssgnmntListEntry Length="1" RootTermCovItemId="C1">
<MapEntry BoolAssgnmnt="1" Value="1"/>
</AssgnmntListEntry>
<AssgnmntListEntry Length="1" RootTermCovItemId="C2">
<MapEntry BoolAssgnmnt="1" Value="1"/>
</AssgnmntListEntry>
</AssgnmntPrefix>
</AssgnmntList>
<ObjMetaDataList/>
<MetaDataList/>
</TestCase>
<TestCase Comment="" Date="1429893606165" Name="tests.TestBombPiece:testSetSelectedTrue">
<CovList>
<CovPrefix CovItemPrefix="game.AbstractPiece.java">
<Cov CovItemId="S4" Value="1"/>
<Cov CovItemId="S5" Value="1"/>
</CovPrefix>
<CovPrefix CovItemPrefix="game.Bomb.java">
<Cov CovItemId="B3" Value="1"/>
<Cov CovItemId="S11" Value="1"/>
<Cov CovItemId="S8" Value="1"/>
<Cov CovItemId="S9" Value="1"/>
</CovPrefix>
</CovList>
<AssgnmntList>
<AssgnmntPrefix RootTermCovItemPrefix="game.Bomb.java">
<AssgnmntListEntry Length="1" RootTermCovItemId="C2">
<MapEntry BoolAssgnmnt="1" Value="1"/>
</AssgnmntListEntry>
</AssgnmntPrefix>
</AssgnmntList>
<ObjMetaDataList/>
<MetaDataList/>
</TestCase>
<TestCase Comment="" Date="1429893606166" Name="tests.TestBombPiece:testUserForPiece">
<CovList>
<CovPrefix CovItemPrefix="game.AbstractPiece.java">
<Cov CovItemId="S5" Value="1"/>
<Cov CovItemId="S8" Value="1"/>
<Cov CovItemId="S9" Value="1"/>
</CovPrefix>
</CovList>
<AssgnmntList/>
<ObjMetaDataList/>
<MetaDataList/>
</TestCase>
<TestCase Comment="" Date="1429893606167" Name="tests.TestBombPiece:testSetSelectedFalse">
<CovList>
<CovPrefix CovItemPrefix="game.AbstractPiece.java">
<Cov CovItemId="S4" Value="1"/>
<Cov CovItemId="S5" Value="1"/>
</CovPrefix>
<CovPrefix CovItemPrefix="game.Bomb.java">
<Cov CovItemId="B4" Value="1"/>
<Cov CovItemId="S10" Value="1"/>
<Cov CovItemId="S11" Value="1"/>
<Cov CovItemId="S8" Value="1"/>
</CovPrefix>
</CovList>
<AssgnmntList>
<AssgnmntPrefix RootTermCovItemPrefix="game.Bomb.java">
<AssgnmntListEntry Length="1" RootTermCovItemId="C2">
<MapEntry BoolAssgnmnt="0" Value="1"/>
</AssgnmntListEntry>
</AssgnmntPrefix>
</AssgnmntList>
<ObjMetaDataList/>
<MetaDataList/>
</TestCase>
<TestCase Comment="" Date="1429893606169" Name="tests.TestClearPiece:testProcessPressOnNonSelectedPiece">
<CovList>
<CovPrefix CovItemPrefix="game.AbstractPiece.java">
<Cov CovItemId="S1" Value="1"/>
<Cov CovItemId="S2" Value="1"/>
<Cov CovItemId="S3" Value="1"/>
<Cov CovItemId="S5" Value="1"/>
</CovPrefix>
<CovPrefix CovItemPrefix="game.ClearPiece.java">
<Cov CovItemId="B2" Value="1"/>
<Cov CovItemId="B4" Value="1"/>
<Cov CovItemId="S1" Value="1"/>
<Cov CovItemId="S2" Value="1"/>
<Cov CovItemId="S3" Value="1"/>
<Cov CovItemId="S5" Value="1"/>
<Cov CovItemId="S7" Value="1"/>
<Cov CovItemId="S8" Value="1"/>
</CovPrefix>
</CovList>
<AssgnmntList>
<AssgnmntPrefix RootTermCovItemPrefix="game.ClearPiece.java">
<AssgnmntListEntry Length="1" RootTermCovItemId="C1">
<MapEntry BoolAssgnmnt="0" Value="1"/>
</AssgnmntListEntry>
<AssgnmntListEntry Length="1" RootTermCovItemId="C2">
<MapEntry BoolAssgnmnt="0" Value="1"/>
</AssgnmntListEntry>
</AssgnmntPrefix>
</AssgnmntList>
<ObjMetaDataList/>
<MetaDataList/>
</TestCase>
<TestCase Comment="" Date="1429893606170" Name="tests.TestClearPiece:testOwnerIsNullForClearPiece">
<CovList>
<CovPrefix CovItemPrefix="game.AbstractPiece.java">
<Cov CovItemId="S1" Value="1"/>
<Cov CovItemId="S2" Value="1"/>
<Cov CovItemId="S3" Value="1"/>
<Cov CovItemId="S5" Value="1"/>
</CovPrefix>
<CovPrefix CovItemPrefix="game.ClearPiece.java">
<Cov CovItemId="S1" Value="1"/>
<Cov CovItemId="S10" Value="2"/>
<Cov CovItemId="S2" Value="1"/>
<Cov CovItemId="S9" Value="1"/>
</CovPrefix>
</CovList>
<AssgnmntList/>
<ObjMetaDataList/>
<MetaDataList/>
</TestCase>
<TestCase Comment="" Date="1429893606171" Name="tests.TestClearPiece:testLocation">
<CovList>
<CovPrefix CovItemPrefix="game.AbstractPiece.java">
<Cov CovItemId="S1" Value="1"/>
<Cov CovItemId="S2" Value="1"/>
<Cov CovItemId="S3" Value="1"/>
<Cov CovItemId="S5" Value="1"/>
<Cov CovItemId="S6" Value="1"/>
<Cov CovItemId="S7" Value="1"/>
</CovPrefix>
<CovPrefix CovItemPrefix="game.ClearPiece.java">
<Cov CovItemId="S1" Value="1"/>
<Cov CovItemId="S2" Value="1"/>
</CovPrefix>
</CovList>
<AssgnmntList/>
<ObjMetaDataList/>
<MetaDataList/>
</TestCase>
<TestCase Comment="" Date="1429893606172" Name="tests.TestClearPiece:testProcessPressOnSelectedPiece">
<CovList>
<CovPrefix CovItemPrefix="game.AbstractPiece.java">
<Cov CovItemId="S1" Value="1"/>
<Cov CovItemId="S2" Value="1"/>
<Cov CovItemId="S3" Value="1"/>
<Cov CovItemId="S5" Value="1"/>
</CovPrefix>
<CovPrefix CovItemPrefix="game.ClearPiece.java">
<Cov CovItemId="B1" Value="1"/>
<Cov CovItemId="B3" Value="1"/>
<Cov CovItemId="S1" Value="1"/>
<Cov CovItemId="S2" Value="1"/>
<Cov CovItemId="S3" Value="1"/>
<Cov CovItemId="S4" Value="1"/>
<Cov CovItemId="S5" Value="1"/>
<Cov CovItemId="S6" Value="1"/>
<Cov CovItemId="S8" Value="1"/>
</CovPrefix>
</CovList>
<AssgnmntList>
<AssgnmntPrefix RootTermCovItemPrefix="game.ClearPiece.java">
<AssgnmntListEntry Length="1" RootTermCovItemId="C1">
<MapEntry BoolAssgnmnt="1" Value="1"/>
</AssgnmntListEntry>
<AssgnmntListEntry Length="1" RootTermCovItemId="C2">
<MapEntry BoolAssgnmnt="1" Value="1"/>
</AssgnmntListEntry>
</AssgnmntPrefix>
</AssgnmntList>
<ObjMetaDataList/>
<MetaDataList/>
</TestCase>
<TestCase Comment="" Date="1429893606174" Name="tests.TestClearPiece:testSetSelectedTrue">
<CovList>
<CovPrefix CovItemPrefix="game.AbstractPiece.java">
<Cov CovItemId="S1" Value="1"/>
<Cov CovItemId="S2" Value="1"/>
<Cov CovItemId="S3" Value="1"/>
<Cov CovItemId="S4" Value="1"/>
<Cov CovItemId="S5" Value="1"/>
</CovPrefix>
<CovPrefix CovItemPrefix="game.ClearPiece.java">
<Cov CovItemId="B3" Value="1"/>
<Cov CovItemId="S1" Value="1"/>
<Cov CovItemId="S2" Value="1"/>
<Cov CovItemId="S5" Value="1"/>
<Cov CovItemId="S6" Value="1"/>
<Cov CovItemId="S8" Value="1"/>
</CovPrefix>
</CovList>
<AssgnmntList>
<AssgnmntPrefix RootTermCovItemPrefix="game.ClearPiece.java">
<AssgnmntListEntry Length="1" RootTermCovItemId="C2">
<MapEntry BoolAssgnmnt="1" Value="1"/>
</AssgnmntListEntry>
</AssgnmntPrefix>
</AssgnmntList>
<ObjMetaDataList/>
<MetaDataList/>
</TestCase>
<TestCase Comment="" Date="1429893606175" Name="tests.TestClearPiece:testSetSelectedFalse">
<CovList>
<CovPrefix CovItemPrefix="game.AbstractPiece.java">
<Cov CovItemId="S1" Value="1"/>
<Cov CovItemId="S2" Value="1"/>
<Cov CovItemId="S3" Value="1"/>
<Cov CovItemId="S4" Value="1"/>
<Cov CovItemId="S5" Value="1"/>
</CovPrefix>
<CovPrefix CovItemPrefix="game.ClearPiece.java">
<Cov CovItemId="B4" Value="1"/>
<Cov CovItemId="S1" Value="1"/>
<Cov CovItemId="S2" Value="1"/>
<Cov CovItemId="S5" Value="1"/>
<Cov CovItemId="S7" Value="1"/>
<Cov CovItemId="S8" Value="1"/>
</CovPrefix>
</CovList>
<AssgnmntList>
<AssgnmntPrefix RootTermCovItemPrefix="game.ClearPiece.java">
<AssgnmntListEntry Length="1" RootTermCovItemId="C2">
<MapEntry BoolAssgnmnt="0" Value="1"/>
</AssgnmntListEntry>
</AssgnmntPrefix>
</AssgnmntList>
<ObjMetaDataList/>
<MetaDataList/>
</TestCase>
<TestCase Comment="" Date="1429893606177" Name="tests.TestFlagPiece:testLocation">
<CovList>
<CovPrefix CovItemPrefix="game.AbstractPiece.java">
<Cov CovItemId="S5" Value="1"/>
<Cov CovItemId="S6" Value="1"/>
<Cov CovItemId="S7" Value="1"/>
</CovPrefix>
</CovList>
<AssgnmntList/>
<ObjMetaDataList/>
<MetaDataList/>
</TestCase>
<TestCase Comment="" Date="1429893606178" Name="tests.TestFlagPiece:testSetSelectedTrue">
<CovList>
<CovPrefix CovItemPrefix="game.AbstractPiece.java">
<Cov CovItemId="S4" Value="1"/>
<Cov CovItemId="S5" Value="1"/>
</CovPrefix>
<CovPrefix CovItemPrefix="game.Flag.java">
<Cov CovItemId="S5" Value="1"/>
</CovPrefix>
</CovList>
<AssgnmntList/>
<ObjMetaDataList/>
<MetaDataList/>
</TestCase>
<TestCase Comment="" Date="1429893606179" Name="tests.TestFlagPiece:testSetSelectedFalse">
<CovList>
<CovPrefix CovItemPrefix="game.AbstractPiece.java">
<Cov CovItemId="S4" Value="1"/>
<Cov CovItemId="S5" Value="1"/>
</CovPrefix>
<CovPrefix CovItemPrefix="game.Flag.java">
<Cov CovItemId="S5" Value="1"/>
</CovPrefix>
</CovList>
<AssgnmntList/>
<ObjMetaDataList/>
<MetaDataList/>
</TestCase>
<TestCase Comment="" Date="1429893606181" Name="tests.TestObstaclePiece:testProcessPressOnNonSelectedPiece">
<CovList>
<CovPrefix CovItemPrefix="game.AbstractPiece.java">
<Cov CovItemId="S5" Value="1"/>
</CovPrefix>
</CovList>
<AssgnmntList/>
<ObjMetaDataList/>
<MetaDataList/>
</TestCase>
<TestCase Comment="" Date="1429893606182" Name="tests.TestObstaclePiece:testLocation">
<CovList>
<CovPrefix CovItemPrefix="game.AbstractPiece.java">
<Cov CovItemId="S5" Value="1"/>
<Cov CovItemId="S6" Value="1"/>
<Cov CovItemId="S7" Value="1"/>
</CovPrefix>
</CovList>
<AssgnmntList/>
<ObjMetaDataList/>
<MetaDataList/>
</TestCase>
<TestCase Comment="" Date="1429893606183" Name="tests.TestObstaclePiece:testProcessPressOnSelectedPiece">
<CovList>
<CovPrefix CovItemPrefix="game.AbstractPiece.java">
<Cov CovItemId="S5" Value="1"/>
</CovPrefix>
</CovList>
<AssgnmntList/>
<ObjMetaDataList/>
<MetaDataList/>
</TestCase>
<TestCase Comment="" Date="1429893606183" Name="tests.TestObstaclePiece:testSetSelectedTrue">
<CovList>
<CovPrefix CovItemPrefix="game.AbstractPiece.java">
<Cov CovItemId="S4" Value="1"/>
<Cov CovItemId="S5" Value="1"/>
</CovPrefix>
</CovList>
<AssgnmntList/>
<ObjMetaDataList/>
<MetaDataList/>
</TestCase>
<TestCase Comment="" Date="1429893606184" Name="tests.TestObstaclePiece:testSetSelectedFalse">
<CovList>
<CovPrefix CovItemPrefix="game.AbstractPiece.java">
<Cov CovItemId="S4" Value="1"/>
<Cov CovItemId="S5" Value="1"/>
</CovPrefix>
</CovList>
<AssgnmntList/>
<ObjMetaDataList/>
<MetaDataList/>
</TestCase>
<TestCase Comment="" Date="1429893606184" Name="tests.TestObstaclePiece:testOwnerIsNullForObstaclePiece">
<CovList>
<CovPrefix CovItemPrefix="game.AbstractPiece.java">
<Cov CovItemId="S5" Value="1"/>
</CovPrefix>
<CovPrefix CovItemPrefix="game.Obstacle.java">
<Cov CovItemId="S1" Value="1"/>
<Cov CovItemId="S2" Value="2"/>
</CovPrefix>
</CovList>
<AssgnmntList/>
<ObjMetaDataList/>
<MetaDataList/>
</TestCase>
<TestCase Comment="" Date="1429893606206" Name="tests.TestAttacking:TestAttackSameRank">
<CovList>
<CovPrefix CovItemPrefix="game.AbstractPiece.java">
<Cov CovItemId="S1" Value="4"/>
<Cov CovItemId="S2" Value="4"/>
<Cov CovItemId="S3" Value="4"/>
<Cov CovItemId="S5" Value="2"/>
<Cov CovItemId="S6" Value="6"/>
<Cov CovItemId="S7" Value="4"/>
<Cov CovItemId="S8" Value="2"/>
<Cov CovItemId="S9" Value="2"/>
</CovPrefix>
<CovPrefix CovItemPrefix="game.ClearPiece.java">
<Cov CovItemId="S1" Value="2"/>
<Cov CovItemId="S2" Value="2"/>
</CovPrefix>
<CovPrefix CovItemPrefix="game.GameBoard.java">
<Cov CovItemId="B34" Value="1"/>
<Cov CovItemId="B38" Value="1"/>
<Cov CovItemId="B40" Value="1"/>
<Cov CovItemId="B42" Value="1"/>
<Cov CovItemId="B44" Value="1"/>
<Cov CovItemId="B45" Value="1"/>
<Cov CovItemId="S104" Value="1"/>
<Cov CovItemId="S108" Value="1"/>
<Cov CovItemId="S111" Value="1"/>
<Cov CovItemId="S115" Value="1"/>
<Cov CovItemId="S118" Value="1"/>
<Cov CovItemId="S119" Value="1"/>
<Cov CovItemId="S120" Value="1"/>
<Cov CovItemId="S121" Value="1"/>
<Cov CovItemId="S123" Value="2"/>
<Cov CovItemId="S124" Value="2"/>
<Cov CovItemId="S125" Value="2"/>
<Cov CovItemId="S126" Value="2"/>
<Cov CovItemId="S127" Value="2"/>
<Cov CovItemId="S128" Value="2"/>
<Cov CovItemId="S129" Value="2"/>
<Cov CovItemId="S130" Value="2"/>
<Cov CovItemId="S131" Value="2"/>
<Cov CovItemId="S132" Value="2"/>
<Cov CovItemId="S133" Value="2"/>
<Cov CovItemId="S134" Value="2"/>
<Cov CovItemId="S135" Value="2"/>
<Cov CovItemId="S136" Value="2"/>
<Cov CovItemId="S137" Value="2"/>
<Cov CovItemId="S138" Value="2"/>
<Cov CovItemId="S96" Value="1"/>
</CovPrefix>
<CovPrefix CovItemPrefix="game.Soldier.java">
<Cov CovItemId="S6" Value="2"/>
<Cov CovItemId="S7" Value="2"/>
<Cov CovItemId="S8" Value="2"/>
</CovPrefix>
</CovList>
<AssgnmntList>
<AssgnmntPrefix RootTermCovItemPrefix="game.GameBoard.java">
<AssgnmntListEntry Length="1" RootTermCovItemId="C21">
<MapEntry BoolAssgnmnt="0" Value="1"/>
</AssgnmntListEntry>
<AssgnmntListEntry Length="1" RootTermCovItemId="C23">
<MapEntry BoolAssgnmnt="0" Value="1"/>
</AssgnmntListEntry>
<AssgnmntListEntry Length="2" RootTermCovItemId="C24">
<MapEntry BoolAssgnmnt="02" Value="1"/>
</AssgnmntListEntry>
<AssgnmntListEntry Length="1" RootTermCovItemId="C25">
<MapEntry BoolAssgnmnt="0" Value="1"/>
</AssgnmntListEntry>
<AssgnmntListEntry Length="1" RootTermCovItemId="C26">
<MapEntry BoolAssgnmnt="0" Value="1"/>
</AssgnmntListEntry>
<AssgnmntListEntry Length="1" RootTermCovItemId="C27">
<MapEntry BoolAssgnmnt="1" Value="1"/>
</AssgnmntListEntry>
</AssgnmntPrefix>
</AssgnmntList>
<ObjMetaDataList/>
<MetaDataList/>
</TestCase>
<TestCase Comment="" Date="1429893606224" Name="tests.TestAttacking:TestGetNewLocationAfterWin">
<CovList>
<CovPrefix CovItemPrefix="game.AbstractPiece.java">
<Cov CovItemId="S1" Value="3"/>
<Cov CovItemId="S2" Value="3"/>
<Cov CovItemId="S3" Value="3"/>
<Cov CovItemId="S5" Value="1"/>
<Cov CovItemId="S6" Value="7"/>
<Cov CovItemId="S7" Value="5"/>
<Cov CovItemId="S8" Value="2"/>
<Cov CovItemId="S9" Value="2"/>
</CovPrefix>
<CovPrefix CovItemPrefix="game.ClearPiece.java">
<Cov CovItemId="S1" Value="1"/>
<Cov CovItemId="S2" Value="1"/>
</CovPrefix>
<CovPrefix CovItemPrefix="game.GameBoard.java">
<Cov CovItemId="B34" Value="1"/>
<Cov CovItemId="B38" Value="1"/>
<Cov CovItemId="B40" Value="1"/>
<Cov CovItemId="B41" Value="1"/>
<Cov CovItemId="S104" Value="1"/>
<Cov CovItemId="S108" Value="1"/>
<Cov CovItemId="S111" Value="1"/>
<Cov CovItemId="S112" Value="1"/>
<Cov CovItemId="S113" Value="1"/>
<Cov CovItemId="S114" Value="1"/>
<Cov CovItemId="S123" Value="1"/>
<Cov CovItemId="S124" Value="1"/>
<Cov CovItemId="S125" Value="1"/>
<Cov CovItemId="S126" Value="1"/>
<Cov CovItemId="S127" Value="1"/>
<Cov CovItemId="S128" Value="1"/>
<Cov CovItemId="S129" Value="1"/>
<Cov CovItemId="S130" Value="1"/>
<Cov CovItemId="S131" Value="1"/>
<Cov CovItemId="S132" Value="1"/>
<Cov CovItemId="S133" Value="1"/>
<Cov CovItemId="S134" Value="1"/>
<Cov CovItemId="S135" Value="1"/>
<Cov CovItemId="S136" Value="1"/>
<Cov CovItemId="S137" Value="1"/>
<Cov CovItemId="S138" Value="1"/>
<Cov CovItemId="S78" Value="1"/>
<Cov CovItemId="S79" Value="1"/>
<Cov CovItemId="S80" Value="1"/>
<Cov CovItemId="S81" Value="1"/>
<Cov CovItemId="S82" Value="1"/>
<Cov CovItemId="S83" Value="1"/>
<Cov CovItemId="S84" Value="1"/>
<Cov CovItemId="S85" Value="1"/>
<Cov CovItemId="S86" Value="1"/>
<Cov CovItemId="S87" Value="1"/>
<Cov CovItemId="S88" Value="1"/>
<Cov CovItemId="S89" Value="1"/>
<Cov CovItemId="S90" Value="1"/>
<Cov CovItemId="S91" Value="1"/>
<Cov CovItemId="S92" Value="1"/>
<Cov CovItemId="S93" Value="1"/>
<Cov CovItemId="S94" Value="1"/>
<Cov CovItemId="S95" Value="1"/>
<Cov CovItemId="S96" Value="1"/>
</CovPrefix>
<CovPrefix CovItemPrefix="game.Soldier.java">
<Cov CovItemId="S6" Value="2"/>
<Cov CovItemId="S7" Value="2"/>
<Cov CovItemId="S8" Value="2"/>
</CovPrefix>
</CovList>
<AssgnmntList>
<AssgnmntPrefix RootTermCovItemPrefix="game.GameBoard.java">
<AssgnmntListEntry Length="1" RootTermCovItemId="C21">
<MapEntry BoolAssgnmnt="0" Value="1"/>
</AssgnmntListEntry>
<AssgnmntListEntry Length="1" RootTermCovItemId="C23">
<MapEntry BoolAssgnmnt="0" Value="1"/>
</AssgnmntListEntry>
<AssgnmntListEntry Length="2" RootTermCovItemId="C24">
<MapEntry BoolAssgnmnt="02" Value="1"/>
</AssgnmntListEntry>
<AssgnmntListEntry Length="1" RootTermCovItemId="C25">
<MapEntry BoolAssgnmnt="1" Value="1"/>
</AssgnmntListEntry>
</AssgnmntPrefix>
</AssgnmntList>
<ObjMetaDataList/>
<MetaDataList/>
</TestCase>
<TestCase Comment="" Date="1429893606238" Name="tests.TestAttacking:TestRemoveBothPiecesAfterTie">
<CovList>
<CovPrefix CovItemPrefix="game.AbstractPiece.java">
<Cov CovItemId="S1" Value="4"/>
<Cov CovItemId="S2" Value="4"/>
<Cov CovItemId="S3" Value="4"/>
<Cov CovItemId="S5" Value="2"/>
<Cov CovItemId="S6" Value="8"/>
<Cov CovItemId="S7" Value="6"/>
<Cov CovItemId="S8" Value="2"/>
<Cov CovItemId="S9" Value="2"/>
</CovPrefix>
<CovPrefix CovItemPrefix="game.ClearPiece.java">
<Cov CovItemId="S1" Value="2"/>
<Cov CovItemId="S2" Value="2"/>
</CovPrefix>
<CovPrefix CovItemPrefix="game.GameBoard.java">
<Cov CovItemId="B34" Value="1"/>
<Cov CovItemId="B38" Value="1"/>
<Cov CovItemId="B40" Value="1"/>
<Cov CovItemId="B42" Value="1"/>
<Cov CovItemId="B44" Value="1"/>
<Cov CovItemId="B45" Value="1"/>
<Cov CovItemId="S104" Value="1"/>
<Cov CovItemId="S108" Value="1"/>
<Cov CovItemId="S111" Value="1"/>
<Cov CovItemId="S115" Value="1"/>
<Cov CovItemId="S118" Value="1"/>
<Cov CovItemId="S119" Value="1"/>
<Cov CovItemId="S120" Value="1"/>
<Cov CovItemId="S121" Value="1"/>
<Cov CovItemId="S123" Value="2"/>
<Cov CovItemId="S124" Value="2"/>
<Cov CovItemId="S125" Value="2"/>
<Cov CovItemId="S126" Value="2"/>
<Cov CovItemId="S127" Value="2"/>
<Cov CovItemId="S128" Value="2"/>
<Cov CovItemId="S129" Value="2"/>
<Cov CovItemId="S130" Value="2"/>
<Cov CovItemId="S131" Value="2"/>
<Cov CovItemId="S132" Value="2"/>
<Cov CovItemId="S133" Value="2"/>
<Cov CovItemId="S134" Value="2"/>
<Cov CovItemId="S135" Value="2"/>
<Cov CovItemId="S136" Value="2"/>
<Cov CovItemId="S137" Value="2"/>
<Cov CovItemId="S138" Value="2"/>
<Cov CovItemId="S96" Value="1"/>
</CovPrefix>
<CovPrefix CovItemPrefix="game.Soldier.java">
<Cov CovItemId="S6" Value="2"/>
<Cov CovItemId="S7" Value="2"/>
<Cov CovItemId="S8" Value="2"/>
</CovPrefix>
</CovList>
<AssgnmntList>
<AssgnmntPrefix RootTermCovItemPrefix="game.GameBoard.java">
<AssgnmntListEntry Length="1" RootTermCovItemId="C21">
<MapEntry BoolAssgnmnt="0" Value="1"/>
</AssgnmntListEntry>
<AssgnmntListEntry Length="1" RootTermCovItemId="C23">
<MapEntry BoolAssgnmnt="0" Value="1"/>
</AssgnmntListEntry>
<AssgnmntListEntry Length="2" RootTermCovItemId="C24">
<MapEntry BoolAssgnmnt="02" Value="1"/>
</AssgnmntListEntry>
<AssgnmntListEntry Length="1" RootTermCovItemId="C25">
<MapEntry BoolAssgnmnt="0" Value="1"/>
</AssgnmntListEntry>
<AssgnmntListEntry Length="1" RootTermCovItemId="C26">
<MapEntry BoolAssgnmnt="0" Value="1"/>
</AssgnmntListEntry>
<AssgnmntListEntry Length="1" RootTermCovItemId="C27">
<MapEntry BoolAssgnmnt="1" Value="1"/>
</AssgnmntListEntry>
</AssgnmntPrefix>
</AssgnmntList>
<ObjMetaDataList/>
<MetaDataList/>
</TestCase>
<TestCase Comment="" Date="1429893606252" Name="tests.TestAttacking:TestRemovePieceAttackingBomb">
<CovList>
<CovPrefix CovItemPrefix="game.AbstractPiece.java">
<Cov CovItemId="S1" Value="4"/>
<Cov CovItemId="S2" Value="4"/>
<Cov CovItemId="S3" Value="4"/>
<Cov CovItemId="S5" Value="2"/>
<Cov CovItemId="S6" Value="8"/>
<Cov CovItemId="S7" Value="6"/>
<Cov CovItemId="S9" Value="2"/>
</CovPrefix>
<CovPrefix CovItemPrefix="game.Bomb.java">
<Cov CovItemId="S1" Value="1"/>
<Cov CovItemId="S2" Value="1"/>
<Cov CovItemId="S3" Value="1"/>
<Cov CovItemId="S4" Value="1"/>
<Cov CovItemId="S5" Value="1"/>
</CovPrefix>
<CovPrefix CovItemPrefix="game.ClearPiece.java">
<Cov CovItemId="S1" Value="2"/>
<Cov CovItemId="S2" Value="2"/>
</CovPrefix>
<CovPrefix CovItemPrefix="game.GameBoard.java">
<Cov CovItemId="B33" Value="1"/>
<Cov CovItemId="B36" Value="1"/>
<Cov CovItemId="S101" Value="1"/>
<Cov CovItemId="S102" Value="1"/>
<Cov CovItemId="S103" Value="1"/>
<Cov CovItemId="S123" Value="2"/>
<Cov CovItemId="S124" Value="2"/>
<Cov CovItemId="S125" Value="2"/>
<Cov CovItemId="S126" Value="2"/>
<Cov CovItemId="S127" Value="2"/>
<Cov CovItemId="S128" Value="2"/>
<Cov CovItemId="S129" Value="2"/>
<Cov CovItemId="S130" Value="2"/>
<Cov CovItemId="S131" Value="2"/>
<Cov CovItemId="S132" Value="2"/>
<Cov CovItemId="S133" Value="2"/>
<Cov CovItemId="S134" Value="2"/>
<Cov CovItemId="S135" Value="2"/>
<Cov CovItemId="S136" Value="2"/>
<Cov CovItemId="S137" Value="2"/>
<Cov CovItemId="S138" Value="2"/>
<Cov CovItemId="S96" Value="1"/>
<Cov CovItemId="S97" Value="1"/>
</CovPrefix>
<CovPrefix CovItemPrefix="game.Soldier.java">
<Cov CovItemId="S6" Value="1"/>
<Cov CovItemId="S7" Value="1"/>
<Cov CovItemId="S8" Value="1"/>
</CovPrefix>
</CovList>
<AssgnmntList>
<AssgnmntPrefix RootTermCovItemPrefix="game.GameBoard.java">
<AssgnmntListEntry Length="1" RootTermCovItemId="C21">
<MapEntry BoolAssgnmnt="1" Value="1"/>
</AssgnmntListEntry>
<AssgnmntListEntry Length="1" RootTermCovItemId="C22">
<MapEntry BoolAssgnmnt="0" Value="1"/>
</AssgnmntListEntry>
</AssgnmntPrefix>
</AssgnmntList>
<ObjMetaDataList/>
<MetaDataList/>
</TestCase>
<TestCase Comment="" Date="1429893606266" Name="tests.TestAttacking:TestAttackLowerRank">
<CovList>
<CovPrefix CovItemPrefix="game.AbstractPiece.java">
<Cov CovItemId="S1" Value="3"/>
<Cov CovItemId="S2" Value="3"/>
<Cov CovItemId="S3" Value="3"/>
<Cov CovItemId="S5" Value="1"/>
<Cov CovItemId="S6" Value="3"/>
<Cov CovItemId="S7" Value="2"/>
<Cov CovItemId="S8" Value="2"/>
<Cov CovItemId="S9" Value="2"/>
</CovPrefix>
<CovPrefix CovItemPrefix="game.ClearPiece.java">
<Cov CovItemId="S1" Value="1"/>
<Cov CovItemId="S2" Value="1"/>
</CovPrefix>
<CovPrefix CovItemPrefix="game.GameBoard.java">
<Cov CovItemId="B34" Value="1"/>
<Cov CovItemId="B38" Value="1"/>
<Cov CovItemId="B40" Value="1"/>
<Cov CovItemId="B42" Value="1"/>
<Cov CovItemId="B43" Value="1"/>
<Cov CovItemId="S104" Value="1"/>
<Cov CovItemId="S108" Value="1"/>
<Cov CovItemId="S111" Value="1"/>
<Cov CovItemId="S115" Value="1"/>
<Cov CovItemId="S116" Value="1"/>
<Cov CovItemId="S117" Value="1"/>
<Cov CovItemId="S123" Value="1"/>
<Cov CovItemId="S124" Value="1"/>
<Cov CovItemId="S125" Value="1"/>
<Cov CovItemId="S126" Value="1"/>
<Cov CovItemId="S127" Value="1"/>
<Cov CovItemId="S128" Value="1"/>
<Cov CovItemId="S129" Value="1"/>
<Cov CovItemId="S130" Value="1"/>
<Cov CovItemId="S131" Value="1"/>
<Cov CovItemId="S132" Value="1"/>
<Cov CovItemId="S133" Value="1"/>
<Cov CovItemId="S134" Value="1"/>
<Cov CovItemId="S135" Value="1"/>
<Cov CovItemId="S136" Value="1"/>
<Cov CovItemId="S137" Value="1"/>
<Cov CovItemId="S138" Value="1"/>
<Cov CovItemId="S96" Value="1"/>
</CovPrefix>
<CovPrefix CovItemPrefix="game.Soldier.java">
<Cov CovItemId="S6" Value="2"/>
<Cov CovItemId="S7" Value="2"/>
<Cov CovItemId="S8" Value="2"/>
</CovPrefix>
</CovList>
<AssgnmntList>
<AssgnmntPrefix RootTermCovItemPrefix="game.GameBoard.java">
<AssgnmntListEntry Length="1" RootTermCovItemId="C21">
<MapEntry BoolAssgnmnt="0" Value="1"/>
</AssgnmntListEntry>
<AssgnmntListEntry Length="1" RootTermCovItemId="C23">
<MapEntry BoolAssgnmnt="0" Value="1"/>
</AssgnmntListEntry>
<AssgnmntListEntry Length="2" RootTermCovItemId="C24">
<MapEntry BoolAssgnmnt="02" Value="1"/>
</AssgnmntListEntry>
<AssgnmntListEntry Length="1" RootTermCovItemId="C25">
<MapEntry BoolAssgnmnt="0" Value="1"/>
</AssgnmntListEntry>
<AssgnmntListEntry Length="1" RootTermCovItemId="C26">
<MapEntry BoolAssgnmnt="1" Value="1"/>
</AssgnmntListEntry>
</AssgnmntPrefix>
</AssgnmntList>
<ObjMetaDataList/>
<MetaDataList/>
</TestCase>
<TestCase Comment="" Date="1429893606278" Name="tests.TestAttacking:TestRemovePieceAfterLosing">
<CovList>
<CovPrefix CovItemPrefix="game.AbstractPiece.java">
<Cov CovItemId="S1" Value="3"/>
<Cov CovItemId="S2" Value="3"/>
<Cov CovItemId="S3" Value="3"/>
<Cov CovItemId="S5" Value="1"/>
<Cov CovItemId="S6" Value="5"/>
<Cov CovItemId="S7" Value="4"/>
<Cov CovItemId="S8" Value="2"/>
<Cov CovItemId="S9" Value="2"/>
</CovPrefix>
<CovPrefix CovItemPrefix="game.ClearPiece.java">
<Cov CovItemId="S1" Value="1"/>
<Cov CovItemId="S2" Value="1"/>
</CovPrefix>
<CovPrefix CovItemPrefix="game.GameBoard.java">
<Cov CovItemId="B34" Value="1"/>
<Cov CovItemId="B38" Value="1"/>
<Cov CovItemId="B40" Value="1"/>
<Cov CovItemId="B42" Value="1"/>
<Cov CovItemId="B43" Value="1"/>
<Cov CovItemId="S104" Value="1"/>
<Cov CovItemId="S108" Value="1"/>
<Cov CovItemId="S111" Value="1"/>
<Cov CovItemId="S115" Value="1"/>
<Cov CovItemId="S116" Value="1"/>
<Cov CovItemId="S117" Value="1"/>
<Cov CovItemId="S123" Value="1"/>
<Cov CovItemId="S124" Value="1"/>
<Cov CovItemId="S125" Value="1"/>
<Cov CovItemId="S126" Value="1"/>
<Cov CovItemId="S127" Value="1"/>
<Cov CovItemId="S128" Value="1"/>
<Cov CovItemId="S129" Value="1"/>
<Cov CovItemId="S130" Value="1"/>
<Cov CovItemId="S131" Value="1"/>
<Cov CovItemId="S132" Value="1"/>
<Cov CovItemId="S133" Value="1"/>
<Cov CovItemId="S134" Value="1"/>
<Cov CovItemId="S135" Value="1"/>
<Cov CovItemId="S136" Value="1"/>
<Cov CovItemId="S137" Value="1"/>
<Cov CovItemId="S138" Value="1"/>
<Cov CovItemId="S96" Value="1"/>
</CovPrefix>
<CovPrefix CovItemPrefix="game.Soldier.java">
<Cov CovItemId="S6" Value="2"/>
<Cov CovItemId="S7" Value="2"/>
<Cov CovItemId="S8" Value="2"/>
</CovPrefix>
</CovList>
<AssgnmntList>
<AssgnmntPrefix RootTermCovItemPrefix="game.GameBoard.java">
<AssgnmntListEntry Length="1" RootTermCovItemId="C21">
<MapEntry BoolAssgnmnt="0" Value="1"/>
</AssgnmntListEntry>
<AssgnmntListEntry Length="1" RootTermCovItemId="C23">
<MapEntry BoolAssgnmnt="0" Value="1"/>
</AssgnmntListEntry>
<AssgnmntListEntry Length="2" RootTermCovItemId="C24">
<MapEntry BoolAssgnmnt="02" Value="1"/>
</AssgnmntListEntry>
<AssgnmntListEntry Length="1" RootTermCovItemId="C25">
<MapEntry BoolAssgnmnt="0" Value="1"/>
</AssgnmntListEntry>
<AssgnmntListEntry Length="1" RootTermCovItemId="C26">
<MapEntry BoolAssgnmnt="1" Value="1"/>
</AssgnmntListEntry>
</AssgnmntPrefix>
</AssgnmntList>
<ObjMetaDataList/>
<MetaDataList/>
</TestCase>
<TestCase Comment="" Date="1429893606290" Name="tests.TestAttacking:TestMinorDefuseEnemyBomb">
<CovList>
<CovPrefix CovItemPrefix="game.AbstractPiece.java">
<Cov CovItemId="S1" Value="3"/>
<Cov CovItemId="S2" Value="3"/>
<Cov CovItemId="S3" Value="3"/>
<Cov CovItemId="S5" Value="1"/>
<Cov CovItemId="S6" Value="7"/>
<Cov CovItemId="S7" Value="6"/>
<Cov CovItemId="S8" Value="2"/>
<Cov CovItemId="S9" Value="2"/>
</CovPrefix>
<CovPrefix CovItemPrefix="game.Bomb.java">
<Cov CovItemId="S1" Value="1"/>
<Cov CovItemId="S2" Value="1"/>
<Cov CovItemId="S3" Value="1"/>
<Cov CovItemId="S4" Value="1"/>
<Cov CovItemId="S5" Value="1"/>
</CovPrefix>
<CovPrefix CovItemPrefix="game.ClearPiece.java">
<Cov CovItemId="S1" Value="1"/>
<Cov CovItemId="S2" Value="1"/>
</CovPrefix>
<CovPrefix CovItemPrefix="game.GameBoard.java">
<Cov CovItemId="B33" Value="1"/>
<Cov CovItemId="B35" Value="1"/>
<Cov CovItemId="S100" Value="1"/>
<Cov CovItemId="S123" Value="1"/>
<Cov CovItemId="S124" Value="1"/>
<Cov CovItemId="S125" Value="1"/>
<Cov CovItemId="S126" Value="1"/>
<Cov CovItemId="S127" Value="1"/>
<Cov CovItemId="S128" Value="1"/>
<Cov CovItemId="S129" Value="1"/>
<Cov CovItemId="S130" Value="1"/>
<Cov CovItemId="S131" Value="1"/>
<Cov CovItemId="S132" Value="1"/>
<Cov CovItemId="S133" Value="1"/>
<Cov CovItemId="S134" Value="1"/>
<Cov CovItemId="S135" Value="1"/>
<Cov CovItemId="S136" Value="1"/>
<Cov CovItemId="S137" Value="1"/>
<Cov CovItemId="S138" Value="1"/>
<Cov CovItemId="S78" Value="1"/>
<Cov CovItemId="S79" Value="1"/>
<Cov CovItemId="S80" Value="1"/>
<Cov CovItemId="S81" Value="1"/>
<Cov CovItemId="S82" Value="1"/>
<Cov CovItemId="S83" Value="1"/>
<Cov CovItemId="S84" Value="1"/>
<Cov CovItemId="S85" Value="1"/>
<Cov CovItemId="S86" Value="1"/>
<Cov CovItemId="S87" Value="1"/>
<Cov CovItemId="S88" Value="1"/>
<Cov CovItemId="S89" Value="1"/>
<Cov CovItemId="S90" Value="1"/>
<Cov CovItemId="S91" Value="1"/>
<Cov CovItemId="S92" Value="1"/>
<Cov CovItemId="S93" Value="1"/>
<Cov CovItemId="S94" Value="1"/>
<Cov CovItemId="S95" Value="1"/>
<Cov CovItemId="S96" Value="1"/>
<Cov CovItemId="S97" Value="1"/>
<Cov CovItemId="S98" Value="1"/>
<Cov CovItemId="S99" Value="1"/>
</CovPrefix>
<CovPrefix CovItemPrefix="game.Soldier.java">
<Cov CovItemId="S6" Value="1"/>
<Cov CovItemId="S7" Value="1"/>
<Cov CovItemId="S8" Value="1"/>
</CovPrefix>
</CovList>
<AssgnmntList>
<AssgnmntPrefix RootTermCovItemPrefix="game.GameBoard.java">
<AssgnmntListEntry Length="1" RootTermCovItemId="C21">
<MapEntry BoolAssgnmnt="1" Value="1"/>
</AssgnmntListEntry>
<AssgnmntListEntry Length="1" RootTermCovItemId="C22">
<MapEntry BoolAssgnmnt="1" Value="1"/>
</AssgnmntListEntry>
</AssgnmntPrefix>
</AssgnmntList>
<ObjMetaDataList/>
<MetaDataList/>
</TestCase>
<TestCase Comment="" Date="1429893606302" Name="tests.TestAttacking:TestSpyAttackMarshall">
<CovList>
<CovPrefix CovItemPrefix="game.AbstractPiece.java">
<Cov CovItemId="S1" Value="3"/>
<Cov CovItemId="S2" Value="3"/>
<Cov CovItemId="S3" Value="3"/>
<Cov CovItemId="S5" Value="1"/>
<Cov CovItemId="S6" Value="7"/>
<Cov CovItemId="S7" Value="6"/>
<Cov CovItemId="S9" Value="2"/>
</CovPrefix>
<CovPrefix CovItemPrefix="game.ClearPiece.java">
<Cov CovItemId="S1" Value="1"/>
<Cov CovItemId="S2" Value="1"/>
</CovPrefix>
<CovPrefix CovItemPrefix="game.GameBoard.java">
<Cov CovItemId="B34" Value="1"/>
<Cov CovItemId="B38" Value="1"/>
<Cov CovItemId="B39" Value="1"/>
<Cov CovItemId="S104" Value="1"/>
<Cov CovItemId="S108" Value="1"/>
<Cov CovItemId="S109" Value="1"/>
<Cov CovItemId="S110" Value="1"/>
<Cov CovItemId="S122" Value="1"/>
<Cov CovItemId="S123" Value="1"/>
<Cov CovItemId="S124" Value="1"/>
<Cov CovItemId="S125" Value="1"/>
<Cov CovItemId="S126" Value="1"/>
<Cov CovItemId="S127" Value="1"/>
<Cov CovItemId="S128" Value="1"/>
<Cov CovItemId="S129" Value="1"/>
<Cov CovItemId="S130" Value="1"/>
<Cov CovItemId="S131" Value="1"/>
<Cov CovItemId="S132" Value="1"/>
<Cov CovItemId="S133" Value="1"/>
<Cov CovItemId="S134" Value="1"/>
<Cov CovItemId="S135" Value="1"/>
<Cov CovItemId="S136" Value="1"/>
<Cov CovItemId="S137" Value="1"/>
<Cov CovItemId="S138" Value="1"/>
<Cov CovItemId="S78" Value="1"/>
<Cov CovItemId="S79" Value="1"/>
<Cov CovItemId="S80" Value="1"/>
<Cov CovItemId="S81" Value="1"/>
<Cov CovItemId="S82" Value="1"/>
<Cov CovItemId="S83" Value="1"/>
<Cov CovItemId="S84" Value="1"/>
<Cov CovItemId="S85" Value="1"/>
<Cov CovItemId="S86" Value="1"/>
<Cov CovItemId="S87" Value="1"/>
<Cov CovItemId="S88" Value="1"/>
<Cov CovItemId="S89" Value="1"/>
<Cov CovItemId="S90" Value="1"/>
<Cov CovItemId="S91" Value="1"/>
<Cov CovItemId="S92" Value="1"/>
<Cov CovItemId="S93" Value="1"/>
<Cov CovItemId="S94" Value="1"/>
<Cov CovItemId="S95" Value="1"/>
<Cov CovItemId="S96" Value="1"/>
</CovPrefix>
<CovPrefix CovItemPrefix="game.Soldier.java">
<Cov CovItemId="S6" Value="2"/>
<Cov CovItemId="S7" Value="2"/>
<Cov CovItemId="S8" Value="2"/>
</CovPrefix>
</CovList>
<AssgnmntList>
<AssgnmntPrefix RootTermCovItemPrefix="game.GameBoard.java">
<AssgnmntListEntry Length="1" RootTermCovItemId="C21">
<MapEntry BoolAssgnmnt="0" Value="1"/>
</AssgnmntListEntry>
<AssgnmntListEntry Length="1" RootTermCovItemId="C23">
<MapEntry BoolAssgnmnt="0" Value="1"/>
</AssgnmntListEntry>
<AssgnmntListEntry Length="2" RootTermCovItemId="C24">
<MapEntry BoolAssgnmnt="11" Value="1"/>
</AssgnmntListEntry>
</AssgnmntPrefix>
</AssgnmntList>
<ObjMetaDataList/>
<MetaDataList/>
</TestCase>
<TestCase Comment="" Date="1429893606314" Name="tests.TestAttacking:TestAttackFlag">
<CovList>
<CovPrefix CovItemPrefix="game.AbstractPiece.java">
<Cov CovItemId="S1" Value="3"/>
<Cov CovItemId="S2" Value="3"/>
<Cov CovItemId="S3" Value="3"/>
<Cov CovItemId="S5" Value="1"/>
<Cov CovItemId="S6" Value="7"/>
<Cov CovItemId="S7" Value="6"/>
<Cov CovItemId="S8" Value="2"/>
<Cov CovItemId="S9" Value="2"/>
</CovPrefix>
<CovPrefix CovItemPrefix="game.ClearPiece.java">
<Cov CovItemId="S1" Value="1"/>
<Cov CovItemId="S2" Value="1"/>
</CovPrefix>
<CovPrefix CovItemPrefix="game.Flag.java">
<Cov CovItemId="S1" Value="1"/>
<Cov CovItemId="S2" Value="1"/>
<Cov CovItemId="S3" Value="1"/>
<Cov CovItemId="S4" Value="1"/>
</CovPrefix>
<CovPrefix CovItemPrefix="game.GameBoard.java">
<Cov CovItemId="B34" Value="1"/>
<Cov CovItemId="B37" Value="1"/>
<Cov CovItemId="S104" Value="1"/>
<Cov CovItemId="S105" Value="1"/>
<Cov CovItemId="S106" Value="1"/>
<Cov CovItemId="S107" Value="1"/>
<Cov CovItemId="S123" Value="1"/>
<Cov CovItemId="S124" Value="1"/>
<Cov CovItemId="S125" Value="1"/>
<Cov CovItemId="S126" Value="1"/>
<Cov CovItemId="S127" Value="1"/>
<Cov CovItemId="S128" Value="1"/>
<Cov CovItemId="S129" Value="1"/>
<Cov CovItemId="S130" Value="1"/>
<Cov CovItemId="S131" Value="1"/>
<Cov CovItemId="S132" Value="1"/>
<Cov CovItemId="S133" Value="1"/>
<Cov CovItemId="S134" Value="1"/>
<Cov CovItemId="S135" Value="1"/>
<Cov CovItemId="S136" Value="1"/>
<Cov CovItemId="S137" Value="1"/>
<Cov CovItemId="S138" Value="1"/>
<Cov CovItemId="S78" Value="1"/>
<Cov CovItemId="S79" Value="1"/>
<Cov CovItemId="S80" Value="1"/>
<Cov CovItemId="S81" Value="1"/>
<Cov CovItemId="S82" Value="1"/>
<Cov CovItemId="S83" Value="1"/>
<Cov CovItemId="S84" Value="1"/>
<Cov CovItemId="S85" Value="1"/>
<Cov CovItemId="S86" Value="1"/>
<Cov CovItemId="S87" Value="1"/>
<Cov CovItemId="S88" Value="1"/>
<Cov CovItemId="S89" Value="1"/>
<Cov CovItemId="S90" Value="1"/>
<Cov CovItemId="S91" Value="1"/>
<Cov CovItemId="S92" Value="1"/>
<Cov CovItemId="S93" Value="1"/>
<Cov CovItemId="S94" Value="1"/>
<Cov CovItemId="S95" Value="1"/>
<Cov CovItemId="S96" Value="1"/>
</CovPrefix>
<CovPrefix CovItemPrefix="game.Soldier.java">
<Cov CovItemId="S6" Value="1"/>
<Cov CovItemId="S7" Value="1"/>
<Cov CovItemId="S8" Value="1"/>
</CovPrefix>
</CovList>
<AssgnmntList>
<AssgnmntPrefix RootTermCovItemPrefix="game.GameBoard.java">
<AssgnmntListEntry Length="1" RootTermCovItemId="C21">
<MapEntry BoolAssgnmnt="0" Value="1"/>
</AssgnmntListEntry>
<AssgnmntListEntry Length="1" RootTermCovItemId="C23">
<MapEntry BoolAssgnmnt="1" Value="1"/>
</AssgnmntListEntry>
</AssgnmntPrefix>
</AssgnmntList>
<ObjMetaDataList/>
<MetaDataList/>
</TestCase>
<TestCase Comment="" Date="1429893606327" Name="tests.TestAttacking:TestAttackHigherRank">
<CovList>
<CovPrefix CovItemPrefix="game.AbstractPiece.java">
<Cov CovItemId="S1" Value="3"/>
<Cov CovItemId="S2" Value="3"/>
<Cov CovItemId="S3" Value="3"/>
<Cov CovItemId="S5" Value="1"/>
<Cov CovItemId="S6" Value="5"/>
<Cov CovItemId="S7" Value="4"/>
<Cov CovItemId="S8" Value="2"/>
<Cov CovItemId="S9" Value="2"/>
</CovPrefix>
<CovPrefix CovItemPrefix="game.ClearPiece.java">
<Cov CovItemId="S1" Value="1"/>
<Cov CovItemId="S2" Value="1"/>
</CovPrefix>
<CovPrefix CovItemPrefix="game.GameBoard.java">
<Cov CovItemId="B34" Value="1"/>
<Cov CovItemId="B38" Value="1"/>
<Cov CovItemId="B40" Value="1"/>
<Cov CovItemId="B41" Value="1"/>
<Cov CovItemId="S104" Value="1"/>
<Cov CovItemId="S108" Value="1"/>
<Cov CovItemId="S111" Value="1"/>
<Cov CovItemId="S112" Value="1"/>
<Cov CovItemId="S113" Value="1"/>
<Cov CovItemId="S114" Value="1"/>
<Cov CovItemId="S123" Value="1"/>
<Cov CovItemId="S124" Value="1"/>
<Cov CovItemId="S125" Value="1"/>
<Cov CovItemId="S126" Value="1"/>
<Cov CovItemId="S127" Value="1"/>
<Cov CovItemId="S128" Value="1"/>
<Cov CovItemId="S129" Value="1"/>
<Cov CovItemId="S130" Value="1"/>
<Cov CovItemId="S131" Value="1"/>
<Cov CovItemId="S132" Value="1"/>
<Cov CovItemId="S133" Value="1"/>
<Cov CovItemId="S134" Value="1"/>
<Cov CovItemId="S135" Value="1"/>
<Cov CovItemId="S136" Value="1"/>
<Cov CovItemId="S137" Value="1"/>
<Cov CovItemId="S138" Value="1"/>
<Cov CovItemId="S78" Value="1"/>
<Cov CovItemId="S79" Value="1"/>
<Cov CovItemId="S80" Value="1"/>
<Cov CovItemId="S81" Value="1"/>
<Cov CovItemId="S82" Value="1"/>
<Cov CovItemId="S83" Value="1"/>
<Cov CovItemId="S84" Value="1"/>
<Cov CovItemId="S85" Value="1"/>
<Cov CovItemId="S86" Value="1"/>
<Cov CovItemId="S87" Value="1"/>
<Cov CovItemId="S88" Value="1"/>
<Cov CovItemId="S89" Value="1"/>
<Cov CovItemId="S90" Value="1"/>
<Cov CovItemId="S91" Value="1"/>
<Cov CovItemId="S92" Value="1"/>
<Cov CovItemId="S93" Value="1"/>
<Cov CovItemId="S94" Value="1"/>
<Cov CovItemId="S95" Value="1"/>
<Cov CovItemId="S96" Value="1"/>
</CovPrefix>
<CovPrefix CovItemPrefix="game.Soldier.java">
<Cov CovItemId="S6" Value="2"/>
<Cov CovItemId="S7" Value="2"/>
<Cov CovItemId="S8" Value="2"/>
</CovPrefix>
</CovList>
<AssgnmntList>
<AssgnmntPrefix RootTermCovItemPrefix="game.GameBoard.java">
<AssgnmntListEntry Length="1" RootTermCovItemId="C21">
<MapEntry BoolAssgnmnt="0" Value="1"/>
</AssgnmntListEntry>
<AssgnmntListEntry Length="1" RootTermCovItemId="C23">
<MapEntry BoolAssgnmnt="0" Value="1"/>
</AssgnmntListEntry>
<AssgnmntListEntry Length="2" RootTermCovItemId="C24">
<MapEntry BoolAssgnmnt="02" Value="1"/>
</AssgnmntListEntry>
<AssgnmntListEntry Length="1" RootTermCovItemId="C25">
<MapEntry BoolAssgnmnt="1" Value="1"/>
</AssgnmntListEntry>
</AssgnmntPrefix>
</AssgnmntList>
<ObjMetaDataList/>
<MetaDataList/>
</TestCase>
<TestCase Comment="" Date="1429893606329" Name="tests.TestPieceFactory:testCreateMajor">
<CovList>
<CovPrefix CovItemPrefix="game.AbstractPiece.java">
<Cov CovItemId="S1" Value="1"/>
<Cov CovItemId="S10" Value="1"/>
<Cov CovItemId="S11" Value="1"/>
<Cov CovItemId="S2" Value="1"/>
<Cov CovItemId="S3" Value="1"/>
</CovPrefix>
<CovPrefix CovItemPrefix="game.PieceFactory.java">
<Cov CovItemId="S14" Value="1"/>
<Cov CovItemId="S15" Value="1"/>
</CovPrefix>
<CovPrefix CovItemPrefix="game.Soldier.java">
<Cov CovItemId="S1" Value="1"/>
<Cov CovItemId="S2" Value="1"/>
<Cov CovItemId="S3" Value="1"/>
<Cov CovItemId="S4" Value="1"/>
<Cov CovItemId="S5" Value="1"/>
</CovPrefix>
</CovList>
<AssgnmntList/>
<ObjMetaDataList/>
<MetaDataList/>
</TestCase>
<TestCase Comment="" Date="1429893606330" Name="tests.TestPieceFactory:testCreateMiner">
<CovList>
<CovPrefix CovItemPrefix="game.AbstractPiece.java">
<Cov CovItemId="S1" Value="1"/>
<Cov CovItemId="S10" Value="1"/>
<Cov CovItemId="S11" Value="1"/>
<Cov CovItemId="S2" Value="1"/>
<Cov CovItemId="S3" Value="1"/>
</CovPrefix>
<CovPrefix CovItemPrefix="game.PieceFactory.java">
<Cov CovItemId="S22" Value="1"/>
<Cov CovItemId="S23" Value="1"/>
</CovPrefix>
<CovPrefix CovItemPrefix="game.Soldier.java">
<Cov CovItemId="S1" Value="1"/>
<Cov CovItemId="S2" Value="1"/>
<Cov CovItemId="S3" Value="1"/>
<Cov CovItemId="S4" Value="1"/>
<Cov CovItemId="S5" Value="1"/>
</CovPrefix>
</CovList>
<AssgnmntList/>
<ObjMetaDataList/>
<MetaDataList/>
</TestCase>
<TestCase Comment="" Date="1429893606331" Name="tests.TestPieceFactory:testCreateScout">
<CovList>
<CovPrefix CovItemPrefix="game.AbstractPiece.java">
<Cov CovItemId="S1" Value="1"/>
<Cov CovItemId="S10" Value="1"/>
<Cov CovItemId="S11" Value="1"/>
<Cov CovItemId="S2" Value="1"/>
<Cov CovItemId="S3" Value="1"/>
</CovPrefix>
<CovPrefix CovItemPrefix="game.PieceFactory.java">
<Cov CovItemId="S24" Value="1"/>
<Cov CovItemId="S25" Value="1"/>
</CovPrefix>
<CovPrefix CovItemPrefix="game.Soldier.java">
<Cov CovItemId="S1" Value="1"/>
<Cov CovItemId="S2" Value="1"/>
<Cov CovItemId="S3" Value="1"/>
<Cov CovItemId="S4" Value="1"/>
<Cov CovItemId="S5" Value="1"/>
</CovPrefix>
</CovList>
<AssgnmntList/>
<ObjMetaDataList/>
<MetaDataList/>
</TestCase>
<TestCase Comment="" Date="1429893606332" Name="tests.TestPieceFactory:testCreateGeneral">
<CovList>
<CovPrefix CovItemPrefix="game.AbstractPiece.java">
<Cov CovItemId="S1" Value="1"/>
<Cov CovItemId="S10" Value="1"/>
<Cov CovItemId="S11" Value="1"/>
<Cov CovItemId="S2" Value="1"/>
<Cov CovItemId="S3" Value="1"/>
</CovPrefix>
<CovPrefix CovItemPrefix="game.PieceFactory.java">
<Cov CovItemId="S10" Value="1"/>
<Cov CovItemId="S11" Value="1"/>
</CovPrefix>
<CovPrefix CovItemPrefix="game.Soldier.java">
<Cov CovItemId="S1" Value="1"/>
<Cov CovItemId="S2" Value="1"/>
<Cov CovItemId="S3" Value="1"/>
<Cov CovItemId="S4" Value="1"/>
<Cov CovItemId="S5" Value="1"/>
</CovPrefix>
</CovList>
<AssgnmntList/>
<ObjMetaDataList/>
<MetaDataList/>
</TestCase>
<TestCase Comment="" Date="1429893606333" Name="tests.TestPieceFactory:testCreateMarshall">
<CovList>
<CovPrefix CovItemPrefix="game.AbstractPiece.java">
<Cov CovItemId="S1" Value="1"/>
<Cov CovItemId="S10" Value="1"/>
<Cov CovItemId="S11" Value="1"/>
<Cov CovItemId="S2" Value="1"/>
<Cov CovItemId="S3" Value="1"/>
</CovPrefix>
<CovPrefix CovItemPrefix="game.PieceFactory.java">
<Cov CovItemId="S8" Value="1"/>
<Cov CovItemId="S9" Value="1"/>
</CovPrefix>
<CovPrefix CovItemPrefix="game.Soldier.java">
<Cov CovItemId="S1" Value="1"/>
<Cov CovItemId="S2" Value="1"/>
<Cov CovItemId="S3" Value="1"/>
<Cov CovItemId="S4" Value="1"/>
<Cov CovItemId="S5" Value="1"/>
</CovPrefix>
</CovList>
<AssgnmntList/>
<ObjMetaDataList/>
<MetaDataList/>
</TestCase>
<TestCase Comment="" Date="1429893606334" Name="tests.TestPieceFactory:testCreateClearPiece">
<CovList>
<CovPrefix CovItemPrefix="game.AbstractPiece.java">
<Cov CovItemId="S1" Value="1"/>
<Cov CovItemId="S10" Value="1"/>
<Cov CovItemId="S11" Value="1"/>
<Cov CovItemId="S2" Value="1"/>
<Cov CovItemId="S3" Value="1"/>
</CovPrefix>
<CovPrefix CovItemPrefix="game.ClearPiece.java">
<Cov CovItemId="S1" Value="1"/>
<Cov CovItemId="S2" Value="1"/>
</CovPrefix>
<CovPrefix CovItemPrefix="game.PieceFactory.java">
<Cov CovItemId="S3" Value="1"/>
</CovPrefix>
</CovList>
<AssgnmntList/>
<ObjMetaDataList/>
<MetaDataList/>
</TestCase>
<TestCase Comment="" Date="1429893606335" Name="tests.TestPieceFactory:testCreateLieutenant">
<CovList>
<CovPrefix CovItemPrefix="game.AbstractPiece.java">
<Cov CovItemId="S1" Value="1"/>
<Cov CovItemId="S10" Value="1"/>
<Cov CovItemId="S11" Value="1"/>
<Cov CovItemId="S2" Value="1"/>
<Cov CovItemId="S3" Value="1"/>
</CovPrefix>
<CovPrefix CovItemPrefix="game.PieceFactory.java">
<Cov CovItemId="S18" Value="1"/>
<Cov CovItemId="S19" Value="1"/>
</CovPrefix>
<CovPrefix CovItemPrefix="game.Soldier.java">
<Cov CovItemId="S1" Value="1"/>
<Cov CovItemId="S2" Value="1"/>
<Cov CovItemId="S3" Value="1"/>
<Cov CovItemId="S4" Value="1"/>
<Cov CovItemId="S5" Value="1"/>
</CovPrefix>
</CovList>
<AssgnmntList/>
<ObjMetaDataList/>
<MetaDataList/>
</TestCase>
<TestCase Comment="" Date="1429893606336" Name="tests.TestPieceFactory:testCreateCaptain">
<CovList>
<CovPrefix CovItemPrefix="game.AbstractPiece.java">
<Cov CovItemId="S1" Value="1"/>
<Cov CovItemId="S10" Value="1"/>
<Cov CovItemId="S11" Value="1"/>
<Cov CovItemId="S2" Value="1"/>
<Cov CovItemId="S3" Value="1"/>
</CovPrefix>
<CovPrefix CovItemPrefix="game.PieceFactory.java">
<Cov CovItemId="S16" Value="1"/>
<Cov CovItemId="S17" Value="1"/>
</CovPrefix>
<CovPrefix CovItemPrefix="game.Soldier.java">
<Cov CovItemId="S1" Value="1"/>
<Cov CovItemId="S2" Value="1"/>
<Cov CovItemId="S3" Value="1"/>
<Cov CovItemId="S4" Value="1"/>
<Cov CovItemId="S5" Value="1"/>
</CovPrefix>
</CovList>
<AssgnmntList/>
<ObjMetaDataList/>
<MetaDataList/>
</TestCase>
<TestCase Comment="" Date="1429893606337" Name="tests.TestPieceFactory:testCreateBomb">
<CovList>
<CovPrefix CovItemPrefix="game.AbstractPiece.java">
<Cov CovItemId="S1" Value="1"/>
<Cov CovItemId="S10" Value="1"/>
<Cov CovItemId="S2" Value="1"/>
<Cov CovItemId="S3" Value="1"/>
</CovPrefix>
<CovPrefix CovItemPrefix="game.Bomb.java">
<Cov CovItemId="S1" Value="1"/>
<Cov CovItemId="S2" Value="1"/>
<Cov CovItemId="S3" Value="1"/>
<Cov CovItemId="S4" Value="1"/>
<Cov CovItemId="S5" Value="1"/>
</CovPrefix>
<CovPrefix CovItemPrefix="game.PieceFactory.java">
<Cov CovItemId="S1" Value="1"/>
<Cov CovItemId="S2" Value="1"/>
</CovPrefix>
</CovList>
<AssgnmntList/>
<ObjMetaDataList/>
<MetaDataList/>
</TestCase>
<TestCase Comment="" Date="1429893606338" Name="tests.TestPieceFactory:testCreateFlag">
<CovList>
<CovPrefix CovItemPrefix="game.AbstractPiece.java">
<Cov CovItemId="S1" Value="1"/>
<Cov CovItemId="S10" Value="1"/>
<Cov CovItemId="S2" Value="1"/>
<Cov CovItemId="S3" Value="1"/>
</CovPrefix>
<CovPrefix CovItemPrefix="game.Flag.java">
<Cov CovItemId="S1" Value="1"/>
<Cov CovItemId="S2" Value="1"/>
<Cov CovItemId="S3" Value="1"/>
<Cov CovItemId="S4" Value="1"/>
</CovPrefix>
<CovPrefix CovItemPrefix="game.PieceFactory.java">
<Cov CovItemId="S4" Value="1"/>
<Cov CovItemId="S5" Value="1"/>
</CovPrefix>
</CovList>
<AssgnmntList/>
<ObjMetaDataList/>
<MetaDataList/>
</TestCase>
<TestCase Comment="" Date="1429893606339" Name="tests.TestPieceFactory:testCreateColonel">
<CovList>
<CovPrefix CovItemPrefix="game.AbstractPiece.java">
<Cov CovItemId="S1" Value="1"/>
<Cov CovItemId="S10" Value="1"/>
<Cov CovItemId="S11" Value="1"/>
<Cov CovItemId="S2" Value="1"/>
<Cov CovItemId="S3" Value="1"/>
</CovPrefix>
<CovPrefix CovItemPrefix="game.PieceFactory.java">
<Cov CovItemId="S12" Value="1"/>
<Cov CovItemId="S13" Value="1"/>
</CovPrefix>
<CovPrefix CovItemPrefix="game.Soldier.java">
<Cov CovItemId="S1" Value="1"/>
<Cov CovItemId="S2" Value="1"/>
<Cov CovItemId="S3" Value="1"/>
<Cov CovItemId="S4" Value="1"/>
<Cov CovItemId="S5" Value="1"/>
</CovPrefix>
</CovList>
<AssgnmntList/>
<ObjMetaDataList/>
<MetaDataList/>
</TestCase>
<TestCase Comment="" Date="1429893606340" Name="tests.TestPieceFactory:testCreateSergeant">
<CovList>
<CovPrefix CovItemPrefix="game.AbstractPiece.java">
<Cov CovItemId="S1" Value="1"/>
<Cov CovItemId="S10" Value="1"/>
<Cov CovItemId="S11" Value="1"/>
<Cov CovItemId="S2" Value="1"/>
<Cov CovItemId="S3" Value="1"/>
</CovPrefix>
<CovPrefix CovItemPrefix="game.PieceFactory.java">
<Cov CovItemId="S20" Value="1"/>
<Cov CovItemId="S21" Value="1"/>
</CovPrefix>
<CovPrefix CovItemPrefix="game.Soldier.java">
<Cov CovItemId="S1" Value="1"/>
<Cov CovItemId="S2" Value="1"/>
<Cov CovItemId="S3" Value="1"/>
<Cov CovItemId="S4" Value="1"/>
<Cov CovItemId="S5" Value="1"/>
</CovPrefix>
</CovList>
<AssgnmntList/>
<ObjMetaDataList/>
<MetaDataList/>
</TestCase>
<TestCase Comment="" Date="1429893606341" Name="tests.TestPieceFactory:testCreateSpy">
<CovList>
<CovPrefix CovItemPrefix="game.AbstractPiece.java">
<Cov CovItemId="S1" Value="1"/>
<Cov CovItemId="S10" Value="1"/>
<Cov CovItemId="S11" Value="1"/>
<Cov CovItemId="S2" Value="1"/>
<Cov CovItemId="S3" Value="1"/>
</CovPrefix>
<CovPrefix CovItemPrefix="game.PieceFactory.java">
<Cov CovItemId="S6" Value="1"/>
<Cov CovItemId="S7" Value="1"/>
</CovPrefix>
<CovPrefix CovItemPrefix="game.Soldier.java">
<Cov CovItemId="S1" Value="1"/>
<Cov CovItemId="S2" Value="1"/>
<Cov CovItemId="S3" Value="1"/>
<Cov CovItemId="S4" Value="1"/>
<Cov CovItemId="S5" Value="1"/>
</CovPrefix>
</CovList>
<AssgnmntList/>
<ObjMetaDataList/>
<MetaDataList/>
</TestCase>
<TestCase Comment="" Date="1429893606342" Name="tests.TestPiece:testProcessPressOnNonSelectedPiece">
<CovList>
<CovPrefix CovItemPrefix="game.AbstractPiece.java">
<Cov CovItemId="S5" Value="1"/>
</CovPrefix>
<CovPrefix CovItemPrefix="game.Soldier.java">
<Cov CovItemId="B2" Value="1"/>
<Cov CovItemId="B4" Value="1"/>
<Cov CovItemId="S11" Value="1"/>
<Cov CovItemId="S12" Value="1"/>
<Cov CovItemId="S13" Value="1"/>
<Cov CovItemId="S15" Value="1"/>
<Cov CovItemId="S9" Value="1"/>
</CovPrefix>
</CovList>
<AssgnmntList>
<AssgnmntPrefix RootTermCovItemPrefix="game.Soldier.java">
<AssgnmntListEntry Length="1" RootTermCovItemId="C1">
<MapEntry BoolAssgnmnt="0" Value="1"/>
</AssgnmntListEntry>
<AssgnmntListEntry Length="1" RootTermCovItemId="C2">
<MapEntry BoolAssgnmnt="0" Value="1"/>
</AssgnmntListEntry>
</AssgnmntPrefix>
</AssgnmntList>
<ObjMetaDataList/>
<MetaDataList/>
</TestCase>
<TestCase Comment="" Date="1429893606343" Name="tests.TestPiece:testLocation">
<CovList>
<CovPrefix CovItemPrefix="game.AbstractPiece.java">
<Cov CovItemId="S5" Value="1"/>
<Cov CovItemId="S6" Value="1"/>
<Cov CovItemId="S7" Value="1"/>
</CovPrefix>
</CovList>
<AssgnmntList/>
<ObjMetaDataList/>
<MetaDataList/>
</TestCase>
<TestCase Comment="" Date="1429893606344" Name="tests.TestPiece:testProcessPressOnSelectedPiece">
<CovList>
<CovPrefix CovItemPrefix="game.AbstractPiece.java">
<Cov CovItemId="S5" Value="1"/>
</CovPrefix>
<CovPrefix CovItemPrefix="game.Soldier.java">
<Cov CovItemId="B1" Value="1"/>
<Cov CovItemId="B3" Value="1"/>
<Cov CovItemId="S10" Value="1"/>
<Cov CovItemId="S12" Value="1"/>
<Cov CovItemId="S13" Value="1"/>
<Cov CovItemId="S14" Value="1"/>
<Cov CovItemId="S9" Value="1"/>
</CovPrefix>
</CovList>
<AssgnmntList>
<AssgnmntPrefix RootTermCovItemPrefix="game.Soldier.java">
<AssgnmntListEntry Length="1" RootTermCovItemId="C1">
<MapEntry BoolAssgnmnt="1" Value="1"/>
</AssgnmntListEntry>
<AssgnmntListEntry Length="1" RootTermCovItemId="C2">
<MapEntry BoolAssgnmnt="1" Value="1"/>
</AssgnmntListEntry>
</AssgnmntPrefix>
</AssgnmntList>
<ObjMetaDataList/>
<MetaDataList/>
</TestCase>
<TestCase Comment="" Date="1429893606345" Name="tests.TestPiece:testSetSelectedTrue">
<CovList>
<CovPrefix CovItemPrefix="game.AbstractPiece.java">
<Cov CovItemId="S4" Value="1"/>
<Cov CovItemId="S5" Value="1"/>
</CovPrefix>
<CovPrefix CovItemPrefix="game.Soldier.java">
<Cov CovItemId="B1" Value="1"/>
<Cov CovItemId="S10" Value="1"/>
<Cov CovItemId="S12" Value="1"/>
<Cov CovItemId="S9" Value="1"/>
</CovPrefix>
</CovList>
<AssgnmntList>
<AssgnmntPrefix RootTermCovItemPrefix="game.Soldier.java">
<AssgnmntListEntry Length="1" RootTermCovItemId="C1">
<MapEntry BoolAssgnmnt="1" Value="1"/>
</AssgnmntListEntry>
</AssgnmntPrefix>
</AssgnmntList>
<ObjMetaDataList/>
<MetaDataList/>
</TestCase>
<TestCase Comment="" Date="1429893606346" Name="tests.TestPiece:testUserForPiece">
<CovList>
<CovPrefix CovItemPrefix="game.AbstractPiece.java">
<Cov CovItemId="S5" Value="1"/>
<Cov CovItemId="S8" Value="1"/>
<Cov CovItemId="S9" Value="1"/>
</CovPrefix>
</CovList>
<AssgnmntList/>
<ObjMetaDataList/>
<MetaDataList/>
</TestCase>
<TestCase Comment="" Date="1429893606347" Name="tests.TestPiece:testSetSelectedFalse">
<CovList>
<CovPrefix CovItemPrefix="game.AbstractPiece.java">
<Cov CovItemId="S4" Value="1"/>
<Cov CovItemId="S5" Value="1"/>
</CovPrefix>
<CovPrefix CovItemPrefix="game.Soldier.java">
<Cov CovItemId="B2" Value="1"/>
<Cov CovItemId="S11" Value="1"/>
<Cov CovItemId="S12" Value="1"/>
<Cov CovItemId="S9" Value="1"/>
</CovPrefix>
</CovList>
<AssgnmntList>
<AssgnmntPrefix RootTermCovItemPrefix="game.Soldier.java">
<AssgnmntListEntry Length="1" RootTermCovItemId="C1">
<MapEntry BoolAssgnmnt="0" Value="1"/>
</AssgnmntListEntry>
</AssgnmntPrefix>
</AssgnmntList>
<ObjMetaDataList/>
<MetaDataList/>
</TestCase>
<TestCase Comment="" Date="1429893606348" Name="tests.TestGameBoard:testSelectedButtonPressedClearPiecePressed">
<CovList>
<CovPrefix CovItemPrefix="game.AbstractPiece.java">
<Cov CovItemId="S1" Value="101"/>
<Cov CovItemId="S2" Value="101"/>
<Cov CovItemId="S3" Value="101"/>
<Cov CovItemId="S4" Value="1"/>
<Cov CovItemId="S5" Value="101"/>
<Cov CovItemId="S6" Value="103"/>
<Cov CovItemId="S7" Value="4"/>
<Cov CovItemId="S8" Value="1"/>
</CovPrefix>
<CovPrefix CovItemPrefix="game.ClearPiece.java">
<Cov CovItemId="B4" Value="99"/>
<Cov CovItemId="S1" Value="100"/>
<Cov CovItemId="S2" Value="100"/>
<Cov CovItemId="S5" Value="99"/>
<Cov CovItemId="S7" Value="99"/>
<Cov CovItemId="S8" Value="99"/>
</CovPrefix>
<CovPrefix CovItemPrefix="game.GameBoard.java">
<Cov CovItemId="B12" Value="1"/>
<Cov CovItemId="B14" Value="1"/>
<Cov CovItemId="B9" Value="1"/>
<Cov CovItemId="L5-2" Value="1"/>
<Cov CovItemId="L6-2" Value="10"/>
<Cov CovItemId="S2" Value="1"/>
<Cov CovItemId="S3" Value="1"/>
<Cov CovItemId="S31" Value="101"/>
<Cov CovItemId="S32" Value="101"/>
<Cov CovItemId="S33" Value="101"/>
<Cov CovItemId="S34" Value="101"/>
<Cov CovItemId="S35" Value="101"/>
<Cov CovItemId="S36" Value="101"/>
<Cov CovItemId="S37" Value="101"/>
<Cov CovItemId="S38" Value="101"/>
<Cov CovItemId="S39" Value="101"/>
<Cov CovItemId="S4" Value="1"/>
<Cov CovItemId="S40" Value="101"/>
<Cov CovItemId="S41" Value="1"/>
<Cov CovItemId="S42" Value="1"/>
<Cov CovItemId="S44" Value="1"/>
<Cov CovItemId="S46" Value="1"/>
<Cov CovItemId="S47" Value="1"/>
<Cov CovItemId="S48" Value="10"/>
<Cov CovItemId="S49" Value="100"/>
<Cov CovItemId="S5" Value="1"/>
<Cov CovItemId="S50" Value="1"/>
<Cov CovItemId="S51" Value="1"/>
<Cov CovItemId="S6" Value="1"/>
<Cov CovItemId="S7" Value="1"/>
<Cov CovItemId="S78" Value="1"/>
<Cov CovItemId="S79" Value="1"/>
<Cov CovItemId="S80" Value="1"/>
<Cov CovItemId="S81" Value="1"/>
<Cov CovItemId="S82" Value="1"/>
<Cov CovItemId="S83" Value="1"/>
<Cov CovItemId="S84" Value="1"/>
<Cov CovItemId="S85" Value="1"/>
<Cov CovItemId="S86" Value="1"/>
<Cov CovItemId="S87" Value="1"/>
<Cov CovItemId="S88" Value="1"/>
<Cov CovItemId="S89" Value="1"/>
<Cov CovItemId="S90" Value="1"/>
<Cov CovItemId="S91" Value="1"/>
<Cov CovItemId="S92" Value="1"/>
<Cov CovItemId="S93" Value="1"/>
<Cov CovItemId="S94" Value="1"/>
<Cov CovItemId="S95" Value="1"/>
</CovPrefix>
<CovPrefix CovItemPrefix="game.PieceFactory.java">
<Cov CovItemId="S18" Value="1"/>
<Cov CovItemId="S19" Value="1"/>
<Cov CovItemId="S3" Value="100"/>
</CovPrefix>
<CovPrefix CovItemPrefix="game.Soldier.java">
<Cov CovItemId="B1" Value="1"/>
<Cov CovItemId="B2" Value="1"/>
<Cov CovItemId="S1" Value="1"/>
<Cov CovItemId="S10" Value="1"/>
<Cov CovItemId="S11" Value="1"/>
<Cov CovItemId="S12" Value="2"/>
<Cov CovItemId="S2" Value="1"/>
<Cov CovItemId="S3" Value="1"/>
<Cov CovItemId="S4" Value="1"/>
<Cov CovItemId="S5" Value="1"/>
<Cov CovItemId="S9" Value="2"/>
</CovPrefix>
</CovList>
<AssgnmntList>
<AssgnmntPrefix RootTermCovItemPrefix="game.ClearPiece.java">
<AssgnmntListEntry Length="1" RootTermCovItemId="C2">
<MapEntry BoolAssgnmnt="0" Value="99"/>
</AssgnmntListEntry>
</AssgnmntPrefix>
<AssgnmntPrefix RootTermCovItemPrefix="game.GameBoard.java">
<AssgnmntListEntry Length="1" RootTermCovItemId="C10">
<MapEntry BoolAssgnmnt="0" Value="1"/>
</AssgnmntListEntry>
<AssgnmntListEntry Length="1" RootTermCovItemId="C11">
<MapEntry BoolAssgnmnt="0" Value="1"/>
</AssgnmntListEntry>
<AssgnmntListEntry Length="1" RootTermCovItemId="C9">
<MapEntry BoolAssgnmnt="1" Value="1"/>
</AssgnmntListEntry>
</AssgnmntPrefix>
<AssgnmntPrefix RootTermCovItemPrefix="game.Soldier.java">
<AssgnmntListEntry Length="1" RootTermCovItemId="C1">
<MapEntry BoolAssgnmnt="0" Value="1"/>
<MapEntry BoolAssgnmnt="1" Value="1"/>
</AssgnmntListEntry>
</AssgnmntPrefix>
</AssgnmntList>
<ObjMetaDataList/>
<MetaDataList/>
</TestCase>
<TestCase Comment="" Date="1429893606361" Name="tests.TestGameBoard:testNonSelectedButtonPressedYourPiecePressedBottomRightCorner">
<CovList>
<CovPrefix CovItemPrefix="game.AbstractPiece.java">
<Cov CovItemId="S1" Value="101"/>
<Cov CovItemId="S2" Value="101"/>
<Cov CovItemId="S3" Value="101"/>
<Cov CovItemId="S4" Value="3"/>
<Cov CovItemId="S5" Value="101"/>
<Cov CovItemId="S6" Value="101"/>
<Cov CovItemId="S7" Value="2"/>
<Cov CovItemId="S8" Value="3"/>
<Cov CovItemId="S9" Value="1"/>
</CovPrefix>
<CovPrefix CovItemPrefix="game.ClearPiece.java">
<Cov CovItemId="B3" Value="2"/>
<Cov CovItemId="B4" Value="99"/>
<Cov CovItemId="S1" Value="100"/>
<Cov CovItemId="S10" Value="2"/>
<Cov CovItemId="S2" Value="100"/>
<Cov CovItemId="S5" Value="101"/>
<Cov CovItemId="S6" Value="2"/>
<Cov CovItemId="S7" Value="99"/>
<Cov CovItemId="S8" Value="101"/>
</CovPrefix>
<CovPrefix CovItemPrefix="game.GameBoard.java">
<Cov CovItemId="B16" Value="1"/>
<Cov CovItemId="B18" Value="1"/>
<Cov CovItemId="B21" Value="1"/>
<Cov CovItemId="B23" Value="1"/>
<Cov CovItemId="B25" Value="1"/>
<Cov CovItemId="B27" Value="1"/>
<Cov CovItemId="B30" Value="1"/>
<Cov CovItemId="L7-2" Value="1"/>
<Cov CovItemId="L8-2" Value="10"/>
<Cov CovItemId="S2" Value="1"/>
<Cov CovItemId="S3" Value="1"/>
<Cov CovItemId="S31" Value="101"/>
<Cov CovItemId="S32" Value="101"/>
<Cov CovItemId="S33" Value="101"/>
<Cov CovItemId="S34" Value="101"/>
<Cov CovItemId="S35" Value="101"/>
<Cov CovItemId="S36" Value="101"/>
<Cov CovItemId="S37" Value="101"/>
<Cov CovItemId="S38" Value="101"/>
<Cov CovItemId="S39" Value="101"/>
<Cov CovItemId="S4" Value="1"/>
<Cov CovItemId="S40" Value="101"/>
<Cov CovItemId="S5" Value="1"/>
<Cov CovItemId="S52" Value="1"/>
<Cov CovItemId="S53" Value="10"/>
<Cov CovItemId="S54" Value="100"/>
<Cov CovItemId="S55" Value="1"/>
<Cov CovItemId="S56" Value="1"/>
<Cov CovItemId="S58" Value="1"/>
<Cov CovItemId="S59" Value="1"/>
<Cov CovItemId="S6" Value="1"/>
<Cov CovItemId="S60" Value="1"/>
<Cov CovItemId="S61" Value="1"/>
<Cov CovItemId="S62" Value="1"/>
<Cov CovItemId="S66" Value="1"/>
<Cov CovItemId="S67" Value="1"/>
<Cov CovItemId="S68" Value="1"/>
<Cov CovItemId="S69" Value="1"/>
<Cov CovItemId="S7" Value="1"/>
<Cov CovItemId="S70" Value="1"/>
<Cov CovItemId="S71" Value="1"/>
<Cov CovItemId="S72" Value="1"/>
<Cov CovItemId="S73" Value="1"/>
<Cov CovItemId="S74" Value="1"/>
</CovPrefix>
<CovPrefix CovItemPrefix="game.PieceFactory.java">
<Cov CovItemId="S22" Value="1"/>
<Cov CovItemId="S23" Value="1"/>
<Cov CovItemId="S3" Value="100"/>
</CovPrefix>
<CovPrefix CovItemPrefix="game.Soldier.java">
<Cov CovItemId="B1" Value="1"/>
<Cov CovItemId="B2" Value="1"/>
<Cov CovItemId="S1" Value="1"/>
<Cov CovItemId="S10" Value="1"/>
<Cov CovItemId="S11" Value="1"/>
<Cov CovItemId="S12" Value="2"/>
<Cov CovItemId="S2" Value="1"/>
<Cov CovItemId="S3" Value="1"/>
<Cov CovItemId="S4" Value="1"/>
<Cov CovItemId="S5" Value="1"/>
<Cov CovItemId="S9" Value="2"/>
</CovPrefix>
</CovList>
<AssgnmntList>
<AssgnmntPrefix RootTermCovItemPrefix="game.ClearPiece.java">
<AssgnmntListEntry Length="1" RootTermCovItemId="C2">
<MapEntry BoolAssgnmnt="0" Value="99"/>
<MapEntry BoolAssgnmnt="1" Value="2"/>
</AssgnmntListEntry>
</AssgnmntPrefix>
<AssgnmntPrefix RootTermCovItemPrefix="game.GameBoard.java">
<AssgnmntListEntry Length="1" RootTermCovItemId="C12">
<MapEntry BoolAssgnmnt="0" Value="1"/>
</AssgnmntListEntry>
<AssgnmntListEntry Length="1" RootTermCovItemId="C13">
<MapEntry BoolAssgnmnt="0" Value="1"/>
</AssgnmntListEntry>
<AssgnmntListEntry Length="1" RootTermCovItemId="C15">
<MapEntry BoolAssgnmnt="1" Value="1"/>
</AssgnmntListEntry>
<AssgnmntListEntry Length="1" RootTermCovItemId="C16">
<MapEntry BoolAssgnmnt="1" Value="1"/>
</AssgnmntListEntry>
<AssgnmntListEntry Length="1" RootTermCovItemId="C17">
<MapEntry BoolAssgnmnt="1" Value="1"/>
</AssgnmntListEntry>
<AssgnmntListEntry Length="1" RootTermCovItemId="C18">
<MapEntry BoolAssgnmnt="1" Value="1"/>
</AssgnmntListEntry>
<AssgnmntListEntry Length="1" RootTermCovItemId="C19">
<MapEntry BoolAssgnmnt="0" Value="1"/>
</AssgnmntListEntry>
</AssgnmntPrefix>
<AssgnmntPrefix RootTermCovItemPrefix="game.Soldier.java">
<AssgnmntListEntry Length="1" RootTermCovItemId="C1">
<MapEntry BoolAssgnmnt="0" Value="1"/>
<MapEntry BoolAssgnmnt="1" Value="1"/>
</AssgnmntListEntry>
</AssgnmntPrefix>
</AssgnmntList>
<ObjMetaDataList/>
<MetaDataList/>
</TestCase>
<TestCase Comment="" Date="1429893606372" Name="tests.TestGameBoard:testNonSelectedButtonPressedYourPiecePressedTopLeftCorner">
<CovList>
<CovPrefix CovItemPrefix="game.AbstractPiece.java">
<Cov CovItemId="S1" Value="101"/>
<Cov CovItemId="S2" Value="101"/>
<Cov CovItemId="S3" Value="101"/>
<Cov CovItemId="S4" Value="3"/>
<Cov CovItemId="S5" Value="101"/>
<Cov CovItemId="S6" Value="101"/>
<Cov CovItemId="S7" Value="2"/>
<Cov CovItemId="S8" Value="3"/>
<Cov CovItemId="S9" Value="1"/>
</CovPrefix>
<CovPrefix CovItemPrefix="game.ClearPiece.java">
<Cov CovItemId="B3" Value="2"/>
<Cov CovItemId="B4" Value="99"/>
<Cov CovItemId="S1" Value="100"/>
<Cov CovItemId="S10" Value="2"/>
<Cov CovItemId="S2" Value="100"/>
<Cov CovItemId="S5" Value="101"/>
<Cov CovItemId="S6" Value="2"/>
<Cov CovItemId="S7" Value="99"/>
<Cov CovItemId="S8" Value="101"/>
</CovPrefix>
<CovPrefix CovItemPrefix="game.GameBoard.java">
<Cov CovItemId="B16" Value="1"/>
<Cov CovItemId="B17" Value="1"/>
<Cov CovItemId="B19" Value="1"/>
<Cov CovItemId="B22" Value="1"/>
<Cov CovItemId="B26" Value="1"/>
<Cov CovItemId="B29" Value="1"/>
<Cov CovItemId="B31" Value="1"/>
<Cov CovItemId="L7-2" Value="1"/>
<Cov CovItemId="L8-2" Value="10"/>
<Cov CovItemId="S2" Value="1"/>
<Cov CovItemId="S3" Value="1"/>
<Cov CovItemId="S31" Value="101"/>
<Cov CovItemId="S32" Value="101"/>
<Cov CovItemId="S33" Value="101"/>
<Cov CovItemId="S34" Value="101"/>
<Cov CovItemId="S35" Value="101"/>
<Cov CovItemId="S36" Value="101"/>
<Cov CovItemId="S37" Value="101"/>
<Cov CovItemId="S38" Value="101"/>
<Cov CovItemId="S39" Value="101"/>
<Cov CovItemId="S4" Value="1"/>
<Cov CovItemId="S40" Value="101"/>
<Cov CovItemId="S5" Value="1"/>
<Cov CovItemId="S52" Value="1"/>
<Cov CovItemId="S53" Value="10"/>
<Cov CovItemId="S54" Value="100"/>
<Cov CovItemId="S55" Value="1"/>
<Cov CovItemId="S56" Value="1"/>
<Cov CovItemId="S58" Value="1"/>
<Cov CovItemId="S59" Value="1"/>
<Cov CovItemId="S6" Value="1"/>
<Cov CovItemId="S60" Value="1"/>
<Cov CovItemId="S61" Value="1"/>
<Cov CovItemId="S62" Value="1"/>
<Cov CovItemId="S63" Value="1"/>
<Cov CovItemId="S64" Value="1"/>
<Cov CovItemId="S65" Value="1"/>
<Cov CovItemId="S66" Value="1"/>
<Cov CovItemId="S7" Value="1"/>
<Cov CovItemId="S70" Value="1"/>
<Cov CovItemId="S74" Value="1"/>
<Cov CovItemId="S75" Value="1"/>
<Cov CovItemId="S76" Value="1"/>
<Cov CovItemId="S77" Value="1"/>
</CovPrefix>
<CovPrefix CovItemPrefix="game.PieceFactory.java">
<Cov CovItemId="S22" Value="1"/>
<Cov CovItemId="S23" Value="1"/>
<Cov CovItemId="S3" Value="100"/>
</CovPrefix>
<CovPrefix CovItemPrefix="game.Soldier.java">
<Cov CovItemId="B1" Value="1"/>
<Cov CovItemId="B2" Value="1"/>
<Cov CovItemId="S1" Value="1"/>
<Cov CovItemId="S10" Value="1"/>
<Cov CovItemId="S11" Value="1"/>
<Cov CovItemId="S12" Value="2"/>
<Cov CovItemId="S2" Value="1"/>
<Cov CovItemId="S3" Value="1"/>
<Cov CovItemId="S4" Value="1"/>
<Cov CovItemId="S5" Value="1"/>
<Cov CovItemId="S9" Value="2"/>
</CovPrefix>
</CovList>
<AssgnmntList>
<AssgnmntPrefix RootTermCovItemPrefix="game.ClearPiece.java">
<AssgnmntListEntry Length="1" RootTermCovItemId="C2">
<MapEntry BoolAssgnmnt="0" Value="99"/>
<MapEntry BoolAssgnmnt="1" Value="2"/>
</AssgnmntListEntry>
</AssgnmntPrefix>
<AssgnmntPrefix RootTermCovItemPrefix="game.GameBoard.java">
<AssgnmntListEntry Length="1" RootTermCovItemId="C12">
<MapEntry BoolAssgnmnt="0" Value="1"/>
</AssgnmntListEntry>
<AssgnmntListEntry Length="1" RootTermCovItemId="C13">
<MapEntry BoolAssgnmnt="1" Value="1"/>
</AssgnmntListEntry>
<AssgnmntListEntry Length="1" RootTermCovItemId="C14">
<MapEntry BoolAssgnmnt="1" Value="1"/>
</AssgnmntListEntry>
<AssgnmntListEntry Length="1" RootTermCovItemId="C15">
<MapEntry BoolAssgnmnt="0" Value="1"/>
</AssgnmntListEntry>
<AssgnmntListEntry Length="1" RootTermCovItemId="C17">
<MapEntry BoolAssgnmnt="0" Value="1"/>
</AssgnmntListEntry>
<AssgnmntListEntry Length="1" RootTermCovItemId="C19">
<MapEntry BoolAssgnmnt="1" Value="1"/>
</AssgnmntListEntry>
<AssgnmntListEntry Length="1" RootTermCovItemId="C20">
<MapEntry BoolAssgnmnt="1" Value="1"/>
</AssgnmntListEntry>
</AssgnmntPrefix>
<AssgnmntPrefix RootTermCovItemPrefix="game.Soldier.java">
<AssgnmntListEntry Length="1" RootTermCovItemId="C1">
<MapEntry BoolAssgnmnt="0" Value="1"/>
<MapEntry BoolAssgnmnt="1" Value="1"/>
</AssgnmntListEntry>
</AssgnmntPrefix>
</AssgnmntList>
<ObjMetaDataList/>
<MetaDataList/>
</TestCase>
<TestCase Comment="" Date="1429893606384" Name="tests.TestGameBoard:testNonSelectedButtonPressedYourPiecePressedNonEdgeSurroundedByFriends">
<CovList>
<CovPrefix CovItemPrefix="game.AbstractPiece.java">
<Cov CovItemId="S1" Value="105"/>
<Cov CovItemId="S2" Value="105"/>
<Cov CovItemId="S3" Value="105"/>
<Cov CovItemId="S4" Value="5"/>
<Cov CovItemId="S5" Value="105"/>
<Cov CovItemId="S6" Value="105"/>
<Cov CovItemId="S7" Value="10"/>
<Cov CovItemId="S8" Value="39"/>
<Cov CovItemId="S9" Value="5"/>
</CovPrefix>
<CovPrefix CovItemPrefix="game.ClearPiece.java">
<Cov CovItemId="B3" Value="6"/>
<Cov CovItemId="B4" Value="481"/>
<Cov CovItemId="S1" Value="100"/>
<Cov CovItemId="S10" Value="6"/>
<Cov CovItemId="S2" Value="100"/>
<Cov CovItemId="S5" Value="487"/>
<Cov CovItemId="S6" Value="6"/>
<Cov CovItemId="S7" Value="481"/>
<Cov CovItemId="S8" Value="487"/>
</CovPrefix>
<CovPrefix CovItemPrefix="game.GameBoard.java">
<Cov CovItemId="B16" Value="5"/>
<Cov CovItemId="B17" Value="5"/>
<Cov CovItemId="B19" Value="3"/>
<Cov CovItemId="B20" Value="2"/>
<Cov CovItemId="B21" Value="5"/>
<Cov CovItemId="B23" Value="2"/>
<Cov CovItemId="B24" Value="3"/>
<Cov CovItemId="B25" Value="5"/>
<Cov CovItemId="B28" Value="5"/>
<Cov CovItemId="B29" Value="5"/>
<Cov CovItemId="B31" Value="1"/>
<Cov CovItemId="B32" Value="4"/>
<Cov CovItemId="L7-2" Value="5"/>
<Cov CovItemId="L8-2" Value="50"/>
<Cov CovItemId="S2" Value="1"/>
<Cov CovItemId="S3" Value="1"/>
<Cov CovItemId="S31" Value="105"/>
<Cov CovItemId="S32" Value="105"/>
<Cov CovItemId="S33" Value="105"/>
<Cov CovItemId="S34" Value="105"/>
<Cov CovItemId="S35" Value="105"/>
<Cov CovItemId="S36" Value="105"/>
<Cov CovItemId="S37" Value="105"/>
<Cov CovItemId="S38" Value="105"/>
<Cov CovItemId="S39" Value="105"/>
<Cov CovItemId="S4" Value="1"/>
<Cov CovItemId="S40" Value="105"/>
<Cov CovItemId="S5" Value="1"/>
<Cov CovItemId="S52" Value="5"/>
<Cov CovItemId="S53" Value="50"/>
<Cov CovItemId="S54" Value="500"/>
<Cov CovItemId="S55" Value="5"/>
<Cov CovItemId="S56" Value="5"/>
<Cov CovItemId="S58" Value="5"/>
<Cov CovItemId="S59" Value="5"/>
<Cov CovItemId="S6" Value="1"/>
<Cov CovItemId="S60" Value="5"/>
<Cov CovItemId="S61" Value="5"/>
<Cov CovItemId="S62" Value="5"/>
<Cov CovItemId="S63" Value="5"/>
<Cov CovItemId="S64" Value="5"/>
<Cov CovItemId="S65" Value="3"/>
<Cov CovItemId="S66" Value="5"/>
<Cov CovItemId="S67" Value="5"/>
<Cov CovItemId="S68" Value="5"/>
<Cov CovItemId="S69" Value="2"/>
<Cov CovItemId="S7" Value="1"/>
<Cov CovItemId="S70" Value="5"/>
<Cov CovItemId="S71" Value="5"/>
<Cov CovItemId="S72" Value="5"/>
<Cov CovItemId="S74" Value="5"/>
<Cov CovItemId="S75" Value="5"/>
<Cov CovItemId="S76" Value="5"/>
<Cov CovItemId="S77" Value="1"/>
</CovPrefix>
<CovPrefix CovItemPrefix="game.PieceFactory.java">
<Cov CovItemId="S22" Value="5"/>
<Cov CovItemId="S23" Value="5"/>
<Cov CovItemId="S3" Value="100"/>
</CovPrefix>
<CovPrefix CovItemPrefix="game.Soldier.java">
<Cov CovItemId="B1" Value="5"/>
<Cov CovItemId="B2" Value="19"/>
<Cov CovItemId="S1" Value="5"/>
<Cov CovItemId="S10" Value="5"/>
<Cov CovItemId="S11" Value="19"/>
<Cov CovItemId="S12" Value="24"/>
<Cov CovItemId="S2" Value="5"/>
<Cov CovItemId="S3" Value="5"/>
<Cov CovItemId="S4" Value="5"/>
<Cov CovItemId="S5" Value="5"/>
<Cov CovItemId="S9" Value="24"/>
</CovPrefix>
</CovList>
<AssgnmntList>
<AssgnmntPrefix RootTermCovItemPrefix="game.ClearPiece.java">
<AssgnmntListEntry Length="1" RootTermCovItemId="C2">
<MapEntry BoolAssgnmnt="0" Value="481"/>
<MapEntry BoolAssgnmnt="1" Value="6"/>
</AssgnmntListEntry>
</AssgnmntPrefix>
<AssgnmntPrefix RootTermCovItemPrefix="game.GameBoard.java">
<AssgnmntListEntry Length="1" RootTermCovItemId="C12">
<MapEntry BoolAssgnmnt="0" Value="5"/>
</AssgnmntListEntry>
<AssgnmntListEntry Length="1" RootTermCovItemId="C13">
<MapEntry BoolAssgnmnt="1" Value="5"/>
</AssgnmntListEntry>
<AssgnmntListEntry Length="1" RootTermCovItemId="C14">
<MapEntry BoolAssgnmnt="0" Value="2"/>
<MapEntry BoolAssgnmnt="1" Value="3"/>
</AssgnmntListEntry>
<AssgnmntListEntry Length="1" RootTermCovItemId="C15">
<MapEntry BoolAssgnmnt="1" Value="5"/>
</AssgnmntListEntry>
<AssgnmntListEntry Length="1" RootTermCovItemId="C16">
<MapEntry BoolAssgnmnt="0" Value="3"/>
<MapEntry BoolAssgnmnt="1" Value="2"/>
</AssgnmntListEntry>
<AssgnmntListEntry Length="1" RootTermCovItemId="C17">
<MapEntry BoolAssgnmnt="1" Value="5"/>
</AssgnmntListEntry>
<AssgnmntListEntry Length="1" RootTermCovItemId="C18">
<MapEntry BoolAssgnmnt="0" Value="5"/>
</AssgnmntListEntry>
<AssgnmntListEntry Length="1" RootTermCovItemId="C19">
<MapEntry BoolAssgnmnt="1" Value="5"/>
</AssgnmntListEntry>
<AssgnmntListEntry Length="1" RootTermCovItemId="C20">
<MapEntry BoolAssgnmnt="0" Value="4"/>
<MapEntry BoolAssgnmnt="1" Value="1"/>
</AssgnmntListEntry>
</AssgnmntPrefix>
<AssgnmntPrefix RootTermCovItemPrefix="game.Soldier.java">
<AssgnmntListEntry Length="1" RootTermCovItemId="C1">
<MapEntry BoolAssgnmnt="0" Value="19"/>
<MapEntry BoolAssgnmnt="1" Value="5"/>
</AssgnmntListEntry>
</AssgnmntPrefix>
</AssgnmntList>
<ObjMetaDataList/>
<MetaDataList/>
</TestCase>
<TestCase Comment="" Date="1429893606397" Name="tests.TestGameBoard:testSelectedButtonPressedSameSelectedPiecePressed">
<CovList>
<CovPrefix CovItemPrefix="game.AbstractPiece.java">
<Cov CovItemId="S1" Value="101"/>
<Cov CovItemId="S2" Value="101"/>
<Cov CovItemId="S3" Value="101"/>
<Cov CovItemId="S4" Value="1"/>
<Cov CovItemId="S5" Value="101"/>
<Cov CovItemId="S6" Value="101"/>
</CovPrefix>
<CovPrefix CovItemPrefix="game.ClearPiece.java">
<Cov CovItemId="B4" Value="99"/>
<Cov CovItemId="S1" Value="100"/>
<Cov CovItemId="S2" Value="100"/>
<Cov CovItemId="S5" Value="99"/>
<Cov CovItemId="S7" Value="99"/>
<Cov CovItemId="S8" Value="99"/>
</CovPrefix>
<CovPrefix CovItemPrefix="game.GameBoard.java">
<Cov CovItemId="B11" Value="1"/>
<Cov CovItemId="B9" Value="1"/>
<Cov CovItemId="L5-2" Value="1"/>
<Cov CovItemId="L6-2" Value="10"/>
<Cov CovItemId="S2" Value="1"/>
<Cov CovItemId="S3" Value="1"/>
<Cov CovItemId="S31" Value="101"/>
<Cov CovItemId="S32" Value="101"/>
<Cov CovItemId="S33" Value="101"/>
<Cov CovItemId="S34" Value="101"/>
<Cov CovItemId="S35" Value="101"/>
<Cov CovItemId="S36" Value="101"/>
<Cov CovItemId="S37" Value="101"/>
<Cov CovItemId="S38" Value="101"/>
<Cov CovItemId="S39" Value="101"/>
<Cov CovItemId="S4" Value="1"/>
<Cov CovItemId="S40" Value="101"/>
<Cov CovItemId="S41" Value="1"/>
<Cov CovItemId="S42" Value="1"/>
<Cov CovItemId="S43" Value="1"/>
<Cov CovItemId="S47" Value="1"/>
<Cov CovItemId="S48" Value="10"/>
<Cov CovItemId="S49" Value="100"/>
<Cov CovItemId="S5" Value="1"/>
<Cov CovItemId="S50" Value="1"/>
<Cov CovItemId="S6" Value="1"/>
<Cov CovItemId="S7" Value="1"/>
</CovPrefix>
<CovPrefix CovItemPrefix="game.PieceFactory.java">
<Cov CovItemId="S18" Value="1"/>
<Cov CovItemId="S19" Value="1"/>
<Cov CovItemId="S3" Value="100"/>
</CovPrefix>
<CovPrefix CovItemPrefix="game.Soldier.java">
<Cov CovItemId="B1" Value="1"/>
<Cov CovItemId="B2" Value="2"/>
<Cov CovItemId="S1" Value="1"/>
<Cov CovItemId="S10" Value="1"/>
<Cov CovItemId="S11" Value="2"/>
<Cov CovItemId="S12" Value="3"/>
<Cov CovItemId="S2" Value="1"/>
<Cov CovItemId="S3" Value="1"/>
<Cov CovItemId="S4" Value="1"/>
<Cov CovItemId="S5" Value="1"/>
<Cov CovItemId="S9" Value="3"/>
</CovPrefix>
</CovList>
<AssgnmntList>
<AssgnmntPrefix RootTermCovItemPrefix="game.ClearPiece.java">
<AssgnmntListEntry Length="1" RootTermCovItemId="C2">
<MapEntry BoolAssgnmnt="0" Value="99"/>
</AssgnmntListEntry>
</AssgnmntPrefix>
<AssgnmntPrefix RootTermCovItemPrefix="game.GameBoard.java">
<AssgnmntListEntry Length="1" RootTermCovItemId="C10">
<MapEntry BoolAssgnmnt="1" Value="1"/>
</AssgnmntListEntry>
<AssgnmntListEntry Length="1" RootTermCovItemId="C9">
<MapEntry BoolAssgnmnt="1" Value="1"/>
</AssgnmntListEntry>
</AssgnmntPrefix>
<AssgnmntPrefix RootTermCovItemPrefix="game.Soldier.java">
<AssgnmntListEntry Length="1" RootTermCovItemId="C1">
<MapEntry BoolAssgnmnt="0" Value="2"/>
<MapEntry BoolAssgnmnt="1" Value="1"/>
</AssgnmntListEntry>
</AssgnmntPrefix>
</AssgnmntList>
<ObjMetaDataList/>
<MetaDataList/>
</TestCase>
<TestCase Comment="" Date="1429893606408" Name="tests.TestGameBoard:testNonSelectedButtonPressedYourPiecePressedNonEdge">
<CovList>
<CovPrefix CovItemPrefix="game.AbstractPiece.java">
<Cov CovItemId="S1" Value="101"/>
<Cov CovItemId="S2" Value="101"/>
<Cov CovItemId="S3" Value="101"/>
<Cov CovItemId="S4" Value="5"/>
<Cov CovItemId="S5" Value="101"/>
<Cov CovItemId="S6" Value="101"/>
<Cov CovItemId="S7" Value="2"/>
<Cov CovItemId="S8" Value="5"/>
<Cov CovItemId="S9" Value="1"/>
</CovPrefix>
<CovPrefix CovItemPrefix="game.ClearPiece.java">
<Cov CovItemId="B3" Value="4"/>
<Cov CovItemId="B4" Value="99"/>
<Cov CovItemId="S1" Value="100"/>
<Cov CovItemId="S10" Value="4"/>
<Cov CovItemId="S2" Value="100"/>
<Cov CovItemId="S5" Value="103"/>
<Cov CovItemId="S6" Value="4"/>
<Cov CovItemId="S7" Value="99"/>
<Cov CovItemId="S8" Value="103"/>
</CovPrefix>
<CovPrefix CovItemPrefix="game.GameBoard.java">
<Cov CovItemId="B16" Value="1"/>
<Cov CovItemId="B17" Value="1"/>
<Cov CovItemId="B19" Value="1"/>
<Cov CovItemId="B21" Value="1"/>
<Cov CovItemId="B23" Value="1"/>
<Cov CovItemId="B25" Value="1"/>
<Cov CovItemId="B27" Value="1"/>
<Cov CovItemId="B29" Value="1"/>
<Cov CovItemId="B31" Value="1"/>
<Cov CovItemId="L7-2" Value="1"/>
<Cov CovItemId="L8-2" Value="10"/>
<Cov CovItemId="S2" Value="1"/>
<Cov CovItemId="S3" Value="1"/>
<Cov CovItemId="S31" Value="101"/>
<Cov CovItemId="S32" Value="101"/>
<Cov CovItemId="S33" Value="101"/>
<Cov CovItemId="S34" Value="101"/>
<Cov CovItemId="S35" Value="101"/>
<Cov CovItemId="S36" Value="101"/>
<Cov CovItemId="S37" Value="101"/>
<Cov CovItemId="S38" Value="101"/>
<Cov CovItemId="S39" Value="101"/>
<Cov CovItemId="S4" Value="1"/>
<Cov CovItemId="S40" Value="101"/>
<Cov CovItemId="S5" Value="1"/>
<Cov CovItemId="S52" Value="1"/>
<Cov CovItemId="S53" Value="10"/>
<Cov CovItemId="S54" Value="100"/>
<Cov CovItemId="S55" Value="1"/>
<Cov CovItemId="S56" Value="1"/>
<Cov CovItemId="S58" Value="1"/>
<Cov CovItemId="S59" Value="1"/>
<Cov CovItemId="S6" Value="1"/>
<Cov CovItemId="S60" Value="1"/>
<Cov CovItemId="S61" Value="1"/>
<Cov CovItemId="S62" Value="1"/>
<Cov CovItemId="S63" Value="1"/>
<Cov CovItemId="S64" Value="1"/>
<Cov CovItemId="S65" Value="1"/>
<Cov CovItemId="S66" Value="1"/>
<Cov CovItemId="S67" Value="1"/>
<Cov CovItemId="S68" Value="1"/>
<Cov CovItemId="S69" Value="1"/>
<Cov CovItemId="S7" Value="1"/>
<Cov CovItemId="S70" Value="1"/>
<Cov CovItemId="S71" Value="1"/>
<Cov CovItemId="S72" Value="1"/>
<Cov CovItemId="S73" Value="1"/>
<Cov CovItemId="S74" Value="1"/>
<Cov CovItemId="S75" Value="1"/>
<Cov CovItemId="S76" Value="1"/>
<Cov CovItemId="S77" Value="1"/>
</CovPrefix>
<CovPrefix CovItemPrefix="game.PieceFactory.java">
<Cov CovItemId="S22" Value="1"/>
<Cov CovItemId="S23" Value="1"/>
<Cov CovItemId="S3" Value="100"/>
</CovPrefix>
<CovPrefix CovItemPrefix="game.Soldier.java">
<Cov CovItemId="B1" Value="1"/>
<Cov CovItemId="B2" Value="1"/>
<Cov CovItemId="S1" Value="1"/>
<Cov CovItemId="S10" Value="1"/>
<Cov CovItemId="S11" Value="1"/>
<Cov CovItemId="S12" Value="2"/>
<Cov CovItemId="S2" Value="1"/>
<Cov CovItemId="S3" Value="1"/>
<Cov CovItemId="S4" Value="1"/>
<Cov CovItemId="S5" Value="1"/>
<Cov CovItemId="S9" Value="2"/>
</CovPrefix>
</CovList>
<AssgnmntList>
<AssgnmntPrefix RootTermCovItemPrefix="game.ClearPiece.java">
<AssgnmntListEntry Length="1" RootTermCovItemId="C2">
<MapEntry BoolAssgnmnt="0" Value="99"/>
<MapEntry BoolAssgnmnt="1" Value="4"/>
</AssgnmntListEntry>
</AssgnmntPrefix>
<AssgnmntPrefix RootTermCovItemPrefix="game.GameBoard.java">
<AssgnmntListEntry Length="1" RootTermCovItemId="C12">
<MapEntry BoolAssgnmnt="0" Value="1"/>
</AssgnmntListEntry>
<AssgnmntListEntry Length="1" RootTermCovItemId="C13">
<MapEntry BoolAssgnmnt="1" Value="1"/>
</AssgnmntListEntry>
<AssgnmntListEntry Length="1" RootTermCovItemId="C14">
<MapEntry BoolAssgnmnt="1" Value="1"/>
</AssgnmntListEntry>
<AssgnmntListEntry Length="1" RootTermCovItemId="C15">
<MapEntry BoolAssgnmnt="1" Value="1"/>
</AssgnmntListEntry>
<AssgnmntListEntry Length="1" RootTermCovItemId="C16">
<MapEntry BoolAssgnmnt="1" Value="1"/>
</AssgnmntListEntry>
<AssgnmntListEntry Length="1" RootTermCovItemId="C17">
<MapEntry BoolAssgnmnt="1" Value="1"/>
</AssgnmntListEntry>
<AssgnmntListEntry Length="1" RootTermCovItemId="C18">
<MapEntry BoolAssgnmnt="1" Value="1"/>
</AssgnmntListEntry>
<AssgnmntListEntry Length="1" RootTermCovItemId="C19">
<MapEntry BoolAssgnmnt="1" Value="1"/>
</AssgnmntListEntry>
<AssgnmntListEntry Length="1" RootTermCovItemId="C20">
<MapEntry BoolAssgnmnt="1" Value="1"/>
</AssgnmntListEntry>
</AssgnmntPrefix>
<AssgnmntPrefix RootTermCovItemPrefix="game.Soldier.java">
<AssgnmntListEntry Length="1" RootTermCovItemId="C1">
<MapEntry BoolAssgnmnt="0" Value="1"/>
<MapEntry BoolAssgnmnt="1" Value="1"/>
</AssgnmntListEntry>
</AssgnmntPrefix>
</AssgnmntList>
<ObjMetaDataList/>
<MetaDataList/>
</TestCase>
<TestCase Comment="" Date="1429893606418" Name="tests.TestGameBoard:testNonSelectedButtonPressedClearPiecePressed">
<CovList>
<CovPrefix CovItemPrefix="game.AbstractPiece.java">
<Cov CovItemId="S1" Value="101"/>
<Cov CovItemId="S2" Value="101"/>
<Cov CovItemId="S3" Value="101"/>
<Cov CovItemId="S4" Value="1"/>
<Cov CovItemId="S5" Value="101"/>
<Cov CovItemId="S6" Value="101"/>
</CovPrefix>
<CovPrefix CovItemPrefix="game.ClearPiece.java">
<Cov CovItemId="B4" Value="100"/>
<Cov CovItemId="S1" Value="101"/>
<Cov CovItemId="S10" Value="1"/>
<Cov CovItemId="S2" Value="101"/>
<Cov CovItemId="S5" Value="100"/>
<Cov CovItemId="S7" Value="100"/>
<Cov CovItemId="S8" Value="100"/>
</CovPrefix>
<CovPrefix CovItemPrefix="game.GameBoard.java">
<Cov CovItemId="B15" Value="1"/>
<Cov CovItemId="L7-2" Value="1"/>
<Cov CovItemId="L8-2" Value="10"/>
<Cov CovItemId="S2" Value="1"/>
<Cov CovItemId="S3" Value="1"/>
<Cov CovItemId="S31" Value="101"/>
<Cov CovItemId="S32" Value="101"/>
<Cov CovItemId="S33" Value="101"/>
<Cov CovItemId="S34" Value="101"/>
<Cov CovItemId="S35" Value="101"/>
<Cov CovItemId="S36" Value="101"/>
<Cov CovItemId="S37" Value="101"/>
<Cov CovItemId="S38" Value="101"/>
<Cov CovItemId="S39" Value="101"/>
<Cov CovItemId="S4" Value="1"/>
<Cov CovItemId="S40" Value="101"/>
<Cov CovItemId="S5" Value="1"/>
<Cov CovItemId="S52" Value="1"/>
<Cov CovItemId="S53" Value="10"/>
<Cov CovItemId="S54" Value="100"/>
<Cov CovItemId="S55" Value="1"/>
<Cov CovItemId="S56" Value="1"/>
<Cov CovItemId="S57" Value="1"/>
<Cov CovItemId="S6" Value="1"/>
<Cov CovItemId="S7" Value="1"/>
</CovPrefix>
<CovPrefix CovItemPrefix="game.PieceFactory.java">
<Cov CovItemId="S3" Value="101"/>
</CovPrefix>
</CovList>
<AssgnmntList>
<AssgnmntPrefix RootTermCovItemPrefix="game.ClearPiece.java">
<AssgnmntListEntry Length="1" RootTermCovItemId="C2">
<MapEntry BoolAssgnmnt="0" Value="100"/>
</AssgnmntListEntry>
</AssgnmntPrefix>
<AssgnmntPrefix RootTermCovItemPrefix="game.GameBoard.java">
<AssgnmntListEntry Length="1" RootTermCovItemId="C12">
<MapEntry BoolAssgnmnt="1" Value="1"/>
</AssgnmntListEntry>
</AssgnmntPrefix>
</AssgnmntList>
<ObjMetaDataList/>
<MetaDataList/>
</TestCase>
<TestCase Comment="" Date="1429893606429" Name="tests.TestGameBoard:testAddPieceMethod">
<CovList>
<CovPrefix CovItemPrefix="game.AbstractPiece.java">
<Cov CovItemId="S1" Value="101"/>
<Cov CovItemId="S2" Value="101"/>
<Cov CovItemId="S3" Value="101"/>
<Cov CovItemId="S5" Value="101"/>
<Cov CovItemId="S6" Value="101"/>
</CovPrefix>
<CovPrefix CovItemPrefix="game.Bomb.java">
<Cov CovItemId="S1" Value="1"/>
<Cov CovItemId="S2" Value="1"/>
<Cov CovItemId="S3" Value="1"/>
<Cov CovItemId="S4" Value="1"/>
<Cov CovItemId="S5" Value="1"/>
</CovPrefix>
<CovPrefix CovItemPrefix="game.ClearPiece.java">
<Cov CovItemId="S1" Value="100"/>
<Cov CovItemId="S2" Value="100"/>
</CovPrefix>
<CovPrefix CovItemPrefix="game.GameBoard.java">
<Cov CovItemId="S2" Value="1"/>
<Cov CovItemId="S3" Value="1"/>
<Cov CovItemId="S31" Value="101"/>
<Cov CovItemId="S32" Value="101"/>
<Cov CovItemId="S33" Value="101"/>
<Cov CovItemId="S34" Value="101"/>
<Cov CovItemId="S35" Value="101"/>
<Cov CovItemId="S36" Value="101"/>
<Cov CovItemId="S37" Value="101"/>
<Cov CovItemId="S38" Value="101"/>
<Cov CovItemId="S39" Value="101"/>
<Cov CovItemId="S4" Value="1"/>
<Cov CovItemId="S40" Value="101"/>
<Cov CovItemId="S5" Value="1"/>
<Cov CovItemId="S6" Value="1"/>
<Cov CovItemId="S7" Value="1"/>
</CovPrefix>
<CovPrefix CovItemPrefix="game.PieceFactory.java">
<Cov CovItemId="S1" Value="1"/>
<Cov CovItemId="S2" Value="1"/>
<Cov CovItemId="S3" Value="100"/>
</CovPrefix>
</CovList>
<AssgnmntList/>
<ObjMetaDataList/>
<MetaDataList/>
</TestCase>
<TestCase Comment="" Date="1429893606437" Name="tests.TestGameBoard:testSelectedButtonPressedEnemyPiecePressed">
<CovList>
<CovPrefix CovItemPrefix="game.AbstractPiece.java">
<Cov CovItemId="S1" Value="103"/>
<Cov CovItemId="S2" Value="103"/>
<Cov CovItemId="S3" Value="103"/>
<Cov CovItemId="S4" Value="1"/>
<Cov CovItemId="S5" Value="103"/>
<Cov CovItemId="S6" Value="107"/>
<Cov CovItemId="S7" Value="6"/>
<Cov CovItemId="S8" Value="6"/>
<Cov CovItemId="S9" Value="2"/>
</CovPrefix>
<CovPrefix CovItemPrefix="game.ClearPiece.java">
<Cov CovItemId="B4" Value="99"/>
<Cov CovItemId="S1" Value="101"/>
<Cov CovItemId="S2" Value="101"/>
<Cov CovItemId="S5" Value="99"/>
<Cov CovItemId="S7" Value="99"/>
<Cov CovItemId="S8" Value="99"/>
</CovPrefix>
<CovPrefix CovItemPrefix="game.GameBoard.java">
<Cov CovItemId="B12" Value="1"/>
<Cov CovItemId="B13" Value="1"/>
<Cov CovItemId="B34" Value="1"/>
<Cov CovItemId="B38" Value="1"/>
<Cov CovItemId="B40" Value="1"/>
<Cov CovItemId="B41" Value="1"/>
<Cov CovItemId="B9" Value="1"/>
<Cov CovItemId="L5-2" Value="1"/>
<Cov CovItemId="L6-2" Value="10"/>
<Cov CovItemId="S104" Value="1"/>
<Cov CovItemId="S108" Value="1"/>
<Cov CovItemId="S111" Value="1"/>
<Cov CovItemId="S112" Value="1"/>
<Cov CovItemId="S113" Value="1"/>
<Cov CovItemId="S114" Value="1"/>
<Cov CovItemId="S123" Value="1"/>
<Cov CovItemId="S124" Value="1"/>
<Cov CovItemId="S125" Value="1"/>
<Cov CovItemId="S126" Value="1"/>
<Cov CovItemId="S127" Value="1"/>
<Cov CovItemId="S128" Value="1"/>
<Cov CovItemId="S129" Value="1"/>
<Cov CovItemId="S130" Value="1"/>
<Cov CovItemId="S131" Value="1"/>
<Cov CovItemId="S132" Value="1"/>
<Cov CovItemId="S133" Value="1"/>
<Cov CovItemId="S134" Value="1"/>
<Cov CovItemId="S135" Value="1"/>
<Cov CovItemId="S136" Value="1"/>
<Cov CovItemId="S137" Value="1"/>
<Cov CovItemId="S138" Value="1"/>
<Cov CovItemId="S2" Value="1"/>
<Cov CovItemId="S3" Value="1"/>
<Cov CovItemId="S31" Value="102"/>
<Cov CovItemId="S32" Value="102"/>
<Cov CovItemId="S33" Value="102"/>
<Cov CovItemId="S34" Value="102"/>
<Cov CovItemId="S35" Value="102"/>
<Cov CovItemId="S36" Value="102"/>
<Cov CovItemId="S37" Value="102"/>
<Cov CovItemId="S38" Value="102"/>
<Cov CovItemId="S39" Value="102"/>
<Cov CovItemId="S4" Value="1"/>
<Cov CovItemId="S40" Value="102"/>
<Cov CovItemId="S41" Value="1"/>
<Cov CovItemId="S42" Value="1"/>
<Cov CovItemId="S44" Value="1"/>
<Cov CovItemId="S45" Value="1"/>
<Cov CovItemId="S47" Value="1"/>
<Cov CovItemId="S48" Value="10"/>
<Cov CovItemId="S49" Value="100"/>
<Cov CovItemId="S5" Value="1"/>
<Cov CovItemId="S50" Value="1"/>
<Cov CovItemId="S51" Value="1"/>
<Cov CovItemId="S6" Value="1"/>
<Cov CovItemId="S7" Value="1"/>
<Cov CovItemId="S78" Value="1"/>
<Cov CovItemId="S79" Value="1"/>
<Cov CovItemId="S80" Value="1"/>
<Cov CovItemId="S81" Value="1"/>
<Cov CovItemId="S82" Value="1"/>
<Cov CovItemId="S83" Value="1"/>
<Cov CovItemId="S84" Value="1"/>
<Cov CovItemId="S85" Value="1"/>
<Cov CovItemId="S86" Value="1"/>
<Cov CovItemId="S87" Value="1"/>
<Cov CovItemId="S88" Value="1"/>
<Cov CovItemId="S89" Value="1"/>
<Cov CovItemId="S90" Value="1"/>
<Cov CovItemId="S91" Value="1"/>
<Cov CovItemId="S92" Value="1"/>
<Cov CovItemId="S93" Value="1"/>
<Cov CovItemId="S94" Value="1"/>
<Cov CovItemId="S95" Value="1"/>
<Cov CovItemId="S96" Value="1"/>
</CovPrefix>
<CovPrefix CovItemPrefix="game.PieceFactory.java">
<Cov CovItemId="S18" Value="1"/>
<Cov CovItemId="S19" Value="1"/>
<Cov CovItemId="S24" Value="1"/>
<Cov CovItemId="S25" Value="1"/>
<Cov CovItemId="S3" Value="100"/>
</CovPrefix>
<CovPrefix CovItemPrefix="game.Soldier.java">
<Cov CovItemId="B1" Value="1"/>
<Cov CovItemId="B2" Value="1"/>
<Cov CovItemId="S1" Value="2"/>
<Cov CovItemId="S10" Value="1"/>
<Cov CovItemId="S11" Value="1"/>
<Cov CovItemId="S12" Value="2"/>
<Cov CovItemId="S2" Value="2"/>
<Cov CovItemId="S3" Value="2"/>
<Cov CovItemId="S4" Value="2"/>
<Cov CovItemId="S5" Value="2"/>
<Cov CovItemId="S9" Value="2"/>
</CovPrefix>
</CovList>
<AssgnmntList>
<AssgnmntPrefix RootTermCovItemPrefix="game.ClearPiece.java">
<AssgnmntListEntry Length="1" RootTermCovItemId="C2">
<MapEntry BoolAssgnmnt="0" Value="99"/>
</AssgnmntListEntry>
</AssgnmntPrefix>
<AssgnmntPrefix RootTermCovItemPrefix="game.GameBoard.java">
<AssgnmntListEntry Length="1" RootTermCovItemId="C10">
<MapEntry BoolAssgnmnt="0" Value="1"/>
</AssgnmntListEntry>
<AssgnmntListEntry Length="1" RootTermCovItemId="C11">
<MapEntry BoolAssgnmnt="1" Value="1"/>
</AssgnmntListEntry>
<AssgnmntListEntry Length="1" RootTermCovItemId="C21">
<MapEntry BoolAssgnmnt="0" Value="1"/>
</AssgnmntListEntry>
<AssgnmntListEntry Length="1" RootTermCovItemId="C23">
<MapEntry BoolAssgnmnt="0" Value="1"/>
</AssgnmntListEntry>
<AssgnmntListEntry Length="2" RootTermCovItemId="C24">
<MapEntry BoolAssgnmnt="02" Value="1"/>
</AssgnmntListEntry>
<AssgnmntListEntry Length="1" RootTermCovItemId="C25">
<MapEntry BoolAssgnmnt="1" Value="1"/>
</AssgnmntListEntry>
<AssgnmntListEntry Length="1" RootTermCovItemId="C9">
<MapEntry BoolAssgnmnt="1" Value="1"/>
</AssgnmntListEntry>
</AssgnmntPrefix>
<AssgnmntPrefix RootTermCovItemPrefix="game.Soldier.java">
<AssgnmntListEntry Length="1" RootTermCovItemId="C1">
<MapEntry BoolAssgnmnt="0" Value="1"/>
<MapEntry BoolAssgnmnt="1" Value="1"/>
</AssgnmntListEntry>
</AssgnmntPrefix>
</AssgnmntList>
<ObjMetaDataList/>
<MetaDataList/>
</TestCase>
<TestCase Comment="" Date="1429893606448" Name="tests.TestGameBoard:testSelectedButtonPressedNoSelectedPiece">
<CovList>
<CovPrefix CovItemPrefix="game.AbstractPiece.java">
<Cov CovItemId="S1" Value="101"/>
<Cov CovItemId="S2" Value="101"/>
<Cov CovItemId="S3" Value="101"/>
<Cov CovItemId="S4" Value="1"/>
<Cov CovItemId="S5" Value="101"/>
<Cov CovItemId="S6" Value="101"/>
</CovPrefix>
<CovPrefix CovItemPrefix="game.ClearPiece.java">
<Cov CovItemId="B4" Value="99"/>
<Cov CovItemId="S1" Value="100"/>
<Cov CovItemId="S2" Value="100"/>
<Cov CovItemId="S5" Value="99"/>
<Cov CovItemId="S7" Value="99"/>
<Cov CovItemId="S8" Value="99"/>
</CovPrefix>
<CovPrefix CovItemPrefix="game.GameBoard.java">
<Cov CovItemId="B10" Value="1"/>
<Cov CovItemId="L5-2" Value="1"/>
<Cov CovItemId="L6-2" Value="10"/>
<Cov CovItemId="S2" Value="1"/>
<Cov CovItemId="S3" Value="1"/>
<Cov CovItemId="S31" Value="101"/>
<Cov CovItemId="S32" Value="101"/>
<Cov CovItemId="S33" Value="101"/>
<Cov CovItemId="S34" Value="101"/>
<Cov CovItemId="S35" Value="101"/>
<Cov CovItemId="S36" Value="101"/>
<Cov CovItemId="S37" Value="101"/>
<Cov CovItemId="S38" Value="101"/>
<Cov CovItemId="S39" Value="101"/>
<Cov CovItemId="S4" Value="1"/>
<Cov CovItemId="S40" Value="101"/>
<Cov CovItemId="S41" Value="1"/>
<Cov CovItemId="S47" Value="1"/>
<Cov CovItemId="S48" Value="10"/>
<Cov CovItemId="S49" Value="100"/>
<Cov CovItemId="S5" Value="1"/>
<Cov CovItemId="S50" Value="1"/>
<Cov CovItemId="S6" Value="1"/>
<Cov CovItemId="S7" Value="1"/>
</CovPrefix>
<CovPrefix CovItemPrefix="game.PieceFactory.java">
<Cov CovItemId="S18" Value="1"/>
<Cov CovItemId="S19" Value="1"/>
<Cov CovItemId="S3" Value="100"/>
</CovPrefix>
<CovPrefix CovItemPrefix="game.Soldier.java">
<Cov CovItemId="B1" Value="1"/>
<Cov CovItemId="B2" Value="1"/>
<Cov CovItemId="S1" Value="1"/>
<Cov CovItemId="S10" Value="1"/>
<Cov CovItemId="S11" Value="1"/>
<Cov CovItemId="S12" Value="2"/>
<Cov CovItemId="S2" Value="1"/>
<Cov CovItemId="S3" Value="1"/>
<Cov CovItemId="S4" Value="1"/>
<Cov CovItemId="S5" Value="1"/>
<Cov CovItemId="S9" Value="2"/>
</CovPrefix>
</CovList>
<AssgnmntList>
<AssgnmntPrefix RootTermCovItemPrefix="game.ClearPiece.java">
<AssgnmntListEntry Length="1" RootTermCovItemId="C2">
<MapEntry BoolAssgnmnt="0" Value="99"/>
</AssgnmntListEntry>
</AssgnmntPrefix>
<AssgnmntPrefix RootTermCovItemPrefix="game.GameBoard.java">
<AssgnmntListEntry Length="1" RootTermCovItemId="C9">
<MapEntry BoolAssgnmnt="0" Value="1"/>
</AssgnmntListEntry>
</AssgnmntPrefix>
<AssgnmntPrefix RootTermCovItemPrefix="game.Soldier.java">
<AssgnmntListEntry Length="1" RootTermCovItemId="C1">
<MapEntry BoolAssgnmnt="0" Value="1"/>
<MapEntry BoolAssgnmnt="1" Value="1"/>
</AssgnmntListEntry>
</AssgnmntPrefix>
</AssgnmntList>
<ObjMetaDataList/>
<MetaDataList/>
</TestCase>
<TestCase Comment="" Date="1429893606458" Name="tests.TestPlayerBoard:testConstruction">
<CovList>
<CovPrefix CovItemPrefix="game.AbstractPiece.java">
<Cov CovItemId="S1" Value="112"/>
<Cov CovItemId="S2" Value="112"/>
<Cov CovItemId="S3" Value="112"/>
<Cov CovItemId="S5" Value="112"/>
<Cov CovItemId="S6" Value="112"/>
<Cov CovItemId="S8" Value="10"/>
<Cov CovItemId="S9" Value="12"/>
</CovPrefix>
<CovPrefix CovItemPrefix="game.Bomb.java">
<Cov CovItemId="S1" Value="2"/>
<Cov CovItemId="S2" Value="2"/>
<Cov CovItemId="S3" Value="2"/>
<Cov CovItemId="S4" Value="2"/>
<Cov CovItemId="S5" Value="2"/>
</CovPrefix>
<CovPrefix CovItemPrefix="game.ClearPiece.java">
<Cov CovItemId="S1" Value="100"/>
<Cov CovItemId="S2" Value="100"/>
</CovPrefix>
<CovPrefix CovItemPrefix="game.GameBoard.java">
<Cov CovItemId="B1" Value="5"/>
<Cov CovItemId="B2" Value="5"/>
<Cov CovItemId="B3" Value="5"/>
<Cov CovItemId="B4" Value="5"/>
<Cov CovItemId="B5" Value="1"/>
<Cov CovItemId="B6" Value="1"/>
<Cov CovItemId="B7" Value="1"/>
<Cov CovItemId="B8" Value="1"/>
<Cov CovItemId="L1-2" Value="1"/>
<Cov CovItemId="L2-2" Value="10"/>
<Cov CovItemId="L3-2" Value="1"/>
<Cov CovItemId="L4-2" Value="1"/>
<Cov CovItemId="S10" Value="100"/>
<Cov CovItemId="S11" Value="100"/>
<Cov CovItemId="S12" Value="1"/>
<Cov CovItemId="S13" Value="10"/>
<Cov CovItemId="S14" Value="10"/>
<Cov CovItemId="S15" Value="5"/>
<Cov CovItemId="S16" Value="5"/>
<Cov CovItemId="S17" Value="10"/>
<Cov CovItemId="S18" Value="5"/>
<Cov CovItemId="S19" Value="10"/>
<Cov CovItemId="S2" Value="1"/>
<Cov CovItemId="S20" Value="10"/>
<Cov CovItemId="S21" Value="1"/>
<Cov CovItemId="S22" Value="2"/>
<Cov CovItemId="S23" Value="2"/>
<Cov CovItemId="S24" Value="2"/>
<Cov CovItemId="S25" Value="1"/>
<Cov CovItemId="S26" Value="1"/>
<Cov CovItemId="S27" Value="2"/>
<Cov CovItemId="S28" Value="1"/>
<Cov CovItemId="S29" Value="2"/>
<Cov CovItemId="S3" Value="1"/>
<Cov CovItemId="S30" Value="2"/>
<Cov CovItemId="S31" Value="112"/>
<Cov CovItemId="S32" Value="112"/>
<Cov CovItemId="S33" Value="112"/>
<Cov CovItemId="S34" Value="112"/>
<Cov CovItemId="S35" Value="112"/>
<Cov CovItemId="S36" Value="112"/>
<Cov CovItemId="S37" Value="112"/>
<Cov CovItemId="S38" Value="112"/>
<Cov CovItemId="S39" Value="112"/>
<Cov CovItemId="S4" Value="1"/>
<Cov CovItemId="S40" Value="112"/>
<Cov CovItemId="S5" Value="1"/>
<Cov CovItemId="S6" Value="1"/>
<Cov CovItemId="S7" Value="1"/>
<Cov CovItemId="S8" Value="1"/>
<Cov CovItemId="S9" Value="10"/>
</CovPrefix>
<CovPrefix CovItemPrefix="game.PieceFactory.java">
<Cov CovItemId="S18" Value="10"/>
<Cov CovItemId="S19" Value="10"/>
<Cov CovItemId="S3" Value="100"/>
</CovPrefix>
<CovPrefix CovItemPrefix="game.PlayerBoard.java">
<Cov CovItemId="S1" Value="1"/>
<Cov CovItemId="S10" Value="2"/>
<Cov CovItemId="S11" Value="1"/>
<Cov CovItemId="S2" Value="1"/>
<Cov CovItemId="S3" Value="1"/>
<Cov CovItemId="S4" Value="1"/>
<Cov CovItemId="S5" Value="1"/>
<Cov CovItemId="S6" Value="1"/>
<Cov CovItemId="S7" Value="1"/>
<Cov CovItemId="S8" Value="1"/>
<Cov CovItemId="S9" Value="1"/>
</CovPrefix>
<CovPrefix CovItemPrefix="game.Soldier.java">
<Cov CovItemId="S1" Value="10"/>
<Cov CovItemId="S2" Value="10"/>
<Cov CovItemId="S3" Value="10"/>
<Cov CovItemId="S4" Value="10"/>
<Cov CovItemId="S5" Value="10"/>
</CovPrefix>
</CovList>
<AssgnmntList>
<AssgnmntPrefix RootTermCovItemPrefix="game.GameBoard.java">
<AssgnmntListEntry Length="1" RootTermCovItemId="C1">
<MapEntry BoolAssgnmnt="0" Value="1"/>
<MapEntry BoolAssgnmnt="1" Value="10"/>
</AssgnmntListEntry>
<AssgnmntListEntry Length="1" RootTermCovItemId="C2">
<MapEntry BoolAssgnmnt="0" Value="10"/>
<MapEntry BoolAssgnmnt="1" Value="100"/>
</AssgnmntListEntry>
<AssgnmntListEntry Length="1" RootTermCovItemId="C3">
<MapEntry BoolAssgnmnt="0" Value="1"/>
<MapEntry BoolAssgnmnt="1" Value="10"/>
</AssgnmntListEntry>
<AssgnmntListEntry Length="1" RootTermCovItemId="C4">
<MapEntry BoolAssgnmnt="0" Value="5"/>
<MapEntry BoolAssgnmnt="1" Value="5"/>
</AssgnmntListEntry>
<AssgnmntListEntry Length="1" RootTermCovItemId="C5">
<MapEntry BoolAssgnmnt="0" Value="5"/>
<MapEntry BoolAssgnmnt="1" Value="5"/>
</AssgnmntListEntry>
<AssgnmntListEntry Length="1" RootTermCovItemId="C6">
<MapEntry BoolAssgnmnt="0" Value="1"/>
<MapEntry BoolAssgnmnt="1" Value="2"/>
</AssgnmntListEntry>
<AssgnmntListEntry Length="1" RootTermCovItemId="C7">
<MapEntry BoolAssgnmnt="0" Value="1"/>
<MapEntry BoolAssgnmnt="1" Value="1"/>
</AssgnmntListEntry>
<AssgnmntListEntry Length="1" RootTermCovItemId="C8">
<MapEntry BoolAssgnmnt="0" Value="1"/>
<MapEntry BoolAssgnmnt="1" Value="1"/>
</AssgnmntListEntry>
</AssgnmntPrefix>
</AssgnmntList>
<ObjMetaDataList/>
<MetaDataList/>
</TestCase>
<MetaDataList/>
</TestSession>
</TestSessionContainer>
